# gmm-latgen-faster --max-active=7000 --beam=13.0 --lattice-beam=6.0 --acoustic-scale=0.083333 --allow-partial=true --word-symbol-table=exp_FG/tri_8_2000/graph/words.txt exp_FG/tri_8_2000/final.mdl exp_FG/tri_8_2000/graph/HCLG.fst "ark,s,cs:apply-cmvn  --utt2spk=ark:data/test/split2/2/utt2spk scp:data/test/split2/2/cmvn.scp scp:data/test/split2/2/feats.scp ark:- | add-deltas  ark:- ark:- |" "ark:|gzip -c > exp_FG/tri_8_2000/decode/lat.2.gz" 
# Started at Mon Jul  8 11:10:58 IST 2024
#
gmm-latgen-faster --max-active=7000 --beam=13.0 --lattice-beam=6.0 --acoustic-scale=0.083333 --allow-partial=true --word-symbol-table=exp_FG/tri_8_2000/graph/words.txt exp_FG/tri_8_2000/final.mdl exp_FG/tri_8_2000/graph/HCLG.fst 'ark,s,cs:apply-cmvn  --utt2spk=ark:data/test/split2/2/utt2spk scp:data/test/split2/2/cmvn.scp scp:data/test/split2/2/feats.scp ark:- | add-deltas  ark:- ark:- |' 'ark:|gzip -c > exp_FG/tri_8_2000/decode/lat.2.gz' 
apply-cmvn --utt2spk=ark:data/test/split2/2/utt2spk scp:data/test/split2/2/cmvn.scp scp:data/test/split2/2/feats.scp ark:- 
add-deltas ark:- ark:- 
MPK293 guruwai sisxyan wanxangginaan 
LOG (gmm-latgen-faster[5.5.1139~1-67548]:DecodeUtteranceLatticeFaster():decoder-wrappers.cc:375) Log-like per frame for utterance MPK293 is -7.83864 over 400 frames.
MPK294 siikkiram keetxpadeu sey 
LOG (gmm-latgen-faster[5.5.1139~1-67548]:DecodeUtteranceLatticeFaster():decoder-wrappers.cc:375) Log-like per frame for utterance MPK294 is -8.01171 over 350 frames.
MPK295 siikkiram arunddeu amaraadee 
LOG (gmm-latgen-faster[5.5.1139~1-67548]:DecodeUtteranceLatticeFaster():decoder-wrappers.cc:375) Log-like per frame for utterance MPK295 is -8.20478 over 361 frames.
MPK296 eerikkeu izhuppadeu selutteu seyyum awan 
LOG (gmm-latgen-faster[5.5.1139~1-67548]:DecodeUtteranceLatticeFaster():decoder-wrappers.cc:375) Log-like per frame for utterance MPK296 is -8.09851 over 459 frames.
MPK297 uccam arxinddeu seyalpadxeu 
LOG (gmm-latgen-faster[5.5.1139~1-67548]:DecodeUtteranceLatticeFaster():decoder-wrappers.cc:375) Log-like per frame for utterance MPK297 is -7.8287 over 417 frames.
MPK298 asuran saarxeu idxam 
LOG (gmm-latgen-faster[5.5.1139~1-67548]:DecodeUtteranceLatticeFaster():decoder-wrappers.cc:375) Log-like per frame for utterance MPK298 is -7.9338 over 296 frames.
MPK299 saalaiyil suwaril eenddinaan 
LOG (gmm-latgen-faster[5.5.1139~1-67548]:DecodeUtteranceLatticeFaster():decoder-wrappers.cc:375) Log-like per frame for utterance MPK299 is -7.82367 over 333 frames.
MPK300 selutteu suwaril suwaril karam pinpatxrxeu 
LOG (gmm-latgen-faster[5.5.1139~1-67548]:DecodeUtteranceLatticeFaster():decoder-wrappers.cc:375) Log-like per frame for utterance MPK300 is -8.02254 over 464 frames.
MPK301 sirxeu kuudxi koodxi iiyam 
LOG (gmm-latgen-faster[5.5.1139~1-67548]:DecodeUtteranceLatticeFaster():decoder-wrappers.cc:375) Log-like per frame for utterance MPK301 is -7.83215 over 402 frames.
MPK302 enakkeu njaabaga marxadi unxdxeu 
LOG (gmm-latgen-faster[5.5.1139~1-67548]:DecodeUtteranceLatticeFaster():decoder-wrappers.cc:375) Log-like per frame for utterance MPK302 is -8.01878 over 410 frames.
MPK303 saalaiyil mai kadxai adxaippeu 
LOG (gmm-latgen-faster[5.5.1139~1-67548]:DecodeUtteranceLatticeFaster():decoder-wrappers.cc:375) Log-like per frame for utterance MPK303 is -7.77101 over 409 frames.
MPK304 tanggam otxrxumaiyee wiidxeu arxinddeu sey sey 
LOG (gmm-latgen-faster[5.5.1139~1-67548]:DecodeUtteranceLatticeFaster():decoder-wrappers.cc:375) Log-like per frame for utterance MPK304 is -8.12827 over 459 frames.
MPK305 paartteu waa manxal ndadxitteuk kaatxtxa njaanam teewai 
LOG (gmm-latgen-faster[5.5.1139~1-67548]:DecodeUtteranceLatticeFaster():decoder-wrappers.cc:375) Log-like per frame for utterance MPK305 is -7.99411 over 558 frames.
MPK306 tii puucci sirxuwar alxaweukkeu arunddeu 
LOG (gmm-latgen-faster[5.5.1139~1-67548]:DecodeUtteranceLatticeFaster():decoder-wrappers.cc:375) Log-like per frame for utterance MPK306 is -7.68773 over 452 frames.
MPK307 koosxam eerikkeu tiirweu aanaar 
LOG (gmm-latgen-faster[5.5.1139~1-67548]:DecodeUtteranceLatticeFaster():decoder-wrappers.cc:375) Log-like per frame for utterance MPK307 is -7.93098 over 376 frames.
MPK308 maadattil olxi paartteu 
LOG (gmm-latgen-faster[5.5.1139~1-67548]:DecodeUtteranceLatticeFaster():decoder-wrappers.cc:375) Log-like per frame for utterance MPK308 is -7.71443 over 346 frames.
MPK309 idxam pal puunxdxeu ndalladeu 
LOG (gmm-latgen-faster[5.5.1139~1-67548]:DecodeUtteranceLatticeFaster():decoder-wrappers.cc:375) Log-like per frame for utterance MPK309 is -8.06656 over 390 frames.
MPK310 tusxtxan tusxtxa seyal seywaan 
LOG (gmm-latgen-faster[5.5.1139~1-67548]:DecodeUtteranceLatticeFaster():decoder-wrappers.cc:375) Log-like per frame for utterance MPK310 is -8.11348 over 366 frames.
MPK311 uzhai aajar suudxeu anuppa tolai duuram parxanddadeu 
LOG (gmm-latgen-faster[5.5.1139~1-67548]:DecodeUtteranceLatticeFaster():decoder-wrappers.cc:375) Log-like per frame for utterance MPK311 is -7.94704 over 535 frames.
MPK312 manjjalx tozhil pappadxam gunxam ndirxainddadeu 
LOG (gmm-latgen-faster[5.5.1139~1-67548]:DecodeUtteranceLatticeFaster():decoder-wrappers.cc:375) Log-like per frame for utterance MPK312 is -7.98995 over 416 frames.
MPK313 kutxtxaiyil tanxnxiir teenggiyadeu 
LOG (gmm-latgen-faster[5.5.1139~1-67548]:DecodeUtteranceLatticeFaster():decoder-wrappers.cc:375) Log-like per frame for utterance MPK313 is -7.60019 over 418 frames.
MPK314 toonrxiya puli ndil toonrxuga 
LOG (gmm-latgen-faster[5.5.1139~1-67548]:DecodeUtteranceLatticeFaster():decoder-wrappers.cc:375) Log-like per frame for utterance MPK314 is -7.97021 over 318 frames.
MPK315 toosxattirxkeu parigaaram sey 
LOG (gmm-latgen-faster[5.5.1139~1-67548]:DecodeUtteranceLatticeFaster():decoder-wrappers.cc:375) Log-like per frame for utterance MPK315 is -8.07376 over 349 frames.
MPK316 isxtxam pozhudeu koosxam seyyum aayudam 
LOG (gmm-latgen-faster[5.5.1139~1-67548]:DecodeUtteranceLatticeFaster():decoder-wrappers.cc:375) Log-like per frame for utterance MPK316 is -8.00965 over 392 frames.
MPK317 paambin kanjji kodxiyadeu 
LOG (gmm-latgen-faster[5.5.1139~1-67548]:DecodeUtteranceLatticeFaster():decoder-wrappers.cc:375) Log-like per frame for utterance MPK317 is -7.77307 over 332 frames.
MPK318 inrxeu mazhai inikkum 
LOG (gmm-latgen-faster[5.5.1139~1-67548]:DecodeUtteranceLatticeFaster():decoder-wrappers.cc:375) Log-like per frame for utterance MPK318 is -7.57808 over 332 frames.
MPK319 aadxaiyil biins irunddadeu 
LOG (gmm-latgen-faster[5.5.1139~1-67548]:DecodeUtteranceLatticeFaster():decoder-wrappers.cc:375) Log-like per frame for utterance MPK319 is -7.68616 over 383 frames.
MPK320 pagal ezheu isxtxam kurxi ndaadxeu 
LOG (gmm-latgen-faster[5.5.1139~1-67548]:DecodeUtteranceLatticeFaster():decoder-wrappers.cc:375) Log-like per frame for utterance MPK320 is -7.92258 over 318 frames.
MPK321 endda ippadxi ndoonjjaanaaga ireukkaan 
LOG (gmm-latgen-faster[5.5.1139~1-67548]:DecodeUtteranceLatticeFaster():decoder-wrappers.cc:375) Log-like per frame for utterance MPK321 is -8.06922 over 411 frames.
MPK322 sey seyyum panggeu mudxiyum enrxeu 
LOG (gmm-latgen-faster[5.5.1139~1-67548]:DecodeUtteranceLatticeFaster():decoder-wrappers.cc:375) Log-like per frame for utterance MPK322 is -7.6338 over 411 frames.
MPK323 ndaatxtxil tanxnxiir panjjam ndilawiyadeu 
LOG (gmm-latgen-faster[5.5.1139~1-67548]:DecodeUtteranceLatticeFaster():decoder-wrappers.cc:375) Log-like per frame for utterance MPK323 is -7.71731 over 425 frames.
MPK324 panjjaayatteu wazhakkeu mudxiweukkeu wanddadeu 
LOG (gmm-latgen-faster[5.5.1139~1-67548]:DecodeUtteranceLatticeFaster():decoder-wrappers.cc:375) Log-like per frame for utterance MPK324 is -7.813 over 395 frames.
MPK325 panjjeu nderuppil karugiyadeu 
LOG (gmm-latgen-faster[5.5.1139~1-67548]:DecodeUtteranceLatticeFaster():decoder-wrappers.cc:375) Log-like per frame for utterance MPK325 is -7.76204 over 337 frames.
MPK326 waay ammaa kal rambam sirxappeu 
LOG (gmm-latgen-faster[5.5.1139~1-67548]:DecodeUtteranceLatticeFaster():decoder-wrappers.cc:375) Log-like per frame for utterance MPK326 is -7.90277 over 423 frames.
MPK327 kari pal inxai singgam kadambam 
LOG (gmm-latgen-faster[5.5.1139~1-67548]:DecodeUtteranceLatticeFaster():decoder-wrappers.cc:375) Log-like per frame for utterance MPK327 is -7.79761 over 349 frames.
MPK328 indda raajaa endda baasxai peesinaar 
LOG (gmm-latgen-faster[5.5.1139~1-67548]:DecodeUtteranceLatticeFaster():decoder-wrappers.cc:375) Log-like per frame for utterance MPK328 is -7.97337 over 399 frames.
MPK329 idxam purusxan balasaali 
LOG (gmm-latgen-faster[5.5.1139~1-67548]:DecodeUtteranceLatticeFaster():decoder-wrappers.cc:375) Log-like per frame for utterance MPK329 is -7.84854 over 304 frames.
MPK330 kuzhi ndilawiyadeu koobam 
LOG (gmm-latgen-faster[5.5.1139~1-67548]:DecodeUtteranceLatticeFaster():decoder-wrappers.cc:375) Log-like per frame for utterance MPK330 is -7.83736 over 354 frames.
MPK331 oreu jenma banddam 
LOG (gmm-latgen-faster[5.5.1139~1-67548]:DecodeUtteranceLatticeFaster():decoder-wrappers.cc:375) Log-like per frame for utterance MPK331 is -8.17138 over 237 frames.
MPK332 inrxeu puujaiyil kalanddeu kulxi 
LOG (gmm-latgen-faster[5.5.1139~1-67548]:DecodeUtteranceLatticeFaster():decoder-wrappers.cc:375) Log-like per frame for utterance MPK332 is -8.33075 over 328 frames.
MPK333 pon porulx paartteu pazhagaadee 
LOG (gmm-latgen-faster[5.5.1139~1-67548]:DecodeUtteranceLatticeFaster():decoder-wrappers.cc:375) Log-like per frame for utterance MPK333 is -8.20602 over 343 frames.
MPK334 uuham banddam pazham ulxlxadeu 
LOG (gmm-latgen-faster[5.5.1139~1-67548]:DecodeUtteranceLatticeFaster():decoder-wrappers.cc:375) Log-like per frame for utterance MPK334 is -7.93246 over 303 frames.
MPK335 otxtxeuk iiyam kurxai 
LOG (gmm-latgen-faster[5.5.1139~1-67548]:DecodeUtteranceLatticeFaster():decoder-wrappers.cc:375) Log-like per frame for utterance MPK335 is -7.83261 over 263 frames.
MPK336 wazhiyaaga taay kariim 
LOG (gmm-latgen-faster[5.5.1139~1-67548]:DecodeUtteranceLatticeFaster():decoder-wrappers.cc:375) Log-like per frame for utterance MPK336 is -8.15419 over 257 frames.
MPK337 taay injji koosxam awan amaraadee 
LOG (gmm-latgen-faster[5.5.1139~1-67548]:DecodeUtteranceLatticeFaster():decoder-wrappers.cc:375) Log-like per frame for utterance MPK337 is -7.99792 over 332 frames.
MPK338 taraadaram anjjali waliyadeu 
LOG (gmm-latgen-faster[5.5.1139~1-67548]:DecodeUtteranceLatticeFaster():decoder-wrappers.cc:375) Log-like per frame for utterance MPK338 is -7.83946 over 304 frames.
MPK339 etxtxeukkaali oreu puucci 
LOG (gmm-latgen-faster[5.5.1139~1-67548]:DecodeUtteranceLatticeFaster():decoder-wrappers.cc:375) Log-like per frame for utterance MPK339 is -7.95461 over 298 frames.
MPK340 maadattil mazhai seewalin malar eenddinaan 
LOG (gmm-latgen-faster[5.5.1139~1-67548]:DecodeUtteranceLatticeFaster():decoder-wrappers.cc:375) Log-like per frame for utterance MPK340 is -7.95714 over 361 frames.
MPK341 inggeu kanxnxeukkeu ndalladeu 
LOG (gmm-latgen-faster[5.5.1139~1-67548]:DecodeUtteranceLatticeFaster():decoder-wrappers.cc:375) Log-like per frame for utterance MPK341 is -7.84658 over 239 frames.
MPK342 muga irunddadeu patxtxam 
LOG (gmm-latgen-faster[5.5.1139~1-67548]:DecodeUtteranceLatticeFaster():decoder-wrappers.cc:375) Log-like per frame for utterance MPK342 is -7.7477 over 291 frames.
MPK343 kodxiyadeu muuladanam poodxa weenxdxum 
LOG (gmm-latgen-faster[5.5.1139~1-67548]:DecodeUtteranceLatticeFaster():decoder-wrappers.cc:375) Log-like per frame for utterance MPK343 is -7.74033 over 408 frames.
MPK344 enxnxey ndil erinddadeu 
LOG (gmm-latgen-faster[5.5.1139~1-67548]:DecodeUtteranceLatticeFaster():decoder-wrappers.cc:375) Log-like per frame for utterance MPK344 is -7.47317 over 298 frames.
MPK345 indda maiyanggalx enggeu ulxlxadeu 
LOG (gmm-latgen-faster[5.5.1139~1-67548]:DecodeUtteranceLatticeFaster():decoder-wrappers.cc:375) Log-like per frame for utterance MPK345 is -7.77872 over 356 frames.
MPK346 maarc kalanddeu raajjiyam weenxdxum 
LOG (gmm-latgen-faster[5.5.1139~1-67548]:DecodeUtteranceLatticeFaster():decoder-wrappers.cc:375) Log-like per frame for utterance MPK346 is -8.04374 over 310 frames.
MPK347 risxikkeu roosxam adigam 
LOG (gmm-latgen-faster[5.5.1139~1-67548]:DecodeUtteranceLatticeFaster():decoder-wrappers.cc:375) Log-like per frame for utterance MPK347 is -8.21816 over 257 frames.
MPK348 anjjal eenddinaan hastam 
LOG (gmm-latgen-faster[5.5.1139~1-67548]:DecodeUtteranceLatticeFaster():decoder-wrappers.cc:375) Log-like per frame for utterance MPK348 is -8.16926 over 255 frames.
MPK349 tuukkam udxaleukkeu ndalladeu 
LOG (gmm-latgen-faster[5.5.1139~1-67548]:DecodeUtteranceLatticeFaster():decoder-wrappers.cc:375) Log-like per frame for utterance MPK349 is -7.98622 over 324 frames.
MPK350 kaasxmiir muga laksxanxam ulxlxa penx 
LOG (gmm-latgen-faster[5.5.1139~1-67548]:DecodeUtteranceLatticeFaster():decoder-wrappers.cc:375) Log-like per frame for utterance MPK350 is -8.20115 over 347 frames.
MPK351 ndiyaayam mozhi walxarcci tarum 
LOG (gmm-latgen-faster[5.5.1139~1-67548]:DecodeUtteranceLatticeFaster():decoder-wrappers.cc:375) Log-like per frame for utterance MPK351 is -8.03139 over 325 frames.
MPK352 wiitxtxil wiseesxam wanddadeu 
LOG (gmm-latgen-faster[5.5.1139~1-67548]:DecodeUtteranceLatticeFaster():decoder-wrappers.cc:375) Log-like per frame for utterance MPK352 is -7.8522 over 382 frames.
MPK353 wandda sisxyan taay kuurxeu 
LOG (gmm-latgen-faster[5.5.1139~1-67548]:DecodeUtteranceLatticeFaster():decoder-wrappers.cc:375) Log-like per frame for utterance MPK353 is -7.95153 over 376 frames.
MPK354 iranxdxeu wiidi tiirweu wazhiyaaga sellum peerunddeu 
LOG (gmm-latgen-faster[5.5.1139~1-67548]:DecodeUtteranceLatticeFaster():decoder-wrappers.cc:375) Log-like per frame for utterance MPK354 is -8.03103 over 466 frames.
MPK355 jadxai pinni weesxam poodxeu 
LOG (gmm-latgen-faster[5.5.1139~1-67548]:DecodeUtteranceLatticeFaster():decoder-wrappers.cc:375) Log-like per frame for utterance MPK355 is -7.85238 over 378 frames.
MPK356 janawari mudal maadam 
LOG (gmm-latgen-faster[5.5.1139~1-67548]:DecodeUtteranceLatticeFaster():decoder-wrappers.cc:375) Log-like per frame for utterance MPK356 is -8.00754 over 318 frames.
MPK357 janamee ndam ndam balam 
LOG (gmm-latgen-faster[5.5.1139~1-67548]:DecodeUtteranceLatticeFaster():decoder-wrappers.cc:375) Log-like per frame for utterance MPK357 is -8.01473 over 255 frames.
MPK358 ndaay kuzhi widiyai padxam paar 
LOG (gmm-latgen-faster[5.5.1139~1-67548]:DecodeUtteranceLatticeFaster():decoder-wrappers.cc:375) Log-like per frame for utterance MPK358 is -8.29059 over 269 frames.
MPK359 karuttaranggam kaatxtxa marunddeu 
LOG (gmm-latgen-faster[5.5.1139~1-67548]:DecodeUtteranceLatticeFaster():decoder-wrappers.cc:375) Log-like per frame for utterance MPK359 is -8.27121 over 317 frames.
MPK360 ndalla appaal irunddaan 
LOG (gmm-latgen-faster[5.5.1139~1-67548]:DecodeUtteranceLatticeFaster():decoder-wrappers.cc:375) Log-like per frame for utterance MPK360 is -7.97607 over 291 frames.
MPK361 raajjiyam kolxlxaadee 
LOG (gmm-latgen-faster[5.5.1139~1-67548]:DecodeUtteranceLatticeFaster():decoder-wrappers.cc:375) Log-like per frame for utterance MPK361 is -7.65546 over 306 frames.
MPK362 hastam pozhudeu eenddeu kanjji tii injji 
LOG (gmm-latgen-faster[5.5.1139~1-67548]:DecodeUtteranceLatticeFaster():decoder-wrappers.cc:375) Log-like per frame for utterance MPK362 is -7.94291 over 396 frames.
MPK363 tinnaadeu eepral mazhai tinggalx 
LOG (gmm-latgen-faster[5.5.1139~1-67548]:DecodeUtteranceLatticeFaster():decoder-wrappers.cc:375) Log-like per frame for utterance MPK363 is -8.03694 over 329 frames.
MPK364 toonxdxiyadeu sanddippeu kuuwum 
LOG (gmm-latgen-faster[5.5.1139~1-67548]:DecodeUtteranceLatticeFaster():decoder-wrappers.cc:375) Log-like per frame for utterance MPK364 is -7.94054 over 309 frames.
MPK365 irunddadeu walxarcci ndaatxtxeu walxarcci 
LOG (gmm-latgen-faster[5.5.1139~1-67548]:DecodeUtteranceLatticeFaster():decoder-wrappers.cc:375) Log-like per frame for utterance MPK365 is -7.9939 over 311 frames.
MPR293 guruwai sisxyan wanxangginaan 
LOG (gmm-latgen-faster[5.5.1139~1-67548]:DecodeUtteranceLatticeFaster():decoder-wrappers.cc:375) Log-like per frame for utterance MPR293 is -7.90982 over 306 frames.
MPR294 siikkiram eerxpaadxeu sey 
LOG (gmm-latgen-faster[5.5.1139~1-67548]:DecodeUtteranceLatticeFaster():decoder-wrappers.cc:375) Log-like per frame for utterance MPR294 is -7.96336 over 218 frames.
MPR295 siirxum paambai ndambaadee 
LOG (gmm-latgen-faster[5.5.1139~1-67548]:DecodeUtteranceLatticeFaster():decoder-wrappers.cc:375) Log-like per frame for utterance MPR295 is -7.90343 over 208 frames.
MPR296 patxtxeu suzhi sirxuwan seetxtxai seywaan 
LOG (gmm-latgen-faster[5.5.1139~1-67548]:DecodeUtteranceLatticeFaster():decoder-wrappers.cc:375) Log-like per frame for utterance MPR296 is -7.88681 over 329 frames.
MPR297 suutxcamam arxinddeu seyalpadxeu 
LOG (gmm-latgen-faster[5.5.1139~1-67548]:DecodeUtteranceLatticeFaster():decoder-wrappers.cc:375) Log-like per frame for utterance MPR297 is -7.92999 over 237 frames.
MPR298 asuran tawam irunddaan 
LOG (gmm-latgen-faster[5.5.1139~1-67548]:DecodeUtteranceLatticeFaster():decoder-wrappers.cc:375) Log-like per frame for utterance MPR298 is -7.94296 over 235 frames.
MPR299 kaalxi suulam eenddinaan 
LOG (gmm-latgen-faster[5.5.1139~1-67548]:DecodeUtteranceLatticeFaster():decoder-wrappers.cc:375) Log-like per frame for utterance MPR299 is -7.96063 over 212 frames.
MPR300 sutxrxeu suuzhal sugaadaaram pinpatxrxeu 
LOG (gmm-latgen-faster[5.5.1139~1-67548]:DecodeUtteranceLatticeFaster():decoder-wrappers.cc:375) Log-like per frame for utterance MPR300 is -8.11595 over 321 frames.
MPR301 seewalin kuuwalil pozhudeu widxiyum 
LOG (gmm-latgen-faster[5.5.1139~1-67548]:DecodeUtteranceLatticeFaster():decoder-wrappers.cc:375) Log-like per frame for utterance MPR301 is -7.92923 over 294 frames.
MPR302 enakkeu waa paagam marxadi unxdxeu 
LOG (gmm-latgen-faster[5.5.1139~1-67548]:DecodeUtteranceLatticeFaster():decoder-wrappers.cc:375) Log-like per frame for utterance MPR302 is -8.20802 over 228 frames.
MPR303 ndaay ireu widxumurxai kadxai adxaippeu 
LOG (gmm-latgen-faster[5.5.1139~1-67548]:DecodeUtteranceLatticeFaster():decoder-wrappers.cc:375) Log-like per frame for utterance MPR303 is -7.83502 over 311 frames.
MPR304 tanggalx udxaimai miideu gawanam selutteu 
LOG (gmm-latgen-faster[5.5.1139~1-67548]:DecodeUtteranceLatticeFaster():decoder-wrappers.cc:375) Log-like per frame for utterance MPR304 is -7.88446 over 347 frames.
MPR305 tatruubamaaga ndadxitteuk kaatxtxa njaanam teewai 
LOG (gmm-latgen-faster[5.5.1139~1-67548]:DecodeUtteranceLatticeFaster():decoder-wrappers.cc:375) Log-like per frame for utterance MPR305 is -8.05014 over 362 frames.
MPR306 tii muutxtxi tii wibatteu ndadxanddadeu 
LOG (gmm-latgen-faster[5.5.1139~1-67548]:DecodeUtteranceLatticeFaster():decoder-wrappers.cc:375) Log-like per frame for utterance MPR306 is -7.80152 over 276 frames.
MPR307 un seyaleukkeut tiirweu kaanxeu 
LOG (gmm-latgen-faster[5.5.1139~1-67548]:DecodeUtteranceLatticeFaster():decoder-wrappers.cc:375) Log-like per frame for utterance MPR307 is -7.70788 over 227 frames.
MPR308 malar tuuwi waazhtteu 
LOG (gmm-latgen-faster[5.5.1139~1-67548]:DecodeUtteranceLatticeFaster():decoder-wrappers.cc:375) Log-like per frame for utterance MPR308 is -7.85763 over 180 frames.
MPR309 iranxdxeu pal puunxdxeu ndalladeu 
LOG (gmm-latgen-faster[5.5.1139~1-67548]:DecodeUtteranceLatticeFaster():decoder-wrappers.cc:375) Log-like per frame for utterance MPR309 is -7.92545 over 240 frames.
MPR310 tusxtxan tusxtxa seyal seywaan 
LOG (gmm-latgen-faster[5.5.1139~1-67548]:DecodeUtteranceLatticeFaster():decoder-wrappers.cc:375) Log-like per frame for utterance MPR310 is -8.18999 over 239 frames.
MPR311 purxaa tuudeu anuppa tolai duuram parxanddadeu 
LOG (gmm-latgen-faster[5.5.1139~1-67548]:DecodeUtteranceLatticeFaster():decoder-wrappers.cc:375) Log-like per frame for utterance MPR311 is -7.9274 over 312 frames.
MPR312 manjjalx tuulx maruttuwa gunxam ndirxainddadeu 
LOG (gmm-latgen-faster[5.5.1139~1-67548]:DecodeUtteranceLatticeFaster():decoder-wrappers.cc:375) Log-like per frame for utterance MPR312 is -7.81724 over 298 frames.
MPR313 kutxtxaiyil tanxnxiir teenggiyadeu 
LOG (gmm-latgen-faster[5.5.1139~1-67548]:DecodeUtteranceLatticeFaster():decoder-wrappers.cc:375) Log-like per frame for utterance MPR313 is -7.65301 over 227 frames.
MPR314 toonrxiya pugazhin toonrxuga 
LOG (gmm-latgen-faster[5.5.1139~1-67548]:DecodeUtteranceLatticeFaster():decoder-wrappers.cc:375) Log-like per frame for utterance MPR314 is -8.08893 over 208 frames.
MPR315 toosxattirxkeu parigaaram sey 
LOG (gmm-latgen-faster[5.5.1139~1-67548]:DecodeUtteranceLatticeFaster():decoder-wrappers.cc:375) Log-like per frame for utterance MPR315 is -7.96903 over 245 frames.
MPR316 katti pugai oosoonai baadikkum 
LOG (gmm-latgen-faster[5.5.1139~1-67548]:DecodeUtteranceLatticeFaster():decoder-wrappers.cc:375) Log-like per frame for utterance MPR316 is -8.28663 over 261 frames.
MPR317 paambin ndanjjeu kodxiyadeu 
LOG (gmm-latgen-faster[5.5.1139~1-67548]:DecodeUtteranceLatticeFaster():decoder-wrappers.cc:375) Log-like per frame for utterance MPR317 is -7.859 over 174 frames.
MPR318 inrxeu mazhai ndiidxikkum 
LOG (gmm-latgen-faster[5.5.1139~1-67548]:DecodeUtteranceLatticeFaster():decoder-wrappers.cc:375) Log-like per frame for utterance MPR318 is -7.73772 over 176 frames.
MPR319 saalaiyil ndiir ndirambiyadeu 
LOG (gmm-latgen-faster[5.5.1139~1-67548]:DecodeUtteranceLatticeFaster():decoder-wrappers.cc:375) Log-like per frame for utterance MPR319 is -7.63632 over 240 frames.
MPR320 paarkkaadee oreu ndaadxeu 
LOG (gmm-latgen-faster[5.5.1139~1-67548]:DecodeUtteranceLatticeFaster():decoder-wrappers.cc:375) Log-like per frame for utterance MPR320 is -8.00344 over 222 frames.
MPR321 een ippadxi ndoonjjaanaaga ireukkaan 
LOG (gmm-latgen-faster[5.5.1139~1-67548]:DecodeUtteranceLatticeFaster():decoder-wrappers.cc:375) Log-like per frame for utterance MPR321 is -8.55917 over 249 frames.
MPR322 deesiya panggeu uyarnddadeu 
LOG (gmm-latgen-faster[5.5.1139~1-67548]:DecodeUtteranceLatticeFaster():decoder-wrappers.cc:375) Log-like per frame for utterance MPR322 is -7.61345 over 252 frames.
MPR323 aatxrxil tanxnxiir panjjam ndilawiyadeu 
LOG (gmm-latgen-faster[5.5.1139~1-67548]:DecodeUtteranceLatticeFaster():decoder-wrappers.cc:375) Log-like per frame for utterance MPR323 is -7.83395 over 295 frames.
MPR324 panjjaayatteu wazhakkeu mudxiweukkeu wanddadeu 
LOG (gmm-latgen-faster[5.5.1139~1-67548]:DecodeUtteranceLatticeFaster():decoder-wrappers.cc:375) Log-like per frame for utterance MPR324 is -7.41742 over 373 frames.
MPR325 panjjeu nderuppil karugiyadeu 
LOG (gmm-latgen-faster[5.5.1139~1-67548]:DecodeUtteranceLatticeFaster():decoder-wrappers.cc:375) Log-like per frame for utterance MPR325 is -7.67725 over 277 frames.
MPR326 pazhanggudxi makkalx panxbeu sirxappeu 
LOG (gmm-latgen-faster[5.5.1139~1-67548]:DecodeUtteranceLatticeFaster():decoder-wrappers.cc:375) Log-like per frame for utterance MPR326 is -8.39237 over 259 frames.
MPR327 kaalai bajanai migawum ndam balam 
LOG (gmm-latgen-faster[5.5.1139~1-67548]:DecodeUtteranceLatticeFaster():decoder-wrappers.cc:375) Log-like per frame for utterance MPR327 is -7.86154 over 313 frames.
MPR328 indda raajaa endda baasxai peesinaar 
LOG (gmm-latgen-faster[5.5.1139~1-67548]:DecodeUtteranceLatticeFaster():decoder-wrappers.cc:375) Log-like per frame for utterance MPR328 is -7.85051 over 337 frames.
MPR329 en purusxan balasaali 
LOG (gmm-latgen-faster[5.5.1139~1-67548]:DecodeUtteranceLatticeFaster():decoder-wrappers.cc:375) Log-like per frame for utterance MPR329 is -7.84164 over 195 frames.
MPR330 puunai sirxeu uuril puugambam 
LOG (gmm-latgen-faster[5.5.1139~1-67548]:DecodeUtteranceLatticeFaster():decoder-wrappers.cc:375) Log-like per frame for utterance MPR330 is -7.84764 over 284 frames.
MPR331 puurwa jenma banddam 
LOG (gmm-latgen-faster[5.5.1139~1-67548]:DecodeUtteranceLatticeFaster():decoder-wrappers.cc:375) Log-like per frame for utterance MPR331 is -8.66251 over 166 frames.
MPR332 inrxeu puujaiyil kalanddeu kolx 
LOG (gmm-latgen-faster[5.5.1139~1-67548]:DecodeUtteranceLatticeFaster():decoder-wrappers.cc:375) Log-like per frame for utterance MPR332 is -7.88961 over 251 frames.
MPR333 pon porulx paartteu pazhagaadee 
LOG (gmm-latgen-faster[5.5.1139~1-67548]:DecodeUtteranceLatticeFaster():decoder-wrappers.cc:375) Log-like per frame for utterance MPR333 is -7.96093 over 261 frames.
MPR334 un mugam poliwaaga ulxlxadeu 
LOG (gmm-latgen-faster[5.5.1139~1-67548]:DecodeUtteranceLatticeFaster():decoder-wrappers.cc:375) Log-like per frame for utterance MPR334 is -7.67096 over 219 frames.
MPR335 petxtxiyai kiizhee poodxeu 
LOG (gmm-latgen-faster[5.5.1139~1-67548]:DecodeUtteranceLatticeFaster():decoder-wrappers.cc:375) Log-like per frame for utterance MPR335 is -7.88017 over 206 frames.
MPR336 pooliyaana waazhkkai tawir 
LOG (gmm-latgen-faster[5.5.1139~1-67548]:DecodeUtteranceLatticeFaster():decoder-wrappers.cc:375) Log-like per frame for utterance MPR336 is -7.7977 over 210 frames.
MPR337 ndaanjjil poosxaakkaana unxaweu 
LOG (gmm-latgen-faster[5.5.1139~1-67548]:DecodeUtteranceLatticeFaster():decoder-wrappers.cc:375) Log-like per frame for utterance MPR337 is -8.18557 over 212 frames.
MPR338 elumbeu majjai waliyadeu 
LOG (gmm-latgen-faster[5.5.1139~1-67548]:DecodeUtteranceLatticeFaster():decoder-wrappers.cc:375) Log-like per frame for utterance MPR338 is -7.8218 over 238 frames.
MPR339 etxtxeukkaali oreu puucci 
LOG (gmm-latgen-faster[5.5.1139~1-67548]:DecodeUtteranceLatticeFaster():decoder-wrappers.cc:375) Log-like per frame for utterance MPR339 is -8.21282 over 167 frames.
MPR340 maarc maadattil paartteu teeytteuk 
LOG (gmm-latgen-faster[5.5.1139~1-67548]:DecodeUtteranceLatticeFaster():decoder-wrappers.cc:375) Log-like per frame for utterance MPR340 is -8.17572 over 316 frames.
MPR341 miin kanxnxeukkeu ndalladeu 
LOG (gmm-latgen-faster[5.5.1139~1-67548]:DecodeUtteranceLatticeFaster():decoder-wrappers.cc:375) Log-like per frame for utterance MPR341 is -7.81276 over 186 frames.
MPR342 muulxai illaadawan mutxtxaalx 
LOG (gmm-latgen-faster[5.5.1139~1-67548]:DecodeUtteranceLatticeFaster():decoder-wrappers.cc:375) Log-like per frame for utterance MPR342 is -7.63357 over 181 frames.
MPR343 tozhilil muuladanam poodxa weenxdxum 
LOG (gmm-latgen-faster[5.5.1139~1-67548]:DecodeUtteranceLatticeFaster():decoder-wrappers.cc:375) Log-like per frame for utterance MPR343 is -7.78036 over 258 frames.
MPR344 widiyai pirxarai eerxi ndil 
LOG (gmm-latgen-faster[5.5.1139~1-67548]:DecodeUtteranceLatticeFaster():decoder-wrappers.cc:375) Log-like per frame for utterance MPR344 is -7.58494 over 187 frames.
MPR345 indda maiyanggalx enggeu ulxlxadeu 
LOG (gmm-latgen-faster[5.5.1139~1-67548]:DecodeUtteranceLatticeFaster():decoder-wrappers.cc:375) Log-like per frame for utterance MPR345 is -7.71533 over 237 frames.
MPR346 makkalx raajjiyam weenxdxum 
LOG (gmm-latgen-faster[5.5.1139~1-67548]:DecodeUtteranceLatticeFaster():decoder-wrappers.cc:375) Log-like per frame for utterance MPR346 is -8.02444 over 180 frames.
MPR347 risxikkeu roosxam padxi 
LOG (gmm-latgen-faster[5.5.1139~1-67548]:DecodeUtteranceLatticeFaster():decoder-wrappers.cc:375) Log-like per frame for utterance MPR347 is -8.08268 over 197 frames.
MPR348 lajjai enrxaal wekkam 
LOG (gmm-latgen-faster[5.5.1139~1-67548]:DecodeUtteranceLatticeFaster():decoder-wrappers.cc:375) Log-like per frame for utterance MPR348 is -7.89225 over 168 frames.
MPR349 tuukkam udxaleukkeu ndalladeu 
LOG (gmm-latgen-faster[5.5.1139~1-67548]:DecodeUtteranceLatticeFaster():decoder-wrappers.cc:375) Log-like per frame for utterance MPR349 is -8.0446 over 213 frames.
MPR350 laksxmi muga laksxanxam ulxlxa penx 
LOG (gmm-latgen-faster[5.5.1139~1-67548]:DecodeUtteranceLatticeFaster():decoder-wrappers.cc:375) Log-like per frame for utterance MPR350 is -8.31961 over 321 frames.
MPR351 widxaa muyarxci walxarcci tarum 
LOG (gmm-latgen-faster[5.5.1139~1-67548]:DecodeUtteranceLatticeFaster():decoder-wrappers.cc:375) Log-like per frame for utterance MPR351 is -8.24655 over 190 frames.
MPR352 wiitxtxil wiseesxam unxdxeu 
LOG (gmm-latgen-faster[5.5.1139~1-67548]:DecodeUtteranceLatticeFaster():decoder-wrappers.cc:375) Log-like per frame for utterance MPR352 is -8.19892 over 170 frames.
MPR353 manjjalx wisxayattaik kuurxeu 
LOG (gmm-latgen-faster[5.5.1139~1-67548]:DecodeUtteranceLatticeFaster():decoder-wrappers.cc:375) Log-like per frame for utterance MPR353 is -7.96177 over 229 frames.
MPR354 en wiidi wazhiyaaga sellum peerunddeu 
LOG (gmm-latgen-faster[5.5.1139~1-67548]:DecodeUtteranceLatticeFaster():decoder-wrappers.cc:375) Log-like per frame for utterance MPR354 is -7.88176 over 291 frames.
MPR355 jadxai pinni weesxam poodxeu 
LOG (gmm-latgen-faster[5.5.1139~1-67548]:DecodeUtteranceLatticeFaster():decoder-wrappers.cc:375) Log-like per frame for utterance MPR355 is -7.94124 over 214 frames.
MPR356 janawari mudal maadam 
LOG (gmm-latgen-faster[5.5.1139~1-67548]:DecodeUtteranceLatticeFaster():decoder-wrappers.cc:375) Log-like per frame for utterance MPR356 is -8.13975 over 179 frames.
MPR357 janamee ndam balam 
LOG (gmm-latgen-faster[5.5.1139~1-67548]:DecodeUtteranceLatticeFaster():decoder-wrappers.cc:375) Log-like per frame for utterance MPR357 is -7.54314 over 206 frames.
MPR358 paartteu pidxi paappaa 
LOG (gmm-latgen-faster[5.5.1139~1-67548]:DecodeUtteranceLatticeFaster():decoder-wrappers.cc:375) Log-like per frame for utterance MPR358 is -8.17027 over 204 frames.
MPR359 waay jaalam kaatxtxum manidan 
LOG (gmm-latgen-faster[5.5.1139~1-67548]:DecodeUtteranceLatticeFaster():decoder-wrappers.cc:375) Log-like per frame for utterance MPR359 is -8.01448 over 231 frames.
MPR360 jaalraa poodxa irunddaan 
LOG (gmm-latgen-faster[5.5.1139~1-67548]:DecodeUtteranceLatticeFaster():decoder-wrappers.cc:375) Log-like per frame for utterance MPR360 is -8.32234 over 159 frames.
MPR361 ajiiranxak koolxaarxeu 
LOG (gmm-latgen-faster[5.5.1139~1-67548]:DecodeUtteranceLatticeFaster():decoder-wrappers.cc:375) Log-like per frame for utterance MPR361 is -8.21393 over 150 frames.
MPR362 hastam pal iranxdxeu kanjji injji 
LOG (gmm-latgen-faster[5.5.1139~1-67548]:DecodeUtteranceLatticeFaster():decoder-wrappers.cc:375) Log-like per frame for utterance MPR362 is -8.24781 over 279 frames.
MPR363 ndiinggalx sxeemamaaga irunggalx 
LOG (gmm-latgen-faster[5.5.1139~1-67548]:DecodeUtteranceLatticeFaster():decoder-wrappers.cc:375) Log-like per frame for utterance MPR363 is -7.95951 over 232 frames.
MPR364 togudi iratxtxai sanddippeu 
LOG (gmm-latgen-faster[5.5.1139~1-67548]:DecodeUtteranceLatticeFaster():decoder-wrappers.cc:375) Log-like per frame for utterance MPR364 is -8.27825 over 208 frames.
MPR365 jadxai walxarcci ndaatxtxeu walxarcci 
LOG (gmm-latgen-faster[5.5.1139~1-67548]:DecodeUtteranceLatticeFaster():decoder-wrappers.cc:375) Log-like per frame for utterance MPR365 is -8.08361 over 259 frames.
MRA293 guruwai sisxyan wanxangginaan 
LOG (gmm-latgen-faster[5.5.1139~1-67548]:DecodeUtteranceLatticeFaster():decoder-wrappers.cc:375) Log-like per frame for utterance MRA293 is -7.72633 over 399 frames.
MRA294 siikkiram keetxpadeu sey 
LOG (gmm-latgen-faster[5.5.1139~1-67548]:DecodeUtteranceLatticeFaster():decoder-wrappers.cc:375) Log-like per frame for utterance MRA294 is -7.86941 over 310 frames.
MRA295 siirxum paambai ndambaadee 
LOG (gmm-latgen-faster[5.5.1139~1-67548]:DecodeUtteranceLatticeFaster():decoder-wrappers.cc:375) Log-like per frame for utterance MRA295 is -7.65295 over 272 frames.
MRA296 iratxtxai suzhi sirxuwan seetxtxai seywaan 
LOG (gmm-latgen-faster[5.5.1139~1-67548]:DecodeUtteranceLatticeFaster():decoder-wrappers.cc:375) Log-like per frame for utterance MRA296 is -7.84381 over 422 frames.
MRA297 sol sirxuwar arxinddeu seyalpadxeu 
LOG (gmm-latgen-faster[5.5.1139~1-67548]:DecodeUtteranceLatticeFaster():decoder-wrappers.cc:375) Log-like per frame for utterance MRA297 is -7.42778 over 358 frames.
MRA298 asuran tawam irunddaan 
LOG (gmm-latgen-faster[5.5.1139~1-67548]:DecodeUtteranceLatticeFaster():decoder-wrappers.cc:375) Log-like per frame for utterance MRA298 is -7.36929 over 305 frames.
MRA299 kaalxi suulam eenddinaan 
LOG (gmm-latgen-faster[5.5.1139~1-67548]:DecodeUtteranceLatticeFaster():decoder-wrappers.cc:375) Log-like per frame for utterance MRA299 is -7.34942 over 314 frames.
MRA300 sutxrxeu suuzhal sugaadaaram pinpatxrxeu 
LOG (gmm-latgen-faster[5.5.1139~1-67548]:DecodeUtteranceLatticeFaster():decoder-wrappers.cc:375) Log-like per frame for utterance MRA300 is -7.78112 over 380 frames.
MRA301 seewalin kuuwalil pozhudeu widxiyum 
LOG (gmm-latgen-faster[5.5.1139~1-67548]:DecodeUtteranceLatticeFaster():decoder-wrappers.cc:375) Log-like per frame for utterance MRA301 is -7.66138 over 328 frames.
MRA302 ezhutteup ndalla marunddeu arunddeu 
LOG (gmm-latgen-faster[5.5.1139~1-67548]:DecodeUtteranceLatticeFaster():decoder-wrappers.cc:375) Log-like per frame for utterance MRA302 is -8.17787 over 307 frames.
MRA303 daaniyam widxumurxai kadxai adxaippeu 
LOG (gmm-latgen-faster[5.5.1139~1-67548]:DecodeUtteranceLatticeFaster():decoder-wrappers.cc:375) Log-like per frame for utterance MRA303 is -7.58468 over 399 frames.
MRA304 tanggalx udxaimai miideu gawanam selutteu 
LOG (gmm-latgen-faster[5.5.1139~1-67548]:DecodeUtteranceLatticeFaster():decoder-wrappers.cc:375) Log-like per frame for utterance MRA304 is -7.92714 over 441 frames.
MRA305 taay tara waaraa ndadxitteuk kaatxtxa ndaanxam pirxarai 
LOG (gmm-latgen-faster[5.5.1139~1-67548]:DecodeUtteranceLatticeFaster():decoder-wrappers.cc:375) Log-like per frame for utterance MRA305 is -7.64534 over 508 frames.
MRA306 teriyum pereu siwappeu ndadxanddadeu 
LOG (gmm-latgen-faster[5.5.1139~1-67548]:DecodeUtteranceLatticeFaster():decoder-wrappers.cc:375) Log-like per frame for utterance MRA306 is -7.48592 over 428 frames.
MRA307 un seyaleukkeut tiirweu kaanxeu 
LOG (gmm-latgen-faster[5.5.1139~1-67548]:DecodeUtteranceLatticeFaster():decoder-wrappers.cc:375) Log-like per frame for utterance MRA307 is -7.66883 over 358 frames.
MRA308 malar tawarxeu waazhtteu 
LOG (gmm-latgen-faster[5.5.1139~1-67548]:DecodeUtteranceLatticeFaster():decoder-wrappers.cc:375) Log-like per frame for utterance MRA308 is -7.62196 over 275 frames.
MRA309 iranxdxeu pal kuurnddeu ndalladeu 
LOG (gmm-latgen-faster[5.5.1139~1-67548]:DecodeUtteranceLatticeFaster():decoder-wrappers.cc:375) Log-like per frame for utterance MRA309 is -7.90323 over 325 frames.
MRA310 tusxtxan tusxtxa seyal seywaan 
LOG (gmm-latgen-faster[5.5.1139~1-67548]:DecodeUtteranceLatticeFaster():decoder-wrappers.cc:375) Log-like per frame for utterance MRA310 is -7.97149 over 303 frames.
MRA311 purxaa tuudeu anuppa ulxlxadeu ooram parxanddadeu 
LOG (gmm-latgen-faster[5.5.1139~1-67548]:DecodeUtteranceLatticeFaster():decoder-wrappers.cc:375) Log-like per frame for utterance MRA311 is -7.89825 over 480 frames.
MRA312 manjjalx pool maruttuwa gunxam ndirxainddadeu 
LOG (gmm-latgen-faster[5.5.1139~1-67548]:DecodeUtteranceLatticeFaster():decoder-wrappers.cc:375) Log-like per frame for utterance MRA312 is -8.40029 over 319 frames.
MRA313 kutxtxaiyil tanxnxiir teenggiyadeu 
LOG (gmm-latgen-faster[5.5.1139~1-67548]:DecodeUtteranceLatticeFaster():decoder-wrappers.cc:375) Log-like per frame for utterance MRA313 is -7.66769 over 254 frames.
MRA314 kanrxeu uurwadeu wanddadeu 
LOG (gmm-latgen-faster[5.5.1139~1-67548]:DecodeUtteranceLatticeFaster():decoder-wrappers.cc:375) Log-like per frame for utterance MRA314 is -7.87435 over 245 frames.
MRA315 roosxam tiidum wazhiyaaga sey 
LOG (gmm-latgen-faster[5.5.1139~1-67548]:DecodeUtteranceLatticeFaster():decoder-wrappers.cc:375) Log-like per frame for utterance MRA315 is -7.75669 over 390 frames.
MRA316 ndacceup pugai oosoonai baadikkum 
LOG (gmm-latgen-faster[5.5.1139~1-67548]:DecodeUtteranceLatticeFaster():decoder-wrappers.cc:375) Log-like per frame for utterance MRA316 is -7.99698 over 387 frames.
MRA317 paambin ndanjjeu kodxiyadeu 
LOG (gmm-latgen-faster[5.5.1139~1-67548]:DecodeUtteranceLatticeFaster():decoder-wrappers.cc:375) Log-like per frame for utterance MRA317 is -7.22278 over 449 frames.
MRA318 inrxeu mazhai ndiidxikkum 
LOG (gmm-latgen-faster[5.5.1139~1-67548]:DecodeUtteranceLatticeFaster():decoder-wrappers.cc:375) Log-like per frame for utterance MRA318 is -7.84603 over 286 frames.
MRA319 saalaiyil ndiir ndirambiyadeu 
LOG (gmm-latgen-faster[5.5.1139~1-67548]:DecodeUtteranceLatticeFaster():decoder-wrappers.cc:375) Log-like per frame for utterance MRA319 is -7.47796 over 284 frames.
MRA320 iratxtxai suzhi ndaadxeu 
LOG (gmm-latgen-faster[5.5.1139~1-67548]:DecodeUtteranceLatticeFaster():decoder-wrappers.cc:375) Log-like per frame for utterance MRA320 is -8.02382 over 222 frames.
MRA321 een ippadxi ndoonjjaanaaga ireukkaan 
LOG (gmm-latgen-faster[5.5.1139~1-67548]:DecodeUtteranceLatticeFaster():decoder-wrappers.cc:375) Log-like per frame for utterance MRA321 is -7.87045 over 354 frames.
MRA322 deesiya panggeu uyarnddadeu 
LOG (gmm-latgen-faster[5.5.1139~1-67548]:DecodeUtteranceLatticeFaster():decoder-wrappers.cc:375) Log-like per frame for utterance MRA322 is -7.70675 over 307 frames.
MRA323 ndaatxtxil tanxnxiir banddam sirxanddadeu 
LOG (gmm-latgen-faster[5.5.1139~1-67548]:DecodeUtteranceLatticeFaster():decoder-wrappers.cc:375) Log-like per frame for utterance MRA323 is -7.70426 over 309 frames.
MRA324 panjjaayatteu wazhakkeu mudxiweukkeu wanddadeu 
LOG (gmm-latgen-faster[5.5.1139~1-67548]:DecodeUtteranceLatticeFaster():decoder-wrappers.cc:375) Log-like per frame for utterance MRA324 is -7.80707 over 319 frames.
MRA325 panjjeu nderuppil karugiyadeu 
LOG (gmm-latgen-faster[5.5.1139~1-67548]:DecodeUtteranceLatticeFaster():decoder-wrappers.cc:375) Log-like per frame for utterance MRA325 is -8.1036 over 283 frames.
MRA326 pazhanggudxi manx kal kanrxeu sirxappeu 
LOG (gmm-latgen-faster[5.5.1139~1-67548]:DecodeUtteranceLatticeFaster():decoder-wrappers.cc:375) Log-like per frame for utterance MRA326 is -7.79924 over 434 frames.
MRA327 kaalai bajanai migawum sakkaram 
LOG (gmm-latgen-faster[5.5.1139~1-67548]:DecodeUtteranceLatticeFaster():decoder-wrappers.cc:375) Log-like per frame for utterance MRA327 is -8.00186 over 343 frames.
MRA328 indda raajaa endda baasxai peesinaar 
LOG (gmm-latgen-faster[5.5.1139~1-67548]:DecodeUtteranceLatticeFaster():decoder-wrappers.cc:375) Log-like per frame for utterance MRA328 is -7.92299 over 384 frames.
MRA329 en purusxan balasaali 
LOG (gmm-latgen-faster[5.5.1139~1-67548]:DecodeUtteranceLatticeFaster():decoder-wrappers.cc:375) Log-like per frame for utterance MRA329 is -8.19843 over 226 frames.
MRA330 buwaneesxwar uuril puugambam 
LOG (gmm-latgen-faster[5.5.1139~1-67548]:DecodeUtteranceLatticeFaster():decoder-wrappers.cc:375) Log-like per frame for utterance MRA330 is -7.77945 over 342 frames.
MRA331 puurwa jenma banddam 
LOG (gmm-latgen-faster[5.5.1139~1-67548]:DecodeUtteranceLatticeFaster():decoder-wrappers.cc:375) Log-like per frame for utterance MRA331 is -8.17799 over 241 frames.
MRA332 inrxeu puujaiyil kalanddeu kolx 
LOG (gmm-latgen-faster[5.5.1139~1-67548]:DecodeUtteranceLatticeFaster():decoder-wrappers.cc:375) Log-like per frame for utterance MRA332 is -8.07241 over 266 frames.
MRA333 pon porulx paartteu pazhagaadee 
LOG (gmm-latgen-faster[5.5.1139~1-67548]:DecodeUtteranceLatticeFaster():decoder-wrappers.cc:375) Log-like per frame for utterance MRA333 is -7.82282 over 327 frames.
MRA334 muuladanam pooliyaana ulxlxadeu 
LOG (gmm-latgen-faster[5.5.1139~1-67548]:DecodeUtteranceLatticeFaster():decoder-wrappers.cc:375) Log-like per frame for utterance MRA334 is -7.46609 over 297 frames.
MRA335 otxtxeuk keetxpadeu 
LOG (gmm-latgen-faster[5.5.1139~1-67548]:DecodeUtteranceLatticeFaster():decoder-wrappers.cc:375) Log-like per frame for utterance MRA335 is -8.34588 over 179 frames.
MRA336 pooliyaana waazhkkai uudxagam 
LOG (gmm-latgen-faster[5.5.1139~1-67548]:DecodeUtteranceLatticeFaster():decoder-wrappers.cc:375) Log-like per frame for utterance MRA336 is -8.13391 over 266 frames.
MRA337 ndaay kuzhi poosxaakkaana unxaweu 
LOG (gmm-latgen-faster[5.5.1139~1-67548]:DecodeUtteranceLatticeFaster():decoder-wrappers.cc:375) Log-like per frame for utterance MRA337 is -7.75944 over 346 frames.
MRA338 endda majjai waliyadeu 
LOG (gmm-latgen-faster[5.5.1139~1-67548]:DecodeUtteranceLatticeFaster():decoder-wrappers.cc:375) Log-like per frame for utterance MRA338 is -7.45444 over 232 frames.
MRA339 etxtxeukkaali oreu puucci 
LOG (gmm-latgen-faster[5.5.1139~1-67548]:DecodeUtteranceLatticeFaster():decoder-wrappers.cc:375) Log-like per frame for utterance MRA339 is -7.96245 over 213 frames.
MRA340 maarc maadattil pal alxanddeu sey 
LOG (gmm-latgen-faster[5.5.1139~1-67548]:DecodeUtteranceLatticeFaster():decoder-wrappers.cc:375) Log-like per frame for utterance MRA340 is -7.79269 over 319 frames.
MRA341 migundda kanxnxeukkeu ndalladeu 
LOG (gmm-latgen-faster[5.5.1139~1-67548]:DecodeUtteranceLatticeFaster():decoder-wrappers.cc:375) Log-like per frame for utterance MRA341 is -7.94145 over 230 frames.
MRA342 muulxai illaadawan mutxtxaalx 
LOG (gmm-latgen-faster[5.5.1139~1-67548]:DecodeUtteranceLatticeFaster():decoder-wrappers.cc:375) Log-like per frame for utterance MRA342 is -7.96733 over 201 frames.
MRA343 mozhi muuladanam poodxa weenxdxum 
LOG (gmm-latgen-faster[5.5.1139~1-67548]:DecodeUtteranceLatticeFaster():decoder-wrappers.cc:375) Log-like per frame for utterance MRA343 is -7.56949 over 299 frames.
MRA344 inddiyaawin wiidxeu ndil 
LOG (gmm-latgen-faster[5.5.1139~1-67548]:DecodeUtteranceLatticeFaster():decoder-wrappers.cc:375) Log-like per frame for utterance MRA344 is -7.64357 over 191 frames.
MRA345 indda maiyanggalx enggeu ulxlxadeu 
LOG (gmm-latgen-faster[5.5.1139~1-67548]:DecodeUtteranceLatticeFaster():decoder-wrappers.cc:375) Log-like per frame for utterance MRA345 is -7.77703 over 257 frames.
MRA346 makkalx raajjiyam weenxdxum 
LOG (gmm-latgen-faster[5.5.1139~1-67548]:DecodeUtteranceLatticeFaster():decoder-wrappers.cc:375) Log-like per frame for utterance MRA346 is -8.07096 over 242 frames.
MRA347 risxikkeu roosxam adigam 
LOG (gmm-latgen-faster[5.5.1139~1-67548]:DecodeUtteranceLatticeFaster():decoder-wrappers.cc:375) Log-like per frame for utterance MRA347 is -8.21108 over 254 frames.
MRA348 lajjai enrxaal wekkam 
LOG (gmm-latgen-faster[5.5.1139~1-67548]:DecodeUtteranceLatticeFaster():decoder-wrappers.cc:375) Log-like per frame for utterance MRA348 is -7.68018 over 258 frames.
MRA349 tuukkam udxaleukkeu ndalladeu 
LOG (gmm-latgen-faster[5.5.1139~1-67548]:DecodeUtteranceLatticeFaster():decoder-wrappers.cc:375) Log-like per frame for utterance MRA349 is -7.82395 over 235 frames.
MRA350 laksxmi muga laksxanxam ulxlxa penx 
LOG (gmm-latgen-faster[5.5.1139~1-67548]:DecodeUtteranceLatticeFaster():decoder-wrappers.cc:375) Log-like per frame for utterance MRA350 is -7.87045 over 330 frames.
MRA351 widxaa muyarxci walxarcci tarum 
LOG (gmm-latgen-faster[5.5.1139~1-67548]:DecodeUtteranceLatticeFaster():decoder-wrappers.cc:375) Log-like per frame for utterance MRA351 is -7.89614 over 294 frames.
MRA352 waitteuk wiseesxam unxdxeu 
LOG (gmm-latgen-faster[5.5.1139~1-67548]:DecodeUtteranceLatticeFaster():decoder-wrappers.cc:375) Log-like per frame for utterance MRA352 is -8.00068 over 264 frames.
MRA353 manjjalx teeytteuk koolxaarxeu 
LOG (gmm-latgen-faster[5.5.1139~1-67548]:DecodeUtteranceLatticeFaster():decoder-wrappers.cc:375) Log-like per frame for utterance MRA353 is -7.4995 over 281 frames.
MRA354 en miideu wazhiyaaga sellum peerunddeu 
LOG (gmm-latgen-faster[5.5.1139~1-67548]:DecodeUtteranceLatticeFaster():decoder-wrappers.cc:375) Log-like per frame for utterance MRA354 is -7.74166 over 387 frames.
MRA355 jadxai pinni weesxam poodxeu 
LOG (gmm-latgen-faster[5.5.1139~1-67548]:DecodeUtteranceLatticeFaster():decoder-wrappers.cc:375) Log-like per frame for utterance MRA355 is -7.86977 over 264 frames.
MRA356 janawari mudal maadam 
LOG (gmm-latgen-faster[5.5.1139~1-67548]:DecodeUtteranceLatticeFaster():decoder-wrappers.cc:375) Log-like per frame for utterance MRA356 is -7.65357 over 271 frames.
MRA357 janamee ndam balam 
LOG (gmm-latgen-faster[5.5.1139~1-67548]:DecodeUtteranceLatticeFaster():decoder-wrappers.cc:375) Log-like per frame for utterance MRA357 is -7.55315 over 233 frames.
MRA358 taay tii illaiyadxi paappaa 
LOG (gmm-latgen-faster[5.5.1139~1-67548]:DecodeUtteranceLatticeFaster():decoder-wrappers.cc:375) Log-like per frame for utterance MRA358 is -7.79142 over 264 frames.
LOG (apply-cmvn[5.5.1139~1-67548]:main():apply-cmvn.cc:162) Applied cepstral mean normalization to 219 utterances, errors on 0
MRA359 waay jaalam kaatxtxum manidan 
LOG (gmm-latgen-faster[5.5.1139~1-67548]:DecodeUtteranceLatticeFaster():decoder-wrappers.cc:375) Log-like per frame for utterance MRA359 is -7.90786 over 309 frames.
MRA360 taazha ooram banddam 
LOG (gmm-latgen-faster[5.5.1139~1-67548]:DecodeUtteranceLatticeFaster():decoder-wrappers.cc:375) Log-like per frame for utterance MRA360 is -8.05735 over 278 frames.
MRA361 ajiiranxak koolxaarxeu 
LOG (gmm-latgen-faster[5.5.1139~1-67548]:DecodeUtteranceLatticeFaster():decoder-wrappers.cc:375) Log-like per frame for utterance MRA361 is -7.47027 over 218 frames.
MRA362 rambam iranxdxeu kanxnxiir seyyin sey 
LOG (gmm-latgen-faster[5.5.1139~1-67548]:DecodeUtteranceLatticeFaster():decoder-wrappers.cc:375) Log-like per frame for utterance MRA362 is -8.09665 over 418 frames.
MRA363 inggeu saram waazhalaam irunggalx 
LOG (gmm-latgen-faster[5.5.1139~1-67548]:DecodeUtteranceLatticeFaster():decoder-wrappers.cc:375) Log-like per frame for utterance MRA363 is -7.57674 over 294 frames.
MRA364 pagudiyil sanddippeu 
LOG (gmm-latgen-faster[5.5.1139~1-67548]:DecodeUtteranceLatticeFaster():decoder-wrappers.cc:375) Log-like per frame for utterance MRA364 is -7.99456 over 208 frames.
MRA365 enxnxey azhageu sirxeu ndaatxtxeu walxarcci 
LOG (gmm-latgen-faster[5.5.1139~1-67548]:DecodeUtteranceLatticeFaster():decoder-wrappers.cc:375) Log-like per frame for utterance MRA365 is -7.68982 over 311 frames.
LOG (gmm-latgen-faster[5.5.1139~1-67548]:main():gmm-latgen-faster.cc:176) Time taken 31.6325s: real-time factor assuming 100 frames/sec is 0.0478874
LOG (gmm-latgen-faster[5.5.1139~1-67548]:main():gmm-latgen-faster.cc:179) Done 219 utterances, failed for 0
LOG (gmm-latgen-faster[5.5.1139~1-67548]:main():gmm-latgen-faster.cc:181) Overall log-likelihood per frame is -7.89163 over 66056 frames.
# Accounting: time=31 threads=1
# Ended (code 0) at Mon Jul  8 11:11:29 IST 2024, elapsed time 31 seconds
