# gmm-latgen-faster --max-active=7000 --beam=13.0 --lattice-beam=6.0 --acoustic-scale=0.083333 --allow-partial=true --word-symbol-table=exp_FG/tri_8_2000/graph/words.txt exp_FG/tri_8_2000/final.mdl exp_FG/tri_8_2000/graph/HCLG.fst "ark,s,cs:apply-cmvn  --utt2spk=ark:data/test/split2/1/utt2spk scp:data/test/split2/1/cmvn.scp scp:data/test/split2/1/feats.scp ark:- | add-deltas  ark:- ark:- |" "ark:|gzip -c > exp_FG/tri_8_2000/decode/lat.1.gz" 
# Started at Mon Jul  8 11:10:58 IST 2024
#
gmm-latgen-faster --max-active=7000 --beam=13.0 --lattice-beam=6.0 --acoustic-scale=0.083333 --allow-partial=true --word-symbol-table=exp_FG/tri_8_2000/graph/words.txt exp_FG/tri_8_2000/final.mdl exp_FG/tri_8_2000/graph/HCLG.fst 'ark,s,cs:apply-cmvn  --utt2spk=ark:data/test/split2/1/utt2spk scp:data/test/split2/1/cmvn.scp scp:data/test/split2/1/feats.scp ark:- | add-deltas  ark:- ark:- |' 'ark:|gzip -c > exp_FG/tri_8_2000/decode/lat.1.gz' 
add-deltas ark:- ark:- 
apply-cmvn --utt2spk=ark:data/test/split2/1/utt2spk scp:data/test/split2/1/cmvn.scp scp:data/test/split2/1/feats.scp ark:- 
FSI293 guruwai sisxyan wanxangginaan 
LOG (gmm-latgen-faster[5.5.1139~1-67548]:DecodeUtteranceLatticeFaster():decoder-wrappers.cc:375) Log-like per frame for utterance FSI293 is -7.80747 over 317 frames.
FSI294 sey jadxai eerxpaadxeu sey 
LOG (gmm-latgen-faster[5.5.1139~1-67548]:DecodeUtteranceLatticeFaster():decoder-wrappers.cc:375) Log-like per frame for utterance FSI294 is -7.86261 over 240 frames.
FSI295 sidambaram uyaramaanadeu 
LOG (gmm-latgen-faster[5.5.1139~1-67548]:DecodeUtteranceLatticeFaster():decoder-wrappers.cc:375) Log-like per frame for utterance FSI295 is -7.29425 over 301 frames.
FSI296 iratxtxai suzhi sirxuwan seetxtxai seywaan 
LOG (gmm-latgen-faster[5.5.1139~1-67548]:DecodeUtteranceLatticeFaster():decoder-wrappers.cc:375) Log-like per frame for utterance FSI296 is -7.91147 over 359 frames.
FSI297 suutxcamam arxinddeu seyalpadxeu 
LOG (gmm-latgen-faster[5.5.1139~1-67548]:DecodeUtteranceLatticeFaster():decoder-wrappers.cc:375) Log-like per frame for utterance FSI297 is -7.78427 over 314 frames.
FSI298 asuran kuyil taagam 
LOG (gmm-latgen-faster[5.5.1139~1-67548]:DecodeUtteranceLatticeFaster():decoder-wrappers.cc:375) Log-like per frame for utterance FSI298 is -7.92111 over 307 frames.
FSI299 kaalxi suwai eenddinaan 
LOG (gmm-latgen-faster[5.5.1139~1-67548]:DecodeUtteranceLatticeFaster():decoder-wrappers.cc:375) Log-like per frame for utterance FSI299 is -7.4144 over 320 frames.
FSI300 sutxrxeu suuzhal sugaadaaram pinpatxrxeu 
LOG (gmm-latgen-faster[5.5.1139~1-67548]:DecodeUtteranceLatticeFaster():decoder-wrappers.cc:375) Log-like per frame for utterance FSI300 is -7.84718 over 478 frames.
FSI301 seewalin kuuwalil pozhudeu widxiyum 
LOG (gmm-latgen-faster[5.5.1139~1-67548]:DecodeUtteranceLatticeFaster():decoder-wrappers.cc:375) Log-like per frame for utterance FSI301 is -7.69993 over 411 frames.
FSI302 enakkeu paanam uurwadeu kuurnddeu ireu 
LOG (gmm-latgen-faster[5.5.1139~1-67548]:DecodeUtteranceLatticeFaster():decoder-wrappers.cc:375) Log-like per frame for utterance FSI302 is -7.73628 over 424 frames.
FSI303 ndaay eepral widxumurxai kadxai adxaippeu 
LOG (gmm-latgen-faster[5.5.1139~1-67548]:DecodeUtteranceLatticeFaster():decoder-wrappers.cc:375) Log-like per frame for utterance FSI303 is -7.7471 over 362 frames.
FSI304 tanggam udawum ireu gawanam selutteu 
LOG (gmm-latgen-faster[5.5.1139~1-67548]:DecodeUtteranceLatticeFaster():decoder-wrappers.cc:375) Log-like per frame for utterance FSI304 is -7.80564 over 356 frames.
FSI305 sarppam ooram ndadxitteuk kaatxtxa maadam pirxarai 
LOG (gmm-latgen-faster[5.5.1139~1-67548]:DecodeUtteranceLatticeFaster():decoder-wrappers.cc:375) Log-like per frame for utterance FSI305 is -7.81254 over 475 frames.
FSI306 seyal muutxtxi tii wibatteu ndadxanddadeu 
LOG (gmm-latgen-faster[5.5.1139~1-67548]:DecodeUtteranceLatticeFaster():decoder-wrappers.cc:375) Log-like per frame for utterance FSI306 is -7.65886 over 427 frames.
FSI307 kuuzh seyaleukkeut tiirweu kaanxeu 
LOG (gmm-latgen-faster[5.5.1139~1-67548]:DecodeUtteranceLatticeFaster():decoder-wrappers.cc:375) Log-like per frame for utterance FSI307 is -7.60303 over 327 frames.
FSI308 yaadum sirxeu waanam perxeu 
LOG (gmm-latgen-faster[5.5.1139~1-67548]:DecodeUtteranceLatticeFaster():decoder-wrappers.cc:375) Log-like per frame for utterance FSI308 is -7.44209 over 340 frames.
FSI309 wizhunddeu pal puunxdxeu ndalladeu 
LOG (gmm-latgen-faster[5.5.1139~1-67548]:DecodeUtteranceLatticeFaster():decoder-wrappers.cc:375) Log-like per frame for utterance FSI309 is -7.57979 over 317 frames.
FSI310 tusxtxan sotteu seyal seywaan 
LOG (gmm-latgen-faster[5.5.1139~1-67548]:DecodeUtteranceLatticeFaster():decoder-wrappers.cc:375) Log-like per frame for utterance FSI310 is -7.95031 over 326 frames.
FSI311 pooraay tuudeu anuppa oppudal sirxuwar karam perxeu 
LOG (gmm-latgen-faster[5.5.1139~1-67548]:DecodeUtteranceLatticeFaster():decoder-wrappers.cc:375) Log-like per frame for utterance FSI311 is -7.84193 over 624 frames.
FSI312 ndaadxeu tuulx matxtxam gunxam irunddadeu 
LOG (gmm-latgen-faster[5.5.1139~1-67548]:DecodeUtteranceLatticeFaster():decoder-wrappers.cc:375) Log-like per frame for utterance FSI312 is -7.8674 over 414 frames.
FSI313 kutxtxaiyil tanxnxiir teenggiyadeu 
LOG (gmm-latgen-faster[5.5.1139~1-67548]:DecodeUtteranceLatticeFaster():decoder-wrappers.cc:375) Log-like per frame for utterance FSI313 is -7.68396 over 355 frames.
FSI314 suuriyan pirxar pugazhin toonrxuga 
LOG (gmm-latgen-faster[5.5.1139~1-67548]:DecodeUtteranceLatticeFaster():decoder-wrappers.cc:375) Log-like per frame for utterance FSI314 is -8.34389 over 270 frames.
FSI315 toosxattirxkeu parigaaram sey 
LOG (gmm-latgen-faster[5.5.1139~1-67548]:DecodeUtteranceLatticeFaster():decoder-wrappers.cc:375) Log-like per frame for utterance FSI315 is -7.74309 over 313 frames.
FSI316 anaittum pozhudeu usxnxam ezheu palli ndam 
LOG (gmm-latgen-faster[5.5.1139~1-67548]:DecodeUtteranceLatticeFaster():decoder-wrappers.cc:375) Log-like per frame for utterance FSI316 is -7.95417 over 410 frames.
FSI317 paanam penx ndanjjeu kodxiyadeu 
LOG (gmm-latgen-faster[5.5.1139~1-67548]:DecodeUtteranceLatticeFaster():decoder-wrappers.cc:375) Log-like per frame for utterance FSI317 is -7.38225 over 426 frames.
FSI318 inrxeu mazhai ndiidxikkum 
LOG (gmm-latgen-faster[5.5.1139~1-67548]:DecodeUtteranceLatticeFaster():decoder-wrappers.cc:375) Log-like per frame for utterance FSI318 is -7.36664 over 310 frames.
FSI319 saalaiyil ndiir ndirambiyadeu 
LOG (gmm-latgen-faster[5.5.1139~1-67548]:DecodeUtteranceLatticeFaster():decoder-wrappers.cc:375) Log-like per frame for utterance FSI319 is -7.40963 over 414 frames.
FSI320 banggalxaadeesx oreu ndaadxeu 
LOG (gmm-latgen-faster[5.5.1139~1-67548]:DecodeUtteranceLatticeFaster():decoder-wrappers.cc:375) Log-like per frame for utterance FSI320 is -7.40423 over 351 frames.
FSI321 yaawarum kulxir ndoonjjaanaaga ireukkaan 
LOG (gmm-latgen-faster[5.5.1139~1-67548]:DecodeUtteranceLatticeFaster():decoder-wrappers.cc:375) Log-like per frame for utterance FSI321 is -7.80197 over 353 frames.
FSI322 deesiya panggeu uyarnddadeu 
LOG (gmm-latgen-faster[5.5.1139~1-67548]:DecodeUtteranceLatticeFaster():decoder-wrappers.cc:375) Log-like per frame for utterance FSI322 is -7.60285 over 380 frames.
FSI323 ndaatxtxil tanxnxiir panjjam ndilawiyadeu 
LOG (gmm-latgen-faster[5.5.1139~1-67548]:DecodeUtteranceLatticeFaster():decoder-wrappers.cc:375) Log-like per frame for utterance FSI323 is -7.8615 over 461 frames.
FSI324 panjjaayatteu wazhakkeu mudxiweukkeu wanddadeu 
LOG (gmm-latgen-faster[5.5.1139~1-67548]:DecodeUtteranceLatticeFaster():decoder-wrappers.cc:375) Log-like per frame for utterance FSI324 is -7.58375 over 435 frames.
FSI325 panjjeu nderuppil kodxiyadeu 
LOG (gmm-latgen-faster[5.5.1139~1-67548]:DecodeUtteranceLatticeFaster():decoder-wrappers.cc:375) Log-like per frame for utterance FSI325 is -7.8679 over 361 frames.
FSI326 paagam kurxi makkalx panxbeu sirxappeu 
LOG (gmm-latgen-faster[5.5.1139~1-67548]:DecodeUtteranceLatticeFaster():decoder-wrappers.cc:375) Log-like per frame for utterance FSI326 is -7.90563 over 443 frames.
FSI327 saalaiyil padxippadeu kuuwum ooram 
LOG (gmm-latgen-faster[5.5.1139~1-67548]:DecodeUtteranceLatticeFaster():decoder-wrappers.cc:375) Log-like per frame for utterance FSI327 is -7.35491 over 452 frames.
FSI328 indda raajaa endda baasxai peesinaar 
LOG (gmm-latgen-faster[5.5.1139~1-67548]:DecodeUtteranceLatticeFaster():decoder-wrappers.cc:375) Log-like per frame for utterance FSI328 is -7.70639 over 380 frames.
FSI329 en purusxan balasaali 
LOG (gmm-latgen-faster[5.5.1139~1-67548]:DecodeUtteranceLatticeFaster():decoder-wrappers.cc:375) Log-like per frame for utterance FSI329 is -7.60445 over 384 frames.
FSI330 puurwa weesxam uuril puugambam 
LOG (gmm-latgen-faster[5.5.1139~1-67548]:DecodeUtteranceLatticeFaster():decoder-wrappers.cc:375) Log-like per frame for utterance FSI330 is -7.50071 over 380 frames.
FSI331 puurwa jenma banddam 
LOG (gmm-latgen-faster[5.5.1139~1-67548]:DecodeUtteranceLatticeFaster():decoder-wrappers.cc:375) Log-like per frame for utterance FSI331 is -7.76444 over 230 frames.
FSI332 inrxeu puujaiyil kalanddeu kolx 
LOG (gmm-latgen-faster[5.5.1139~1-67548]:DecodeUtteranceLatticeFaster():decoder-wrappers.cc:375) Log-like per frame for utterance FSI332 is -7.76901 over 309 frames.
FSI333 pon porulx paartteu pazhagaadee 
LOG (gmm-latgen-faster[5.5.1139~1-67548]:DecodeUtteranceLatticeFaster():decoder-wrappers.cc:375) Log-like per frame for utterance FSI333 is -7.90942 over 313 frames.
FSI334 un mugam poliwaaga ulxlxadeu 
LOG (gmm-latgen-faster[5.5.1139~1-67548]:DecodeUtteranceLatticeFaster():decoder-wrappers.cc:375) Log-like per frame for utterance FSI334 is -7.22684 over 357 frames.
FSI335 petxtxiyai kiizhee poodxeu 
LOG (gmm-latgen-faster[5.5.1139~1-67548]:DecodeUtteranceLatticeFaster():decoder-wrappers.cc:375) Log-like per frame for utterance FSI335 is -7.32401 over 290 frames.
FSI336 pooliyaana waazhkkai kariim 
LOG (gmm-latgen-faster[5.5.1139~1-67548]:DecodeUtteranceLatticeFaster():decoder-wrappers.cc:375) Log-like per frame for utterance FSI336 is -7.96639 over 315 frames.
FSI337 taay ireu poosxaakkaana unxaweu 
LOG (gmm-latgen-faster[5.5.1139~1-67548]:DecodeUtteranceLatticeFaster():decoder-wrappers.cc:375) Log-like per frame for utterance FSI337 is -7.689 over 414 frames.
FSI338 widiyai rambam paccai waliyadeu 
LOG (gmm-latgen-faster[5.5.1139~1-67548]:DecodeUtteranceLatticeFaster():decoder-wrappers.cc:375) Log-like per frame for utterance FSI338 is -7.76017 over 307 frames.
FSI339 etxtxeukkaali oreu puucci 
LOG (gmm-latgen-faster[5.5.1139~1-67548]:DecodeUtteranceLatticeFaster():decoder-wrappers.cc:375) Log-like per frame for utterance FSI339 is -7.4604 over 294 frames.
FSI340 ndaatxtxeu maadattil maadam widiyai injji 
LOG (gmm-latgen-faster[5.5.1139~1-67548]:DecodeUtteranceLatticeFaster():decoder-wrappers.cc:375) Log-like per frame for utterance FSI340 is -7.57425 over 450 frames.
FSI341 peyar kanxnxeukkeu ndalladeu 
LOG (gmm-latgen-faster[5.5.1139~1-67548]:DecodeUtteranceLatticeFaster():decoder-wrappers.cc:375) Log-like per frame for utterance FSI341 is -7.51301 over 354 frames.
FSI342 muulxai illaadawan mutxtxaalx 
LOG (gmm-latgen-faster[5.5.1139~1-67548]:DecodeUtteranceLatticeFaster():decoder-wrappers.cc:375) Log-like per frame for utterance FSI342 is -7.47068 over 330 frames.
FSI343 tozhilil muuladanam poodxa weenxdxum 
LOG (gmm-latgen-faster[5.5.1139~1-67548]:DecodeUtteranceLatticeFaster():decoder-wrappers.cc:375) Log-like per frame for utterance FSI343 is -7.68326 over 385 frames.
FSI344 eetxtxeu ndil widxiyum 
LOG (gmm-latgen-faster[5.5.1139~1-67548]:DecodeUtteranceLatticeFaster():decoder-wrappers.cc:375) Log-like per frame for utterance FSI344 is -7.66927 over 292 frames.
FSI345 indda maiyanggalx enggeu ulxlxadeu 
LOG (gmm-latgen-faster[5.5.1139~1-67548]:DecodeUtteranceLatticeFaster():decoder-wrappers.cc:375) Log-like per frame for utterance FSI345 is -7.85927 over 301 frames.
FSI346 makkalx raajjiyam weenxdxum 
LOG (gmm-latgen-faster[5.5.1139~1-67548]:DecodeUtteranceLatticeFaster():decoder-wrappers.cc:375) Log-like per frame for utterance FSI346 is -7.64814 over 313 frames.
FSI347 risxikkeu roosxam adigam 
LOG (gmm-latgen-faster[5.5.1139~1-67548]:DecodeUtteranceLatticeFaster():decoder-wrappers.cc:375) Log-like per frame for utterance FSI347 is -7.91523 over 367 frames.
FSI348 ndaatxtxeu taazha koobam 
LOG (gmm-latgen-faster[5.5.1139~1-67548]:DecodeUtteranceLatticeFaster():decoder-wrappers.cc:375) Log-like per frame for utterance FSI348 is -7.62983 over 290 frames.
FSI349 tuukkam udxaleukkeu ndalladeu 
LOG (gmm-latgen-faster[5.5.1139~1-67548]:DecodeUtteranceLatticeFaster():decoder-wrappers.cc:375) Log-like per frame for utterance FSI349 is -7.67917 over 290 frames.
FSI350 laksxmi muga laksxanxam ulxlxa penx 
LOG (gmm-latgen-faster[5.5.1139~1-67548]:DecodeUtteranceLatticeFaster():decoder-wrappers.cc:375) Log-like per frame for utterance FSI350 is -7.66241 over 489 frames.
FSI351 widxaa muyarxci walxarcci tarum 
LOG (gmm-latgen-faster[5.5.1139~1-67548]:DecodeUtteranceLatticeFaster():decoder-wrappers.cc:375) Log-like per frame for utterance FSI351 is -7.5567 over 477 frames.
FSI352 wiitxtxil wiseesxam unxdxeu 
LOG (gmm-latgen-faster[5.5.1139~1-67548]:DecodeUtteranceLatticeFaster():decoder-wrappers.cc:375) Log-like per frame for utterance FSI352 is -7.40559 over 375 frames.
FSI353 manjjalx teeytteuk uurwadeu 
LOG (gmm-latgen-faster[5.5.1139~1-67548]:DecodeUtteranceLatticeFaster():decoder-wrappers.cc:375) Log-like per frame for utterance FSI353 is -7.96785 over 243 frames.
FSI354 jalam wiidi wazhiyaaga sellum peerunddeu 
LOG (gmm-latgen-faster[5.5.1139~1-67548]:DecodeUtteranceLatticeFaster():decoder-wrappers.cc:375) Log-like per frame for utterance FSI354 is -7.85069 over 481 frames.
FSI355 tirxanddeu pinni weesxam poodxeu 
LOG (gmm-latgen-faster[5.5.1139~1-67548]:DecodeUtteranceLatticeFaster():decoder-wrappers.cc:375) Log-like per frame for utterance FSI355 is -7.82436 over 300 frames.
FSI356 janawari mudal maadam 
LOG (gmm-latgen-faster[5.5.1139~1-67548]:DecodeUtteranceLatticeFaster():decoder-wrappers.cc:375) Log-like per frame for utterance FSI356 is -7.78276 over 249 frames.
FSI357 janamee ndam balam 
LOG (gmm-latgen-faster[5.5.1139~1-67548]:DecodeUtteranceLatticeFaster():decoder-wrappers.cc:375) Log-like per frame for utterance FSI357 is -7.2371 over 253 frames.
FSI358 jaadi illaiyadxi paappaa 
LOG (gmm-latgen-faster[5.5.1139~1-67548]:DecodeUtteranceLatticeFaster():decoder-wrappers.cc:375) Log-like per frame for utterance FSI358 is -8.04994 over 278 frames.
FSI359 waay jaalam kaatxtxum manidan 
LOG (gmm-latgen-faster[5.5.1139~1-67548]:DecodeUtteranceLatticeFaster():decoder-wrappers.cc:375) Log-like per frame for utterance FSI359 is -7.87637 over 307 frames.
FSI360 jaalraa padxar eetxrxam 
LOG (gmm-latgen-faster[5.5.1139~1-67548]:DecodeUtteranceLatticeFaster():decoder-wrappers.cc:375) Log-like per frame for utterance FSI360 is -7.66669 over 292 frames.
FSI361 ajiiranxak koolxaarxeu 
LOG (gmm-latgen-faster[5.5.1139~1-67548]:DecodeUtteranceLatticeFaster():decoder-wrappers.cc:375) Log-like per frame for utterance FSI361 is -7.66261 over 267 frames.
FSI362 matxtxam waliyadeu tanxnxiir injji 
LOG (gmm-latgen-faster[5.5.1139~1-67548]:DecodeUtteranceLatticeFaster():decoder-wrappers.cc:375) Log-like per frame for utterance FSI362 is -7.66812 over 394 frames.
FSI363 indda sidambaram aadxaiyil enggalx 
LOG (gmm-latgen-faster[5.5.1139~1-67548]:DecodeUtteranceLatticeFaster():decoder-wrappers.cc:375) Log-like per frame for utterance FSI363 is -7.79253 over 369 frames.
FSI364 togudi hetx sanddippeu ndam 
LOG (gmm-latgen-faster[5.5.1139~1-67548]:DecodeUtteranceLatticeFaster():decoder-wrappers.cc:375) Log-like per frame for utterance FSI364 is -7.69585 over 327 frames.
FSI365 wilai awan walxarcci ndaatxtxeu walxarcci 
LOG (gmm-latgen-faster[5.5.1139~1-67548]:DecodeUtteranceLatticeFaster():decoder-wrappers.cc:375) Log-like per frame for utterance FSI365 is -7.33074 over 452 frames.
FVP293 guruwai sisxyan wanxangginaan 
LOG (gmm-latgen-faster[5.5.1139~1-67548]:DecodeUtteranceLatticeFaster():decoder-wrappers.cc:375) Log-like per frame for utterance FVP293 is -7.74764 over 360 frames.
FVP294 siikkiram eerxpaadxeu sey 
LOG (gmm-latgen-faster[5.5.1139~1-67548]:DecodeUtteranceLatticeFaster():decoder-wrappers.cc:375) Log-like per frame for utterance FVP294 is -7.83805 over 310 frames.
FVP295 siirxum paambai ndambaadee 
LOG (gmm-latgen-faster[5.5.1139~1-67548]:DecodeUtteranceLatticeFaster():decoder-wrappers.cc:375) Log-like per frame for utterance FVP295 is -7.66069 over 330 frames.
FVP296 eelakkaay suzhi sirxuwan seetxtxai seywaan 
LOG (gmm-latgen-faster[5.5.1139~1-67548]:DecodeUtteranceLatticeFaster():decoder-wrappers.cc:375) Log-like per frame for utterance FVP296 is -7.87109 over 544 frames.
FVP297 suutxcamam arxinddeu seyalpadxeu 
LOG (gmm-latgen-faster[5.5.1139~1-67548]:DecodeUtteranceLatticeFaster():decoder-wrappers.cc:375) Log-like per frame for utterance FVP297 is -7.61108 over 465 frames.
FVP298 asuran tawam irunddaan 
LOG (gmm-latgen-faster[5.5.1139~1-67548]:DecodeUtteranceLatticeFaster():decoder-wrappers.cc:375) Log-like per frame for utterance FVP298 is -7.91782 over 327 frames.
FVP299 kaalxi suulam eenddinaan 
LOG (gmm-latgen-faster[5.5.1139~1-67548]:DecodeUtteranceLatticeFaster():decoder-wrappers.cc:375) Log-like per frame for utterance FVP299 is -7.71226 over 320 frames.
FVP300 sutxrxeu suuzhal sugaadaaram pinpatxrxeu 
LOG (gmm-latgen-faster[5.5.1139~1-67548]:DecodeUtteranceLatticeFaster():decoder-wrappers.cc:375) Log-like per frame for utterance FVP300 is -8.14226 over 458 frames.
FVP301 seewalin kuuwalil pozhudeu widxiyum 
LOG (gmm-latgen-faster[5.5.1139~1-67548]:DecodeUtteranceLatticeFaster():decoder-wrappers.cc:375) Log-like per frame for utterance FVP301 is -7.63432 over 464 frames.
FVP302 enakkeu ndaappazhakkam maadattil irunddadeu 
LOG (gmm-latgen-faster[5.5.1139~1-67548]:DecodeUtteranceLatticeFaster():decoder-wrappers.cc:375) Log-like per frame for utterance FVP302 is -8.07908 over 396 frames.
FVP303 ndaay ireu widxumurxai kadxai adxaippeu 
LOG (gmm-latgen-faster[5.5.1139~1-67548]:DecodeUtteranceLatticeFaster():decoder-wrappers.cc:375) Log-like per frame for utterance FVP303 is -7.8932 over 383 frames.
FVP304 tanggalx udxaimai idxeu gawanam selutteu 
LOG (gmm-latgen-faster[5.5.1139~1-67548]:DecodeUtteranceLatticeFaster():decoder-wrappers.cc:375) Log-like per frame for utterance FVP304 is -7.71525 over 476 frames.
FVP305 kasxtxam waa maada ndadxitteuk kaatxtxa njaanam teewai 
LOG (gmm-latgen-faster[5.5.1139~1-67548]:DecodeUtteranceLatticeFaster():decoder-wrappers.cc:375) Log-like per frame for utterance FVP305 is -7.72957 over 617 frames.
FVP306 tii muutxtxi kiizhee kuurnddeu petxtxiyai ndadxanddadeu 
LOG (gmm-latgen-faster[5.5.1139~1-67548]:DecodeUtteranceLatticeFaster():decoder-wrappers.cc:375) Log-like per frame for utterance FVP306 is -7.76504 over 508 frames.
FVP307 un seyaleukkeut tiirweu kaanxeu 
LOG (gmm-latgen-faster[5.5.1139~1-67548]:DecodeUtteranceLatticeFaster():decoder-wrappers.cc:375) Log-like per frame for utterance FVP307 is -7.72658 over 329 frames.
FVP308 malar tuuwi waazhtteu 
LOG (gmm-latgen-faster[5.5.1139~1-67548]:DecodeUtteranceLatticeFaster():decoder-wrappers.cc:375) Log-like per frame for utterance FVP308 is -7.52693 over 352 frames.
FVP309 iranxdxeu pal puunxdxeu ndalladeu 
LOG (gmm-latgen-faster[5.5.1139~1-67548]:DecodeUtteranceLatticeFaster():decoder-wrappers.cc:375) Log-like per frame for utterance FVP309 is -7.65669 over 407 frames.
FVP310 biins seyal tusxtxa seyal seywaan 
LOG (gmm-latgen-faster[5.5.1139~1-67548]:DecodeUtteranceLatticeFaster():decoder-wrappers.cc:375) Log-like per frame for utterance FVP310 is -8.11746 over 409 frames.
FVP311 pooraay sutxrxeu anuppa tolai duuram parxanddadeu 
LOG (gmm-latgen-faster[5.5.1139~1-67548]:DecodeUtteranceLatticeFaster():decoder-wrappers.cc:375) Log-like per frame for utterance FVP311 is -7.9741 over 568 frames.
FVP312 manjjalx tuulx maruttuwa gunxam ndirxainddadeu 
LOG (gmm-latgen-faster[5.5.1139~1-67548]:DecodeUtteranceLatticeFaster():decoder-wrappers.cc:375) Log-like per frame for utterance FVP312 is -7.78252 over 528 frames.
FVP313 kutxtxaiyil tanxnxiir teenggiyadeu 
LOG (gmm-latgen-faster[5.5.1139~1-67548]:DecodeUtteranceLatticeFaster():decoder-wrappers.cc:375) Log-like per frame for utterance FVP313 is -7.63545 over 326 frames.
FVP314 toonrxiya pugazhin toonrxuga 
LOG (gmm-latgen-faster[5.5.1139~1-67548]:DecodeUtteranceLatticeFaster():decoder-wrappers.cc:375) Log-like per frame for utterance FVP314 is -7.73778 over 372 frames.
FVP315 toosxattirxkeu parigaaram sey 
LOG (gmm-latgen-faster[5.5.1139~1-67548]:DecodeUtteranceLatticeFaster():decoder-wrappers.cc:375) Log-like per frame for utterance FVP315 is -7.93908 over 318 frames.
FVP316 ndacceup pugai oosoonai baadikkum 
LOG (gmm-latgen-faster[5.5.1139~1-67548]:DecodeUtteranceLatticeFaster():decoder-wrappers.cc:375) Log-like per frame for utterance FVP316 is -8.30278 over 377 frames.
FVP317 paambin ndanjjeu kodxiyadeu 
LOG (gmm-latgen-faster[5.5.1139~1-67548]:DecodeUtteranceLatticeFaster():decoder-wrappers.cc:375) Log-like per frame for utterance FVP317 is -7.68049 over 304 frames.
FVP318 inrxeu mazhai ndiidxikkum 
LOG (gmm-latgen-faster[5.5.1139~1-67548]:DecodeUtteranceLatticeFaster():decoder-wrappers.cc:375) Log-like per frame for utterance FVP318 is -7.86245 over 241 frames.
FVP319 saalaiyil ndiir ndirambiyadeu 
LOG (gmm-latgen-faster[5.5.1139~1-67548]:DecodeUtteranceLatticeFaster():decoder-wrappers.cc:375) Log-like per frame for utterance FVP319 is -7.73022 over 323 frames.
FVP320 banggalxaadeesx oreu ndaadxeu 
LOG (gmm-latgen-faster[5.5.1139~1-67548]:DecodeUtteranceLatticeFaster():decoder-wrappers.cc:375) Log-like per frame for utterance FVP320 is -7.67006 over 309 frames.
FVP321 een ippadxi ndoonjjaanaaga ireukkaan 
LOG (gmm-latgen-faster[5.5.1139~1-67548]:DecodeUtteranceLatticeFaster():decoder-wrappers.cc:375) Log-like per frame for utterance FVP321 is -7.86302 over 467 frames.
FVP322 biins iiyam panggeu uyarnddadeu 
LOG (gmm-latgen-faster[5.5.1139~1-67548]:DecodeUtteranceLatticeFaster():decoder-wrappers.cc:375) Log-like per frame for utterance FVP322 is -8.08002 over 279 frames.
FVP323 ndaatxtxil tanxnxiir panjjam ndilawiyadeu 
LOG (gmm-latgen-faster[5.5.1139~1-67548]:DecodeUtteranceLatticeFaster():decoder-wrappers.cc:375) Log-like per frame for utterance FVP323 is -7.80031 over 494 frames.
FVP324 panjjaayatteu wazhakkeu mudxiweukkeu wanddadeu 
LOG (gmm-latgen-faster[5.5.1139~1-67548]:DecodeUtteranceLatticeFaster():decoder-wrappers.cc:375) Log-like per frame for utterance FVP324 is -7.82678 over 387 frames.
FVP325 panjjeu nderuppil kuurnddeu idxeu 
LOG (gmm-latgen-faster[5.5.1139~1-67548]:DecodeUtteranceLatticeFaster():decoder-wrappers.cc:375) Log-like per frame for utterance FVP325 is -7.83595 over 374 frames.
FVP326 pazham kuudxi maarc kal kanrxeu sirxeu perxeu 
LOG (gmm-latgen-faster[5.5.1139~1-67548]:DecodeUtteranceLatticeFaster():decoder-wrappers.cc:375) Log-like per frame for utterance FVP326 is -7.83565 over 438 frames.
FVP327 kaalai bajanai migawum pirabalam 
LOG (gmm-latgen-faster[5.5.1139~1-67548]:DecodeUtteranceLatticeFaster():decoder-wrappers.cc:375) Log-like per frame for utterance FVP327 is -8.04453 over 412 frames.
FVP328 indda raajaa endda paar sey pidxi ndam 
LOG (gmm-latgen-faster[5.5.1139~1-67548]:DecodeUtteranceLatticeFaster():decoder-wrappers.cc:375) Log-like per frame for utterance FVP328 is -8.03816 over 373 frames.
FVP329 en purusxan balasaali 
LOG (gmm-latgen-faster[5.5.1139~1-67548]:DecodeUtteranceLatticeFaster():decoder-wrappers.cc:375) Log-like per frame for utterance FVP329 is -7.9217 over 317 frames.
FVP330 muulxai seyal uuril puugambam 
LOG (gmm-latgen-faster[5.5.1139~1-67548]:DecodeUtteranceLatticeFaster():decoder-wrappers.cc:375) Log-like per frame for utterance FVP330 is -7.83931 over 400 frames.
FVP331 pooraay anjjal manx banddam 
LOG (gmm-latgen-faster[5.5.1139~1-67548]:DecodeUtteranceLatticeFaster():decoder-wrappers.cc:375) Log-like per frame for utterance FVP331 is -8.16563 over 287 frames.
FVP332 inrxeu puujaiyil kalanddeu kolx 
LOG (gmm-latgen-faster[5.5.1139~1-67548]:DecodeUtteranceLatticeFaster():decoder-wrappers.cc:375) Log-like per frame for utterance FVP332 is -7.90755 over 324 frames.
FVP333 pon porulx paartteu pazhagaadee 
LOG (gmm-latgen-faster[5.5.1139~1-67548]:DecodeUtteranceLatticeFaster():decoder-wrappers.cc:375) Log-like per frame for utterance FVP333 is -7.87222 over 315 frames.
FVP334 un mugam poliwaaga ulxlxadeu 
LOG (gmm-latgen-faster[5.5.1139~1-67548]:DecodeUtteranceLatticeFaster():decoder-wrappers.cc:375) Log-like per frame for utterance FVP334 is -7.86845 over 327 frames.
FVP335 petxtxiyai kiizhee poodxeu 
LOG (gmm-latgen-faster[5.5.1139~1-67548]:DecodeUtteranceLatticeFaster():decoder-wrappers.cc:375) Log-like per frame for utterance FVP335 is -7.64818 over 342 frames.
FVP336 pooliyaana waazhkkai tawir 
LOG (gmm-latgen-faster[5.5.1139~1-67548]:DecodeUtteranceLatticeFaster():decoder-wrappers.cc:375) Log-like per frame for utterance FVP336 is -7.81883 over 252 frames.
FVP337 ndaatxtxil poosxaakkaana unxaweu 
LOG (gmm-latgen-faster[5.5.1139~1-67548]:DecodeUtteranceLatticeFaster():decoder-wrappers.cc:375) Log-like per frame for utterance FVP337 is -7.95359 over 368 frames.
FVP338 elumbeu majjai waliyadeu 
LOG (gmm-latgen-faster[5.5.1139~1-67548]:DecodeUtteranceLatticeFaster():decoder-wrappers.cc:375) Log-like per frame for utterance FVP338 is -7.94209 over 353 frames.
FVP339 etxtxeukkaali oreu puucci 
LOG (gmm-latgen-faster[5.5.1139~1-67548]:DecodeUtteranceLatticeFaster():decoder-wrappers.cc:375) Log-like per frame for utterance FVP339 is -7.59904 over 319 frames.
FVP340 waasanai maadattil ammaa biins en tii ireu 
LOG (gmm-latgen-faster[5.5.1139~1-67548]:DecodeUtteranceLatticeFaster():decoder-wrappers.cc:375) Log-like per frame for utterance FVP340 is -8.06341 over 427 frames.
FVP341 miin kanxnxeukkeu ndalladeu 
LOG (gmm-latgen-faster[5.5.1139~1-67548]:DecodeUtteranceLatticeFaster():decoder-wrappers.cc:375) Log-like per frame for utterance FVP341 is -7.68083 over 261 frames.
FVP342 muulxai illaadawan mutxtxaalx 
LOG (gmm-latgen-faster[5.5.1139~1-67548]:DecodeUtteranceLatticeFaster():decoder-wrappers.cc:375) Log-like per frame for utterance FVP342 is -7.81973 over 296 frames.
FVP343 tozhilil muuladanam poodxa weenxdxum 
LOG (gmm-latgen-faster[5.5.1139~1-67548]:DecodeUtteranceLatticeFaster():decoder-wrappers.cc:375) Log-like per frame for utterance FVP343 is -7.87542 over 367 frames.
FVP344 widiyai muulaiyil eezhai ndil 
LOG (gmm-latgen-faster[5.5.1139~1-67548]:DecodeUtteranceLatticeFaster():decoder-wrappers.cc:375) Log-like per frame for utterance FVP344 is -7.89106 over 303 frames.
FVP345 indda maiyanggalx enggeu ulxlxadeu 
LOG (gmm-latgen-faster[5.5.1139~1-67548]:DecodeUtteranceLatticeFaster():decoder-wrappers.cc:375) Log-like per frame for utterance FVP345 is -7.9605 over 328 frames.
FVP346 makkalx raajjiyam weenxdxum 
LOG (gmm-latgen-faster[5.5.1139~1-67548]:DecodeUtteranceLatticeFaster():decoder-wrappers.cc:375) Log-like per frame for utterance FVP346 is -8.13132 over 224 frames.
FVP347 risxikkeu roosxam adigam 
LOG (gmm-latgen-faster[5.5.1139~1-67548]:DecodeUtteranceLatticeFaster():decoder-wrappers.cc:375) Log-like per frame for utterance FVP347 is -7.94124 over 305 frames.
FVP348 lajjai enrxaal wekkam 
LOG (gmm-latgen-faster[5.5.1139~1-67548]:DecodeUtteranceLatticeFaster():decoder-wrappers.cc:375) Log-like per frame for utterance FVP348 is -7.97635 over 248 frames.
FVP349 tuukkam udxaleukkeu ndalladeu 
LOG (gmm-latgen-faster[5.5.1139~1-67548]:DecodeUtteranceLatticeFaster():decoder-wrappers.cc:375) Log-like per frame for utterance FVP349 is -7.58323 over 325 frames.
FVP350 laksxmi muga laksxanxam ulxlxa penx 
LOG (gmm-latgen-faster[5.5.1139~1-67548]:DecodeUtteranceLatticeFaster():decoder-wrappers.cc:375) Log-like per frame for utterance FVP350 is -7.80402 over 451 frames.
FVP351 widxaa muyarxci walxarcci tarum 
LOG (gmm-latgen-faster[5.5.1139~1-67548]:DecodeUtteranceLatticeFaster():decoder-wrappers.cc:375) Log-like per frame for utterance FVP351 is -7.95627 over 364 frames.
FVP352 wiitxtxil wiseesxam unxdxeu 
LOG (gmm-latgen-faster[5.5.1139~1-67548]:DecodeUtteranceLatticeFaster():decoder-wrappers.cc:375) Log-like per frame for utterance FVP352 is -7.62514 over 310 frames.
FVP353 wandda wisxayattaik kuurxeu 
LOG (gmm-latgen-faster[5.5.1139~1-67548]:DecodeUtteranceLatticeFaster():decoder-wrappers.cc:375) Log-like per frame for utterance FVP353 is -7.48505 over 394 frames.
FVP354 en wiidi tii wazhiyaaga sellum peerunddeu 
LOG (gmm-latgen-faster[5.5.1139~1-67548]:DecodeUtteranceLatticeFaster():decoder-wrappers.cc:375) Log-like per frame for utterance FVP354 is -7.673 over 429 frames.
FVP355 jadxai pinni weesxam poodxeu 
LOG (gmm-latgen-faster[5.5.1139~1-67548]:DecodeUtteranceLatticeFaster():decoder-wrappers.cc:375) Log-like per frame for utterance FVP355 is -7.58916 over 344 frames.
FVP356 janawari mudal ndaanxam 
LOG (gmm-latgen-faster[5.5.1139~1-67548]:DecodeUtteranceLatticeFaster():decoder-wrappers.cc:375) Log-like per frame for utterance FVP356 is -8.54379 over 284 frames.
FVP357 janamee ndam balam 
LOG (gmm-latgen-faster[5.5.1139~1-67548]:DecodeUtteranceLatticeFaster():decoder-wrappers.cc:375) Log-like per frame for utterance FVP357 is -8.86965 over 204 frames.
FVP358 ndaatxtxil illaiyadxi paappaa 
LOG (gmm-latgen-faster[5.5.1139~1-67548]:DecodeUtteranceLatticeFaster():decoder-wrappers.cc:375) Log-like per frame for utterance FVP358 is -8.68068 over 247 frames.
FVP359 waay jaalam kaatxtxum manidan 
LOG (gmm-latgen-faster[5.5.1139~1-67548]:DecodeUtteranceLatticeFaster():decoder-wrappers.cc:375) Log-like per frame for utterance FVP359 is -8.69586 over 279 frames.
FVP360 jalam poodxa weenxdxaam 
LOG (gmm-latgen-faster[5.5.1139~1-67548]:DecodeUtteranceLatticeFaster():decoder-wrappers.cc:375) Log-like per frame for utterance FVP360 is -8.55031 over 234 frames.
FVP361 ajiiranxak koolxaarxeu 
LOG (gmm-latgen-faster[5.5.1139~1-67548]:DecodeUtteranceLatticeFaster():decoder-wrappers.cc:375) Log-like per frame for utterance FVP361 is -8.04252 over 273 frames.
FVP362 hastam parxanddadeu kanjji jeyanddi 
LOG (gmm-latgen-faster[5.5.1139~1-67548]:DecodeUtteranceLatticeFaster():decoder-wrappers.cc:375) Log-like per frame for utterance FVP362 is -8.23847 over 410 frames.
FVP363 ndiinggalx sxeemamaaga irunggalx 
LOG (gmm-latgen-faster[5.5.1139~1-67548]:DecodeUtteranceLatticeFaster():decoder-wrappers.cc:375) Log-like per frame for utterance FVP363 is -8.09826 over 372 frames.
FVP364 togudi hetx sanddippeu 
LOG (gmm-latgen-faster[5.5.1139~1-67548]:DecodeUtteranceLatticeFaster():decoder-wrappers.cc:375) Log-like per frame for utterance FVP364 is -7.83701 over 340 frames.
FVP365 inggee alla walxarcci ndaatxtxeu walxarcci 
LOG (gmm-latgen-faster[5.5.1139~1-67548]:DecodeUtteranceLatticeFaster():decoder-wrappers.cc:375) Log-like per frame for utterance FVP365 is -8.23486 over 306 frames.
MAK293 guruwai sisxyan wanxangginaan 
LOG (gmm-latgen-faster[5.5.1139~1-67548]:DecodeUtteranceLatticeFaster():decoder-wrappers.cc:375) Log-like per frame for utterance MAK293 is -7.7543 over 371 frames.
MAK294 siikkiram eerxpaadxeu sey 
LOG (gmm-latgen-faster[5.5.1139~1-67548]:DecodeUtteranceLatticeFaster():decoder-wrappers.cc:375) Log-like per frame for utterance MAK294 is -8.06751 over 332 frames.
MAK295 seyyum paambai ndambaadee 
LOG (gmm-latgen-faster[5.5.1139~1-67548]:DecodeUtteranceLatticeFaster():decoder-wrappers.cc:375) Log-like per frame for utterance MAK295 is -8.16621 over 305 frames.
MAK296 iratxtxai suzhi sirxuwan seetxtxai seywaan 
LOG (gmm-latgen-faster[5.5.1139~1-67548]:DecodeUtteranceLatticeFaster():decoder-wrappers.cc:375) Log-like per frame for utterance MAK296 is -8.07134 over 493 frames.
MAK297 poodum enrxa marunddeu seyal patxtxeu 
LOG (gmm-latgen-faster[5.5.1139~1-67548]:DecodeUtteranceLatticeFaster():decoder-wrappers.cc:375) Log-like per frame for utterance MAK297 is -8.24503 over 392 frames.
MAK298 siwappeu taagam ndiir idxam 
LOG (gmm-latgen-faster[5.5.1139~1-67548]:DecodeUtteranceLatticeFaster():decoder-wrappers.cc:375) Log-like per frame for utterance MAK298 is -7.98143 over 274 frames.
MAK299 kaalxi suulam eenddinaan 
LOG (gmm-latgen-faster[5.5.1139~1-67548]:DecodeUtteranceLatticeFaster():decoder-wrappers.cc:375) Log-like per frame for utterance MAK299 is -8.08859 over 315 frames.
MAK300 sutxrxeu suuzhal sugaadaaram pinpatxrxeu 
LOG (gmm-latgen-faster[5.5.1139~1-67548]:DecodeUtteranceLatticeFaster():decoder-wrappers.cc:375) Log-like per frame for utterance MAK300 is -8.2539 over 510 frames.
MAK301 eelakkaay kuuwum ezheu pozhudeu widxiyum 
LOG (gmm-latgen-faster[5.5.1139~1-67548]:DecodeUtteranceLatticeFaster():decoder-wrappers.cc:375) Log-like per frame for utterance MAK301 is -8.17779 over 375 frames.
MAK302 enakkeu ndam paagam marxadi unxdxeu 
LOG (gmm-latgen-faster[5.5.1139~1-67548]:DecodeUtteranceLatticeFaster():decoder-wrappers.cc:375) Log-like per frame for utterance MAK302 is -8.22206 over 452 frames.
MAK303 ndaay idxeu widxumurxai kadxai adxaippeu 
LOG (gmm-latgen-faster[5.5.1139~1-67548]:DecodeUtteranceLatticeFaster():decoder-wrappers.cc:375) Log-like per frame for utterance MAK303 is -8.13839 over 390 frames.
MAK304 tanggalx udxaimai miideu gawanam selutteu 
LOG (gmm-latgen-faster[5.5.1139~1-67548]:DecodeUtteranceLatticeFaster():decoder-wrappers.cc:375) Log-like per frame for utterance MAK304 is -8.10796 over 481 frames.
MAK305 kadambam agal ndadxitteuk kaatxtxa ndaanxam teewai 
LOG (gmm-latgen-faster[5.5.1139~1-67548]:DecodeUtteranceLatticeFaster():decoder-wrappers.cc:375) Log-like per frame for utterance MAK305 is -8.10647 over 506 frames.
MAK306 iiyam mudxiyum tii wibatteu ndadxanddadeu 
LOG (gmm-latgen-faster[5.5.1139~1-67548]:DecodeUtteranceLatticeFaster():decoder-wrappers.cc:375) Log-like per frame for utterance MAK306 is -7.94012 over 401 frames.
MAK307 un seyaleukkeut tiirweu kaanxeu 
LOG (gmm-latgen-faster[5.5.1139~1-67548]:DecodeUtteranceLatticeFaster():decoder-wrappers.cc:375) Log-like per frame for utterance MAK307 is -8.09939 over 329 frames.
MAK308 malar tuuwi waazhtteu 
LOG (gmm-latgen-faster[5.5.1139~1-67548]:DecodeUtteranceLatticeFaster():decoder-wrappers.cc:375) Log-like per frame for utterance MAK308 is -8.3866 over 277 frames.
MAK309 iranxdxeu pal puunxdxeu ndalladeu 
LOG (gmm-latgen-faster[5.5.1139~1-67548]:DecodeUtteranceLatticeFaster():decoder-wrappers.cc:375) Log-like per frame for utterance MAK309 is -8.11302 over 369 frames.
MAK310 purusxan pozhudeu seyal seywaan 
LOG (gmm-latgen-faster[5.5.1139~1-67548]:DecodeUtteranceLatticeFaster():decoder-wrappers.cc:375) Log-like per frame for utterance MAK310 is -7.9308 over 361 frames.
MAK311 koolxaarxeu pooliyaana paar tolai duuram parxanddadeu 
LOG (gmm-latgen-faster[5.5.1139~1-67548]:DecodeUtteranceLatticeFaster():decoder-wrappers.cc:375) Log-like per frame for utterance MAK311 is -8.06077 over 538 frames.
MAK312 manjjalx tuulx maruttuwa gunxam ndirxainddadeu 
LOG (gmm-latgen-faster[5.5.1139~1-67548]:DecodeUtteranceLatticeFaster():decoder-wrappers.cc:375) Log-like per frame for utterance MAK312 is -8.03327 over 464 frames.
MAK313 kutxtxaiyil tanxnxiir teenggiyadeu 
LOG (gmm-latgen-faster[5.5.1139~1-67548]:DecodeUtteranceLatticeFaster():decoder-wrappers.cc:375) Log-like per frame for utterance MAK313 is -7.74781 over 345 frames.
MAK314 toonrxiya pugazhin toonrxuga 
LOG (gmm-latgen-faster[5.5.1139~1-67548]:DecodeUtteranceLatticeFaster():decoder-wrappers.cc:375) Log-like per frame for utterance MAK314 is -8.20048 over 327 frames.
MAK315 toosxattirxkeu parigaaram sey 
LOG (gmm-latgen-faster[5.5.1139~1-67548]:DecodeUtteranceLatticeFaster():decoder-wrappers.cc:375) Log-like per frame for utterance MAK315 is -8.29172 over 394 frames.
MAK316 ndacceup pugai oosoonai baadikkum 
LOG (gmm-latgen-faster[5.5.1139~1-67548]:DecodeUtteranceLatticeFaster():decoder-wrappers.cc:375) Log-like per frame for utterance MAK316 is -8.56009 over 377 frames.
MAK317 paambin ndanjjeu kodxiyadeu 
LOG (gmm-latgen-faster[5.5.1139~1-67548]:DecodeUtteranceLatticeFaster():decoder-wrappers.cc:375) Log-like per frame for utterance MAK317 is -7.82637 over 314 frames.
MAK318 inrxeu mazhai ndiidxikkum 
LOG (gmm-latgen-faster[5.5.1139~1-67548]:DecodeUtteranceLatticeFaster():decoder-wrappers.cc:375) Log-like per frame for utterance MAK318 is -7.64482 over 267 frames.
MAK319 saalaiyil ndiir ndirambiyadeu 
LOG (gmm-latgen-faster[5.5.1139~1-67548]:DecodeUtteranceLatticeFaster():decoder-wrappers.cc:375) Log-like per frame for utterance MAK319 is -7.74311 over 273 frames.
MAK320 pagal adeu oreu ndaadxeu 
LOG (gmm-latgen-faster[5.5.1139~1-67548]:DecodeUtteranceLatticeFaster():decoder-wrappers.cc:375) Log-like per frame for utterance MAK320 is -8.14034 over 293 frames.
MAK321 een ippadxi ndoonjjaanaaga ireukkaan 
LOG (gmm-latgen-faster[5.5.1139~1-67548]:DecodeUtteranceLatticeFaster():decoder-wrappers.cc:375) Log-like per frame for utterance MAK321 is -7.86562 over 411 frames.
MAK322 deesiya panggeu sirxanddadeu 
LOG (gmm-latgen-faster[5.5.1139~1-67548]:DecodeUtteranceLatticeFaster():decoder-wrappers.cc:375) Log-like per frame for utterance MAK322 is -7.69665 over 310 frames.
MAK323 ndaatxtxil tanxnxiir panjjam ndilawiyadeu 
LOG (gmm-latgen-faster[5.5.1139~1-67548]:DecodeUtteranceLatticeFaster():decoder-wrappers.cc:375) Log-like per frame for utterance MAK323 is -7.88623 over 411 frames.
MAK324 panjjaayatteu wazhakkeu mudxiweukkeu wanddadeu 
LOG (gmm-latgen-faster[5.5.1139~1-67548]:DecodeUtteranceLatticeFaster():decoder-wrappers.cc:375) Log-like per frame for utterance MAK324 is -8.06875 over 494 frames.
MAK325 panjjeu nderuppil karugiyadeu 
LOG (gmm-latgen-faster[5.5.1139~1-67548]:DecodeUtteranceLatticeFaster():decoder-wrappers.cc:375) Log-like per frame for utterance MAK325 is -7.85951 over 325 frames.
MAK326 pazhanggudxi makkalx paambeu sirxappeu 
LOG (gmm-latgen-faster[5.5.1139~1-67548]:DecodeUtteranceLatticeFaster():decoder-wrappers.cc:375) Log-like per frame for utterance MAK326 is -8.2144 over 374 frames.
MAK327 kaalai bajanai migawum pambaram 
LOG (gmm-latgen-faster[5.5.1139~1-67548]:DecodeUtteranceLatticeFaster():decoder-wrappers.cc:375) Log-like per frame for utterance MAK327 is -8.12026 over 375 frames.
MAK328 indda raajaa endda baasxai peesinaar 
LOG (gmm-latgen-faster[5.5.1139~1-67548]:DecodeUtteranceLatticeFaster():decoder-wrappers.cc:375) Log-like per frame for utterance MAK328 is -8.07494 over 431 frames.
MAK329 en purusxan balasaali 
LOG (gmm-latgen-faster[5.5.1139~1-67548]:DecodeUtteranceLatticeFaster():decoder-wrappers.cc:375) Log-like per frame for utterance MAK329 is -8.11873 over 305 frames.
MAK330 puunai sirxeu uuril puugambam 
LOG (gmm-latgen-faster[5.5.1139~1-67548]:DecodeUtteranceLatticeFaster():decoder-wrappers.cc:375) Log-like per frame for utterance MAK330 is -8.22592 over 387 frames.
MAK331 poodxa jenma banddam 
LOG (gmm-latgen-faster[5.5.1139~1-67548]:DecodeUtteranceLatticeFaster():decoder-wrappers.cc:375) Log-like per frame for utterance MAK331 is -7.89201 over 298 frames.
MAK332 inrxeu puujaiyil kalanddeu kolx 
LOG (gmm-latgen-faster[5.5.1139~1-67548]:DecodeUtteranceLatticeFaster():decoder-wrappers.cc:375) Log-like per frame for utterance MAK332 is -7.94968 over 449 frames.
MAK333 pon porulx paartteu pazhagaadee 
LOG (gmm-latgen-faster[5.5.1139~1-67548]:DecodeUtteranceLatticeFaster():decoder-wrappers.cc:375) Log-like per frame for utterance MAK333 is -7.98457 over 368 frames.
MAK334 un mugam poliwaaga ulxlxadeu 
LOG (gmm-latgen-faster[5.5.1139~1-67548]:DecodeUtteranceLatticeFaster():decoder-wrappers.cc:375) Log-like per frame for utterance MAK334 is -7.81049 over 414 frames.
MAK335 petxtxiyai kiizhee poodxeu 
LOG (gmm-latgen-faster[5.5.1139~1-67548]:DecodeUtteranceLatticeFaster():decoder-wrappers.cc:375) Log-like per frame for utterance MAK335 is -7.91063 over 314 frames.
MAK336 pooliyaana waazhkkai tawir 
LOG (gmm-latgen-faster[5.5.1139~1-67548]:DecodeUtteranceLatticeFaster():decoder-wrappers.cc:375) Log-like per frame for utterance MAK336 is -7.76829 over 417 frames.
MAK337 kadai poosxaakkaana unxaweu 
LOG (gmm-latgen-faster[5.5.1139~1-67548]:DecodeUtteranceLatticeFaster():decoder-wrappers.cc:375) Log-like per frame for utterance MAK337 is -7.85405 over 365 frames.
MAK338 elumbeu majjai waliyadeu 
LOG (gmm-latgen-faster[5.5.1139~1-67548]:DecodeUtteranceLatticeFaster():decoder-wrappers.cc:375) Log-like per frame for utterance MAK338 is -8.00662 over 272 frames.
MAK339 eetxtxeu kalwi pozhudeu puujai ireu 
LOG (gmm-latgen-faster[5.5.1139~1-67548]:DecodeUtteranceLatticeFaster():decoder-wrappers.cc:375) Log-like per frame for utterance MAK339 is -8.18129 over 375 frames.
MAK340 maarc maadattil mahaawiir jeyanddi 
LOG (gmm-latgen-faster[5.5.1139~1-67548]:DecodeUtteranceLatticeFaster():decoder-wrappers.cc:375) Log-like per frame for utterance MAK340 is -8.10173 over 481 frames.
MAK341 biins kanxnxeukkeu ndalladeu 
LOG (gmm-latgen-faster[5.5.1139~1-67548]:DecodeUtteranceLatticeFaster():decoder-wrappers.cc:375) Log-like per frame for utterance MAK341 is -8.30527 over 230 frames.
MAK342 muulxai illaadawan mutxtxaalx 
LOG (gmm-latgen-faster[5.5.1139~1-67548]:DecodeUtteranceLatticeFaster():decoder-wrappers.cc:375) Log-like per frame for utterance MAK342 is -7.90206 over 388 frames.
MAK343 tozhilil muuladanam waanam aidiigam 
LOG (gmm-latgen-faster[5.5.1139~1-67548]:DecodeUtteranceLatticeFaster():decoder-wrappers.cc:375) Log-like per frame for utterance MAK343 is -8.64176 over 401 frames.
MAK344 seydanar eerxi ndil 
LOG (gmm-latgen-faster[5.5.1139~1-67548]:DecodeUtteranceLatticeFaster():decoder-wrappers.cc:375) Log-like per frame for utterance MAK344 is -8.31683 over 255 frames.
MAK345 indda maiyanggalx enggeu ulxlxadeu 
LOG (gmm-latgen-faster[5.5.1139~1-67548]:DecodeUtteranceLatticeFaster():decoder-wrappers.cc:375) Log-like per frame for utterance MAK345 is -8.44841 over 261 frames.
MAK346 makkalx raajjiyam weenxdxum 
LOG (gmm-latgen-faster[5.5.1139~1-67548]:DecodeUtteranceLatticeFaster():decoder-wrappers.cc:375) Log-like per frame for utterance MAK346 is -8.23629 over 245 frames.
MAK347 risxikkeu roosxam adigam 
LOG (gmm-latgen-faster[5.5.1139~1-67548]:DecodeUtteranceLatticeFaster():decoder-wrappers.cc:375) Log-like per frame for utterance MAK347 is -7.97923 over 369 frames.
MAK348 lajjai enrxaal wekkam 
LOG (gmm-latgen-faster[5.5.1139~1-67548]:DecodeUtteranceLatticeFaster():decoder-wrappers.cc:375) Log-like per frame for utterance MAK348 is -8.16859 over 294 frames.
MAK349 koobam udxaleukkeu ndalladeu 
LOG (gmm-latgen-faster[5.5.1139~1-67548]:DecodeUtteranceLatticeFaster():decoder-wrappers.cc:375) Log-like per frame for utterance MAK349 is -8.37557 over 268 frames.
MAK350 laksxmi muga laksxanxam ulxlxa penx 
LOG (gmm-latgen-faster[5.5.1139~1-67548]:DecodeUtteranceLatticeFaster():decoder-wrappers.cc:375) Log-like per frame for utterance MAK350 is -8.00284 over 478 frames.
MAK351 widxaa muyarxci walxarcci tarum 
LOG (gmm-latgen-faster[5.5.1139~1-67548]:DecodeUtteranceLatticeFaster():decoder-wrappers.cc:375) Log-like per frame for utterance MAK351 is -8.22843 over 452 frames.
MAK352 wiitxtxil wiseesxam unxdxeu 
LOG (gmm-latgen-faster[5.5.1139~1-67548]:DecodeUtteranceLatticeFaster():decoder-wrappers.cc:375) Log-like per frame for utterance MAK352 is -8.08734 over 301 frames.
MAK353 wanddadeu pozhudeu oreu 
LOG (gmm-latgen-faster[5.5.1139~1-67548]:DecodeUtteranceLatticeFaster():decoder-wrappers.cc:375) Log-like per frame for utterance MAK353 is -8.01564 over 291 frames.
MAK354 en miideu wazhiyaaga sellum peerunddeu 
LOG (gmm-latgen-faster[5.5.1139~1-67548]:DecodeUtteranceLatticeFaster():decoder-wrappers.cc:375) Log-like per frame for utterance MAK354 is -7.90011 over 520 frames.
MAK355 jadxai pinni weesxam poodxeu 
LOG (gmm-latgen-faster[5.5.1139~1-67548]:DecodeUtteranceLatticeFaster():decoder-wrappers.cc:375) Log-like per frame for utterance MAK355 is -8.0292 over 340 frames.
MAK356 janawari mudal maadam 
LOG (gmm-latgen-faster[5.5.1139~1-67548]:DecodeUtteranceLatticeFaster():decoder-wrappers.cc:375) Log-like per frame for utterance MAK356 is -7.98487 over 307 frames.
MAK357 janamee ndam balam 
LOG (gmm-latgen-faster[5.5.1139~1-67548]:DecodeUtteranceLatticeFaster():decoder-wrappers.cc:375) Log-like per frame for utterance MAK357 is -7.73807 over 314 frames.
MAK358 jaadi illaiyadxi paappaa 
LOG (gmm-latgen-faster[5.5.1139~1-67548]:DecodeUtteranceLatticeFaster():decoder-wrappers.cc:375) Log-like per frame for utterance MAK358 is -8.13089 over 284 frames.
MAK359 waay jaalam kaatxtxum manidan 
LOG (gmm-latgen-faster[5.5.1139~1-67548]:DecodeUtteranceLatticeFaster():decoder-wrappers.cc:375) Log-like per frame for utterance MAK359 is -8.17021 over 330 frames.
MAK360 jaalraa poodxa weenxdxaam 
LOG (gmm-latgen-faster[5.5.1139~1-67548]:DecodeUtteranceLatticeFaster():decoder-wrappers.cc:375) Log-like per frame for utterance MAK360 is -7.98666 over 294 frames.
MAK361 ajiiranxak koolxaarxeu 
LOG (gmm-latgen-faster[5.5.1139~1-67548]:DecodeUtteranceLatticeFaster():decoder-wrappers.cc:375) Log-like per frame for utterance MAK361 is -8.24982 over 238 frames.
MAK362 hastam paar irunddadeu kaanjjipuram teewai 
LOG (gmm-latgen-faster[5.5.1139~1-67548]:DecodeUtteranceLatticeFaster():decoder-wrappers.cc:375) Log-like per frame for utterance MAK362 is -8.73162 over 327 frames.
MAK363 tinggalx seyal manam agal irunggalx 
LOG (gmm-latgen-faster[5.5.1139~1-67548]:DecodeUtteranceLatticeFaster():decoder-wrappers.cc:375) Log-like per frame for utterance MAK363 is -7.93186 over 389 frames.
MAK364 ahimsai eetxtxeu sanddippeu 
LOG (gmm-latgen-faster[5.5.1139~1-67548]:DecodeUtteranceLatticeFaster():decoder-wrappers.cc:375) Log-like per frame for utterance MAK364 is -8.30895 over 294 frames.
MAK365 en aanaar walxarcci ndaatxtxeu walxarcci 
LOG (gmm-latgen-faster[5.5.1139~1-67548]:DecodeUtteranceLatticeFaster():decoder-wrappers.cc:375) Log-like per frame for utterance MAK365 is -8.16404 over 335 frames.
MPA293 koowil seluttinar waanam minjjinaal 
LOG (gmm-latgen-faster[5.5.1139~1-67548]:DecodeUtteranceLatticeFaster():decoder-wrappers.cc:375) Log-like per frame for utterance MPA293 is -7.57329 over 503 frames.
MPA294 siikkiram eerxpaadxeu sey 
LOG (gmm-latgen-faster[5.5.1139~1-67548]:DecodeUtteranceLatticeFaster():decoder-wrappers.cc:375) Log-like per frame for utterance MPA294 is -7.92993 over 272 frames.
MPA295 siirxum paambai ndambaadee 
LOG (gmm-latgen-faster[5.5.1139~1-67548]:DecodeUtteranceLatticeFaster():decoder-wrappers.cc:375) Log-like per frame for utterance MPA295 is -7.7215 over 507 frames.
MPA296 ndirxaindda suwaril sirxuwan seyal tiirweu ireu waal 
LOG (gmm-latgen-faster[5.5.1139~1-67548]:DecodeUtteranceLatticeFaster():decoder-wrappers.cc:375) Log-like per frame for utterance MPA296 is -7.74195 over 703 frames.
MPA297 suutxcamam arunddeu oreu seyalpadxeu 
LOG (gmm-latgen-faster[5.5.1139~1-67548]:DecodeUtteranceLatticeFaster():decoder-wrappers.cc:375) Log-like per frame for utterance MPA297 is -7.71153 over 546 frames.
MPA298 asuran tawam irunddaan 
LOG (gmm-latgen-faster[5.5.1139~1-67548]:DecodeUtteranceLatticeFaster():decoder-wrappers.cc:375) Log-like per frame for utterance MPA298 is -7.53736 over 492 frames.
MPA299 kaalxi suulam eenddinaan 
LOG (gmm-latgen-faster[5.5.1139~1-67548]:DecodeUtteranceLatticeFaster():decoder-wrappers.cc:375) Log-like per frame for utterance MPA299 is -7.51509 over 475 frames.
MPA300 sisxyan suuzhal sugaadaaram pinpatxrxeu 
LOG (gmm-latgen-faster[5.5.1139~1-67548]:DecodeUtteranceLatticeFaster():decoder-wrappers.cc:375) Log-like per frame for utterance MPA300 is -7.96145 over 606 frames.
MPA301 seewalin kuuwalil pozhudeu widxiyum 
LOG (gmm-latgen-faster[5.5.1139~1-67548]:DecodeUtteranceLatticeFaster():decoder-wrappers.cc:375) Log-like per frame for utterance MPA301 is -7.62678 over 725 frames.
MPA302 siwaneukkeu taagam pagal waliyadeu ulxlxadeu 
LOG (gmm-latgen-faster[5.5.1139~1-67548]:DecodeUtteranceLatticeFaster():decoder-wrappers.cc:375) Log-like per frame for utterance MPA302 is -7.80376 over 607 frames.
MPA303 ndaan ireu widxumurxai kalwiyee adxaippeu 
LOG (gmm-latgen-faster[5.5.1139~1-67548]:DecodeUtteranceLatticeFaster():decoder-wrappers.cc:375) Log-like per frame for utterance MPA303 is -7.57842 over 614 frames.
MPA304 tanggalx udxaimai miideu gawanam tirxanddeu suwai 
LOG (gmm-latgen-faster[5.5.1139~1-67548]:DecodeUtteranceLatticeFaster():decoder-wrappers.cc:375) Log-like per frame for utterance MPA304 is -7.52381 over 850 frames.
MPA305 sotteu uuham agal ndadxitteuk kaatxtxa njaanam teewai 
LOG (gmm-latgen-faster[5.5.1139~1-67548]:DecodeUtteranceLatticeFaster():decoder-wrappers.cc:375) Log-like per frame for utterance MPA305 is -7.7275 over 690 frames.
MPA306 seyyum uur sirxeu tulxi iruppadeu ndadxanddadeu 
LOG (gmm-latgen-faster[5.5.1139~1-67548]:DecodeUtteranceLatticeFaster():decoder-wrappers.cc:375) Log-like per frame for utterance MPA306 is -7.5522 over 670 frames.
MPA307 uuril tirxanddeu uunam tiirweu kaanxeu 
LOG (gmm-latgen-faster[5.5.1139~1-67548]:DecodeUtteranceLatticeFaster():decoder-wrappers.cc:375) Log-like per frame for utterance MPA307 is -7.51874 over 670 frames.
MPA308 manxal suwai maarc sirxeu 
LOG (gmm-latgen-faster[5.5.1139~1-67548]:DecodeUtteranceLatticeFaster():decoder-wrappers.cc:375) Log-like per frame for utterance MPA308 is -7.49075 over 459 frames.
MPA309 en enrxeu pal toonrxiya ndalladeu 
LOG (gmm-latgen-faster[5.5.1139~1-67548]:DecodeUtteranceLatticeFaster():decoder-wrappers.cc:375) Log-like per frame for utterance MPA309 is -7.62629 over 490 frames.
MPA310 maarc tusxtxan tusxtxa seyal seywaan 
LOG (gmm-latgen-faster[5.5.1139~1-67548]:DecodeUtteranceLatticeFaster():decoder-wrappers.cc:375) Log-like per frame for utterance MPA310 is -7.62512 over 534 frames.
MPA311 pooliyaana toosxattirxkeu anuppa tolai suulam parxanddadeu 
LOG (gmm-latgen-faster[5.5.1139~1-67548]:DecodeUtteranceLatticeFaster():decoder-wrappers.cc:375) Log-like per frame for utterance MPA311 is -7.73059 over 746 frames.
MPA312 manjjalx suwaril maruttuwa gunxam ndirxainddadeu 
LOG (gmm-latgen-faster[5.5.1139~1-67548]:DecodeUtteranceLatticeFaster():decoder-wrappers.cc:375) Log-like per frame for utterance MPA312 is -7.76782 over 599 frames.
MPA313 kutxtxaiyil tanxnxiir teenggiyadeu 
LOG (gmm-latgen-faster[5.5.1139~1-67548]:DecodeUtteranceLatticeFaster():decoder-wrappers.cc:375) Log-like per frame for utterance MPA313 is -7.73809 over 482 frames.
MPA314 toonxdxiyadeu mugattil toonrxuga 
LOG (gmm-latgen-faster[5.5.1139~1-67548]:DecodeUtteranceLatticeFaster():decoder-wrappers.cc:375) Log-like per frame for utterance MPA314 is -7.73854 over 459 frames.
MPA315 toosxattirxkeu urai palxlxiyil njaalam tawam sey 
LOG (gmm-latgen-faster[5.5.1139~1-67548]:DecodeUtteranceLatticeFaster():decoder-wrappers.cc:375) Log-like per frame for utterance MPA315 is -7.70682 over 609 frames.
MPA316 waitteuk pugai uunam suzhi baasxai ooram 
LOG (gmm-latgen-faster[5.5.1139~1-67548]:DecodeUtteranceLatticeFaster():decoder-wrappers.cc:375) Log-like per frame for utterance MPA316 is -7.92097 over 627 frames.
MPA317 waanam pirxar mudxiyum kodxiyadeu 
LOG (gmm-latgen-faster[5.5.1139~1-67548]:DecodeUtteranceLatticeFaster():decoder-wrappers.cc:375) Log-like per frame for utterance MPA317 is -7.53588 over 449 frames.
MPA318 inrxeu mazhai ndiidxikkum 
LOG (gmm-latgen-faster[5.5.1139~1-67548]:DecodeUtteranceLatticeFaster():decoder-wrappers.cc:375) Log-like per frame for utterance MPA318 is -7.60428 over 475 frames.
MPA319 saalaiyil sirxeu illaiyadxi eenddeu 
LOG (gmm-latgen-faster[5.5.1139~1-67548]:DecodeUtteranceLatticeFaster():decoder-wrappers.cc:375) Log-like per frame for utterance MPA319 is -7.65594 over 505 frames.
MPA320 unggalx raamar pirxar oreu todxeu 
LOG (gmm-latgen-faster[5.5.1139~1-67548]:DecodeUtteranceLatticeFaster():decoder-wrappers.cc:375) Log-like per frame for utterance MPA320 is -7.67213 over 497 frames.
MPA321 een ippadxi ndoonjjaanaaga ireukkaan 
LOG (gmm-latgen-faster[5.5.1139~1-67548]:DecodeUtteranceLatticeFaster():decoder-wrappers.cc:375) Log-like per frame for utterance MPA321 is -7.68989 over 619 frames.
MPA322 seluttinar panggeu uyarnddadeu 
LOG (gmm-latgen-faster[5.5.1139~1-67548]:DecodeUtteranceLatticeFaster():decoder-wrappers.cc:375) Log-like per frame for utterance MPA322 is -7.62301 over 463 frames.
MPA323 ndaatxtxil tanxnxiir panjjam ndilawiyadeu 
LOG (gmm-latgen-faster[5.5.1139~1-67548]:DecodeUtteranceLatticeFaster():decoder-wrappers.cc:375) Log-like per frame for utterance MPA323 is -7.43822 over 670 frames.
MPA324 panjjaayatteu wazhakkeu mudxiweukkeu wanddadeu 
LOG (gmm-latgen-faster[5.5.1139~1-67548]:DecodeUtteranceLatticeFaster():decoder-wrappers.cc:375) Log-like per frame for utterance MPA324 is -7.73823 over 652 frames.
MPA325 panjjeu nderuppil karugiyadeu 
LOG (gmm-latgen-faster[5.5.1139~1-67548]:DecodeUtteranceLatticeFaster():decoder-wrappers.cc:375) Log-like per frame for utterance MPA325 is -7.73603 over 502 frames.
MPA326 pazhanggudxi manx tozhil kambeuk sirxuwar kuurxeu 
LOG (gmm-latgen-faster[5.5.1139~1-67548]:DecodeUtteranceLatticeFaster():decoder-wrappers.cc:375) Log-like per frame for utterance MPA326 is -7.79033 over 513 frames.
MPA327 kaasxmiir bajanai migawum pirabalam 
LOG (gmm-latgen-faster[5.5.1139~1-67548]:DecodeUtteranceLatticeFaster():decoder-wrappers.cc:375) Log-like per frame for utterance MPA327 is -7.77042 over 568 frames.
MPA328 enrxa gawanam manam tirxanddeu ambalam sey pirxareukkeu unxaweu 
LOG (gmm-latgen-faster[5.5.1139~1-67548]:DecodeUtteranceLatticeFaster():decoder-wrappers.cc:375) Log-like per frame for utterance MPA328 is -7.8167 over 601 frames.
MPA329 welxlxam sotteu tarum parxanddadeu 
LOG (gmm-latgen-faster[5.5.1139~1-67548]:DecodeUtteranceLatticeFaster():decoder-wrappers.cc:375) Log-like per frame for utterance MPA329 is -7.95459 over 457 frames.
MPA330 puurwa ndari tozhil uuril puugambam 
LOG (gmm-latgen-faster[5.5.1139~1-67548]:DecodeUtteranceLatticeFaster():decoder-wrappers.cc:375) Log-like per frame for utterance MPA330 is -7.86782 over 566 frames.
MPA331 puurwa jenma banddam 
LOG (gmm-latgen-faster[5.5.1139~1-67548]:DecodeUtteranceLatticeFaster():decoder-wrappers.cc:375) Log-like per frame for utterance MPA331 is -7.51996 over 541 frames.
MPA332 inrxeu puujaiyil kalanddeu koodxi 
LOG (gmm-latgen-faster[5.5.1139~1-67548]:DecodeUtteranceLatticeFaster():decoder-wrappers.cc:375) Log-like per frame for utterance MPA332 is -7.97732 over 400 frames.
MPA333 pon porulx paartteu pazhagaadee 
LOG (gmm-latgen-faster[5.5.1139~1-67548]:DecodeUtteranceLatticeFaster():decoder-wrappers.cc:375) Log-like per frame for utterance MPA333 is -8.04185 over 492 frames.
MPA334 un mugam poliwaaga ulxlxadeu 
LOG (gmm-latgen-faster[5.5.1139~1-67548]:DecodeUtteranceLatticeFaster():decoder-wrappers.cc:375) Log-like per frame for utterance MPA334 is -7.82828 over 469 frames.
MPA335 petxtxiyai kiizhee poodxeu 
LOG (gmm-latgen-faster[5.5.1139~1-67548]:DecodeUtteranceLatticeFaster():decoder-wrappers.cc:375) Log-like per frame for utterance MPA335 is -7.76378 over 357 frames.
MPA336 pooliyaana waazhkkai suwaril 
LOG (gmm-latgen-faster[5.5.1139~1-67548]:DecodeUtteranceLatticeFaster():decoder-wrappers.cc:375) Log-like per frame for utterance MPA336 is -7.81922 over 405 frames.
MPA337 waaynddadeu poosxaakkaana unxaweu 
LOG (gmm-latgen-faster[5.5.1139~1-67548]:DecodeUtteranceLatticeFaster():decoder-wrappers.cc:375) Log-like per frame for utterance MPA337 is -7.65991 over 504 frames.
MPA338 eenggum aasaiyaik waliyadeu 
LOG (gmm-latgen-faster[5.5.1139~1-67548]:DecodeUtteranceLatticeFaster():decoder-wrappers.cc:375) Log-like per frame for utterance MPA338 is -7.77974 over 463 frames.
MPA339 etxtxeukkaali oreu puucci 
LOG (gmm-latgen-faster[5.5.1139~1-67548]:DecodeUtteranceLatticeFaster():decoder-wrappers.cc:375) Log-like per frame for utterance MPA339 is -7.8633 over 429 frames.
MPA340 maarc maadattil mahaawiir seyal ireu 
LOG (gmm-latgen-faster[5.5.1139~1-67548]:DecodeUtteranceLatticeFaster():decoder-wrappers.cc:375) Log-like per frame for utterance MPA340 is -8.0011 over 576 frames.
MPA341 ndil kanxnxeukkeu ndalladeu 
LOG (gmm-latgen-faster[5.5.1139~1-67548]:DecodeUtteranceLatticeFaster():decoder-wrappers.cc:375) Log-like per frame for utterance MPA341 is -7.62476 over 351 frames.
MPA342 muulxai illaadawan mutxtxaalx 
LOG (gmm-latgen-faster[5.5.1139~1-67548]:DecodeUtteranceLatticeFaster():decoder-wrappers.cc:375) Log-like per frame for utterance MPA342 is -7.75821 over 469 frames.
MPA343 kalwiyee ezhil migundda gawanam poodxa weenxdxum 
LOG (gmm-latgen-faster[5.5.1139~1-67548]:DecodeUtteranceLatticeFaster():decoder-wrappers.cc:375) Log-like per frame for utterance MPA343 is -7.54977 over 658 frames.
MPA344 mai sirxeu illaiyadxi ndil 
LOG (gmm-latgen-faster[5.5.1139~1-67548]:DecodeUtteranceLatticeFaster():decoder-wrappers.cc:375) Log-like per frame for utterance MPA344 is -7.68852 over 420 frames.
MPA345 aayudam mazhai enggalx enggeu ulxlxadeu 
LOG (gmm-latgen-faster[5.5.1139~1-67548]:DecodeUtteranceLatticeFaster():decoder-wrappers.cc:375) Log-like per frame for utterance MPA345 is -7.6583 over 573 frames.
MPA346 maarc kal raajjiyam weenxdxum 
LOG (gmm-latgen-faster[5.5.1139~1-67548]:DecodeUtteranceLatticeFaster():decoder-wrappers.cc:375) Log-like per frame for utterance MPA346 is -7.82348 over 495 frames.
MPA347 isxtxam pool kawasam wanxdxi koobam 
LOG (gmm-latgen-faster[5.5.1139~1-67548]:DecodeUtteranceLatticeFaster():decoder-wrappers.cc:375) Log-like per frame for utterance MPA347 is -7.99575 over 472 frames.
MPA348 enrxeu enrxaal wekkam 
LOG (gmm-latgen-faster[5.5.1139~1-67548]:DecodeUtteranceLatticeFaster():decoder-wrappers.cc:375) Log-like per frame for utterance MPA348 is -7.56766 over 400 frames.
MPA349 tuukkam udxaleukkeu ndalladeu 
LOG (gmm-latgen-faster[5.5.1139~1-67548]:DecodeUtteranceLatticeFaster():decoder-wrappers.cc:375) Log-like per frame for utterance MPA349 is -7.77995 over 429 frames.
MPA350 kaasxmiir mugam ellaam ndam ulxlxa kariim 
LOG (gmm-latgen-faster[5.5.1139~1-67548]:DecodeUtteranceLatticeFaster():decoder-wrappers.cc:375) Log-like per frame for utterance MPA350 is -7.87318 over 542 frames.
MPA351 widxaa muyarxci walxarcci tarum 
LOG (gmm-latgen-faster[5.5.1139~1-67548]:DecodeUtteranceLatticeFaster():decoder-wrappers.cc:375) Log-like per frame for utterance MPA351 is -7.68807 over 522 frames.
MPA352 idxeu wiseesxam unxdxeu 
LOG (gmm-latgen-faster[5.5.1139~1-67548]:DecodeUtteranceLatticeFaster():decoder-wrappers.cc:375) Log-like per frame for utterance MPA352 is -7.78827 over 456 frames.
MPA353 wandda ndil teriyum ireu koolxaarxeu 
LOG (gmm-latgen-faster[5.5.1139~1-67548]:DecodeUtteranceLatticeFaster():decoder-wrappers.cc:375) Log-like per frame for utterance MPA353 is -8.0201 over 371 frames.
MPA354 ireu wiidi wazhiyaaga sellum peerunddeu 
LOG (gmm-latgen-faster[5.5.1139~1-67548]:DecodeUtteranceLatticeFaster():decoder-wrappers.cc:375) Log-like per frame for utterance MPA354 is -7.7343 over 627 frames.
MPA355 tanddai penx ndil wekkam uudxagam 
LOG (gmm-latgen-faster[5.5.1139~1-67548]:DecodeUtteranceLatticeFaster():decoder-wrappers.cc:375) Log-like per frame for utterance MPA355 is -7.6782 over 488 frames.
MPA356 janawari mudal maadam 
LOG (gmm-latgen-faster[5.5.1139~1-67548]:DecodeUtteranceLatticeFaster():decoder-wrappers.cc:375) Log-like per frame for utterance MPA356 is -7.50335 over 432 frames.
MPA357 seydanar ndiir ndam balam 
LOG (gmm-latgen-faster[5.5.1139~1-67548]:DecodeUtteranceLatticeFaster():decoder-wrappers.cc:375) Log-like per frame for utterance MPA357 is -7.41756 over 396 frames.
MPA358 njaalam sirxeu inrxeu idxeu paappaa 
LOG (gmm-latgen-faster[5.5.1139~1-67548]:DecodeUtteranceLatticeFaster():decoder-wrappers.cc:375) Log-like per frame for utterance MPA358 is -7.50843 over 598 frames.
MPA359 pooraay tawam kawasam manidan 
LOG (gmm-latgen-faster[5.5.1139~1-67548]:DecodeUtteranceLatticeFaster():decoder-wrappers.cc:375) Log-like per frame for utterance MPA359 is -7.69444 over 528 frames.
MPA360 todxeu ooram muga eenggum 
LOG (gmm-latgen-faster[5.5.1139~1-67548]:DecodeUtteranceLatticeFaster():decoder-wrappers.cc:375) Log-like per frame for utterance MPA360 is -7.86143 over 413 frames.
MPA361 anjjal gawanam koolxaarxeu 
LOG (gmm-latgen-faster[5.5.1139~1-67548]:DecodeUtteranceLatticeFaster():decoder-wrappers.cc:375) Log-like per frame for utterance MPA361 is -7.75842 over 319 frames.
LOG (apply-cmvn[5.5.1139~1-67548]:main():apply-cmvn.cc:162) Applied cepstral mean normalization to 292 utterances, errors on 0
MPA362 pal toguppeu arunddeu ndaanjjil sirxeu tulxi 
LOG (gmm-latgen-faster[5.5.1139~1-67548]:DecodeUtteranceLatticeFaster():decoder-wrappers.cc:375) Log-like per frame for utterance MPA362 is -7.6562 over 652 frames.
MPA363 tinggalx selwam awasara irunggalx 
LOG (gmm-latgen-faster[5.5.1139~1-67548]:DecodeUtteranceLatticeFaster():decoder-wrappers.cc:375) Log-like per frame for utterance MPA363 is -7.611 over 535 frames.
MPA364 togudi peyar tanxnxiir uuham 
LOG (gmm-latgen-faster[5.5.1139~1-67548]:DecodeUtteranceLatticeFaster():decoder-wrappers.cc:375) Log-like per frame for utterance MPA364 is -8.0374 over 396 frames.
MPA365 endda mannan ndalladeu unxaweukkeu walxarcci 
LOG (gmm-latgen-faster[5.5.1139~1-67548]:DecodeUtteranceLatticeFaster():decoder-wrappers.cc:375) Log-like per frame for utterance MPA365 is -7.82346 over 533 frames.
LOG (gmm-latgen-faster[5.5.1139~1-67548]:main():gmm-latgen-faster.cc:176) Time taken 49.405s: real-time factor assuming 100 frames/sec is 0.0422865
LOG (gmm-latgen-faster[5.5.1139~1-67548]:main():gmm-latgen-faster.cc:179) Done 292 utterances, failed for 0
LOG (gmm-latgen-faster[5.5.1139~1-67548]:main():gmm-latgen-faster.cc:181) Overall log-likelihood per frame is -7.82791 over 116834 frames.
# Accounting: time=49 threads=1
# Ended (code 0) at Mon Jul  8 11:11:47 IST 2024, elapsed time 49 seconds
