# lattice-depth-per-frame "ark:gunzip -c exp_FG/tri_8_2000/decode/lat.2.gz|" "ark,t:|gzip -c > exp_FG/tri_8_2000/decode/depth_tmp.2.gz" ark:- | lattice-best-path --acoustic-scale=0.1 ark:- ark:/dev/null "ark,t:|gzip -c >exp_FG/tri_8_2000/decode/ali_tmp.2.gz" 
# Started at Mon Jul  8 11:11:47 IST 2024
#
lattice-best-path --acoustic-scale=0.1 ark:- ark:/dev/null 'ark,t:|gzip -c >exp_FG/tri_8_2000/decode/ali_tmp.2.gz' 
lattice-depth-per-frame 'ark:gunzip -c exp_FG/tri_8_2000/decode/lat.2.gz|' 'ark,t:|gzip -c > exp_FG/tri_8_2000/decode/depth_tmp.2.gz' ark:- 
LOG (lattice-best-path[5.5.1139~1-67548]:main():lattice-best-path.cc:99) For utterance MPK293, best cost 27.7548 + 3729.25 = 3757.01 over 400 frames.
LOG (lattice-best-path[5.5.1139~1-67548]:main():lattice-best-path.cc:99) For utterance MPK294, best cost 42.4481 + 3313.99 = 3356.44 over 350 frames.
LOG (lattice-best-path[5.5.1139~1-67548]:main():lattice-best-path.cc:99) For utterance MPK295, best cost 56.478 + 3488.03 = 3544.51 over 361 frames.
LOG (lattice-best-path[5.5.1139~1-67548]:main():lattice-best-path.cc:99) For utterance MPK296, best cost 75.8713 + 4369.63 = 4445.5 over 459 frames.
LOG (lattice-best-path[5.5.1139~1-67548]:main():lattice-best-path.cc:99) For utterance MPK297, best cost 37.2673 + 3872.78 = 3910.04 over 417 frames.
LOG (lattice-best-path[5.5.1139~1-67548]:main():lattice-best-path.cc:99) For utterance MPK298, best cost 43.1541 + 2766.31 = 2809.47 over 296 frames.
LOG (lattice-best-path[5.5.1139~1-67548]:main():lattice-best-path.cc:99) For utterance MPK299, best cost 44.0774 + 3073.46 = 3117.54 over 333 frames.
LOG (lattice-best-path[5.5.1139~1-67548]:main():lattice-best-path.cc:99) For utterance MPK300, best cost 74.2044 + 4377.92 = 4452.13 over 464 frames.
LOG (lattice-best-path[5.5.1139~1-67548]:main():lattice-best-path.cc:99) For utterance MPK301, best cost 57.7589 + 3708.93 = 3766.69 over 402 frames.
LOG (lattice-best-path[5.5.1139~1-67548]:main():lattice-best-path.cc:99) For utterance MPK302, best cost 62.2519 + 3872.87 = 3935.12 over 410 frames.
LOG (lattice-best-path[5.5.1139~1-67548]:main():lattice-best-path.cc:99) For utterance MPK303, best cost 47.3165 + 3757.25 = 3804.57 over 409 frames.
LOG (lattice-best-path[5.5.1139~1-67548]:main():lattice-best-path.cc:99) For utterance MPK304, best cost 81.0577 + 4379.8 = 4460.86 over 459 frames.
LOG (lattice-best-path[5.5.1139~1-67548]:main():lattice-best-path.cc:99) For utterance MPK305, best cost 69.1391 + 5269.91 = 5339.04 over 558 frames.
LOG (lattice-best-path[5.5.1139~1-67548]:main():lattice-best-path.cc:99) For utterance MPK306, best cost 69.2594 + 4086.73 = 4155.99 over 452 frames.
LOG (lattice-best-path[5.5.1139~1-67548]:main():lattice-best-path.cc:99) For utterance MPK307, best cost 57.4943 + 3509.48 = 3566.97 over 376 frames.
LOG (lattice-best-path[5.5.1139~1-67548]:main():lattice-best-path.cc:99) For utterance MPK308, best cost 48.3974 + 3144.97 = 3193.36 over 346 frames.
LOG (lattice-best-path[5.5.1139~1-67548]:main():lattice-best-path.cc:99) For utterance MPK309, best cost 39.6765 + 3727.56 = 3767.23 over 390 frames.
LOG (lattice-best-path[5.5.1139~1-67548]:main():lattice-best-path.cc:99) For utterance MPK310, best cost 28.3866 + 3529.39 = 3557.78 over 366 frames.
LOG (lattice-best-path[5.5.1139~1-67548]:main():lattice-best-path.cc:99) For utterance MPK311, best cost 101.471 + 4984.34 = 5085.81 over 535 frames.
LOG (lattice-best-path[5.5.1139~1-67548]:main():lattice-best-path.cc:99) For utterance MPK312, best cost 63.1764 + 3912.79 = 3975.96 over 416 frames.
LOG (lattice-best-path[5.5.1139~1-67548]:main():lattice-best-path.cc:99) For utterance MPK313, best cost 29.4189 + 3776.97 = 3806.39 over 418 frames.
LOG (lattice-best-path[5.5.1139~1-67548]:main():lattice-best-path.cc:99) For utterance MPK314, best cost 56.7971 + 2973.29 = 3030.09 over 318 frames.
LOG (lattice-best-path[5.5.1139~1-67548]:main():lattice-best-path.cc:99) For utterance MPK315, best cost 26.8215 + 3349.12 = 3375.94 over 349 frames.
LOG (lattice-best-path[5.5.1139~1-67548]:main():lattice-best-path.cc:99) For utterance MPK316, best cost 69.29 + 3684.6 = 3753.89 over 392 frames.
LOG (lattice-best-path[5.5.1139~1-67548]:main():lattice-best-path.cc:99) For utterance MPK317, best cost 45.8213 + 3041.81 = 3087.64 over 332 frames.
LOG (lattice-best-path[5.5.1139~1-67548]:main():lattice-best-path.cc:99) For utterance MPK318, best cost 33.4392 + 2978.99 = 3012.43 over 332 frames.
LOG (lattice-best-path[5.5.1139~1-67548]:main():lattice-best-path.cc:99) For utterance MPK319, best cost 46.8643 + 3476.34 = 3523.2 over 383 frames.
LOG (lattice-best-path[5.5.1139~1-67548]:main():lattice-best-path.cc:99) For utterance MPK320, best cost 65.476 + 2944.7 = 3010.17 over 318 frames.
LOG (lattice-best-path[5.5.1139~1-67548]:main():lattice-best-path.cc:99) For utterance MPK321, best cost 41.8532 + 3929.53 = 3971.38 over 411 frames.
LOG (lattice-best-path[5.5.1139~1-67548]:main():lattice-best-path.cc:99) For utterance MPK322, best cost 72.4867 + 3678.02 = 3750.51 over 411 frames.
LOG (lattice-best-path[5.5.1139~1-67548]:main():lattice-best-path.cc:99) For utterance MPK323, best cost 31.5959 + 3897.93 = 3929.52 over 425 frames.
LOG (lattice-best-path[5.5.1139~1-67548]:main():lattice-best-path.cc:99) For utterance MPK324, best cost 31.8013 + 3665.22 = 3697.02 over 395 frames.
LOG (lattice-best-path[5.5.1139~1-67548]:main():lattice-best-path.cc:99) For utterance MPK325, best cost 25.8341 + 3107.98 = 3133.81 over 337 frames.
LOG (lattice-best-path[5.5.1139~1-67548]:main():lattice-best-path.cc:99) For utterance MPK326, best cost 69.6845 + 3927.84 = 3997.53 over 423 frames.
LOG (lattice-best-path[5.5.1139~1-67548]:main():lattice-best-path.cc:99) For utterance MPK327, best cost 62.9306 + 3190.14 = 3253.07 over 349 frames.
LOG (lattice-best-path[5.5.1139~1-67548]:main():lattice-best-path.cc:99) For utterance MPK328, best cost 29.8958 + 3781.79 = 3811.68 over 399 frames.
LOG (lattice-best-path[5.5.1139~1-67548]:main():lattice-best-path.cc:99) For utterance MPK329, best cost 34.7974 + 2821.4 = 2856.2 over 304 frames.
LOG (lattice-best-path[5.5.1139~1-67548]:main():lattice-best-path.cc:99) For utterance MPK330, best cost 49.5158 + 3269.9 = 3319.42 over 354 frames.
LOG (lattice-best-path[5.5.1139~1-67548]:main():lattice-best-path.cc:99) For utterance MPK331, best cost 32.2304 + 2285.27 = 2317.5 over 237 frames.
LOG (lattice-best-path[5.5.1139~1-67548]:main():lattice-best-path.cc:99) For utterance MPK332, best cost 37.3893 + 3234.13 = 3271.52 over 328 frames.
LOG (lattice-best-path[5.5.1139~1-67548]:main():lattice-best-path.cc:99) For utterance MPK333, best cost 26.9167 + 3345.31 = 3372.23 over 343 frames.
LOG (lattice-best-path[5.5.1139~1-67548]:main():lattice-best-path.cc:99) For utterance MPK334, best cost 54.2677 + 2819.13 = 2873.4 over 303 frames.
LOG (lattice-best-path[5.5.1139~1-67548]:main():lattice-best-path.cc:99) For utterance MPK335, best cost 41.3319 + 2422.38 = 2463.72 over 263 frames.
LOG (lattice-best-path[5.5.1139~1-67548]:main():lattice-best-path.cc:99) For utterance MPK336, best cost 53.6773 + 2450.54 = 2504.22 over 257 frames.
LOG (lattice-best-path[5.5.1139~1-67548]:main():lattice-best-path.cc:99) For utterance MPK337, best cost 68.7966 + 3103.83 = 3172.63 over 332 frames.
LOG (lattice-best-path[5.5.1139~1-67548]:main():lattice-best-path.cc:99) For utterance MPK338, best cost 45.8945 + 2804.77 = 2850.67 over 304 frames.
LOG (lattice-best-path[5.5.1139~1-67548]:main():lattice-best-path.cc:99) For utterance MPK339, best cost 23.0739 + 2816.89 = 2839.97 over 298 frames.
LOG (lattice-best-path[5.5.1139~1-67548]:main():lattice-best-path.cc:99) For utterance MPK340, best cost 79.812 + 3352.32 = 3432.14 over 361 frames.
LOG (lattice-best-path[5.5.1139~1-67548]:main():lattice-best-path.cc:99) For utterance MPK341, best cost 33.8508 + 2209.79 = 2243.64 over 239 frames.
LOG (lattice-best-path[5.5.1139~1-67548]:main():lattice-best-path.cc:99) For utterance MPK342, best cost 45.1986 + 2651.27 = 2696.47 over 291 frames.
LOG (lattice-best-path[5.5.1139~1-67548]:main():lattice-best-path.cc:99) For utterance MPK343, best cost 44.9145 + 3735.78 = 3780.7 over 408 frames.
LOG (lattice-best-path[5.5.1139~1-67548]:main():lattice-best-path.cc:99) For utterance MPK344, best cost 42.763 + 2621.1 = 2663.86 over 298 frames.
LOG (lattice-best-path[5.5.1139~1-67548]:main():lattice-best-path.cc:99) For utterance MPK345, best cost 54.837 + 3257.36 = 3312.19 over 356 frames.
LOG (lattice-best-path[5.5.1139~1-67548]:main():lattice-best-path.cc:99) For utterance MPK346, best cost 47.6201 + 2935.14 = 2982.76 over 310 frames.
LOG (lattice-best-path[5.5.1139~1-67548]:main():lattice-best-path.cc:99) For utterance MPK347, best cost 54.9572 + 2470.44 = 2525.4 over 257 frames.
LOG (lattice-best-path[5.5.1139~1-67548]:main():lattice-best-path.cc:99) For utterance MPK348, best cost 43.6192 + 2447.46 = 2491.08 over 255 frames.
LOG (lattice-best-path[5.5.1139~1-67548]:main():lattice-best-path.cc:99) For utterance MPK349, best cost 24.5577 + 3075.58 = 3100.14 over 324 frames.
LOG (lattice-best-path[5.5.1139~1-67548]:main():lattice-best-path.cc:99) For utterance MPK350, best cost 42.0093 + 3364.56 = 3406.57 over 347 frames.
LOG (lattice-best-path[5.5.1139~1-67548]:main():lattice-best-path.cc:99) For utterance MPK351, best cost 47.727 + 3074.98 = 3122.71 over 325 frames.
LOG (lattice-best-path[5.5.1139~1-67548]:main():lattice-best-path.cc:99) For utterance MPK352, best cost 35.8695 + 3556.42 = 3592.29 over 382 frames.
LOG (lattice-best-path[5.5.1139~1-67548]:main():lattice-best-path.cc:99) For utterance MPK353, best cost 55.8839 + 3520.68 = 3576.57 over 376 frames.
LOG (lattice-best-path[5.5.1139~1-67548]:main():lattice-best-path.cc:99) For utterance MPK354, best cost 84.781 + 4392.2 = 4476.98 over 466 frames.
LOG (lattice-best-path[5.5.1139~1-67548]:main():lattice-best-path.cc:99) For utterance MPK355, best cost 27.2803 + 3529.12 = 3556.4 over 378 frames.
LOG (lattice-best-path[5.5.1139~1-67548]:main():lattice-best-path.cc:99) For utterance MPK356, best cost 23.3156 + 3027.71 = 3051.03 over 318 frames.
LOG (lattice-best-path[5.5.1139~1-67548]:main():lattice-best-path.cc:99) For utterance MPK357, best cost 43.9786 + 2400.18 = 2444.16 over 255 frames.
LOG (lattice-best-path[5.5.1139~1-67548]:main():lattice-best-path.cc:99) For utterance MPK358, best cost 53.4141 + 2612.13 = 2665.54 over 269 frames.
LOG (lattice-best-path[5.5.1139~1-67548]:main():lattice-best-path.cc:99) For utterance MPK359, best cost 46.9683 + 3090.02 = 3136.99 over 317 frames.
LOG (lattice-best-path[5.5.1139~1-67548]:main():lattice-best-path.cc:99) For utterance MPK360, best cost 45.1992 + 2731.02 = 2776.22 over 291 frames.
LOG (lattice-best-path[5.5.1139~1-67548]:main():lattice-best-path.cc:99) For utterance MPK361, best cost 36.2919 + 2767.55 = 2803.84 over 306 frames.
LOG (lattice-best-path[5.5.1139~1-67548]:main():lattice-best-path.cc:99) For utterance MPK362, best cost 81.5145 + 3676.67 = 3758.19 over 396 frames.
LOG (lattice-best-path[5.5.1139~1-67548]:main():lattice-best-path.cc:99) For utterance MPK363, best cost 55.5632 + 3106.32 = 3161.88 over 329 frames.
LOG (lattice-best-path[5.5.1139~1-67548]:main():lattice-best-path.cc:99) For utterance MPK364, best cost 46.3786 + 2888.71 = 2935.09 over 309 frames.
LOG (lattice-best-path[5.5.1139~1-67548]:main():lattice-best-path.cc:99) For utterance MPK365, best cost 47.0232 + 2927.5 = 2974.52 over 311 frames.
LOG (lattice-best-path[5.5.1139~1-67548]:main():lattice-best-path.cc:99) For utterance MPR293, best cost 25.6061 + 2873.77 = 2899.38 over 306 frames.
LOG (lattice-best-path[5.5.1139~1-67548]:main():lattice-best-path.cc:99) For utterance MPR294, best cost 21.448 + 2057.48 = 2078.93 over 218 frames.
LOG (lattice-best-path[5.5.1139~1-67548]:main():lattice-best-path.cc:99) For utterance MPR295, best cost 21.748 + 1946.61 = 1968.35 over 208 frames.
LOG (lattice-best-path[5.5.1139~1-67548]:main():lattice-best-path.cc:99) For utterance MPR296, best cost 39.8797 + 3065.87 = 3105.75 over 329 frames.
LOG (lattice-best-path[5.5.1139~1-67548]:main():lattice-best-path.cc:99) For utterance MPR297, best cost 23.7921 + 2226.75 = 2250.54 over 237 frames.
LOG (lattice-best-path[5.5.1139~1-67548]:main():lattice-best-path.cc:99) For utterance MPR298, best cost 22.9252 + 2212.41 = 2235.34 over 235 frames.
LOG (lattice-best-path[5.5.1139~1-67548]:main():lattice-best-path.cc:99) For utterance MPR299, best cost 21.5437 + 1999.34 = 2020.88 over 212 frames.
LOG (lattice-best-path[5.5.1139~1-67548]:main():lattice-best-path.cc:99) For utterance MPR300, best cost 29.6445 + 3090.7 = 3120.35 over 321 frames.
LOG (lattice-best-path[5.5.1139~1-67548]:main():lattice-best-path.cc:99) For utterance MPR301, best cost 27.6701 + 2764.24 = 2791.91 over 294 frames.
LOG (lattice-best-path[5.5.1139~1-67548]:main():lattice-best-path.cc:99) For utterance MPR302, best cost 53.6698 + 2181.32 = 2234.99 over 228 frames.
LOG (lattice-best-path[5.5.1139~1-67548]:main():lattice-best-path.cc:99) For utterance MPR303, best cost 48.4943 + 2865.85 = 2914.34 over 311 frames.
LOG (lattice-best-path[5.5.1139~1-67548]:main():lattice-best-path.cc:99) For utterance MPR304, best cost 30.3896 + 3246.63 = 3277.02 over 347 frames.
LOG (lattice-best-path[5.5.1139~1-67548]:main():lattice-best-path.cc:99) For utterance MPR305, best cost 32.5335 + 3457.95 = 3490.49 over 362 frames.
LOG (lattice-best-path[5.5.1139~1-67548]:main():lattice-best-path.cc:99) For utterance MPR306, best cost 27.9437 + 2550.34 = 2578.28 over 276 frames.
LOG (lattice-best-path[5.5.1139~1-67548]:main():lattice-best-path.cc:99) For utterance MPR307, best cost 24.467 + 2070.28 = 2094.74 over 227 frames.
LOG (lattice-best-path[5.5.1139~1-67548]:main():lattice-best-path.cc:99) For utterance MPR308, best cost 20.2253 + 1672.99 = 1693.21 over 180 frames.
LOG (lattice-best-path[5.5.1139~1-67548]:main():lattice-best-path.cc:99) For utterance MPR309, best cost 24.0212 + 2253.71 = 2277.73 over 240 frames.
LOG (lattice-best-path[5.5.1139~1-67548]:main():lattice-best-path.cc:99) For utterance MPR310, best cost 25.1107 + 2318.76 = 2343.88 over 239 frames.
LOG (lattice-best-path[5.5.1139~1-67548]:main():lattice-best-path.cc:99) For utterance MPR311, best cost 31.537 + 2930.19 = 2961.73 over 312 frames.
LOG (lattice-best-path[5.5.1139~1-67548]:main():lattice-best-path.cc:99) For utterance MPR312, best cost 31.7982 + 2757.3 = 2789.1 over 298 frames.
LOG (lattice-best-path[5.5.1139~1-67548]:main():lattice-best-path.cc:99) For utterance MPR313, best cost 24.3781 + 2055.44 = 2079.81 over 227 frames.
LOG (lattice-best-path[5.5.1139~1-67548]:main():lattice-best-path.cc:99) For utterance MPR314, best cost 24.0677 + 1990.12 = 2014.19 over 208 frames.
LOG (lattice-best-path[5.5.1139~1-67548]:main():lattice-best-path.cc:99) For utterance MPR315, best cost 24.3443 + 2313.69 = 2338.04 over 245 frames.
LOG (lattice-best-path[5.5.1139~1-67548]:main():lattice-best-path.cc:99) For utterance MPR316, best cost 36.7676 + 2551.26 = 2588.03 over 261 frames.
LOG (lattice-best-path[5.5.1139~1-67548]:main():lattice-best-path.cc:99) For utterance MPR317, best cost 21.1495 + 1615.59 = 1636.74 over 174 frames.
LOG (lattice-best-path[5.5.1139~1-67548]:main():lattice-best-path.cc:99) For utterance MPR318, best cost 19.9925 + 1610.22 = 1630.21 over 176 frames.
LOG (lattice-best-path[5.5.1139~1-67548]:main():lattice-best-path.cc:99) For utterance MPR319, best cost 24.3668 + 2170.03 = 2194.4 over 240 frames.
LOG (lattice-best-path[5.5.1139~1-67548]:main():lattice-best-path.cc:99) For utterance MPR320, best cost 33.3114 + 2092.15 = 2125.46 over 222 frames.
LOG (lattice-best-path[5.5.1139~1-67548]:main():lattice-best-path.cc:99) For utterance MPR321, best cost 26.0774 + 2526.2 = 2552.27 over 249 frames.
LOG (lattice-best-path[5.5.1139~1-67548]:main():lattice-best-path.cc:99) For utterance MPR322, best cost 24.03 + 2273.48 = 2297.51 over 252 frames.
LOG (lattice-best-path[5.5.1139~1-67548]:main():lattice-best-path.cc:99) For utterance MPR323, best cost 38.1305 + 2727.47 = 2765.6 over 295 frames.
LOG (lattice-best-path[5.5.1139~1-67548]:main():lattice-best-path.cc:99) For utterance MPR324, best cost 31.0539 + 3282.79 = 3313.84 over 373 frames.
LOG (lattice-best-path[5.5.1139~1-67548]:main():lattice-best-path.cc:99) For utterance MPR325, best cost 25.4186 + 2521.42 = 2546.84 over 277 frames.
LOG (lattice-best-path[5.5.1139~1-67548]:main():lattice-best-path.cc:99) For utterance MPR326, best cost 26.9654 + 2576 = 2602.97 over 259 frames.
LOG (lattice-best-path[5.5.1139~1-67548]:main():lattice-best-path.cc:99) For utterance MPR327, best cost 40.4899 + 2904.22 = 2944.71 over 313 frames.
LOG (lattice-best-path[5.5.1139~1-67548]:main():lattice-best-path.cc:99) For utterance MPR328, best cost 29.5802 + 3139.26 = 3168.84 over 337 frames.
LOG (lattice-best-path[5.5.1139~1-67548]:main():lattice-best-path.cc:99) For utterance MPR329, best cost 20.2428 + 1810.66 = 1830.9 over 195 frames.
LOG (lattice-best-path[5.5.1139~1-67548]:main():lattice-best-path.cc:99) For utterance MPR330, best cost 47.6122 + 2617.35 = 2664.96 over 284 frames.
LOG (lattice-best-path[5.5.1139~1-67548]:main():lattice-best-path.cc:99) For utterance MPR331, best cost 19.8732 + 1701.73 = 1721.6 over 166 frames.
LOG (lattice-best-path[5.5.1139~1-67548]:main():lattice-best-path.cc:99) For utterance MPR332, best cost 24.5088 + 2346.95 = 2371.46 over 251 frames.
LOG (lattice-best-path[5.5.1139~1-67548]:main():lattice-best-path.cc:99) For utterance MPR333, best cost 25.297 + 2463.02 = 2488.31 over 261 frames.
LOG (lattice-best-path[5.5.1139~1-67548]:main():lattice-best-path.cc:99) For utterance MPR334, best cost 24.4409 + 1986.61 = 2011.05 over 219 frames.
LOG (lattice-best-path[5.5.1139~1-67548]:main():lattice-best-path.cc:99) For utterance MPR335, best cost 21.9887 + 1921.6 = 1943.59 over 206 frames.
LOG (lattice-best-path[5.5.1139~1-67548]:main():lattice-best-path.cc:99) For utterance MPR336, best cost 21.4999 + 1939.23 = 1960.73 over 210 frames.
LOG (lattice-best-path[5.5.1139~1-67548]:main():lattice-best-path.cc:99) For utterance MPR337, best cost 34.2141 + 2041.36 = 2075.57 over 212 frames.
LOG (lattice-best-path[5.5.1139~1-67548]:main():lattice-best-path.cc:99) For utterance MPR338, best cost 23.3869 + 2205.85 = 2229.24 over 238 frames.
LOG (lattice-best-path[5.5.1139~1-67548]:main():lattice-best-path.cc:99) For utterance MPR339, best cost 19.7692 + 1622.13 = 1641.9 over 167 frames.
LOG (lattice-best-path[5.5.1139~1-67548]:main():lattice-best-path.cc:99) For utterance MPR340, best cost 49.9239 + 3040.34 = 3090.26 over 316 frames.
LOG (lattice-best-path[5.5.1139~1-67548]:main():lattice-best-path.cc:99) For utterance MPR341, best cost 21.308 + 1718.25 = 1739.55 over 186 frames.
LOG (lattice-best-path[5.5.1139~1-67548]:main():lattice-best-path.cc:99) For utterance MPR342, best cost 20.8016 + 1633.06 = 1653.86 over 181 frames.
LOG (lattice-best-path[5.5.1139~1-67548]:main():lattice-best-path.cc:99) For utterance MPR343, best cost 27.1175 + 2376.27 = 2403.38 over 258 frames.
LOG (lattice-best-path[5.5.1139~1-67548]:main():lattice-best-path.cc:99) For utterance MPR344, best cost 42.3408 + 1651.26 = 1693.6 over 187 frames.
LOG (lattice-best-path[5.5.1139~1-67548]:main():lattice-best-path.cc:99) For utterance MPR345, best cost 26.0624 + 2162.98 = 2189.04 over 237 frames.
LOG (lattice-best-path[5.5.1139~1-67548]:main():lattice-best-path.cc:99) For utterance MPR346, best cost 22.3732 + 1706.44 = 1728.81 over 180 frames.
LOG (lattice-best-path[5.5.1139~1-67548]:main():lattice-best-path.cc:99) For utterance MPR347, best cost 30.483 + 1874.17 = 1904.66 over 197 frames.
LOG (lattice-best-path[5.5.1139~1-67548]:main():lattice-best-path.cc:99) For utterance MPR348, best cost 19.7877 + 1567.34 = 1587.13 over 168 frames.
LOG (lattice-best-path[5.5.1139~1-67548]:main():lattice-best-path.cc:99) For utterance MPR349, best cost 22.5958 + 2029.09 = 2051.69 over 213 frames.
LOG (lattice-best-path[5.5.1139~1-67548]:main():lattice-best-path.cc:99) For utterance MPR350, best cost 42.3734 + 3156.23 = 3198.6 over 321 frames.
LOG (lattice-best-path[5.5.1139~1-67548]:main():lattice-best-path.cc:99) For utterance MPR351, best cost 23.6081 + 1851.89 = 1875.5 over 190 frames.
LOG (lattice-best-path[5.5.1139~1-67548]:main():lattice-best-path.cc:99) For utterance MPR352, best cost 20.6264 + 1647.83 = 1668.46 over 170 frames.
LOG (lattice-best-path[5.5.1139~1-67548]:main():lattice-best-path.cc:99) For utterance MPR353, best cost 34.5452 + 2146.45 = 2180.99 over 229 frames.
LOG (lattice-best-path[5.5.1139~1-67548]:main():lattice-best-path.cc:99) For utterance MPR354, best cost 40.6231 + 2703.84 = 2744.46 over 291 frames.
LOG (lattice-best-path[5.5.1139~1-67548]:main():lattice-best-path.cc:99) For utterance MPR355, best cost 23.4384 + 2011.19 = 2034.63 over 214 frames.
LOG (lattice-best-path[5.5.1139~1-67548]:main():lattice-best-path.cc:99) For utterance MPR356, best cost 21.3854 + 1722.76 = 1744.15 over 179 frames.
LOG (lattice-best-path[5.5.1139~1-67548]:main():lattice-best-path.cc:99) For utterance MPR357, best cost 20.718 + 1839.81 = 1860.53 over 206 frames.
LOG (lattice-best-path[5.5.1139~1-67548]:main():lattice-best-path.cc:99) For utterance MPR358, best cost 41.9315 + 1949.77 = 1991.7 over 204 frames.
LOG (lattice-best-path[5.5.1139~1-67548]:main():lattice-best-path.cc:99) For utterance MPR359, best cost 24.6122 + 2192.09 = 2216.7 over 231 frames.
LOG (lattice-best-path[5.5.1139~1-67548]:main():lattice-best-path.cc:99) For utterance MPR360, best cost 31.164 + 1550.51 = 1581.67 over 159 frames.
LOG (lattice-best-path[5.5.1139~1-67548]:main():lattice-best-path.cc:99) For utterance MPR361, best cost 18.5996 + 1456.19 = 1474.79 over 150 frames.
LOG (lattice-best-path[5.5.1139~1-67548]:main():lattice-best-path.cc:99) For utterance MPR362, best cost 71.8844 + 2675.45 = 2747.33 over 279 frames.
LOG (lattice-best-path[5.5.1139~1-67548]:main():lattice-best-path.cc:99) For utterance MPR363, best cost 23.9075 + 2187.25 = 2211.16 over 232 frames.
LOG (lattice-best-path[5.5.1139~1-67548]:main():lattice-best-path.cc:99) For utterance MPR364, best cost 41.9434 + 2015.93 = 2057.87 over 208 frames.
LOG (lattice-best-path[5.5.1139~1-67548]:main():lattice-best-path.cc:99) For utterance MPR365, best cost 37.4193 + 2467.49 = 2504.91 over 259 frames.
LOG (lattice-best-path[5.5.1139~1-67548]:main():lattice-best-path.cc:99) For utterance MRA293, best cost 26.2429 + 3667.89 = 3694.13 over 399 frames.
LOG (lattice-best-path[5.5.1139~1-67548]:main():lattice-best-path.cc:99) For utterance MRA294, best cost 53.3463 + 2864.03 = 2917.38 over 310 frames.
LOG (lattice-best-path[5.5.1139~1-67548]:main():lattice-best-path.cc:99) For utterance MRA295, best cost 22.9871 + 2470.35 = 2493.34 over 272 frames.
LOG (lattice-best-path[5.5.1139~1-67548]:main():lattice-best-path.cc:99) For utterance MRA296, best cost 31.9481 + 3933.78 = 3965.73 over 422 frames.
LOG (lattice-best-path[5.5.1139~1-67548]:main():lattice-best-path.cc:99) For utterance MRA297, best cost 49.7092 + 3131.34 = 3181.05 over 358 frames.
LOG (lattice-best-path[5.5.1139~1-67548]:main():lattice-best-path.cc:99) For utterance MRA298, best cost 23.7512 + 2668.67 = 2692.42 over 305 frames.
LOG (lattice-best-path[5.5.1139~1-67548]:main():lattice-best-path.cc:99) For utterance MRA299, best cost 22.9378 + 2741.74 = 2764.68 over 314 frames.
LOG (lattice-best-path[5.5.1139~1-67548]:main():lattice-best-path.cc:99) For utterance MRA300, best cost 29.8571 + 3512.38 = 3542.23 over 380 frames.
LOG (lattice-best-path[5.5.1139~1-67548]:main():lattice-best-path.cc:99) For utterance MRA301, best cost 28.3572 + 2981.5 = 3009.86 over 328 frames.
LOG (lattice-best-path[5.5.1139~1-67548]:main():lattice-best-path.cc:99) For utterance MRA302, best cost 56.8607 + 2944.51 = 3001.37 over 307 frames.
LOG (lattice-best-path[5.5.1139~1-67548]:main():lattice-best-path.cc:99) For utterance MRA303, best cost 39.4139 + 3584.27 = 3623.68 over 399 frames.
LOG (lattice-best-path[5.5.1139~1-67548]:main():lattice-best-path.cc:99) For utterance MRA304, best cost 33.4214 + 4154.95 = 4188.37 over 441 frames.
LOG (lattice-best-path[5.5.1139~1-67548]:main():lattice-best-path.cc:99) For utterance MRA305, best cost 83.0926 + 4560.91 = 4644 over 508 frames.
LOG (lattice-best-path[5.5.1139~1-67548]:main():lattice-best-path.cc:99) For utterance MRA306, best cost 61.0932 + 3771.47 = 3832.57 over 428 frames.
LOG (lattice-best-path[5.5.1139~1-67548]:main():lattice-best-path.cc:99) For utterance MRA307, best cost 25.7633 + 3263.62 = 3289.39 over 358 frames.
LOG (lattice-best-path[5.5.1139~1-67548]:main():lattice-best-path.cc:99) For utterance MRA308, best cost 43.3394 + 2463.25 = 2506.59 over 275 frames.
LOG (lattice-best-path[5.5.1139~1-67548]:main():lattice-best-path.cc:99) For utterance MRA309, best cost 45.02 + 3028.25 = 3073.27 over 325 frames.
LOG (lattice-best-path[5.5.1139~1-67548]:main():lattice-best-path.cc:99) For utterance MRA310, best cost 26.9781 + 2866.07 = 2893.05 over 303 frames.
LOG (lattice-best-path[5.5.1139~1-67548]:main():lattice-best-path.cc:99) For utterance MRA311, best cost 65.6745 + 4470.6 = 4536.27 over 480 frames.
LOG (lattice-best-path[5.5.1139~1-67548]:main():lattice-best-path.cc:99) For utterance MRA312, best cost 51.6025 + 3153.72 = 3205.33 over 319 frames.
LOG (lattice-best-path[5.5.1139~1-67548]:main():lattice-best-path.cc:99) For utterance MRA313, best cost 24.4985 + 2307.72 = 2332.22 over 254 frames.
LOG (lattice-best-path[5.5.1139~1-67548]:main():lattice-best-path.cc:99) For utterance MRA314, best cost 42.8612 + 2263.63 = 2306.49 over 245 frames.
LOG (lattice-best-path[5.5.1139~1-67548]:main():lattice-best-path.cc:99) For utterance MRA315, best cost 60.0232 + 3558.12 = 3618.14 over 390 frames.
LOG (lattice-best-path[5.5.1139~1-67548]:main():lattice-best-path.cc:99) For utterance MRA316, best cost 29.6155 + 3678.28 = 3707.89 over 387 frames.
LOG (lattice-best-path[5.5.1139~1-67548]:main():lattice-best-path.cc:99) For utterance MRA317, best cost 25.0382 + 3861.6 = 3886.64 over 449 frames.
LOG (lattice-best-path[5.5.1139~1-67548]:main():lattice-best-path.cc:99) For utterance MRA318, best cost 23.6412 + 2664.4 = 2688.04 over 286 frames.
LOG (lattice-best-path[5.5.1139~1-67548]:main():lattice-best-path.cc:99) For utterance MRA319, best cost 24.1483 + 2519.52 = 2543.67 over 284 frames.
LOG (lattice-best-path[5.5.1139~1-67548]:main():lattice-best-path.cc:99) For utterance MRA320, best cost 53.8627 + 2073.12 = 2126.98 over 222 frames.
LOG (lattice-best-path[5.5.1139~1-67548]:main():lattice-best-path.cc:99) For utterance MRA321, best cost 28.3564 + 3309.35 = 3337.71 over 354 frames.
LOG (lattice-best-path[5.5.1139~1-67548]:main():lattice-best-path.cc:99) For utterance MRA322, best cost 24.663 + 2809.58 = 2834.24 over 307 frames.
LOG (lattice-best-path[5.5.1139~1-67548]:main():lattice-best-path.cc:99) For utterance MRA323, best cost 49.8381 + 2796.95 = 2846.78 over 309 frames.
LOG (lattice-best-path[5.5.1139~1-67548]:main():lattice-best-path.cc:99) For utterance MRA324, best cost 30.7038 + 2951.72 = 2982.42 over 319 frames.
LOG (lattice-best-path[5.5.1139~1-67548]:main():lattice-best-path.cc:99) For utterance MRA325, best cost 25.7568 + 2721.09 = 2746.84 over 283 frames.
LOG (lattice-best-path[5.5.1139~1-67548]:main():lattice-best-path.cc:99) For utterance MRA326, best cost 71.2401 + 3976.37 = 4047.61 over 434 frames.
LOG (lattice-best-path[5.5.1139~1-67548]:main():lattice-best-path.cc:99) For utterance MRA327, best cost 41.0101 + 3244.37 = 3285.38 over 343 frames.
LOG (lattice-best-path[5.5.1139~1-67548]:main():lattice-best-path.cc:99) For utterance MRA328, best cost 29.9708 + 3614.96 = 3644.94 over 384 frames.
LOG (lattice-best-path[5.5.1139~1-67548]:main():lattice-best-path.cc:99) For utterance MRA329, best cost 22.1833 + 2196.8 = 2218.99 over 226 frames.
LOG (lattice-best-path[5.5.1139~1-67548]:main():lattice-best-path.cc:99) For utterance MRA330, best cost 26.1553 + 3161.31 = 3187.47 over 342 frames.
LOG (lattice-best-path[5.5.1139~1-67548]:main():lattice-best-path.cc:99) For utterance MRA331, best cost 22.3467 + 2338.27 = 2360.61 over 241 frames.
LOG (lattice-best-path[5.5.1139~1-67548]:main():lattice-best-path.cc:99) For utterance MRA332, best cost 24.0986 + 2547.81 = 2571.9 over 266 frames.
LOG (lattice-best-path[5.5.1139~1-67548]:main():lattice-best-path.cc:99) For utterance MRA333, best cost 26.8308 + 3037.49 = 3064.32 over 327 frames.
LOG (lattice-best-path[5.5.1139~1-67548]:main():lattice-best-path.cc:99) For utterance MRA334, best cost 45.4648 + 2606.37 = 2651.83 over 297 frames.
LOG (lattice-best-path[5.5.1139~1-67548]:main():lattice-best-path.cc:99) For utterance MRA335, best cost 23.9128 + 1764.01 = 1787.92 over 179 frames.
LOG (lattice-best-path[5.5.1139~1-67548]:main():lattice-best-path.cc:99) For utterance MRA336, best cost 35.2298 + 2554.08 = 2589.31 over 266 frames.
LOG (lattice-best-path[5.5.1139~1-67548]:main():lattice-best-path.cc:99) For utterance MRA337, best cost 38.2888 + 3175.79 = 3214.07 over 346 frames.
LOG (lattice-best-path[5.5.1139~1-67548]:main():lattice-best-path.cc:99) For utterance MRA338, best cost 34.1561 + 2034.34 = 2068.49 over 232 frames.
LOG (lattice-best-path[5.5.1139~1-67548]:main():lattice-best-path.cc:99) For utterance MRA339, best cost 20.7174 + 2010.35 = 2031.07 over 213 frames.
LOG (lattice-best-path[5.5.1139~1-67548]:main():lattice-best-path.cc:99) For utterance MRA340, best cost 64.8295 + 2905.58 = 2970.41 over 319 frames.
LOG (lattice-best-path[5.5.1139~1-67548]:main():lattice-best-path.cc:99) For utterance MRA341, best cost 35.8673 + 2148.83 = 2184.7 over 230 frames.
LOG (lattice-best-path[5.5.1139~1-67548]:main():lattice-best-path.cc:99) For utterance MRA342, best cost 21.5221 + 1895.9 = 1917.42 over 201 frames.
LOG (lattice-best-path[5.5.1139~1-67548]:main():lattice-best-path.cc:99) For utterance MRA343, best cost 39.783 + 2668.2 = 2707.99 over 299 frames.
LOG (lattice-best-path[5.5.1139~1-67548]:main():lattice-best-path.cc:99) For utterance MRA344, best cost 40.1893 + 1703.68 = 1743.87 over 191 frames.
LOG (lattice-best-path[5.5.1139~1-67548]:main():lattice-best-path.cc:99) For utterance MRA345, best cost 25.9698 + 2367.28 = 2393.25 over 257 frames.
LOG (lattice-best-path[5.5.1139~1-67548]:main():lattice-best-path.cc:99) For utterance MRA346, best cost 24.0306 + 2314.98 = 2339.01 over 242 frames.
LOG (lattice-best-path[5.5.1139~1-67548]:main():lattice-best-path.cc:99) For utterance MRA347, best cost 24.2597 + 2473.64 = 2497.9 over 254 frames.
LOG (lattice-best-path[5.5.1139~1-67548]:main():lattice-best-path.cc:99) For utterance MRA348, best cost 21.8978 + 2351.51 = 2373.41 over 258 frames.
LOG (lattice-best-path[5.5.1139~1-67548]:main():lattice-best-path.cc:99) For utterance MRA349, best cost 22.716 + 2179.1 = 2201.82 over 235 frames.
LOG (lattice-best-path[5.5.1139~1-67548]:main():lattice-best-path.cc:99) For utterance MRA350, best cost 28.8111 + 3082.14 = 3110.95 over 330 frames.
LOG (lattice-best-path[5.5.1139~1-67548]:main():lattice-best-path.cc:99) For utterance MRA351, best cost 26.5172 + 2753.95 = 2780.46 over 294 frames.
LOG (lattice-best-path[5.5.1139~1-67548]:main():lattice-best-path.cc:99) For utterance MRA352, best cost 35.164 + 2492.43 = 2527.59 over 264 frames.
LOG (lattice-best-path[5.5.1139~1-67548]:main():lattice-best-path.cc:99) For utterance MRA353, best cost 43.1726 + 2477.03 = 2520.21 over 281 frames.
LOG (lattice-depth-per-frame[5.5.1139~1-67548]:main():lattice-depth-per-frame.cc:82) Done 219 lattices.
LOG (lattice-best-path[5.5.1139~1-67548]:main():lattice-best-path.cc:99) For utterance MRA354, best cost 43.6131 + 3542.91 = 3586.52 over 387 frames.
LOG (lattice-best-path[5.5.1139~1-67548]:main():lattice-best-path.cc:99) For utterance MRA355, best cost 24.3529 + 2463.93 = 2488.28 over 264 frames.
LOG (lattice-best-path[5.5.1139~1-67548]:main():lattice-best-path.cc:99) For utterance MRA356, best cost 24.598 + 2459.43 = 2484.03 over 271 frames.
LOG (lattice-best-path[5.5.1139~1-67548]:main():lattice-best-path.cc:99) For utterance MRA357, best cost 20.839 + 2086.86 = 2107.7 over 233 frames.
LOG (lattice-best-path[5.5.1139~1-67548]:main():lattice-best-path.cc:99) For utterance MRA358, best cost 42.7424 + 2417.04 = 2459.78 over 264 frames.
LOG (lattice-best-path[5.5.1139~1-67548]:main():lattice-best-path.cc:99) For utterance MRA359, best cost 27.4128 + 2899.35 = 2926.76 over 309 frames.
LOG (lattice-best-path[5.5.1139~1-67548]:main():lattice-best-path.cc:99) For utterance MRA360, best cost 44.4344 + 2634.62 = 2679.06 over 278 frames.
LOG (lattice-best-path[5.5.1139~1-67548]:main():lattice-best-path.cc:99) For utterance MRA361, best cost 19.8815 + 1930.37 = 1950.25 over 218 frames.
LOG (lattice-best-path[5.5.1139~1-67548]:main():lattice-best-path.cc:99) For utterance MRA362, best cost 81.2661 + 3965.6 = 4046.86 over 418 frames.
LOG (lattice-best-path[5.5.1139~1-67548]:main():lattice-best-path.cc:99) For utterance MRA363, best cost 56.352 + 2605.46 = 2661.82 over 294 frames.
LOG (lattice-best-path[5.5.1139~1-67548]:main():lattice-best-path.cc:99) For utterance MRA364, best cost 33.0462 + 1955.79 = 1988.84 over 208 frames.
LOG (lattice-best-path[5.5.1139~1-67548]:main():lattice-best-path.cc:99) For utterance MRA365, best cost 57.179 + 2801.24 = 2858.41 over 311 frames.
LOG (lattice-best-path[5.5.1139~1-67548]:main():lattice-best-path.cc:124) Overall cost per frame is 9.44502 = 0.126488 [graph] + 9.31853 [acoustic] over 66056 frames.
LOG (lattice-best-path[5.5.1139~1-67548]:main():lattice-best-path.cc:128) Done 219 lattices, failed for 0
# Accounting: time=0 threads=1
# Ended (code 0) at Mon Jul  8 11:11:47 IST 2024, elapsed time 0 seconds
