# lattice-depth-per-frame "ark:gunzip -c exp_FG/tri_8_2000/decode/lat.1.gz|" "ark,t:|gzip -c > exp_FG/tri_8_2000/decode/depth_tmp.1.gz" ark:- | lattice-best-path --acoustic-scale=0.1 ark:- ark:/dev/null "ark,t:|gzip -c >exp_FG/tri_8_2000/decode/ali_tmp.1.gz" 
# Started at Mon Jul  8 11:11:47 IST 2024
#
lattice-depth-per-frame 'ark:gunzip -c exp_FG/tri_8_2000/decode/lat.1.gz|' 'ark,t:|gzip -c > exp_FG/tri_8_2000/decode/depth_tmp.1.gz' ark:- 
lattice-best-path --acoustic-scale=0.1 ark:- ark:/dev/null 'ark,t:|gzip -c >exp_FG/tri_8_2000/decode/ali_tmp.1.gz' 
LOG (lattice-best-path[5.5.1139~1-67548]:main():lattice-best-path.cc:99) For utterance FSI293, best cost 25.5329 + 2939.33 = 2964.87 over 317 frames.
LOG (lattice-best-path[5.5.1139~1-67548]:main():lattice-best-path.cc:99) For utterance FSI294, best cost 43.4126 + 2212.35 = 2255.76 over 240 frames.
LOG (lattice-best-path[5.5.1139~1-67548]:main():lattice-best-path.cc:99) For utterance FSI295, best cost 33.9266 + 2593.98 = 2627.91 over 301 frames.
LOG (lattice-best-path[5.5.1139~1-67548]:main():lattice-best-path.cc:99) For utterance FSI296, best cost 43.0483 + 3357.53 = 3400.58 over 359 frames.
LOG (lattice-best-path[5.5.1139~1-67548]:main():lattice-best-path.cc:99) For utterance FSI297, best cost 26.3728 + 2901.48 = 2927.85 over 314 frames.
LOG (lattice-best-path[5.5.1139~1-67548]:main():lattice-best-path.cc:99) For utterance FSI298, best cost 43.9771 + 2865.38 = 2909.35 over 307 frames.
LOG (lattice-best-path[5.5.1139~1-67548]:main():lattice-best-path.cc:99) For utterance FSI299, best cost 42.1473 + 2796.56 = 2838.71 over 320 frames.
LOG (lattice-best-path[5.5.1139~1-67548]:main():lattice-best-path.cc:99) For utterance FSI300, best cost 31.0951 + 4463.85 = 4494.94 over 478 frames.
LOG (lattice-best-path[5.5.1139~1-67548]:main():lattice-best-path.cc:99) For utterance FSI301, best cost 30.6231 + 3760.87 = 3791.5 over 411 frames.
LOG (lattice-best-path[5.5.1139~1-67548]:main():lattice-best-path.cc:99) For utterance FSI302, best cost 69.1267 + 3853.28 = 3922.41 over 424 frames.
LOG (lattice-best-path[5.5.1139~1-67548]:main():lattice-best-path.cc:99) For utterance FSI303, best cost 49.3279 + 3306.16 = 3355.49 over 362 frames.
LOG (lattice-best-path[5.5.1139~1-67548]:main():lattice-best-path.cc:99) For utterance FSI304, best cost 59.0905 + 3263.67 = 3322.76 over 356 frames.
LOG (lattice-best-path[5.5.1139~1-67548]:main():lattice-best-path.cc:99) For utterance FSI305, best cost 80.7224 + 4356.68 = 4437.4 over 475 frames.
LOG (lattice-best-path[5.5.1139~1-67548]:main():lattice-best-path.cc:99) For utterance FSI306, best cost 42.2804 + 3873.68 = 3915.96 over 427 frames.
LOG (lattice-best-path[5.5.1139~1-67548]:main():lattice-best-path.cc:99) For utterance FSI307, best cost 37.5566 + 2938.37 = 2975.93 over 327 frames.
LOG (lattice-best-path[5.5.1139~1-67548]:main():lattice-best-path.cc:99) For utterance FSI308, best cost 53.8659 + 2971.75 = 3025.61 over 340 frames.
LOG (lattice-best-path[5.5.1139~1-67548]:main():lattice-best-path.cc:99) For utterance FSI309, best cost 37.6267 + 2838.21 = 2875.84 over 317 frames.
LOG (lattice-best-path[5.5.1139~1-67548]:main():lattice-best-path.cc:99) For utterance FSI310, best cost 46.3607 + 3054.54 = 3100.9 over 326 frames.
LOG (lattice-best-path[5.5.1139~1-67548]:main():lattice-best-path.cc:99) For utterance FSI311, best cost 91.5873 + 5762.16 = 5853.74 over 624 frames.
LOG (lattice-best-path[5.5.1139~1-67548]:main():lattice-best-path.cc:99) For utterance FSI312, best cost 69.8968 + 3824.67 = 3894.56 over 414 frames.
LOG (lattice-best-path[5.5.1139~1-67548]:main():lattice-best-path.cc:99) For utterance FSI313, best cost 26.2815 + 3241.84 = 3268.12 over 355 frames.
LOG (lattice-best-path[5.5.1139~1-67548]:main():lattice-best-path.cc:99) For utterance FSI314, best cost 61.6236 + 2630.37 = 2691.99 over 270 frames.
LOG (lattice-best-path[5.5.1139~1-67548]:main():lattice-best-path.cc:99) For utterance FSI315, best cost 24.8717 + 2878.47 = 2903.34 over 313 frames.
LOG (lattice-best-path[5.5.1139~1-67548]:main():lattice-best-path.cc:99) For utterance FSI316, best cost 83.3759 + 3813.49 = 3896.87 over 410 frames.
LOG (lattice-best-path[5.5.1139~1-67548]:main():lattice-best-path.cc:99) For utterance FSI317, best cost 46.6789 + 3717.8 = 3764.48 over 426 frames.
LOG (lattice-best-path[5.5.1139~1-67548]:main():lattice-best-path.cc:99) For utterance FSI318, best cost 22.8532 + 2712.98 = 2735.83 over 310 frames.
LOG (lattice-best-path[5.5.1139~1-67548]:main():lattice-best-path.cc:99) For utterance FSI319, best cost 27.2015 + 3648.48 = 3675.68 over 414 frames.
LOG (lattice-best-path[5.5.1139~1-67548]:main():lattice-best-path.cc:99) For utterance FSI320, best cost 24.8636 + 3088.84 = 3113.7 over 351 frames.
LOG (lattice-best-path[5.5.1139~1-67548]:main():lattice-best-path.cc:99) For utterance FSI321, best cost 50.5204 + 3244.3 = 3294.82 over 353 frames.
LOG (lattice-best-path[5.5.1139~1-67548]:main():lattice-best-path.cc:99) For utterance FSI322, best cost 25.5367 + 3436.27 = 3461.81 over 380 frames.
LOG (lattice-best-path[5.5.1139~1-67548]:main():lattice-best-path.cc:99) For utterance FSI323, best cost 33.0214 + 4309.37 = 4342.39 over 461 frames.
LOG (lattice-best-path[5.5.1139~1-67548]:main():lattice-best-path.cc:99) For utterance FSI324, best cost 30.6937 + 3921.9 = 3952.59 over 435 frames.
LOG (lattice-best-path[5.5.1139~1-67548]:main():lattice-best-path.cc:99) For utterance FSI325, best cost 37.1775 + 3363.78 = 3400.95 over 361 frames.
LOG (lattice-best-path[5.5.1139~1-67548]:main():lattice-best-path.cc:99) For utterance FSI326, best cost 43.2526 + 4150.75 = 4194 over 443 frames.
LOG (lattice-best-path[5.5.1139~1-67548]:main():lattice-best-path.cc:99) For utterance FSI327, best cost 61.8221 + 3915.13 = 3976.95 over 452 frames.
LOG (lattice-best-path[5.5.1139~1-67548]:main():lattice-best-path.cc:99) For utterance FSI328, best cost 29.0873 + 3479.22 = 3508.31 over 380 frames.
LOG (lattice-best-path[5.5.1139~1-67548]:main():lattice-best-path.cc:99) For utterance FSI329, best cost 24.3849 + 3474.88 = 3499.27 over 384 frames.
LOG (lattice-best-path[5.5.1139~1-67548]:main():lattice-best-path.cc:99) For utterance FSI330, best cost 47.4134 + 3363.44 = 3410.86 over 380 frames.
LOG (lattice-best-path[5.5.1139~1-67548]:main():lattice-best-path.cc:99) For utterance FSI331, best cost 21.8069 + 2116.83 = 2138.63 over 230 frames.
LOG (lattice-best-path[5.5.1139~1-67548]:main():lattice-best-path.cc:99) For utterance FSI332, best cost 25.4734 + 2850.19 = 2875.66 over 309 frames.
LOG (lattice-best-path[5.5.1139~1-67548]:main():lattice-best-path.cc:99) For utterance FSI333, best cost 25.9112 + 2939.7 = 2965.61 over 313 frames.
LOG (lattice-best-path[5.5.1139~1-67548]:main():lattice-best-path.cc:99) For utterance FSI334, best cost 26.4053 + 3064.3 = 3090.71 over 357 frames.
LOG (lattice-best-path[5.5.1139~1-67548]:main():lattice-best-path.cc:99) For utterance FSI335, best cost 22.0525 + 2522.3 = 2544.36 over 290 frames.
LOG (lattice-best-path[5.5.1139~1-67548]:main():lattice-best-path.cc:99) For utterance FSI336, best cost 34.7945 + 2969.55 = 3004.35 over 315 frames.
LOG (lattice-best-path[5.5.1139~1-67548]:main():lattice-best-path.cc:99) For utterance FSI337, best cost 48.5254 + 3761.68 = 3810.2 over 414 frames.
LOG (lattice-best-path[5.5.1139~1-67548]:main():lattice-best-path.cc:99) For utterance FSI338, best cost 56.4366 + 2791.14 = 2847.57 over 307 frames.
LOG (lattice-best-path[5.5.1139~1-67548]:main():lattice-best-path.cc:99) For utterance FSI339, best cost 21.8441 + 2605.83 = 2627.67 over 294 frames.
LOG (lattice-best-path[5.5.1139~1-67548]:main():lattice-best-path.cc:99) For utterance FSI340, best cost 74.893 + 4000.24 = 4075.13 over 450 frames.
LOG (lattice-best-path[5.5.1139~1-67548]:main():lattice-best-path.cc:99) For utterance FSI341, best cost 37.9753 + 3145.97 = 3183.94 over 354 frames.
LOG (lattice-best-path[5.5.1139~1-67548]:main():lattice-best-path.cc:99) For utterance FSI342, best cost 23.037 + 2930.76 = 2953.79 over 330 frames.
LOG (lattice-best-path[5.5.1139~1-67548]:main():lattice-best-path.cc:99) For utterance FSI343, best cost 29.5353 + 3514.24 = 3543.78 over 385 frames.
LOG (lattice-best-path[5.5.1139~1-67548]:main():lattice-best-path.cc:99) For utterance FSI344, best cost 42.9184 + 2635.82 = 2678.74 over 292 frames.
LOG (lattice-best-path[5.5.1139~1-67548]:main():lattice-best-path.cc:99) For utterance FSI345, best cost 25.9317 + 2807.66 = 2833.59 over 301 frames.
LOG (lattice-best-path[5.5.1139~1-67548]:main():lattice-best-path.cc:99) For utterance FSI346, best cost 23.7332 + 2844.17 = 2867.91 over 313 frames.
LOG (lattice-best-path[5.5.1139~1-67548]:main():lattice-best-path.cc:99) For utterance FSI347, best cost 26.5629 + 3454.01 = 3480.57 over 367 frames.
LOG (lattice-best-path[5.5.1139~1-67548]:main():lattice-best-path.cc:99) For utterance FSI348, best cost 46.6389 + 2599.22 = 2645.86 over 290 frames.
LOG (lattice-best-path[5.5.1139~1-67548]:main():lattice-best-path.cc:99) For utterance FSI349, best cost 23.1871 + 2644.54 = 2667.72 over 290 frames.
LOG (lattice-best-path[5.5.1139~1-67548]:main():lattice-best-path.cc:99) For utterance FSI350, best cost 32.3816 + 4457.46 = 4489.85 over 489 frames.
LOG (lattice-best-path[5.5.1139~1-67548]:main():lattice-best-path.cc:99) For utterance FSI351, best cost 29.0843 + 4290.57 = 4319.65 over 477 frames.
LOG (lattice-best-path[5.5.1139~1-67548]:main():lattice-best-path.cc:99) For utterance FSI352, best cost 24.201 + 3303.49 = 3327.69 over 375 frames.
LOG (lattice-best-path[5.5.1139~1-67548]:main():lattice-best-path.cc:99) For utterance FSI353, best cost 46.1364 + 2268.07 = 2314.2 over 243 frames.
LOG (lattice-best-path[5.5.1139~1-67548]:main():lattice-best-path.cc:99) For utterance FSI354, best cost 46.5561 + 4475.56 = 4522.12 over 481 frames.
LOG (lattice-best-path[5.5.1139~1-67548]:main():lattice-best-path.cc:99) For utterance FSI355, best cost 44.1288 + 2764.5 = 2808.63 over 300 frames.
LOG (lattice-best-path[5.5.1139~1-67548]:main():lattice-best-path.cc:99) For utterance FSI356, best cost 22.7627 + 2298.18 = 2320.95 over 249 frames.
LOG (lattice-best-path[5.5.1139~1-67548]:main():lattice-best-path.cc:99) For utterance FSI357, best cost 21.7006 + 2171.15 = 2192.85 over 253 frames.
LOG (lattice-best-path[5.5.1139~1-67548]:main():lattice-best-path.cc:99) For utterance FSI358, best cost 22.0955 + 2658.96 = 2681.05 over 278 frames.
LOG (lattice-best-path[5.5.1139~1-67548]:main():lattice-best-path.cc:99) For utterance FSI359, best cost 25.8789 + 2870.61 = 2896.49 over 307 frames.
LOG (lattice-best-path[5.5.1139~1-67548]:main():lattice-best-path.cc:99) For utterance FSI360, best cost 45.9526 + 2631.28 = 2677.23 over 292 frames.
LOG (lattice-best-path[5.5.1139~1-67548]:main():lattice-best-path.cc:99) For utterance FSI361, best cost 20.8461 + 2430.09 = 2450.94 over 267 frames.
LOG (lattice-best-path[5.5.1139~1-67548]:main():lattice-best-path.cc:99) For utterance FSI362, best cost 60.8822 + 3552.45 = 3613.33 over 394 frames.
LOG (lattice-best-path[5.5.1139~1-67548]:main():lattice-best-path.cc:99) For utterance FSI363, best cost 56.4283 + 3382.83 = 3439.26 over 369 frames.
LOG (lattice-best-path[5.5.1139~1-67548]:main():lattice-best-path.cc:99) For utterance FSI364, best cost 39.6454 + 2972.29 = 3011.93 over 327 frames.
LOG (lattice-best-path[5.5.1139~1-67548]:main():lattice-best-path.cc:99) For utterance FSI365, best cost 51.3733 + 3914.56 = 3965.93 over 452 frames.
LOG (lattice-best-path[5.5.1139~1-67548]:main():lattice-best-path.cc:99) For utterance FVP293, best cost 24.9506 + 3317.05 = 3342 over 360 frames.
LOG (lattice-best-path[5.5.1139~1-67548]:main():lattice-best-path.cc:99) For utterance FVP294, best cost 23.6075 + 2887.44 = 2911.05 over 310 frames.
LOG (lattice-best-path[5.5.1139~1-67548]:main():lattice-best-path.cc:99) For utterance FVP295, best cost 22.918 + 3006.14 = 3029.06 over 330 frames.
LOG (lattice-best-path[5.5.1139~1-67548]:main():lattice-best-path.cc:99) For utterance FVP296, best cost 44.0687 + 5085.38 = 5129.45 over 544 frames.
LOG (lattice-best-path[5.5.1139~1-67548]:main():lattice-best-path.cc:99) For utterance FVP297, best cost 27.3502 + 4214.18 = 4241.53 over 465 frames.
LOG (lattice-best-path[5.5.1139~1-67548]:main():lattice-best-path.cc:99) For utterance FVP298, best cost 24.3272 + 3077.77 = 3102.1 over 327 frames.
LOG (lattice-best-path[5.5.1139~1-67548]:main():lattice-best-path.cc:99) For utterance FVP299, best cost 22.2369 + 2934.83 = 2957.07 over 320 frames.
LOG (lattice-best-path[5.5.1139~1-67548]:main():lattice-best-path.cc:99) For utterance FVP300, best cost 31.1994 + 4437.56 = 4468.76 over 458 frames.
LOG (lattice-best-path[5.5.1139~1-67548]:main():lattice-best-path.cc:99) For utterance FVP301, best cost 31.4383 + 4213.08 = 4244.52 over 464 frames.
LOG (lattice-best-path[5.5.1139~1-67548]:main():lattice-best-path.cc:99) For utterance FVP302, best cost 61.5688 + 3765.31 = 3826.88 over 396 frames.
LOG (lattice-best-path[5.5.1139~1-67548]:main():lattice-best-path.cc:99) For utterance FVP303, best cost 49.961 + 3567.77 = 3617.74 over 383 frames.
LOG (lattice-best-path[5.5.1139~1-67548]:main():lattice-best-path.cc:99) For utterance FVP304, best cost 52.6777 + 4343.76 = 4396.43 over 476 frames.
LOG (lattice-best-path[5.5.1139~1-67548]:main():lattice-best-path.cc:99) For utterance FVP305, best cost 70.2952 + 5638.65 = 5708.94 over 617 frames.
LOG (lattice-best-path[5.5.1139~1-67548]:main():lattice-best-path.cc:99) For utterance FVP306, best cost 67.2044 + 4652.94 = 4720.14 over 508 frames.
LOG (lattice-best-path[5.5.1139~1-67548]:main():lattice-best-path.cc:99) For utterance FVP307, best cost 25.4388 + 3019.94 = 3045.38 over 329 frames.
LOG (lattice-best-path[5.5.1139~1-67548]:main():lattice-best-path.cc:99) For utterance FVP308, best cost 22.9858 + 3151.8 = 3174.79 over 352 frames.
LOG (lattice-best-path[5.5.1139~1-67548]:main():lattice-best-path.cc:99) For utterance FVP309, best cost 27.1556 + 3706.96 = 3734.11 over 407 frames.
LOG (lattice-best-path[5.5.1139~1-67548]:main():lattice-best-path.cc:99) For utterance FVP310, best cost 52.8407 + 3920.66 = 3973.5 over 409 frames.
LOG (lattice-best-path[5.5.1139~1-67548]:main():lattice-best-path.cc:99) For utterance FVP311, best cost 59.2439 + 5364.08 = 5423.33 over 568 frames.
LOG (lattice-best-path[5.5.1139~1-67548]:main():lattice-best-path.cc:99) For utterance FVP312, best cost 36.4788 + 4887.25 = 4923.73 over 528 frames.
LOG (lattice-best-path[5.5.1139~1-67548]:main():lattice-best-path.cc:99) For utterance FVP313, best cost 24.6379 + 2957.43 = 2982.07 over 326 frames.
LOG (lattice-best-path[5.5.1139~1-67548]:main():lattice-best-path.cc:99) For utterance FVP314, best cost 25.9157 + 3423.06 = 3448.98 over 372 frames.
LOG (lattice-best-path[5.5.1139~1-67548]:main():lattice-best-path.cc:99) For utterance FVP315, best cost 24.6906 + 2999.94 = 3024.63 over 318 frames.
LOG (lattice-best-path[5.5.1139~1-67548]:main():lattice-best-path.cc:99) For utterance FVP316, best cost 69.6933 + 3672.73 = 3742.42 over 377 frames.
LOG (lattice-best-path[5.5.1139~1-67548]:main():lattice-best-path.cc:99) For utterance FVP317, best cost 23.2218 + 2773.99 = 2797.21 over 304 frames.
LOG (lattice-best-path[5.5.1139~1-67548]:main():lattice-best-path.cc:99) For utterance FVP318, best cost 20.6341 + 2249.07 = 2269.7 over 241 frames.
LOG (lattice-best-path[5.5.1139~1-67548]:main():lattice-best-path.cc:99) For utterance FVP319, best cost 25.8486 + 2965.23 = 2991.07 over 323 frames.
LOG (lattice-best-path[5.5.1139~1-67548]:main():lattice-best-path.cc:99) For utterance FVP320, best cost 26.6057 + 2812.14 = 2838.75 over 309 frames.
LOG (lattice-best-path[5.5.1139~1-67548]:main():lattice-best-path.cc:99) For utterance FVP321, best cost 30.31 + 4370.08 = 4400.39 over 467 frames.
LOG (lattice-best-path[5.5.1139~1-67548]:main():lattice-best-path.cc:99) For utterance FVP322, best cost 44.9707 + 2651.24 = 2696.21 over 279 frames.
LOG (lattice-best-path[5.5.1139~1-67548]:main():lattice-best-path.cc:99) For utterance FVP323, best cost 31.3929 + 4586.37 = 4617.76 over 494 frames.
LOG (lattice-best-path[5.5.1139~1-67548]:main():lattice-best-path.cc:99) For utterance FVP324, best cost 30.3245 + 3598.38 = 3628.71 over 387 frames.
LOG (lattice-best-path[5.5.1139~1-67548]:main():lattice-best-path.cc:99) For utterance FVP325, best cost 48.272 + 3458.86 = 3507.13 over 374 frames.
LOG (lattice-best-path[5.5.1139~1-67548]:main():lattice-best-path.cc:99) For utterance FVP326, best cost 91.2857 + 4008.89 = 4100.18 over 438 frames.
LOG (lattice-best-path[5.5.1139~1-67548]:main():lattice-best-path.cc:99) For utterance FVP327, best cost 30.0085 + 3941.22 = 3971.23 over 412 frames.
LOG (lattice-best-path[5.5.1139~1-67548]:main():lattice-best-path.cc:99) For utterance FVP328, best cost 72.9697 + 3510.33 = 3583.3 over 373 frames.
LOG (lattice-best-path[5.5.1139~1-67548]:main():lattice-best-path.cc:99) For utterance FVP329, best cost 23.6084 + 2985.1 = 3008.7 over 317 frames.
LOG (lattice-best-path[5.5.1139~1-67548]:main():lattice-best-path.cc:99) For utterance FVP330, best cost 48.7511 + 3704.38 = 3753.13 over 400 frames.
LOG (lattice-best-path[5.5.1139~1-67548]:main():lattice-best-path.cc:99) For utterance FVP331, best cost 55.7081 + 2745.4 = 2801.11 over 287 frames.
LOG (lattice-best-path[5.5.1139~1-67548]:main():lattice-best-path.cc:99) For utterance FVP332, best cost 24.8777 + 3044.61 = 3069.49 over 324 frames.
LOG (lattice-best-path[5.5.1139~1-67548]:main():lattice-best-path.cc:99) For utterance FVP333, best cost 25.204 + 2945.46 = 2970.67 over 315 frames.
LOG (lattice-best-path[5.5.1139~1-67548]:main():lattice-best-path.cc:99) For utterance FVP334, best cost 26.846 + 3055.38 = 3082.22 over 327 frames.
LOG (lattice-best-path[5.5.1139~1-67548]:main():lattice-best-path.cc:99) For utterance FVP335, best cost 23.0074 + 3111.22 = 3134.22 over 342 frames.
LOG (lattice-best-path[5.5.1139~1-67548]:main():lattice-best-path.cc:99) For utterance FVP336, best cost 21.7242 + 2338.35 = 2360.08 over 252 frames.
LOG (lattice-best-path[5.5.1139~1-67548]:main():lattice-best-path.cc:99) For utterance FVP337, best cost 36.7847 + 3468.17 = 3504.96 over 368 frames.
LOG (lattice-best-path[5.5.1139~1-67548]:main():lattice-best-path.cc:99) For utterance FVP338, best cost 26.5455 + 3332.43 = 3358.97 over 353 frames.
LOG (lattice-best-path[5.5.1139~1-67548]:main():lattice-best-path.cc:99) For utterance FVP339, best cost 21.8678 + 2882.68 = 2904.55 over 319 frames.
LOG (lattice-best-path[5.5.1139~1-67548]:main():lattice-best-path.cc:99) For utterance FVP340, best cost 91.0881 + 4022.4 = 4113.49 over 427 frames.
LOG (lattice-best-path[5.5.1139~1-67548]:main():lattice-best-path.cc:99) For utterance FVP341, best cost 22.8956 + 2378.17 = 2401.07 over 261 frames.
LOG (lattice-best-path[5.5.1139~1-67548]:main():lattice-best-path.cc:99) For utterance FVP342, best cost 23.2422 + 2749.69 = 2772.93 over 296 frames.
LOG (lattice-best-path[5.5.1139~1-67548]:main():lattice-best-path.cc:99) For utterance FVP343, best cost 29.8541 + 3432.53 = 3462.38 over 367 frames.
LOG (lattice-best-path[5.5.1139~1-67548]:main():lattice-best-path.cc:99) For utterance FVP344, best cost 54.2047 + 2804.15 = 2858.36 over 303 frames.
LOG (lattice-best-path[5.5.1139~1-67548]:main():lattice-best-path.cc:99) For utterance FVP345, best cost 27.2535 + 3100.56 = 3127.81 over 328 frames.
LOG (lattice-best-path[5.5.1139~1-67548]:main():lattice-best-path.cc:99) For utterance FVP346, best cost 22.18 + 2159.09 = 2181.27 over 224 frames.
LOG (lattice-best-path[5.5.1139~1-67548]:main():lattice-best-path.cc:99) For utterance FVP347, best cost 24.2018 + 2877.46 = 2901.67 over 305 frames.
LOG (lattice-best-path[5.5.1139~1-67548]:main():lattice-best-path.cc:99) For utterance FVP348, best cost 21.5793 + 2347.87 = 2369.45 over 248 frames.
LOG (lattice-best-path[5.5.1139~1-67548]:main():lattice-best-path.cc:99) For utterance FVP349, best cost 23.9534 + 2928.72 = 2952.68 over 325 frames.
LOG (lattice-best-path[5.5.1139~1-67548]:main():lattice-best-path.cc:99) For utterance FVP350, best cost 55.0365 + 4158.32 = 4213.36 over 451 frames.
LOG (lattice-best-path[5.5.1139~1-67548]:main():lattice-best-path.cc:99) For utterance FVP351, best cost 28.0056 + 3441.71 = 3469.71 over 364 frames.
LOG (lattice-best-path[5.5.1139~1-67548]:main():lattice-best-path.cc:99) For utterance FVP352, best cost 24.0445 + 2807.71 = 2831.76 over 310 frames.
LOG (lattice-best-path[5.5.1139~1-67548]:main():lattice-best-path.cc:99) For utterance FVP353, best cost 23.3682 + 3510.9 = 3534.27 over 394 frames.
LOG (lattice-best-path[5.5.1139~1-67548]:main():lattice-best-path.cc:99) For utterance FVP354, best cost 52.6632 + 3886.88 = 3939.54 over 429 frames.
LOG (lattice-best-path[5.5.1139~1-67548]:main():lattice-best-path.cc:99) For utterance FVP355, best cost 25.7404 + 3101.93 = 3127.67 over 344 frames.
LOG (lattice-best-path[5.5.1139~1-67548]:main():lattice-best-path.cc:99) For utterance FVP356, best cost 35.2005 + 2869.49 = 2904.69 over 284 frames.
LOG (lattice-best-path[5.5.1139~1-67548]:main():lattice-best-path.cc:99) For utterance FVP357, best cost 20.5986 + 2146.58 = 2167.18 over 204 frames.
LOG (lattice-best-path[5.5.1139~1-67548]:main():lattice-best-path.cc:99) For utterance FVP358, best cost 33.7529 + 2532.46 = 2566.21 over 247 frames.
LOG (lattice-best-path[5.5.1139~1-67548]:main():lattice-best-path.cc:99) For utterance FVP359, best cost 24.6523 + 2881.8 = 2906.45 over 279 frames.
LOG (lattice-best-path[5.5.1139~1-67548]:main():lattice-best-path.cc:99) For utterance FVP360, best cost 32.7736 + 2361.61 = 2394.38 over 234 frames.
LOG (lattice-best-path[5.5.1139~1-67548]:main():lattice-best-path.cc:99) For utterance FVP361, best cost 20.3548 + 2610.31 = 2630.67 over 273 frames.
LOG (lattice-best-path[5.5.1139~1-67548]:main():lattice-best-path.cc:99) For utterance FVP362, best cost 58.9563 + 3982.6 = 4041.56 over 410 frames.
LOG (lattice-best-path[5.5.1139~1-67548]:main():lattice-best-path.cc:99) For utterance FVP363, best cost 28.0998 + 3581.36 = 3609.46 over 372 frames.
LOG (lattice-best-path[5.5.1139~1-67548]:main():lattice-best-path.cc:99) For utterance FVP364, best cost 22.1927 + 3170.88 = 3193.07 over 340 frames.
LOG (lattice-best-path[5.5.1139~1-67548]:main():lattice-best-path.cc:99) For utterance FVP365, best cost 50.5662 + 2963.17 = 3013.74 over 306 frames.
LOG (lattice-best-path[5.5.1139~1-67548]:main():lattice-best-path.cc:99) For utterance MAK293, best cost 28.3229 + 3418.24 = 3446.56 over 371 frames.
LOG (lattice-best-path[5.5.1139~1-67548]:main():lattice-best-path.cc:99) For utterance MAK294, best cost 25.6652 + 3183.31 = 3208.97 over 332 frames.
LOG (lattice-best-path[5.5.1139~1-67548]:main():lattice-best-path.cc:99) For utterance MAK295, best cost 36.3933 + 2945.17 = 2981.57 over 305 frames.
LOG (lattice-best-path[5.5.1139~1-67548]:main():lattice-best-path.cc:99) For utterance MAK296, best cost 34.6978 + 4733.39 = 4768.09 over 493 frames.
LOG (lattice-best-path[5.5.1139~1-67548]:main():lattice-best-path.cc:99) For utterance MAK297, best cost 60.4295 + 3805.96 = 3866.39 over 392 frames.
LOG (lattice-best-path[5.5.1139~1-67548]:main():lattice-best-path.cc:99) For utterance MAK298, best cost 56.1302 + 2556.95 = 2613.08 over 274 frames.
LOG (lattice-best-path[5.5.1139~1-67548]:main():lattice-best-path.cc:99) For utterance MAK299, best cost 24.7112 + 3027.85 = 3052.56 over 315 frames.
LOG (lattice-best-path[5.5.1139~1-67548]:main():lattice-best-path.cc:99) For utterance MAK300, best cost 33.6635 + 5011.01 = 5044.68 over 510 frames.
LOG (lattice-best-path[5.5.1139~1-67548]:main():lattice-best-path.cc:99) For utterance MAK301, best cost 61.4645 + 3606.26 = 3667.73 over 375 frames.
LOG (lattice-best-path[5.5.1139~1-67548]:main():lattice-best-path.cc:99) For utterance MAK302, best cost 70.5729 + 4375.61 = 4446.19 over 452 frames.
LOG (lattice-best-path[5.5.1139~1-67548]:main():lattice-best-path.cc:99) For utterance MAK303, best cost 51.2289 + 3747.31 = 3798.54 over 390 frames.
LOG (lattice-best-path[5.5.1139~1-67548]:main():lattice-best-path.cc:99) For utterance MAK304, best cost 34.9278 + 4638.02 = 4672.95 over 481 frames.
LOG (lattice-best-path[5.5.1139~1-67548]:main():lattice-best-path.cc:99) For utterance MAK305, best cost 79.1881 + 4827.24 = 4906.43 over 506 frames.
LOG (lattice-best-path[5.5.1139~1-67548]:main():lattice-best-path.cc:99) For utterance MAK306, best cost 54.5597 + 3755.33 = 3809.89 over 401 frames.
LOG (lattice-best-path[5.5.1139~1-67548]:main():lattice-best-path.cc:99) For utterance MAK307, best cost 28.4544 + 3163.51 = 3191.96 over 329 frames.
LOG (lattice-best-path[5.5.1139~1-67548]:main():lattice-best-path.cc:99) For utterance MAK308, best cost 23.43 + 2759.6 = 2783.03 over 277 frames.
LOG (lattice-best-path[5.5.1139~1-67548]:main():lattice-best-path.cc:99) For utterance MAK309, best cost 27.9161 + 3558.96 = 3586.88 over 369 frames.
LOG (lattice-best-path[5.5.1139~1-67548]:main():lattice-best-path.cc:99) For utterance MAK310, best cost 51.7622 + 3373.52 = 3425.28 over 361 frames.
LOG (lattice-best-path[5.5.1139~1-67548]:main():lattice-best-path.cc:99) For utterance MAK311, best cost 70.7385 + 5119.17 = 5189.91 over 538 frames.
LOG (lattice-best-path[5.5.1139~1-67548]:main():lattice-best-path.cc:99) For utterance MAK312, best cost 36.5958 + 4429.03 = 4465.63 over 464 frames.
LOG (lattice-best-path[5.5.1139~1-67548]:main():lattice-best-path.cc:99) For utterance MAK313, best cost 27.4745 + 3174.64 = 3202.11 over 345 frames.
LOG (lattice-best-path[5.5.1139~1-67548]:main():lattice-best-path.cc:99) For utterance MAK314, best cost 27.7448 + 3184.58 = 3212.33 over 327 frames.
LOG (lattice-best-path[5.5.1139~1-67548]:main():lattice-best-path.cc:99) For utterance MAK315, best cost 27.9605 + 3886.79 = 3914.75 over 394 frames.
LOG (lattice-best-path[5.5.1139~1-67548]:main():lattice-best-path.cc:99) For utterance MAK316, best cost 31.2344 + 3835.12 = 3866.35 over 377 frames.
LOG (lattice-best-path[5.5.1139~1-67548]:main():lattice-best-path.cc:99) For utterance MAK317, best cost 25.4669 + 2918.43 = 2943.89 over 314 frames.
LOG (lattice-best-path[5.5.1139~1-67548]:main():lattice-best-path.cc:99) For utterance MAK318, best cost 22.2554 + 2422.7 = 2444.96 over 267 frames.
LOG (lattice-best-path[5.5.1139~1-67548]:main():lattice-best-path.cc:99) For utterance MAK319, best cost 24.3557 + 2507.43 = 2531.78 over 273 frames.
LOG (lattice-best-path[5.5.1139~1-67548]:main():lattice-best-path.cc:99) For utterance MAK320, best cost 44.4624 + 2808.8 = 2853.26 over 293 frames.
LOG (lattice-best-path[5.5.1139~1-67548]:main():lattice-best-path.cc:99) For utterance MAK321, best cost 29.4833 + 3843.96 = 3873.44 over 411 frames.
LOG (lattice-best-path[5.5.1139~1-67548]:main():lattice-best-path.cc:99) For utterance MAK322, best cost 36.1242 + 2819.81 = 2855.94 over 310 frames.
LOG (lattice-best-path[5.5.1139~1-67548]:main():lattice-best-path.cc:99) For utterance MAK323, best cost 53.682 + 3829.04 = 3882.72 over 411 frames.
LOG (lattice-best-path[5.5.1139~1-67548]:main():lattice-best-path.cc:99) For utterance MAK324, best cost 35.5767 + 4740.48 = 4776.06 over 494 frames.
LOG (lattice-best-path[5.5.1139~1-67548]:main():lattice-best-path.cc:99) For utterance MAK325, best cost 27.4164 + 3032.32 = 3059.74 over 325 frames.
LOG (lattice-best-path[5.5.1139~1-67548]:main():lattice-best-path.cc:99) For utterance MAK326, best cost 51.1738 + 3625.23 = 3676.4 over 374 frames.
LOG (lattice-best-path[5.5.1139~1-67548]:main():lattice-best-path.cc:99) For utterance MAK327, best cost 70.07 + 3574.16 = 3644.23 over 375 frames.
LOG (lattice-best-path[5.5.1139~1-67548]:main():lattice-best-path.cc:99) For utterance MAK328, best cost 31.5933 + 4138.46 = 4170.06 over 431 frames.
LOG (lattice-best-path[5.5.1139~1-67548]:main():lattice-best-path.cc:99) For utterance MAK329, best cost 24.6945 + 2941.83 = 2966.53 over 305 frames.
LOG (lattice-best-path[5.5.1139~1-67548]:main():lattice-best-path.cc:99) For utterance MAK330, best cost 51.2054 + 3758.69 = 3809.89 over 387 frames.
LOG (lattice-best-path[5.5.1139~1-67548]:main():lattice-best-path.cc:99) For utterance MAK331, best cost 35.64 + 2779.43 = 2815.07 over 298 frames.
LOG (lattice-best-path[5.5.1139~1-67548]:main():lattice-best-path.cc:99) For utterance MAK332, best cost 30.0594 + 4247.23 = 4277.29 over 449 frames.
LOG (lattice-best-path[5.5.1139~1-67548]:main():lattice-best-path.cc:99) For utterance MAK333, best cost 28.18 + 3492.19 = 3520.37 over 368 frames.
LOG (lattice-best-path[5.5.1139~1-67548]:main():lattice-best-path.cc:99) For utterance MAK334, best cost 30.6286 + 3843.51 = 3874.14 over 414 frames.
LOG (lattice-best-path[5.5.1139~1-67548]:main():lattice-best-path.cc:99) For utterance MAK335, best cost 23.396 + 2952.66 = 2976.06 over 314 frames.
LOG (lattice-best-path[5.5.1139~1-67548]:main():lattice-best-path.cc:99) For utterance MAK336, best cost 28.3608 + 3853.24 = 3881.6 over 417 frames.
LOG (lattice-best-path[5.5.1139~1-67548]:main():lattice-best-path.cc:99) For utterance MAK337, best cost 37.559 + 3395.02 = 3432.58 over 365 frames.
LOG (lattice-best-path[5.5.1139~1-67548]:main():lattice-best-path.cc:99) For utterance MAK338, best cost 24.8549 + 2583.54 = 2608.4 over 272 frames.
LOG (lattice-best-path[5.5.1139~1-67548]:main():lattice-best-path.cc:99) For utterance MAK339, best cost 65.6047 + 3602.87 = 3668.48 over 375 frames.
LOG (lattice-best-path[5.5.1139~1-67548]:main():lattice-best-path.cc:99) For utterance MAK340, best cost 34.8228 + 4634.55 = 4669.37 over 481 frames.
LOG (lattice-best-path[5.5.1139~1-67548]:main():lattice-best-path.cc:99) For utterance MAK341, best cost 34.1862 + 2251.24 = 2285.43 over 230 frames.
LOG (lattice-best-path[5.5.1139~1-67548]:main():lattice-best-path.cc:99) For utterance MAK342, best cost 28.1926 + 3645.38 = 3673.57 over 388 frames.
LOG (lattice-best-path[5.5.1139~1-67548]:main():lattice-best-path.cc:99) For utterance MAK343, best cost 55.8071 + 4091.46 = 4147.27 over 401 frames.
LOG (lattice-best-path[5.5.1139~1-67548]:main():lattice-best-path.cc:99) For utterance MAK344, best cost 35.5913 + 2502.25 = 2537.84 over 255 frames.
LOG (lattice-best-path[5.5.1139~1-67548]:main():lattice-best-path.cc:99) For utterance MAK345, best cost 25.4314 + 2615.54 = 2640.97 over 261 frames.
LOG (lattice-best-path[5.5.1139~1-67548]:main():lattice-best-path.cc:99) For utterance MAK346, best cost 25.0537 + 2391.42 = 2416.47 over 245 frames.
LOG (lattice-best-path[5.5.1139~1-67548]:main():lattice-best-path.cc:99) For utterance MAK347, best cost 57.6923 + 3468.9 = 3526.59 over 369 frames.
LOG (lattice-best-path[5.5.1139~1-67548]:main():lattice-best-path.cc:99) For utterance MAK348, best cost 24.3757 + 2852.64 = 2877.01 over 294 frames.
LOG (lattice-best-path[5.5.1139~1-67548]:main():lattice-best-path.cc:99) For utterance MAK349, best cost 35.6571 + 2650.8 = 2686.46 over 268 frames.
LOG (lattice-best-path[5.5.1139~1-67548]:main():lattice-best-path.cc:99) For utterance MAK350, best cost 36.1979 + 4547.01 = 4583.21 over 478 frames.
LOG (lattice-best-path[5.5.1139~1-67548]:main():lattice-best-path.cc:99) For utterance MAK351, best cost 53.5308 + 4399.44 = 4452.97 over 452 frames.
LOG (lattice-best-path[5.5.1139~1-67548]:main():lattice-best-path.cc:99) For utterance MAK352, best cost 26.1828 + 2889.74 = 2915.92 over 301 frames.
LOG (lattice-best-path[5.5.1139~1-67548]:main():lattice-best-path.cc:99) For utterance MAK353, best cost 57.9616 + 2731.23 = 2789.19 over 291 frames.
LOG (lattice-best-path[5.5.1139~1-67548]:main():lattice-best-path.cc:99) For utterance MAK354, best cost 48.3712 + 4871.64 = 4920.01 over 520 frames.
LOG (lattice-best-path[5.5.1139~1-67548]:main():lattice-best-path.cc:99) For utterance MAK355, best cost 28.5495 + 3241.67 = 3270.22 over 340 frames.
LOG (lattice-best-path[5.5.1139~1-67548]:main():lattice-best-path.cc:99) For utterance MAK356, best cost 26.483 + 2909.86 = 2936.34 over 307 frames.
LOG (lattice-best-path[5.5.1139~1-67548]:main():lattice-best-path.cc:99) For utterance MAK357, best cost 23.9981 + 2886.92 = 2910.92 over 314 frames.
LOG (lattice-best-path[5.5.1139~1-67548]:main():lattice-best-path.cc:99) For utterance MAK358, best cost 23.9577 + 2742.27 = 2766.23 over 284 frames.
LOG (lattice-best-path[5.5.1139~1-67548]:main():lattice-best-path.cc:99) For utterance MAK359, best cost 27.4514 + 3202.47 = 3229.92 over 330 frames.
LOG (lattice-best-path[5.5.1139~1-67548]:main():lattice-best-path.cc:99) For utterance MAK360, best cost 22.934 + 2790.18 = 2813.12 over 294 frames.
LOG (lattice-best-path[5.5.1139~1-67548]:main():lattice-best-path.cc:99) For utterance MAK361, best cost 20.8407 + 2331.15 = 2351.99 over 238 frames.
LOG (lattice-best-path[5.5.1139~1-67548]:main():lattice-best-path.cc:99) For utterance MAK362, best cost 70.8796 + 3341.25 = 3412.12 over 327 frames.
LOG (lattice-best-path[5.5.1139~1-67548]:main():lattice-best-path.cc:99) For utterance MAK363, best cost 71.7887 + 3616.46 = 3688.25 over 389 frames.
LOG (lattice-best-path[5.5.1139~1-67548]:main():lattice-best-path.cc:99) For utterance MAK364, best cost 56.0218 + 2866.28 = 2922.3 over 294 frames.
LOG (lattice-best-path[5.5.1139~1-67548]:main():lattice-best-path.cc:99) For utterance MAK365, best cost 49.2237 + 3222.89 = 3272.11 over 335 frames.
LOG (lattice-best-path[5.5.1139~1-67548]:main():lattice-best-path.cc:99) For utterance MPA293, best cost 78.2503 + 4478.02 = 4556.27 over 503 frames.
LOG (lattice-best-path[5.5.1139~1-67548]:main():lattice-best-path.cc:99) For utterance MPA294, best cost 23.6738 + 2559.93 = 2583.6 over 272 frames.
LOG (lattice-best-path[5.5.1139~1-67548]:main():lattice-best-path.cc:99) For utterance MPA295, best cost 28.2969 + 4663.82 = 4692.12 over 507 frames.
LOG (lattice-best-path[5.5.1139~1-67548]:main():lattice-best-path.cc:99) For utterance MPA296, best cost 105.829 + 6404.14 = 6509.97 over 703 frames.
LOG (lattice-best-path[5.5.1139~1-67548]:main():lattice-best-path.cc:99) For utterance MPA297, best cost 62.0083 + 4978.21 = 5040.22 over 546 frames.
LOG (lattice-best-path[5.5.1139~1-67548]:main():lattice-best-path.cc:99) For utterance MPA298, best cost 28.2115 + 4416.22 = 4444.43 over 492 frames.
LOG (lattice-best-path[5.5.1139~1-67548]:main():lattice-best-path.cc:99) For utterance MPA299, best cost 27.1371 + 4251.05 = 4278.19 over 475 frames.
LOG (lattice-best-path[5.5.1139~1-67548]:main():lattice-best-path.cc:99) For utterance MPA300, best cost 47.6229 + 5732.44 = 5780.06 over 606 frames.
LOG (lattice-best-path[5.5.1139~1-67548]:main():lattice-best-path.cc:99) For utterance MPA301, best cost 39.9465 + 6587.39 = 6627.34 over 725 frames.
LOG (lattice-best-path[5.5.1139~1-67548]:main():lattice-best-path.cc:99) For utterance MPA302, best cost 74.7652 + 5594.56 = 5669.33 over 607 frames.
LOG (lattice-best-path[5.5.1139~1-67548]:main():lattice-best-path.cc:99) For utterance MPA303, best cost 75.2403 + 5493.52 = 5568.76 over 614 frames.
LOG (lattice-best-path[5.5.1139~1-67548]:main():lattice-best-path.cc:99) For utterance MPA304, best cost 91.3682 + 7567.01 = 7658.38 over 850 frames.
LOG (lattice-best-path[5.5.1139~1-67548]:main():lattice-best-path.cc:99) For utterance MPA305, best cost 74.879 + 6308.54 = 6383.42 over 690 frames.
LOG (lattice-best-path[5.5.1139~1-67548]:main():lattice-best-path.cc:99) For utterance MPA306, best cost 81.5552 + 5974.13 = 6055.69 over 670 frames.
LOG (lattice-best-path[5.5.1139~1-67548]:main():lattice-best-path.cc:99) For utterance MPA307, best cost 67.3528 + 5964.26 = 6031.62 over 670 frames.
LOG (lattice-best-path[5.5.1139~1-67548]:main():lattice-best-path.cc:99) For utterance MPA308, best cost 61.5461 + 4052.06 = 4113.61 over 459 frames.
LOG (lattice-best-path[5.5.1139~1-67548]:main():lattice-best-path.cc:99) For utterance MPA309, best cost 69.7358 + 4401.01 = 4470.75 over 490 frames.
LOG (lattice-best-path[5.5.1139~1-67548]:main():lattice-best-path.cc:99) For utterance MPA310, best cost 50.3708 + 4825.83 = 4876.2 over 534 frames.
LOG (lattice-best-path[5.5.1139~1-67548]:main():lattice-best-path.cc:99) For utterance MPA311, best cost 96.6792 + 6806.27 = 6902.95 over 746 frames.
LOG (lattice-best-path[5.5.1139~1-67548]:main():lattice-best-path.cc:99) For utterance MPA312, best cost 58.9284 + 5512.81 = 5571.74 over 599 frames.
LOG (lattice-best-path[5.5.1139~1-67548]:main():lattice-best-path.cc:99) For utterance MPA313, best cost 30.9041 + 4438.64 = 4469.55 over 482 frames.
LOG (lattice-best-path[5.5.1139~1-67548]:main():lattice-best-path.cc:99) For utterance MPA314, best cost 51.2955 + 4200.85 = 4252.14 over 459 frames.
LOG (lattice-best-path[5.5.1139~1-67548]:main():lattice-best-path.cc:99) For utterance MPA315, best cost 85.3811 + 5529.72 = 5615.1 over 609 frames.
LOG (lattice-best-path[5.5.1139~1-67548]:main():lattice-best-path.cc:99) For utterance MPA316, best cost 89.757 + 5852.05 = 5941.81 over 627 frames.
LOG (lattice-best-path[5.5.1139~1-67548]:main():lattice-best-path.cc:99) For utterance MPA317, best cost 62.3474 + 3985.63 = 4047.98 over 449 frames.
LOG (lattice-best-path[5.5.1139~1-67548]:main():lattice-best-path.cc:99) For utterance MPA318, best cost 27.332 + 4301.66 = 4328.99 over 475 frames.
LOG (lattice-best-path[5.5.1139~1-67548]:main():lattice-best-path.cc:99) For utterance MPA319, best cost 62.0355 + 4565.07 = 4627.11 over 505 frames.
LOG (lattice-best-path[5.5.1139~1-67548]:main():lattice-best-path.cc:99) For utterance MPA320, best cost 69.9293 + 4491.76 = 4561.69 over 497 frames.
LOG (lattice-best-path[5.5.1139~1-67548]:main():lattice-best-path.cc:99) For utterance MPA321, best cost 36.2001 + 5668.63 = 5704.83 over 619 frames.
LOG (lattice-best-path[5.5.1139~1-67548]:main():lattice-best-path.cc:99) For utterance MPA322, best cost 42.3924 + 4184.49 = 4226.88 over 463 frames.
LOG (lattice-best-path[5.5.1139~1-67548]:main():lattice-best-path.cc:99) For utterance MPA323, best cost 39.0617 + 5933.47 = 5972.54 over 670 frames.
LOG (lattice-best-path[5.5.1139~1-67548]:main():lattice-best-path.cc:99) For utterance MPA324, best cost 37.9121 + 6008.92 = 6046.83 over 652 frames.
LOG (lattice-best-path[5.5.1139~1-67548]:main():lattice-best-path.cc:99) For utterance MPA325, best cost 31.0484 + 4622.94 = 4653.99 over 502 frames.
LOG (lattice-best-path[5.5.1139~1-67548]:main():lattice-best-path.cc:99) For utterance MPA326, best cost 85.1897 + 4693.52 = 4778.71 over 513 frames.
LOG (lattice-best-path[5.5.1139~1-67548]:main():lattice-best-path.cc:99) For utterance MPA327, best cost 46.5823 + 5240.44 = 5287.03 over 568 frames.
LOG (lattice-best-path[5.5.1139~1-67548]:main():lattice-best-path.cc:99) For utterance MPA328, best cost 107.21 + 5508.78 = 5615.99 over 601 frames.
LOG (lattice-best-path[5.5.1139~1-67548]:main():lattice-best-path.cc:99) For utterance MPA329, best cost 83.9486 + 4264.46 = 4348.41 over 457 frames.
LOG (lattice-best-path[5.5.1139~1-67548]:main():lattice-best-path.cc:99) For utterance MPA330, best cost 66.6539 + 5263.86 = 5330.51 over 566 frames.
LOG (lattice-best-path[5.5.1139~1-67548]:main():lattice-best-path.cc:99) For utterance MPA331, best cost 27.4684 + 4849.01 = 4876.48 over 541 frames.
LOG (lattice-best-path[5.5.1139~1-67548]:main():lattice-best-path.cc:99) For utterance MPA332, best cost 42.2805 + 3778.39 = 3820.67 over 400 frames.
LOG (lattice-best-path[5.5.1139~1-67548]:main():lattice-best-path.cc:99) For utterance MPA333, best cost 30.5265 + 4711.3 = 4741.82 over 492 frames.
LOG (lattice-best-path[5.5.1139~1-67548]:main():lattice-best-path.cc:99) For utterance MPA334, best cost 30.989 + 4368.59 = 4399.58 over 469 frames.
LOG (lattice-best-path[5.5.1139~1-67548]:main():lattice-best-path.cc:99) For utterance MPA335, best cost 46.0272 + 3273.48 = 3319.51 over 357 frames.
LOG (lattice-best-path[5.5.1139~1-67548]:main():lattice-best-path.cc:99) For utterance MPA336, best cost 51.4198 + 3739.45 = 3790.86 over 405 frames.
LOG (lattice-best-path[5.5.1139~1-67548]:main():lattice-best-path.cc:99) For utterance MPA337, best cost 43.7451 + 4580.24 = 4623.99 over 504 frames.
LOG (lattice-best-path[5.5.1139~1-67548]:main():lattice-best-path.cc:99) For utterance MPA338, best cost 50.1353 + 4262.28 = 4312.41 over 463 frames.
LOG (lattice-best-path[5.5.1139~1-67548]:main():lattice-best-path.cc:99) For utterance MPA339, best cost 26.9236 + 4015.73 = 4042.66 over 429 frames.
LOG (lattice-best-path[5.5.1139~1-67548]:main():lattice-best-path.cc:99) For utterance MPA340, best cost 57.9927 + 5460.79 = 5518.79 over 576 frames.
LOG (lattice-best-path[5.5.1139~1-67548]:main():lattice-best-path.cc:99) For utterance MPA341, best cost 37.4358 + 3166.64 = 3204.07 over 351 frames.
LOG (lattice-best-path[5.5.1139~1-67548]:main():lattice-best-path.cc:99) For utterance MPA342, best cost 54.1969 + 4303.04 = 4357.23 over 469 frames.
LOG (lattice-best-path[5.5.1139~1-67548]:main():lattice-best-path.cc:99) For utterance MPA343, best cost 75.4277 + 5870.81 = 5946.24 over 658 frames.
LOG (lattice-best-path[5.5.1139~1-67548]:main():lattice-best-path.cc:99) For utterance MPA344, best cost 59.4715 + 3803.66 = 3863.13 over 420 frames.
LOG (lattice-best-path[5.5.1139~1-67548]:main():lattice-best-path.cc:99) For utterance MPA345, best cost 72.9378 + 5179.13 = 5252.07 over 573 frames.
LOG (lattice-best-path[5.5.1139~1-67548]:main():lattice-best-path.cc:99) For utterance MPA346, best cost 51.9266 + 4584.85 = 4636.78 over 495 frames.
LOG (lattice-best-path[5.5.1139~1-67548]:main():lattice-best-path.cc:99) For utterance MPA347, best cost 65.932 + 4449.69 = 4515.63 over 472 frames.
LOG (lattice-best-path[5.5.1139~1-67548]:main():lattice-best-path.cc:99) For utterance MPA348, best cost 37.3726 + 3587.65 = 3625.02 over 400 frames.
LOG (lattice-best-path[5.5.1139~1-67548]:main():lattice-best-path.cc:99) For utterance MPA349, best cost 28.3669 + 3971.1 = 3999.46 over 429 frames.
LOG (lattice-best-path[5.5.1139~1-67548]:main():lattice-best-path.cc:99) For utterance MPA350, best cost 84.1507 + 5019.76 = 5103.91 over 542 frames.
LOG (lattice-best-path[5.5.1139~1-67548]:main():lattice-best-path.cc:99) For utterance MPA351, best cost 31.3041 + 4778.27 = 4809.57 over 522 frames.
LOG (lattice-best-path[5.5.1139~1-67548]:main():lattice-best-path.cc:99) For utterance MPA352, best cost 49.466 + 4202.98 = 4252.44 over 456 frames.
LOG (lattice-best-path[5.5.1139~1-67548]:main():lattice-best-path.cc:99) For utterance MPA353, best cost 69.5274 + 3487.13 = 3556.66 over 371 frames.
LOG (lattice-best-path[5.5.1139~1-67548]:main():lattice-best-path.cc:99) For utterance MPA354, best cost 53.2633 + 5755.39 = 5808.65 over 627 frames.
LOG (lattice-best-path[5.5.1139~1-67548]:main():lattice-best-path.cc:99) For utterance MPA355, best cost 81.9882 + 4399.77 = 4481.76 over 488 frames.
LOG (lattice-best-path[5.5.1139~1-67548]:main():lattice-best-path.cc:99) For utterance MPA356, best cost 29.2431 + 3854.66 = 3883.9 over 432 frames.
LOG (lattice-best-path[5.5.1139~1-67548]:main():lattice-best-path.cc:99) For utterance MPA357, best cost 49.8222 + 3465.06 = 3514.88 over 396 frames.
LOG (lattice-depth-per-frame[5.5.1139~1-67548]:main():lattice-depth-per-frame.cc:82) Done 292 lattices.
LOG (lattice-best-path[5.5.1139~1-67548]:main():lattice-best-path.cc:99) For utterance MPA358, best cost 71.094 + 5302.76 = 5373.85 over 598 frames.
LOG (lattice-best-path[5.5.1139~1-67548]:main():lattice-best-path.cc:99) For utterance MPA359, best cost 64.3944 + 4797.94 = 4862.34 over 528 frames.
LOG (lattice-best-path[5.5.1139~1-67548]:main():lattice-best-path.cc:99) For utterance MPA360, best cost 57.8577 + 3826.71 = 3884.57 over 413 frames.
LOG (lattice-best-path[5.5.1139~1-67548]:main():lattice-best-path.cc:99) For utterance MPA361, best cost 44.8517 + 2916.11 = 2960.96 over 319 frames.
LOG (lattice-best-path[5.5.1139~1-67548]:main():lattice-best-path.cc:99) For utterance MPA362, best cost 85.3679 + 5887.79 = 5973.16 over 652 frames.
LOG (lattice-best-path[5.5.1139~1-67548]:main():lattice-best-path.cc:99) For utterance MPA363, best cost 63.8411 + 4809.67 = 4873.52 over 535 frames.
LOG (lattice-best-path[5.5.1139~1-67548]:main():lattice-best-path.cc:99) For utterance MPA364, best cost 61.1176 + 3746.05 = 3807.16 over 396 frames.
LOG (lattice-best-path[5.5.1139~1-67548]:main():lattice-best-path.cc:99) For utterance MPA365, best cost 85.4373 + 4902.66 = 4988.09 over 533 frames.
LOG (lattice-best-path[5.5.1139~1-67548]:main():lattice-best-path.cc:124) Overall cost per frame is 9.37246 = 0.107043 [graph] + 9.26542 [acoustic] over 116834 frames.
LOG (lattice-best-path[5.5.1139~1-67548]:main():lattice-best-path.cc:128) Done 292 lattices, failed for 0
# Accounting: time=0 threads=1
# Ended (code 0) at Mon Jul  8 11:11:47 IST 2024, elapsed time 0 seconds
