# nnet-subset-egs --n=2000 --randomize-order=true --srand=10 ark:exp_FG/DNN_tri_8_2000_aligned_layer3_nodes256/egs/train_diagnostic.egs ark:- | nnet-combine-fast --use-gpu=no --num-threads=16 --verbose=3 --minibatch-size=125 exp_FG/DNN_tri_8_2000_aligned_layer3_nodes256/11.mdl ark:- exp_FG/DNN_tri_8_2000_aligned_layer3_nodes256/11.mdl 
# Started at Mon Jul  8 09:53:18 IST 2024
#
nnet-subset-egs --n=2000 --randomize-order=true --srand=10 ark:exp_FG/DNN_tri_8_2000_aligned_layer3_nodes256/egs/train_diagnostic.egs ark:- 
nnet-combine-fast --use-gpu=no --num-threads=16 --verbose=3 --minibatch-size=125 exp_FG/DNN_tri_8_2000_aligned_layer3_nodes256/11.mdl ark:- exp_FG/DNN_tri_8_2000_aligned_layer3_nodes256/11.mdl 
LOG (nnet-subset-egs[5.5.1139~1-67548]:main():nnet-subset-egs.cc:93) Selected a subset of 2000 out of 4000 neural-network training examples 
LOG (nnet-combine-fast[5.5.1139~1-67548]:main():nnet-combine-fast.cc:108) Read 2000 examples from the validation set.
VLOG[3] (nnet-combine-fast[5.5.1139~1-67548]:Propagate():nnet-update.cc:114) Stddev of data for component 0 for this minibatch is 212.445
VLOG[3] (nnet-combine-fast[5.5.1139~1-67548]:Propagate():nnet-update.cc:114) Stddev of data for component 0 for this minibatch is 194.857
VLOG[3] (nnet-combine-fast[5.5.1139~1-67548]:Propagate():nnet-update.cc:114) Stddev of data for component 1 for this minibatch is 194.857
VLOG[3] (nnet-combine-fast[5.5.1139~1-67548]:Propagate():nnet-update.cc:114) Stddev of data for component 1 for this minibatch is 212.446
VLOG[3] (nnet-combine-fast[5.5.1139~1-67548]:Propagate():nnet-update.cc:114) Stddev of data for component 2 for this minibatch is 0.150575
VLOG[3] (nnet-combine-fast[5.5.1139~1-67548]:Propagate():nnet-update.cc:114) Stddev of data for component 2 for this minibatch is 0.165208
VLOG[3] (nnet-combine-fast[5.5.1139~1-67548]:Propagate():nnet-update.cc:114) Stddev of data for component 3 for this minibatch is 9.06149
VLOG[3] (nnet-combine-fast[5.5.1139~1-67548]:Propagate():nnet-update.cc:114) Stddev of data for component 0 for this minibatch is 194.404
VLOG[3] (nnet-combine-fast[5.5.1139~1-67548]:Propagate():nnet-update.cc:114) Stddev of data for component 1 for this minibatch is 194.404
VLOG[3] (nnet-combine-fast[5.5.1139~1-67548]:Propagate():nnet-update.cc:114) Stddev of data for component 4 for this minibatch is 0.73579
VLOG[3] (nnet-combine-fast[5.5.1139~1-67548]:Propagate():nnet-update.cc:114) Stddev of data for component 2 for this minibatch is 0.152863
VLOG[3] (nnet-combine-fast[5.5.1139~1-67548]:Propagate():nnet-update.cc:114) Stddev of data for component 5 for this minibatch is 24.1656
VLOG[3] (nnet-combine-fast[5.5.1139~1-67548]:Propagate():nnet-update.cc:114) Stddev of data for component 0 for this minibatch is 198.338
VLOG[3] (nnet-combine-fast[5.5.1139~1-67548]:Propagate():nnet-update.cc:114) Stddev of data for component 6 for this minibatch is 0.864403
VLOG[3] (nnet-combine-fast[5.5.1139~1-67548]:Propagate():nnet-update.cc:114) Stddev of data for component 1 for this minibatch is 198.338
VLOG[3] (nnet-combine-fast[5.5.1139~1-67548]:Propagate():nnet-update.cc:114) Stddev of data for component 7 for this minibatch is 15.4205
VLOG[3] (nnet-combine-fast[5.5.1139~1-67548]:Propagate():nnet-update.cc:114) Stddev of data for component 2 for this minibatch is 0.150939
VLOG[3] (nnet-combine-fast[5.5.1139~1-67548]:Propagate():nnet-update.cc:114) Stddev of data for component 3 for this minibatch is 8.37958
VLOG[3] (nnet-combine-fast[5.5.1139~1-67548]:Propagate():nnet-update.cc:114) Stddev of data for component 0 for this minibatch is 203.429
VLOG[3] (nnet-combine-fast[5.5.1139~1-67548]:Propagate():nnet-update.cc:114) Stddev of data for component 1 for this minibatch is 203.429
VLOG[3] (nnet-combine-fast[5.5.1139~1-67548]:Propagate():nnet-update.cc:114) Stddev of data for component 2 for this minibatch is 0.161572
VLOG[3] (nnet-combine-fast[5.5.1139~1-67548]:Propagate():nnet-update.cc:114) Stddev of data for component 8 for this minibatch is 0.823808
VLOG[3] (nnet-combine-fast[5.5.1139~1-67548]:Propagate():nnet-update.cc:114) Stddev of data for component 3 for this minibatch is 8.72097
VLOG[3] (nnet-combine-fast[5.5.1139~1-67548]:Propagate():nnet-update.cc:114) Stddev of data for component 3 for this minibatch is 8.38143
VLOG[3] (nnet-combine-fast[5.5.1139~1-67548]:Propagate():nnet-update.cc:114) Stddev of data for component 9 for this minibatch is 8.79679
VLOG[3] (nnet-combine-fast[5.5.1139~1-67548]:Propagate():nnet-update.cc:114) Stddev of data for component 4 for this minibatch is 0.725172
VLOG[3] (nnet-combine-fast[5.5.1139~1-67548]:Propagate():nnet-update.cc:114) Stddev of data for component 0 for this minibatch is 210.868
VLOG[3] (nnet-combine-fast[5.5.1139~1-67548]:Propagate():nnet-update.cc:114) Stddev of data for component 5 for this minibatch is 24.1375
VLOG[3] (nnet-combine-fast[5.5.1139~1-67548]:Propagate():nnet-update.cc:114) Stddev of data for component 1 for this minibatch is 210.868
VLOG[3] (nnet-combine-fast[5.5.1139~1-67548]:Propagate():nnet-update.cc:114) Stddev of data for component 2 for this minibatch is 0.145289
VLOG[3] (nnet-combine-fast[5.5.1139~1-67548]:Propagate():nnet-update.cc:114) Stddev of data for component 6 for this minibatch is 0.858393
VLOG[3] (nnet-combine-fast[5.5.1139~1-67548]:Propagate():nnet-update.cc:114) Stddev of data for component 3 for this minibatch is 8.24988
VLOG[3] (nnet-combine-fast[5.5.1139~1-67548]:Propagate():nnet-update.cc:114) Stddev of data for component 7 for this minibatch is 15.9414
VLOG[3] (nnet-combine-fast[5.5.1139~1-67548]:Propagate():nnet-update.cc:114) Stddev of data for component 3 for this minibatch is 8.52202
VLOG[3] (nnet-combine-fast[5.5.1139~1-67548]:Propagate():nnet-update.cc:114) Stddev of data for component 4 for this minibatch is 0.72621
VLOG[3] (nnet-combine-fast[5.5.1139~1-67548]:Propagate():nnet-update.cc:114) Stddev of data for component 5 for this minibatch is 24.2897
VLOG[3] (nnet-combine-fast[5.5.1139~1-67548]:Propagate():nnet-update.cc:114) Stddev of data for component 4 for this minibatch is 0.732408
VLOG[3] (nnet-combine-fast[5.5.1139~1-67548]:Propagate():nnet-update.cc:114) Stddev of data for component 6 for this minibatch is 0.862809
VLOG[3] (nnet-combine-fast[5.5.1139~1-67548]:Propagate():nnet-update.cc:114) Stddev of data for component 5 for this minibatch is 24.2118
VLOG[3] (nnet-combine-fast[5.5.1139~1-67548]:Propagate():nnet-update.cc:114) Stddev of data for component 7 for this minibatch is 15.396
VLOG[3] (nnet-combine-fast[5.5.1139~1-67548]:Propagate():nnet-update.cc:114) Stddev of data for component 6 for this minibatch is 0.861581
VLOG[3] (nnet-combine-fast[5.5.1139~1-67548]:Propagate():nnet-update.cc:114) Stddev of data for component 0 for this minibatch is 210.905
VLOG[3] (nnet-combine-fast[5.5.1139~1-67548]:Propagate():nnet-update.cc:114) Stddev of data for component 1 for this minibatch is 210.905
VLOG[3] (nnet-combine-fast[5.5.1139~1-67548]:Propagate():nnet-update.cc:114) Stddev of data for component 2 for this minibatch is 0.1621
VLOG[3] (nnet-combine-fast[5.5.1139~1-67548]:Propagate():nnet-update.cc:114) Stddev of data for component 3 for this minibatch is 8.93817
VLOG[3] (nnet-combine-fast[5.5.1139~1-67548]:Propagate():nnet-update.cc:114) Stddev of data for component 8 for this minibatch is 0.822797
VLOG[3] (nnet-combine-fast[5.5.1139~1-67548]:Propagate():nnet-update.cc:114) Stddev of data for component 0 for this minibatch is 214.393
VLOG[3] (nnet-combine-fast[5.5.1139~1-67548]:Propagate():nnet-update.cc:114) Stddev of data for component 1 for this minibatch is 214.393
VLOG[3] (nnet-combine-fast[5.5.1139~1-67548]:Propagate():nnet-update.cc:114) Stddev of data for component 9 for this minibatch is 9.07459
VLOG[3] (nnet-combine-fast[5.5.1139~1-67548]:Propagate():nnet-update.cc:114) Stddev of data for component 2 for this minibatch is 0.157169
VLOG[3] (nnet-combine-fast[5.5.1139~1-67548]:Propagate():nnet-update.cc:114) Stddev of data for component 3 for this minibatch is 8.58435
VLOG[3] (nnet-combine-fast[5.5.1139~1-67548]:Propagate():nnet-update.cc:114) Stddev of data for component 0 for this minibatch is 199.645
VLOG[3] (nnet-combine-fast[5.5.1139~1-67548]:Propagate():nnet-update.cc:114) Stddev of data for component 1 for this minibatch is 199.645
VLOG[3] (nnet-combine-fast[5.5.1139~1-67548]:Propagate():nnet-update.cc:114) Stddev of data for component 2 for this minibatch is 0.147031
VLOG[3] (nnet-combine-fast[5.5.1139~1-67548]:Propagate():nnet-update.cc:114) Stddev of data for component 3 for this minibatch is 8.2067
VLOG[3] (nnet-combine-fast[5.5.1139~1-67548]:Propagate():nnet-update.cc:114) Stddev of data for component 4 for this minibatch is 0.729178
VLOG[3] (nnet-combine-fast[5.5.1139~1-67548]:Propagate():nnet-update.cc:114) Stddev of data for component 5 for this minibatch is 23.8483
VLOG[3] (nnet-combine-fast[5.5.1139~1-67548]:Propagate():nnet-update.cc:114) Stddev of data for component 4 for this minibatch is 0.730384
VLOG[3] (nnet-combine-fast[5.5.1139~1-67548]:Propagate():nnet-update.cc:114) Stddev of data for component 5 for this minibatch is 23.4795
VLOG[3] (nnet-combine-fast[5.5.1139~1-67548]:Propagate():nnet-update.cc:114) Stddev of data for component 6 for this minibatch is 0.863972
VLOG[3] (nnet-combine-fast[5.5.1139~1-67548]:Propagate():nnet-update.cc:114) Stddev of data for component 7 for this minibatch is 15.2948
VLOG[3] (nnet-combine-fast[5.5.1139~1-67548]:Propagate():nnet-update.cc:114) Stddev of data for component 6 for this minibatch is 0.862963
VLOG[3] (nnet-combine-fast[5.5.1139~1-67548]:Propagate():nnet-update.cc:114) Stddev of data for component 7 for this minibatch is 14.8642
VLOG[3] (nnet-combine-fast[5.5.1139~1-67548]:Propagate():nnet-update.cc:114) Stddev of data for component 0 for this minibatch is 216.148
VLOG[3] (nnet-combine-fast[5.5.1139~1-67548]:Propagate():nnet-update.cc:114) Stddev of data for component 1 for this minibatch is 216.148
VLOG[3] (nnet-combine-fast[5.5.1139~1-67548]:Propagate():nnet-update.cc:114) Stddev of data for component 2 for this minibatch is 0.155394
VLOG[3] (nnet-combine-fast[5.5.1139~1-67548]:Propagate():nnet-update.cc:114) Stddev of data for component 3 for this minibatch is 8.64134
VLOG[3] (nnet-combine-fast[5.5.1139~1-67548]:Propagate():nnet-update.cc:114) Stddev of data for component 0 for this minibatch is 200.327
VLOG[3] (nnet-combine-fast[5.5.1139~1-67548]:Propagate():nnet-update.cc:114) Stddev of data for component 1 for this minibatch is 200.327
VLOG[3] (nnet-combine-fast[5.5.1139~1-67548]:Propagate():nnet-update.cc:114) Stddev of data for component 8 for this minibatch is 0.823103
VLOG[3] (nnet-combine-fast[5.5.1139~1-67548]:Propagate():nnet-update.cc:114) Stddev of data for component 2 for this minibatch is 0.154478
VLOG[3] (nnet-combine-fast[5.5.1139~1-67548]:Propagate():nnet-update.cc:114) Stddev of data for component 3 for this minibatch is 8.562
VLOG[3] (nnet-combine-fast[5.5.1139~1-67548]:Propagate():nnet-update.cc:114) Stddev of data for component 9 for this minibatch is 8.46786
VLOG[3] (nnet-combine-fast[5.5.1139~1-67548]:Propagate():nnet-update.cc:114) Stddev of data for component 4 for this minibatch is 0.739743
VLOG[3] (nnet-combine-fast[5.5.1139~1-67548]:Propagate():nnet-update.cc:114) Stddev of data for component 0 for this minibatch is 197.334
VLOG[3] (nnet-combine-fast[5.5.1139~1-67548]:Propagate():nnet-update.cc:114) Stddev of data for component 5 for this minibatch is 23.6165
VLOG[3] (nnet-combine-fast[5.5.1139~1-67548]:Propagate():nnet-update.cc:114) Stddev of data for component 1 for this minibatch is 197.334
VLOG[3] (nnet-combine-fast[5.5.1139~1-67548]:Propagate():nnet-update.cc:114) Stddev of data for component 2 for this minibatch is 0.15744
VLOG[3] (nnet-combine-fast[5.5.1139~1-67548]:Propagate():nnet-update.cc:114) Stddev of data for component 3 for this minibatch is 8.5401
VLOG[3] (nnet-combine-fast[5.5.1139~1-67548]:Propagate():nnet-update.cc:114) Stddev of data for component 6 for this minibatch is 0.865007
VLOG[3] (nnet-combine-fast[5.5.1139~1-67548]:Propagate():nnet-update.cc:114) Stddev of data for component 7 for this minibatch is 14.7565
VLOG[3] (nnet-combine-fast[5.5.1139~1-67548]:Propagate():nnet-update.cc:114) Stddev of data for component 4 for this minibatch is 0.733741
VLOG[3] (nnet-combine-fast[5.5.1139~1-67548]:Propagate():nnet-update.cc:114) Stddev of data for component 5 for this minibatch is 23.5484
VLOG[3] (nnet-combine-fast[5.5.1139~1-67548]:Propagate():nnet-update.cc:114) Stddev of data for component 6 for this minibatch is 0.867123
VLOG[3] (nnet-combine-fast[5.5.1139~1-67548]:Propagate():nnet-update.cc:114) Stddev of data for component 7 for this minibatch is 15.112
VLOG[3] (nnet-combine-fast[5.5.1139~1-67548]:Propagate():nnet-update.cc:114) Stddev of data for component 0 for this minibatch is 215.12
VLOG[3] (nnet-combine-fast[5.5.1139~1-67548]:Propagate():nnet-update.cc:114) Stddev of data for component 8 for this minibatch is 0.82356
VLOG[3] (nnet-combine-fast[5.5.1139~1-67548]:Propagate():nnet-update.cc:114) Stddev of data for component 1 for this minibatch is 215.12
VLOG[3] (nnet-combine-fast[5.5.1139~1-67548]:Propagate():nnet-update.cc:114) Stddev of data for component 2 for this minibatch is 0.148275
VLOG[3] (nnet-combine-fast[5.5.1139~1-67548]:Propagate():nnet-update.cc:114) Stddev of data for component 3 for this minibatch is 8.40049
VLOG[3] (nnet-combine-fast[5.5.1139~1-67548]:Propagate():nnet-update.cc:114) Stddev of data for component 9 for this minibatch is 8.36309
VLOG[3] (nnet-combine-fast[5.5.1139~1-67548]:Propagate():nnet-update.cc:114) Stddev of data for component 4 for this minibatch is 0.73163
VLOG[3] (nnet-combine-fast[5.5.1139~1-67548]:Propagate():nnet-update.cc:114) Stddev of data for component 0 for this minibatch is 201.56
VLOG[3] (nnet-combine-fast[5.5.1139~1-67548]:Propagate():nnet-update.cc:114) Stddev of data for component 0 for this minibatch is 198.976
VLOG[3] (nnet-combine-fast[5.5.1139~1-67548]:Propagate():nnet-update.cc:114) Stddev of data for component 1 for this minibatch is 201.56
VLOG[3] (nnet-combine-fast[5.5.1139~1-67548]:Propagate():nnet-update.cc:114) Stddev of data for component 1 for this minibatch is 198.975
VLOG[3] (nnet-combine-fast[5.5.1139~1-67548]:Propagate():nnet-update.cc:114) Stddev of data for component 2 for this minibatch is 0.150653
VLOG[3] (nnet-combine-fast[5.5.1139~1-67548]:Propagate():nnet-update.cc:114) Stddev of data for component 2 for this minibatch is 0.162387
VLOG[3] (nnet-combine-fast[5.5.1139~1-67548]:Propagate():nnet-update.cc:114) Stddev of data for component 3 for this minibatch is 8.32157
VLOG[3] (nnet-combine-fast[5.5.1139~1-67548]:Propagate():nnet-update.cc:114) Stddev of data for component 3 for this minibatch is 8.9635
VLOG[2] (nnet-combine-fast[5.5.1139~1-67548]:DoBackpropParallel():nnet-update-parallel.cc:264) Did backprop on 2000 examples, average log-prob per frame is -1.24366
LOG (nnet-combine-fast[5.5.1139~1-67548]:GetInitialModel():combine-nnet-fast.cc:403) Objective functions for the source neural nets are  [ -1.24366 ]

LOG (nnet-combine-fast[5.5.1139~1-67548]:GetInitialParams():combine-nnet-fast.cc:282) Initializing with neural net with index 0
VLOG[2] (nnet-combine-fast[5.5.1139~1-67548]:DoBackpropParallel():nnet-update-parallel.cc:264) Did backprop on 2000 examples, average log-prob per frame is -1.24366
VLOG[2] (nnet-combine-fast[5.5.1139~1-67548]:ComputeObjfAndGradient():combine-nnet-fast.cc:347) Objf is -1.24366, raw gradient is  [ -0.0560771 -0.045068 0.0141875 0.257498 ]

VLOG[2] (nnet-combine-fast[5.5.1139~1-67548]:DoBackpropParallel():nnet-update-parallel.cc:264) Did backprop on 2000 examples, average log-prob per frame is -1.23471
VLOG[2] (nnet-combine-fast[5.5.1139~1-67548]:ComputeObjfAndGradient():combine-nnet-fast.cc:347) Objf is -1.23471, raw gradient is  [ -0.0375121 -0.0369893 0.0134411 0.208642 ]

VLOG[3] (nnet-combine-fast[5.5.1139~1-67548]:StepSizeIteration():optimization.cc:240) In step size iteration, function value changed -1.24366 to -1.23471
VLOG[3] (nnet-combine-fast[5.5.1139~1-67548]:StepSizeIteration():optimization.cc:323) d = 2, iter = 0, action = accept
VLOG[3] (nnet-combine-fast[5.5.1139~1-67548]:AcceptStep():optimization.cc:194) Accepted step; length was 0.0661243, prod was -0.00212124
VLOG[2] (nnet-combine-fast[5.5.1139~1-67548]:DoBackpropParallel():nnet-update-parallel.cc:264) Did backprop on 2000 examples, average log-prob per frame is -1.25162
VLOG[2] (nnet-combine-fast[5.5.1139~1-67548]:ComputeObjfAndGradient():combine-nnet-fast.cc:347) Objf is -1.25162, raw gradient is  [ -0.0568107 0.215358 -0.0329344 -0.05117 ]

VLOG[3] (nnet-combine-fast[5.5.1139~1-67548]:StepSizeIteration():optimization.cc:240) In step size iteration, function value changed -1.23471 to -1.25162
VLOG[3] (nnet-combine-fast[5.5.1139~1-67548]:StepSizeIteration():optimization.cc:323) d = 2, iter = 1, action = decrease
VLOG[2] (nnet-combine-fast[5.5.1139~1-67548]:DoBackpropParallel():nnet-update-parallel.cc:264) Did backprop on 2000 examples, average log-prob per frame is -1.22568
VLOG[2] (nnet-combine-fast[5.5.1139~1-67548]:ComputeObjfAndGradient():combine-nnet-fast.cc:347) Objf is -1.22568, raw gradient is  [ -0.0521064 0.0161983 -0.0161072 0.066247 ]

VLOG[3] (nnet-combine-fast[5.5.1139~1-67548]:StepSizeIteration():optimization.cc:240) In step size iteration, function value changed -1.23471 to -1.22568
VLOG[3] (nnet-combine-fast[5.5.1139~1-67548]:StepSizeIteration():optimization.cc:323) d = 2, iter = 1, action = accept
VLOG[3] (nnet-combine-fast[5.5.1139~1-67548]:AcceptStep():optimization.cc:194) Accepted step; length was 0.178021, prod was -0.0252323
VLOG[2] (nnet-combine-fast[5.5.1139~1-67548]:DoBackpropParallel():nnet-update-parallel.cc:264) Did backprop on 2000 examples, average log-prob per frame is -1.21909
VLOG[2] (nnet-combine-fast[5.5.1139~1-67548]:ComputeObjfAndGradient():combine-nnet-fast.cc:347) Objf is -1.21909, raw gradient is  [ 0.000514816 -0.000888054 0.0107707 0.0239018 ]

VLOG[3] (nnet-combine-fast[5.5.1139~1-67548]:StepSizeIteration():optimization.cc:240) In step size iteration, function value changed -1.22568 to -1.21909
VLOG[3] (nnet-combine-fast[5.5.1139~1-67548]:StepSizeIteration():optimization.cc:323) d = 2, iter = 2, action = accept
VLOG[3] (nnet-combine-fast[5.5.1139~1-67548]:AcceptStep():optimization.cc:194) Accepted step; length was 0.104148, prod was -0.0146566
VLOG[2] (nnet-combine-fast[5.5.1139~1-67548]:DoBackpropParallel():nnet-update-parallel.cc:264) Did backprop on 2000 examples, average log-prob per frame is -1.21879
VLOG[2] (nnet-combine-fast[5.5.1139~1-67548]:ComputeObjfAndGradient():combine-nnet-fast.cc:347) Objf is -1.21879, raw gradient is  [ 0.00104713 -0.000614235 -0.00286351 0.00439896 ]

VLOG[3] (nnet-combine-fast[5.5.1139~1-67548]:StepSizeIteration():optimization.cc:240) In step size iteration, function value changed -1.21909 to -1.21879
VLOG[3] (nnet-combine-fast[5.5.1139~1-67548]:StepSizeIteration():optimization.cc:323) d = 2, iter = 3, action = accept
VLOG[3] (nnet-combine-fast[5.5.1139~1-67548]:AcceptStep():optimization.cc:194) Accepted step; length was 0.0220648, prod was -0.00089502
VLOG[2] (nnet-combine-fast[5.5.1139~1-67548]:DoBackpropParallel():nnet-update-parallel.cc:264) Did backprop on 2000 examples, average log-prob per frame is -1.21876
VLOG[2] (nnet-combine-fast[5.5.1139~1-67548]:ComputeObjfAndGradient():combine-nnet-fast.cc:347) Objf is -1.21876, raw gradient is  [ 0.0013004 0.000575577 -0.000426155 0.0013195 ]

VLOG[3] (nnet-combine-fast[5.5.1139~1-67548]:StepSizeIteration():optimization.cc:240) In step size iteration, function value changed -1.21879 to -1.21876
VLOG[3] (nnet-combine-fast[5.5.1139~1-67548]:StepSizeIteration():optimization.cc:323) d = 2, iter = 4, action = accept
VLOG[3] (nnet-combine-fast[5.5.1139~1-67548]:AcceptStep():optimization.cc:194) Accepted step; length was 0.00728913, prod was -5.36984e-05
VLOG[2] (nnet-combine-fast[5.5.1139~1-67548]:DoBackpropParallel():nnet-update-parallel.cc:264) Did backprop on 2000 examples, average log-prob per frame is -1.21875
VLOG[2] (nnet-combine-fast[5.5.1139~1-67548]:ComputeObjfAndGradient():combine-nnet-fast.cc:347) Objf is -1.21875, raw gradient is  [ -2.13165e-05 2.0462e-05 9.482e-05 0.00029326 ]

VLOG[3] (nnet-combine-fast[5.5.1139~1-67548]:StepSizeIteration():optimization.cc:240) In step size iteration, function value changed -1.21876 to -1.21875
VLOG[3] (nnet-combine-fast[5.5.1139~1-67548]:StepSizeIteration():optimization.cc:323) d = 2, iter = 5, action = accept
VLOG[3] (nnet-combine-fast[5.5.1139~1-67548]:AcceptStep():optimization.cc:194) Accepted step; length was 0.00159017, prod was -5.74451e-06
VLOG[2] (nnet-combine-fast[5.5.1139~1-67548]:DoBackpropParallel():nnet-update-parallel.cc:264) Did backprop on 2000 examples, average log-prob per frame is -1.21875
VLOG[2] (nnet-combine-fast[5.5.1139~1-67548]:ComputeObjfAndGradient():combine-nnet-fast.cc:347) Objf is -1.21875, raw gradient is  [ 8.74329e-06 -6.43921e-06 1.23138e-05 3.81597e-05 ]

VLOG[3] (nnet-combine-fast[5.5.1139~1-67548]:StepSizeIteration():optimization.cc:240) In step size iteration, function value changed -1.21875 to -1.21875
VLOG[3] (nnet-combine-fast[5.5.1139~1-67548]:StepSizeIteration():optimization.cc:323) d = 2, iter = 6, action = accept
VLOG[3] (nnet-combine-fast[5.5.1139~1-67548]:AcceptStep():optimization.cc:194) Accepted step; length was 0.000306742, prod was -6.07747e-08
VLOG[2] (nnet-combine-fast[5.5.1139~1-67548]:DoBackpropParallel():nnet-update-parallel.cc:264) Did backprop on 2000 examples, average log-prob per frame is -1.21875
VLOG[2] (nnet-combine-fast[5.5.1139~1-67548]:ComputeObjfAndGradient():combine-nnet-fast.cc:347) Objf is -1.21875, raw gradient is  [ -5.20325e-06 4.02069e-06 -1.00517e-06 -1.18184e-06 ]

VLOG[3] (nnet-combine-fast[5.5.1139~1-67548]:StepSizeIteration():optimization.cc:240) In step size iteration, function value changed -1.21875 to -1.21875
VLOG[3] (nnet-combine-fast[5.5.1139~1-67548]:StepSizeIteration():optimization.cc:323) d = 2, iter = 7, action = decrease
LOG (nnet-combine-fast[5.5.1139~1-67548]:ComputeCurrentNnet():combine-nnet-fast.cc:373) Scale parameters are  [
  0.921288 0.793263 0.954828 1.14738 ]

LOG (nnet-combine-fast[5.5.1139~1-67548]:FastNnetCombiner():combine-nnet-fast.cc:152) Combining nnets, objf per frame changed from -1.24366 to -1.21875
LOG (nnet-combine-fast[5.5.1139~1-67548]:main():nnet-combine-fast.cc:124) Finished combining neural nets, wrote model to exp_FG/DNN_tri_8_2000_aligned_layer3_nodes256/11.mdl
# Accounting: time=1 threads=1
# Ended (code 0) at Mon Jul  8 09:53:19 IST 2024, elapsed time 1 seconds
