# nnet-shuffle-egs --buffer-size=5000 --srand=3 ark:exp_FG/DNN_tri_8_2000_aligned_layer3_nodes256/egs/egs.2.0.ark ark:- | nnet-train-parallel --num-threads=16 --minibatch-size=128 --srand=3 "nnet-init --srand=3 exp_FG/DNN_tri_8_2000_aligned_layer3_nodes256/hidden.config - | nnet-insert exp_FG/DNN_tri_8_2000_aligned_layer3_nodes256/3.mdl - - |" ark:- exp_FG/DNN_tri_8_2000_aligned_layer3_nodes256/4.2.mdl 
# Started at Mon Jul  8 09:47:14 IST 2024
#
nnet-shuffle-egs --buffer-size=5000 --srand=3 ark:exp_FG/DNN_tri_8_2000_aligned_layer3_nodes256/egs/egs.2.0.ark ark:- 
nnet-train-parallel --num-threads=16 --minibatch-size=128 --srand=3 'nnet-init --srand=3 exp_FG/DNN_tri_8_2000_aligned_layer3_nodes256/hidden.config - | nnet-insert exp_FG/DNN_tri_8_2000_aligned_layer3_nodes256/3.mdl - - |' ark:- exp_FG/DNN_tri_8_2000_aligned_layer3_nodes256/4.2.mdl 
nnet-insert exp_FG/DNN_tri_8_2000_aligned_layer3_nodes256/3.mdl - - 
nnet-init --srand=3 exp_FG/DNN_tri_8_2000_aligned_layer3_nodes256/hidden.config - 
LOG (nnet-insert[5.5.1139~1-67548]:main():nnet-insert.cc:106) Inserted 2 components at position 6
LOG (nnet-init[5.5.1139~1-67548]:main():nnet-init.cc:69) Initialized raw neural net and wrote it to -
LOG (nnet-insert[5.5.1139~1-67548]:main():nnet-insert.cc:122) Randomized component index 8 with stddev 0.00625
LOG (nnet-insert[5.5.1139~1-67548]:main():nnet-insert.cc:132) Write neural-net acoustic model to -
LOG (nnet-train-parallel[5.5.1139~1-67548]:GetScalingFactor():nnet-component.cc:1536) Limiting step size to 10 using scaling factor 0.997649, for component index 6
LOG (nnet-train-parallel[5.5.1139~1-67548]:GetScalingFactor():nnet-component.cc:1536) Limiting step size to 10 using scaling factor 0.991302, for component index 6
LOG (nnet-train-parallel[5.5.1139~1-67548]:GetScalingFactor():nnet-component.cc:1536) Limiting step size to 10 using scaling factor 0.98436, for component index 6
LOG (nnet-train-parallel[5.5.1139~1-67548]:GetScalingFactor():nnet-component.cc:1536) Limiting step size to 10 using scaling factor 0.998205, for component index 6
LOG (nnet-train-parallel[5.5.1139~1-67548]:GetScalingFactor():nnet-component.cc:1536) Limiting step size to 10 using scaling factor 0.994797, for component index 6
LOG (nnet-train-parallel[5.5.1139~1-67548]:GetScalingFactor():nnet-component.cc:1536) Limiting step size to 10 using scaling factor 0.981823, for component index 6
LOG (nnet-train-parallel[5.5.1139~1-67548]:GetScalingFactor():nnet-component.cc:1536) Limiting step size to 10 using scaling factor 0.989338, for component index 6
LOG (nnet-train-parallel[5.5.1139~1-67548]:GetScalingFactor():nnet-component.cc:1536) Limiting step size to 10 using scaling factor 0.991627, for component index 6
LOG (nnet-train-parallel[5.5.1139~1-67548]:GetScalingFactor():nnet-component.cc:1536) Limiting step size to 10 using scaling factor 0.996021, for component index 6
LOG (nnet-train-parallel[5.5.1139~1-67548]:GetScalingFactor():nnet-component.cc:1536) Limiting step size to 10 using scaling factor 0.973949, for component index 6
LOG (nnet-shuffle-egs[5.5.1139~1-67548]:main():nnet-shuffle-egs.cc:104) Shuffled order of 212297 neural-network training examples using a buffer (partial randomization)
LOG (nnet-train-parallel[5.5.1139~1-67548]:DoBackpropParallel():nnet-update-parallel.cc:194) Did backprop on 212297 examples, average log-prob per frame is -2.74433
LOG (nnet-train-parallel[5.5.1139~1-67548]:DoBackpropParallel():nnet-update-parallel.cc:196) [this line is to be parsed by a script:] log-prob-per-frame=-2.74433
LOG (nnet-train-parallel[5.5.1139~1-67548]:main():nnet-train-parallel.cc:102) Finished training, processed 212297 training examples (weighted).  Wrote model to exp_FG/DNN_tri_8_2000_aligned_layer3_nodes256/4.2.mdl
# Accounting: time=45 threads=1
# Ended (code 0) at Mon Jul  8 09:47:59 IST 2024, elapsed time 45 seconds
