# ali-to-post "ark:gunzip -c exp_FG/tri_8_2000_ali/ali.2.gz|" ark:- | weight-silence-post 0.0 1:2:3:4:5 exp_FG/tri_8_2000_ali/final.mdl ark:- ark:- | acc-lda --rand-prune=4.0 exp_FG/tri_8_2000_ali/final.mdl "ark,s,cs:utils/subset_scp.pl --quiet 2500 data/train/split4/2/feats.scp | apply-cmvn  --utt2spk=ark:data/train/split4/2/utt2spk scp:data/train/split4/2/cmvn.scp scp:- ark:- | splice-feats --left-context=4 --right-context=4 ark:- ark:- |" ark,s,cs:- exp_FG/DNN_tri_8_2000_aligned_layer3_nodes256/lda.2.acc 
# Started at Wed Aug 28 00:15:02 IST 2024
#
weight-silence-post 0.0 1:2:3:4:5 exp_FG/tri_8_2000_ali/final.mdl ark:- ark:- 
ali-to-post 'ark:gunzip -c exp_FG/tri_8_2000_ali/ali.2.gz|' ark:- 
acc-lda --rand-prune=4.0 exp_FG/tri_8_2000_ali/final.mdl 'ark,s,cs:utils/subset_scp.pl --quiet 2500 data/train/split4/2/feats.scp | apply-cmvn  --utt2spk=ark:data/train/split4/2/utt2spk scp:data/train/split4/2/cmvn.scp scp:- ark:- | splice-feats --left-context=4 --right-context=4 ark:- ark:- |' ark,s,cs:- exp_FG/DNN_tri_8_2000_aligned_layer3_nodes256/lda.2.acc 
apply-cmvn --utt2spk=ark:data/train/split4/2/utt2spk scp:data/train/split4/2/cmvn.scp scp:- ark:- 
splice-feats --left-context=4 --right-context=4 ark:- ark:- 
LOG (acc-lda[5.5.1137~1-51744]:main():acc-lda.cc:114) Done 100 utterances.
LOG (acc-lda[5.5.1137~1-51744]:main():acc-lda.cc:114) Done 200 utterances.
WARNING (acc-lda[5.5.1137~1-51744]:main():acc-lda.cc:77) No posteriors for utterance FGA1794
LOG (acc-lda[5.5.1137~1-51744]:main():acc-lda.cc:114) Done 300 utterances.
LOG (acc-lda[5.5.1137~1-51744]:main():acc-lda.cc:114) Done 400 utterances.
LOG (acc-lda[5.5.1137~1-51744]:main():acc-lda.cc:114) Done 500 utterances.
WARNING (acc-lda[5.5.1137~1-51744]:main():acc-lda.cc:77) No posteriors for utterance FGA2188
LOG (acc-lda[5.5.1137~1-51744]:main():acc-lda.cc:114) Done 600 utterances.
WARNING (acc-lda[5.5.1137~1-51744]:main():acc-lda.cc:77) No posteriors for utterance FGA2397
WARNING (acc-lda[5.5.1137~1-51744]:main():acc-lda.cc:77) No posteriors for utterance FGA2425
WARNING (acc-lda[5.5.1137~1-51744]:main():acc-lda.cc:77) No posteriors for utterance FGA2452
LOG (acc-lda[5.5.1137~1-51744]:main():acc-lda.cc:114) Done 700 utterances.
WARNING (acc-lda[5.5.1137~1-51744]:main():acc-lda.cc:77) No posteriors for utterance FGA2507
LOG (acc-lda[5.5.1137~1-51744]:main():acc-lda.cc:114) Done 800 utterances.
LOG (acc-lda[5.5.1137~1-51744]:main():acc-lda.cc:114) Done 900 utterances.
LOG (acc-lda[5.5.1137~1-51744]:main():acc-lda.cc:114) Done 1000 utterances.
LOG (acc-lda[5.5.1137~1-51744]:main():acc-lda.cc:114) Done 1100 utterances.
LOG (acc-lda[5.5.1137~1-51744]:main():acc-lda.cc:114) Done 1200 utterances.
LOG (acc-lda[5.5.1137~1-51744]:main():acc-lda.cc:114) Done 1300 utterances.
LOG (acc-lda[5.5.1137~1-51744]:main():acc-lda.cc:114) Done 1400 utterances.
LOG (acc-lda[5.5.1137~1-51744]:main():acc-lda.cc:114) Done 1500 utterances.
LOG (acc-lda[5.5.1137~1-51744]:main():acc-lda.cc:114) Done 1600 utterances.
LOG (acc-lda[5.5.1137~1-51744]:main():acc-lda.cc:114) Done 1700 utterances.
LOG (acc-lda[5.5.1137~1-51744]:main():acc-lda.cc:114) Done 1800 utterances.
LOG (acc-lda[5.5.1137~1-51744]:main():acc-lda.cc:114) Done 1900 utterances.
LOG (acc-lda[5.5.1137~1-51744]:main():acc-lda.cc:114) Done 2000 utterances.
LOG (acc-lda[5.5.1137~1-51744]:main():acc-lda.cc:114) Done 2100 utterances.
LOG (acc-lda[5.5.1137~1-51744]:main():acc-lda.cc:114) Done 2200 utterances.
LOG (acc-lda[5.5.1137~1-51744]:main():acc-lda.cc:114) Done 2300 utterances.
LOG (acc-lda[5.5.1137~1-51744]:main():acc-lda.cc:114) Done 2400 utterances.
LOG (ali-to-post[5.5.1137~1-51744]:main():ali-to-post.cc:73) Converted 4320 alignments.
LOG (weight-silence-post[5.5.1137~1-51744]:main():weight-silence-post.cc:95) Done 4320 posteriors.
LOG (apply-cmvn[5.5.1137~1-51744]:main():apply-cmvn.cc:162) Applied cepstral mean normalization to 2500 utterances, errors on 0
LOG (acc-lda[5.5.1137~1-51744]:main():acc-lda.cc:117) Done 2494 files, failed for 6
LOG (acc-lda[5.5.1137~1-51744]:main():acc-lda.cc:122) Written statistics.
# Accounting: time=5 threads=1
# Ended (code 0) at Wed Aug 28 00:15:07 IST 2024, elapsed time 5 seconds
