# ali-to-post "ark:gunzip -c exp_FG/tri_8_2000_ali/ali.3.gz|" ark:- | weight-silence-post 0.0 1:2:3:4:5 exp_FG/tri_8_2000_ali/final.mdl ark:- ark:- | acc-lda --rand-prune=4.0 exp_FG/tri_8_2000_ali/final.mdl "ark,s,cs:utils/subset_scp.pl --quiet 2500 data/train/split4/3/feats.scp | apply-cmvn  --utt2spk=ark:data/train/split4/3/utt2spk scp:data/train/split4/3/cmvn.scp scp:- ark:- | splice-feats --left-context=4 --right-context=4 ark:- ark:- |" ark,s,cs:- exp_FG/DNN_tri_8_2000_aligned_layer3_nodes256/lda.3.acc 
# Started at Wed Aug 28 00:15:02 IST 2024
#
ali-to-post 'ark:gunzip -c exp_FG/tri_8_2000_ali/ali.3.gz|' ark:- 
weight-silence-post 0.0 1:2:3:4:5 exp_FG/tri_8_2000_ali/final.mdl ark:- ark:- 
acc-lda --rand-prune=4.0 exp_FG/tri_8_2000_ali/final.mdl 'ark,s,cs:utils/subset_scp.pl --quiet 2500 data/train/split4/3/feats.scp | apply-cmvn  --utt2spk=ark:data/train/split4/3/utt2spk scp:data/train/split4/3/cmvn.scp scp:- ark:- | splice-feats --left-context=4 --right-context=4 ark:- ark:- |' ark,s,cs:- exp_FG/DNN_tri_8_2000_aligned_layer3_nodes256/lda.3.acc 
apply-cmvn --utt2spk=ark:data/train/split4/3/utt2spk scp:data/train/split4/3/cmvn.scp scp:- ark:- 
splice-feats --left-context=4 --right-context=4 ark:- ark:- 
LOG (acc-lda[5.5.1137~1-51744]:main():acc-lda.cc:114) Done 100 utterances.
WARNING (acc-lda[5.5.1137~1-51744]:main():acc-lda.cc:77) No posteriors for utterance MGN1762
WARNING (acc-lda[5.5.1137~1-51744]:main():acc-lda.cc:77) No posteriors for utterance MGN1768
LOG (acc-lda[5.5.1137~1-51744]:main():acc-lda.cc:114) Done 200 utterances.
WARNING (acc-lda[5.5.1137~1-51744]:main():acc-lda.cc:77) No posteriors for utterance MGN1808
WARNING (acc-lda[5.5.1137~1-51744]:main():acc-lda.cc:77) No posteriors for utterance MGN1838
WARNING (acc-lda[5.5.1137~1-51744]:main():acc-lda.cc:77) No posteriors for utterance MGN1945
WARNING (acc-lda[5.5.1137~1-51744]:main():acc-lda.cc:77) No posteriors for utterance MGN1954
WARNING (acc-lda[5.5.1137~1-51744]:main():acc-lda.cc:77) No posteriors for utterance MGN2033
LOG (acc-lda[5.5.1137~1-51744]:main():acc-lda.cc:114) Done 300 utterances.
WARNING (acc-lda[5.5.1137~1-51744]:main():acc-lda.cc:77) No posteriors for utterance MGN2116
WARNING (acc-lda[5.5.1137~1-51744]:main():acc-lda.cc:77) No posteriors for utterance MGN2119
WARNING (acc-lda[5.5.1137~1-51744]:main():acc-lda.cc:77) No posteriors for utterance MGN2120
WARNING (acc-lda[5.5.1137~1-51744]:main():acc-lda.cc:77) No posteriors for utterance MGN2123
WARNING (acc-lda[5.5.1137~1-51744]:main():acc-lda.cc:77) No posteriors for utterance MGN2139
WARNING (acc-lda[5.5.1137~1-51744]:main():acc-lda.cc:77) No posteriors for utterance MGN2141
WARNING (acc-lda[5.5.1137~1-51744]:main():acc-lda.cc:77) No posteriors for utterance MGN2153
WARNING (acc-lda[5.5.1137~1-51744]:main():acc-lda.cc:77) No posteriors for utterance MGN2159
WARNING (acc-lda[5.5.1137~1-51744]:main():acc-lda.cc:77) No posteriors for utterance MGN2179
WARNING (acc-lda[5.5.1137~1-51744]:main():acc-lda.cc:77) No posteriors for utterance MGN2181
WARNING (acc-lda[5.5.1137~1-51744]:main():acc-lda.cc:77) No posteriors for utterance MGN2187
WARNING (acc-lda[5.5.1137~1-51744]:main():acc-lda.cc:77) No posteriors for utterance MGN2192
WARNING (acc-lda[5.5.1137~1-51744]:main():acc-lda.cc:77) No posteriors for utterance MGN2194
WARNING (acc-lda[5.5.1137~1-51744]:main():acc-lda.cc:77) No posteriors for utterance MGN2197
WARNING (acc-lda[5.5.1137~1-51744]:main():acc-lda.cc:77) No posteriors for utterance MGN2230
WARNING (acc-lda[5.5.1137~1-51744]:main():acc-lda.cc:77) No posteriors for utterance MGN2233
WARNING (acc-lda[5.5.1137~1-51744]:main():acc-lda.cc:77) No posteriors for utterance MGN2243
WARNING (acc-lda[5.5.1137~1-51744]:main():acc-lda.cc:77) No posteriors for utterance MGN2246
WARNING (acc-lda[5.5.1137~1-51744]:main():acc-lda.cc:77) No posteriors for utterance MGN2252
WARNING (acc-lda[5.5.1137~1-51744]:main():acc-lda.cc:77) No posteriors for utterance MGN2264
WARNING (acc-lda[5.5.1137~1-51744]:main():acc-lda.cc:77) No posteriors for utterance MGN2273
WARNING (acc-lda[5.5.1137~1-51744]:main():acc-lda.cc:77) No posteriors for utterance MGN2280
WARNING (acc-lda[5.5.1137~1-51744]:main():acc-lda.cc:77) No posteriors for utterance MGN2287
WARNING (acc-lda[5.5.1137~1-51744]:main():acc-lda.cc:77) No posteriors for utterance MGN2292
WARNING (acc-lda[5.5.1137~1-51744]:main():acc-lda.cc:77) No posteriors for utterance MGN2295
WARNING (acc-lda[5.5.1137~1-51744]:main():acc-lda.cc:77) No posteriors for utterance MGN2303
WARNING (acc-lda[5.5.1137~1-51744]:main():acc-lda.cc:77) No posteriors for utterance MGN2308
WARNING (acc-lda[5.5.1137~1-51744]:main():acc-lda.cc:77) No posteriors for utterance MGN2312
WARNING (acc-lda[5.5.1137~1-51744]:main():acc-lda.cc:77) No posteriors for utterance MGN2315
WARNING (acc-lda[5.5.1137~1-51744]:main():acc-lda.cc:77) No posteriors for utterance MGN2323
WARNING (acc-lda[5.5.1137~1-51744]:main():acc-lda.cc:77) No posteriors for utterance MGN2341
WARNING (acc-lda[5.5.1137~1-51744]:main():acc-lda.cc:77) No posteriors for utterance MGN2351
WARNING (acc-lda[5.5.1137~1-51744]:main():acc-lda.cc:77) No posteriors for utterance MGN2355
WARNING (acc-lda[5.5.1137~1-51744]:main():acc-lda.cc:77) No posteriors for utterance MGN2358
WARNING (acc-lda[5.5.1137~1-51744]:main():acc-lda.cc:77) No posteriors for utterance MGN2366
WARNING (acc-lda[5.5.1137~1-51744]:main():acc-lda.cc:77) No posteriors for utterance MGN2371
WARNING (acc-lda[5.5.1137~1-51744]:main():acc-lda.cc:77) No posteriors for utterance MGN2380
WARNING (acc-lda[5.5.1137~1-51744]:main():acc-lda.cc:77) No posteriors for utterance MGN2388
WARNING (acc-lda[5.5.1137~1-51744]:main():acc-lda.cc:77) No posteriors for utterance MGN2400
WARNING (acc-lda[5.5.1137~1-51744]:main():acc-lda.cc:77) No posteriors for utterance MGN2409
WARNING (acc-lda[5.5.1137~1-51744]:main():acc-lda.cc:77) No posteriors for utterance MGN2414
WARNING (acc-lda[5.5.1137~1-51744]:main():acc-lda.cc:77) No posteriors for utterance MGN2429
WARNING (acc-lda[5.5.1137~1-51744]:main():acc-lda.cc:77) No posteriors for utterance MGN2433
WARNING (acc-lda[5.5.1137~1-51744]:main():acc-lda.cc:77) No posteriors for utterance MGN2443
LOG (acc-lda[5.5.1137~1-51744]:main():acc-lda.cc:114) Done 400 utterances.
WARNING (acc-lda[5.5.1137~1-51744]:main():acc-lda.cc:77) No posteriors for utterance MGN2456
WARNING (acc-lda[5.5.1137~1-51744]:main():acc-lda.cc:77) No posteriors for utterance MGN2475
WARNING (acc-lda[5.5.1137~1-51744]:main():acc-lda.cc:77) No posteriors for utterance MGN2484
WARNING (acc-lda[5.5.1137~1-51744]:main():acc-lda.cc:77) No posteriors for utterance MGN2493
WARNING (acc-lda[5.5.1137~1-51744]:main():acc-lda.cc:77) No posteriors for utterance MGN2503
WARNING (acc-lda[5.5.1137~1-51744]:main():acc-lda.cc:77) No posteriors for utterance MGN2520
WARNING (acc-lda[5.5.1137~1-51744]:main():acc-lda.cc:77) No posteriors for utterance MGN2534
WARNING (acc-lda[5.5.1137~1-51744]:main():acc-lda.cc:77) No posteriors for utterance MGN2546
WARNING (acc-lda[5.5.1137~1-51744]:main():acc-lda.cc:77) No posteriors for utterance MGN2547
WARNING (acc-lda[5.5.1137~1-51744]:main():acc-lda.cc:77) No posteriors for utterance MGN2557
WARNING (acc-lda[5.5.1137~1-51744]:main():acc-lda.cc:77) No posteriors for utterance MGN2575
WARNING (acc-lda[5.5.1137~1-51744]:main():acc-lda.cc:77) No posteriors for utterance MGN2587
WARNING (acc-lda[5.5.1137~1-51744]:main():acc-lda.cc:77) No posteriors for utterance MGN2606
WARNING (acc-lda[5.5.1137~1-51744]:main():acc-lda.cc:77) No posteriors for utterance MGN2609
WARNING (acc-lda[5.5.1137~1-51744]:main():acc-lda.cc:77) No posteriors for utterance MGN2635
WARNING (acc-lda[5.5.1137~1-51744]:main():acc-lda.cc:77) No posteriors for utterance MGN2640
WARNING (acc-lda[5.5.1137~1-51744]:main():acc-lda.cc:77) No posteriors for utterance MGN2643
WARNING (acc-lda[5.5.1137~1-51744]:main():acc-lda.cc:77) No posteriors for utterance MGN2681
WARNING (acc-lda[5.5.1137~1-51744]:main():acc-lda.cc:77) No posteriors for utterance MGN2695
WARNING (acc-lda[5.5.1137~1-51744]:main():acc-lda.cc:77) No posteriors for utterance MGN2706
WARNING (acc-lda[5.5.1137~1-51744]:main():acc-lda.cc:77) No posteriors for utterance MGN2714
WARNING (acc-lda[5.5.1137~1-51744]:main():acc-lda.cc:77) No posteriors for utterance MGN2729
LOG (acc-lda[5.5.1137~1-51744]:main():acc-lda.cc:114) Done 500 utterances.
WARNING (acc-lda[5.5.1137~1-51744]:main():acc-lda.cc:77) No posteriors for utterance MGN2749
WARNING (acc-lda[5.5.1137~1-51744]:main():acc-lda.cc:77) No posteriors for utterance MGN2751
WARNING (acc-lda[5.5.1137~1-51744]:main():acc-lda.cc:77) No posteriors for utterance MGN2758
WARNING (acc-lda[5.5.1137~1-51744]:main():acc-lda.cc:77) No posteriors for utterance MGN2760
LOG (acc-lda[5.5.1137~1-51744]:main():acc-lda.cc:114) Done 600 utterances.
LOG (acc-lda[5.5.1137~1-51744]:main():acc-lda.cc:114) Done 700 utterances.
LOG (acc-lda[5.5.1137~1-51744]:main():acc-lda.cc:114) Done 800 utterances.
LOG (acc-lda[5.5.1137~1-51744]:main():acc-lda.cc:114) Done 900 utterances.
LOG (acc-lda[5.5.1137~1-51744]:main():acc-lda.cc:114) Done 1000 utterances.
LOG (acc-lda[5.5.1137~1-51744]:main():acc-lda.cc:114) Done 1100 utterances.
LOG (acc-lda[5.5.1137~1-51744]:main():acc-lda.cc:114) Done 1200 utterances.
WARNING (acc-lda[5.5.1137~1-51744]:main():acc-lda.cc:77) No posteriors for utterance MKA2437
WARNING (acc-lda[5.5.1137~1-51744]:main():acc-lda.cc:77) No posteriors for utterance MKA2456
WARNING (acc-lda[5.5.1137~1-51744]:main():acc-lda.cc:77) No posteriors for utterance MKA2530
WARNING (acc-lda[5.5.1137~1-51744]:main():acc-lda.cc:77) No posteriors for utterance MKA2585
LOG (acc-lda[5.5.1137~1-51744]:main():acc-lda.cc:114) Done 1300 utterances.
LOG (acc-lda[5.5.1137~1-51744]:main():acc-lda.cc:114) Done 1400 utterances.
LOG (acc-lda[5.5.1137~1-51744]:main():acc-lda.cc:114) Done 1500 utterances.
LOG (acc-lda[5.5.1137~1-51744]:main():acc-lda.cc:114) Done 1600 utterances.
LOG (acc-lda[5.5.1137~1-51744]:main():acc-lda.cc:114) Done 1700 utterances.
LOG (acc-lda[5.5.1137~1-51744]:main():acc-lda.cc:114) Done 1800 utterances.
LOG (acc-lda[5.5.1137~1-51744]:main():acc-lda.cc:114) Done 1900 utterances.
LOG (acc-lda[5.5.1137~1-51744]:main():acc-lda.cc:114) Done 2000 utterances.
LOG (acc-lda[5.5.1137~1-51744]:main():acc-lda.cc:114) Done 2100 utterances.
LOG (acc-lda[5.5.1137~1-51744]:main():acc-lda.cc:114) Done 2200 utterances.
LOG (acc-lda[5.5.1137~1-51744]:main():acc-lda.cc:114) Done 2300 utterances.
LOG (acc-lda[5.5.1137~1-51744]:main():acc-lda.cc:114) Done 2400 utterances.
LOG (ali-to-post[5.5.1137~1-51744]:main():ali-to-post.cc:73) Converted 6297 alignments.
LOG (apply-cmvn[5.5.1137~1-51744]:main():apply-cmvn.cc:162) Applied cepstral mean normalization to 2500 utterances, errors on 0
LOG (weight-silence-post[5.5.1137~1-51744]:main():weight-silence-post.cc:95) Done 6297 posteriors.
LOG (acc-lda[5.5.1137~1-51744]:main():acc-lda.cc:117) Done 2419 files, failed for 81
LOG (acc-lda[5.5.1137~1-51744]:main():acc-lda.cc:122) Written statistics.
# Accounting: time=6 threads=1
# Ended (code 0) at Wed Aug 28 00:15:08 IST 2024, elapsed time 6 seconds
