# nnet-subset-egs --n=2000 --randomize-order=true --srand=0 ark:exp_FG/DNN_tri_8_2000_aligned_layer3_nodes256/egs/train_diagnostic.egs ark:- | nnet-combine-fast --use-gpu=no --num-threads=16 --verbose=3 --minibatch-size=125 exp_FG/DNN_tri_8_2000_aligned_layer3_nodes256/1.mdl ark:- exp_FG/DNN_tri_8_2000_aligned_layer3_nodes256/1.mdl 
# Started at Wed Aug 28 00:18:03 IST 2024
#
nnet-subset-egs --n=2000 --randomize-order=true --srand=0 ark:exp_FG/DNN_tri_8_2000_aligned_layer3_nodes256/egs/train_diagnostic.egs ark:- 
nnet-combine-fast --use-gpu=no --num-threads=16 --verbose=3 --minibatch-size=125 exp_FG/DNN_tri_8_2000_aligned_layer3_nodes256/1.mdl ark:- exp_FG/DNN_tri_8_2000_aligned_layer3_nodes256/1.mdl 
LOG (nnet-subset-egs[5.5.1137~1-51744]:main():nnet-subset-egs.cc:93) Selected a subset of 2000 out of 4000 neural-network training examples 
LOG (nnet-combine-fast[5.5.1137~1-51744]:main():nnet-combine-fast.cc:108) Read 2000 examples from the validation set.
VLOG[3] (nnet-combine-fast[5.5.1137~1-51744]:Propagate():nnet-update.cc:114) Stddev of data for component 0 for this minibatch is 199.486
VLOG[3] (nnet-combine-fast[5.5.1137~1-51744]:Propagate():nnet-update.cc:114) Stddev of data for component 0 for this minibatch is 176.551
VLOG[3] (nnet-combine-fast[5.5.1137~1-51744]:Propagate():nnet-update.cc:114) Stddev of data for component 0 for this minibatch is 174.846
VLOG[3] (nnet-combine-fast[5.5.1137~1-51744]:Propagate():nnet-update.cc:114) Stddev of data for component 0 for this minibatch is 198.047
VLOG[3] (nnet-combine-fast[5.5.1137~1-51744]:Propagate():nnet-update.cc:114) Stddev of data for component 0 for this minibatch is 178.558
VLOG[3] (nnet-combine-fast[5.5.1137~1-51744]:Propagate():nnet-update.cc:114) Stddev of data for component 0 for this minibatch is 175.698
VLOG[3] (nnet-combine-fast[5.5.1137~1-51744]:Propagate():nnet-update.cc:114) Stddev of data for component 1 for this minibatch is 199.486
VLOG[3] (nnet-combine-fast[5.5.1137~1-51744]:Propagate():nnet-update.cc:114) Stddev of data for component 0 for this minibatch is 179.038
VLOG[3] (nnet-combine-fast[5.5.1137~1-51744]:Propagate():nnet-update.cc:114) Stddev of data for component 0 for this minibatch is 174.645
VLOG[3] (nnet-combine-fast[5.5.1137~1-51744]:Propagate():nnet-update.cc:114) Stddev of data for component 1 for this minibatch is 174.846
VLOG[3] (nnet-combine-fast[5.5.1137~1-51744]:Propagate():nnet-update.cc:114) Stddev of data for component 1 for this minibatch is 179.038
VLOG[3] (nnet-combine-fast[5.5.1137~1-51744]:Propagate():nnet-update.cc:114) Stddev of data for component 1 for this minibatch is 174.645
VLOG[3] (nnet-combine-fast[5.5.1137~1-51744]:Propagate():nnet-update.cc:114) Stddev of data for component 2 for this minibatch is 0.105142
VLOG[3] (nnet-combine-fast[5.5.1137~1-51744]:Propagate():nnet-update.cc:114) Stddev of data for component 2 for this minibatch is 0.10135
VLOG[3] (nnet-combine-fast[5.5.1137~1-51744]:Propagate():nnet-update.cc:114) Stddev of data for component 2 for this minibatch is 0.113274
VLOG[3] (nnet-combine-fast[5.5.1137~1-51744]:Propagate():nnet-update.cc:114) Stddev of data for component 0 for this minibatch is 193.187
VLOG[3] (nnet-combine-fast[5.5.1137~1-51744]:Propagate():nnet-update.cc:114) Stddev of data for component 3 for this minibatch is 1.85263
VLOG[3] (nnet-combine-fast[5.5.1137~1-51744]:Propagate():nnet-update.cc:114) Stddev of data for component 1 for this minibatch is 193.187
VLOG[3] (nnet-combine-fast[5.5.1137~1-51744]:Propagate():nnet-update.cc:114) Stddev of data for component 3 for this minibatch is 2.01347
VLOG[3] (nnet-combine-fast[5.5.1137~1-51744]:Propagate():nnet-update.cc:114) Stddev of data for component 1 for this minibatch is 175.698
VLOG[3] (nnet-combine-fast[5.5.1137~1-51744]:Propagate():nnet-update.cc:114) Stddev of data for component 0 for this minibatch is 193.466
VLOG[3] (nnet-combine-fast[5.5.1137~1-51744]:Propagate():nnet-update.cc:114) Stddev of data for component 2 for this minibatch is 0.102163
VLOG[3] (nnet-combine-fast[5.5.1137~1-51744]:Propagate():nnet-update.cc:114) Stddev of data for component 1 for this minibatch is 176.551
VLOG[3] (nnet-combine-fast[5.5.1137~1-51744]:Propagate():nnet-update.cc:114) Stddev of data for component 1 for this minibatch is 193.465
VLOG[3] (nnet-combine-fast[5.5.1137~1-51744]:Propagate():nnet-update.cc:114) Stddev of data for component 3 for this minibatch is 1.81922
VLOG[3] (nnet-combine-fast[5.5.1137~1-51744]:Propagate():nnet-update.cc:114) Stddev of data for component 2 for this minibatch is 0.109375
VLOG[3] (nnet-combine-fast[5.5.1137~1-51744]:Propagate():nnet-update.cc:114) Stddev of data for component 2 for this minibatch is 0.100601
VLOG[3] (nnet-combine-fast[5.5.1137~1-51744]:Propagate():nnet-update.cc:114) Stddev of data for component 3 for this minibatch is 1.93198
VLOG[3] (nnet-combine-fast[5.5.1137~1-51744]:Propagate():nnet-update.cc:114) Stddev of data for component 3 for this minibatch is 1.87081
VLOG[3] (nnet-combine-fast[5.5.1137~1-51744]:Propagate():nnet-update.cc:114) Stddev of data for component 0 for this minibatch is 185.154
VLOG[3] (nnet-combine-fast[5.5.1137~1-51744]:Propagate():nnet-update.cc:114) Stddev of data for component 1 for this minibatch is 185.154
VLOG[3] (nnet-combine-fast[5.5.1137~1-51744]:Propagate():nnet-update.cc:114) Stddev of data for component 2 for this minibatch is 0.103299
VLOG[3] (nnet-combine-fast[5.5.1137~1-51744]:Propagate():nnet-update.cc:114) Stddev of data for component 1 for this minibatch is 198.047
VLOG[3] (nnet-combine-fast[5.5.1137~1-51744]:Propagate():nnet-update.cc:114) Stddev of data for component 3 for this minibatch is 1.87469
VLOG[3] (nnet-combine-fast[5.5.1137~1-51744]:Propagate():nnet-update.cc:114) Stddev of data for component 2 for this minibatch is 0.106115
VLOG[3] (nnet-combine-fast[5.5.1137~1-51744]:Propagate():nnet-update.cc:114) Stddev of data for component 3 for this minibatch is 1.96046
VLOG[3] (nnet-combine-fast[5.5.1137~1-51744]:Propagate():nnet-update.cc:114) Stddev of data for component 1 for this minibatch is 178.558
VLOG[3] (nnet-combine-fast[5.5.1137~1-51744]:Propagate():nnet-update.cc:114) Stddev of data for component 3 for this minibatch is 1.77691
VLOG[3] (nnet-combine-fast[5.5.1137~1-51744]:Propagate():nnet-update.cc:114) Stddev of data for component 2 for this minibatch is 0.108443
VLOG[3] (nnet-combine-fast[5.5.1137~1-51744]:Propagate():nnet-update.cc:114) Stddev of data for component 3 for this minibatch is 1.85583
VLOG[3] (nnet-combine-fast[5.5.1137~1-51744]:Propagate():nnet-update.cc:114) Stddev of data for component 4 for this minibatch is 0.491518
VLOG[3] (nnet-combine-fast[5.5.1137~1-51744]:Propagate():nnet-update.cc:114) Stddev of data for component 2 for this minibatch is 0.102265
VLOG[3] (nnet-combine-fast[5.5.1137~1-51744]:Propagate():nnet-update.cc:114) Stddev of data for component 3 for this minibatch is 1.84934
VLOG[3] (nnet-combine-fast[5.5.1137~1-51744]:Propagate():nnet-update.cc:114) Stddev of data for component 4 for this minibatch is 0.47899
VLOG[3] (nnet-combine-fast[5.5.1137~1-51744]:Propagate():nnet-update.cc:114) Stddev of data for component 5 for this minibatch is 4.16312
VLOG[3] (nnet-combine-fast[5.5.1137~1-51744]:Propagate():nnet-update.cc:114) Stddev of data for component 4 for this minibatch is 0.481038
VLOG[3] (nnet-combine-fast[5.5.1137~1-51744]:Propagate():nnet-update.cc:114) Stddev of data for component 4 for this minibatch is 0.489139
VLOG[3] (nnet-combine-fast[5.5.1137~1-51744]:Propagate():nnet-update.cc:114) Stddev of data for component 4 for this minibatch is 0.477281
VLOG[3] (nnet-combine-fast[5.5.1137~1-51744]:Propagate():nnet-update.cc:114) Stddev of data for component 2 for this minibatch is 0.115909
VLOG[3] (nnet-combine-fast[5.5.1137~1-51744]:Propagate():nnet-update.cc:114) Stddev of data for component 4 for this minibatch is 0.485458
VLOG[3] (nnet-combine-fast[5.5.1137~1-51744]:Propagate():nnet-update.cc:114) Stddev of data for component 3 for this minibatch is 2.0911
VLOG[3] (nnet-combine-fast[5.5.1137~1-51744]:Propagate():nnet-update.cc:114) Stddev of data for component 0 for this minibatch is 190.476
VLOG[3] (nnet-combine-fast[5.5.1137~1-51744]:Propagate():nnet-update.cc:114) Stddev of data for component 1 for this minibatch is 190.475
VLOG[3] (nnet-combine-fast[5.5.1137~1-51744]:Propagate():nnet-update.cc:114) Stddev of data for component 2 for this minibatch is 0.111968
VLOG[3] (nnet-combine-fast[5.5.1137~1-51744]:Propagate():nnet-update.cc:114) Stddev of data for component 4 for this minibatch is 0.492977
VLOG[3] (nnet-combine-fast[5.5.1137~1-51744]:Propagate():nnet-update.cc:114) Stddev of data for component 3 for this minibatch is 1.97074
VLOG[3] (nnet-combine-fast[5.5.1137~1-51744]:Propagate():nnet-update.cc:114) Stddev of data for component 0 for this minibatch is 183.126
VLOG[3] (nnet-combine-fast[5.5.1137~1-51744]:Propagate():nnet-update.cc:114) Stddev of data for component 1 for this minibatch is 183.126
VLOG[3] (nnet-combine-fast[5.5.1137~1-51744]:Propagate():nnet-update.cc:114) Stddev of data for component 2 for this minibatch is 0.104612
VLOG[3] (nnet-combine-fast[5.5.1137~1-51744]:Propagate():nnet-update.cc:114) Stddev of data for component 4 for this minibatch is 0.493962
VLOG[3] (nnet-combine-fast[5.5.1137~1-51744]:Propagate():nnet-update.cc:114) Stddev of data for component 3 for this minibatch is 1.90921
VLOG[3] (nnet-combine-fast[5.5.1137~1-51744]:Propagate():nnet-update.cc:114) Stddev of data for component 0 for this minibatch is 181.514
VLOG[3] (nnet-combine-fast[5.5.1137~1-51744]:Propagate():nnet-update.cc:114) Stddev of data for component 1 for this minibatch is 181.514
VLOG[3] (nnet-combine-fast[5.5.1137~1-51744]:Propagate():nnet-update.cc:114) Stddev of data for component 5 for this minibatch is 3.99488
VLOG[3] (nnet-combine-fast[5.5.1137~1-51744]:Propagate():nnet-update.cc:114) Stddev of data for component 4 for this minibatch is 0.484151
VLOG[3] (nnet-combine-fast[5.5.1137~1-51744]:Propagate():nnet-update.cc:114) Stddev of data for component 2 for this minibatch is 0.108469
VLOG[3] (nnet-combine-fast[5.5.1137~1-51744]:Propagate():nnet-update.cc:114) Stddev of data for component 3 for this minibatch is 1.94535
VLOG[3] (nnet-combine-fast[5.5.1137~1-51744]:Propagate():nnet-update.cc:114) Stddev of data for component 5 for this minibatch is 3.94351
VLOG[3] (nnet-combine-fast[5.5.1137~1-51744]:Propagate():nnet-update.cc:114) Stddev of data for component 4 for this minibatch is 0.483268
VLOG[3] (nnet-combine-fast[5.5.1137~1-51744]:Propagate():nnet-update.cc:114) Stddev of data for component 4 for this minibatch is 0.492412
VLOG[3] (nnet-combine-fast[5.5.1137~1-51744]:Propagate():nnet-update.cc:114) Stddev of data for component 0 for this minibatch is 184.249
VLOG[3] (nnet-combine-fast[5.5.1137~1-51744]:Propagate():nnet-update.cc:114) Stddev of data for component 1 for this minibatch is 184.249
VLOG[3] (nnet-combine-fast[5.5.1137~1-51744]:Propagate():nnet-update.cc:114) Stddev of data for component 2 for this minibatch is 0.110908
VLOG[3] (nnet-combine-fast[5.5.1137~1-51744]:Propagate():nnet-update.cc:114) Stddev of data for component 3 for this minibatch is 1.95084
VLOG[3] (nnet-combine-fast[5.5.1137~1-51744]:Propagate():nnet-update.cc:114) Stddev of data for component 4 for this minibatch is 0.500202
VLOG[3] (nnet-combine-fast[5.5.1137~1-51744]:Propagate():nnet-update.cc:114) Stddev of data for component 5 for this minibatch is 4.381
VLOG[3] (nnet-combine-fast[5.5.1137~1-51744]:Propagate():nnet-update.cc:114) Stddev of data for component 5 for this minibatch is 3.83078
VLOG[3] (nnet-combine-fast[5.5.1137~1-51744]:Propagate():nnet-update.cc:114) Stddev of data for component 5 for this minibatch is 4.16342
VLOG[3] (nnet-combine-fast[5.5.1137~1-51744]:Propagate():nnet-update.cc:114) Stddev of data for component 5 for this minibatch is 4.39473
VLOG[3] (nnet-combine-fast[5.5.1137~1-51744]:Propagate():nnet-update.cc:114) Stddev of data for component 5 for this minibatch is 4.29257
VLOG[3] (nnet-combine-fast[5.5.1137~1-51744]:Propagate():nnet-update.cc:114) Stddev of data for component 4 for this minibatch is 0.49368
VLOG[3] (nnet-combine-fast[5.5.1137~1-51744]:Propagate():nnet-update.cc:114) Stddev of data for component 5 for this minibatch is 4.06547
VLOG[3] (nnet-combine-fast[5.5.1137~1-51744]:Propagate():nnet-update.cc:114) Stddev of data for component 0 for this minibatch is 182.151
VLOG[3] (nnet-combine-fast[5.5.1137~1-51744]:Propagate():nnet-update.cc:114) Stddev of data for component 1 for this minibatch is 182.151
VLOG[3] (nnet-combine-fast[5.5.1137~1-51744]:Propagate():nnet-update.cc:114) Stddev of data for component 2 for this minibatch is 0.118892
VLOG[3] (nnet-combine-fast[5.5.1137~1-51744]:Propagate():nnet-update.cc:114) Stddev of data for component 3 for this minibatch is 2.08461
VLOG[3] (nnet-combine-fast[5.5.1137~1-51744]:Propagate():nnet-update.cc:114) Stddev of data for component 4 for this minibatch is 0.492361
VLOG[3] (nnet-combine-fast[5.5.1137~1-51744]:Propagate():nnet-update.cc:114) Stddev of data for component 5 for this minibatch is 4.03533
VLOG[3] (nnet-combine-fast[5.5.1137~1-51744]:Propagate():nnet-update.cc:114) Stddev of data for component 4 for this minibatch is 0.502326
VLOG[3] (nnet-combine-fast[5.5.1137~1-51744]:Propagate():nnet-update.cc:114) Stddev of data for component 4 for this minibatch is 0.484867
VLOG[3] (nnet-combine-fast[5.5.1137~1-51744]:Propagate():nnet-update.cc:114) Stddev of data for component 5 for this minibatch is 4.22956
VLOG[3] (nnet-combine-fast[5.5.1137~1-51744]:Propagate():nnet-update.cc:114) Stddev of data for component 5 for this minibatch is 4.13496
VLOG[3] (nnet-combine-fast[5.5.1137~1-51744]:Propagate():nnet-update.cc:114) Stddev of data for component 5 for this minibatch is 4.04303
VLOG[3] (nnet-combine-fast[5.5.1137~1-51744]:Propagate():nnet-update.cc:114) Stddev of data for component 5 for this minibatch is 4.26358
VLOG[3] (nnet-combine-fast[5.5.1137~1-51744]:Propagate():nnet-update.cc:114) Stddev of data for component 5 for this minibatch is 4.1346
VLOG[3] (nnet-combine-fast[5.5.1137~1-51744]:Propagate():nnet-update.cc:114) Stddev of data for component 5 for this minibatch is 4.21299
VLOG[2] (nnet-combine-fast[5.5.1137~1-51744]:DoBackpropParallel():nnet-update-parallel.cc:264) Did backprop on 2000 examples, average log-prob per frame is -3.3785
LOG (nnet-combine-fast[5.5.1137~1-51744]:GetInitialModel():combine-nnet-fast.cc:403) Objective functions for the source neural nets are  [ -3.3785 ]

LOG (nnet-combine-fast[5.5.1137~1-51744]:GetInitialParams():combine-nnet-fast.cc:282) Initializing with neural net with index 0
VLOG[3] (nnet-combine-fast[5.5.1137~1-51744]:Propagate():nnet-update.cc:114) Stddev of data for component 0 for this minibatch is 177.532
VLOG[3] (nnet-combine-fast[5.5.1137~1-51744]:Propagate():nnet-update.cc:114) Stddev of data for component 1 for this minibatch is 177.532
VLOG[3] (nnet-combine-fast[5.5.1137~1-51744]:Propagate():nnet-update.cc:114) Stddev of data for component 2 for this minibatch is 0.101183
VLOG[3] (nnet-combine-fast[5.5.1137~1-51744]:Propagate():nnet-update.cc:114) Stddev of data for component 3 for this minibatch is 1.78538
VLOG[3] (nnet-combine-fast[5.5.1137~1-51744]:Propagate():nnet-update.cc:114) Stddev of data for component 0 for this minibatch is 199.45
VLOG[3] (nnet-combine-fast[5.5.1137~1-51744]:Propagate():nnet-update.cc:114) Stddev of data for component 0 for this minibatch is 194.511
VLOG[2] (nnet-combine-fast[5.5.1137~1-51744]:DoBackpropParallel():nnet-update-parallel.cc:264) Did backprop on 2000 examples, average log-prob per frame is -3.3785
VLOG[2] (nnet-combine-fast[5.5.1137~1-51744]:ComputeObjfAndGradient():combine-nnet-fast.cc:347) Objf is -3.3785, raw gradient is  [ 0.166474 0.260905 ]

VLOG[2] (nnet-combine-fast[5.5.1137~1-51744]:DoBackpropParallel():nnet-update-parallel.cc:264) Did backprop on 2000 examples, average log-prob per frame is -3.37059
VLOG[2] (nnet-combine-fast[5.5.1137~1-51744]:ComputeObjfAndGradient():combine-nnet-fast.cc:347) Objf is -3.37059, raw gradient is  [ 0.0983915 0.153292 ]

VLOG[3] (nnet-combine-fast[5.5.1137~1-51744]:StepSizeIteration():optimization.cc:240) In step size iteration, function value changed -3.3785 to -3.37059
VLOG[3] (nnet-combine-fast[5.5.1137~1-51744]:StepSizeIteration():optimization.cc:323) d = 2, iter = 0, action = accept
VLOG[3] (nnet-combine-fast[5.5.1137~1-51744]:AcceptStep():optimization.cc:194) Accepted step; length was 0.0445881, prod was -0.00410592
VLOG[2] (nnet-combine-fast[5.5.1137~1-51744]:DoBackpropParallel():nnet-update-parallel.cc:264) Did backprop on 2000 examples, average log-prob per frame is -3.3659
VLOG[2] (nnet-combine-fast[5.5.1137~1-51744]:ComputeObjfAndGradient():combine-nnet-fast.cc:347) Objf is -3.3659, raw gradient is  [ 0.0158996 0.0143347 ]

VLOG[3] (nnet-combine-fast[5.5.1137~1-51744]:StepSizeIteration():optimization.cc:240) In step size iteration, function value changed -3.37059 to -3.3659
VLOG[3] (nnet-combine-fast[5.5.1137~1-51744]:StepSizeIteration():optimization.cc:323) d = 2, iter = 1, action = accept
VLOG[3] (nnet-combine-fast[5.5.1137~1-51744]:AcceptStep():optimization.cc:194) Accepted step; length was 0.0640698, prod was -0.00733123
VLOG[2] (nnet-combine-fast[5.5.1137~1-51744]:DoBackpropParallel():nnet-update-parallel.cc:264) Did backprop on 2000 examples, average log-prob per frame is -3.36579
VLOG[2] (nnet-combine-fast[5.5.1137~1-51744]:ComputeObjfAndGradient():combine-nnet-fast.cc:347) Objf is -3.36579, raw gradient is  [ 0.00197047 0.0162069 ]

VLOG[3] (nnet-combine-fast[5.5.1137~1-51744]:StepSizeIteration():optimization.cc:240) In step size iteration, function value changed -3.3659 to -3.36579
VLOG[3] (nnet-combine-fast[5.5.1137~1-51744]:StepSizeIteration():optimization.cc:323) d = 2, iter = 2, action = accept
VLOG[3] (nnet-combine-fast[5.5.1137~1-51744]:AcceptStep():optimization.cc:194) Accepted step; length was 0.0168676, prod was -0.000625717
VLOG[2] (nnet-combine-fast[5.5.1137~1-51744]:DoBackpropParallel():nnet-update-parallel.cc:264) Did backprop on 2000 examples, average log-prob per frame is -3.36572
VLOG[2] (nnet-combine-fast[5.5.1137~1-51744]:ComputeObjfAndGradient():combine-nnet-fast.cc:347) Objf is -3.36572, raw gradient is  [ -0.00106866 -0.00220638 ]

VLOG[3] (nnet-combine-fast[5.5.1137~1-51744]:StepSizeIteration():optimization.cc:240) In step size iteration, function value changed -3.36579 to -3.36572
VLOG[3] (nnet-combine-fast[5.5.1137~1-51744]:StepSizeIteration():optimization.cc:323) d = 2, iter = 3, action = accept
VLOG[3] (nnet-combine-fast[5.5.1137~1-51744]:AcceptStep():optimization.cc:194) Accepted step; length was 0.0060191, prod was -0.000156587
VLOG[2] (nnet-combine-fast[5.5.1137~1-51744]:DoBackpropParallel():nnet-update-parallel.cc:264) Did backprop on 2000 examples, average log-prob per frame is -3.36572
VLOG[2] (nnet-combine-fast[5.5.1137~1-51744]:ComputeObjfAndGradient():combine-nnet-fast.cc:347) Objf is -3.36572, raw gradient is  [ -0.000172632 -0.000228258 ]

VLOG[3] (nnet-combine-fast[5.5.1137~1-51744]:StepSizeIteration():optimization.cc:240) In step size iteration, function value changed -3.36572 to -3.36572
VLOG[3] (nnet-combine-fast[5.5.1137~1-51744]:StepSizeIteration():optimization.cc:323) d = 2, iter = 4, action = accept
VLOG[3] (nnet-combine-fast[5.5.1137~1-51744]:AcceptStep():optimization.cc:194) Accepted step; length was 0.000869379, prod was -1.31652e-06
VLOG[2] (nnet-combine-fast[5.5.1137~1-51744]:DoBackpropParallel():nnet-update-parallel.cc:264) Did backprop on 2000 examples, average log-prob per frame is -3.36572
VLOG[2] (nnet-combine-fast[5.5.1137~1-51744]:ComputeObjfAndGradient():combine-nnet-fast.cc:347) Objf is -3.36572, raw gradient is  [ -1.0046e-05 9.38061e-06 ]

VLOG[3] (nnet-combine-fast[5.5.1137~1-51744]:StepSizeIteration():optimization.cc:240) In step size iteration, function value changed -3.36572 to -3.36572
VLOG[3] (nnet-combine-fast[5.5.1137~1-51744]:StepSizeIteration():optimization.cc:323) d = 2, iter = 5, action = accept
VLOG[3] (nnet-combine-fast[5.5.1137~1-51744]:AcceptStep():optimization.cc:194) Accepted step; length was 0.000160101, prod was -3.41296e-08
VLOG[2] (nnet-combine-fast[5.5.1137~1-51744]:DoBackpropParallel():nnet-update-parallel.cc:264) Did backprop on 2000 examples, average log-prob per frame is -3.36572
VLOG[2] (nnet-combine-fast[5.5.1137~1-51744]:ComputeObjfAndGradient():combine-nnet-fast.cc:347) Objf is -3.36572, raw gradient is  [ -1.06812e-06 -2.75604e-05 ]

VLOG[3] (nnet-combine-fast[5.5.1137~1-51744]:StepSizeIteration():optimization.cc:240) In step size iteration, function value changed -3.36572 to -3.36572
VLOG[3] (nnet-combine-fast[5.5.1137~1-51744]:StepSizeIteration():optimization.cc:323) d = 2, iter = 6, action = decrease
VLOG[2] (nnet-combine-fast[5.5.1137~1-51744]:DoBackpropParallel():nnet-update-parallel.cc:264) Did backprop on 2000 examples, average log-prob per frame is -3.36572
VLOG[2] (nnet-combine-fast[5.5.1137~1-51744]:ComputeObjfAndGradient():combine-nnet-fast.cc:347) Objf is -3.36572, raw gradient is  [ -5.60951e-06 -9.07972e-06 ]

VLOG[3] (nnet-combine-fast[5.5.1137~1-51744]:StepSizeIteration():optimization.cc:240) In step size iteration, function value changed -3.36572 to -3.36572
VLOG[3] (nnet-combine-fast[5.5.1137~1-51744]:StepSizeIteration():optimization.cc:323) d = 2, iter = 6, action = decrease
VLOG[2] (nnet-combine-fast[5.5.1137~1-51744]:DoBackpropParallel():nnet-update-parallel.cc:264) Did backprop on 2000 examples, average log-prob per frame is -3.36572
VLOG[2] (nnet-combine-fast[5.5.1137~1-51744]:ComputeObjfAndGradient():combine-nnet-fast.cc:347) Objf is -3.36572, raw gradient is  [ -7.87735e-06 1.77085e-07 ]

VLOG[3] (nnet-combine-fast[5.5.1137~1-51744]:StepSizeIteration():optimization.cc:240) In step size iteration, function value changed -3.36572 to -3.36572
VLOG[3] (nnet-combine-fast[5.5.1137~1-51744]:StepSizeIteration():optimization.cc:323) d = 2, iter = 6, action = accept
VLOG[3] (nnet-combine-fast[5.5.1137~1-51744]:AcceptStep():optimization.cc:194) Accepted step; length was 6.25841e-06, prod was -1.31185e-10
LOG (nnet-combine-fast[5.5.1137~1-51744]:ComputeCurrentNnet():combine-nnet-fast.cc:373) Scale parameters are  [
  1.11319 1.03296 ]

LOG (nnet-combine-fast[5.5.1137~1-51744]:FastNnetCombiner():combine-nnet-fast.cc:152) Combining nnets, objf per frame changed from -3.3785 to -3.36572
LOG (nnet-combine-fast[5.5.1137~1-51744]:main():nnet-combine-fast.cc:124) Finished combining neural nets, wrote model to exp_FG/DNN_tri_8_2000_aligned_layer3_nodes256/1.mdl
# Accounting: time=1 threads=1
# Ended (code 0) at Wed Aug 28 00:18:04 IST 2024, elapsed time 1 seconds
