# nnet-subset-egs --n=2000 --randomize-order=true --srand=65 ark:exp_FG/DNN_tri_8_2000_aligned_layer3_nodes256/egs/train_diagnostic.egs ark:- | nnet-combine-fast --use-gpu=no --num-threads=16 --verbose=3 --minibatch-size=125 exp_FG/DNN_tri_8_2000_aligned_layer3_nodes256/66.mdl ark:- exp_FG/DNN_tri_8_2000_aligned_layer3_nodes256/66.mdl 
# Started at Wed Aug 28 01:50:08 IST 2024
#
nnet-subset-egs --n=2000 --randomize-order=true --srand=65 ark:exp_FG/DNN_tri_8_2000_aligned_layer3_nodes256/egs/train_diagnostic.egs ark:- 
nnet-combine-fast --use-gpu=no --num-threads=16 --verbose=3 --minibatch-size=125 exp_FG/DNN_tri_8_2000_aligned_layer3_nodes256/66.mdl ark:- exp_FG/DNN_tri_8_2000_aligned_layer3_nodes256/66.mdl 
LOG (nnet-subset-egs[5.5.1137~1-51744]:main():nnet-subset-egs.cc:93) Selected a subset of 2000 out of 4000 neural-network training examples 
LOG (nnet-combine-fast[5.5.1137~1-51744]:main():nnet-combine-fast.cc:108) Read 2000 examples from the validation set.
VLOG[3] (nnet-combine-fast[5.5.1137~1-51744]:Propagate():nnet-update.cc:114) Stddev of data for component 0 for this minibatch is 190.752
VLOG[3] (nnet-combine-fast[5.5.1137~1-51744]:Propagate():nnet-update.cc:114) Stddev of data for component 0 for this minibatch is 180.065
VLOG[3] (nnet-combine-fast[5.5.1137~1-51744]:Propagate():nnet-update.cc:114) Stddev of data for component 0 for this minibatch is 178.985
VLOG[3] (nnet-combine-fast[5.5.1137~1-51744]:Propagate():nnet-update.cc:114) Stddev of data for component 1 for this minibatch is 180.065
VLOG[3] (nnet-combine-fast[5.5.1137~1-51744]:Propagate():nnet-update.cc:114) Stddev of data for component 0 for this minibatch is 194.724
VLOG[3] (nnet-combine-fast[5.5.1137~1-51744]:Propagate():nnet-update.cc:114) Stddev of data for component 1 for this minibatch is 178.985
VLOG[3] (nnet-combine-fast[5.5.1137~1-51744]:Propagate():nnet-update.cc:114) Stddev of data for component 0 for this minibatch is 178.062
VLOG[3] (nnet-combine-fast[5.5.1137~1-51744]:Propagate():nnet-update.cc:114) Stddev of data for component 1 for this minibatch is 194.724
VLOG[3] (nnet-combine-fast[5.5.1137~1-51744]:Propagate():nnet-update.cc:114) Stddev of data for component 2 for this minibatch is 0.103423
VLOG[3] (nnet-combine-fast[5.5.1137~1-51744]:Propagate():nnet-update.cc:114) Stddev of data for component 1 for this minibatch is 178.062
VLOG[3] (nnet-combine-fast[5.5.1137~1-51744]:Propagate():nnet-update.cc:114) Stddev of data for component 2 for this minibatch is 0.110117
VLOG[3] (nnet-combine-fast[5.5.1137~1-51744]:Propagate():nnet-update.cc:114) Stddev of data for component 2 for this minibatch is 0.110568
VLOG[3] (nnet-combine-fast[5.5.1137~1-51744]:Propagate():nnet-update.cc:114) Stddev of data for component 3 for this minibatch is 3.43328
VLOG[3] (nnet-combine-fast[5.5.1137~1-51744]:Propagate():nnet-update.cc:114) Stddev of data for component 2 for this minibatch is 0.112158
VLOG[3] (nnet-combine-fast[5.5.1137~1-51744]:Propagate():nnet-update.cc:114) Stddev of data for component 3 for this minibatch is 3.5465
VLOG[3] (nnet-combine-fast[5.5.1137~1-51744]:Propagate():nnet-update.cc:114) Stddev of data for component 3 for this minibatch is 3.71502
VLOG[3] (nnet-combine-fast[5.5.1137~1-51744]:Propagate():nnet-update.cc:114) Stddev of data for component 3 for this minibatch is 3.63186
VLOG[3] (nnet-combine-fast[5.5.1137~1-51744]:Propagate():nnet-update.cc:114) Stddev of data for component 4 for this minibatch is 0.614461
VLOG[3] (nnet-combine-fast[5.5.1137~1-51744]:Propagate():nnet-update.cc:114) Stddev of data for component 4 for this minibatch is 0.618038
VLOG[3] (nnet-combine-fast[5.5.1137~1-51744]:Propagate():nnet-update.cc:114) Stddev of data for component 4 for this minibatch is 0.629614
VLOG[3] (nnet-combine-fast[5.5.1137~1-51744]:Propagate():nnet-update.cc:114) Stddev of data for component 5 for this minibatch is 6.68781
VLOG[3] (nnet-combine-fast[5.5.1137~1-51744]:Propagate():nnet-update.cc:114) Stddev of data for component 4 for this minibatch is 0.623742
VLOG[3] (nnet-combine-fast[5.5.1137~1-51744]:Propagate():nnet-update.cc:114) Stddev of data for component 5 for this minibatch is 6.74502
VLOG[3] (nnet-combine-fast[5.5.1137~1-51744]:Propagate():nnet-update.cc:114) Stddev of data for component 5 for this minibatch is 6.74651
VLOG[3] (nnet-combine-fast[5.5.1137~1-51744]:Propagate():nnet-update.cc:114) Stddev of data for component 5 for this minibatch is 6.69545
VLOG[3] (nnet-combine-fast[5.5.1137~1-51744]:Propagate():nnet-update.cc:114) Stddev of data for component 6 for this minibatch is 0.744398
VLOG[3] (nnet-combine-fast[5.5.1137~1-51744]:Propagate():nnet-update.cc:114) Stddev of data for component 1 for this minibatch is 190.752
VLOG[3] (nnet-combine-fast[5.5.1137~1-51744]:Propagate():nnet-update.cc:114) Stddev of data for component 0 for this minibatch is 187.046
VLOG[3] (nnet-combine-fast[5.5.1137~1-51744]:Propagate():nnet-update.cc:114) Stddev of data for component 7 for this minibatch is 4.59337
VLOG[3] (nnet-combine-fast[5.5.1137~1-51744]:Propagate():nnet-update.cc:114) Stddev of data for component 0 for this minibatch is 185.073
VLOG[3] (nnet-combine-fast[5.5.1137~1-51744]:Propagate():nnet-update.cc:114) Stddev of data for component 1 for this minibatch is 187.046
VLOG[3] (nnet-combine-fast[5.5.1137~1-51744]:Propagate():nnet-update.cc:114) Stddev of data for component 1 for this minibatch is 185.073
VLOG[3] (nnet-combine-fast[5.5.1137~1-51744]:Propagate():nnet-update.cc:114) Stddev of data for component 2 for this minibatch is 0.107463
VLOG[3] (nnet-combine-fast[5.5.1137~1-51744]:Propagate():nnet-update.cc:114) Stddev of data for component 2 for this minibatch is 0.107893
VLOG[3] (nnet-combine-fast[5.5.1137~1-51744]:Propagate():nnet-update.cc:114) Stddev of data for component 3 for this minibatch is 3.65511
VLOG[3] (nnet-combine-fast[5.5.1137~1-51744]:Propagate():nnet-update.cc:114) Stddev of data for component 2 for this minibatch is 0.10229
VLOG[3] (nnet-combine-fast[5.5.1137~1-51744]:Propagate():nnet-update.cc:114) Stddev of data for component 3 for this minibatch is 3.62605
VLOG[3] (nnet-combine-fast[5.5.1137~1-51744]:Propagate():nnet-update.cc:114) Stddev of data for component 3 for this minibatch is 3.38361
VLOG[3] (nnet-combine-fast[5.5.1137~1-51744]:Propagate():nnet-update.cc:114) Stddev of data for component 4 for this minibatch is 0.625938
VLOG[3] (nnet-combine-fast[5.5.1137~1-51744]:Propagate():nnet-update.cc:114) Stddev of data for component 4 for this minibatch is 0.6276
VLOG[3] (nnet-combine-fast[5.5.1137~1-51744]:Propagate():nnet-update.cc:114) Stddev of data for component 5 for this minibatch is 6.66588
VLOG[3] (nnet-combine-fast[5.5.1137~1-51744]:Propagate():nnet-update.cc:114) Stddev of data for component 4 for this minibatch is 0.614321
VLOG[3] (nnet-combine-fast[5.5.1137~1-51744]:Propagate():nnet-update.cc:114) Stddev of data for component 5 for this minibatch is 6.53201
VLOG[3] (nnet-combine-fast[5.5.1137~1-51744]:Propagate():nnet-update.cc:114) Stddev of data for component 5 for this minibatch is 6.66696
VLOG[3] (nnet-combine-fast[5.5.1137~1-51744]:Propagate():nnet-update.cc:114) Stddev of data for component 6 for this minibatch is 0.747222
VLOG[3] (nnet-combine-fast[5.5.1137~1-51744]:Propagate():nnet-update.cc:114) Stddev of data for component 6 for this minibatch is 0.746117
VLOG[3] (nnet-combine-fast[5.5.1137~1-51744]:Propagate():nnet-update.cc:114) Stddev of data for component 7 for this minibatch is 4.60698
VLOG[3] (nnet-combine-fast[5.5.1137~1-51744]:Propagate():nnet-update.cc:114) Stddev of data for component 7 for this minibatch is 4.56983
VLOG[3] (nnet-combine-fast[5.5.1137~1-51744]:Propagate():nnet-update.cc:114) Stddev of data for component 6 for this minibatch is 0.746789
VLOG[3] (nnet-combine-fast[5.5.1137~1-51744]:Propagate():nnet-update.cc:114) Stddev of data for component 7 for this minibatch is 4.66081
VLOG[3] (nnet-combine-fast[5.5.1137~1-51744]:Propagate():nnet-update.cc:114) Stddev of data for component 0 for this minibatch is 170.357
VLOG[3] (nnet-combine-fast[5.5.1137~1-51744]:Propagate():nnet-update.cc:114) Stddev of data for component 1 for this minibatch is 170.357
VLOG[3] (nnet-combine-fast[5.5.1137~1-51744]:Propagate():nnet-update.cc:114) Stddev of data for component 0 for this minibatch is 181.318
VLOG[3] (nnet-combine-fast[5.5.1137~1-51744]:Propagate():nnet-update.cc:114) Stddev of data for component 1 for this minibatch is 181.318
VLOG[3] (nnet-combine-fast[5.5.1137~1-51744]:Propagate():nnet-update.cc:114) Stddev of data for component 2 for this minibatch is 0.0967638
VLOG[3] (nnet-combine-fast[5.5.1137~1-51744]:Propagate():nnet-update.cc:114) Stddev of data for component 3 for this minibatch is 3.27423
VLOG[3] (nnet-combine-fast[5.5.1137~1-51744]:Propagate():nnet-update.cc:114) Stddev of data for component 2 for this minibatch is 0.109109
VLOG[3] (nnet-combine-fast[5.5.1137~1-51744]:Propagate():nnet-update.cc:114) Stddev of data for component 3 for this minibatch is 3.59125
VLOG[3] (nnet-combine-fast[5.5.1137~1-51744]:Propagate():nnet-update.cc:114) Stddev of data for component 4 for this minibatch is 0.613373
VLOG[3] (nnet-combine-fast[5.5.1137~1-51744]:Propagate():nnet-update.cc:114) Stddev of data for component 4 for this minibatch is 0.625753
VLOG[3] (nnet-combine-fast[5.5.1137~1-51744]:Propagate():nnet-update.cc:114) Stddev of data for component 5 for this minibatch is 6.46088
VLOG[3] (nnet-combine-fast[5.5.1137~1-51744]:Propagate():nnet-update.cc:114) Stddev of data for component 5 for this minibatch is 6.6782
VLOG[3] (nnet-combine-fast[5.5.1137~1-51744]:Propagate():nnet-update.cc:114) Stddev of data for component 6 for this minibatch is 0.747477
VLOG[3] (nnet-combine-fast[5.5.1137~1-51744]:Propagate():nnet-update.cc:114) Stddev of data for component 6 for this minibatch is 0.745101
VLOG[3] (nnet-combine-fast[5.5.1137~1-51744]:Propagate():nnet-update.cc:114) Stddev of data for component 7 for this minibatch is 4.47911
VLOG[3] (nnet-combine-fast[5.5.1137~1-51744]:Propagate():nnet-update.cc:114) Stddev of data for component 6 for this minibatch is 0.745636
VLOG[3] (nnet-combine-fast[5.5.1137~1-51744]:Propagate():nnet-update.cc:114) Stddev of data for component 7 for this minibatch is 4.37606
VLOG[3] (nnet-combine-fast[5.5.1137~1-51744]:Propagate():nnet-update.cc:114) Stddev of data for component 0 for this minibatch is 202.741
VLOG[3] (nnet-combine-fast[5.5.1137~1-51744]:Propagate():nnet-update.cc:114) Stddev of data for component 1 for this minibatch is 202.741
VLOG[3] (nnet-combine-fast[5.5.1137~1-51744]:Propagate():nnet-update.cc:114) Stddev of data for component 2 for this minibatch is 0.103521
VLOG[3] (nnet-combine-fast[5.5.1137~1-51744]:Propagate():nnet-update.cc:114) Stddev of data for component 6 for this minibatch is 0.743382
VLOG[3] (nnet-combine-fast[5.5.1137~1-51744]:Propagate():nnet-update.cc:114) Stddev of data for component 3 for this minibatch is 3.64775
VLOG[3] (nnet-combine-fast[5.5.1137~1-51744]:Propagate():nnet-update.cc:114) Stddev of data for component 7 for this minibatch is 4.69241
VLOG[3] (nnet-combine-fast[5.5.1137~1-51744]:Propagate():nnet-update.cc:114) Stddev of data for component 4 for this minibatch is 0.628216
VLOG[3] (nnet-combine-fast[5.5.1137~1-51744]:Propagate():nnet-update.cc:114) Stddev of data for component 5 for this minibatch is 6.8016
VLOG[3] (nnet-combine-fast[5.5.1137~1-51744]:Propagate():nnet-update.cc:114) Stddev of data for component 6 for this minibatch is 0.74814
VLOG[3] (nnet-combine-fast[5.5.1137~1-51744]:Propagate():nnet-update.cc:114) Stddev of data for component 7 for this minibatch is 4.57318
VLOG[3] (nnet-combine-fast[5.5.1137~1-51744]:Propagate():nnet-update.cc:114) Stddev of data for component 0 for this minibatch is 182.394
VLOG[3] (nnet-combine-fast[5.5.1137~1-51744]:Propagate():nnet-update.cc:114) Stddev of data for component 1 for this minibatch is 182.394
VLOG[3] (nnet-combine-fast[5.5.1137~1-51744]:Propagate():nnet-update.cc:114) Stddev of data for component 6 for this minibatch is 0.740844
VLOG[3] (nnet-combine-fast[5.5.1137~1-51744]:Propagate():nnet-update.cc:114) Stddev of data for component 2 for this minibatch is 0.109201
VLOG[3] (nnet-combine-fast[5.5.1137~1-51744]:Propagate():nnet-update.cc:114) Stddev of data for component 7 for this minibatch is 4.65315
VLOG[3] (nnet-combine-fast[5.5.1137~1-51744]:Propagate():nnet-update.cc:114) Stddev of data for component 3 for this minibatch is 3.62748
VLOG[3] (nnet-combine-fast[5.5.1137~1-51744]:Propagate():nnet-update.cc:114) Stddev of data for component 4 for this minibatch is 0.62074
VLOG[3] (nnet-combine-fast[5.5.1137~1-51744]:Propagate():nnet-update.cc:114) Stddev of data for component 5 for this minibatch is 6.77837
VLOG[3] (nnet-combine-fast[5.5.1137~1-51744]:Propagate():nnet-update.cc:114) Stddev of data for component 6 for this minibatch is 0.74169
VLOG[3] (nnet-combine-fast[5.5.1137~1-51744]:Propagate():nnet-update.cc:114) Stddev of data for component 0 for this minibatch is 187.984
VLOG[3] (nnet-combine-fast[5.5.1137~1-51744]:Propagate():nnet-update.cc:114) Stddev of data for component 1 for this minibatch is 187.984
VLOG[3] (nnet-combine-fast[5.5.1137~1-51744]:Propagate():nnet-update.cc:114) Stddev of data for component 2 for this minibatch is 0.10769
VLOG[3] (nnet-combine-fast[5.5.1137~1-51744]:Propagate():nnet-update.cc:114) Stddev of data for component 3 for this minibatch is 3.63253
VLOG[3] (nnet-combine-fast[5.5.1137~1-51744]:Propagate():nnet-update.cc:114) Stddev of data for component 7 for this minibatch is 4.49807
VLOG[3] (nnet-combine-fast[5.5.1137~1-51744]:Propagate():nnet-update.cc:114) Stddev of data for component 4 for this minibatch is 0.625531
VLOG[3] (nnet-combine-fast[5.5.1137~1-51744]:Propagate():nnet-update.cc:114) Stddev of data for component 5 for this minibatch is 6.69178
VLOG[3] (nnet-combine-fast[5.5.1137~1-51744]:Propagate():nnet-update.cc:114) Stddev of data for component 0 for this minibatch is 170.958
VLOG[3] (nnet-combine-fast[5.5.1137~1-51744]:Propagate():nnet-update.cc:114) Stddev of data for component 1 for this minibatch is 170.958
VLOG[3] (nnet-combine-fast[5.5.1137~1-51744]:Propagate():nnet-update.cc:114) Stddev of data for component 6 for this minibatch is 0.746773
VLOG[3] (nnet-combine-fast[5.5.1137~1-51744]:Propagate():nnet-update.cc:114) Stddev of data for component 2 for this minibatch is 0.105555
VLOG[3] (nnet-combine-fast[5.5.1137~1-51744]:Propagate():nnet-update.cc:114) Stddev of data for component 7 for this minibatch is 4.68188
VLOG[3] (nnet-combine-fast[5.5.1137~1-51744]:Propagate():nnet-update.cc:114) Stddev of data for component 3 for this minibatch is 3.4683
VLOG[3] (nnet-combine-fast[5.5.1137~1-51744]:Propagate():nnet-update.cc:114) Stddev of data for component 4 for this minibatch is 0.618254
VLOG[3] (nnet-combine-fast[5.5.1137~1-51744]:Propagate():nnet-update.cc:114) Stddev of data for component 8 for this minibatch is 0.691088
VLOG[2] (nnet-combine-fast[5.5.1137~1-51744]:DoBackpropParallel():nnet-update-parallel.cc:264) Did backprop on 2000 examples, average log-prob per frame is -2.6579
LOG (nnet-combine-fast[5.5.1137~1-51744]:GetInitialModel():combine-nnet-fast.cc:403) Objective functions for the source neural nets are  [ -2.6579 ]

LOG (nnet-combine-fast[5.5.1137~1-51744]:GetInitialParams():combine-nnet-fast.cc:282) Initializing with neural net with index 0
VLOG[2] (nnet-combine-fast[5.5.1137~1-51744]:DoBackpropParallel():nnet-update-parallel.cc:264) Did backprop on 2000 examples, average log-prob per frame is -2.6579
VLOG[2] (nnet-combine-fast[5.5.1137~1-51744]:ComputeObjfAndGradient():combine-nnet-fast.cc:347) Objf is -2.6579, raw gradient is  [ -0.0344817 -0.0336636 -0.0524674 -0.0743831 ]

VLOG[2] (nnet-combine-fast[5.5.1137~1-51744]:DoBackpropParallel():nnet-update-parallel.cc:264) Did backprop on 2000 examples, average log-prob per frame is -2.65321
VLOG[2] (nnet-combine-fast[5.5.1137~1-51744]:ComputeObjfAndGradient():combine-nnet-fast.cc:347) Objf is -2.65321, raw gradient is  [ -0.00404082 0.00356221 0.0194776 0.0219435 ]

VLOG[3] (nnet-combine-fast[5.5.1137~1-51744]:StepSizeIteration():optimization.cc:240) In step size iteration, function value changed -2.6579 to -2.65321
VLOG[3] (nnet-combine-fast[5.5.1137~1-51744]:StepSizeIteration():optimization.cc:323) d = 2, iter = 0, action = accept
VLOG[3] (nnet-combine-fast[5.5.1137~1-51744]:AcceptStep():optimization.cc:194) Accepted step; length was 0.115803, prod was -0.0128332
VLOG[2] (nnet-combine-fast[5.5.1137~1-51744]:DoBackpropParallel():nnet-update-parallel.cc:264) Did backprop on 2000 examples, average log-prob per frame is -2.653
VLOG[2] (nnet-combine-fast[5.5.1137~1-51744]:ComputeObjfAndGradient():combine-nnet-fast.cc:347) Objf is -2.653, raw gradient is  [ 0.00184664 0.000219895 -0.00908592 -0.00625596 ]

VLOG[3] (nnet-combine-fast[5.5.1137~1-51744]:StepSizeIteration():optimization.cc:240) In step size iteration, function value changed -2.65321 to -2.653
VLOG[3] (nnet-combine-fast[5.5.1137~1-51744]:StepSizeIteration():optimization.cc:323) d = 2, iter = 1, action = accept
VLOG[3] (nnet-combine-fast[5.5.1137~1-51744]:AcceptStep():optimization.cc:194) Accepted step; length was 0.0289041, prod was -0.0015539
VLOG[2] (nnet-combine-fast[5.5.1137~1-51744]:DoBackpropParallel():nnet-update-parallel.cc:264) Did backprop on 2000 examples, average log-prob per frame is -2.6529
VLOG[2] (nnet-combine-fast[5.5.1137~1-51744]:ComputeObjfAndGradient():combine-nnet-fast.cc:347) Objf is -2.6529, raw gradient is  [ -0.000729897 -0.000129148 -0.00109229 0.000725057 ]

VLOG[3] (nnet-combine-fast[5.5.1137~1-51744]:StepSizeIteration():optimization.cc:240) In step size iteration, function value changed -2.653 to -2.6529
VLOG[3] (nnet-combine-fast[5.5.1137~1-51744]:StepSizeIteration():optimization.cc:323) d = 2, iter = 2, action = accept
VLOG[3] (nnet-combine-fast[5.5.1137~1-51744]:AcceptStep():optimization.cc:194) Accepted step; length was 0.0097688, prod was -0.000164466
VLOG[2] (nnet-combine-fast[5.5.1137~1-51744]:DoBackpropParallel():nnet-update-parallel.cc:264) Did backprop on 2000 examples, average log-prob per frame is -2.65289
VLOG[2] (nnet-combine-fast[5.5.1137~1-51744]:ComputeObjfAndGradient():combine-nnet-fast.cc:347) Objf is -2.65289, raw gradient is  [ -0.000181433 0.000178612 0.000287796 0.00105153 ]

VLOG[3] (nnet-combine-fast[5.5.1137~1-51744]:StepSizeIteration():optimization.cc:240) In step size iteration, function value changed -2.6529 to -2.65289
VLOG[3] (nnet-combine-fast[5.5.1137~1-51744]:StepSizeIteration():optimization.cc:323) d = 2, iter = 3, action = accept
VLOG[3] (nnet-combine-fast[5.5.1137~1-51744]:AcceptStep():optimization.cc:194) Accepted step; length was 0.00196196, prod was -5.36002e-06
VLOG[2] (nnet-combine-fast[5.5.1137~1-51744]:DoBackpropParallel():nnet-update-parallel.cc:264) Did backprop on 2000 examples, average log-prob per frame is -2.65289
VLOG[2] (nnet-combine-fast[5.5.1137~1-51744]:ComputeObjfAndGradient():combine-nnet-fast.cc:347) Objf is -2.65289, raw gradient is  [ -3.72581e-05 1.87793e-05 0.000105999 0.000323861 ]

VLOG[3] (nnet-combine-fast[5.5.1137~1-51744]:StepSizeIteration():optimization.cc:240) In step size iteration, function value changed -2.65289 to -2.65289
VLOG[3] (nnet-combine-fast[5.5.1137~1-51744]:StepSizeIteration():optimization.cc:323) d = 2, iter = 4, action = accept
VLOG[3] (nnet-combine-fast[5.5.1137~1-51744]:AcceptStep():optimization.cc:194) Accepted step; length was 0.000620001, prod was -3.74077e-07
VLOG[2] (nnet-combine-fast[5.5.1137~1-51744]:DoBackpropParallel():nnet-update-parallel.cc:264) Did backprop on 2000 examples, average log-prob per frame is -2.65289
VLOG[2] (nnet-combine-fast[5.5.1137~1-51744]:ComputeObjfAndGradient():combine-nnet-fast.cc:347) Objf is -2.65289, raw gradient is  [ 6.44588e-06 1.18799e-05 -1.513e-06 -1.50108e-05 ]

VLOG[3] (nnet-combine-fast[5.5.1137~1-51744]:StepSizeIteration():optimization.cc:240) In step size iteration, function value changed -2.65289 to -2.65289
VLOG[3] (nnet-combine-fast[5.5.1137~1-51744]:StepSizeIteration():optimization.cc:323) d = 2, iter = 5, action = accept
VLOG[3] (nnet-combine-fast[5.5.1137~1-51744]:AcceptStep():optimization.cc:194) Accepted step; length was 0.000225099, prod was -5.27351e-08
VLOG[2] (nnet-combine-fast[5.5.1137~1-51744]:DoBackpropParallel():nnet-update-parallel.cc:264) Did backprop on 2000 examples, average log-prob per frame is -2.65289
VLOG[2] (nnet-combine-fast[5.5.1137~1-51744]:ComputeObjfAndGradient():combine-nnet-fast.cc:347) Objf is -2.65289, raw gradient is  [ 2.86102e-09 -9.7084e-07 -4.63486e-07 -5.95093e-07 ]

VLOG[3] (nnet-combine-fast[5.5.1137~1-51744]:StepSizeIteration():optimization.cc:240) In step size iteration, function value changed -2.65289 to -2.65289
VLOG[3] (nnet-combine-fast[5.5.1137~1-51744]:StepSizeIteration():optimization.cc:323) d = 2, iter = 6, action = decrease
VLOG[2] (nnet-combine-fast[5.5.1137~1-51744]:DoBackpropParallel():nnet-update-parallel.cc:264) Did backprop on 2000 examples, average log-prob per frame is -2.65289
VLOG[2] (nnet-combine-fast[5.5.1137~1-51744]:ComputeObjfAndGradient():combine-nnet-fast.cc:347) Objf is -2.65289, raw gradient is  [ 3.24345e-06 5.46503e-06 -9.41753e-07 -7.72834e-06 ]

VLOG[3] (nnet-combine-fast[5.5.1137~1-51744]:StepSizeIteration():optimization.cc:240) In step size iteration, function value changed -2.65289 to -2.65289
VLOG[3] (nnet-combine-fast[5.5.1137~1-51744]:StepSizeIteration():optimization.cc:323) d = 2, iter = 6, action = decrease
VLOG[2] (nnet-combine-fast[5.5.1137~1-51744]:DoBackpropParallel():nnet-update-parallel.cc:264) Did backprop on 2000 examples, average log-prob per frame is -2.65289
VLOG[2] (nnet-combine-fast[5.5.1137~1-51744]:ComputeObjfAndGradient():combine-nnet-fast.cc:347) Objf is -2.65289, raw gradient is  [ 4.84562e-06 8.66127e-06 -1.18065e-06 -1.11678e-05 ]

VLOG[3] (nnet-combine-fast[5.5.1137~1-51744]:StepSizeIteration():optimization.cc:240) In step size iteration, function value changed -2.65289 to -2.65289
VLOG[3] (nnet-combine-fast[5.5.1137~1-51744]:StepSizeIteration():optimization.cc:323) d = 2, iter = 6, action = decrease
LOG (nnet-combine-fast[5.5.1137~1-51744]:ComputeCurrentNnet():combine-nnet-fast.cc:373) Scale parameters are  [
  0.972741 0.920009 0.878423 1.01636 ]

LOG (nnet-combine-fast[5.5.1137~1-51744]:FastNnetCombiner():combine-nnet-fast.cc:152) Combining nnets, objf per frame changed from -2.6579 to -2.65289
LOG (nnet-combine-fast[5.5.1137~1-51744]:main():nnet-combine-fast.cc:124) Finished combining neural nets, wrote model to exp_FG/DNN_tri_8_2000_aligned_layer3_nodes256/66.mdl
# Accounting: time=3 threads=1
# Ended (code 0) at Wed Aug 28 01:50:11 IST 2024, elapsed time 3 seconds
