# nnet-shuffle-egs --buffer-size=5000 --srand=2 ark:exp_FG/DNN_tri_8_2000_aligned_layer3_nodes256/egs/egs.2.2.ark ark:- | nnet-train-parallel --num-threads=16 --minibatch-size=128 --srand=2 exp_FG/DNN_tri_8_2000_aligned_layer3_nodes256/2.mdl ark:- exp_FG/DNN_tri_8_2000_aligned_layer3_nodes256/3.2.mdl 
# Started at Wed Aug 28 00:18:58 IST 2024
#
nnet-shuffle-egs --buffer-size=5000 --srand=2 ark:exp_FG/DNN_tri_8_2000_aligned_layer3_nodes256/egs/egs.2.2.ark ark:- 
nnet-train-parallel --num-threads=16 --minibatch-size=128 --srand=2 exp_FG/DNN_tri_8_2000_aligned_layer3_nodes256/2.mdl ark:- exp_FG/DNN_tri_8_2000_aligned_layer3_nodes256/3.2.mdl 
LOG (nnet-train-parallel[5.5.1137~1-51744]:GetScalingFactor():nnet-component.cc:1536) Limiting step size to 10 using scaling factor 0.961478, for component index 6
LOG (nnet-train-parallel[5.5.1137~1-51744]:GetScalingFactor():nnet-component.cc:1536) Limiting step size to 10 using scaling factor 0.993981, for component index 6
LOG (nnet-train-parallel[5.5.1137~1-51744]:GetScalingFactor():nnet-component.cc:1536) Limiting step size to 10 using scaling factor 0.997444, for component index 6
LOG (nnet-train-parallel[5.5.1137~1-51744]:GetScalingFactor():nnet-component.cc:1536) Limiting step size to 10 using scaling factor 0.998866, for component index 6
LOG (nnet-train-parallel[5.5.1137~1-51744]:GetScalingFactor():nnet-component.cc:1536) Limiting step size to 10 using scaling factor 0.979679, for component index 6
LOG (nnet-train-parallel[5.5.1137~1-51744]:GetScalingFactor():nnet-component.cc:1536) Limiting step size to 10 using scaling factor 0.974164, for component index 6
LOG (nnet-train-parallel[5.5.1137~1-51744]:GetScalingFactor():nnet-component.cc:1536) Limiting step size to 10 using scaling factor 0.9772, for component index 6
LOG (nnet-train-parallel[5.5.1137~1-51744]:GetScalingFactor():nnet-component.cc:1536) Limiting step size to 10 using scaling factor 0.99047, for component index 6
LOG (nnet-train-parallel[5.5.1137~1-51744]:GetScalingFactor():nnet-component.cc:1536) Limiting step size to 10 using scaling factor 0.985985, for component index 6
LOG (nnet-train-parallel[5.5.1137~1-51744]:GetScalingFactor():nnet-component.cc:1536) Limiting step size to 10 using scaling factor 0.977423, for component index 6
LOG (nnet-shuffle-egs[5.5.1137~1-51744]:main():nnet-shuffle-egs.cc:104) Shuffled order of 182943 neural-network training examples using a buffer (partial randomization)
LOG (nnet-train-parallel[5.5.1137~1-51744]:DoBackpropParallel():nnet-update-parallel.cc:194) Did backprop on 182943 examples, average log-prob per frame is -3.43448
LOG (nnet-train-parallel[5.5.1137~1-51744]:DoBackpropParallel():nnet-update-parallel.cc:196) [this line is to be parsed by a script:] log-prob-per-frame=-3.43448
LOG (nnet-train-parallel[5.5.1137~1-51744]:main():nnet-train-parallel.cc:102) Finished training, processed 182943 training examples (weighted).  Wrote model to exp_FG/DNN_tri_8_2000_aligned_layer3_nodes256/3.2.mdl
# Accounting: time=54 threads=1
# Ended (code 0) at Wed Aug 28 00:19:52 IST 2024, elapsed time 54 seconds
