# nnet-shuffle-egs --buffer-size=5000 --srand=0 ark:exp_FG/DNN_tri_8_2000_aligned_layer3_nodes256/egs/egs.1.0.ark ark:- | nnet-train-parallel --num-threads=16 --minibatch-size=128 --srand=0 exp_FG/DNN_tri_8_2000_aligned_layer3_nodes256/0.mdl ark:- exp_FG/DNN_tri_8_2000_aligned_layer3_nodes256/1.1.mdl 
# Started at Wed Aug 28 00:17:20 IST 2024
#
nnet-shuffle-egs --buffer-size=5000 --srand=0 ark:exp_FG/DNN_tri_8_2000_aligned_layer3_nodes256/egs/egs.1.0.ark ark:- 
nnet-train-parallel --num-threads=16 --minibatch-size=128 --srand=0 exp_FG/DNN_tri_8_2000_aligned_layer3_nodes256/0.mdl ark:- exp_FG/DNN_tri_8_2000_aligned_layer3_nodes256/1.1.mdl 
LOG (nnet-train-parallel[5.5.1137~1-51744]:GetScalingFactor():nnet-component.cc:1536) Limiting step size to 10 using scaling factor 0.829588, for component index 4
LOG (nnet-train-parallel[5.5.1137~1-51744]:GetScalingFactor():nnet-component.cc:1536) Limiting step size to 10 using scaling factor 0.845535, for component index 4
LOG (nnet-train-parallel[5.5.1137~1-51744]:GetScalingFactor():nnet-component.cc:1536) Limiting step size to 10 using scaling factor 0.840149, for component index 4
LOG (nnet-train-parallel[5.5.1137~1-51744]:GetScalingFactor():nnet-component.cc:1536) Limiting step size to 10 using scaling factor 0.804119, for component index 4
LOG (nnet-train-parallel[5.5.1137~1-51744]:GetScalingFactor():nnet-component.cc:1536) Limiting step size to 10 using scaling factor 0.837319, for component index 4
LOG (nnet-train-parallel[5.5.1137~1-51744]:GetScalingFactor():nnet-component.cc:1536) Limiting step size to 10 using scaling factor 0.828523, for component index 4
LOG (nnet-train-parallel[5.5.1137~1-51744]:GetScalingFactor():nnet-component.cc:1536) Limiting step size to 10 using scaling factor 0.815242, for component index 4
LOG (nnet-train-parallel[5.5.1137~1-51744]:GetScalingFactor():nnet-component.cc:1536) Limiting step size to 10 using scaling factor 0.822907, for component index 4
LOG (nnet-train-parallel[5.5.1137~1-51744]:GetScalingFactor():nnet-component.cc:1536) Limiting step size to 10 using scaling factor 0.839691, for component index 4
LOG (nnet-train-parallel[5.5.1137~1-51744]:GetScalingFactor():nnet-component.cc:1536) Limiting step size to 10 using scaling factor 0.81187, for component index 4
LOG (nnet-shuffle-egs[5.5.1137~1-51744]:main():nnet-shuffle-egs.cc:104) Shuffled order of 182943 neural-network training examples using a buffer (partial randomization)
LOG (nnet-train-parallel[5.5.1137~1-51744]:DoBackpropParallel():nnet-update-parallel.cc:194) Did backprop on 182943 examples, average log-prob per frame is -4.00448
LOG (nnet-train-parallel[5.5.1137~1-51744]:DoBackpropParallel():nnet-update-parallel.cc:196) [this line is to be parsed by a script:] log-prob-per-frame=-4.00448
LOG (nnet-train-parallel[5.5.1137~1-51744]:main():nnet-train-parallel.cc:102) Finished training, processed 182943 training examples (weighted).  Wrote model to exp_FG/DNN_tri_8_2000_aligned_layer3_nodes256/1.1.mdl
# Accounting: time=43 threads=1
# Ended (code 0) at Wed Aug 28 00:18:03 IST 2024, elapsed time 43 seconds
