# lattice-depth-per-frame "ark:gunzip -c exp_FG/DNN_tri_8_2000_aligned_layer3_nodes256/decode/lat.4.gz|" "ark,t:|gzip -c > exp_FG/DNN_tri_8_2000_aligned_layer3_nodes256/decode/depth_tmp.4.gz" ark:- | lattice-best-path --acoustic-scale=0.1 ark:- ark:/dev/null "ark,t:|gzip -c >exp_FG/DNN_tri_8_2000_aligned_layer3_nodes256/decode/ali_tmp.4.gz" 
# Started at Wed Aug 28 02:31:15 IST 2024
#
lattice-depth-per-frame 'ark:gunzip -c exp_FG/DNN_tri_8_2000_aligned_layer3_nodes256/decode/lat.4.gz|' 'ark,t:|gzip -c > exp_FG/DNN_tri_8_2000_aligned_layer3_nodes256/decode/depth_tmp.4.gz' ark:- 
lattice-best-path --acoustic-scale=0.1 ark:- ark:/dev/null 'ark,t:|gzip -c >exp_FG/DNN_tri_8_2000_aligned_layer3_nodes256/decode/ali_tmp.4.gz' 
LOG (lattice-best-path[5.5.1137~1-51744]:main():lattice-best-path.cc:99) For utterance MSU293, best cost 25.3883 + -80.4389 = -55.0506 over 300 frames.
LOG (lattice-best-path[5.5.1137~1-51744]:main():lattice-best-path.cc:99) For utterance MSU294, best cost 24.0129 + -78.0526 = -54.0396 over 294 frames.
LOG (lattice-best-path[5.5.1137~1-51744]:main():lattice-best-path.cc:99) For utterance MSU295, best cost 24.8209 + -113.01 = -88.1888 over 336 frames.
LOG (lattice-best-path[5.5.1137~1-51744]:main():lattice-best-path.cc:99) For utterance MSU296, best cost 31.1872 + -107.02 = -75.833 over 371 frames.
LOG (lattice-best-path[5.5.1137~1-51744]:main():lattice-best-path.cc:99) For utterance MSU297, best cost 27.3007 + -99.002 = -71.7012 over 343 frames.
LOG (lattice-best-path[5.5.1137~1-51744]:main():lattice-best-path.cc:99) For utterance MSU298, best cost 21.7348 + -61.5842 = -39.8493 over 249 frames.
LOG (lattice-best-path[5.5.1137~1-51744]:main():lattice-best-path.cc:99) For utterance MSU299, best cost 21.6996 + -57.8667 = -36.167 over 210 frames.
LOG (lattice-best-path[5.5.1137~1-51744]:main():lattice-best-path.cc:99) For utterance MSU300, best cost 30.8019 + -127.982 = -97.1801 over 392 frames.
LOG (lattice-best-path[5.5.1137~1-51744]:main():lattice-best-path.cc:99) For utterance MSU301, best cost 28.8922 + -92.2815 = -63.3893 over 359 frames.
LOG (lattice-best-path[5.5.1137~1-51744]:main():lattice-best-path.cc:99) For utterance MSU302, best cost 25.8044 + -80.2976 = -54.4933 over 314 frames.
LOG (lattice-best-path[5.5.1137~1-51744]:main():lattice-best-path.cc:99) For utterance MSU303, best cost 27.333 + -94.0898 = -66.7568 over 349 frames.
LOG (lattice-best-path[5.5.1137~1-51744]:main():lattice-best-path.cc:99) For utterance MSU304, best cost 31.5341 + -107.195 = -75.6611 over 446 frames.
LOG (lattice-best-path[5.5.1137~1-51744]:main():lattice-best-path.cc:99) For utterance MSU305, best cost 32.8818 + -95.0238 = -62.142 over 390 frames.
LOG (lattice-best-path[5.5.1137~1-51744]:main():lattice-best-path.cc:99) For utterance MSU306, best cost 27.7884 + -86.3716 = -58.5833 over 323 frames.
LOG (lattice-best-path[5.5.1137~1-51744]:main():lattice-best-path.cc:99) For utterance MSU307, best cost 36.2868 + -75.2158 = -38.929 over 252 frames.
LOG (lattice-best-path[5.5.1137~1-51744]:main():lattice-best-path.cc:99) For utterance MSU308, best cost 21.1156 + -70.3033 = -49.1878 over 223 frames.
LOG (lattice-best-path[5.5.1137~1-51744]:main():lattice-best-path.cc:99) For utterance MSU309, best cost 26.8496 + -85.2394 = -58.3898 over 307 frames.
LOG (lattice-best-path[5.5.1137~1-51744]:main():lattice-best-path.cc:99) For utterance MSU310, best cost 26.5567 + -115.929 = -89.3719 over 325 frames.
LOG (lattice-best-path[5.5.1137~1-51744]:main():lattice-best-path.cc:99) For utterance MSU311, best cost 34.662 + -116.691 = -82.0293 over 452 frames.
LOG (lattice-best-path[5.5.1137~1-51744]:main():lattice-best-path.cc:99) For utterance MSU312, best cost 31.4389 + -98.4739 = -67.035 over 342 frames.
LOG (lattice-best-path[5.5.1137~1-51744]:main():lattice-best-path.cc:99) For utterance MSU313, best cost 24.6912 + -78.4532 = -53.7621 over 282 frames.
LOG (lattice-best-path[5.5.1137~1-51744]:main():lattice-best-path.cc:99) For utterance MSU314, best cost 23.9381 + -60.7412 = -36.8031 over 258 frames.
LOG (lattice-best-path[5.5.1137~1-51744]:main():lattice-best-path.cc:99) For utterance MSU315, best cost 26.3984 + -106.295 = -79.8967 over 378 frames.
LOG (lattice-best-path[5.5.1137~1-51744]:main():lattice-best-path.cc:99) For utterance MSU316, best cost 27.6394 + -112.079 = -84.4394 over 353 frames.
LOG (lattice-best-path[5.5.1137~1-51744]:main():lattice-best-path.cc:99) For utterance MSU317, best cost 24.8753 + -97.1981 = -72.3228 over 319 frames.
LOG (lattice-best-path[5.5.1137~1-51744]:main():lattice-best-path.cc:99) For utterance MSU318, best cost 21.7509 + -83.1938 = -61.4429 over 272 frames.
LOG (lattice-best-path[5.5.1137~1-51744]:main():lattice-best-path.cc:99) For utterance MSU319, best cost 25.3243 + -81.6325 = -56.3083 over 323 frames.
LOG (lattice-best-path[5.5.1137~1-51744]:main():lattice-best-path.cc:99) For utterance MSU320, best cost 21.9443 + -74.7011 = -52.7568 over 238 frames.
LOG (lattice-best-path[5.5.1137~1-51744]:main():lattice-best-path.cc:99) For utterance MSU321, best cost 30.3293 + -109.92 = -79.5909 over 428 frames.
LOG (lattice-best-path[5.5.1137~1-51744]:main():lattice-best-path.cc:99) For utterance MSU322, best cost 23.1342 + -80.2268 = -57.0926 over 303 frames.
LOG (lattice-best-path[5.5.1137~1-51744]:main():lattice-best-path.cc:99) For utterance MSU323, best cost 29.139 + -81.1068 = -51.9678 over 379 frames.
LOG (lattice-best-path[5.5.1137~1-51744]:main():lattice-best-path.cc:99) For utterance MSU324, best cost 28.3039 + -71.4056 = -43.1017 over 325 frames.
LOG (lattice-best-path[5.5.1137~1-51744]:main():lattice-best-path.cc:99) For utterance MSU325, best cost 25.3053 + -82.3591 = -57.0538 over 317 frames.
LOG (lattice-best-path[5.5.1137~1-51744]:main():lattice-best-path.cc:99) For utterance MSU326, best cost 26.7763 + -82.9966 = -56.2203 over 327 frames.
LOG (lattice-best-path[5.5.1137~1-51744]:main():lattice-best-path.cc:99) For utterance MSU327, best cost 26.5739 + -91.6046 = -65.0307 over 309 frames.
LOG (lattice-best-path[5.5.1137~1-51744]:main():lattice-best-path.cc:99) For utterance MSU328, best cost 29.8446 + -135.106 = -105.261 over 407 frames.
LOG (lattice-best-path[5.5.1137~1-51744]:main():lattice-best-path.cc:99) For utterance MSU329, best cost 21.9687 + -80.1736 = -58.2049 over 254 frames.
LOG (lattice-best-path[5.5.1137~1-51744]:main():lattice-best-path.cc:99) For utterance MSU330, best cost 26.228 + -98.8437 = -72.6157 over 340 frames.
LOG (lattice-best-path[5.5.1137~1-51744]:main():lattice-best-path.cc:99) For utterance MSU331, best cost 21.9091 + -72.7986 = -50.8895 over 240 frames.
LOG (lattice-best-path[5.5.1137~1-51744]:main():lattice-best-path.cc:99) For utterance MSU332, best cost 24.3514 + -87.3237 = -62.9723 over 278 frames.
LOG (lattice-best-path[5.5.1137~1-51744]:main():lattice-best-path.cc:99) For utterance MSU333, best cost 25.8572 + -86.9884 = -61.1312 over 312 frames.
LOG (lattice-best-path[5.5.1137~1-51744]:main():lattice-best-path.cc:99) For utterance MSU334, best cost 25.3879 + -72.6654 = -47.2775 over 269 frames.
LOG (lattice-best-path[5.5.1137~1-51744]:main():lattice-best-path.cc:99) For utterance MSU335, best cost 19.2364 + -45.1817 = -25.9453 over 161 frames.
LOG (lattice-best-path[5.5.1137~1-51744]:main():lattice-best-path.cc:99) For utterance MSU336, best cost 24.1433 + -84.4095 = -60.2663 over 289 frames.
LOG (lattice-best-path[5.5.1137~1-51744]:main():lattice-best-path.cc:99) For utterance MSU337, best cost 24.0777 + -76.1431 = -52.0654 over 274 frames.
LOG (lattice-best-path[5.5.1137~1-51744]:main():lattice-best-path.cc:99) For utterance MSU338, best cost 23.276 + -83.4114 = -60.1354 over 274 frames.
LOG (lattice-best-path[5.5.1137~1-51744]:main():lattice-best-path.cc:99) For utterance MSU339, best cost 20.5098 + -60.0688 = -39.5589 over 213 frames.
LOG (lattice-best-path[5.5.1137~1-51744]:main():lattice-best-path.cc:99) For utterance MSU340, best cost 55.4523 + -101.155 = -45.7024 over 338 frames.
LOG (lattice-best-path[5.5.1137~1-51744]:main():lattice-best-path.cc:99) For utterance MSU341, best cost 22.3014 + -68.3961 = -46.0948 over 244 frames.
LOG (lattice-best-path[5.5.1137~1-51744]:main():lattice-best-path.cc:99) For utterance MSU342, best cost 22.265 + -64.8026 = -42.5376 over 240 frames.
LOG (lattice-best-path[5.5.1137~1-51744]:main():lattice-best-path.cc:99) For utterance MSU343, best cost 27.4541 + -88.4667 = -61.0125 over 310 frames.
LOG (lattice-best-path[5.5.1137~1-51744]:main():lattice-best-path.cc:99) For utterance MSU344, best cost 22.1399 + -67.6464 = -45.5066 over 228 frames.
LOG (lattice-best-path[5.5.1137~1-51744]:main():lattice-best-path.cc:99) For utterance MSU345, best cost 26.8538 + -85.8707 = -59.0169 over 307 frames.
LOG (lattice-best-path[5.5.1137~1-51744]:main():lattice-best-path.cc:99) For utterance MSU346, best cost 22.1767 + -65.7544 = -43.5777 over 224 frames.
LOG (lattice-best-path[5.5.1137~1-51744]:main():lattice-best-path.cc:99) For utterance MSU347, best cost 23.4384 + -65.7659 = -42.3275 over 254 frames.
LOG (lattice-best-path[5.5.1137~1-51744]:main():lattice-best-path.cc:99) For utterance MSU348, best cost 22.8632 + -70.8381 = -47.9749 over 252 frames.
LOG (lattice-best-path[5.5.1137~1-51744]:main():lattice-best-path.cc:99) For utterance MSU349, best cost 25.804 + -94.1658 = -68.3618 over 296 frames.
LOG (lattice-best-path[5.5.1137~1-51744]:main():lattice-best-path.cc:99) For utterance MSU350, best cost 27.8514 + -94.9061 = -67.0547 over 326 frames.
LOG (lattice-best-path[5.5.1137~1-51744]:main():lattice-best-path.cc:99) For utterance MSU351, best cost 51.0096 + -104.512 = -53.5021 over 309 frames.
LOG (lattice-best-path[5.5.1137~1-51744]:main():lattice-best-path.cc:99) For utterance MSU352, best cost 22.8225 + -72.4758 = -49.6533 over 266 frames.
LOG (lattice-best-path[5.5.1137~1-51744]:main():lattice-best-path.cc:99) For utterance MSU353, best cost 25.446 + -82.9987 = -57.5527 over 300 frames.
LOG (lattice-best-path[5.5.1137~1-51744]:main():lattice-best-path.cc:99) For utterance MSU354, best cost 31.8374 + -115.743 = -83.9058 over 410 frames.
LOG (lattice-best-path[5.5.1137~1-51744]:main():lattice-best-path.cc:99) For utterance MSU355, best cost 23.887 + -79.1288 = -55.2418 over 269 frames.
LOG (lattice-best-path[5.5.1137~1-51744]:main():lattice-best-path.cc:99) For utterance MSU356, best cost 22.2924 + -81.2981 = -59.0057 over 265 frames.
LOG (lattice-best-path[5.5.1137~1-51744]:main():lattice-best-path.cc:99) For utterance MSU357, best cost 22.0579 + -79.9037 = -57.8458 over 277 frames.
LOG (lattice-best-path[5.5.1137~1-51744]:main():lattice-best-path.cc:99) For utterance MSU358, best cost 21.9094 + -61.4788 = -39.5694 over 238 frames.
LOG (lattice-best-path[5.5.1137~1-51744]:main():lattice-best-path.cc:99) For utterance MSU359, best cost 27.3129 + -86.3653 = -59.0525 over 325 frames.
LOG (lattice-best-path[5.5.1137~1-51744]:main():lattice-best-path.cc:99) For utterance MSU360, best cost 21.0233 + -54.0938 = -33.0705 over 203 frames.
LOG (lattice-best-path[5.5.1137~1-51744]:main():lattice-best-path.cc:99) For utterance MSU361, best cost 20.0137 + -61.055 = -41.0413 over 204 frames.
LOG (lattice-best-path[5.5.1137~1-51744]:main():lattice-best-path.cc:99) For utterance MSU362, best cost 22.022 + -59.4006 = -37.3786 over 288 frames.
LOG (lattice-best-path[5.5.1137~1-51744]:main():lattice-best-path.cc:99) For utterance MSU363, best cost 50.4459 + -75.5493 = -25.1034 over 255 frames.
LOG (lattice-best-path[5.5.1137~1-51744]:main():lattice-best-path.cc:99) For utterance MSU364, best cost 24.0948 + -55.3794 = -31.2845 over 248 frames.
LOG (lattice-best-path[5.5.1137~1-51744]:main():lattice-best-path.cc:99) For utterance MSU365, best cost 38.3876 + -87.4722 = -49.0846 over 271 frames.
LOG (lattice-best-path[5.5.1137~1-51744]:main():lattice-best-path.cc:99) For utterance MVI293, best cost 45.4884 + -101.828 = -56.3397 over 427 frames.
LOG (lattice-best-path[5.5.1137~1-51744]:main():lattice-best-path.cc:99) For utterance MVI294, best cost 22.7413 + -63.8868 = -41.1455 over 233 frames.
LOG (lattice-best-path[5.5.1137~1-51744]:main():lattice-best-path.cc:99) For utterance MVI295, best cost 24.1263 + -117.024 = -92.8973 over 288 frames.
LOG (lattice-best-path[5.5.1137~1-51744]:main():lattice-best-path.cc:99) For utterance MVI296, best cost 29.0647 + -74.2914 = -45.2267 over 288 frames.
LOG (lattice-best-path[5.5.1137~1-51744]:main():lattice-best-path.cc:99) For utterance MVI297, best cost 27.1357 + -71.7545 = -44.6189 over 293 frames.
LOG (lattice-best-path[5.5.1137~1-51744]:main():lattice-best-path.cc:99) For utterance MVI298, best cost 24.1694 + -75.8183 = -51.649 over 287 frames.
LOG (lattice-best-path[5.5.1137~1-51744]:main():lattice-best-path.cc:99) For utterance MVI299, best cost 25.7501 + -76.949 = -51.1989 over 292 frames.
LOG (lattice-best-path[5.5.1137~1-51744]:main():lattice-best-path.cc:99) For utterance MVI300, best cost 45.0836 + -84.2234 = -39.1398 over 329 frames.
LOG (lattice-best-path[5.5.1137~1-51744]:main():lattice-best-path.cc:99) For utterance MVI301, best cost 29.1472 + -109.558 = -80.4104 over 373 frames.
LOG (lattice-best-path[5.5.1137~1-51744]:main():lattice-best-path.cc:99) For utterance MVI302, best cost 34.8984 + -72.3874 = -37.489 over 302 frames.
LOG (lattice-best-path[5.5.1137~1-51744]:main():lattice-best-path.cc:99) For utterance MVI303, best cost 24.5336 + -63.8046 = -39.2709 over 243 frames.
LOG (lattice-best-path[5.5.1137~1-51744]:main():lattice-best-path.cc:99) For utterance MVI304, best cost 32.581 + -82.063 = -49.482 over 393 frames.
LOG (lattice-best-path[5.5.1137~1-51744]:main():lattice-best-path.cc:99) For utterance MVI305, best cost 34.4781 + -94.7971 = -60.319 over 431 frames.
LOG (lattice-best-path[5.5.1137~1-51744]:main():lattice-best-path.cc:99) For utterance MVI306, best cost 27.4605 + -81.0729 = -53.6124 over 306 frames.
LOG (lattice-best-path[5.5.1137~1-51744]:main():lattice-best-path.cc:99) For utterance MVI307, best cost 27.0005 + -85.1389 = -58.1384 over 333 frames.
LOG (lattice-best-path[5.5.1137~1-51744]:main():lattice-best-path.cc:99) For utterance MVI308, best cost 36.4803 + -61.4678 = -24.9876 over 184 frames.
LOG (lattice-best-path[5.5.1137~1-51744]:main():lattice-best-path.cc:99) For utterance MVI309, best cost 29.3176 + -87.1585 = -57.8409 over 339 frames.
LOG (lattice-best-path[5.5.1137~1-51744]:main():lattice-best-path.cc:99) For utterance MVI310, best cost 26.3024 + -67.4296 = -41.1272 over 279 frames.
LOG (lattice-best-path[5.5.1137~1-51744]:main():lattice-best-path.cc:99) For utterance MVI311, best cost 34.1056 + -124.963 = -90.8572 over 431 frames.
LOG (lattice-best-path[5.5.1137~1-51744]:main():lattice-best-path.cc:99) For utterance MVI312, best cost 32.0141 + -87.3912 = -55.3771 over 326 frames.
LOG (lattice-best-path[5.5.1137~1-51744]:main():lattice-best-path.cc:99) For utterance MVI313, best cost 25.1024 + -93.0125 = -67.91 over 281 frames.
LOG (lattice-best-path[5.5.1137~1-51744]:main():lattice-best-path.cc:99) For utterance MVI314, best cost 24.219 + -79.8971 = -55.6781 over 273 frames.
LOG (lattice-best-path[5.5.1137~1-51744]:main():lattice-best-path.cc:99) For utterance MVI315, best cost 40.0516 + -73.3137 = -33.262 over 256 frames.
LOG (lattice-best-path[5.5.1137~1-51744]:main():lattice-best-path.cc:99) For utterance MVI316, best cost 26.8802 + -101.501 = -74.621 over 305 frames.
LOG (lattice-best-path[5.5.1137~1-51744]:main():lattice-best-path.cc:99) For utterance MVI317, best cost 24.0922 + -96.1343 = -72.0421 over 280 frames.
LOG (lattice-best-path[5.5.1137~1-51744]:main():lattice-best-path.cc:99) For utterance MVI318, best cost 23.31 + -94.3691 = -71.0592 over 271 frames.
LOG (lattice-best-path[5.5.1137~1-51744]:main():lattice-best-path.cc:99) For utterance MVI319, best cost 22.3163 + -58.1523 = -35.836 over 231 frames.
LOG (lattice-best-path[5.5.1137~1-51744]:main():lattice-best-path.cc:99) For utterance MVI320, best cost 21.2825 + -69.17 = -47.8874 over 208 frames.
LOG (lattice-best-path[5.5.1137~1-51744]:main():lattice-best-path.cc:99) For utterance MVI321, best cost 31.0716 + -100.27 = -69.198 over 393 frames.
LOG (lattice-best-path[5.5.1137~1-51744]:main():lattice-best-path.cc:99) For utterance MVI322, best cost 24.6231 + -78.4704 = -53.8474 over 281 frames.
LOG (lattice-best-path[5.5.1137~1-51744]:main():lattice-best-path.cc:99) For utterance MVI323, best cost 31.4138 + -112.668 = -81.2543 over 386 frames.
LOG (lattice-best-path[5.5.1137~1-51744]:main():lattice-best-path.cc:99) For utterance MVI324, best cost 31.1195 + -98.0031 = -66.8836 over 364 frames.
LOG (lattice-best-path[5.5.1137~1-51744]:main():lattice-best-path.cc:99) For utterance MVI325, best cost 26.3057 + -85.3301 = -59.0244 over 286 frames.
LOG (lattice-best-path[5.5.1137~1-51744]:main():lattice-best-path.cc:99) For utterance MVI326, best cost 60.7113 + -106.38 = -45.6687 over 372 frames.
LOG (lattice-best-path[5.5.1137~1-51744]:main():lattice-best-path.cc:99) For utterance MVI327, best cost 28.1263 + -109.205 = -81.0788 over 320 frames.
LOG (lattice-best-path[5.5.1137~1-51744]:main():lattice-best-path.cc:99) For utterance MVI328, best cost 28.095 + -101.357 = -73.2617 over 293 frames.
LOG (lattice-best-path[5.5.1137~1-51744]:main():lattice-best-path.cc:99) For utterance MVI329, best cost 38.7999 + -77.1946 = -38.3946 over 235 frames.
LOG (lattice-best-path[5.5.1137~1-51744]:main():lattice-best-path.cc:99) For utterance MVI330, best cost 25.6732 + -87.1526 = -61.4794 over 297 frames.
LOG (lattice-best-path[5.5.1137~1-51744]:main():lattice-best-path.cc:99) For utterance MVI331, best cost 37.6252 + -76.1307 = -38.5055 over 210 frames.
LOG (lattice-best-path[5.5.1137~1-51744]:main():lattice-best-path.cc:99) For utterance MVI332, best cost 24.0629 + -67.6038 = -43.5409 over 239 frames.
LOG (lattice-best-path[5.5.1137~1-51744]:main():lattice-best-path.cc:99) For utterance MVI333, best cost 24.3612 + -68.8614 = -44.5002 over 255 frames.
LOG (lattice-best-path[5.5.1137~1-51744]:main():lattice-best-path.cc:99) For utterance MVI334, best cost 26.3671 + -72.7601 = -46.393 over 269 frames.
LOG (lattice-best-path[5.5.1137~1-51744]:main():lattice-best-path.cc:99) For utterance MVI335, best cost 20.2382 + -61.173 = -40.9348 over 188 frames.
LOG (lattice-best-path[5.5.1137~1-51744]:main():lattice-best-path.cc:99) For utterance MVI336, best cost 21.544 + -62.7043 = -41.1602 over 213 frames.
LOG (lattice-best-path[5.5.1137~1-51744]:main():lattice-best-path.cc:99) For utterance MVI337, best cost 24.3934 + -81.3753 = -56.9818 over 281 frames.
LOG (lattice-best-path[5.5.1137~1-51744]:main():lattice-best-path.cc:99) For utterance MVI338, best cost 23.3166 + -61.8224 = -38.5058 over 222 frames.
LOG (lattice-best-path[5.5.1137~1-51744]:main():lattice-best-path.cc:99) For utterance MVI339, best cost 21.4023 + -87.9396 = -66.5374 over 226 frames.
LOG (lattice-best-path[5.5.1137~1-51744]:main():lattice-best-path.cc:99) For utterance MVI340, best cost 28.6364 + -78.6323 = -49.9959 over 359 frames.
LOG (lattice-best-path[5.5.1137~1-51744]:main():lattice-best-path.cc:99) For utterance MVI341, best cost 22.6469 + -58.0117 = -35.3648 over 226 frames.
LOG (lattice-best-path[5.5.1137~1-51744]:main():lattice-best-path.cc:99) For utterance MVI342, best cost 22.3988 + -61.4833 = -39.0845 over 207 frames.
LOG (lattice-best-path[5.5.1137~1-51744]:main():lattice-best-path.cc:99) For utterance MVI343, best cost 28.0128 + -83.7231 = -55.7103 over 298 frames.
LOG (lattice-best-path[5.5.1137~1-51744]:main():lattice-best-path.cc:99) For utterance MVI344, best cost 16.7952 + -35.8428 = -19.0475 over 160 frames.
LOG (lattice-best-path[5.5.1137~1-51744]:main():lattice-best-path.cc:99) For utterance MVI345, best cost 28.5761 + -83.622 = -55.0459 over 305 frames.
LOG (lattice-best-path[5.5.1137~1-51744]:main():lattice-best-path.cc:99) For utterance MVI346, best cost 20.9739 + -60.9647 = -39.9908 over 185 frames.
LOG (lattice-best-path[5.5.1137~1-51744]:main():lattice-best-path.cc:99) For utterance MVI347, best cost 21.821 + -60.2007 = -38.3797 over 210 frames.
LOG (lattice-best-path[5.5.1137~1-51744]:main():lattice-best-path.cc:99) For utterance MVI348, best cost 24.0257 + -74.1906 = -50.1649 over 270 frames.
LOG (lattice-best-path[5.5.1137~1-51744]:main():lattice-best-path.cc:99) For utterance MVI349, best cost 26.3738 + -89.9533 = -63.5796 over 292 frames.
LOG (lattice-best-path[5.5.1137~1-51744]:main():lattice-best-path.cc:99) For utterance MVI350, best cost 31.0047 + -70.878 = -39.8733 over 347 frames.
LOG (lattice-best-path[5.5.1137~1-51744]:main():lattice-best-path.cc:99) For utterance MVI351, best cost 26.9957 + -80.8286 = -53.8329 over 286 frames.
LOG (lattice-best-path[5.5.1137~1-51744]:main():lattice-best-path.cc:99) For utterance MVI352, best cost 45.1425 + -78.3816 = -33.2392 over 299 frames.
LOG (lattice-best-path[5.5.1137~1-51744]:main():lattice-best-path.cc:99) For utterance MVI353, best cost 22.3533 + -60.3117 = -37.9584 over 214 frames.
LOG (lattice-best-path[5.5.1137~1-51744]:main():lattice-best-path.cc:99) For utterance MVI354, best cost 32.0837 + -97.848 = -65.7643 over 372 frames.
LOG (lattice-best-path[5.5.1137~1-51744]:main():lattice-best-path.cc:99) For utterance MVI355, best cost 25.2207 + -77.1438 = -51.923 over 273 frames.
LOG (lattice-best-path[5.5.1137~1-51744]:main():lattice-best-path.cc:99) For utterance MVI356, best cost 21.111 + -55.3118 = -34.2008 over 187 frames.
LOG (lattice-best-path[5.5.1137~1-51744]:main():lattice-best-path.cc:99) For utterance MVI357, best cost 21.1558 + -63.8672 = -42.7114 over 188 frames.
LOG (lattice-best-path[5.5.1137~1-51744]:main():lattice-best-path.cc:99) For utterance MVI358, best cost 24.3252 + -98.3063 = -73.9811 over 294 frames.
LOG (lattice-best-path[5.5.1137~1-51744]:main():lattice-best-path.cc:99) For utterance MVI359, best cost 28.0578 + -115.531 = -87.4728 over 316 frames.
LOG (lattice-best-path[5.5.1137~1-51744]:main():lattice-best-path.cc:99) For utterance MVI360, best cost 21.2036 + -67.6262 = -46.4225 over 227 frames.
LOG (lattice-best-path[5.5.1137~1-51744]:main():lattice-best-path.cc:99) For utterance MVI361, best cost 16.8616 + -39.0745 = -22.2129 over 152 frames.
LOG (lattice-best-path[5.5.1137~1-51744]:main():lattice-best-path.cc:99) For utterance MVI362, best cost 27.4812 + -104.108 = -76.6269 over 339 frames.
LOG (lattice-best-path[5.5.1137~1-51744]:main():lattice-best-path.cc:99) For utterance MVI363, best cost 26.0501 + -59.7163 = -33.6662 over 275 frames.
LOG (lattice-depth-per-frame[5.5.1137~1-51744]:main():lattice-depth-per-frame.cc:82) Done 146 lattices.
LOG (lattice-best-path[5.5.1137~1-51744]:main():lattice-best-path.cc:99) For utterance MVI364, best cost 22.6876 + -59.0206 = -36.3329 over 243 frames.
LOG (lattice-best-path[5.5.1137~1-51744]:main():lattice-best-path.cc:99) For utterance MVI365, best cost 29.1798 + -85.2184 = -56.0387 over 328 frames.
LOG (lattice-best-path[5.5.1137~1-51744]:main():lattice-best-path.cc:124) Overall cost per frame is -0.188303 = 0.0937126 [graph] + -0.282015 [acoustic] over 42510 frames.
LOG (lattice-best-path[5.5.1137~1-51744]:main():lattice-best-path.cc:128) Done 146 lattices, failed for 0
# Accounting: time=0 threads=1
# Ended (code 0) at Wed Aug 28 02:31:15 IST 2024, elapsed time 0 seconds
