# gunzip -c exp_FG/DNN_tri_8_2000_aligned_layer3_nodes256/decode/depth_tmp.*.gz | steps/diagnostic/analyze_lattice_depth_stats.py exp_FG/tri_8_2000/graph exp_FG/DNN_tri_8_2000_aligned_layer3_nodes256/decode/ali_frame_tmp.gz 
# Started at Wed Aug 28 02:31:15 IST 2024
#
The total amount of data analyzed assuming 100 frames per second is 0.7 hours
Overall, lattice depth (10,50,90-percentile)=(1,1,13) and mean=6.3
Nonsilence phones as a group account for 74.8% of frames, with lattice depth (10,50,90-percentile)=(1,1,13) and mean=6.3
Phone sil accounts for 25.2% of frames, with lattice depth (10,50,90-percentile)=(1,1,13) and mean=6.1
Phone a_I accounts for 7.4% of frames, with lattice depth (10,50,90-percentile)=(1,1,12) and mean=6.2
Phone aa_I accounts for 5.4% of frames, with lattice depth (10,50,90-percentile)=(1,1,10) and mean=5.0
Phone eu_E accounts for 5.0% of frames, with lattice depth (10,50,90-percentile)=(1,1,13) and mean=6.7
Phone m_E accounts for 2.5% of frames, with lattice depth (10,50,90-percentile)=(1,1,9) and mean=6.6
Phone d_I accounts for 2.5% of frames, with lattice depth (10,50,90-percentile)=(1,1,6) and mean=4.1
Phone i_E accounts for 2.3% of frames, with lattice depth (10,50,90-percentile)=(1,1,18) and mean=6.4
Phone i_I accounts for 2.3% of frames, with lattice depth (10,50,90-percentile)=(1,1,15) and mean=7.4
Phone ai_E accounts for 2.0% of frames, with lattice depth (10,50,90-percentile)=(1,1,13) and mean=6.1
Phone a_E accounts for 1.9% of frames, with lattice depth (10,50,90-percentile)=(1,1,21) and mean=8.2
Phone u_I accounts for 1.8% of frames, with lattice depth (10,50,90-percentile)=(1,1,18) and mean=6.8
Phone y_I accounts for 1.4% of frames, with lattice depth (10,50,90-percentile)=(1,1,6) and mean=3.5
Phone k_I accounts for 1.4% of frames, with lattice depth (10,50,90-percentile)=(1,1,12) and mean=6.1
Phone s_B accounts for 1.3% of frames, with lattice depth (10,50,90-percentile)=(1,1,10) and mean=4.5
Phone uu_I accounts for 1.3% of frames, with lattice depth (10,50,90-percentile)=(1,1,4) and mean=2.8
Phone n_E accounts for 1.3% of frames, with lattice depth (10,50,90-percentile)=(1,1,5) and mean=3.3
Phone l_I accounts for 1.2% of frames, with lattice depth (10,50,90-percentile)=(1,1,13) and mean=5.2
Phone tx_I accounts for 1.2% of frames, with lattice depth (10,50,90-percentile)=(1,1,5) and mean=3.7
Phone ee_I accounts for 1.2% of frames, with lattice depth (10,50,90-percentile)=(1,1,21) and mean=7.7
Phone r_I accounts for 1.2% of frames, with lattice depth (10,50,90-percentile)=(1,1,21) and mean=7.1
Phone n_I accounts for 1.1% of frames, with lattice depth (10,50,90-percentile)=(1,1,15) and mean=7.1
Phone p_B accounts for 1.1% of frames, with lattice depth (10,50,90-percentile)=(1,1,12) and mean=7.1
Phone ii_I accounts for 1.1% of frames, with lattice depth (10,50,90-percentile)=(1,1,8) and mean=5.4
Phone oo_I accounts for 1.0% of frames, with lattice depth (10,50,90-percentile)=(1,1,9) and mean=8.0
Phone m_B accounts for 1.0% of frames, with lattice depth (10,50,90-percentile)=(1,1,10) and mean=5.9
Phone g_I accounts for 1.0% of frames, with lattice depth (10,50,90-percentile)=(1,1,10) and mean=6.2
Phone dx_I accounts for 1.0% of frames, with lattice depth (10,50,90-percentile)=(1,1,13) and mean=5.3
Phone nd_I accounts for 1.0% of frames, with lattice depth (10,50,90-percentile)=(1,1,10) and mean=5.0
Phone nx_I accounts for 1.0% of frames, with lattice depth (10,50,90-percentile)=(1,1,16) and mean=7.4
Phone sx_I accounts for 0.9% of frames, with lattice depth (10,50,90-percentile)=(1,1,4) and mean=2.6
Phone w_I accounts for 0.9% of frames, with lattice depth (10,50,90-percentile)=(1,1,22) and mean=7.7
Phone l_E accounts for 0.8% of frames, with lattice depth (10,50,90-percentile)=(1,1,14) and mean=9.0
Phone rx_I accounts for 0.8% of frames, with lattice depth (10,50,90-percentile)=(1,1,18) and mean=7.1
Phone j_I accounts for 0.8% of frames, with lattice depth (10,50,90-percentile)=(1,1,11) and mean=4.3
Phone zh_I accounts for 0.8% of frames, with lattice depth (10,50,90-percentile)=(1,2,34) and mean=13.2
Phone nd_B accounts for 0.7% of frames, with lattice depth (10,50,90-percentile)=(1,1,12) and mean=5.0
Phone m_I accounts for 0.7% of frames, with lattice depth (10,50,90-percentile)=(1,1,31) and mean=6.9
Phone t_I accounts for 0.7% of frames, with lattice depth (10,50,90-percentile)=(1,1,26) and mean=7.9
Phone w_B accounts for 0.7% of frames, with lattice depth (10,50,90-percentile)=(1,1,17) and mean=8.5
Phone i_B accounts for 0.7% of frames, with lattice depth (10,50,90-percentile)=(1,1,31) and mean=8.8
Phone p_I accounts for 0.7% of frames, with lattice depth (10,50,90-percentile)=(1,1,7) and mean=6.1
Phone u_B accounts for 0.7% of frames, with lattice depth (10,50,90-percentile)=(1,1,16) and mean=7.5
Phone c_I accounts for 0.6% of frames, with lattice depth (10,50,90-percentile)=(1,1,12) and mean=5.9
Phone aa_E accounts for 0.6% of frames, with lattice depth (10,50,90-percentile)=(1,1,9) and mean=4.5
Phone t_B accounts for 0.6% of frames, with lattice depth (10,50,90-percentile)=(1,1,6) and mean=6.0
Phone ng_I accounts for 0.5% of frames, with lattice depth (10,50,90-percentile)=(1,1,31) and mean=8.5
Phone k_B accounts for 0.5% of frames, with lattice depth (10,50,90-percentile)=(1,1,23) and mean=10.7
Phone e_I accounts for 0.5% of frames, with lattice depth (10,50,90-percentile)=(1,1,20) and mean=7.3
Phone ee_E accounts for 0.5% of frames, with lattice depth (10,50,90-percentile)=(1,1,32) and mean=15.7
# Accounting: time=0 threads=1
# Ended (code 0) at Wed Aug 28 02:31:15 IST 2024, elapsed time 0 seconds
