# nnet-latgen-faster --minimize=false --max-active=7000 --min-active=200 --beam=15.0 --lattice-beam=8.0 --acoustic-scale=0.1 --allow-partial=true --word-symbol-table=exp_FG/tri_8_2000/graph/words.txt exp_FG/DNN_tri_8_2000_aligned_layer3_nodes256/final.mdl exp_FG/tri_8_2000/graph/HCLG.fst "ark,s,cs:apply-cmvn  --utt2spk=ark:data/test/split4/4/utt2spk scp:data/test/split4/4/cmvn.scp scp:data/test/split4/4/feats.scp ark:- |" "ark:|gzip -c > exp_FG/DNN_tri_8_2000_aligned_layer3_nodes256/decode/lat.4.gz" 
# Started at Wed Aug 28 02:27:35 IST 2024
#
nnet-latgen-faster --minimize=false --max-active=7000 --min-active=200 --beam=15.0 --lattice-beam=8.0 --acoustic-scale=0.1 --allow-partial=true --word-symbol-table=exp_FG/tri_8_2000/graph/words.txt exp_FG/DNN_tri_8_2000_aligned_layer3_nodes256/final.mdl exp_FG/tri_8_2000/graph/HCLG.fst 'ark,s,cs:apply-cmvn  --utt2spk=ark:data/test/split4/4/utt2spk scp:data/test/split4/4/cmvn.scp scp:data/test/split4/4/feats.scp ark:- |' 'ark:|gzip -c > exp_FG/DNN_tri_8_2000_aligned_layer3_nodes256/decode/lat.4.gz' 
apply-cmvn --utt2spk=ark:data/test/split4/4/utt2spk scp:data/test/split4/4/cmvn.scp scp:data/test/split4/4/feats.scp ark:- 
MSU293 guruwai sisxyan wanxangginaan 
LOG (nnet-latgen-faster[5.5.1137~1-51744]:DecodeUtteranceLatticeFaster():decoder-wrappers.cc:375) Log-like per frame for utterance MSU293 is 0.183502 over 300 frames.
MSU294 siikkiram eerxpaadxeu sey 
LOG (nnet-latgen-faster[5.5.1137~1-51744]:DecodeUtteranceLatticeFaster():decoder-wrappers.cc:375) Log-like per frame for utterance MSU294 is 0.183808 over 294 frames.
MSU295 siirxum paambai ndambaadee 
LOG (nnet-latgen-faster[5.5.1137~1-51744]:DecodeUtteranceLatticeFaster():decoder-wrappers.cc:375) Log-like per frame for utterance MSU295 is 0.262467 over 336 frames.
MSU296 iratxtxai suzhi sirxuwan seetxtxai seywaan 
LOG (nnet-latgen-faster[5.5.1137~1-51744]:DecodeUtteranceLatticeFaster():decoder-wrappers.cc:375) Log-like per frame for utterance MSU296 is 0.204402 over 371 frames.
MSU297 suutxcamam arxinddeu seyalpadxeu 
LOG (nnet-latgen-faster[5.5.1137~1-51744]:DecodeUtteranceLatticeFaster():decoder-wrappers.cc:375) Log-like per frame for utterance MSU297 is 0.209041 over 343 frames.
MSU298 asuran tawam irunddaan 
LOG (nnet-latgen-faster[5.5.1137~1-51744]:DecodeUtteranceLatticeFaster():decoder-wrappers.cc:375) Log-like per frame for utterance MSU298 is 0.160037 over 249 frames.
MSU299 kaalxi suulam eenddinaan 
LOG (nnet-latgen-faster[5.5.1137~1-51744]:DecodeUtteranceLatticeFaster():decoder-wrappers.cc:375) Log-like per frame for utterance MSU299 is 0.172224 over 210 frames.
MSU300 sutxrxeu suuzhal sugaadaaram pinpatxrxeu 
LOG (nnet-latgen-faster[5.5.1137~1-51744]:DecodeUtteranceLatticeFaster():decoder-wrappers.cc:375) Log-like per frame for utterance MSU300 is 0.247908 over 392 frames.
MSU301 seewalin kuuwalil pozhudeu widxiyum 
LOG (nnet-latgen-faster[5.5.1137~1-51744]:DecodeUtteranceLatticeFaster():decoder-wrappers.cc:375) Log-like per frame for utterance MSU301 is 0.176572 over 359 frames.
MSU302 enakkeu njaabaga marxadi unxdxeu 
LOG (nnet-latgen-faster[5.5.1137~1-51744]:DecodeUtteranceLatticeFaster():decoder-wrappers.cc:375) Log-like per frame for utterance MSU302 is 0.173545 over 314 frames.
MSU303 njaayirxeu widxumurxai kadxai adxaippeu 
LOG (nnet-latgen-faster[5.5.1137~1-51744]:DecodeUtteranceLatticeFaster():decoder-wrappers.cc:375) Log-like per frame for utterance MSU303 is 0.19128 over 349 frames.
MSU304 tanggalx udxaimai miideu gawanam selutteu 
LOG (nnet-latgen-faster[5.5.1137~1-51744]:DecodeUtteranceLatticeFaster():decoder-wrappers.cc:375) Log-like per frame for utterance MSU304 is 0.169644 over 446 frames.
MSU305 tatruubamaaga ndadxitteuk kaatxtxa njaanam teewai 
LOG (nnet-latgen-faster[5.5.1137~1-51744]:DecodeUtteranceLatticeFaster():decoder-wrappers.cc:375) Log-like per frame for utterance MSU305 is 0.159338 over 390 frames.
MSU306 tii muutxtxi tii wibatteu ndadxanddadeu 
LOG (nnet-latgen-faster[5.5.1137~1-51744]:DecodeUtteranceLatticeFaster():decoder-wrappers.cc:375) Log-like per frame for utterance MSU306 is 0.181372 over 323 frames.
MSU307 manx sarinddeu inikkum 
LOG (nnet-latgen-faster[5.5.1137~1-51744]:DecodeUtteranceLatticeFaster():decoder-wrappers.cc:375) Log-like per frame for utterance MSU307 is 0.15448 over 252 frames.
MSU308 malar tuuwi waazhtteu 
LOG (nnet-latgen-faster[5.5.1137~1-51744]:DecodeUtteranceLatticeFaster():decoder-wrappers.cc:375) Log-like per frame for utterance MSU308 is 0.220573 over 223 frames.
MSU309 iranxdxeu pal puunxdxeu ndalladeu 
LOG (nnet-latgen-faster[5.5.1137~1-51744]:DecodeUtteranceLatticeFaster():decoder-wrappers.cc:375) Log-like per frame for utterance MSU309 is 0.190195 over 307 frames.
MSU310 dusxtxan dusxtxa seyal seywaan 
LOG (nnet-latgen-faster[5.5.1137~1-51744]:DecodeUtteranceLatticeFaster():decoder-wrappers.cc:375) Log-like per frame for utterance MSU310 is 0.27499 over 325 frames.
MSU311 purxaa tuudeu anuppa tolai duuram parxanddadeu 
LOG (nnet-latgen-faster[5.5.1137~1-51744]:DecodeUtteranceLatticeFaster():decoder-wrappers.cc:375) Log-like per frame for utterance MSU311 is 0.181481 over 452 frames.
MSU312 manjjalx tuulx maruttuwa gunxam ndirxainddadeu 
LOG (nnet-latgen-faster[5.5.1137~1-51744]:DecodeUtteranceLatticeFaster():decoder-wrappers.cc:375) Log-like per frame for utterance MSU312 is 0.196009 over 342 frames.
MSU313 kutxtxaiyil tanxnxiir teenggiyadeu 
LOG (nnet-latgen-faster[5.5.1137~1-51744]:DecodeUtteranceLatticeFaster():decoder-wrappers.cc:375) Log-like per frame for utterance MSU313 is 0.190646 over 282 frames.
MSU314 toonrxiya pugazhin toonrxuga 
LOG (nnet-latgen-faster[5.5.1137~1-51744]:DecodeUtteranceLatticeFaster():decoder-wrappers.cc:375) Log-like per frame for utterance MSU314 is 0.142648 over 258 frames.
MSU315 toosxattirxkeu parigaaram sey 
LOG (nnet-latgen-faster[5.5.1137~1-51744]:DecodeUtteranceLatticeFaster():decoder-wrappers.cc:375) Log-like per frame for utterance MSU315 is 0.211367 over 378 frames.
MSU316 ndacceup pugai oosoonai baadikkum 
LOG (nnet-latgen-faster[5.5.1137~1-51744]:DecodeUtteranceLatticeFaster():decoder-wrappers.cc:375) Log-like per frame for utterance MSU316 is 0.239205 over 353 frames.
MSU317 paambin ndanjjeu kodxiyadeu 
LOG (nnet-latgen-faster[5.5.1137~1-51744]:DecodeUtteranceLatticeFaster():decoder-wrappers.cc:375) Log-like per frame for utterance MSU317 is 0.226717 over 319 frames.
MSU318 inrxeu mazhai ndiidxikkum 
LOG (nnet-latgen-faster[5.5.1137~1-51744]:DecodeUtteranceLatticeFaster():decoder-wrappers.cc:375) Log-like per frame for utterance MSU318 is 0.225893 over 272 frames.
MSU319 saalaiyil ndiir ndirambiyadeu 
LOG (nnet-latgen-faster[5.5.1137~1-51744]:DecodeUtteranceLatticeFaster():decoder-wrappers.cc:375) Log-like per frame for utterance MSU319 is 0.174329 over 323 frames.
MSU320 banggalxaadeesx oreu ndaadxeu 
LOG (nnet-latgen-faster[5.5.1137~1-51744]:DecodeUtteranceLatticeFaster():decoder-wrappers.cc:375) Log-like per frame for utterance MSU320 is 0.221667 over 238 frames.
MSU321 een ippadxi ndoonjjaanaaga ireukkaan 
LOG (nnet-latgen-faster[5.5.1137~1-51744]:DecodeUtteranceLatticeFaster():decoder-wrappers.cc:375) Log-like per frame for utterance MSU321 is 0.18596 over 428 frames.
MSU322 deesiya panggeu uyarnddadeu 
LOG (nnet-latgen-faster[5.5.1137~1-51744]:DecodeUtteranceLatticeFaster():decoder-wrappers.cc:375) Log-like per frame for utterance MSU322 is 0.188424 over 303 frames.
MSU323 ndaatxtxil tanxnxiir panjjam ndilawiyadeu 
LOG (nnet-latgen-faster[5.5.1137~1-51744]:DecodeUtteranceLatticeFaster():decoder-wrappers.cc:375) Log-like per frame for utterance MSU323 is 0.137118 over 379 frames.
MSU324 panjjaayatteu wazhakkeu mudxiweukkeu wanddadeu 
LOG (nnet-latgen-faster[5.5.1137~1-51744]:DecodeUtteranceLatticeFaster():decoder-wrappers.cc:375) Log-like per frame for utterance MSU324 is 0.132621 over 325 frames.
MSU325 panjjeu nderuppil karugiyadeu 
LOG (nnet-latgen-faster[5.5.1137~1-51744]:DecodeUtteranceLatticeFaster():decoder-wrappers.cc:375) Log-like per frame for utterance MSU325 is 0.17998 over 317 frames.
MSU326 pazhanggudxi makkalx panxbeu sirxappeu 
LOG (nnet-latgen-faster[5.5.1137~1-51744]:DecodeUtteranceLatticeFaster():decoder-wrappers.cc:375) Log-like per frame for utterance MSU326 is 0.171927 over 327 frames.
MSU327 kaalai bajanai migawum pirabalam 
LOG (nnet-latgen-faster[5.5.1137~1-51744]:DecodeUtteranceLatticeFaster():decoder-wrappers.cc:375) Log-like per frame for utterance MSU327 is 0.210455 over 309 frames.
MSU328 indda raajaa endda baasxai peesinaar 
LOG (nnet-latgen-faster[5.5.1137~1-51744]:DecodeUtteranceLatticeFaster():decoder-wrappers.cc:375) Log-like per frame for utterance MSU328 is 0.258627 over 407 frames.
MSU329 en purusxan balasaali 
LOG (nnet-latgen-faster[5.5.1137~1-51744]:DecodeUtteranceLatticeFaster():decoder-wrappers.cc:375) Log-like per frame for utterance MSU329 is 0.229153 over 254 frames.
MSU330 buwaneesxwar uuril puugambam 
LOG (nnet-latgen-faster[5.5.1137~1-51744]:DecodeUtteranceLatticeFaster():decoder-wrappers.cc:375) Log-like per frame for utterance MSU330 is 0.213575 over 340 frames.
MSU331 puurwa jenma banddam 
LOG (nnet-latgen-faster[5.5.1137~1-51744]:DecodeUtteranceLatticeFaster():decoder-wrappers.cc:375) Log-like per frame for utterance MSU331 is 0.21204 over 240 frames.
MSU332 inrxeu puujaiyil kalanddeu kolx 
LOG (nnet-latgen-faster[5.5.1137~1-51744]:DecodeUtteranceLatticeFaster():decoder-wrappers.cc:375) Log-like per frame for utterance MSU332 is 0.226519 over 278 frames.
MSU333 pon porulx paartteu pazhagaadee 
LOG (nnet-latgen-faster[5.5.1137~1-51744]:DecodeUtteranceLatticeFaster():decoder-wrappers.cc:375) Log-like per frame for utterance MSU333 is 0.195933 over 312 frames.
MSU334 un mugam poliwaaga ulxlxadeu 
LOG (nnet-latgen-faster[5.5.1137~1-51744]:DecodeUtteranceLatticeFaster():decoder-wrappers.cc:375) Log-like per frame for utterance MSU334 is 0.175753 over 269 frames.
MSU335 petxtxiyai kiizhee poodxeu 
LOG (nnet-latgen-faster[5.5.1137~1-51744]:DecodeUtteranceLatticeFaster():decoder-wrappers.cc:375) Log-like per frame for utterance MSU335 is 0.161151 over 161 frames.
MSU336 pooliyaana waazhkkai tawir 
LOG (nnet-latgen-faster[5.5.1137~1-51744]:DecodeUtteranceLatticeFaster():decoder-wrappers.cc:375) Log-like per frame for utterance MSU336 is 0.208534 over 289 frames.
MSU337 raagi poosxaakkaana unxaweu 
LOG (nnet-latgen-faster[5.5.1137~1-51744]:DecodeUtteranceLatticeFaster():decoder-wrappers.cc:375) Log-like per frame for utterance MSU337 is 0.19002 over 274 frames.
MSU338 elumbeu majjai waliyadeu 
LOG (nnet-latgen-faster[5.5.1137~1-51744]:DecodeUtteranceLatticeFaster():decoder-wrappers.cc:375) Log-like per frame for utterance MSU338 is 0.219472 over 274 frames.
MSU339 etxtxeukkaali oreu puucci 
LOG (nnet-latgen-faster[5.5.1137~1-51744]:DecodeUtteranceLatticeFaster():decoder-wrappers.cc:375) Log-like per frame for utterance MSU339 is 0.185723 over 213 frames.
MSU340 kasxtxamum ndey mahaawiir jeyanddi 
LOG (nnet-latgen-faster[5.5.1137~1-51744]:DecodeUtteranceLatticeFaster():decoder-wrappers.cc:375) Log-like per frame for utterance MSU340 is 0.135214 over 338 frames.
MSU341 miin kanxnxeukkeu ndalladeu 
LOG (nnet-latgen-faster[5.5.1137~1-51744]:DecodeUtteranceLatticeFaster():decoder-wrappers.cc:375) Log-like per frame for utterance MSU341 is 0.188913 over 244 frames.
MSU342 muulxai illaadawan mutxtxaalx 
LOG (nnet-latgen-faster[5.5.1137~1-51744]:DecodeUtteranceLatticeFaster():decoder-wrappers.cc:375) Log-like per frame for utterance MSU342 is 0.17724 over 240 frames.
MSU343 tozhilil muuladanam poodxa weenxdxum 
LOG (nnet-latgen-faster[5.5.1137~1-51744]:DecodeUtteranceLatticeFaster():decoder-wrappers.cc:375) Log-like per frame for utterance MSU343 is 0.196815 over 310 frames.
MSU344 meejai meel eerxi ndil 
LOG (nnet-latgen-faster[5.5.1137~1-51744]:DecodeUtteranceLatticeFaster():decoder-wrappers.cc:375) Log-like per frame for utterance MSU344 is 0.19959 over 228 frames.
MSU345 indda maiyanggalx enggeu ulxlxadeu 
LOG (nnet-latgen-faster[5.5.1137~1-51744]:DecodeUtteranceLatticeFaster():decoder-wrappers.cc:375) Log-like per frame for utterance MSU345 is 0.192238 over 307 frames.
MSU346 makkalx raajjiyam weenxdxum 
LOG (nnet-latgen-faster[5.5.1137~1-51744]:DecodeUtteranceLatticeFaster():decoder-wrappers.cc:375) Log-like per frame for utterance MSU346 is 0.194543 over 224 frames.
MSU347 risxikkeu roosxam adigam 
LOG (nnet-latgen-faster[5.5.1137~1-51744]:DecodeUtteranceLatticeFaster():decoder-wrappers.cc:375) Log-like per frame for utterance MSU347 is 0.166644 over 254 frames.
MSU348 lajjai enrxaal wekkam 
LOG (nnet-latgen-faster[5.5.1137~1-51744]:DecodeUtteranceLatticeFaster():decoder-wrappers.cc:375) Log-like per frame for utterance MSU348 is 0.190377 over 252 frames.
MSU349 tuukkam udxaleukkeu ndalladeu 
LOG (nnet-latgen-faster[5.5.1137~1-51744]:DecodeUtteranceLatticeFaster():decoder-wrappers.cc:375) Log-like per frame for utterance MSU349 is 0.230952 over 296 frames.
MSU350 laksxmi muga laksxanxam ulxlxa penx 
LOG (nnet-latgen-faster[5.5.1137~1-51744]:DecodeUtteranceLatticeFaster():decoder-wrappers.cc:375) Log-like per frame for utterance MSU350 is 0.205689 over 326 frames.
MSU351 iiram arisi harisxtxam 
LOG (nnet-latgen-faster[5.5.1137~1-51744]:DecodeUtteranceLatticeFaster():decoder-wrappers.cc:375) Log-like per frame for utterance MSU351 is 0.173146 over 309 frames.
MSU352 wiitxtxil wiseesxam unxdxeu 
LOG (nnet-latgen-faster[5.5.1137~1-51744]:DecodeUtteranceLatticeFaster():decoder-wrappers.cc:375) Log-like per frame for utterance MSU352 is 0.186667 over 266 frames.
MSU353 wandda wisxayattaik kuurxeu 
LOG (nnet-latgen-faster[5.5.1137~1-51744]:DecodeUtteranceLatticeFaster():decoder-wrappers.cc:375) Log-like per frame for utterance MSU353 is 0.191842 over 300 frames.
MSU354 en wiidi wazhiyaaga sellum peerunddeu 
LOG (nnet-latgen-faster[5.5.1137~1-51744]:DecodeUtteranceLatticeFaster():decoder-wrappers.cc:375) Log-like per frame for utterance MSU354 is 0.204648 over 410 frames.
MSU355 jadxai pinni weesxam poodxeu 
LOG (nnet-latgen-faster[5.5.1137~1-51744]:DecodeUtteranceLatticeFaster():decoder-wrappers.cc:375) Log-like per frame for utterance MSU355 is 0.20536 over 269 frames.
MSU356 janawari mudal maadam 
LOG (nnet-latgen-faster[5.5.1137~1-51744]:DecodeUtteranceLatticeFaster():decoder-wrappers.cc:375) Log-like per frame for utterance MSU356 is 0.222663 over 265 frames.
MSU357 janamee ndam balam 
LOG (nnet-latgen-faster[5.5.1137~1-51744]:DecodeUtteranceLatticeFaster():decoder-wrappers.cc:375) Log-like per frame for utterance MSU357 is 0.20883 over 277 frames.
MSU358 jaadi illaiyadxi paappaa 
LOG (nnet-latgen-faster[5.5.1137~1-51744]:DecodeUtteranceLatticeFaster():decoder-wrappers.cc:375) Log-like per frame for utterance MSU358 is 0.166258 over 238 frames.
MSU359 waay jaalam kaatxtxum manidan 
LOG (nnet-latgen-faster[5.5.1137~1-51744]:DecodeUtteranceLatticeFaster():decoder-wrappers.cc:375) Log-like per frame for utterance MSU359 is 0.1817 over 325 frames.
MSU360 jaalraa poodxa weenxdxaam 
LOG (nnet-latgen-faster[5.5.1137~1-51744]:DecodeUtteranceLatticeFaster():decoder-wrappers.cc:375) Log-like per frame for utterance MSU360 is 0.162909 over 203 frames.
MSU361 ajiiranxak koolxaarxeu 
LOG (nnet-latgen-faster[5.5.1137~1-51744]:DecodeUtteranceLatticeFaster():decoder-wrappers.cc:375) Log-like per frame for utterance MSU361 is 0.201183 over 204 frames.
MSU362 saarxeu urxinjji arunddeu 
LOG (nnet-latgen-faster[5.5.1137~1-51744]:DecodeUtteranceLatticeFaster():decoder-wrappers.cc:375) Log-like per frame for utterance MSU362 is 0.129787 over 288 frames.
MSU363 senggai sarppam ezhuppinaar 
LOG (nnet-latgen-faster[5.5.1137~1-51744]:DecodeUtteranceLatticeFaster():decoder-wrappers.cc:375) Log-like per frame for utterance MSU363 is 0.0984443 over 255 frames.
MSU364 togudi hetx sanddippeu 
LOG (nnet-latgen-faster[5.5.1137~1-51744]:DecodeUtteranceLatticeFaster():decoder-wrappers.cc:375) Log-like per frame for utterance MSU364 is 0.126147 over 248 frames.
MSU365 muyarxci patxtxaam puucci 
LOG (nnet-latgen-faster[5.5.1137~1-51744]:DecodeUtteranceLatticeFaster():decoder-wrappers.cc:375) Log-like per frame for utterance MSU365 is 0.181124 over 271 frames.
MVI293 unxmai itxli konxdxeu waangga 
LOG (nnet-latgen-faster[5.5.1137~1-51744]:DecodeUtteranceLatticeFaster():decoder-wrappers.cc:375) Log-like per frame for utterance MVI293 is 0.131943 over 427 frames.
MVI294 siikkiram eerxpaadxeu sey 
LOG (nnet-latgen-faster[5.5.1137~1-51744]:DecodeUtteranceLatticeFaster():decoder-wrappers.cc:375) Log-like per frame for utterance MVI294 is 0.17659 over 233 frames.
MVI295 siirxum paambai ndambaadee 
LOG (nnet-latgen-faster[5.5.1137~1-51744]:DecodeUtteranceLatticeFaster():decoder-wrappers.cc:375) Log-like per frame for utterance MVI295 is 0.32256 over 288 frames.
MVI296 iratxtxai suzhi sirxuwan seetxtxai seywaan 
LOG (nnet-latgen-faster[5.5.1137~1-51744]:DecodeUtteranceLatticeFaster():decoder-wrappers.cc:375) Log-like per frame for utterance MVI296 is 0.157037 over 288 frames.
MVI297 suutxcamam arxinddeu seyalpadxeu 
LOG (nnet-latgen-faster[5.5.1137~1-51744]:DecodeUtteranceLatticeFaster():decoder-wrappers.cc:375) Log-like per frame for utterance MVI297 is 0.152283 over 293 frames.
MVI298 asuran tawam irunddaan 
LOG (nnet-latgen-faster[5.5.1137~1-51744]:DecodeUtteranceLatticeFaster():decoder-wrappers.cc:375) Log-like per frame for utterance MVI298 is 0.179962 over 287 frames.
MVI299 kaalxi suulam eenddinaan 
LOG (nnet-latgen-faster[5.5.1137~1-51744]:DecodeUtteranceLatticeFaster():decoder-wrappers.cc:375) Log-like per frame for utterance MVI299 is 0.175339 over 292 frames.
MVI300 miinawan oruwan pinpatxrxeu 
LOG (nnet-latgen-faster[5.5.1137~1-51744]:DecodeUtteranceLatticeFaster():decoder-wrappers.cc:375) Log-like per frame for utterance MVI300 is 0.118966 over 329 frames.
MVI301 seewalin kuuwalil pozhudeu widxiyum 
LOG (nnet-latgen-faster[5.5.1137~1-51744]:DecodeUtteranceLatticeFaster():decoder-wrappers.cc:375) Log-like per frame for utterance MVI301 is 0.215578 over 373 frames.
MVI302 ndamakkeu onrxum 
LOG (nnet-latgen-faster[5.5.1137~1-51744]:DecodeUtteranceLatticeFaster():decoder-wrappers.cc:375) Log-like per frame for utterance MVI302 is 0.124136 over 302 frames.
MVI303 njaayirxeu widxumurxai kadxai adxaippeu 
LOG (nnet-latgen-faster[5.5.1137~1-51744]:DecodeUtteranceLatticeFaster():decoder-wrappers.cc:375) Log-like per frame for utterance MVI303 is 0.161609 over 243 frames.
MVI304 tanggalx udxaimai miideu gawanam selutteu 
LOG (nnet-latgen-faster[5.5.1137~1-51744]:DecodeUtteranceLatticeFaster():decoder-wrappers.cc:375) Log-like per frame for utterance MVI304 is 0.125908 over 393 frames.
MVI305 tatruubamaaga ndadxitteuk kaatxtxa njaanam teewai 
LOG (nnet-latgen-faster[5.5.1137~1-51744]:DecodeUtteranceLatticeFaster():decoder-wrappers.cc:375) Log-like per frame for utterance MVI305 is 0.139951 over 431 frames.
MVI306 tii muutxtxi tii wibatteu ndadxanddadeu 
LOG (nnet-latgen-faster[5.5.1137~1-51744]:DecodeUtteranceLatticeFaster():decoder-wrappers.cc:375) Log-like per frame for utterance MVI306 is 0.175204 over 306 frames.
MVI307 un seyaleukkeut tiirweu kaanxeu 
LOG (nnet-latgen-faster[5.5.1137~1-51744]:DecodeUtteranceLatticeFaster():decoder-wrappers.cc:375) Log-like per frame for utterance MVI307 is 0.17459 over 333 frames.
MVI308 porxuppeu uruwaakkiyadeu 
LOG (nnet-latgen-faster[5.5.1137~1-51744]:DecodeUtteranceLatticeFaster():decoder-wrappers.cc:375) Log-like per frame for utterance MVI308 is 0.135802 over 184 frames.
MVI309 iranxdxeu pal puunxdxeu ndalladeu 
LOG (nnet-latgen-faster[5.5.1137~1-51744]:DecodeUtteranceLatticeFaster():decoder-wrappers.cc:375) Log-like per frame for utterance MVI309 is 0.170622 over 339 frames.
MVI310 dusxtxan dusxtxa seyal seywaan 
LOG (nnet-latgen-faster[5.5.1137~1-51744]:DecodeUtteranceLatticeFaster():decoder-wrappers.cc:375) Log-like per frame for utterance MVI310 is 0.147409 over 279 frames.
MVI311 purxaa tuudeu anuppa tolai duuram parxanddadeu 
LOG (nnet-latgen-faster[5.5.1137~1-51744]:DecodeUtteranceLatticeFaster():decoder-wrappers.cc:375) Log-like per frame for utterance MVI311 is 0.210806 over 431 frames.
MVI312 manjjalx tuulx maruttuwa gunxam ndirxainddadeu 
LOG (nnet-latgen-faster[5.5.1137~1-51744]:DecodeUtteranceLatticeFaster():decoder-wrappers.cc:375) Log-like per frame for utterance MVI312 is 0.169868 over 326 frames.
MVI313 kutxtxaiyil tanxnxiir teenggiyadeu 
LOG (nnet-latgen-faster[5.5.1137~1-51744]:DecodeUtteranceLatticeFaster():decoder-wrappers.cc:375) Log-like per frame for utterance MVI313 is 0.241673 over 281 frames.
MVI314 toonrxiya pugazhin toonrxuga 
LOG (nnet-latgen-faster[5.5.1137~1-51744]:DecodeUtteranceLatticeFaster():decoder-wrappers.cc:375) Log-like per frame for utterance MVI314 is 0.203949 over 273 frames.
MVI315 toosxattirxkeu tozhil oppudal sey 
LOG (nnet-latgen-faster[5.5.1137~1-51744]:DecodeUtteranceLatticeFaster():decoder-wrappers.cc:375) Log-like per frame for utterance MVI315 is 0.129929 over 256 frames.
MVI316 ndacceup pugai oosoonai baadikkum 
LOG (nnet-latgen-faster[5.5.1137~1-51744]:DecodeUtteranceLatticeFaster():decoder-wrappers.cc:375) Log-like per frame for utterance MVI316 is 0.244659 over 305 frames.
MVI317 paambin ndanjjeu kodxiyadeu 
LOG (nnet-latgen-faster[5.5.1137~1-51744]:DecodeUtteranceLatticeFaster():decoder-wrappers.cc:375) Log-like per frame for utterance MVI317 is 0.257293 over 280 frames.
MVI318 inrxeu mazhai ndiidxikkum 
LOG (nnet-latgen-faster[5.5.1137~1-51744]:DecodeUtteranceLatticeFaster():decoder-wrappers.cc:375) Log-like per frame for utterance MVI318 is 0.262211 over 271 frames.
MVI319 saalaiyil ndiir ndirambiyadeu 
LOG (nnet-latgen-faster[5.5.1137~1-51744]:DecodeUtteranceLatticeFaster():decoder-wrappers.cc:375) Log-like per frame for utterance MVI319 is 0.155134 over 231 frames.
MVI320 banggalxaadeesx oreu ndaadxeu 
LOG (nnet-latgen-faster[5.5.1137~1-51744]:DecodeUtteranceLatticeFaster():decoder-wrappers.cc:375) Log-like per frame for utterance MVI320 is 0.230228 over 208 frames.
MVI321 een ippadxi ndoonjjaanaaga ireukkaan 
LOG (nnet-latgen-faster[5.5.1137~1-51744]:DecodeUtteranceLatticeFaster():decoder-wrappers.cc:375) Log-like per frame for utterance MVI321 is 0.176076 over 393 frames.
MVI322 deesiya panggeu uyarnddadeu 
LOG (nnet-latgen-faster[5.5.1137~1-51744]:DecodeUtteranceLatticeFaster():decoder-wrappers.cc:375) Log-like per frame for utterance MVI322 is 0.191628 over 281 frames.
MVI323 ndaatxtxil tanxnxiir panjjam ndilawiyadeu 
LOG (nnet-latgen-faster[5.5.1137~1-51744]:DecodeUtteranceLatticeFaster():decoder-wrappers.cc:375) Log-like per frame for utterance MVI323 is 0.210503 over 386 frames.
MVI324 panjjaayatteu wazhakkeu mudxiweukkeu wanddadeu 
LOG (nnet-latgen-faster[5.5.1137~1-51744]:DecodeUtteranceLatticeFaster():decoder-wrappers.cc:375) Log-like per frame for utterance MVI324 is 0.183746 over 364 frames.
MVI325 panjjeu nderuppil karugiyadeu 
LOG (nnet-latgen-faster[5.5.1137~1-51744]:DecodeUtteranceLatticeFaster():decoder-wrappers.cc:375) Log-like per frame for utterance MVI325 is 0.206379 over 286 frames.
MVI326 parambarai wadakkawum paambugalx ulawuwawai 
LOG (nnet-latgen-faster[5.5.1137~1-51744]:DecodeUtteranceLatticeFaster():decoder-wrappers.cc:375) Log-like per frame for utterance MVI326 is 0.122765 over 372 frames.
MVI327 kaalai bajanai migawum pirabalam 
LOG (nnet-latgen-faster[5.5.1137~1-51744]:DecodeUtteranceLatticeFaster():decoder-wrappers.cc:375) Log-like per frame for utterance MVI327 is 0.253371 over 320 frames.
MVI328 indda raajaa endda baasxai peesinaar 
LOG (nnet-latgen-faster[5.5.1137~1-51744]:DecodeUtteranceLatticeFaster():decoder-wrappers.cc:375) Log-like per frame for utterance MVI328 is 0.25004 over 293 frames.
MVI329 selwam purusxan balasaali 
LOG (nnet-latgen-faster[5.5.1137~1-51744]:DecodeUtteranceLatticeFaster():decoder-wrappers.cc:375) Log-like per frame for utterance MVI329 is 0.163381 over 235 frames.
MVI330 buwaneesxwar uuril puugambam 
LOG (nnet-latgen-faster[5.5.1137~1-51744]:DecodeUtteranceLatticeFaster():decoder-wrappers.cc:375) Log-like per frame for utterance MVI330 is 0.207001 over 297 frames.
MVI331 uurudxan waazh banddam 
LOG (nnet-latgen-faster[5.5.1137~1-51744]:DecodeUtteranceLatticeFaster():decoder-wrappers.cc:375) Log-like per frame for utterance MVI331 is 0.18336 over 210 frames.
MVI332 inrxeu puujaiyil kalanddeu kolx 
LOG (nnet-latgen-faster[5.5.1137~1-51744]:DecodeUtteranceLatticeFaster():decoder-wrappers.cc:375) Log-like per frame for utterance MVI332 is 0.182179 over 239 frames.
MVI333 pon porulx paartteu pazhagaadee 
LOG (nnet-latgen-faster[5.5.1137~1-51744]:DecodeUtteranceLatticeFaster():decoder-wrappers.cc:375) Log-like per frame for utterance MVI333 is 0.17451 over 255 frames.
MVI334 un mugam poliwaaga ulxlxadeu 
LOG (nnet-latgen-faster[5.5.1137~1-51744]:DecodeUtteranceLatticeFaster():decoder-wrappers.cc:375) Log-like per frame for utterance MVI334 is 0.172465 over 269 frames.
MVI335 petxtxiyai kiizhee poodxeu 
LOG (nnet-latgen-faster[5.5.1137~1-51744]:DecodeUtteranceLatticeFaster():decoder-wrappers.cc:375) Log-like per frame for utterance MVI335 is 0.217738 over 188 frames.
MVI336 pooliyaana waazhkkai tawir 
LOG (nnet-latgen-faster[5.5.1137~1-51744]:DecodeUtteranceLatticeFaster():decoder-wrappers.cc:375) Log-like per frame for utterance MVI336 is 0.193241 over 213 frames.
MVI337 raagi poosxaakkaana unxaweu 
LOG (nnet-latgen-faster[5.5.1137~1-51744]:DecodeUtteranceLatticeFaster():decoder-wrappers.cc:375) Log-like per frame for utterance MVI337 is 0.202782 over 281 frames.
MVI338 elumbeu majjai waliyadeu 
LOG (nnet-latgen-faster[5.5.1137~1-51744]:DecodeUtteranceLatticeFaster():decoder-wrappers.cc:375) Log-like per frame for utterance MVI338 is 0.17345 over 222 frames.
MVI339 etxtxeukkaali oreu puucci 
LOG (nnet-latgen-faster[5.5.1137~1-51744]:DecodeUtteranceLatticeFaster():decoder-wrappers.cc:375) Log-like per frame for utterance MVI339 is 0.294413 over 226 frames.
MVI340 maarc maadattil mahaawiir jeyanddi 
LOG (nnet-latgen-faster[5.5.1137~1-51744]:DecodeUtteranceLatticeFaster():decoder-wrappers.cc:375) Log-like per frame for utterance MVI340 is 0.139264 over 359 frames.
MVI341 miin kanxnxeukkeu ndalladeu 
LOG (nnet-latgen-faster[5.5.1137~1-51744]:DecodeUtteranceLatticeFaster():decoder-wrappers.cc:375) Log-like per frame for utterance MVI341 is 0.156481 over 226 frames.
MVI342 muulxai illaadawan mutxtxaalx 
LOG (nnet-latgen-faster[5.5.1137~1-51744]:DecodeUtteranceLatticeFaster():decoder-wrappers.cc:375) Log-like per frame for utterance MVI342 is 0.188814 over 207 frames.
MVI343 tozhilil muuladanam poodxa weenxdxum 
LOG (nnet-latgen-faster[5.5.1137~1-51744]:DecodeUtteranceLatticeFaster():decoder-wrappers.cc:375) Log-like per frame for utterance MVI343 is 0.186947 over 298 frames.
MVI344 eewuganxai eenddeu 
LOG (nnet-latgen-faster[5.5.1137~1-51744]:DecodeUtteranceLatticeFaster():decoder-wrappers.cc:375) Log-like per frame for utterance MVI344 is 0.119047 over 160 frames.
MVI345 indda maiyanggalx enggeu ulxlxadeu 
LOG (nnet-latgen-faster[5.5.1137~1-51744]:DecodeUtteranceLatticeFaster():decoder-wrappers.cc:375) Log-like per frame for utterance MVI345 is 0.180478 over 305 frames.
MVI346 makkalx raajjiyam weenxdxum 
LOG (nnet-latgen-faster[5.5.1137~1-51744]:DecodeUtteranceLatticeFaster():decoder-wrappers.cc:375) Log-like per frame for utterance MVI346 is 0.216167 over 185 frames.
MVI347 risxikkeu roosxam adigam 
LOG (nnet-latgen-faster[5.5.1137~1-51744]:DecodeUtteranceLatticeFaster():decoder-wrappers.cc:375) Log-like per frame for utterance MVI347 is 0.18276 over 210 frames.
MVI348 lajjai enrxaal wekkam 
LOG (nnet-latgen-faster[5.5.1137~1-51744]:DecodeUtteranceLatticeFaster():decoder-wrappers.cc:375) Log-like per frame for utterance MVI348 is 0.185796 over 270 frames.
MVI349 tuukkam udxaleukkeu ndalladeu 
LOG (nnet-latgen-faster[5.5.1137~1-51744]:DecodeUtteranceLatticeFaster():decoder-wrappers.cc:375) Log-like per frame for utterance MVI349 is 0.217738 over 292 frames.
MVI350 laksxmi muga laksxanxam ulxlxa penx 
LOG (nnet-latgen-faster[5.5.1137~1-51744]:DecodeUtteranceLatticeFaster():decoder-wrappers.cc:375) Log-like per frame for utterance MVI350 is 0.114909 over 347 frames.
MVI351 widxaa muyarxci walxarcci tarum 
LOG (nnet-latgen-faster[5.5.1137~1-51744]:DecodeUtteranceLatticeFaster():decoder-wrappers.cc:375) Log-like per frame for utterance MVI351 is 0.188227 over 286 frames.
MVI352 ituwee tarunxam wiseesxam unxdxeu 
LOG (nnet-latgen-faster[5.5.1137~1-51744]:DecodeUtteranceLatticeFaster():decoder-wrappers.cc:375) Log-like per frame for utterance MVI352 is 0.111168 over 299 frames.
MVI353 wandda wisxayattaik kuurxeu 
LOG (nnet-latgen-faster[5.5.1137~1-51744]:DecodeUtteranceLatticeFaster():decoder-wrappers.cc:375) Log-like per frame for utterance MVI353 is 0.177376 over 214 frames.
MVI354 en wiidi wazhiyaaga sellum peerunddeu 
LOG (nnet-latgen-faster[5.5.1137~1-51744]:DecodeUtteranceLatticeFaster():decoder-wrappers.cc:375) Log-like per frame for utterance MVI354 is 0.176786 over 372 frames.
MVI355 jadxai pinni weesxam poodxeu 
LOG (nnet-latgen-faster[5.5.1137~1-51744]:DecodeUtteranceLatticeFaster():decoder-wrappers.cc:375) Log-like per frame for utterance MVI355 is 0.190194 over 273 frames.
MVI356 janawari mudal maadam 
LOG (nnet-latgen-faster[5.5.1137~1-51744]:DecodeUtteranceLatticeFaster():decoder-wrappers.cc:375) Log-like per frame for utterance MVI356 is 0.182892 over 187 frames.
MVI357 janamee ndam balam 
LOG (nnet-latgen-faster[5.5.1137~1-51744]:DecodeUtteranceLatticeFaster():decoder-wrappers.cc:375) Log-like per frame for utterance MVI357 is 0.227188 over 188 frames.
MVI358 jaadi illaiyadxi paappaa 
LOG (nnet-latgen-faster[5.5.1137~1-51744]:DecodeUtteranceLatticeFaster():decoder-wrappers.cc:375) Log-like per frame for utterance MVI358 is 0.251637 over 294 frames.
MVI359 waay jaalam kaatxtxum manidan 
LOG (nnet-latgen-faster[5.5.1137~1-51744]:DecodeUtteranceLatticeFaster():decoder-wrappers.cc:375) Log-like per frame for utterance MVI359 is 0.276813 over 316 frames.
MVI360 jaalraa poodxa weenxdxaam 
LOG (nnet-latgen-faster[5.5.1137~1-51744]:DecodeUtteranceLatticeFaster():decoder-wrappers.cc:375) Log-like per frame for utterance MVI360 is 0.204505 over 227 frames.
LOG (apply-cmvn[5.5.1137~1-51744]:main():apply-cmvn.cc:162) Applied cepstral mean normalization to 146 utterances, errors on 0
MVI361 sanggee muzhanggeu 
LOG (nnet-latgen-faster[5.5.1137~1-51744]:DecodeUtteranceLatticeFaster():decoder-wrappers.cc:375) Log-like per frame for utterance MVI361 is 0.146138 over 152 frames.
MVI362 aktxoobar iranxdxeu gaanddi jeyanddi 
LOG (nnet-latgen-faster[5.5.1137~1-51744]:DecodeUtteranceLatticeFaster():decoder-wrappers.cc:375) Log-like per frame for utterance MVI362 is 0.226039 over 339 frames.
MVI363 ndiinggalx sxeemamaaga irunggalx 
LOG (nnet-latgen-faster[5.5.1137~1-51744]:DecodeUtteranceLatticeFaster():decoder-wrappers.cc:375) Log-like per frame for utterance MVI363 is 0.122423 over 275 frames.
MVI364 togudi hetx sanddippeu 
LOG (nnet-latgen-faster[5.5.1137~1-51744]:DecodeUtteranceLatticeFaster():decoder-wrappers.cc:375) Log-like per frame for utterance MVI364 is 0.149518 over 243 frames.
MVI365 winjnjaana walxarcci ndaatxtxeu walxarcci 
LOG (nnet-latgen-faster[5.5.1137~1-51744]:DecodeUtteranceLatticeFaster():decoder-wrappers.cc:375) Log-like per frame for utterance MVI365 is 0.17085 over 328 frames.
LOG (nnet-latgen-faster[5.5.1137~1-51744]:main():nnet-latgen-faster.cc:181) Time taken 158.339s: real-time factor assuming 100 frames/sec is 0.372475
LOG (nnet-latgen-faster[5.5.1137~1-51744]:main():nnet-latgen-faster.cc:184) Done 146 utterances, failed for 0
LOG (nnet-latgen-faster[5.5.1137~1-51744]:main():nnet-latgen-faster.cc:186) Overall log-likelihood per frame is 0.188303 over 42510 frames.
# Accounting: time=158 threads=1
# Ended (code 0) at Wed Aug 28 02:30:13 IST 2024, elapsed time 158 seconds
