# nnet-latgen-faster --minimize=false --max-active=7000 --min-active=200 --beam=15.0 --lattice-beam=8.0 --acoustic-scale=0.1 --allow-partial=true --word-symbol-table=exp_FG/tri_8_2000/graph/words.txt exp_FG/DNN_tri_8_2000_aligned_layer3_nodes256/final.mdl exp_FG/tri_8_2000/graph/HCLG.fst "ark,s,cs:apply-cmvn  --utt2spk=ark:data/test/split4/3/utt2spk scp:data/test/split4/3/cmvn.scp scp:data/test/split4/3/feats.scp ark:- |" "ark:|gzip -c > exp_FG/DNN_tri_8_2000_aligned_layer3_nodes256/decode/lat.3.gz" 
# Started at Wed Aug 28 02:27:35 IST 2024
#
nnet-latgen-faster --minimize=false --max-active=7000 --min-active=200 --beam=15.0 --lattice-beam=8.0 --acoustic-scale=0.1 --allow-partial=true --word-symbol-table=exp_FG/tri_8_2000/graph/words.txt exp_FG/DNN_tri_8_2000_aligned_layer3_nodes256/final.mdl exp_FG/tri_8_2000/graph/HCLG.fst 'ark,s,cs:apply-cmvn  --utt2spk=ark:data/test/split4/3/utt2spk scp:data/test/split4/3/cmvn.scp scp:data/test/split4/3/feats.scp ark:- |' 'ark:|gzip -c > exp_FG/DNN_tri_8_2000_aligned_layer3_nodes256/decode/lat.3.gz' 
apply-cmvn --utt2spk=ark:data/test/split4/3/utt2spk scp:data/test/split4/3/cmvn.scp scp:data/test/split4/3/feats.scp ark:- 
MGN293 guruwai sisxyan wanxangginaan 
LOG (nnet-latgen-faster[5.5.1137~1-51744]:DecodeUtteranceLatticeFaster():decoder-wrappers.cc:375) Log-like per frame for utterance MGN293 is 0.183081 over 406 frames.
MGN294 siikkiram eerxpaadxeu sey 
LOG (nnet-latgen-faster[5.5.1137~1-51744]:DecodeUtteranceLatticeFaster():decoder-wrappers.cc:375) Log-like per frame for utterance MGN294 is 0.220252 over 301 frames.
MGN295 siirxum paambai ndambaadee 
LOG (nnet-latgen-faster[5.5.1137~1-51744]:DecodeUtteranceLatticeFaster():decoder-wrappers.cc:375) Log-like per frame for utterance MGN295 is 0.24624 over 319 frames.
MGN296 iratxtxai suzhi sirxuwan seetxtxai seywaan 
LOG (nnet-latgen-faster[5.5.1137~1-51744]:DecodeUtteranceLatticeFaster():decoder-wrappers.cc:375) Log-like per frame for utterance MGN296 is 0.222866 over 487 frames.
MGN297 wiwarikkirxadeu arxinddeu seyalpadxeu 
LOG (nnet-latgen-faster[5.5.1137~1-51744]:DecodeUtteranceLatticeFaster():decoder-wrappers.cc:375) Log-like per frame for utterance MGN297 is 0.192017 over 411 frames.
MGN298 asuran tawam irunddaan 
LOG (nnet-latgen-faster[5.5.1137~1-51744]:DecodeUtteranceLatticeFaster():decoder-wrappers.cc:375) Log-like per frame for utterance MGN298 is 0.178651 over 316 frames.
MGN299 jaadi illaiyadxi yaar 
LOG (nnet-latgen-faster[5.5.1137~1-51744]:DecodeUtteranceLatticeFaster():decoder-wrappers.cc:375) Log-like per frame for utterance MGN299 is 0.190065 over 331 frames.
MGN300 sutxrxeu suuzhal sugaadaaram pinpatxrxeu 
LOG (nnet-latgen-faster[5.5.1137~1-51744]:DecodeUtteranceLatticeFaster():decoder-wrappers.cc:375) Log-like per frame for utterance MGN300 is 0.201439 over 505 frames.
MGN301 seewalin kuuwalil pozhudeu widxiyum 
LOG (nnet-latgen-faster[5.5.1137~1-51744]:DecodeUtteranceLatticeFaster():decoder-wrappers.cc:375) Log-like per frame for utterance MGN301 is 0.236542 over 478 frames.
MGN302 enakkeu njaabaga marxadi unxdxeu 
LOG (nnet-latgen-faster[5.5.1137~1-51744]:DecodeUtteranceLatticeFaster():decoder-wrappers.cc:375) Log-like per frame for utterance MGN302 is 0.174264 over 423 frames.
MGN303 njaayirxeu widxumurxai kadxai adxaippeu 
LOG (nnet-latgen-faster[5.5.1137~1-51744]:DecodeUtteranceLatticeFaster():decoder-wrappers.cc:375) Log-like per frame for utterance MGN303 is 0.196788 over 404 frames.
MGN304 tanggalx udxaimai miideu gawanam selutteu 
LOG (nnet-latgen-faster[5.5.1137~1-51744]:DecodeUtteranceLatticeFaster():decoder-wrappers.cc:375) Log-like per frame for utterance MGN304 is 0.185978 over 471 frames.
MGN305 tatruubamaaga ndadxitteuk kaatxtxa njaanam teewai 
LOG (nnet-latgen-faster[5.5.1137~1-51744]:DecodeUtteranceLatticeFaster():decoder-wrappers.cc:375) Log-like per frame for utterance MGN305 is 0.198374 over 491 frames.
MGN306 teejas kiizhee paartteu ndagarnddeu 
LOG (nnet-latgen-faster[5.5.1137~1-51744]:DecodeUtteranceLatticeFaster():decoder-wrappers.cc:375) Log-like per frame for utterance MGN306 is 0.159389 over 441 frames.
MGN307 manx sarinddeu kiizhee kaanxbadeu 
LOG (nnet-latgen-faster[5.5.1137~1-51744]:DecodeUtteranceLatticeFaster():decoder-wrappers.cc:375) Log-like per frame for utterance MGN307 is 0.183456 over 327 frames.
MGN308 malar tuuwi waazhtteu 
LOG (nnet-latgen-faster[5.5.1137~1-51744]:DecodeUtteranceLatticeFaster():decoder-wrappers.cc:375) Log-like per frame for utterance MGN308 is 0.233557 over 284 frames.
MGN309 iranxdxeu pal puunxdxeu ndalladeu 
LOG (nnet-latgen-faster[5.5.1137~1-51744]:DecodeUtteranceLatticeFaster():decoder-wrappers.cc:375) Log-like per frame for utterance MGN309 is 0.223912 over 499 frames.
MGN310 dusxtxan dusxtxa seyal seywaan 
LOG (nnet-latgen-faster[5.5.1137~1-51744]:DecodeUtteranceLatticeFaster():decoder-wrappers.cc:375) Log-like per frame for utterance MGN310 is 0.199768 over 374 frames.
MGN311 purxaa tuudeu anuppa tolai duuram parxanddadeu 
LOG (nnet-latgen-faster[5.5.1137~1-51744]:DecodeUtteranceLatticeFaster():decoder-wrappers.cc:375) Log-like per frame for utterance MGN311 is 0.225482 over 631 frames.
MGN312 manjjalx tuulx maruttuwa gunxam ndirxainddadeu 
LOG (nnet-latgen-faster[5.5.1137~1-51744]:DecodeUtteranceLatticeFaster():decoder-wrappers.cc:375) Log-like per frame for utterance MGN312 is 0.23317 over 458 frames.
MGN313 kutxtxaiyil tanxnxiir teenggiyadeu 
LOG (nnet-latgen-faster[5.5.1137~1-51744]:DecodeUtteranceLatticeFaster():decoder-wrappers.cc:375) Log-like per frame for utterance MGN313 is 0.238658 over 365 frames.
MGN314 toonrxiya pugazhin toonrxuga 
LOG (nnet-latgen-faster[5.5.1137~1-51744]:DecodeUtteranceLatticeFaster():decoder-wrappers.cc:375) Log-like per frame for utterance MGN314 is 0.147837 over 362 frames.
MGN315 toosxattirxkeu parigaaram sey 
LOG (nnet-latgen-faster[5.5.1137~1-51744]:DecodeUtteranceLatticeFaster():decoder-wrappers.cc:375) Log-like per frame for utterance MGN315 is 0.192439 over 354 frames.
MGN316 ndacceup pugai oosoonai baadikkum 
LOG (nnet-latgen-faster[5.5.1137~1-51744]:DecodeUtteranceLatticeFaster():decoder-wrappers.cc:375) Log-like per frame for utterance MGN316 is 0.203712 over 455 frames.
MGN317 paambin ndanjjeu kodxiyadeu 
LOG (nnet-latgen-faster[5.5.1137~1-51744]:DecodeUtteranceLatticeFaster():decoder-wrappers.cc:375) Log-like per frame for utterance MGN317 is 0.259205 over 343 frames.
MGN318 inrxeu mazhai ndiidxikkum 
LOG (nnet-latgen-faster[5.5.1137~1-51744]:DecodeUtteranceLatticeFaster():decoder-wrappers.cc:375) Log-like per frame for utterance MGN318 is 0.201029 over 326 frames.
MGN319 saalaiyil ndiir ndirambiyadeu 
LOG (nnet-latgen-faster[5.5.1137~1-51744]:DecodeUtteranceLatticeFaster():decoder-wrappers.cc:375) Log-like per frame for utterance MGN319 is 0.240682 over 350 frames.
MGN320 banggalxaadeesx oreu ndaadxeu 
LOG (nnet-latgen-faster[5.5.1137~1-51744]:DecodeUtteranceLatticeFaster():decoder-wrappers.cc:375) Log-like per frame for utterance MGN320 is 0.191154 over 305 frames.
MGN321 een ippadxi ndoonjjaanaaga ireukkaan 
LOG (nnet-latgen-faster[5.5.1137~1-51744]:DecodeUtteranceLatticeFaster():decoder-wrappers.cc:375) Log-like per frame for utterance MGN321 is 0.220264 over 413 frames.
MGN322 deesiya panggeu uyarnddadeu 
LOG (nnet-latgen-faster[5.5.1137~1-51744]:DecodeUtteranceLatticeFaster():decoder-wrappers.cc:375) Log-like per frame for utterance MGN322 is 0.222346 over 367 frames.
MGN323 maarc idil tanxnxiir panjjam ndilawiyadeu 
LOG (nnet-latgen-faster[5.5.1137~1-51744]:DecodeUtteranceLatticeFaster():decoder-wrappers.cc:375) Log-like per frame for utterance MGN323 is 0.201253 over 454 frames.
MGN324 panjjaayatteu wazhakkeu mudxiweukkeu wanddadeu 
LOG (nnet-latgen-faster[5.5.1137~1-51744]:DecodeUtteranceLatticeFaster():decoder-wrappers.cc:375) Log-like per frame for utterance MGN324 is 0.249518 over 580 frames.
MGN325 panjjeu nderuppil karugiyadeu 
LOG (nnet-latgen-faster[5.5.1137~1-51744]:DecodeUtteranceLatticeFaster():decoder-wrappers.cc:375) Log-like per frame for utterance MGN325 is 0.199008 over 516 frames.
MGN326 pazhanggudxi makkalx panxbeu sirxappeu 
LOG (nnet-latgen-faster[5.5.1137~1-51744]:DecodeUtteranceLatticeFaster():decoder-wrappers.cc:375) Log-like per frame for utterance MGN326 is 0.224097 over 450 frames.
MGN327 kaarai panxnxalaam mudal maadam 
LOG (nnet-latgen-faster[5.5.1137~1-51744]:DecodeUtteranceLatticeFaster():decoder-wrappers.cc:375) Log-like per frame for utterance MGN327 is 0.182752 over 452 frames.
MGN328 indda raajaa endda baasxai peesinaar 
LOG (nnet-latgen-faster[5.5.1137~1-51744]:DecodeUtteranceLatticeFaster():decoder-wrappers.cc:375) Log-like per frame for utterance MGN328 is 0.223195 over 419 frames.
MGN329 en purusxan balasaali 
LOG (nnet-latgen-faster[5.5.1137~1-51744]:DecodeUtteranceLatticeFaster():decoder-wrappers.cc:375) Log-like per frame for utterance MGN329 is 0.120977 over 272 frames.
MGN330 buwaneesxwar uuril puugambam 
LOG (nnet-latgen-faster[5.5.1137~1-51744]:DecodeUtteranceLatticeFaster():decoder-wrappers.cc:375) Log-like per frame for utterance MGN330 is 0.184466 over 413 frames.
MGN331 puurwa jenma banddam 
LOG (nnet-latgen-faster[5.5.1137~1-51744]:DecodeUtteranceLatticeFaster():decoder-wrappers.cc:375) Log-like per frame for utterance MGN331 is 0.207135 over 383 frames.
MGN332 inrxeu puujaiyil kalanddeu kolx 
LOG (nnet-latgen-faster[5.5.1137~1-51744]:DecodeUtteranceLatticeFaster():decoder-wrappers.cc:375) Log-like per frame for utterance MGN332 is 0.249341 over 383 frames.
MGN333 pon porulx paartteu pazhagaadee 
LOG (nnet-latgen-faster[5.5.1137~1-51744]:DecodeUtteranceLatticeFaster():decoder-wrappers.cc:375) Log-like per frame for utterance MGN333 is 0.241363 over 418 frames.
MGN334 un mugam poliwaaga ulxlxadeu 
LOG (nnet-latgen-faster[5.5.1137~1-51744]:DecodeUtteranceLatticeFaster():decoder-wrappers.cc:375) Log-like per frame for utterance MGN334 is 0.205125 over 443 frames.
MGN335 petxtxiyai kiizhee poodxeu 
LOG (nnet-latgen-faster[5.5.1137~1-51744]:DecodeUtteranceLatticeFaster():decoder-wrappers.cc:375) Log-like per frame for utterance MGN335 is 0.228998 over 340 frames.
MGN336 pooliyaana waazhkkai tawir 
LOG (nnet-latgen-faster[5.5.1137~1-51744]:DecodeUtteranceLatticeFaster():decoder-wrappers.cc:375) Log-like per frame for utterance MGN336 is 0.244959 over 381 frames.
MGN337 raagi poosxaakkaana unxaweu 
LOG (nnet-latgen-faster[5.5.1137~1-51744]:DecodeUtteranceLatticeFaster():decoder-wrappers.cc:375) Log-like per frame for utterance MGN337 is 0.176762 over 354 frames.
MGN338 elumbeu majjai waliyadeu 
LOG (nnet-latgen-faster[5.5.1137~1-51744]:DecodeUtteranceLatticeFaster():decoder-wrappers.cc:375) Log-like per frame for utterance MGN338 is 0.230583 over 314 frames.
MGN339 etxtxeukkaali oreu puucci 
LOG (nnet-latgen-faster[5.5.1137~1-51744]:DecodeUtteranceLatticeFaster():decoder-wrappers.cc:375) Log-like per frame for utterance MGN339 is 0.237227 over 275 frames.
MGN340 maaseuk maadattil mahaawiir jeyanddi 
LOG (nnet-latgen-faster[5.5.1137~1-51744]:DecodeUtteranceLatticeFaster():decoder-wrappers.cc:375) Log-like per frame for utterance MGN340 is 0.185966 over 427 frames.
MGN341 miin kanxnxeukkeu ndalladeu 
LOG (nnet-latgen-faster[5.5.1137~1-51744]:DecodeUtteranceLatticeFaster():decoder-wrappers.cc:375) Log-like per frame for utterance MGN341 is 0.274897 over 321 frames.
MGN342 muulxai illaadawan mutxtxaalx 
LOG (nnet-latgen-faster[5.5.1137~1-51744]:DecodeUtteranceLatticeFaster():decoder-wrappers.cc:375) Log-like per frame for utterance MGN342 is 0.193778 over 301 frames.
MGN343 tozhilil muuladanam poodxa weenxdxaam 
LOG (nnet-latgen-faster[5.5.1137~1-51744]:DecodeUtteranceLatticeFaster():decoder-wrappers.cc:375) Log-like per frame for utterance MGN343 is 0.203746 over 518 frames.
MGN344 meejai meel eerxi ndil 
LOG (nnet-latgen-faster[5.5.1137~1-51744]:DecodeUtteranceLatticeFaster():decoder-wrappers.cc:375) Log-like per frame for utterance MGN344 is 0.167677 over 330 frames.
MGN345 indda maiyanggalx enggeu ulxlxadeu 
LOG (nnet-latgen-faster[5.5.1137~1-51744]:DecodeUtteranceLatticeFaster():decoder-wrappers.cc:375) Log-like per frame for utterance MGN345 is 0.238745 over 399 frames.
MGN346 makkalx raajjiyam weenxdxum 
LOG (nnet-latgen-faster[5.5.1137~1-51744]:DecodeUtteranceLatticeFaster():decoder-wrappers.cc:375) Log-like per frame for utterance MGN346 is 0.190873 over 365 frames.
MGN347 injji poonrxa alla 
LOG (nnet-latgen-faster[5.5.1137~1-51744]:DecodeUtteranceLatticeFaster():decoder-wrappers.cc:375) Log-like per frame for utterance MGN347 is 0.170504 over 411 frames.
MGN348 lajjai enrxaal wekkam 
LOG (nnet-latgen-faster[5.5.1137~1-51744]:DecodeUtteranceLatticeFaster():decoder-wrappers.cc:375) Log-like per frame for utterance MGN348 is 0.190211 over 385 frames.
MGN349 tuukkam udxaleukkeu ndalladeu 
LOG (nnet-latgen-faster[5.5.1137~1-51744]:DecodeUtteranceLatticeFaster():decoder-wrappers.cc:375) Log-like per frame for utterance MGN349 is 0.222695 over 424 frames.
MGN350 laksxmi muga laksxanxam ulxlxa penx 
LOG (nnet-latgen-faster[5.5.1137~1-51744]:DecodeUtteranceLatticeFaster():decoder-wrappers.cc:375) Log-like per frame for utterance MGN350 is 0.152019 over 441 frames.
MGN351 ooram muyarxci walxarcci tarum 
LOG (nnet-latgen-faster[5.5.1137~1-51744]:DecodeUtteranceLatticeFaster():decoder-wrappers.cc:375) Log-like per frame for utterance MGN351 is 0.169218 over 425 frames.
MGN352 wiitxtxil wiseesxam unxdxeu 
LOG (nnet-latgen-faster[5.5.1137~1-51744]:DecodeUtteranceLatticeFaster():decoder-wrappers.cc:375) Log-like per frame for utterance MGN352 is 0.156091 over 414 frames.
MGN353 wandda wisxayattaik kuurxeu 
LOG (nnet-latgen-faster[5.5.1137~1-51744]:DecodeUtteranceLatticeFaster():decoder-wrappers.cc:375) Log-like per frame for utterance MGN353 is 0.202149 over 295 frames.
MGN354 en wiidi wazhiyaaga sellum peerunddeu 
LOG (nnet-latgen-faster[5.5.1137~1-51744]:DecodeUtteranceLatticeFaster():decoder-wrappers.cc:375) Log-like per frame for utterance MGN354 is 0.22034 over 485 frames.
MGN355 jadxai pinni weesxam poodxeu 
LOG (nnet-latgen-faster[5.5.1137~1-51744]:DecodeUtteranceLatticeFaster():decoder-wrappers.cc:375) Log-like per frame for utterance MGN355 is 0.177813 over 579 frames.
MGN356 janawari mudal maadam 
LOG (nnet-latgen-faster[5.5.1137~1-51744]:DecodeUtteranceLatticeFaster():decoder-wrappers.cc:375) Log-like per frame for utterance MGN356 is 0.2245 over 399 frames.
MGN357 janamee ndam balam 
LOG (nnet-latgen-faster[5.5.1137~1-51744]:DecodeUtteranceLatticeFaster():decoder-wrappers.cc:375) Log-like per frame for utterance MGN357 is 0.178061 over 311 frames.
MGN358 jaadi illaiyadxi paappaa 
LOG (nnet-latgen-faster[5.5.1137~1-51744]:DecodeUtteranceLatticeFaster():decoder-wrappers.cc:375) Log-like per frame for utterance MGN358 is 0.219387 over 374 frames.
MGN359 waay jaalam kaatxtxum manidan 
LOG (nnet-latgen-faster[5.5.1137~1-51744]:DecodeUtteranceLatticeFaster():decoder-wrappers.cc:375) Log-like per frame for utterance MGN359 is 0.220029 over 456 frames.
MGN360 jaalraa poodxa weenxdxaam 
LOG (nnet-latgen-faster[5.5.1137~1-51744]:DecodeUtteranceLatticeFaster():decoder-wrappers.cc:375) Log-like per frame for utterance MGN360 is 0.226331 over 432 frames.
MGN361 lanjja warala 
LOG (nnet-latgen-faster[5.5.1137~1-51744]:DecodeUtteranceLatticeFaster():decoder-wrappers.cc:375) Log-like per frame for utterance MGN361 is 0.1796 over 367 frames.
MGN362 aktxoobar iranxdxeu gaanddi jeyanddi 
LOG (nnet-latgen-faster[5.5.1137~1-51744]:DecodeUtteranceLatticeFaster():decoder-wrappers.cc:375) Log-like per frame for utterance MGN362 is 0.156269 over 605 frames.
MGN363 ndiinggalx sxeemamaaga irunggalx 
LOG (nnet-latgen-faster[5.5.1137~1-51744]:DecodeUtteranceLatticeFaster():decoder-wrappers.cc:375) Log-like per frame for utterance MGN363 is 0.182189 over 486 frames.
MGN364 togudi hetx sanddippeu 
LOG (nnet-latgen-faster[5.5.1137~1-51744]:DecodeUtteranceLatticeFaster():decoder-wrappers.cc:375) Log-like per frame for utterance MGN364 is 0.15745 over 399 frames.
MGN365 ndirxaiya walxarcci ndaatxtxeu walxarcci 
LOG (nnet-latgen-faster[5.5.1137~1-51744]:DecodeUtteranceLatticeFaster():decoder-wrappers.cc:375) Log-like per frame for utterance MGN365 is 0.149837 over 356 frames.
MKA293 guruwai sisxyan wanxangginaan 
LOG (nnet-latgen-faster[5.5.1137~1-51744]:DecodeUtteranceLatticeFaster():decoder-wrappers.cc:375) Log-like per frame for utterance MKA293 is 0.233069 over 390 frames.
MKA294 siikkiram eerxpaadxeu sey 
LOG (nnet-latgen-faster[5.5.1137~1-51744]:DecodeUtteranceLatticeFaster():decoder-wrappers.cc:375) Log-like per frame for utterance MKA294 is 0.250152 over 353 frames.
MKA295 siirxum paambai ndambaadee 
LOG (nnet-latgen-faster[5.5.1137~1-51744]:DecodeUtteranceLatticeFaster():decoder-wrappers.cc:375) Log-like per frame for utterance MKA295 is 0.284628 over 271 frames.
MKA296 iratxtxai suzhi sirxuwan seetxtxai seywaan 
LOG (nnet-latgen-faster[5.5.1137~1-51744]:DecodeUtteranceLatticeFaster():decoder-wrappers.cc:375) Log-like per frame for utterance MKA296 is 0.217438 over 526 frames.
MKA297 suutxcamam arxinddeu seyalpadxeu 
LOG (nnet-latgen-faster[5.5.1137~1-51744]:DecodeUtteranceLatticeFaster():decoder-wrappers.cc:375) Log-like per frame for utterance MKA297 is 0.235187 over 357 frames.
MKA298 asuran tawam irunddaan 
LOG (nnet-latgen-faster[5.5.1137~1-51744]:DecodeUtteranceLatticeFaster():decoder-wrappers.cc:375) Log-like per frame for utterance MKA298 is 0.168653 over 273 frames.
MKA299 kaalxi suulam eenddinaan 
LOG (nnet-latgen-faster[5.5.1137~1-51744]:DecodeUtteranceLatticeFaster():decoder-wrappers.cc:375) Log-like per frame for utterance MKA299 is 0.291207 over 356 frames.
MKA300 sutxrxeu suuzhal sugaadaaram pinpatxrxeu 
LOG (nnet-latgen-faster[5.5.1137~1-51744]:DecodeUtteranceLatticeFaster():decoder-wrappers.cc:375) Log-like per frame for utterance MKA300 is 0.237148 over 420 frames.
MKA301 seewalin kuuwalil pozhudeu widxiyum 
LOG (nnet-latgen-faster[5.5.1137~1-51744]:DecodeUtteranceLatticeFaster():decoder-wrappers.cc:375) Log-like per frame for utterance MKA301 is 0.164198 over 411 frames.
MKA302 enakkeu njaabaga marxadi unxdxeu 
LOG (nnet-latgen-faster[5.5.1137~1-51744]:DecodeUtteranceLatticeFaster():decoder-wrappers.cc:375) Log-like per frame for utterance MKA302 is 0.231227 over 351 frames.
MKA303 mazhai widxumurxai kadxai adxaippeu 
LOG (nnet-latgen-faster[5.5.1137~1-51744]:DecodeUtteranceLatticeFaster():decoder-wrappers.cc:375) Log-like per frame for utterance MKA303 is 0.198339 over 362 frames.
MKA304 tanggalx udxaimai miideu gawanam selutteu 
LOG (nnet-latgen-faster[5.5.1137~1-51744]:DecodeUtteranceLatticeFaster():decoder-wrappers.cc:375) Log-like per frame for utterance MKA304 is 0.201259 over 505 frames.
MKA305 tatruubamaaga ndadxitteuk kaatxtxa njaanam teewai 
LOG (nnet-latgen-faster[5.5.1137~1-51744]:DecodeUtteranceLatticeFaster():decoder-wrappers.cc:375) Log-like per frame for utterance MKA305 is 0.221444 over 558 frames.
MKA306 tii muutxtxi tii wibatteu ndadxanddadeu 
LOG (nnet-latgen-faster[5.5.1137~1-51744]:DecodeUtteranceLatticeFaster():decoder-wrappers.cc:375) Log-like per frame for utterance MKA306 is 0.222923 over 391 frames.
MKA307 un seyaleukkeut tiirweu kaanxeu 
LOG (nnet-latgen-faster[5.5.1137~1-51744]:DecodeUtteranceLatticeFaster():decoder-wrappers.cc:375) Log-like per frame for utterance MKA307 is 0.177481 over 388 frames.
MKA308 malar tuuwi waazhtteu 
LOG (nnet-latgen-faster[5.5.1137~1-51744]:DecodeUtteranceLatticeFaster():decoder-wrappers.cc:375) Log-like per frame for utterance MKA308 is 0.20191 over 283 frames.
MKA309 iranxdxeu pal puunxdxeu ndalladeu 
LOG (nnet-latgen-faster[5.5.1137~1-51744]:DecodeUtteranceLatticeFaster():decoder-wrappers.cc:375) Log-like per frame for utterance MKA309 is 0.210956 over 256 frames.
MKA310 dusxtxan dusxtxa seyal seywaan 
LOG (nnet-latgen-faster[5.5.1137~1-51744]:DecodeUtteranceLatticeFaster():decoder-wrappers.cc:375) Log-like per frame for utterance MKA310 is 0.251763 over 312 frames.
MKA311 raagi poosxaakkaana ndaa waazhkirxoom ndadxanddadeu 
LOG (nnet-latgen-faster[5.5.1137~1-51744]:DecodeUtteranceLatticeFaster():decoder-wrappers.cc:375) Log-like per frame for utterance MKA311 is 0.119308 over 502 frames.
MKA312 manjjalx tuulx maruttuwa gunxam ndirxainddadeu 
LOG (nnet-latgen-faster[5.5.1137~1-51744]:DecodeUtteranceLatticeFaster():decoder-wrappers.cc:375) Log-like per frame for utterance MKA312 is 0.170074 over 434 frames.
MKA313 kutxtxaiyil tanxnxiir teenggiyadeu 
LOG (nnet-latgen-faster[5.5.1137~1-51744]:DecodeUtteranceLatticeFaster():decoder-wrappers.cc:375) Log-like per frame for utterance MKA313 is 0.228588 over 405 frames.
MKA314 toonrxiya pugazhin toonrxuga 
LOG (nnet-latgen-faster[5.5.1137~1-51744]:DecodeUtteranceLatticeFaster():decoder-wrappers.cc:375) Log-like per frame for utterance MKA314 is 0.205429 over 406 frames.
MKA315 toosxattirxkeu parigaaram sey 
LOG (nnet-latgen-faster[5.5.1137~1-51744]:DecodeUtteranceLatticeFaster():decoder-wrappers.cc:375) Log-like per frame for utterance MKA315 is 0.186464 over 355 frames.
MKA316 ndacceup pugai oosoonai baadikkum 
LOG (nnet-latgen-faster[5.5.1137~1-51744]:DecodeUtteranceLatticeFaster():decoder-wrappers.cc:375) Log-like per frame for utterance MKA316 is 0.177817 over 405 frames.
MKA317 paambin ndanjjeu kodxiyadeu 
LOG (nnet-latgen-faster[5.5.1137~1-51744]:DecodeUtteranceLatticeFaster():decoder-wrappers.cc:375) Log-like per frame for utterance MKA317 is 0.24801 over 323 frames.
MKA318 inrxeu mazhai ndiidxikkum 
LOG (nnet-latgen-faster[5.5.1137~1-51744]:DecodeUtteranceLatticeFaster():decoder-wrappers.cc:375) Log-like per frame for utterance MKA318 is 0.21501 over 383 frames.
MKA319 saalaiyil ndiir ndirambiyadeu 
LOG (nnet-latgen-faster[5.5.1137~1-51744]:DecodeUtteranceLatticeFaster():decoder-wrappers.cc:375) Log-like per frame for utterance MKA319 is 0.226035 over 367 frames.
MKA320 banggalxaadeesx oreu ndaadxeu 
LOG (nnet-latgen-faster[5.5.1137~1-51744]:DecodeUtteranceLatticeFaster():decoder-wrappers.cc:375) Log-like per frame for utterance MKA320 is 0.226572 over 331 frames.
MKA321 een ippadxi ndoonjjaanaaga ireukkaan 
LOG (nnet-latgen-faster[5.5.1137~1-51744]:DecodeUtteranceLatticeFaster():decoder-wrappers.cc:375) Log-like per frame for utterance MKA321 is 0.132784 over 417 frames.
MKA322 deesiya panggeu uyarnddadeu 
LOG (nnet-latgen-faster[5.5.1137~1-51744]:DecodeUtteranceLatticeFaster():decoder-wrappers.cc:375) Log-like per frame for utterance MKA322 is 0.217096 over 397 frames.
MKA323 ndaatxtxil tanxnxiir panjjam ndilawiyadeu 
LOG (nnet-latgen-faster[5.5.1137~1-51744]:DecodeUtteranceLatticeFaster():decoder-wrappers.cc:375) Log-like per frame for utterance MKA323 is 0.221738 over 466 frames.
MKA324 panjjaayatteu wazhakkeu mudxiweukkeu wanddadeu 
LOG (nnet-latgen-faster[5.5.1137~1-51744]:DecodeUtteranceLatticeFaster():decoder-wrappers.cc:375) Log-like per frame for utterance MKA324 is 0.232232 over 480 frames.
MKA325 panjjeu nderuppil karugiyadeu 
LOG (nnet-latgen-faster[5.5.1137~1-51744]:DecodeUtteranceLatticeFaster():decoder-wrappers.cc:375) Log-like per frame for utterance MKA325 is 0.233387 over 344 frames.
MKA326 pazhanggudxi makkalx panxbeu sirxappeu 
LOG (nnet-latgen-faster[5.5.1137~1-51744]:DecodeUtteranceLatticeFaster():decoder-wrappers.cc:375) Log-like per frame for utterance MKA326 is 0.216898 over 472 frames.
MKA327 kaalai bajanai migawum pirabalam 
LOG (nnet-latgen-faster[5.5.1137~1-51744]:DecodeUtteranceLatticeFaster():decoder-wrappers.cc:375) Log-like per frame for utterance MKA327 is 0.19253 over 437 frames.
MKA328 indda raajaa endda baasxai peesinaar 
LOG (nnet-latgen-faster[5.5.1137~1-51744]:DecodeUtteranceLatticeFaster():decoder-wrappers.cc:375) Log-like per frame for utterance MKA328 is 0.209583 over 505 frames.
MKA329 en purusxan balasaali 
LOG (nnet-latgen-faster[5.5.1137~1-51744]:DecodeUtteranceLatticeFaster():decoder-wrappers.cc:375) Log-like per frame for utterance MKA329 is 0.215093 over 365 frames.
MKA330 buwaneesxwar uuril puugambam 
LOG (nnet-latgen-faster[5.5.1137~1-51744]:DecodeUtteranceLatticeFaster():decoder-wrappers.cc:375) Log-like per frame for utterance MKA330 is 0.120914 over 402 frames.
MKA331 puurwa jenma banddam 
LOG (nnet-latgen-faster[5.5.1137~1-51744]:DecodeUtteranceLatticeFaster():decoder-wrappers.cc:375) Log-like per frame for utterance MKA331 is 0.226032 over 313 frames.
MKA332 inrxeu puujaiyil kalanddeu kolx 
LOG (nnet-latgen-faster[5.5.1137~1-51744]:DecodeUtteranceLatticeFaster():decoder-wrappers.cc:375) Log-like per frame for utterance MKA332 is 0.23207 over 319 frames.
MKA333 pon porulx paartteu pazhagaadee 
LOG (nnet-latgen-faster[5.5.1137~1-51744]:DecodeUtteranceLatticeFaster():decoder-wrappers.cc:375) Log-like per frame for utterance MKA333 is 0.21529 over 393 frames.
MKA334 un mugam poliwaaga ulxlxadeu 
LOG (nnet-latgen-faster[5.5.1137~1-51744]:DecodeUtteranceLatticeFaster():decoder-wrappers.cc:375) Log-like per frame for utterance MKA334 is 0.199302 over 329 frames.
MKA335 petxtxiyai kiizhee poodxeu 
LOG (nnet-latgen-faster[5.5.1137~1-51744]:DecodeUtteranceLatticeFaster():decoder-wrappers.cc:375) Log-like per frame for utterance MKA335 is 0.19097 over 260 frames.
MKA336 pooliyaana waazhkkai tawir 
LOG (nnet-latgen-faster[5.5.1137~1-51744]:DecodeUtteranceLatticeFaster():decoder-wrappers.cc:375) Log-like per frame for utterance MKA336 is 0.228074 over 360 frames.
MKA337 raagi poosxaakkaana unxaweu 
LOG (nnet-latgen-faster[5.5.1137~1-51744]:DecodeUtteranceLatticeFaster():decoder-wrappers.cc:375) Log-like per frame for utterance MKA337 is 0.18514 over 323 frames.
MKA338 elumbeu majjai waliyadeu 
LOG (nnet-latgen-faster[5.5.1137~1-51744]:DecodeUtteranceLatticeFaster():decoder-wrappers.cc:375) Log-like per frame for utterance MKA338 is 0.217822 over 324 frames.
MKA339 etxtxeukkaali oreu puucci 
LOG (nnet-latgen-faster[5.5.1137~1-51744]:DecodeUtteranceLatticeFaster():decoder-wrappers.cc:375) Log-like per frame for utterance MKA339 is 0.237447 over 359 frames.
MKA340 maarc maadattil mahaawiir jeyanddi 
LOG (nnet-latgen-faster[5.5.1137~1-51744]:DecodeUtteranceLatticeFaster():decoder-wrappers.cc:375) Log-like per frame for utterance MKA340 is 0.157925 over 476 frames.
MKA341 miin kanxnxeukkeu ndalladeu 
LOG (nnet-latgen-faster[5.5.1137~1-51744]:DecodeUtteranceLatticeFaster():decoder-wrappers.cc:375) Log-like per frame for utterance MKA341 is 0.207125 over 263 frames.
MKA342 muulxai illaadawan mutxtxaalx 
LOG (nnet-latgen-faster[5.5.1137~1-51744]:DecodeUtteranceLatticeFaster():decoder-wrappers.cc:375) Log-like per frame for utterance MKA342 is 0.224795 over 379 frames.
MKA343 tozhilil muuladanam poodxa weenxdxum 
LOG (nnet-latgen-faster[5.5.1137~1-51744]:DecodeUtteranceLatticeFaster():decoder-wrappers.cc:375) Log-like per frame for utterance MKA343 is 0.217505 over 439 frames.
MKA344 muunrxeu meel eerxi ndil 
LOG (nnet-latgen-faster[5.5.1137~1-51744]:DecodeUtteranceLatticeFaster():decoder-wrappers.cc:375) Log-like per frame for utterance MKA344 is 0.165281 over 350 frames.
MKA345 indda maiyanggalx enggeu ulxlxadeu 
LOG (nnet-latgen-faster[5.5.1137~1-51744]:DecodeUtteranceLatticeFaster():decoder-wrappers.cc:375) Log-like per frame for utterance MKA345 is 0.180619 over 401 frames.
MKA346 makkalx raajjiyam weenxdxum 
LOG (nnet-latgen-faster[5.5.1137~1-51744]:DecodeUtteranceLatticeFaster():decoder-wrappers.cc:375) Log-like per frame for utterance MKA346 is 0.188029 over 290 frames.
MKA347 risxikkeu roosxam adigam 
LOG (nnet-latgen-faster[5.5.1137~1-51744]:DecodeUtteranceLatticeFaster():decoder-wrappers.cc:375) Log-like per frame for utterance MKA347 is 0.186355 over 234 frames.
MKA348 lajjai enrxaal wekkam 
LOG (nnet-latgen-faster[5.5.1137~1-51744]:DecodeUtteranceLatticeFaster():decoder-wrappers.cc:375) Log-like per frame for utterance MKA348 is 0.167842 over 275 frames.
MKA349 tuukkam udxaleukkeu ndalladeu 
LOG (nnet-latgen-faster[5.5.1137~1-51744]:DecodeUtteranceLatticeFaster():decoder-wrappers.cc:375) Log-like per frame for utterance MKA349 is 0.21636 over 282 frames.
MKA350 laksxmi muga laksxanxam ulxlxa penx 
LOG (nnet-latgen-faster[5.5.1137~1-51744]:DecodeUtteranceLatticeFaster():decoder-wrappers.cc:375) Log-like per frame for utterance MKA350 is 0.207338 over 335 frames.
MKA351 widxaa muyarxci walxarcci tarum 
LOG (nnet-latgen-faster[5.5.1137~1-51744]:DecodeUtteranceLatticeFaster():decoder-wrappers.cc:375) Log-like per frame for utterance MKA351 is 0.217145 over 304 frames.
MKA352 wiitxtxil wiseesxam unxdxeu 
LOG (nnet-latgen-faster[5.5.1137~1-51744]:DecodeUtteranceLatticeFaster():decoder-wrappers.cc:375) Log-like per frame for utterance MKA352 is 0.199329 over 289 frames.
MKA353 wandda wisxayattaik kuurxeu 
LOG (nnet-latgen-faster[5.5.1137~1-51744]:DecodeUtteranceLatticeFaster():decoder-wrappers.cc:375) Log-like per frame for utterance MKA353 is 0.216691 over 313 frames.
MKA354 en wiidi wazhiyaaga sellum peerunddeu 
LOG (nnet-latgen-faster[5.5.1137~1-51744]:DecodeUtteranceLatticeFaster():decoder-wrappers.cc:375) Log-like per frame for utterance MKA354 is 0.205102 over 464 frames.
MKA355 jadxai pinni weesxam poodxeu 
LOG (nnet-latgen-faster[5.5.1137~1-51744]:DecodeUtteranceLatticeFaster():decoder-wrappers.cc:375) Log-like per frame for utterance MKA355 is 0.247972 over 351 frames.
MKA356 janawari mudal maadam 
LOG (nnet-latgen-faster[5.5.1137~1-51744]:DecodeUtteranceLatticeFaster():decoder-wrappers.cc:375) Log-like per frame for utterance MKA356 is 0.223871 over 309 frames.
MKA357 janamee ndam balam 
LOG (nnet-latgen-faster[5.5.1137~1-51744]:DecodeUtteranceLatticeFaster():decoder-wrappers.cc:375) Log-like per frame for utterance MKA357 is 0.239685 over 295 frames.
MKA358 jaadi illaiyadxi paappaa 
LOG (nnet-latgen-faster[5.5.1137~1-51744]:DecodeUtteranceLatticeFaster():decoder-wrappers.cc:375) Log-like per frame for utterance MKA358 is 0.285745 over 369 frames.
MKA359 waay jaalam kaatxtxum manidan 
LOG (nnet-latgen-faster[5.5.1137~1-51744]:DecodeUtteranceLatticeFaster():decoder-wrappers.cc:375) Log-like per frame for utterance MKA359 is 0.270547 over 377 frames.
MKA360 jaalraa poodxa weenxdxaam 
LOG (nnet-latgen-faster[5.5.1137~1-51744]:DecodeUtteranceLatticeFaster():decoder-wrappers.cc:375) Log-like per frame for utterance MKA360 is 0.230674 over 328 frames.
MKA361 ajiiranxak koolxaarxeu 
LOG (nnet-latgen-faster[5.5.1137~1-51744]:DecodeUtteranceLatticeFaster():decoder-wrappers.cc:375) Log-like per frame for utterance MKA361 is 0.136777 over 234 frames.
MKA362 aktxoobar iranxdxeu gaanddi jeyanddi 
LOG (nnet-latgen-faster[5.5.1137~1-51744]:DecodeUtteranceLatticeFaster():decoder-wrappers.cc:375) Log-like per frame for utterance MKA362 is 0.219549 over 353 frames.
MKA363 ndiinggalx sxeemamaaga irunggalx 
LOG (nnet-latgen-faster[5.5.1137~1-51744]:DecodeUtteranceLatticeFaster():decoder-wrappers.cc:375) Log-like per frame for utterance MKA363 is 0.253284 over 360 frames.
MKA364 togudi hetx sanddippeu 
LOG (nnet-latgen-faster[5.5.1137~1-51744]:DecodeUtteranceLatticeFaster():decoder-wrappers.cc:375) Log-like per frame for utterance MKA364 is 0.155519 over 313 frames.
MKA365 winjnjaana walxarcci ndaatxtxeu walxarcci 
LOG (nnet-latgen-faster[5.5.1137~1-51744]:DecodeUtteranceLatticeFaster():decoder-wrappers.cc:375) Log-like per frame for utterance MKA365 is 0.226291 over 300 frames.
MMU293 guruwai sisxyan wanxangginaan 
LOG (nnet-latgen-faster[5.5.1137~1-51744]:DecodeUtteranceLatticeFaster():decoder-wrappers.cc:375) Log-like per frame for utterance MMU293 is 0.186027 over 393 frames.
MMU294 siikkiram eerxpaadxeu sey 
LOG (nnet-latgen-faster[5.5.1137~1-51744]:DecodeUtteranceLatticeFaster():decoder-wrappers.cc:375) Log-like per frame for utterance MMU294 is 0.187878 over 230 frames.
MMU295 siirxum paambai ndambaadee 
LOG (nnet-latgen-faster[5.5.1137~1-51744]:DecodeUtteranceLatticeFaster():decoder-wrappers.cc:375) Log-like per frame for utterance MMU295 is 0.234778 over 380 frames.
MMU296 iratxtxai suzhi sirxuwan seetxtxai seywaan 
LOG (nnet-latgen-faster[5.5.1137~1-51744]:DecodeUtteranceLatticeFaster():decoder-wrappers.cc:375) Log-like per frame for utterance MMU296 is 0.20488 over 450 frames.
MMU297 paambeu arxinddeu seyalpadxeu 
LOG (nnet-latgen-faster[5.5.1137~1-51744]:DecodeUtteranceLatticeFaster():decoder-wrappers.cc:375) Log-like per frame for utterance MMU297 is 0.160123 over 353 frames.
MMU298 asuran tawam irunddaan 
LOG (nnet-latgen-faster[5.5.1137~1-51744]:DecodeUtteranceLatticeFaster():decoder-wrappers.cc:375) Log-like per frame for utterance MMU298 is 0.188563 over 280 frames.
MMU299 kaalxi suulam eenddinaan 
LOG (nnet-latgen-faster[5.5.1137~1-51744]:DecodeUtteranceLatticeFaster():decoder-wrappers.cc:375) Log-like per frame for utterance MMU299 is 0.171355 over 374 frames.
MMU300 sutxrxeu suuzhal sugaadaaram pinpatxrxeu 
LOG (nnet-latgen-faster[5.5.1137~1-51744]:DecodeUtteranceLatticeFaster():decoder-wrappers.cc:375) Log-like per frame for utterance MMU300 is 0.129262 over 395 frames.
MMU301 seewalin kuuwalil pozhudeu widxiyum 
LOG (nnet-latgen-faster[5.5.1137~1-51744]:DecodeUtteranceLatticeFaster():decoder-wrappers.cc:375) Log-like per frame for utterance MMU301 is 0.192645 over 465 frames.
MMU302 enakkeu ellaam puucci ndunggeu 
LOG (nnet-latgen-faster[5.5.1137~1-51744]:DecodeUtteranceLatticeFaster():decoder-wrappers.cc:375) Log-like per frame for utterance MMU302 is 0.113986 over 268 frames.
MMU303 njaayirxeu widxumurxai kadxai adxaippeu 
LOG (nnet-latgen-faster[5.5.1137~1-51744]:DecodeUtteranceLatticeFaster():decoder-wrappers.cc:375) Log-like per frame for utterance MMU303 is 0.183957 over 428 frames.
MMU304 tanggalx udxaimai miideu gawanam selutteu 
LOG (nnet-latgen-faster[5.5.1137~1-51744]:DecodeUtteranceLatticeFaster():decoder-wrappers.cc:375) Log-like per frame for utterance MMU304 is 0.173321 over 505 frames.
MMU305 tatruubamaaga ndadxitteuk kaatxtxa njaanam teewai 
LOG (nnet-latgen-faster[5.5.1137~1-51744]:DecodeUtteranceLatticeFaster():decoder-wrappers.cc:375) Log-like per frame for utterance MMU305 is 0.190239 over 519 frames.
MMU306 singgam igazhcci puucci ndanrxi 
LOG (nnet-latgen-faster[5.5.1137~1-51744]:DecodeUtteranceLatticeFaster():decoder-wrappers.cc:375) Log-like per frame for utterance MMU306 is 0.135464 over 425 frames.
MMU307 un seyaleukkeut tiirweu kaanxeu 
LOG (nnet-latgen-faster[5.5.1137~1-51744]:DecodeUtteranceLatticeFaster():decoder-wrappers.cc:375) Log-like per frame for utterance MMU307 is 0.175033 over 414 frames.
MMU308 malar tuuwi waazhtteu 
LOG (nnet-latgen-faster[5.5.1137~1-51744]:DecodeUtteranceLatticeFaster():decoder-wrappers.cc:375) Log-like per frame for utterance MMU308 is 0.178414 over 293 frames.
MMU309 iranxdxeu pal puunxdxeu ndalladeu 
LOG (nnet-latgen-faster[5.5.1137~1-51744]:DecodeUtteranceLatticeFaster():decoder-wrappers.cc:375) Log-like per frame for utterance MMU309 is 0.169454 over 361 frames.
MMU310 dusxtxan dusxtxa seyal seywaan 
LOG (nnet-latgen-faster[5.5.1137~1-51744]:DecodeUtteranceLatticeFaster():decoder-wrappers.cc:375) Log-like per frame for utterance MMU310 is 0.223374 over 520 frames.
MMU311 purxaa tuudeu anuppa tolai duuram parxanddadeu 
LOG (nnet-latgen-faster[5.5.1137~1-51744]:DecodeUtteranceLatticeFaster():decoder-wrappers.cc:375) Log-like per frame for utterance MMU311 is 0.198212 over 420 frames.
MMU312 manjjalx tuulx maruttuwa gunxam ndirxainddadeu 
LOG (nnet-latgen-faster[5.5.1137~1-51744]:DecodeUtteranceLatticeFaster():decoder-wrappers.cc:375) Log-like per frame for utterance MMU312 is 0.143499 over 502 frames.
MMU313 kutxtxaiyil tanxnxiir teenggiyadeu 
LOG (nnet-latgen-faster[5.5.1137~1-51744]:DecodeUtteranceLatticeFaster():decoder-wrappers.cc:375) Log-like per frame for utterance MMU313 is 0.225353 over 390 frames.
MMU314 toonrxiya pugazhin toonrxuga 
LOG (nnet-latgen-faster[5.5.1137~1-51744]:DecodeUtteranceLatticeFaster():decoder-wrappers.cc:375) Log-like per frame for utterance MMU314 is 0.205493 over 328 frames.
MMU315 koosxam ezhuppaadee 
LOG (nnet-latgen-faster[5.5.1137~1-51744]:DecodeUtteranceLatticeFaster():decoder-wrappers.cc:375) Log-like per frame for utterance MMU315 is 0.129622 over 279 frames.
MMU316 ndacceup pugai oosoonai baadikkum 
LOG (nnet-latgen-faster[5.5.1137~1-51744]:DecodeUtteranceLatticeFaster():decoder-wrappers.cc:375) Log-like per frame for utterance MMU316 is 0.184517 over 478 frames.
MMU317 paambin ndanjjeu kodxiyadeu 
LOG (nnet-latgen-faster[5.5.1137~1-51744]:DecodeUtteranceLatticeFaster():decoder-wrappers.cc:375) Log-like per frame for utterance MMU317 is 0.196684 over 368 frames.
MMU318 inrxeu mazhai ndiidxikkum 
LOG (nnet-latgen-faster[5.5.1137~1-51744]:DecodeUtteranceLatticeFaster():decoder-wrappers.cc:375) Log-like per frame for utterance MMU318 is 0.208409 over 417 frames.
MMU319 saalaiyil ndiir ndirambiyadeu 
LOG (nnet-latgen-faster[5.5.1137~1-51744]:DecodeUtteranceLatticeFaster():decoder-wrappers.cc:375) Log-like per frame for utterance MMU319 is 0.189895 over 442 frames.
MMU320 banggalxaadeesx oreu ndaadxeu 
LOG (nnet-latgen-faster[5.5.1137~1-51744]:DecodeUtteranceLatticeFaster():decoder-wrappers.cc:375) Log-like per frame for utterance MMU320 is 0.160684 over 321 frames.
MMU321 inrxeu mazhai ndoonjjaanaaga ireukkaan 
LOG (nnet-latgen-faster[5.5.1137~1-51744]:DecodeUtteranceLatticeFaster():decoder-wrappers.cc:375) Log-like per frame for utterance MMU321 is 0.163237 over 537 frames.
MMU322 deesiya panggeu uyarnddadeu 
LOG (nnet-latgen-faster[5.5.1137~1-51744]:DecodeUtteranceLatticeFaster():decoder-wrappers.cc:375) Log-like per frame for utterance MMU322 is 0.202212 over 323 frames.
MMU323 ndaatxtxil tanxnxiir panjjam ndilawiyadeu 
LOG (nnet-latgen-faster[5.5.1137~1-51744]:DecodeUtteranceLatticeFaster():decoder-wrappers.cc:375) Log-like per frame for utterance MMU323 is 0.227248 over 444 frames.
MMU324 panjjaayatteu wazhakkeu mudxiweukkeu wanddadeu 
LOG (nnet-latgen-faster[5.5.1137~1-51744]:DecodeUtteranceLatticeFaster():decoder-wrappers.cc:375) Log-like per frame for utterance MMU324 is 0.216603 over 441 frames.
MMU325 panjjeu nderuppil karugiyadeu 
LOG (nnet-latgen-faster[5.5.1137~1-51744]:DecodeUtteranceLatticeFaster():decoder-wrappers.cc:375) Log-like per frame for utterance MMU325 is 0.171932 over 288 frames.
MMU326 pazhanggudxi makkalx panxbeu sirxappeu 
LOG (nnet-latgen-faster[5.5.1137~1-51744]:DecodeUtteranceLatticeFaster():decoder-wrappers.cc:375) Log-like per frame for utterance MMU326 is 0.175561 over 408 frames.
MMU327 kaalai bajanai migawum pirabalam 
LOG (nnet-latgen-faster[5.5.1137~1-51744]:DecodeUtteranceLatticeFaster():decoder-wrappers.cc:375) Log-like per frame for utterance MMU327 is 0.124368 over 357 frames.
MMU328 indda raajaa endda baasxai peesinaar 
LOG (nnet-latgen-faster[5.5.1137~1-51744]:DecodeUtteranceLatticeFaster():decoder-wrappers.cc:375) Log-like per frame for utterance MMU328 is 0.201624 over 398 frames.
MMU329 en purusxan balasaali 
LOG (nnet-latgen-faster[5.5.1137~1-51744]:DecodeUtteranceLatticeFaster():decoder-wrappers.cc:375) Log-like per frame for utterance MMU329 is 0.16952 over 319 frames.
MMU330 buwaneesxwar uuril puugambam 
LOG (nnet-latgen-faster[5.5.1137~1-51744]:DecodeUtteranceLatticeFaster():decoder-wrappers.cc:375) Log-like per frame for utterance MMU330 is 0.212176 over 331 frames.
MMU331 puurwa jenma banddam 
LOG (nnet-latgen-faster[5.5.1137~1-51744]:DecodeUtteranceLatticeFaster():decoder-wrappers.cc:375) Log-like per frame for utterance MMU331 is 0.220963 over 339 frames.
MMU332 inrxeu puujaiyil kalanddeu kolx 
LOG (nnet-latgen-faster[5.5.1137~1-51744]:DecodeUtteranceLatticeFaster():decoder-wrappers.cc:375) Log-like per frame for utterance MMU332 is 0.220156 over 395 frames.
MMU333 pon porulx paartteu pazhagaadee 
LOG (nnet-latgen-faster[5.5.1137~1-51744]:DecodeUtteranceLatticeFaster():decoder-wrappers.cc:375) Log-like per frame for utterance MMU333 is 0.194001 over 387 frames.
MMU334 un mugam poliwaaga ulxlxadeu 
LOG (nnet-latgen-faster[5.5.1137~1-51744]:DecodeUtteranceLatticeFaster():decoder-wrappers.cc:375) Log-like per frame for utterance MMU334 is 0.223692 over 304 frames.
MMU335 dxeyli iiyam puuseu 
LOG (nnet-latgen-faster[5.5.1137~1-51744]:DecodeUtteranceLatticeFaster():decoder-wrappers.cc:375) Log-like per frame for utterance MMU335 is 0.123426 over 218 frames.
MMU336 uurudxan waazh kuuccal 
LOG (nnet-latgen-faster[5.5.1137~1-51744]:DecodeUtteranceLatticeFaster():decoder-wrappers.cc:375) Log-like per frame for utterance MMU336 is 0.125633 over 283 frames.
MMU337 raagi poosxaakkaana unxaweu 
LOG (nnet-latgen-faster[5.5.1137~1-51744]:DecodeUtteranceLatticeFaster():decoder-wrappers.cc:375) Log-like per frame for utterance MMU337 is 0.216319 over 409 frames.
MMU338 elumbeu majjai waliyadeu 
LOG (nnet-latgen-faster[5.5.1137~1-51744]:DecodeUtteranceLatticeFaster():decoder-wrappers.cc:375) Log-like per frame for utterance MMU338 is 0.174963 over 468 frames.
MMU339 etxtxeukkaali oreu puucci 
LOG (nnet-latgen-faster[5.5.1137~1-51744]:DecodeUtteranceLatticeFaster():decoder-wrappers.cc:375) Log-like per frame for utterance MMU339 is 0.23587 over 346 frames.
MMU340 maarc maadattil mahaawiir jeyanddi 
LOG (nnet-latgen-faster[5.5.1137~1-51744]:DecodeUtteranceLatticeFaster():decoder-wrappers.cc:375) Log-like per frame for utterance MMU340 is 0.137362 over 389 frames.
MMU341 miin kanxnxeukkeu ndalladeu 
LOG (nnet-latgen-faster[5.5.1137~1-51744]:DecodeUtteranceLatticeFaster():decoder-wrappers.cc:375) Log-like per frame for utterance MMU341 is 0.180817 over 371 frames.
MMU342 muulxai illaadawan mutxtxaalx 
LOG (nnet-latgen-faster[5.5.1137~1-51744]:DecodeUtteranceLatticeFaster():decoder-wrappers.cc:375) Log-like per frame for utterance MMU342 is 0.245567 over 258 frames.
MMU343 tozhilil muuladanam poodxa weenxdxum 
LOG (nnet-latgen-faster[5.5.1137~1-51744]:DecodeUtteranceLatticeFaster():decoder-wrappers.cc:375) Log-like per frame for utterance MMU343 is 0.224771 over 364 frames.
MMU344 meejai meel eerxi ndil 
LOG (nnet-latgen-faster[5.5.1137~1-51744]:DecodeUtteranceLatticeFaster():decoder-wrappers.cc:375) Log-like per frame for utterance MMU344 is 0.121774 over 245 frames.
MMU345 ezhutteut 
LOG (nnet-latgen-faster[5.5.1137~1-51744]:DecodeUtteranceLatticeFaster():decoder-wrappers.cc:375) Log-like per frame for utterance MMU345 is 0.141284 over 329 frames.
MMU346 makkalx raajjiyam weenxdxum 
LOG (nnet-latgen-faster[5.5.1137~1-51744]:DecodeUtteranceLatticeFaster():decoder-wrappers.cc:375) Log-like per frame for utterance MMU346 is 0.208496 over 360 frames.
MMU347 sxasxtxi roosxam adigam 
LOG (nnet-latgen-faster[5.5.1137~1-51744]:DecodeUtteranceLatticeFaster():decoder-wrappers.cc:375) Log-like per frame for utterance MMU347 is 0.141282 over 384 frames.
MMU348 jaadi enrxaal wekkam 
LOG (nnet-latgen-faster[5.5.1137~1-51744]:DecodeUtteranceLatticeFaster():decoder-wrappers.cc:375) Log-like per frame for utterance MMU348 is 0.155972 over 345 frames.
MMU349 tuukkam udxaleukkeu ndalladeu 
LOG (nnet-latgen-faster[5.5.1137~1-51744]:DecodeUtteranceLatticeFaster():decoder-wrappers.cc:375) Log-like per frame for utterance MMU349 is 0.221791 over 341 frames.
MMU350 laksxmi muga laksxanxam ulxlxa penx 
LOG (nnet-latgen-faster[5.5.1137~1-51744]:DecodeUtteranceLatticeFaster():decoder-wrappers.cc:375) Log-like per frame for utterance MMU350 is 0.210129 over 479 frames.
MMU351 widxaa muyarxci walxarcci tarum 
LOG (nnet-latgen-faster[5.5.1137~1-51744]:DecodeUtteranceLatticeFaster():decoder-wrappers.cc:375) Log-like per frame for utterance MMU351 is 0.19923 over 330 frames.
MMU352 wiitxtxil wiseesxam unxdxeu 
LOG (nnet-latgen-faster[5.5.1137~1-51744]:DecodeUtteranceLatticeFaster():decoder-wrappers.cc:375) Log-like per frame for utterance MMU352 is 0.159458 over 254 frames.
MMU353 anggee inggee kiizhee poodxeu 
LOG (nnet-latgen-faster[5.5.1137~1-51744]:DecodeUtteranceLatticeFaster():decoder-wrappers.cc:375) Log-like per frame for utterance MMU353 is 0.161671 over 337 frames.
MMU354 en wiidi wazhiyaaga sellum peerunddeu 
LOG (nnet-latgen-faster[5.5.1137~1-51744]:DecodeUtteranceLatticeFaster():decoder-wrappers.cc:375) Log-like per frame for utterance MMU354 is 0.143543 over 524 frames.
MMU355 jadxai pinni weesxam poodxeu 
LOG (nnet-latgen-faster[5.5.1137~1-51744]:DecodeUtteranceLatticeFaster():decoder-wrappers.cc:375) Log-like per frame for utterance MMU355 is 0.217676 over 426 frames.
MMU356 janawari mudal maadam 
LOG (nnet-latgen-faster[5.5.1137~1-51744]:DecodeUtteranceLatticeFaster():decoder-wrappers.cc:375) Log-like per frame for utterance MMU356 is 0.193879 over 330 frames.
MMU357 janamee ndam balam 
LOG (nnet-latgen-faster[5.5.1137~1-51744]:DecodeUtteranceLatticeFaster():decoder-wrappers.cc:375) Log-like per frame for utterance MMU357 is 0.213967 over 227 frames.
MMU358 jaadi illaiyadxi paappaa 
LOG (nnet-latgen-faster[5.5.1137~1-51744]:DecodeUtteranceLatticeFaster():decoder-wrappers.cc:375) Log-like per frame for utterance MMU358 is 0.258943 over 403 frames.
MMU359 waay jaalam kaatxtxum manidan 
LOG (nnet-latgen-faster[5.5.1137~1-51744]:DecodeUtteranceLatticeFaster():decoder-wrappers.cc:375) Log-like per frame for utterance MMU359 is 0.252525 over 375 frames.
MMU360 jaalraa poodxa weenxdxaam 
LOG (nnet-latgen-faster[5.5.1137~1-51744]:DecodeUtteranceLatticeFaster():decoder-wrappers.cc:375) Log-like per frame for utterance MMU360 is 0.217807 over 345 frames.
MMU361 ajiiranxak koolxaarxeu 
LOG (nnet-latgen-faster[5.5.1137~1-51744]:DecodeUtteranceLatticeFaster():decoder-wrappers.cc:375) Log-like per frame for utterance MMU361 is 0.122854 over 226 frames.
LOG (apply-cmvn[5.5.1137~1-51744]:main():apply-cmvn.cc:162) Applied cepstral mean normalization to 219 utterances, errors on 0
MMU362 aktxoobar iranxdxeu gaanddi jeyanddi 
LOG (nnet-latgen-faster[5.5.1137~1-51744]:DecodeUtteranceLatticeFaster():decoder-wrappers.cc:375) Log-like per frame for utterance MMU362 is 0.201254 over 481 frames.
MMU363 ndiinggalx sxeemamaaga irunggalx 
LOG (nnet-latgen-faster[5.5.1137~1-51744]:DecodeUtteranceLatticeFaster():decoder-wrappers.cc:375) Log-like per frame for utterance MMU363 is 0.21258 over 458 frames.
MMU364 kulxircci sanddippeu 
LOG (nnet-latgen-faster[5.5.1137~1-51744]:DecodeUtteranceLatticeFaster():decoder-wrappers.cc:375) Log-like per frame for utterance MMU364 is 0.156144 over 256 frames.
MMU365 winjnjaana walxarcci ndaatxtxeu walxarcci 
LOG (nnet-latgen-faster[5.5.1137~1-51744]:DecodeUtteranceLatticeFaster():decoder-wrappers.cc:375) Log-like per frame for utterance MMU365 is 0.200227 over 434 frames.
LOG (nnet-latgen-faster[5.5.1137~1-51744]:main():nnet-latgen-faster.cc:181) Time taken 200.363s: real-time factor assuming 100 frames/sec is 0.240142
LOG (nnet-latgen-faster[5.5.1137~1-51744]:main():nnet-latgen-faster.cc:184) Done 219 utterances, failed for 0
LOG (nnet-latgen-faster[5.5.1137~1-51744]:main():nnet-latgen-faster.cc:186) Overall log-likelihood per frame is 0.20004 over 83435 frames.
# Accounting: time=200 threads=1
# Ended (code 0) at Wed Aug 28 02:30:55 IST 2024, elapsed time 200 seconds
