# lattice-depth-per-frame "ark:gunzip -c exp_FG/DNN_tri_8_2000_aligned_layer3_nodes256/decode/lat.3.gz|" "ark,t:|gzip -c > exp_FG/DNN_tri_8_2000_aligned_layer3_nodes256/decode/depth_tmp.3.gz" ark:- | lattice-best-path --acoustic-scale=0.1 ark:- ark:/dev/null "ark,t:|gzip -c >exp_FG/DNN_tri_8_2000_aligned_layer3_nodes256/decode/ali_tmp.3.gz" 
# Started at Wed Aug 28 02:31:15 IST 2024
#
lattice-depth-per-frame 'ark:gunzip -c exp_FG/DNN_tri_8_2000_aligned_layer3_nodes256/decode/lat.3.gz|' 'ark,t:|gzip -c > exp_FG/DNN_tri_8_2000_aligned_layer3_nodes256/decode/depth_tmp.3.gz' ark:- 
lattice-best-path --acoustic-scale=0.1 ark:- ark:/dev/null 'ark,t:|gzip -c >exp_FG/DNN_tri_8_2000_aligned_layer3_nodes256/decode/ali_tmp.3.gz' 
LOG (lattice-best-path[5.5.1137~1-51744]:main():lattice-best-path.cc:99) For utterance MGN293, best cost 25.1729 + -99.5036 = -74.3307 over 406 frames.
LOG (lattice-best-path[5.5.1137~1-51744]:main():lattice-best-path.cc:99) For utterance MGN294, best cost 22.7775 + -89.0734 = -66.2959 over 301 frames.
LOG (lattice-best-path[5.5.1137~1-51744]:main():lattice-best-path.cc:99) For utterance MGN295, best cost 26.3155 + -104.866 = -78.5506 over 319 frames.
LOG (lattice-best-path[5.5.1137~1-51744]:main():lattice-best-path.cc:99) For utterance MGN296, best cost 33.5285 + -142.064 = -108.536 over 487 frames.
LOG (lattice-best-path[5.5.1137~1-51744]:main():lattice-best-path.cc:99) For utterance MGN297, best cost 45.647 + -124.566 = -78.9189 over 411 frames.
LOG (lattice-best-path[5.5.1137~1-51744]:main():lattice-best-path.cc:99) For utterance MGN298, best cost 25.9913 + -82.4452 = -56.4538 over 316 frames.
LOG (lattice-best-path[5.5.1137~1-51744]:main():lattice-best-path.cc:99) For utterance MGN299, best cost 43.295 + -106.206 = -62.9115 over 331 frames.
LOG (lattice-best-path[5.5.1137~1-51744]:main():lattice-best-path.cc:99) For utterance MGN300, best cost 32.7511 + -134.478 = -101.727 over 505 frames.
LOG (lattice-best-path[5.5.1137~1-51744]:main():lattice-best-path.cc:99) For utterance MGN301, best cost 35.0912 + -148.158 = -113.067 over 478 frames.
LOG (lattice-best-path[5.5.1137~1-51744]:main():lattice-best-path.cc:99) For utterance MGN302, best cost 31.6204 + -105.334 = -73.7137 over 423 frames.
LOG (lattice-best-path[5.5.1137~1-51744]:main():lattice-best-path.cc:99) For utterance MGN303, best cost 29.7545 + -109.257 = -79.5024 over 404 frames.
LOG (lattice-best-path[5.5.1137~1-51744]:main():lattice-best-path.cc:99) For utterance MGN304, best cost 35.1758 + -122.772 = -87.5957 over 471 frames.
LOG (lattice-best-path[5.5.1137~1-51744]:main():lattice-best-path.cc:99) For utterance MGN305, best cost 35.9975 + -133.399 = -97.4017 over 491 frames.
LOG (lattice-best-path[5.5.1137~1-51744]:main():lattice-best-path.cc:99) For utterance MGN306, best cost 71.7199 + -142.01 = -70.2904 over 441 frames.
LOG (lattice-best-path[5.5.1137~1-51744]:main():lattice-best-path.cc:99) For utterance MGN307, best cost 52.3486 + -112.339 = -59.9902 over 327 frames.
LOG (lattice-best-path[5.5.1137~1-51744]:main():lattice-best-path.cc:99) For utterance MGN308, best cost 22.3753 + -88.7055 = -66.3302 over 284 frames.
LOG (lattice-best-path[5.5.1137~1-51744]:main():lattice-best-path.cc:99) For utterance MGN309, best cost 31.1725 + -142.905 = -111.732 over 499 frames.
LOG (lattice-best-path[5.5.1137~1-51744]:main():lattice-best-path.cc:99) For utterance MGN310, best cost 28.0435 + -102.757 = -74.7133 over 374 frames.
LOG (lattice-best-path[5.5.1137~1-51744]:main():lattice-best-path.cc:99) For utterance MGN311, best cost 39.2574 + -181.536 = -142.279 over 631 frames.
LOG (lattice-best-path[5.5.1137~1-51744]:main():lattice-best-path.cc:99) For utterance MGN312, best cost 35.5095 + -142.301 = -106.792 over 458 frames.
LOG (lattice-best-path[5.5.1137~1-51744]:main():lattice-best-path.cc:99) For utterance MGN313, best cost 25.7325 + -112.843 = -87.1103 over 365 frames.
LOG (lattice-best-path[5.5.1137~1-51744]:main():lattice-best-path.cc:99) For utterance MGN314, best cost 25.1934 + -78.7103 = -53.5169 over 362 frames.
LOG (lattice-best-path[5.5.1137~1-51744]:main():lattice-best-path.cc:99) For utterance MGN315, best cost 28.202 + -96.3252 = -68.1232 over 354 frames.
LOG (lattice-best-path[5.5.1137~1-51744]:main():lattice-best-path.cc:99) For utterance MGN316, best cost 31.0386 + -123.728 = -92.689 over 455 frames.
LOG (lattice-best-path[5.5.1137~1-51744]:main():lattice-best-path.cc:99) For utterance MGN317, best cost 25.8667 + -114.774 = -88.9072 over 343 frames.
LOG (lattice-best-path[5.5.1137~1-51744]:main():lattice-best-path.cc:99) For utterance MGN318, best cost 23.5505 + -89.086 = -65.5356 over 326 frames.
LOG (lattice-best-path[5.5.1137~1-51744]:main():lattice-best-path.cc:99) For utterance MGN319, best cost 26.1309 + -110.37 = -84.2388 over 350 frames.
LOG (lattice-best-path[5.5.1137~1-51744]:main():lattice-best-path.cc:99) For utterance MGN320, best cost 22.8813 + -81.1831 = -58.3019 over 305 frames.
LOG (lattice-best-path[5.5.1137~1-51744]:main():lattice-best-path.cc:99) For utterance MGN321, best cost 30.5058 + -121.475 = -90.9688 over 413 frames.
LOG (lattice-best-path[5.5.1137~1-51744]:main():lattice-best-path.cc:99) For utterance MGN322, best cost 27.8865 + -109.487 = -81.601 over 367 frames.
LOG (lattice-best-path[5.5.1137~1-51744]:main():lattice-best-path.cc:99) For utterance MGN323, best cost 57.7921 + -149.161 = -91.3687 over 454 frames.
LOG (lattice-best-path[5.5.1137~1-51744]:main():lattice-best-path.cc:99) For utterance MGN324, best cost 36.2321 + -180.953 = -144.721 over 580 frames.
LOG (lattice-best-path[5.5.1137~1-51744]:main():lattice-best-path.cc:99) For utterance MGN325, best cost 29.989 + -132.677 = -102.688 over 516 frames.
LOG (lattice-best-path[5.5.1137~1-51744]:main():lattice-best-path.cc:99) For utterance MGN326, best cost 31.7832 + -132.627 = -100.843 over 450 frames.
LOG (lattice-best-path[5.5.1137~1-51744]:main():lattice-best-path.cc:99) For utterance MGN327, best cost 62.0525 + -144.656 = -82.6038 over 452 frames.
LOG (lattice-best-path[5.5.1137~1-51744]:main():lattice-best-path.cc:99) For utterance MGN328, best cost 30.4508 + -123.969 = -93.5185 over 419 frames.
LOG (lattice-best-path[5.5.1137~1-51744]:main():lattice-best-path.cc:99) For utterance MGN329, best cost 23.5302 + -56.436 = -32.9058 over 272 frames.
LOG (lattice-best-path[5.5.1137~1-51744]:main():lattice-best-path.cc:99) For utterance MGN330, best cost 28.2596 + -104.444 = -76.1844 over 413 frames.
LOG (lattice-best-path[5.5.1137~1-51744]:main():lattice-best-path.cc:99) For utterance MGN331, best cost 24.5231 + -103.856 = -79.3325 over 383 frames.
LOG (lattice-best-path[5.5.1137~1-51744]:main():lattice-best-path.cc:99) For utterance MGN332, best cost 28.0681 + -123.566 = -95.4975 over 383 frames.
LOG (lattice-best-path[5.5.1137~1-51744]:main():lattice-best-path.cc:99) For utterance MGN333, best cost 28.2337 + -129.124 = -100.89 over 418 frames.
LOG (lattice-best-path[5.5.1137~1-51744]:main():lattice-best-path.cc:99) For utterance MGN334, best cost 29.5928 + -120.463 = -90.8703 over 443 frames.
LOG (lattice-best-path[5.5.1137~1-51744]:main():lattice-best-path.cc:99) For utterance MGN335, best cost 21.842 + -99.7013 = -77.8593 over 340 frames.
LOG (lattice-best-path[5.5.1137~1-51744]:main():lattice-best-path.cc:99) For utterance MGN336, best cost 27.4208 + -120.75 = -93.3294 over 381 frames.
LOG (lattice-best-path[5.5.1137~1-51744]:main():lattice-best-path.cc:99) For utterance MGN337, best cost 25.8091 + -88.3829 = -62.5738 over 354 frames.
LOG (lattice-best-path[5.5.1137~1-51744]:main():lattice-best-path.cc:99) For utterance MGN338, best cost 25.8967 + -98.2997 = -72.403 over 314 frames.
LOG (lattice-best-path[5.5.1137~1-51744]:main():lattice-best-path.cc:99) For utterance MGN339, best cost 23.9771 + -89.2145 = -65.2374 over 275 frames.
LOG (lattice-best-path[5.5.1137~1-51744]:main():lattice-best-path.cc:99) For utterance MGN340, best cost 48.1364 + -127.544 = -79.4077 over 427 frames.
LOG (lattice-best-path[5.5.1137~1-51744]:main():lattice-best-path.cc:99) For utterance MGN341, best cost 23.4785 + -111.72 = -88.2419 over 321 frames.
LOG (lattice-best-path[5.5.1137~1-51744]:main():lattice-best-path.cc:99) For utterance MGN342, best cost 24.1895 + -82.5165 = -58.3271 over 301 frames.
LOG (lattice-best-path[5.5.1137~1-51744]:main():lattice-best-path.cc:99) For utterance MGN343, best cost 36.0167 + -141.557 = -105.541 over 518 frames.
LOG (lattice-best-path[5.5.1137~1-51744]:main():lattice-best-path.cc:99) For utterance MGN344, best cost 24.1059 + -79.4393 = -55.3334 over 330 frames.
LOG (lattice-best-path[5.5.1137~1-51744]:main():lattice-best-path.cc:99) For utterance MGN345, best cost 29.715 + -124.974 = -95.2593 over 399 frames.
LOG (lattice-best-path[5.5.1137~1-51744]:main():lattice-best-path.cc:99) For utterance MGN346, best cost 26.0431 + -95.7119 = -69.6688 over 365 frames.
LOG (lattice-best-path[5.5.1137~1-51744]:main():lattice-best-path.cc:99) For utterance MGN347, best cost 50.0637 + -120.141 = -70.0772 over 411 frames.
LOG (lattice-best-path[5.5.1137~1-51744]:main():lattice-best-path.cc:99) For utterance MGN348, best cost 25.0305 + -98.2619 = -73.2314 over 385 frames.
LOG (lattice-best-path[5.5.1137~1-51744]:main():lattice-best-path.cc:99) For utterance MGN349, best cost 27.6214 + -122.044 = -94.4228 over 424 frames.
LOG (lattice-best-path[5.5.1137~1-51744]:main():lattice-best-path.cc:99) For utterance MGN350, best cost 30.3178 + -97.3581 = -67.0404 over 441 frames.
LOG (lattice-best-path[5.5.1137~1-51744]:main():lattice-best-path.cc:99) For utterance MGN351, best cost 46.6671 + -118.585 = -71.9175 over 425 frames.
LOG (lattice-best-path[5.5.1137~1-51744]:main():lattice-best-path.cc:99) For utterance MGN352, best cost 26.2059 + -90.8275 = -64.6216 over 414 frames.
LOG (lattice-best-path[5.5.1137~1-51744]:main():lattice-best-path.cc:99) For utterance MGN353, best cost 24.4917 + -84.1256 = -59.634 over 295 frames.
LOG (lattice-best-path[5.5.1137~1-51744]:main():lattice-best-path.cc:99) For utterance MGN354, best cost 34.8128 + -141.678 = -106.865 over 485 frames.
LOG (lattice-best-path[5.5.1137~1-51744]:main():lattice-best-path.cc:99) For utterance MGN355, best cost 27.7651 + -130.719 = -102.954 over 579 frames.
LOG (lattice-best-path[5.5.1137~1-51744]:main():lattice-best-path.cc:99) For utterance MGN356, best cost 25.5033 + -115.079 = -89.5755 over 399 frames.
LOG (lattice-best-path[5.5.1137~1-51744]:main():lattice-best-path.cc:99) For utterance MGN357, best cost 24.1726 + -79.5497 = -55.3771 over 311 frames.
LOG (lattice-best-path[5.5.1137~1-51744]:main():lattice-best-path.cc:99) For utterance MGN358, best cost 24.924 + -106.975 = -82.0508 over 374 frames.
LOG (lattice-best-path[5.5.1137~1-51744]:main():lattice-best-path.cc:99) For utterance MGN359, best cost 29.8493 + -130.182 = -100.333 over 456 frames.
LOG (lattice-best-path[5.5.1137~1-51744]:main():lattice-best-path.cc:99) For utterance MGN360, best cost 23.6522 + -121.427 = -97.7751 over 432 frames.
LOG (lattice-best-path[5.5.1137~1-51744]:main():lattice-best-path.cc:99) For utterance MGN361, best cost 34.914 + -100.827 = -65.9133 over 367 frames.
LOG (lattice-best-path[5.5.1137~1-51744]:main():lattice-best-path.cc:99) For utterance MGN362, best cost 31.6781 + -126.221 = -94.543 over 605 frames.
LOG (lattice-best-path[5.5.1137~1-51744]:main():lattice-best-path.cc:99) For utterance MGN363, best cost 29.2305 + -117.774 = -88.5438 over 486 frames.
LOG (lattice-best-path[5.5.1137~1-51744]:main():lattice-best-path.cc:99) For utterance MGN364, best cost 26.139 + -88.9615 = -62.8224 over 399 frames.
LOG (lattice-best-path[5.5.1137~1-51744]:main():lattice-best-path.cc:99) For utterance MGN365, best cost 44.6775 + -98.0197 = -53.3422 over 356 frames.
LOG (lattice-best-path[5.5.1137~1-51744]:main():lattice-best-path.cc:99) For utterance MKA293, best cost 27.9847 + -118.882 = -90.8969 over 390 frames.
LOG (lattice-best-path[5.5.1137~1-51744]:main():lattice-best-path.cc:99) For utterance MKA294, best cost 24.9793 + -113.283 = -88.3037 over 353 frames.
LOG (lattice-best-path[5.5.1137~1-51744]:main():lattice-best-path.cc:99) For utterance MKA295, best cost 22.868 + -100.002 = -77.1342 over 271 frames.
LOG (lattice-best-path[5.5.1137~1-51744]:main():lattice-best-path.cc:99) For utterance MKA296, best cost 37.4836 + -151.856 = -114.373 over 526 frames.
LOG (lattice-best-path[5.5.1137~1-51744]:main():lattice-best-path.cc:99) For utterance MKA297, best cost 26.8758 + -110.837 = -83.9617 over 357 frames.
LOG (lattice-best-path[5.5.1137~1-51744]:main():lattice-best-path.cc:99) For utterance MKA298, best cost 24.8743 + -70.9165 = -46.0422 over 273 frames.
LOG (lattice-best-path[5.5.1137~1-51744]:main():lattice-best-path.cc:99) For utterance MKA299, best cost 24.812 + -128.482 = -103.67 over 356 frames.
LOG (lattice-best-path[5.5.1137~1-51744]:main():lattice-best-path.cc:99) For utterance MKA300, best cost 31.9078 + -131.51 = -99.6021 over 420 frames.
LOG (lattice-best-path[5.5.1137~1-51744]:main():lattice-best-path.cc:99) For utterance MKA301, best cost 31.5752 + -99.0605 = -67.4852 over 411 frames.
LOG (lattice-best-path[5.5.1137~1-51744]:main():lattice-best-path.cc:99) For utterance MKA302, best cost 28.3473 + -109.508 = -81.1605 over 351 frames.
LOG (lattice-best-path[5.5.1137~1-51744]:main():lattice-best-path.cc:99) For utterance MKA303, best cost 42.2683 + -114.067 = -71.799 over 362 frames.
LOG (lattice-best-path[5.5.1137~1-51744]:main():lattice-best-path.cc:99) For utterance MKA304, best cost 35.6766 + -137.312 = -101.636 over 505 frames.
LOG (lattice-best-path[5.5.1137~1-51744]:main():lattice-best-path.cc:99) For utterance MKA305, best cost 36.7634 + -160.329 = -123.566 over 558 frames.
LOG (lattice-best-path[5.5.1137~1-51744]:main():lattice-best-path.cc:99) For utterance MKA306, best cost 29.8001 + -116.963 = -87.1631 over 391 frames.
LOG (lattice-best-path[5.5.1137~1-51744]:main():lattice-best-path.cc:99) For utterance MKA307, best cost 29.8335 + -98.6963 = -68.8629 over 388 frames.
LOG (lattice-best-path[5.5.1137~1-51744]:main():lattice-best-path.cc:99) For utterance MKA308, best cost 23.7155 + -80.856 = -57.1405 over 283 frames.
LOG (lattice-best-path[5.5.1137~1-51744]:main():lattice-best-path.cc:99) For utterance MKA309, best cost 24.8428 + -78.8476 = -54.0048 over 256 frames.
LOG (lattice-best-path[5.5.1137~1-51744]:main():lattice-best-path.cc:99) For utterance MKA310, best cost 26.6944 + -105.245 = -78.5501 over 312 frames.
LOG (lattice-best-path[5.5.1137~1-51744]:main():lattice-best-path.cc:99) For utterance MKA311, best cost 74.224 + -134.117 = -59.8928 over 502 frames.
LOG (lattice-best-path[5.5.1137~1-51744]:main():lattice-best-path.cc:99) For utterance MKA312, best cost 35.9902 + -109.802 = -73.8121 over 434 frames.
LOG (lattice-best-path[5.5.1137~1-51744]:main():lattice-best-path.cc:99) For utterance MKA313, best cost 29.3427 + -121.921 = -92.5781 over 405 frames.
LOG (lattice-best-path[5.5.1137~1-51744]:main():lattice-best-path.cc:99) For utterance MKA314, best cost 28.5968 + -112.001 = -83.4043 over 406 frames.
LOG (lattice-best-path[5.5.1137~1-51744]:main():lattice-best-path.cc:99) For utterance MKA315, best cost 26.2719 + -92.4667 = -66.1947 over 355 frames.
LOG (lattice-best-path[5.5.1137~1-51744]:main():lattice-best-path.cc:99) For utterance MKA316, best cost 30.1765 + -102.193 = -72.016 over 405 frames.
LOG (lattice-best-path[5.5.1137~1-51744]:main():lattice-best-path.cc:99) For utterance MKA317, best cost 25.3028 + -105.41 = -80.1072 over 323 frames.
LOG (lattice-best-path[5.5.1137~1-51744]:main():lattice-best-path.cc:99) For utterance MKA318, best cost 26.8569 + -109.206 = -82.3489 over 383 frames.
LOG (lattice-best-path[5.5.1137~1-51744]:main():lattice-best-path.cc:99) For utterance MKA319, best cost 26.7501 + -109.705 = -82.9549 over 367 frames.
LOG (lattice-best-path[5.5.1137~1-51744]:main():lattice-best-path.cc:99) For utterance MKA320, best cost 24.8658 + -99.8612 = -74.9954 over 331 frames.
LOG (lattice-best-path[5.5.1137~1-51744]:main():lattice-best-path.cc:99) For utterance MKA321, best cost 31.4925 + -86.8635 = -55.371 over 417 frames.
LOG (lattice-best-path[5.5.1137~1-51744]:main():lattice-best-path.cc:99) For utterance MKA322, best cost 28.2258 + -114.413 = -86.1869 over 397 frames.
LOG (lattice-best-path[5.5.1137~1-51744]:main():lattice-best-path.cc:99) For utterance MKA323, best cost 32.2586 + -135.588 = -103.33 over 466 frames.
LOG (lattice-best-path[5.5.1137~1-51744]:main():lattice-best-path.cc:99) For utterance MKA324, best cost 35.273 + -146.745 = -111.472 over 480 frames.
LOG (lattice-best-path[5.5.1137~1-51744]:main():lattice-best-path.cc:99) For utterance MKA325, best cost 27.8453 + -108.13 = -80.2851 over 344 frames.
LOG (lattice-best-path[5.5.1137~1-51744]:main():lattice-best-path.cc:99) For utterance MKA326, best cost 33.0448 + -135.421 = -102.376 over 472 frames.
LOG (lattice-best-path[5.5.1137~1-51744]:main():lattice-best-path.cc:99) For utterance MKA327, best cost 31.7228 + -115.858 = -84.1354 over 437 frames.
LOG (lattice-best-path[5.5.1137~1-51744]:main():lattice-best-path.cc:99) For utterance MKA328, best cost 33.4014 + -139.241 = -105.839 over 505 frames.
LOG (lattice-best-path[5.5.1137~1-51744]:main():lattice-best-path.cc:99) For utterance MKA329, best cost 27.5807 + -106.089 = -78.5087 over 365 frames.
LOG (lattice-best-path[5.5.1137~1-51744]:main():lattice-best-path.cc:99) For utterance MKA330, best cost 29.9681 + -78.5756 = -48.6075 over 402 frames.
LOG (lattice-best-path[5.5.1137~1-51744]:main():lattice-best-path.cc:99) For utterance MKA331, best cost 23.5234 + -94.2715 = -70.7481 over 313 frames.
LOG (lattice-best-path[5.5.1137~1-51744]:main():lattice-best-path.cc:99) For utterance MKA332, best cost 26.9634 + -100.994 = -74.0302 over 319 frames.
LOG (lattice-best-path[5.5.1137~1-51744]:main():lattice-best-path.cc:99) For utterance MKA333, best cost 29.3416 + -113.95 = -84.6089 over 393 frames.
LOG (lattice-best-path[5.5.1137~1-51744]:main():lattice-best-path.cc:99) For utterance MKA334, best cost 27.5553 + -93.1257 = -65.5704 over 329 frames.
LOG (lattice-best-path[5.5.1137~1-51744]:main():lattice-best-path.cc:99) For utterance MKA335, best cost 22.8459 + -72.4982 = -49.6523 over 260 frames.
LOG (lattice-best-path[5.5.1137~1-51744]:main():lattice-best-path.cc:99) For utterance MKA336, best cost 25.9951 + -108.102 = -82.1066 over 360 frames.
LOG (lattice-best-path[5.5.1137~1-51744]:main():lattice-best-path.cc:99) For utterance MKA337, best cost 25.3527 + -85.1529 = -59.8001 over 323 frames.
LOG (lattice-best-path[5.5.1137~1-51744]:main():lattice-best-path.cc:99) For utterance MKA338, best cost 25.2691 + -95.8434 = -70.5744 over 324 frames.
LOG (lattice-best-path[5.5.1137~1-51744]:main():lattice-best-path.cc:99) For utterance MKA339, best cost 25.2536 + -110.497 = -85.2433 over 359 frames.
LOG (lattice-best-path[5.5.1137~1-51744]:main():lattice-best-path.cc:99) For utterance MKA340, best cost 35.0217 + -110.194 = -75.1725 over 476 frames.
LOG (lattice-best-path[5.5.1137~1-51744]:main():lattice-best-path.cc:99) For utterance MKA341, best cost 23.0856 + -77.5594 = -54.4738 over 263 frames.
LOG (lattice-best-path[5.5.1137~1-51744]:main():lattice-best-path.cc:99) For utterance MKA342, best cost 27.3312 + -112.528 = -85.1973 over 379 frames.
LOG (lattice-best-path[5.5.1137~1-51744]:main():lattice-best-path.cc:99) For utterance MKA343, best cost 32.0611 + -127.546 = -95.4847 over 439 frames.
LOG (lattice-best-path[5.5.1137~1-51744]:main():lattice-best-path.cc:99) For utterance MKA344, best cost 43.0133 + -100.862 = -57.8485 over 350 frames.
LOG (lattice-best-path[5.5.1137~1-51744]:main():lattice-best-path.cc:99) For utterance MKA345, best cost 30.1856 + -102.614 = -72.4281 over 401 frames.
LOG (lattice-best-path[5.5.1137~1-51744]:main():lattice-best-path.cc:99) For utterance MKA346, best cost 24.3573 + -78.8857 = -54.5283 over 290 frames.
LOG (lattice-best-path[5.5.1137~1-51744]:main():lattice-best-path.cc:99) For utterance MKA347, best cost 24.8481 + -68.455 = -43.607 over 234 frames.
LOG (lattice-best-path[5.5.1137~1-51744]:main():lattice-best-path.cc:99) For utterance MKA348, best cost 23.7855 + -69.942 = -46.1565 over 275 frames.
LOG (lattice-best-path[5.5.1137~1-51744]:main():lattice-best-path.cc:99) For utterance MKA349, best cost 25.0864 + -86.1 = -61.0136 over 282 frames.
LOG (lattice-best-path[5.5.1137~1-51744]:main():lattice-best-path.cc:99) For utterance MKA350, best cost 30.2418 + -99.7001 = -69.4583 over 335 frames.
LOG (lattice-best-path[5.5.1137~1-51744]:main():lattice-best-path.cc:99) For utterance MKA351, best cost 27.282 + -93.2939 = -66.012 over 304 frames.
LOG (lattice-best-path[5.5.1137~1-51744]:main():lattice-best-path.cc:99) For utterance MKA352, best cost 24.9748 + -82.581 = -57.6062 over 289 frames.
LOG (lattice-best-path[5.5.1137~1-51744]:main():lattice-best-path.cc:99) For utterance MKA353, best cost 24.8578 + -92.682 = -67.8241 over 313 frames.
LOG (lattice-best-path[5.5.1137~1-51744]:main():lattice-best-path.cc:99) For utterance MKA354, best cost 35.3577 + -130.525 = -95.1674 over 464 frames.
LOG (lattice-best-path[5.5.1137~1-51744]:main():lattice-best-path.cc:99) For utterance MKA355, best cost 27.0743 + -114.112 = -87.038 over 351 frames.
LOG (lattice-best-path[5.5.1137~1-51744]:main():lattice-best-path.cc:99) For utterance MKA356, best cost 24.9783 + -94.1543 = -69.176 over 309 frames.
LOG (lattice-best-path[5.5.1137~1-51744]:main():lattice-best-path.cc:99) For utterance MKA357, best cost 23.9952 + -94.7024 = -70.7072 over 295 frames.
LOG (lattice-best-path[5.5.1137~1-51744]:main():lattice-best-path.cc:99) For utterance MKA358, best cost 25.2094 + -130.649 = -105.44 over 369 frames.
LOG (lattice-best-path[5.5.1137~1-51744]:main():lattice-best-path.cc:99) For utterance MKA359, best cost 28.5471 + -130.543 = -101.996 over 377 frames.
LOG (lattice-best-path[5.5.1137~1-51744]:main():lattice-best-path.cc:99) For utterance MKA360, best cost 23.577 + -99.2381 = -75.6611 over 328 frames.
LOG (lattice-best-path[5.5.1137~1-51744]:main():lattice-best-path.cc:99) For utterance MKA361, best cost 22.4136 + -54.4194 = -32.0058 over 234 frames.
LOG (lattice-best-path[5.5.1137~1-51744]:main():lattice-best-path.cc:99) For utterance MKA362, best cost 28.7742 + -106.275 = -77.5007 over 353 frames.
LOG (lattice-best-path[5.5.1137~1-51744]:main():lattice-best-path.cc:99) For utterance MKA363, best cost 27.7701 + -118.952 = -91.1822 over 360 frames.
LOG (lattice-best-path[5.5.1137~1-51744]:main():lattice-best-path.cc:99) For utterance MKA364, best cost 25.658 + -74.3355 = -48.6775 over 313 frames.
LOG (lattice-best-path[5.5.1137~1-51744]:main():lattice-best-path.cc:99) For utterance MKA365, best cost 27.7712 + -95.6585 = -67.8873 over 300 frames.
LOG (lattice-best-path[5.5.1137~1-51744]:main():lattice-best-path.cc:99) For utterance MMU293, best cost 28.1089 + -101.217 = -73.1084 over 393 frames.
LOG (lattice-best-path[5.5.1137~1-51744]:main():lattice-best-path.cc:99) For utterance MMU294, best cost 21.9367 + -65.1486 = -43.2119 over 230 frames.
LOG (lattice-best-path[5.5.1137~1-51744]:main():lattice-best-path.cc:99) For utterance MMU295, best cost 25.2624 + -114.478 = -89.2155 over 380 frames.
LOG (lattice-best-path[5.5.1137~1-51744]:main():lattice-best-path.cc:99) For utterance MMU296, best cost 35.477 + -127.673 = -92.1961 over 450 frames.
LOG (lattice-best-path[5.5.1137~1-51744]:main():lattice-best-path.cc:99) For utterance MMU297, best cost 41.007 + -97.5303 = -56.5233 over 353 frames.
LOG (lattice-best-path[5.5.1137~1-51744]:main():lattice-best-path.cc:99) For utterance MMU298, best cost 23.2284 + -76.0259 = -52.7975 over 280 frames.
LOG (lattice-best-path[5.5.1137~1-51744]:main():lattice-best-path.cc:99) For utterance MMU299, best cost 23.5837 + -87.6706 = -64.0869 over 374 frames.
LOG (lattice-best-path[5.5.1137~1-51744]:main():lattice-best-path.cc:99) For utterance MMU300, best cost 29.9179 + -80.9763 = -51.0583 over 395 frames.
LOG (lattice-best-path[5.5.1137~1-51744]:main():lattice-best-path.cc:99) For utterance MMU301, best cost 32.292 + -121.872 = -89.5801 over 465 frames.
LOG (lattice-best-path[5.5.1137~1-51744]:main():lattice-best-path.cc:99) For utterance MMU302, best cost 58.2186 + -88.767 = -30.5484 over 268 frames.
LOG (lattice-best-path[5.5.1137~1-51744]:main():lattice-best-path.cc:99) For utterance MMU303, best cost 30.4116 + -109.145 = -78.7336 over 428 frames.
LOG (lattice-best-path[5.5.1137~1-51744]:main():lattice-best-path.cc:99) For utterance MMU304, best cost 35.2089 + -122.736 = -87.5269 over 505 frames.
LOG (lattice-best-path[5.5.1137~1-51744]:main():lattice-best-path.cc:99) For utterance MMU305, best cost 36.6903 + -135.424 = -98.734 over 519 frames.
LOG (lattice-best-path[5.5.1137~1-51744]:main():lattice-best-path.cc:99) For utterance MMU306, best cost 66.8167 + -124.389 = -57.5719 over 425 frames.
LOG (lattice-best-path[5.5.1137~1-51744]:main():lattice-best-path.cc:99) For utterance MMU307, best cost 27.9515 + -100.415 = -72.4635 over 414 frames.
LOG (lattice-best-path[5.5.1137~1-51744]:main():lattice-best-path.cc:99) For utterance MMU308, best cost 22.7048 + -74.9802 = -52.2753 over 293 frames.
LOG (lattice-best-path[5.5.1137~1-51744]:main():lattice-best-path.cc:99) For utterance MMU309, best cost 28.0547 + -89.2277 = -61.173 over 361 frames.
LOG (lattice-best-path[5.5.1137~1-51744]:main():lattice-best-path.cc:99) For utterance MMU310, best cost 28.7853 + -144.94 = -116.155 over 520 frames.
LOG (lattice-best-path[5.5.1137~1-51744]:main():lattice-best-path.cc:99) For utterance MMU311, best cost 33.8429 + -117.092 = -83.2492 over 420 frames.
LOG (lattice-best-path[5.5.1137~1-51744]:main():lattice-best-path.cc:99) For utterance MMU312, best cost 35.5759 + -107.613 = -72.0369 over 502 frames.
LOG (lattice-best-path[5.5.1137~1-51744]:main():lattice-best-path.cc:99) For utterance MMU313, best cost 26.6776 + -114.565 = -87.8876 over 390 frames.
LOG (lattice-best-path[5.5.1137~1-51744]:main():lattice-best-path.cc:99) For utterance MMU314, best cost 26.0388 + -93.4405 = -67.4017 over 328 frames.
LOG (lattice-best-path[5.5.1137~1-51744]:main():lattice-best-path.cc:99) For utterance MMU315, best cost 26.1851 + -62.3497 = -36.1646 over 279 frames.
LOG (lattice-best-path[5.5.1137~1-51744]:main():lattice-best-path.cc:99) For utterance MMU316, best cost 30.8192 + -119.018 = -88.1991 over 478 frames.
LOG (lattice-best-path[5.5.1137~1-51744]:main():lattice-best-path.cc:99) For utterance MMU317, best cost 24.6109 + -96.9908 = -72.3798 over 368 frames.
LOG (lattice-best-path[5.5.1137~1-51744]:main():lattice-best-path.cc:99) For utterance MMU318, best cost 24.8299 + -111.736 = -86.9066 over 417 frames.
LOG (lattice-best-path[5.5.1137~1-51744]:main():lattice-best-path.cc:99) For utterance MMU319, best cost 28.6359 + -112.569 = -83.9335 over 442 frames.
LOG (lattice-best-path[5.5.1137~1-51744]:main():lattice-best-path.cc:99) For utterance MMU320, best cost 24.3016 + -75.8813 = -51.5797 over 321 frames.
LOG (lattice-best-path[5.5.1137~1-51744]:main():lattice-best-path.cc:99) For utterance MMU321, best cost 47.0345 + -134.693 = -87.6583 over 537 frames.
LOG (lattice-best-path[5.5.1137~1-51744]:main():lattice-best-path.cc:99) For utterance MMU322, best cost 24.419 + -89.7337 = -65.3147 over 323 frames.
LOG (lattice-best-path[5.5.1137~1-51744]:main():lattice-best-path.cc:99) For utterance MMU323, best cost 31.5455 + -132.444 = -100.898 over 444 frames.
LOG (lattice-best-path[5.5.1137~1-51744]:main():lattice-best-path.cc:99) For utterance MMU324, best cost 32.4053 + -127.927 = -95.5217 over 441 frames.
LOG (lattice-best-path[5.5.1137~1-51744]:main():lattice-best-path.cc:99) For utterance MMU325, best cost 25.0558 + -74.5723 = -49.5165 over 288 frames.
LOG (lattice-best-path[5.5.1137~1-51744]:main():lattice-best-path.cc:99) For utterance MMU326, best cost 30.0954 + -101.724 = -71.6287 over 408 frames.
LOG (lattice-best-path[5.5.1137~1-51744]:main():lattice-best-path.cc:99) For utterance MMU327, best cost 28.6456 + -73.045 = -44.3994 over 357 frames.
LOG (lattice-best-path[5.5.1137~1-51744]:main():lattice-best-path.cc:99) For utterance MMU328, best cost 30.1372 + -110.383 = -80.2462 over 398 frames.
LOG (lattice-best-path[5.5.1137~1-51744]:main():lattice-best-path.cc:99) For utterance MMU329, best cost 23.1556 + -77.2326 = -54.077 over 319 frames.
LOG (lattice-best-path[5.5.1137~1-51744]:main():lattice-best-path.cc:99) For utterance MMU330, best cost 25.7806 + -96.0109 = -70.2303 over 331 frames.
LOG (lattice-best-path[5.5.1137~1-51744]:main():lattice-best-path.cc:99) For utterance MMU331, best cost 23.5838 + -98.4901 = -74.9063 over 339 frames.
LOG (lattice-best-path[5.5.1137~1-51744]:main():lattice-best-path.cc:99) For utterance MMU332, best cost 28.8903 + -115.852 = -86.9613 over 395 frames.
LOG (lattice-best-path[5.5.1137~1-51744]:main():lattice-best-path.cc:99) For utterance MMU333, best cost 27.4551 + -102.533 = -75.0784 over 387 frames.
LOG (lattice-best-path[5.5.1137~1-51744]:main():lattice-best-path.cc:99) For utterance MMU334, best cost 26.106 + -94.1083 = -68.0023 over 304 frames.
LOG (lattice-best-path[5.5.1137~1-51744]:main():lattice-best-path.cc:99) For utterance MMU335, best cost 33.2424 + -60.1493 = -26.9069 over 218 frames.
LOG (lattice-best-path[5.5.1137~1-51744]:main():lattice-best-path.cc:99) For utterance MMU336, best cost 42.7113 + -78.2656 = -35.5543 over 283 frames.
LOG (lattice-best-path[5.5.1137~1-51744]:main():lattice-best-path.cc:99) For utterance MMU337, best cost 27.0058 + -115.48 = -88.4743 over 409 frames.
LOG (lattice-best-path[5.5.1137~1-51744]:main():lattice-best-path.cc:99) For utterance MMU338, best cost 28.3949 + -110.277 = -81.8825 over 468 frames.
LOG (lattice-best-path[5.5.1137~1-51744]:main():lattice-best-path.cc:99) For utterance MMU339, best cost 26.2815 + -107.893 = -81.6111 over 346 frames.
LOG (lattice-best-path[5.5.1137~1-51744]:main():lattice-best-path.cc:99) For utterance MMU340, best cost 29.8426 + -83.2764 = -53.4338 over 389 frames.
LOG (lattice-best-path[5.5.1137~1-51744]:main():lattice-best-path.cc:99) For utterance MMU341, best cost 24.9741 + -92.0573 = -67.0832 over 371 frames.
LOG (lattice-best-path[5.5.1137~1-51744]:main():lattice-best-path.cc:99) For utterance MMU342, best cost 23.2512 + -86.6074 = -63.3562 over 258 frames.
LOG (lattice-best-path[5.5.1137~1-51744]:main():lattice-best-path.cc:99) For utterance MMU343, best cost 30.5809 + -112.398 = -81.8167 over 364 frames.
LOG (lattice-best-path[5.5.1137~1-51744]:main():lattice-best-path.cc:99) For utterance MMU344, best cost 22.4266 + -52.2614 = -29.8348 over 245 frames.
LOG (lattice-best-path[5.5.1137~1-51744]:main():lattice-best-path.cc:99) For utterance MMU345, best cost 27.5929 + -74.0756 = -46.4827 over 329 frames.
LOG (lattice-best-path[5.5.1137~1-51744]:main():lattice-best-path.cc:99) For utterance MMU346, best cost 24.0475 + -99.1059 = -75.0584 over 360 frames.
LOG (lattice-best-path[5.5.1137~1-51744]:main():lattice-best-path.cc:99) For utterance MMU347, best cost 40.0751 + -94.3276 = -54.2525 over 384 frames.
LOG (lattice-best-path[5.5.1137~1-51744]:main():lattice-best-path.cc:99) For utterance MMU348, best cost 39.9714 + -93.7818 = -53.8105 over 345 frames.
LOG (lattice-best-path[5.5.1137~1-51744]:main():lattice-best-path.cc:99) For utterance MMU349, best cost 25.7567 + -101.387 = -75.6307 over 341 frames.
LOG (lattice-best-path[5.5.1137~1-51744]:main():lattice-best-path.cc:99) For utterance MMU350, best cost 32.0966 + -132.748 = -100.652 over 479 frames.
LOG (lattice-best-path[5.5.1137~1-51744]:main():lattice-best-path.cc:99) For utterance MMU351, best cost 29.2639 + -95.01 = -65.7461 over 330 frames.
LOG (lattice-best-path[5.5.1137~1-51744]:main():lattice-best-path.cc:99) For utterance MMU352, best cost 23.6501 + -64.1525 = -40.5023 over 254 frames.
LOG (lattice-best-path[5.5.1137~1-51744]:main():lattice-best-path.cc:99) For utterance MMU353, best cost 39.7793 + -94.2625 = -54.4831 over 337 frames.
LOG (lattice-best-path[5.5.1137~1-51744]:main():lattice-best-path.cc:99) For utterance MMU354, best cost 36.17 + -111.387 = -75.2166 over 524 frames.
LOG (lattice-best-path[5.5.1137~1-51744]:main():lattice-best-path.cc:99) For utterance MMU355, best cost 27.6794 + -120.409 = -92.73 over 426 frames.
LOG (lattice-best-path[5.5.1137~1-51744]:main():lattice-best-path.cc:99) For utterance MMU356, best cost 24.2169 + -88.1969 = -63.98 over 330 frames.
LOG (lattice-best-path[5.5.1137~1-51744]:main():lattice-best-path.cc:99) For utterance MMU357, best cost 20.883 + -69.4534 = -48.5704 over 227 frames.
LOG (lattice-best-path[5.5.1137~1-51744]:main():lattice-best-path.cc:99) For utterance MMU358, best cost 25.0374 + -129.392 = -104.354 over 403 frames.
LOG (lattice-best-path[5.5.1137~1-51744]:main():lattice-best-path.cc:99) For utterance MMU359, best cost 26.6313 + -121.328 = -94.6969 over 375 frames.
LOG (lattice-best-path[5.5.1137~1-51744]:main():lattice-best-path.cc:99) For utterance MMU360, best cost 23.2899 + -98.4333 = -75.1435 over 345 frames.
LOG (lattice-depth-per-frame[5.5.1137~1-51744]:main():lattice-depth-per-frame.cc:82) Done 219 lattices.
LOG (lattice-best-path[5.5.1137~1-51744]:main():lattice-best-path.cc:99) For utterance MMU361, best cost 21.6273 + -49.3924 = -27.7651 over 226 frames.
LOG (lattice-best-path[5.5.1137~1-51744]:main():lattice-best-path.cc:99) For utterance MMU362, best cost 31.302 + -128.105 = -96.803 over 481 frames.
LOG (lattice-best-path[5.5.1137~1-51744]:main():lattice-best-path.cc:99) For utterance MMU363, best cost 28.7594 + -126.121 = -97.3618 over 458 frames.
LOG (lattice-best-path[5.5.1137~1-51744]:main():lattice-best-path.cc:99) For utterance MMU364, best cost 36.146 + -76.1191 = -39.9731 over 256 frames.
LOG (lattice-best-path[5.5.1137~1-51744]:main():lattice-best-path.cc:99) For utterance MMU365, best cost 30.6564 + -117.555 = -86.8987 over 434 frames.
LOG (lattice-best-path[5.5.1137~1-51744]:main():lattice-best-path.cc:124) Overall cost per frame is -0.20004 = 0.0792242 [graph] + -0.279264 [acoustic] over 83435 frames.
LOG (lattice-best-path[5.5.1137~1-51744]:main():lattice-best-path.cc:128) Done 219 lattices, failed for 0
# Accounting: time=0 threads=1
# Ended (code 0) at Wed Aug 28 02:31:15 IST 2024, elapsed time 0 seconds
