# lattice-depth-per-frame "ark:gunzip -c exp_FG/DNN_tri_8_2000_aligned_layer3_nodes256/decode/lat.2.gz|" "ark,t:|gzip -c > exp_FG/DNN_tri_8_2000_aligned_layer3_nodes256/decode/depth_tmp.2.gz" ark:- | lattice-best-path --acoustic-scale=0.1 ark:- ark:/dev/null "ark,t:|gzip -c >exp_FG/DNN_tri_8_2000_aligned_layer3_nodes256/decode/ali_tmp.2.gz" 
# Started at Wed Aug 28 02:31:15 IST 2024
#
lattice-best-path --acoustic-scale=0.1 ark:- ark:/dev/null 'ark,t:|gzip -c >exp_FG/DNN_tri_8_2000_aligned_layer3_nodes256/decode/ali_tmp.2.gz' 
lattice-depth-per-frame 'ark:gunzip -c exp_FG/DNN_tri_8_2000_aligned_layer3_nodes256/decode/lat.2.gz|' 'ark,t:|gzip -c > exp_FG/DNN_tri_8_2000_aligned_layer3_nodes256/decode/depth_tmp.2.gz' ark:- 
LOG (lattice-best-path[5.5.1137~1-51744]:main():lattice-best-path.cc:99) For utterance FGA293, best cost 25.5848 + -107.759 = -82.1745 over 336 frames.
LOG (lattice-best-path[5.5.1137~1-51744]:main():lattice-best-path.cc:99) For utterance FGA294, best cost 22.5878 + -74.1442 = -51.5564 over 265 frames.
LOG (lattice-best-path[5.5.1137~1-51744]:main():lattice-best-path.cc:99) For utterance FGA295, best cost 27.4038 + -117.312 = -89.9077 over 384 frames.
LOG (lattice-best-path[5.5.1137~1-51744]:main():lattice-best-path.cc:99) For utterance FGA296, best cost 50.3862 + -179.408 = -129.022 over 555 frames.
LOG (lattice-best-path[5.5.1137~1-51744]:main():lattice-best-path.cc:99) For utterance FGA297, best cost 28.61 + -105.176 = -76.5659 over 372 frames.
LOG (lattice-best-path[5.5.1137~1-51744]:main():lattice-best-path.cc:99) For utterance FGA298, best cost 28.6419 + -91.7025 = -63.0607 over 381 frames.
LOG (lattice-best-path[5.5.1137~1-51744]:main():lattice-best-path.cc:99) For utterance FGA299, best cost 24.176 + -132.218 = -108.042 over 421 frames.
LOG (lattice-best-path[5.5.1137~1-51744]:main():lattice-best-path.cc:99) For utterance FGA300, best cost 36.0549 + -148.278 = -112.223 over 587 frames.
LOG (lattice-best-path[5.5.1137~1-51744]:main():lattice-best-path.cc:99) For utterance FGA301, best cost 74.5129 + -163.528 = -89.0155 over 545 frames.
LOG (lattice-best-path[5.5.1137~1-51744]:main():lattice-best-path.cc:99) For utterance FGA302, best cost 29.6749 + -124.951 = -95.2757 over 446 frames.
LOG (lattice-best-path[5.5.1137~1-51744]:main():lattice-best-path.cc:99) For utterance FGA303, best cost 27.4349 + -105.382 = -77.9469 over 398 frames.
LOG (lattice-best-path[5.5.1137~1-51744]:main():lattice-best-path.cc:99) For utterance FGA304, best cost 45.6702 + -148.996 = -103.326 over 659 frames.
LOG (lattice-best-path[5.5.1137~1-51744]:main():lattice-best-path.cc:99) For utterance FGA305, best cost 34.3636 + -114.884 = -80.5201 over 549 frames.
LOG (lattice-best-path[5.5.1137~1-51744]:main():lattice-best-path.cc:99) For utterance FGA306, best cost 38.3742 + -151.021 = -112.647 over 614 frames.
LOG (lattice-best-path[5.5.1137~1-51744]:main():lattice-best-path.cc:99) For utterance FGA307, best cost 42.8223 + -91.5233 = -48.701 over 371 frames.
LOG (lattice-best-path[5.5.1137~1-51744]:main():lattice-best-path.cc:99) For utterance FGA308, best cost 24.4255 + -91.0386 = -66.6131 over 355 frames.
LOG (lattice-best-path[5.5.1137~1-51744]:main():lattice-best-path.cc:99) For utterance FGA309, best cost 45.5873 + -133.666 = -88.0789 over 465 frames.
LOG (lattice-best-path[5.5.1137~1-51744]:main():lattice-best-path.cc:99) For utterance FGA310, best cost 31.3272 + -152.02 = -120.693 over 568 frames.
LOG (lattice-best-path[5.5.1137~1-51744]:main():lattice-best-path.cc:99) For utterance FGA311, best cost 81.4273 + -203.401 = -121.973 over 686 frames.
LOG (lattice-best-path[5.5.1137~1-51744]:main():lattice-best-path.cc:99) For utterance FGA312, best cost 38.7749 + -151.524 = -112.749 over 616 frames.
LOG (lattice-best-path[5.5.1137~1-51744]:main():lattice-best-path.cc:99) For utterance FGA313, best cost 32.0591 + -133.555 = -101.496 over 503 frames.
LOG (lattice-best-path[5.5.1137~1-51744]:main():lattice-best-path.cc:99) For utterance FGA314, best cost 30.9556 + -99.1843 = -68.2287 over 460 frames.
LOG (lattice-best-path[5.5.1137~1-51744]:main():lattice-best-path.cc:99) For utterance FGA315, best cost 28.9636 + -130.565 = -101.601 over 428 frames.
LOG (lattice-best-path[5.5.1137~1-51744]:main():lattice-best-path.cc:99) For utterance FGA316, best cost 30.1047 + -154.167 = -124.062 over 492 frames.
LOG (lattice-best-path[5.5.1137~1-51744]:main():lattice-best-path.cc:99) For utterance FGA317, best cost 24.7627 + -106.231 = -81.468 over 401 frames.
LOG (lattice-best-path[5.5.1137~1-51744]:main():lattice-best-path.cc:99) For utterance FGA318, best cost 21.8888 + -80.7093 = -58.8205 over 283 frames.
LOG (lattice-best-path[5.5.1137~1-51744]:main():lattice-best-path.cc:99) For utterance FGA319, best cost 31.3393 + -123.659 = -92.3193 over 525 frames.
LOG (lattice-best-path[5.5.1137~1-51744]:main():lattice-best-path.cc:99) For utterance FGA320, best cost 26.8176 + -103.441 = -76.6236 over 412 frames.
LOG (lattice-best-path[5.5.1137~1-51744]:main():lattice-best-path.cc:99) For utterance FGA321, best cost 44.1509 + -164.168 = -120.017 over 487 frames.
LOG (lattice-best-path[5.5.1137~1-51744]:main():lattice-best-path.cc:99) For utterance FGA322, best cost 26.799 + -110.719 = -83.9197 over 449 frames.
LOG (lattice-best-path[5.5.1137~1-51744]:main():lattice-best-path.cc:99) For utterance FGA323, best cost 50.9035 + -135.468 = -84.5645 over 518 frames.
LOG (lattice-best-path[5.5.1137~1-51744]:main():lattice-best-path.cc:99) For utterance FGA324, best cost 36.4841 + -169.33 = -132.846 over 548 frames.
LOG (lattice-best-path[5.5.1137~1-51744]:main():lattice-best-path.cc:99) For utterance FGA325, best cost 43.2186 + -127.184 = -83.9657 over 439 frames.
LOG (lattice-best-path[5.5.1137~1-51744]:main():lattice-best-path.cc:99) For utterance FGA326, best cost 48.962 + -138.034 = -89.072 over 520 frames.
LOG (lattice-best-path[5.5.1137~1-51744]:main():lattice-best-path.cc:99) For utterance FGA327, best cost 33.9914 + -144.061 = -110.069 over 519 frames.
LOG (lattice-best-path[5.5.1137~1-51744]:main():lattice-best-path.cc:99) For utterance FGA328, best cost 31.7034 + -152.93 = -121.227 over 506 frames.
LOG (lattice-best-path[5.5.1137~1-51744]:main():lattice-best-path.cc:99) For utterance FGA329, best cost 25.8196 + -108.242 = -82.4228 over 439 frames.
LOG (lattice-best-path[5.5.1137~1-51744]:main():lattice-best-path.cc:99) For utterance FGA330, best cost 29.404 + -115.869 = -86.4645 over 458 frames.
LOG (lattice-best-path[5.5.1137~1-51744]:main():lattice-best-path.cc:99) For utterance FGA331, best cost 23.736 + -99.0117 = -75.2757 over 320 frames.
LOG (lattice-best-path[5.5.1137~1-51744]:main():lattice-best-path.cc:99) For utterance FGA332, best cost 27.1151 + -112.092 = -84.977 over 349 frames.
LOG (lattice-best-path[5.5.1137~1-51744]:main():lattice-best-path.cc:99) For utterance FGA333, best cost 29.7653 + -124.832 = -95.0667 over 429 frames.
LOG (lattice-best-path[5.5.1137~1-51744]:main():lattice-best-path.cc:99) For utterance FGA334, best cost 45.0169 + -137.315 = -92.2979 over 373 frames.
LOG (lattice-best-path[5.5.1137~1-51744]:main():lattice-best-path.cc:99) For utterance FGA335, best cost 23.8806 + -114.482 = -90.6015 over 308 frames.
LOG (lattice-best-path[5.5.1137~1-51744]:main():lattice-best-path.cc:99) For utterance FGA336, best cost 25.8338 + -118.686 = -92.8524 over 377 frames.
LOG (lattice-best-path[5.5.1137~1-51744]:main():lattice-best-path.cc:99) For utterance FGA337, best cost 26.7961 + -127.709 = -100.912 over 413 frames.
LOG (lattice-best-path[5.5.1137~1-51744]:main():lattice-best-path.cc:99) For utterance FGA338, best cost 27.908 + -119.376 = -91.4676 over 377 frames.
LOG (lattice-best-path[5.5.1137~1-51744]:main():lattice-best-path.cc:99) For utterance FGA339, best cost 24.3107 + -113.651 = -89.3406 over 301 frames.
LOG (lattice-best-path[5.5.1137~1-51744]:main():lattice-best-path.cc:99) For utterance FGA340, best cost 30.6 + -112.409 = -81.8088 over 462 frames.
LOG (lattice-best-path[5.5.1137~1-51744]:main():lattice-best-path.cc:99) For utterance FGA341, best cost 23.9339 + -92.7441 = -68.8102 over 361 frames.
LOG (lattice-best-path[5.5.1137~1-51744]:main():lattice-best-path.cc:99) For utterance FGA342, best cost 27.5791 + -110.068 = -82.4894 over 385 frames.
LOG (lattice-best-path[5.5.1137~1-51744]:main():lattice-best-path.cc:99) For utterance FGA343, best cost 31.1222 + -106.245 = -75.1223 over 425 frames.
LOG (lattice-best-path[5.5.1137~1-51744]:main():lattice-best-path.cc:99) For utterance FGA344, best cost 29.9363 + -90.123 = -60.1867 over 317 frames.
LOG (lattice-best-path[5.5.1137~1-51744]:main():lattice-best-path.cc:99) For utterance FGA345, best cost 27.79 + -107.807 = -80.0173 over 413 frames.
LOG (lattice-best-path[5.5.1137~1-51744]:main():lattice-best-path.cc:99) For utterance FGA346, best cost 25.6494 + -90.3342 = -64.6848 over 369 frames.
LOG (lattice-best-path[5.5.1137~1-51744]:main():lattice-best-path.cc:99) For utterance FGA347, best cost 26.7511 + -113.021 = -86.2698 over 405 frames.
LOG (lattice-best-path[5.5.1137~1-51744]:main():lattice-best-path.cc:99) For utterance FGA348, best cost 23.5192 + -79.0316 = -55.5124 over 353 frames.
LOG (lattice-best-path[5.5.1137~1-51744]:main():lattice-best-path.cc:99) For utterance FGA349, best cost 27.7806 + -96.1022 = -68.3216 over 377 frames.
LOG (lattice-best-path[5.5.1137~1-51744]:main():lattice-best-path.cc:99) For utterance FGA350, best cost 31.1561 + -96.7251 = -65.569 over 474 frames.
LOG (lattice-best-path[5.5.1137~1-51744]:main():lattice-best-path.cc:99) For utterance FGA351, best cost 29.2578 + -103.491 = -74.2332 over 345 frames.
LOG (lattice-best-path[5.5.1137~1-51744]:main():lattice-best-path.cc:99) For utterance FGA352, best cost 27.3022 + -138.601 = -111.298 over 432 frames.
LOG (lattice-best-path[5.5.1137~1-51744]:main():lattice-best-path.cc:99) For utterance FGA353, best cost 27.1323 + -94.2088 = -67.0764 over 345 frames.
LOG (lattice-best-path[5.5.1137~1-51744]:main():lattice-best-path.cc:99) For utterance FGA354, best cost 44.6197 + -176.592 = -131.973 over 740 frames.
LOG (lattice-best-path[5.5.1137~1-51744]:main():lattice-best-path.cc:99) For utterance FGA355, best cost 34.7355 + -134.403 = -99.6677 over 589 frames.
LOG (lattice-best-path[5.5.1137~1-51744]:main():lattice-best-path.cc:99) For utterance FGA356, best cost 26.1692 + -124.664 = -98.4946 over 498 frames.
LOG (lattice-best-path[5.5.1137~1-51744]:main():lattice-best-path.cc:99) For utterance FGA357, best cost 25.9583 + -117.166 = -91.2082 over 471 frames.
LOG (lattice-best-path[5.5.1137~1-51744]:main():lattice-best-path.cc:99) For utterance FGA358, best cost 24.0778 + -134.671 = -110.593 over 509 frames.
LOG (lattice-best-path[5.5.1137~1-51744]:main():lattice-best-path.cc:99) For utterance FGA359, best cost 31.3075 + -120.579 = -89.2718 over 471 frames.
LOG (lattice-best-path[5.5.1137~1-51744]:main():lattice-best-path.cc:99) For utterance FGA360, best cost 23.144 + -118.34 = -95.1963 over 380 frames.
LOG (lattice-best-path[5.5.1137~1-51744]:main():lattice-best-path.cc:99) For utterance FGA361, best cost 23.0823 + -94.9507 = -71.8683 over 391 frames.
LOG (lattice-best-path[5.5.1137~1-51744]:main():lattice-best-path.cc:99) For utterance FGA362, best cost 81.0792 + -181.212 = -100.133 over 642 frames.
LOG (lattice-best-path[5.5.1137~1-51744]:main():lattice-best-path.cc:99) For utterance FGA363, best cost 28.1892 + -137.981 = -109.791 over 540 frames.
LOG (lattice-best-path[5.5.1137~1-51744]:main():lattice-best-path.cc:99) For utterance FGA364, best cost 41.3923 + -111.042 = -69.6499 over 481 frames.
LOG (lattice-best-path[5.5.1137~1-51744]:main():lattice-best-path.cc:99) For utterance FGA365, best cost 46.4162 + -116.561 = -70.1444 over 491 frames.
LOG (lattice-best-path[5.5.1137~1-51744]:main():lattice-best-path.cc:99) For utterance FSP293, best cost 28.9063 + -131.61 = -102.703 over 412 frames.
LOG (lattice-best-path[5.5.1137~1-51744]:main():lattice-best-path.cc:99) For utterance FSP294, best cost 23.8806 + -115.34 = -91.4595 over 291 frames.
LOG (lattice-best-path[5.5.1137~1-51744]:main():lattice-best-path.cc:99) For utterance FSP295, best cost 23.6772 + -121.064 = -97.3866 over 310 frames.
LOG (lattice-best-path[5.5.1137~1-51744]:main():lattice-best-path.cc:99) For utterance FSP296, best cost 31.257 + -168.52 = -137.263 over 404 frames.
LOG (lattice-best-path[5.5.1137~1-51744]:main():lattice-best-path.cc:99) For utterance FSP297, best cost 54.4973 + -137.844 = -83.347 over 357 frames.
LOG (lattice-best-path[5.5.1137~1-51744]:main():lattice-best-path.cc:99) For utterance FSP298, best cost 22.2213 + -78.7342 = -56.5129 over 230 frames.
LOG (lattice-best-path[5.5.1137~1-51744]:main():lattice-best-path.cc:99) For utterance FSP299, best cost 24.2498 + -101.713 = -77.4631 over 300 frames.
LOG (lattice-best-path[5.5.1137~1-51744]:main():lattice-best-path.cc:99) For utterance FSP300, best cost 30.2304 + -134.711 = -104.48 over 383 frames.
LOG (lattice-best-path[5.5.1137~1-51744]:main():lattice-best-path.cc:99) For utterance FSP301, best cost 34.5614 + -128.232 = -93.6707 over 384 frames.
LOG (lattice-best-path[5.5.1137~1-51744]:main():lattice-best-path.cc:99) For utterance FSP302, best cost 27.4821 + -115.63 = -88.1475 over 356 frames.
LOG (lattice-best-path[5.5.1137~1-51744]:main():lattice-best-path.cc:99) For utterance FSP303, best cost 42.0363 + -116.983 = -74.9463 over 340 frames.
LOG (lattice-best-path[5.5.1137~1-51744]:main():lattice-best-path.cc:99) For utterance FSP304, best cost 33.2299 + -135.644 = -102.414 over 472 frames.
LOG (lattice-best-path[5.5.1137~1-51744]:main():lattice-best-path.cc:99) For utterance FSP305, best cost 35.566 + -173.607 = -138.041 over 497 frames.
LOG (lattice-best-path[5.5.1137~1-51744]:main():lattice-best-path.cc:99) For utterance FSP306, best cost 29.9854 + -103.103 = -73.1174 over 400 frames.
LOG (lattice-best-path[5.5.1137~1-51744]:main():lattice-best-path.cc:99) For utterance FSP307, best cost 25.4179 + -107.656 = -82.2383 over 341 frames.
LOG (lattice-best-path[5.5.1137~1-51744]:main():lattice-best-path.cc:99) For utterance FSP308, best cost 23.6752 + -91.281 = -67.6057 over 270 frames.
LOG (lattice-best-path[5.5.1137~1-51744]:main():lattice-best-path.cc:99) For utterance FSP309, best cost 26.312 + -105.103 = -78.7906 over 325 frames.
LOG (lattice-best-path[5.5.1137~1-51744]:main():lattice-best-path.cc:99) For utterance FSP310, best cost 24.2417 + -95.0698 = -70.8281 over 226 frames.
LOG (lattice-best-path[5.5.1137~1-51744]:main():lattice-best-path.cc:99) For utterance FSP311, best cost 34.6994 + -144.426 = -109.727 over 465 frames.
LOG (lattice-best-path[5.5.1137~1-51744]:main():lattice-best-path.cc:99) For utterance FSP312, best cost 33.7699 + -120.654 = -86.8839 over 428 frames.
LOG (lattice-best-path[5.5.1137~1-51744]:main():lattice-best-path.cc:99) For utterance FSP313, best cost 25.2044 + -85.9852 = -60.7808 over 253 frames.
LOG (lattice-best-path[5.5.1137~1-51744]:main():lattice-best-path.cc:99) For utterance FSP314, best cost 25.331 + -84.913 = -59.5819 over 280 frames.
LOG (lattice-best-path[5.5.1137~1-51744]:main():lattice-best-path.cc:99) For utterance FSP315, best cost 24.5712 + -104.663 = -80.0914 over 314 frames.
LOG (lattice-best-path[5.5.1137~1-51744]:main():lattice-best-path.cc:99) For utterance FSP316, best cost 27.9996 + -102.595 = -74.5954 over 350 frames.
LOG (lattice-best-path[5.5.1137~1-51744]:main():lattice-best-path.cc:99) For utterance FSP317, best cost 24.7405 + -110.835 = -86.0947 over 353 frames.
LOG (lattice-best-path[5.5.1137~1-51744]:main():lattice-best-path.cc:99) For utterance FSP318, best cost 23.5864 + -88.8859 = -65.2995 over 273 frames.
LOG (lattice-best-path[5.5.1137~1-51744]:main():lattice-best-path.cc:99) For utterance FSP319, best cost 24.0766 + -97.7437 = -73.6671 over 270 frames.
LOG (lattice-best-path[5.5.1137~1-51744]:main():lattice-best-path.cc:99) For utterance FSP320, best cost 25.6443 + -103.18 = -77.5358 over 317 frames.
LOG (lattice-best-path[5.5.1137~1-51744]:main():lattice-best-path.cc:99) For utterance FSP321, best cost 27.2854 + -99.2304 = -71.9451 over 351 frames.
LOG (lattice-best-path[5.5.1137~1-51744]:main():lattice-best-path.cc:99) For utterance FSP322, best cost 23.8788 + -91.8464 = -67.9675 over 272 frames.
LOG (lattice-best-path[5.5.1137~1-51744]:main():lattice-best-path.cc:99) For utterance FSP323, best cost 34.0625 + -157.123 = -123.061 over 465 frames.
LOG (lattice-best-path[5.5.1137~1-51744]:main():lattice-best-path.cc:99) For utterance FSP324, best cost 30.6948 + -107.108 = -76.4133 over 348 frames.
LOG (lattice-best-path[5.5.1137~1-51744]:main():lattice-best-path.cc:99) For utterance FSP325, best cost 24.7416 + -70.6858 = -45.9442 over 265 frames.
LOG (lattice-best-path[5.5.1137~1-51744]:main():lattice-best-path.cc:99) For utterance FSP326, best cost 26.7218 + -102.514 = -75.7925 over 269 frames.
LOG (lattice-best-path[5.5.1137~1-51744]:main():lattice-best-path.cc:99) For utterance FSP327, best cost 28.2912 + -103.54 = -75.2487 over 357 frames.
LOG (lattice-best-path[5.5.1137~1-51744]:main():lattice-best-path.cc:99) For utterance FSP328, best cost 29.6673 + -117.709 = -88.0414 over 395 frames.
LOG (lattice-best-path[5.5.1137~1-51744]:main():lattice-best-path.cc:99) For utterance FSP329, best cost 22.9801 + -82.6826 = -59.7025 over 275 frames.
LOG (lattice-best-path[5.5.1137~1-51744]:main():lattice-best-path.cc:99) For utterance FSP330, best cost 26.6158 + -107.995 = -81.379 over 307 frames.
LOG (lattice-best-path[5.5.1137~1-51744]:main():lattice-best-path.cc:99) For utterance FSP331, best cost 23.2644 + -72.5483 = -49.2839 over 251 frames.
LOG (lattice-best-path[5.5.1137~1-51744]:main():lattice-best-path.cc:99) For utterance FSP332, best cost 27.3948 + -97.8377 = -70.4429 over 330 frames.
LOG (lattice-best-path[5.5.1137~1-51744]:main():lattice-best-path.cc:99) For utterance FSP333, best cost 27.1277 + -108.415 = -81.2876 over 394 frames.
LOG (lattice-best-path[5.5.1137~1-51744]:main():lattice-best-path.cc:99) For utterance FSP334, best cost 24.6864 + -101.624 = -76.9374 over 267 frames.
LOG (lattice-best-path[5.5.1137~1-51744]:main():lattice-best-path.cc:99) For utterance FSP335, best cost 24.7159 + -88.7321 = -64.0162 over 278 frames.
LOG (lattice-best-path[5.5.1137~1-51744]:main():lattice-best-path.cc:99) For utterance FSP336, best cost 25.112 + -101.006 = -75.8941 over 308 frames.
LOG (lattice-best-path[5.5.1137~1-51744]:main():lattice-best-path.cc:99) For utterance FSP337, best cost 24.9676 + -105.478 = -80.5101 over 324 frames.
LOG (lattice-best-path[5.5.1137~1-51744]:main():lattice-best-path.cc:99) For utterance FSP338, best cost 25.1013 + -94.1152 = -69.014 over 280 frames.
LOG (lattice-best-path[5.5.1137~1-51744]:main():lattice-best-path.cc:99) For utterance FSP339, best cost 23.5387 + -100.483 = -76.9445 over 272 frames.
LOG (lattice-best-path[5.5.1137~1-51744]:main():lattice-best-path.cc:99) For utterance FSP340, best cost 27.8453 + -115.339 = -87.4934 over 404 frames.
LOG (lattice-best-path[5.5.1137~1-51744]:main():lattice-best-path.cc:99) For utterance FSP341, best cost 22.4422 + -87.3802 = -64.938 over 227 frames.
LOG (lattice-best-path[5.5.1137~1-51744]:main():lattice-best-path.cc:99) For utterance FSP342, best cost 25.5918 + -98.186 = -72.5942 over 310 frames.
LOG (lattice-best-path[5.5.1137~1-51744]:main():lattice-best-path.cc:99) For utterance FSP343, best cost 29.2983 + -122.167 = -92.8683 over 339 frames.
LOG (lattice-best-path[5.5.1137~1-51744]:main():lattice-best-path.cc:99) For utterance FSP344, best cost 21.2456 + -73.4046 = -52.159 over 241 frames.
LOG (lattice-best-path[5.5.1137~1-51744]:main():lattice-best-path.cc:99) For utterance FSP345, best cost 26.5825 + -103.723 = -77.1409 over 326 frames.
LOG (lattice-best-path[5.5.1137~1-51744]:main():lattice-best-path.cc:99) For utterance FSP346, best cost 56.5019 + -105.14 = -48.6383 over 353 frames.
LOG (lattice-best-path[5.5.1137~1-51744]:main():lattice-best-path.cc:99) For utterance FSP347, best cost 24.5216 + -106.638 = -82.1166 over 284 frames.
LOG (lattice-best-path[5.5.1137~1-51744]:main():lattice-best-path.cc:99) For utterance FSP348, best cost 23.9961 + -81.2263 = -57.2302 over 280 frames.
LOG (lattice-best-path[5.5.1137~1-51744]:main():lattice-best-path.cc:99) For utterance FSP349, best cost 26.5253 + -108.833 = -82.3082 over 329 frames.
LOG (lattice-best-path[5.5.1137~1-51744]:main():lattice-best-path.cc:99) For utterance FSP350, best cost 29.5743 + -102.657 = -73.0826 over 346 frames.
LOG (lattice-depth-per-frame[5.5.1137~1-51744]:main():lattice-depth-per-frame.cc:82) Done 146 lattices.
LOG (lattice-best-path[5.5.1137~1-51744]:main():lattice-best-path.cc:99) For utterance FSP351, best cost 25.6451 + -96.7902 = -71.1451 over 281 frames.
LOG (lattice-best-path[5.5.1137~1-51744]:main():lattice-best-path.cc:99) For utterance FSP352, best cost 21.5565 + -76.0254 = -54.4689 over 217 frames.
LOG (lattice-best-path[5.5.1137~1-51744]:main():lattice-best-path.cc:99) For utterance FSP353, best cost 24.1762 + -97.9202 = -73.744 over 285 frames.
LOG (lattice-best-path[5.5.1137~1-51744]:main():lattice-best-path.cc:99) For utterance FSP354, best cost 34.5686 + -152.975 = -118.407 over 436 frames.
LOG (lattice-best-path[5.5.1137~1-51744]:main():lattice-best-path.cc:99) For utterance FSP355, best cost 23.9531 + -122.35 = -98.3966 over 300 frames.
LOG (lattice-best-path[5.5.1137~1-51744]:main():lattice-best-path.cc:99) For utterance FSP356, best cost 21.098 + -88.0754 = -66.9773 over 217 frames.
LOG (lattice-best-path[5.5.1137~1-51744]:main():lattice-best-path.cc:99) For utterance FSP357, best cost 19.4852 + -63.4929 = -44.0078 over 175 frames.
LOG (lattice-best-path[5.5.1137~1-51744]:main():lattice-best-path.cc:99) For utterance FSP358, best cost 22.7623 + -106.763 = -84.0011 over 272 frames.
LOG (lattice-best-path[5.5.1137~1-51744]:main():lattice-best-path.cc:99) For utterance FSP359, best cost 26.5821 + -101.239 = -74.6565 over 307 frames.
LOG (lattice-best-path[5.5.1137~1-51744]:main():lattice-best-path.cc:99) For utterance FSP360, best cost 23.2259 + -108.181 = -84.9553 over 282 frames.
LOG (lattice-best-path[5.5.1137~1-51744]:main():lattice-best-path.cc:99) For utterance FSP361, best cost 19.1141 + -63.6105 = -44.4964 over 191 frames.
LOG (lattice-best-path[5.5.1137~1-51744]:main():lattice-best-path.cc:99) For utterance FSP362, best cost 27.161 + -111.126 = -83.9652 over 358 frames.
LOG (lattice-best-path[5.5.1137~1-51744]:main():lattice-best-path.cc:99) For utterance FSP363, best cost 27.9605 + -101.735 = -73.7743 over 350 frames.
LOG (lattice-best-path[5.5.1137~1-51744]:main():lattice-best-path.cc:99) For utterance FSP364, best cost 25.8091 + -81.4841 = -55.675 over 304 frames.
LOG (lattice-best-path[5.5.1137~1-51744]:main():lattice-best-path.cc:99) For utterance FSP365, best cost 29.1404 + -110.907 = -81.7665 over 312 frames.
LOG (lattice-best-path[5.5.1137~1-51744]:main():lattice-best-path.cc:124) Overall cost per frame is -0.217531 = 0.0787873 [graph] + -0.296318 [acoustic] over 56208 frames.
LOG (lattice-best-path[5.5.1137~1-51744]:main():lattice-best-path.cc:128) Done 146 lattices, failed for 0
# Accounting: time=0 threads=1
# Ended (code 0) at Wed Aug 28 02:31:15 IST 2024, elapsed time 0 seconds
