# gmm-acc-stats-ali exp_FG/tri_8_2000/11.mdl "ark,s,cs:apply-cmvn  --utt2spk=ark:data/train/split2/1/utt2spk scp:data/train/split2/1/cmvn.scp scp:data/train/split2/1/feats.scp ark:- | add-deltas  ark:- ark:- |" "ark,s,cs:gunzip -c exp_FG/tri_8_2000/ali.1.gz|" exp_FG/tri_8_2000/11.1.acc 
# Started at Mon Jul  8 09:44:17 IST 2024
#
gmm-acc-stats-ali exp_FG/tri_8_2000/11.mdl 'ark,s,cs:apply-cmvn  --utt2spk=ark:data/train/split2/1/utt2spk scp:data/train/split2/1/cmvn.scp scp:data/train/split2/1/feats.scp ark:- | add-deltas  ark:- ark:- |' 'ark,s,cs:gunzip -c exp_FG/tri_8_2000/ali.1.gz|' exp_FG/tri_8_2000/11.1.acc 
add-deltas ark:- ark:- 
apply-cmvn --utt2spk=ark:data/train/split2/1/utt2spk scp:data/train/split2/1/cmvn.scp scp:data/train/split2/1/feats.scp ark:- 
LOG (gmm-acc-stats-ali[5.5.1139~1-67548]:main():gmm-acc-stats-ali.cc:105) Processed 50 utterances; for utterance FSI143 avg. like is -81.5219 over 165 frames.
LOG (gmm-acc-stats-ali[5.5.1139~1-67548]:main():gmm-acc-stats-ali.cc:105) Processed 100 utterances; for utterance FSI189 avg. like is -82.9621 over 160 frames.
LOG (gmm-acc-stats-ali[5.5.1139~1-67548]:main():gmm-acc-stats-ali.cc:105) Processed 150 utterances; for utterance FSI233 avg. like is -85.7805 over 274 frames.
LOG (gmm-acc-stats-ali[5.5.1139~1-67548]:main():gmm-acc-stats-ali.cc:105) Processed 200 utterances; for utterance FSI279 avg. like is -82.0781 over 298 frames.
LOG (gmm-acc-stats-ali[5.5.1139~1-67548]:main():gmm-acc-stats-ali.cc:105) Processed 250 utterances; for utterance FSI60 avg. like is -80.5989 over 305 frames.
LOG (gmm-acc-stats-ali[5.5.1139~1-67548]:main():gmm-acc-stats-ali.cc:105) Processed 300 utterances; for utterance FVP105 avg. like is -88.946 over 250 frames.
LOG (gmm-acc-stats-ali[5.5.1139~1-67548]:main():gmm-acc-stats-ali.cc:105) Processed 350 utterances; for utterance FVP150 avg. like is -85.1533 over 126 frames.
LOG (gmm-acc-stats-ali[5.5.1139~1-67548]:main():gmm-acc-stats-ali.cc:105) Processed 400 utterances; for utterance FVP196 avg. like is -81.1244 over 98 frames.
LOG (gmm-acc-stats-ali[5.5.1139~1-67548]:main():gmm-acc-stats-ali.cc:105) Processed 450 utterances; for utterance FVP240 avg. like is -87.6825 over 357 frames.
LOG (gmm-acc-stats-ali[5.5.1139~1-67548]:main():gmm-acc-stats-ali.cc:105) Processed 500 utterances; for utterance FVP286 avg. like is -90.1714 over 368 frames.
LOG (gmm-acc-stats-ali[5.5.1139~1-67548]:main():gmm-acc-stats-ali.cc:105) Processed 550 utterances; for utterance FVP68 avg. like is -85.5247 over 355 frames.
LOG (gmm-acc-stats-ali[5.5.1139~1-67548]:main():gmm-acc-stats-ali.cc:105) Processed 600 utterances; for utterance MAK112 avg. like is -81.1782 over 143 frames.
LOG (gmm-acc-stats-ali[5.5.1139~1-67548]:main():gmm-acc-stats-ali.cc:105) Processed 650 utterances; for utterance MAK158 avg. like is -83.6553 over 75 frames.
LOG (gmm-acc-stats-ali[5.5.1139~1-67548]:main():gmm-acc-stats-ali.cc:105) Processed 700 utterances; for utterance MAK202 avg. like is -92.19 over 116 frames.
LOG (gmm-acc-stats-ali[5.5.1139~1-67548]:main():gmm-acc-stats-ali.cc:105) Processed 750 utterances; for utterance MAK248 avg. like is -86.1106 over 339 frames.
LOG (gmm-acc-stats-ali[5.5.1139~1-67548]:main():gmm-acc-stats-ali.cc:105) Processed 800 utterances; for utterance MAK3 avg. like is -87.931 over 151 frames.
LOG (gmm-acc-stats-ali[5.5.1139~1-67548]:main():gmm-acc-stats-ali.cc:105) Processed 850 utterances; for utterance MAK75 avg. like is -82.5063 over 534 frames.
LOG (gmm-acc-stats-ali[5.5.1139~1-67548]:main():gmm-acc-stats-ali.cc:105) Processed 900 utterances; for utterance MPA12 avg. like is -82.5888 over 462 frames.
LOG (gmm-acc-stats-ali[5.5.1139~1-67548]:main():gmm-acc-stats-ali.cc:105) Processed 950 utterances; for utterance MPA165 avg. like is -85.4939 over 210 frames.
LOG (gmm-acc-stats-ali[5.5.1139~1-67548]:main():gmm-acc-stats-ali.cc:105) Processed 1000 utterances; for utterance MPA21 avg. like is -82.3838 over 286 frames.
LOG (gmm-acc-stats-ali[5.5.1139~1-67548]:main():gmm-acc-stats-ali.cc:105) Processed 1050 utterances; for utterance MPA255 avg. like is -86.5561 over 466 frames.
LOG (gmm-acc-stats-ali[5.5.1139~1-67548]:main():gmm-acc-stats-ali.cc:105) Processed 1100 utterances; for utterance MPA37 avg. like is -79.7147 over 329 frames.
LOG (gmm-acc-stats-ali[5.5.1139~1-67548]:main():gmm-acc-stats-ali.cc:105) Processed 1150 utterances; for utterance MPA82 avg. like is -81.137 over 429 frames.
LOG (apply-cmvn[5.5.1139~1-67548]:main():apply-cmvn.cc:162) Applied cepstral mean normalization to 1168 utterances, errors on 0
LOG (gmm-acc-stats-ali[5.5.1139~1-67548]:main():gmm-acc-stats-ali.cc:112) Done 1168 files, 0 with errors.
LOG (gmm-acc-stats-ali[5.5.1139~1-67548]:main():gmm-acc-stats-ali.cc:115) Overall avg like per frame (Gaussian only) = -85.4771 over 310573 frames.
LOG (gmm-acc-stats-ali[5.5.1139~1-67548]:main():gmm-acc-stats-ali.cc:123) Written accs.
# Accounting: time=0 threads=1
# Ended (code 0) at Mon Jul  8 09:44:17 IST 2024, elapsed time 0 seconds
