# build-tree --verbose=1 --max-leaves=2000 --cluster-thresh=-1 exp_FG/tri_8_2000/treeacc data/lang_bigram/phones/roots.int exp_FG/tri_8_2000/questions.qst data/lang_bigram/topo exp_FG/tri_8_2000/tree 
# Started at Mon Jul  8 09:43:57 IST 2024
#
build-tree --verbose=1 --max-leaves=2000 --cluster-thresh=-1 exp_FG/tri_8_2000/treeacc data/lang_bigram/phones/roots.int exp_FG/tri_8_2000/questions.qst data/lang_bigram/topo exp_FG/tri_8_2000/tree 
LOG (build-tree[5.5.1139~1-67548]:main():build-tree.cc:104) Number of separate statistics is 6840
LOG (build-tree[5.5.1139~1-67548]:BuildTree():build-tree.cc:161) BuildTree: before building trees, map has 39 leaves.
LOG (build-tree[5.5.1139~1-67548]:SplitDecisionTree():build-tree-utils.cc:575) DoDecisionTreeSplit: split 1242 times, #leaves now 1281
LOG (build-tree[5.5.1139~1-67548]:BuildTree():build-tree.cc:187) Setting clustering threshold to smallest split 300.051
VLOG[1] (build-tree[5.5.1139~1-67548]:BuildTree():build-tree.cc:196) After decision tree split, num-leaves = 1281, like-impr = 5.32472 per frame over 502721 frames.
VLOG[1] (build-tree[5.5.1139~1-67548]:BuildTree():build-tree.cc:200) Including just phones that were split, improvement is 5.32472 per frame over 502721 frames.
LOG (build-tree[5.5.1139~1-67548]:BuildTree():build-tree.cc:215) BuildTree: removed 385 leaves.
VLOG[1] (build-tree[5.5.1139~1-67548]:ClusterEventMapToNClustersRestrictedByMap():build-tree-utils.cc:912) Number of non-empty clusters in map = 39
VLOG[1] (build-tree[5.5.1139~1-67548]:ClusterEventMapToNClustersRestrictedByMap():build-tree-utils.cc:913) Number of non-empty clusters = 896
VLOG[1] (build-tree[5.5.1139~1-67548]:BuildTree():build-tree.cc:256) Objf change due to clustering -0.162348 per frame.
VLOG[1] (build-tree[5.5.1139~1-67548]:BuildTree():build-tree.cc:259) Normalizing over only split phones, this is: -0.162348 per frame.
VLOG[1] (build-tree[5.5.1139~1-67548]:BuildTree():build-tree.cc:262) Num-leaves is now 896
VLOG[1] (build-tree[5.5.1139~1-67548]:main():build-tree.cc:143) For pdf-id 8, low count 71
VLOG[1] (build-tree[5.5.1139~1-67548]:main():build-tree.cc:143) For pdf-id 11, low count 62
VLOG[1] (build-tree[5.5.1139~1-67548]:main():build-tree.cc:143) For pdf-id 14, low count 42
VLOG[1] (build-tree[5.5.1139~1-67548]:main():build-tree.cc:143) For pdf-id 17, low count 90
VLOG[1] (build-tree[5.5.1139~1-67548]:main():build-tree.cc:143) For pdf-id 19, low count 93
VLOG[1] (build-tree[5.5.1139~1-67548]:main():build-tree.cc:143) For pdf-id 31, low count 61
VLOG[1] (build-tree[5.5.1139~1-67548]:main():build-tree.cc:143) For pdf-id 34, low count 96
VLOG[1] (build-tree[5.5.1139~1-67548]:main():build-tree.cc:143) For pdf-id 35, low count 62
VLOG[1] (build-tree[5.5.1139~1-67548]:main():build-tree.cc:143) For pdf-id 38, low count 48
VLOG[1] (build-tree[5.5.1139~1-67548]:main():build-tree.cc:143) For pdf-id 53, low count 63
VLOG[1] (build-tree[5.5.1139~1-67548]:main():build-tree.cc:143) For pdf-id 58, low count 36
VLOG[1] (build-tree[5.5.1139~1-67548]:main():build-tree.cc:143) For pdf-id 81, low count 55
VLOG[1] (build-tree[5.5.1139~1-67548]:main():build-tree.cc:143) For pdf-id 83, low count 74
VLOG[1] (build-tree[5.5.1139~1-67548]:main():build-tree.cc:143) For pdf-id 89, low count 94
VLOG[1] (build-tree[5.5.1139~1-67548]:main():build-tree.cc:143) For pdf-id 91, low count 51
VLOG[1] (build-tree[5.5.1139~1-67548]:main():build-tree.cc:143) For pdf-id 92, low count 55
VLOG[1] (build-tree[5.5.1139~1-67548]:main():build-tree.cc:143) For pdf-id 94, low count 24
VLOG[1] (build-tree[5.5.1139~1-67548]:main():build-tree.cc:143) For pdf-id 102, low count 74
VLOG[1] (build-tree[5.5.1139~1-67548]:main():build-tree.cc:143) For pdf-id 125, low count 90
VLOG[1] (build-tree[5.5.1139~1-67548]:main():build-tree.cc:143) For pdf-id 134, low count 64
VLOG[1] (build-tree[5.5.1139~1-67548]:main():build-tree.cc:143) For pdf-id 135, low count 85
VLOG[1] (build-tree[5.5.1139~1-67548]:main():build-tree.cc:143) For pdf-id 137, low count 69
VLOG[1] (build-tree[5.5.1139~1-67548]:main():build-tree.cc:143) For pdf-id 138, low count 50
VLOG[1] (build-tree[5.5.1139~1-67548]:main():build-tree.cc:143) For pdf-id 144, low count 59
VLOG[1] (build-tree[5.5.1139~1-67548]:main():build-tree.cc:143) For pdf-id 152, low count 44
VLOG[1] (build-tree[5.5.1139~1-67548]:main():build-tree.cc:143) For pdf-id 160, low count 77
VLOG[1] (build-tree[5.5.1139~1-67548]:main():build-tree.cc:143) For pdf-id 174, low count 96
VLOG[1] (build-tree[5.5.1139~1-67548]:main():build-tree.cc:143) For pdf-id 182, low count 91
VLOG[1] (build-tree[5.5.1139~1-67548]:main():build-tree.cc:143) For pdf-id 184, low count 47
VLOG[1] (build-tree[5.5.1139~1-67548]:main():build-tree.cc:143) For pdf-id 188, low count 58
VLOG[1] (build-tree[5.5.1139~1-67548]:main():build-tree.cc:143) For pdf-id 200, low count 52
VLOG[1] (build-tree[5.5.1139~1-67548]:main():build-tree.cc:143) For pdf-id 206, low count 35
VLOG[1] (build-tree[5.5.1139~1-67548]:main():build-tree.cc:143) For pdf-id 211, low count 74
VLOG[1] (build-tree[5.5.1139~1-67548]:main():build-tree.cc:143) For pdf-id 221, low count 74
VLOG[1] (build-tree[5.5.1139~1-67548]:main():build-tree.cc:143) For pdf-id 236, low count 82
VLOG[1] (build-tree[5.5.1139~1-67548]:main():build-tree.cc:143) For pdf-id 252, low count 42
VLOG[1] (build-tree[5.5.1139~1-67548]:main():build-tree.cc:143) For pdf-id 254, low count 95
VLOG[1] (build-tree[5.5.1139~1-67548]:main():build-tree.cc:143) For pdf-id 255, low count 63
VLOG[1] (build-tree[5.5.1139~1-67548]:main():build-tree.cc:143) For pdf-id 266, low count 63
VLOG[1] (build-tree[5.5.1139~1-67548]:main():build-tree.cc:143) For pdf-id 270, low count 54
VLOG[1] (build-tree[5.5.1139~1-67548]:main():build-tree.cc:143) For pdf-id 276, low count 63
VLOG[1] (build-tree[5.5.1139~1-67548]:main():build-tree.cc:143) For pdf-id 282, low count 83
VLOG[1] (build-tree[5.5.1139~1-67548]:main():build-tree.cc:143) For pdf-id 287, low count 34
VLOG[1] (build-tree[5.5.1139~1-67548]:main():build-tree.cc:143) For pdf-id 291, low count 70
VLOG[1] (build-tree[5.5.1139~1-67548]:main():build-tree.cc:143) For pdf-id 294, low count 91
VLOG[1] (build-tree[5.5.1139~1-67548]:main():build-tree.cc:143) For pdf-id 307, low count 49
VLOG[1] (build-tree[5.5.1139~1-67548]:main():build-tree.cc:143) For pdf-id 310, low count 66
VLOG[1] (build-tree[5.5.1139~1-67548]:main():build-tree.cc:143) For pdf-id 315, low count 37
VLOG[1] (build-tree[5.5.1139~1-67548]:main():build-tree.cc:143) For pdf-id 316, low count 47
VLOG[1] (build-tree[5.5.1139~1-67548]:main():build-tree.cc:143) For pdf-id 333, low count 94
VLOG[1] (build-tree[5.5.1139~1-67548]:main():build-tree.cc:143) For pdf-id 345, low count 72
VLOG[1] (build-tree[5.5.1139~1-67548]:main():build-tree.cc:143) For pdf-id 348, low count 92
VLOG[1] (build-tree[5.5.1139~1-67548]:main():build-tree.cc:143) For pdf-id 359, low count 66
VLOG[1] (build-tree[5.5.1139~1-67548]:main():build-tree.cc:143) For pdf-id 360, low count 41
VLOG[1] (build-tree[5.5.1139~1-67548]:main():build-tree.cc:143) For pdf-id 363, low count 84
VLOG[1] (build-tree[5.5.1139~1-67548]:main():build-tree.cc:143) For pdf-id 367, low count 84
VLOG[1] (build-tree[5.5.1139~1-67548]:main():build-tree.cc:143) For pdf-id 372, low count 82
VLOG[1] (build-tree[5.5.1139~1-67548]:main():build-tree.cc:143) For pdf-id 379, low count 72
VLOG[1] (build-tree[5.5.1139~1-67548]:main():build-tree.cc:143) For pdf-id 382, low count 98
VLOG[1] (build-tree[5.5.1139~1-67548]:main():build-tree.cc:143) For pdf-id 387, low count 42
VLOG[1] (build-tree[5.5.1139~1-67548]:main():build-tree.cc:143) For pdf-id 405, low count 98
VLOG[1] (build-tree[5.5.1139~1-67548]:main():build-tree.cc:143) For pdf-id 422, low count 81
VLOG[1] (build-tree[5.5.1139~1-67548]:main():build-tree.cc:143) For pdf-id 440, low count 62
VLOG[1] (build-tree[5.5.1139~1-67548]:main():build-tree.cc:143) For pdf-id 467, low count 95
VLOG[1] (build-tree[5.5.1139~1-67548]:main():build-tree.cc:143) For pdf-id 477, low count 63
VLOG[1] (build-tree[5.5.1139~1-67548]:main():build-tree.cc:143) For pdf-id 483, low count 91
VLOG[1] (build-tree[5.5.1139~1-67548]:main():build-tree.cc:143) For pdf-id 491, low count 92
VLOG[1] (build-tree[5.5.1139~1-67548]:main():build-tree.cc:143) For pdf-id 492, low count 44
VLOG[1] (build-tree[5.5.1139~1-67548]:main():build-tree.cc:143) For pdf-id 516, low count 55
VLOG[1] (build-tree[5.5.1139~1-67548]:main():build-tree.cc:143) For pdf-id 527, low count 86
VLOG[1] (build-tree[5.5.1139~1-67548]:main():build-tree.cc:143) For pdf-id 541, low count 86
VLOG[1] (build-tree[5.5.1139~1-67548]:main():build-tree.cc:143) For pdf-id 545, low count 92
VLOG[1] (build-tree[5.5.1139~1-67548]:main():build-tree.cc:143) For pdf-id 553, low count 59
VLOG[1] (build-tree[5.5.1139~1-67548]:main():build-tree.cc:143) For pdf-id 599, low count 90
VLOG[1] (build-tree[5.5.1139~1-67548]:main():build-tree.cc:143) For pdf-id 604, low count 19
VLOG[1] (build-tree[5.5.1139~1-67548]:main():build-tree.cc:143) For pdf-id 619, low count 18
VLOG[1] (build-tree[5.5.1139~1-67548]:main():build-tree.cc:143) For pdf-id 621, low count 99
VLOG[1] (build-tree[5.5.1139~1-67548]:main():build-tree.cc:143) For pdf-id 629, low count 39
VLOG[1] (build-tree[5.5.1139~1-67548]:main():build-tree.cc:143) For pdf-id 638, low count 78
VLOG[1] (build-tree[5.5.1139~1-67548]:main():build-tree.cc:143) For pdf-id 640, low count 72
VLOG[1] (build-tree[5.5.1139~1-67548]:main():build-tree.cc:143) For pdf-id 651, low count 47
VLOG[1] (build-tree[5.5.1139~1-67548]:main():build-tree.cc:143) For pdf-id 653, low count 69
VLOG[1] (build-tree[5.5.1139~1-67548]:main():build-tree.cc:143) For pdf-id 659, low count 74
VLOG[1] (build-tree[5.5.1139~1-67548]:main():build-tree.cc:143) For pdf-id 661, low count 94
VLOG[1] (build-tree[5.5.1139~1-67548]:main():build-tree.cc:143) For pdf-id 674, low count 99
VLOG[1] (build-tree[5.5.1139~1-67548]:main():build-tree.cc:143) For pdf-id 704, low count 58
VLOG[1] (build-tree[5.5.1139~1-67548]:main():build-tree.cc:143) For pdf-id 712, low count 79
VLOG[1] (build-tree[5.5.1139~1-67548]:main():build-tree.cc:143) For pdf-id 758, low count 60
VLOG[1] (build-tree[5.5.1139~1-67548]:main():build-tree.cc:143) For pdf-id 767, low count 38
VLOG[1] (build-tree[5.5.1139~1-67548]:main():build-tree.cc:143) For pdf-id 789, low count 90
VLOG[1] (build-tree[5.5.1139~1-67548]:main():build-tree.cc:143) For pdf-id 793, low count 61
VLOG[1] (build-tree[5.5.1139~1-67548]:main():build-tree.cc:143) For pdf-id 838, low count 93
WARNING (build-tree[5.5.1139~1-67548]:main():build-tree.cc:185) Saw no stats for following phones: 2 3 4 9 13 17 19 21 22 23 25 29 30 31 33 35 37 41 42 45 47 49 51 53 57 61 63 65 69 73 74 77 81 82 85 87 89 90 91 93 95 97 98 101 103 105 107 109 113 117 118 119 121 125 129 133 135 137 139 141 143 145 147 149 153 154 157 
LOG (build-tree[5.5.1139~1-67548]:main():build-tree.cc:189) Wrote tree
# Accounting: time=0 threads=1
# Ended (code 0) at Mon Jul  8 09:43:57 IST 2024, elapsed time 0 seconds
