# gmm-est --mix-up=7600 --power=0.25 --write-occs=exp_FG/tri_8_2000/12.occs exp_FG/tri_8_2000/11.mdl "gmm-sum-accs - exp_FG/tri_8_2000/11.*.acc |" exp_FG/tri_8_2000/12.mdl 
# Started at Mon Jul  8 09:44:18 IST 2024
#
gmm-est --mix-up=7600 --power=0.25 --write-occs=exp_FG/tri_8_2000/12.occs exp_FG/tri_8_2000/11.mdl 'gmm-sum-accs - exp_FG/tri_8_2000/11.*.acc |' exp_FG/tri_8_2000/12.mdl 
gmm-sum-accs - exp_FG/tri_8_2000/11.1.acc exp_FG/tri_8_2000/11.2.acc 
LOG (gmm-sum-accs[5.5.1139~1-67548]:main():gmm-sum-accs.cc:63) Summed 2 stats, total count 502721, avg like/frame -85.8503
LOG (gmm-sum-accs[5.5.1139~1-67548]:main():gmm-sum-accs.cc:66) Total count of stats is 502721
LOG (gmm-sum-accs[5.5.1139~1-67548]:main():gmm-sum-accs.cc:67) Written stats to -
LOG (gmm-est[5.5.1139~1-67548]:MleUpdate():transition-model.cc:528) TransitionModel::Update, objf change is 0 per frame over 502721 frames. 
LOG (gmm-est[5.5.1139~1-67548]:MleUpdate():transition-model.cc:531) 45 probabilities floored, 2253 out of 3577 transition-states skipped due to insuffient data (it is normal to have some skipped.)
LOG (gmm-est[5.5.1139~1-67548]:main():gmm-est.cc:102) Transition model update: Overall 0 log-like improvement per frame over 502721 frames.
WARNING (gmm-est[5.5.1139~1-67548]:MleDiagGmmUpdate():mle-diag-gmm.cc:359) Too little data - removing Gaussian (weight 0.080218, occupation count 8.904243, vector size 39)
WARNING (gmm-est[5.5.1139~1-67548]:MleDiagGmmUpdate():mle-diag-gmm.cc:359) Too little data - removing Gaussian (weight 0.087120, occupation count 9.931715, vector size 39)
WARNING (gmm-est[5.5.1139~1-67548]:MleDiagGmmUpdate():mle-diag-gmm.cc:359) Too little data - removing Gaussian (weight 0.074190, occupation count 8.606079, vector size 39)
WARNING (gmm-est[5.5.1139~1-67548]:MleDiagGmmUpdate():mle-diag-gmm.cc:359) Too little data - removing Gaussian (weight 0.041409, occupation count 5.341776, vector size 39)
WARNING (gmm-est[5.5.1139~1-67548]:MleDiagGmmUpdate():mle-diag-gmm.cc:359) Too little data - removing Gaussian (weight 0.067334, occupation count 7.608697, vector size 39)
WARNING (gmm-est[5.5.1139~1-67548]:MleDiagGmmUpdate():mle-diag-gmm.cc:359) Too little data - removing Gaussian (weight 0.039634, occupation count 9.076248, vector size 39)
LOG (gmm-est[5.5.1139~1-67548]:MleAmDiagGmmUpdate():mle-am-diag-gmm.cc:225) 0 variance elements floored in 0 Gaussians, out of 7040
LOG (gmm-est[5.5.1139~1-67548]:MleAmDiagGmmUpdate():mle-am-diag-gmm.cc:229) Removed 6 Gaussians due to counts < --min-gaussian-occupancy=10 and --remove-low-count-gaussians=true
LOG (gmm-est[5.5.1139~1-67548]:main():gmm-est.cc:113) GMM update: Overall 0.185976 objective function improvement per frame over 502721 frames
LOG (gmm-est[5.5.1139~1-67548]:main():gmm-est.cc:116) GMM update: Overall avg like per frame = -85.8503 over 502721 frames.
LOG (gmm-est[5.5.1139~1-67548]:SplitByCount():am-diag-gmm.cc:116) Split 896 states with target = 7600, power = 0.25, perturb_factor = 0.01 and min_count = 20, split #Gauss from 7040 to 7606
LOG (gmm-est[5.5.1139~1-67548]:main():gmm-est.cc:146) Written model to exp_FG/tri_8_2000/12.mdl
# Accounting: time=0 threads=1
# Ended (code 0) at Mon Jul  8 09:44:18 IST 2024, elapsed time 0 seconds
