# gmm-est --mix-up=16000 --power=0.25 --write-occs=exp_FG/tri_8_2000/31.occs exp_FG/tri_8_2000/30.mdl "gmm-sum-accs - exp_FG/tri_8_2000/30.*.acc |" exp_FG/tri_8_2000/31.mdl 
# Started at Mon Jul  8 09:44:55 IST 2024
#
gmm-est --mix-up=16000 --power=0.25 --write-occs=exp_FG/tri_8_2000/31.occs exp_FG/tri_8_2000/30.mdl 'gmm-sum-accs - exp_FG/tri_8_2000/30.*.acc |' exp_FG/tri_8_2000/31.mdl 
gmm-sum-accs - exp_FG/tri_8_2000/30.1.acc exp_FG/tri_8_2000/30.2.acc 
LOG (gmm-sum-accs[5.5.1139~1-67548]:main():gmm-sum-accs.cc:63) Summed 2 stats, total count 502721, avg like/frame -81.6469
LOG (gmm-sum-accs[5.5.1139~1-67548]:main():gmm-sum-accs.cc:66) Total count of stats is 502721
LOG (gmm-sum-accs[5.5.1139~1-67548]:main():gmm-sum-accs.cc:67) Written stats to -
LOG (gmm-est[5.5.1139~1-67548]:MleUpdate():transition-model.cc:528) TransitionModel::Update, objf change is 4.07099e-05 per frame over 502721 frames. 
LOG (gmm-est[5.5.1139~1-67548]:MleUpdate():transition-model.cc:531) 42 probabilities floored, 2254 out of 3577 transition-states skipped due to insuffient data (it is normal to have some skipped.)
LOG (gmm-est[5.5.1139~1-67548]:main():gmm-est.cc:102) Transition model update: Overall 4.07099e-05 log-like improvement per frame over 502721 frames.
WARNING (gmm-est[5.5.1139~1-67548]:MleDiagGmmUpdate():mle-diag-gmm.cc:359) Too little data - removing Gaussian (weight 0.010798, occupation count 8.962441, vector size 39)
WARNING (gmm-est[5.5.1139~1-67548]:MleDiagGmmUpdate():mle-diag-gmm.cc:359) Too little data - removing Gaussian (weight 0.015196, occupation count 9.771139, vector size 39)
WARNING (gmm-est[5.5.1139~1-67548]:MleDiagGmmUpdate():mle-diag-gmm.cc:359) Too little data - removing Gaussian (weight 0.013211, occupation count 9.234657, vector size 39)
WARNING (gmm-est[5.5.1139~1-67548]:MleDiagGmmUpdate():mle-diag-gmm.cc:359) Too little data - removing Gaussian (weight 0.022676, occupation count 9.999998, vector size 39)
WARNING (gmm-est[5.5.1139~1-67548]:MleDiagGmmUpdate():mle-diag-gmm.cc:359) Too little data - removing Gaussian (weight 0.021142, occupation count 9.999978, vector size 39)
WARNING (gmm-est[5.5.1139~1-67548]:MleDiagGmmUpdate():mle-diag-gmm.cc:359) Too little data - removing Gaussian (weight 0.012701, occupation count 9.957705, vector size 39)
WARNING (gmm-est[5.5.1139~1-67548]:MleDiagGmmUpdate():mle-diag-gmm.cc:359) Too little data - removing Gaussian (weight 0.015402, occupation count 9.380054, vector size 39)
WARNING (gmm-est[5.5.1139~1-67548]:MleDiagGmmUpdate():mle-diag-gmm.cc:359) Too little data - removing Gaussian (weight 0.031259, occupation count 9.909043, vector size 39)
WARNING (gmm-est[5.5.1139~1-67548]:MleDiagGmmUpdate():mle-diag-gmm.cc:359) Too little data - removing Gaussian (weight 0.026808, occupation count 9.999531, vector size 39)
WARNING (gmm-est[5.5.1139~1-67548]:MleDiagGmmUpdate():mle-diag-gmm.cc:359) Too little data - removing Gaussian (weight 0.020787, occupation count 9.624587, vector size 39)
WARNING (gmm-est[5.5.1139~1-67548]:MleDiagGmmUpdate():mle-diag-gmm.cc:359) Too little data - removing Gaussian (weight 0.021005, occupation count 9.998408, vector size 39)
WARNING (gmm-est[5.5.1139~1-67548]:MleDiagGmmUpdate():mle-diag-gmm.cc:359) Too little data - removing Gaussian (weight 0.017850, occupation count 9.978278, vector size 39)
WARNING (gmm-est[5.5.1139~1-67548]:MleDiagGmmUpdate():mle-diag-gmm.cc:359) Too little data - removing Gaussian (weight 0.021236, occupation count 9.959495, vector size 39)
WARNING (gmm-est[5.5.1139~1-67548]:MleDiagGmmUpdate():mle-diag-gmm.cc:359) Too little data - removing Gaussian (weight 0.010777, occupation count 9.289383, vector size 39)
WARNING (gmm-est[5.5.1139~1-67548]:MleDiagGmmUpdate():mle-diag-gmm.cc:359) Too little data - removing Gaussian (weight 0.011985, occupation count 9.192535, vector size 39)
WARNING (gmm-est[5.5.1139~1-67548]:MleDiagGmmUpdate():mle-diag-gmm.cc:359) Too little data - removing Gaussian (weight 0.016181, occupation count 10.000000, vector size 39)
WARNING (gmm-est[5.5.1139~1-67548]:MleDiagGmmUpdate():mle-diag-gmm.cc:359) Too little data - removing Gaussian (weight 0.017143, occupation count 9.926084, vector size 39)
WARNING (gmm-est[5.5.1139~1-67548]:MleDiagGmmUpdate():mle-diag-gmm.cc:359) Too little data - removing Gaussian (weight 0.013579, occupation count 9.532118, vector size 39)
WARNING (gmm-est[5.5.1139~1-67548]:MleDiagGmmUpdate():mle-diag-gmm.cc:359) Too little data - removing Gaussian (weight 0.016074, occupation count 9.998039, vector size 39)
WARNING (gmm-est[5.5.1139~1-67548]:MleDiagGmmUpdate():mle-diag-gmm.cc:359) Too little data - removing Gaussian (weight 0.013609, occupation count 9.757916, vector size 39)
WARNING (gmm-est[5.5.1139~1-67548]:MleDiagGmmUpdate():mle-diag-gmm.cc:359) Too little data - removing Gaussian (weight 0.016949, occupation count 9.999990, vector size 39)
LOG (gmm-est[5.5.1139~1-67548]:MleAmDiagGmmUpdate():mle-am-diag-gmm.cc:225) 6 variance elements floored in 6 Gaussians, out of 16001
LOG (gmm-est[5.5.1139~1-67548]:MleAmDiagGmmUpdate():mle-am-diag-gmm.cc:229) Removed 21 Gaussians due to counts < --min-gaussian-occupancy=10 and --remove-low-count-gaussians=true
LOG (gmm-est[5.5.1139~1-67548]:main():gmm-est.cc:113) GMM update: Overall 0.101356 objective function improvement per frame over 502721 frames
LOG (gmm-est[5.5.1139~1-67548]:main():gmm-est.cc:116) GMM update: Overall avg like per frame = -81.6469 over 502721 frames.
LOG (gmm-est[5.5.1139~1-67548]:SplitByCount():am-diag-gmm.cc:116) Split 896 states with target = 16000, power = 0.25, perturb_factor = 0.01 and min_count = 20, split #Gauss from 16001 to 16076
LOG (gmm-est[5.5.1139~1-67548]:main():gmm-est.cc:146) Written model to exp_FG/tri_8_2000/31.mdl
# Accounting: time=0 threads=1
# Ended (code 0) at Mon Jul  8 09:44:55 IST 2024, elapsed time 0 seconds
