# gmm-est --mix-up=15440 --power=0.25 --write-occs=exp_FG/tri_8_2000/26.occs exp_FG/tri_8_2000/25.mdl "gmm-sum-accs - exp_FG/tri_8_2000/25.*.acc |" exp_FG/tri_8_2000/26.mdl 
# Started at Mon Jul  8 09:44:40 IST 2024
#
gmm-est --mix-up=15440 --power=0.25 --write-occs=exp_FG/tri_8_2000/26.occs exp_FG/tri_8_2000/25.mdl 'gmm-sum-accs - exp_FG/tri_8_2000/25.*.acc |' exp_FG/tri_8_2000/26.mdl 
gmm-sum-accs - exp_FG/tri_8_2000/25.1.acc exp_FG/tri_8_2000/25.2.acc 
LOG (gmm-sum-accs[5.5.1139~1-67548]:main():gmm-sum-accs.cc:63) Summed 2 stats, total count 502721, avg like/frame -82.5129
LOG (gmm-sum-accs[5.5.1139~1-67548]:main():gmm-sum-accs.cc:66) Total count of stats is 502721
LOG (gmm-sum-accs[5.5.1139~1-67548]:main():gmm-sum-accs.cc:67) Written stats to -
LOG (gmm-est[5.5.1139~1-67548]:MleUpdate():transition-model.cc:528) TransitionModel::Update, objf change is 0 per frame over 502721 frames. 
LOG (gmm-est[5.5.1139~1-67548]:MleUpdate():transition-model.cc:531) 44 probabilities floored, 2253 out of 3577 transition-states skipped due to insuffient data (it is normal to have some skipped.)
LOG (gmm-est[5.5.1139~1-67548]:main():gmm-est.cc:102) Transition model update: Overall 0 log-like improvement per frame over 502721 frames.
WARNING (gmm-est[5.5.1139~1-67548]:MleDiagGmmUpdate():mle-diag-gmm.cc:359) Too little data - removing Gaussian (weight 0.030861, occupation count 9.937276, vector size 39)
WARNING (gmm-est[5.5.1139~1-67548]:MleDiagGmmUpdate():mle-diag-gmm.cc:359) Too little data - removing Gaussian (weight 0.026549, occupation count 9.000146, vector size 39)
WARNING (gmm-est[5.5.1139~1-67548]:MleDiagGmmUpdate():mle-diag-gmm.cc:359) Too little data - removing Gaussian (weight 0.029240, occupation count 10.000000, vector size 39)
WARNING (gmm-est[5.5.1139~1-67548]:MleDiagGmmUpdate():mle-diag-gmm.cc:359) Too little data - removing Gaussian (weight 0.027455, occupation count 9.334724, vector size 39)
WARNING (gmm-est[5.5.1139~1-67548]:MleDiagGmmUpdate():mle-diag-gmm.cc:359) Too little data - removing Gaussian (weight 0.032577, occupation count 9.903521, vector size 39)
WARNING (gmm-est[5.5.1139~1-67548]:MleDiagGmmUpdate():mle-diag-gmm.cc:359) Too little data - removing Gaussian (weight 0.025724, occupation count 9.363509, vector size 39)
WARNING (gmm-est[5.5.1139~1-67548]:MleDiagGmmUpdate():mle-diag-gmm.cc:359) Too little data - removing Gaussian (weight 0.026665, occupation count 9.999200, vector size 39)
WARNING (gmm-est[5.5.1139~1-67548]:MleDiagGmmUpdate():mle-diag-gmm.cc:359) Too little data - removing Gaussian (weight 0.023849, occupation count 9.730546, vector size 39)
WARNING (gmm-est[5.5.1139~1-67548]:MleDiagGmmUpdate():mle-diag-gmm.cc:359) Too little data - removing Gaussian (weight 0.031348, occupation count 10.000000, vector size 39)
WARNING (gmm-est[5.5.1139~1-67548]:MleDiagGmmUpdate():mle-diag-gmm.cc:359) Too little data - removing Gaussian (weight 0.030323, occupation count 9.976282, vector size 39)
WARNING (gmm-est[5.5.1139~1-67548]:MleDiagGmmUpdate():mle-diag-gmm.cc:359) Too little data - removing Gaussian (weight 0.019296, occupation count 8.760475, vector size 39)
WARNING (gmm-est[5.5.1139~1-67548]:MleDiagGmmUpdate():mle-diag-gmm.cc:359) Too little data - removing Gaussian (weight 0.040660, occupation count 9.758426, vector size 39)
WARNING (gmm-est[5.5.1139~1-67548]:MleDiagGmmUpdate():mle-diag-gmm.cc:359) Too little data - removing Gaussian (weight 0.046716, occupation count 9.997328, vector size 39)
WARNING (gmm-est[5.5.1139~1-67548]:MleDiagGmmUpdate():mle-diag-gmm.cc:359) Too little data - removing Gaussian (weight 0.011847, occupation count 9.761812, vector size 39)
LOG (gmm-est[5.5.1139~1-67548]:MleAmDiagGmmUpdate():mle-am-diag-gmm.cc:225) 5 variance elements floored in 5 Gaussians, out of 14892
LOG (gmm-est[5.5.1139~1-67548]:MleAmDiagGmmUpdate():mle-am-diag-gmm.cc:229) Removed 14 Gaussians due to counts < --min-gaussian-occupancy=10 and --remove-low-count-gaussians=true
LOG (gmm-est[5.5.1139~1-67548]:main():gmm-est.cc:113) GMM update: Overall 0.109091 objective function improvement per frame over 502721 frames
LOG (gmm-est[5.5.1139~1-67548]:main():gmm-est.cc:116) GMM update: Overall avg like per frame = -82.5129 over 502721 frames.
LOG (gmm-est[5.5.1139~1-67548]:SplitByCount():am-diag-gmm.cc:116) Split 896 states with target = 15440, power = 0.25, perturb_factor = 0.01 and min_count = 20, split #Gauss from 14892 to 15465
LOG (gmm-est[5.5.1139~1-67548]:main():gmm-est.cc:146) Written model to exp_FG/tri_8_2000/26.mdl
# Accounting: time=0 threads=1
# Ended (code 0) at Mon Jul  8 09:44:40 IST 2024, elapsed time 0 seconds
