# lattice-scale --inv-acoustic-scale=3 "ark:gunzip -c exp_FG/tri_8_2000/decode/lat.*.gz|" ark:- | lattice-add-penalty --word-ins-penalty=0.0 ark:- ark:- | lattice-best-path --word-symbol-table=exp_FG/tri_8_2000/graph/words.txt ark:- ark,t:exp_FG/tri_8_2000/decode/scoring/3.tra 
# Started at Mon Jul  8 11:11:48 IST 2024
#
lattice-add-penalty --word-ins-penalty=0.0 ark:- ark:- 
lattice-scale --inv-acoustic-scale=3 'ark:gunzip -c exp_FG/tri_8_2000/decode/lat.*.gz|' ark:- 
lattice-best-path --word-symbol-table=exp_FG/tri_8_2000/graph/words.txt ark:- ark,t:exp_FG/tri_8_2000/decode/scoring/3.tra 
LOG (lattice-best-path[5.5.1139~1-67548]:main():lattice-best-path.cc:99) For utterance FSI293, best cost 25.5329 + 9797.78 = 9823.32 over 317 frames.
FSI293 guruwai sisxyan wanxangginaan 
LOG (lattice-best-path[5.5.1139~1-67548]:main():lattice-best-path.cc:99) For utterance FSI294, best cost 60.5392 + 7329.86 = 7390.4 over 240 frames.
FSI294 sey jadxai iiyam padxa sey 
LOG (lattice-best-path[5.5.1139~1-67548]:main():lattice-best-path.cc:99) For utterance FSI295, best cost 33.9266 + 8646.6 = 8680.53 over 301 frames.
FSI295 sidambaram uyaramaanadeu 
LOG (lattice-best-path[5.5.1139~1-67548]:main():lattice-best-path.cc:99) For utterance FSI296, best cost 61.5989 + 11132.2 = 11193.8 over 359 frames.
FSI296 pirxareukkeu suzhi sirxuwan seetxtxai tii waa 
LOG (lattice-best-path[5.5.1139~1-67548]:main():lattice-best-path.cc:99) For utterance FSI297, best cost 26.3728 + 9671.59 = 9697.96 over 314 frames.
FSI297 suutxcamam arxinddeu seyalpadxeu 
LOG (lattice-best-path[5.5.1139~1-67548]:main():lattice-best-path.cc:99) For utterance FSI298, best cost 54.4261 + 9528.14 = 9582.57 over 307 frames.
FSI298 asuran kuyil ndam taagam 
LOG (lattice-best-path[5.5.1139~1-67548]:main():lattice-best-path.cc:99) For utterance FSI299, best cost 42.1473 + 9321.88 = 9364.03 over 320 frames.
FSI299 kaalxi suwai eenddinaan 
LOG (lattice-best-path[5.5.1139~1-67548]:main():lattice-best-path.cc:99) For utterance FSI300, best cost 31.0951 + 14879.5 = 14910.6 over 478 frames.
FSI300 sutxrxeu suuzhal sugaadaaram pinpatxrxeu 
LOG (lattice-best-path[5.5.1139~1-67548]:main():lattice-best-path.cc:99) For utterance FSI301, best cost 30.6231 + 12536.2 = 12566.9 over 411 frames.
FSI301 seewalin kuuwalil pozhudeu widxiyum 
LOG (lattice-best-path[5.5.1139~1-67548]:main():lattice-best-path.cc:99) For utterance FSI302, best cost 73.2304 + 12838.4 = 12911.6 over 424 frames.
FSI302 enakkeu paanam uurwadeu kuurnddeu adeu 
LOG (lattice-best-path[5.5.1139~1-67548]:main():lattice-best-path.cc:99) For utterance FSI303, best cost 49.3279 + 11020.5 = 11069.9 over 362 frames.
FSI303 ndaay eepral widxumurxai kadxai adxaippeu 
LOG (lattice-best-path[5.5.1139~1-67548]:main():lattice-best-path.cc:99) For utterance FSI304, best cost 59.0905 + 10878.9 = 10938 over 356 frames.
FSI304 tanggam udawum ireu gawanam selutteu 
LOG (lattice-best-path[5.5.1139~1-67548]:main():lattice-best-path.cc:99) For utterance FSI305, best cost 97.0641 + 14491.2 = 14588.3 over 475 frames.
FSI305 sarppam uur waanam ndadxitteuk katxtxam maadam pirxarai 
LOG (lattice-best-path[5.5.1139~1-67548]:main():lattice-best-path.cc:99) For utterance FSI306, best cost 59.2653 + 12860.7 = 12919.9 over 427 frames.
FSI306 seyal muutxtxi tinbadeu ndadxanddadeu 
LOG (lattice-best-path[5.5.1139~1-67548]:main():lattice-best-path.cc:99) For utterance FSI307, best cost 37.5566 + 9794.58 = 9832.14 over 327 frames.
FSI307 kuuzh seyaleukkeut tiirweu kaanxeu 
LOG (lattice-best-path[5.5.1139~1-67548]:main():lattice-best-path.cc:99) For utterance FSI308, best cost 53.8659 + 9905.82 = 9959.69 over 340 frames.
FSI308 yaadum sirxeu waanam perxeu 
LOG (lattice-best-path[5.5.1139~1-67548]:main():lattice-best-path.cc:99) For utterance FSI309, best cost 37.6267 + 9460.71 = 9498.33 over 317 frames.
FSI309 wizhunddeu pal puunxdxeu ndalladeu 
LOG (lattice-best-path[5.5.1139~1-67548]:main():lattice-best-path.cc:99) For utterance FSI310, best cost 46.3607 + 10181.8 = 10228.2 over 326 frames.
FSI310 tusxtxan sotteu seyal seywaan 
LOG (lattice-best-path[5.5.1139~1-67548]:main():lattice-best-path.cc:99) For utterance FSI311, best cost 100.928 + 19188.5 = 19289.5 over 624 frames.
FSI311 pooraay tuudeu anuppa oreu kuuwalil sirxuwar karam perxeu 
LOG (lattice-best-path[5.5.1139~1-67548]:main():lattice-best-path.cc:99) For utterance FSI312, best cost 69.8968 + 12748.9 = 12818.8 over 414 frames.
FSI312 ndaadxeu tuulx matxtxam gunxam irunddadeu 
LOG (lattice-best-path[5.5.1139~1-67548]:main():lattice-best-path.cc:99) For utterance FSI313, best cost 26.2815 + 10806.1 = 10832.4 over 355 frames.
FSI313 kutxtxaiyil tanxnxiir teenggiyadeu 
LOG (lattice-best-path[5.5.1139~1-67548]:main():lattice-best-path.cc:99) For utterance FSI314, best cost 64.7731 + 8761.25 = 8826.03 over 270 frames.
FSI314 suuriyan pirxar pugazhin toonrxuga muga 
LOG (lattice-best-path[5.5.1139~1-67548]:main():lattice-best-path.cc:99) For utterance FSI315, best cost 24.8717 + 9594.91 = 9619.78 over 313 frames.
FSI315 toosxattirxkeu parigaaram sey 
LOG (lattice-best-path[5.5.1139~1-67548]:main():lattice-best-path.cc:99) For utterance FSI316, best cost 83.3759 + 12711.6 = 12795 over 410 frames.
FSI316 anaittum pozhudeu usxnxam ezheu palli koobam 
LOG (lattice-best-path[5.5.1139~1-67548]:main():lattice-best-path.cc:99) For utterance FSI317, best cost 46.6789 + 12392.7 = 12439.4 over 426 frames.
FSI317 paanam penx ndanjjeu kodxiyadeu 
LOG (lattice-best-path[5.5.1139~1-67548]:main():lattice-best-path.cc:99) For utterance FSI318, best cost 22.8532 + 9043.26 = 9066.11 over 310 frames.
FSI318 inrxeu mazhai ndiidxikkum 
LOG (lattice-best-path[5.5.1139~1-67548]:main():lattice-best-path.cc:99) For utterance FSI319, best cost 39.6867 + 12133.2 = 12172.9 over 414 frames.
FSI319 saalaiyil ndiir ndiir ndirambiyadeu 
LOG (lattice-best-path[5.5.1139~1-67548]:main():lattice-best-path.cc:99) For utterance FSI320, best cost 24.8636 + 10296.1 = 10321 over 351 frames.
FSI320 banggalxaadeesx oreu ndaadxeu 
LOG (lattice-best-path[5.5.1139~1-67548]:main():lattice-best-path.cc:99) For utterance FSI321, best cost 50.5204 + 10814.3 = 10864.9 over 353 frames.
FSI321 yaawarum kulxir ndoonjjaanaaga ireukkaan 
LOG (lattice-best-path[5.5.1139~1-67548]:main():lattice-best-path.cc:99) For utterance FSI322, best cost 25.5367 + 11454.2 = 11479.8 over 380 frames.
FSI322 deesiya panggeu uyarnddadeu 
LOG (lattice-best-path[5.5.1139~1-67548]:main():lattice-best-path.cc:99) For utterance FSI323, best cost 33.0214 + 14364.6 = 14397.6 over 461 frames.
FSI323 ndaatxtxil tanxnxiir panjjam ndilawiyadeu 
LOG (lattice-best-path[5.5.1139~1-67548]:main():lattice-best-path.cc:99) For utterance FSI324, best cost 30.6937 + 13073 = 13103.7 over 435 frames.
FSI324 panjjaayatteu wazhakkeu mudxiweukkeu wanddadeu 
LOG (lattice-best-path[5.5.1139~1-67548]:main():lattice-best-path.cc:99) For utterance FSI325, best cost 37.1775 + 11212.6 = 11249.8 over 361 frames.
FSI325 panjjeu nderuppil kodxiyadeu 
LOG (lattice-best-path[5.5.1139~1-67548]:main():lattice-best-path.cc:99) For utterance FSI326, best cost 51.25 + 13817.4 = 13868.7 over 443 frames.
FSI326 paagam oli makkalx panxbeu sirxappeu 
LOG (lattice-best-path[5.5.1139~1-67548]:main():lattice-best-path.cc:99) For utterance FSI327, best cost 72.6824 + 13026.1 = 13098.7 over 452 frames.
FSI327 saalaiyil padxi arxinddeu kuuwum ooram 
LOG (lattice-best-path[5.5.1139~1-67548]:main():lattice-best-path.cc:99) For utterance FSI328, best cost 29.0873 + 11597.4 = 11626.5 over 380 frames.
FSI328 indda raajaa endda baasxai peesinaar 
LOG (lattice-best-path[5.5.1139~1-67548]:main():lattice-best-path.cc:99) For utterance FSI329, best cost 24.3849 + 11582.9 = 11607.3 over 384 frames.
FSI329 en purusxan balasaali 
LOG (lattice-best-path[5.5.1139~1-67548]:main():lattice-best-path.cc:99) For utterance FSI330, best cost 47.4134 + 11211.5 = 11258.9 over 380 frames.
FSI330 puurwa weesxam uuril puugambam 
LOG (lattice-best-path[5.5.1139~1-67548]:main():lattice-best-path.cc:99) For utterance FSI331, best cost 21.8069 + 7056.08 = 7077.89 over 230 frames.
FSI331 puurwa jenma banddam 
LOG (lattice-best-path[5.5.1139~1-67548]:main():lattice-best-path.cc:99) For utterance FSI332, best cost 25.4734 + 9500.64 = 9526.11 over 309 frames.
FSI332 inrxeu puujaiyil kalanddeu kolx 
LOG (lattice-best-path[5.5.1139~1-67548]:main():lattice-best-path.cc:99) For utterance FSI333, best cost 25.9112 + 9798.99 = 9824.9 over 313 frames.
FSI333 pon porulx paartteu pazhagaadee 
LOG (lattice-best-path[5.5.1139~1-67548]:main():lattice-best-path.cc:99) For utterance FSI334, best cost 26.4053 + 10214.3 = 10240.8 over 357 frames.
FSI334 un mugam poliwaaga ulxlxadeu 
LOG (lattice-best-path[5.5.1139~1-67548]:main():lattice-best-path.cc:99) For utterance FSI335, best cost 22.0525 + 8407.68 = 8429.73 over 290 frames.
FSI335 petxtxiyai kiizhee poodxeu 
LOG (lattice-best-path[5.5.1139~1-67548]:main():lattice-best-path.cc:99) For utterance FSI336, best cost 56.8306 + 9840.81 = 9897.64 over 315 frames.
FSI336 pooliyaana paartteu kal miideu 
LOG (lattice-best-path[5.5.1139~1-67548]:main():lattice-best-path.cc:99) For utterance FSI337, best cost 48.5254 + 12538.9 = 12587.5 over 414 frames.
FSI337 taay ireu poosxaakkaana unxaweu 
LOG (lattice-best-path[5.5.1139~1-67548]:main():lattice-best-path.cc:99) For utterance FSI338, best cost 56.4366 + 9303.79 = 9360.23 over 307 frames.
FSI338 widiyai rambam paccai waliyadeu 
LOG (lattice-best-path[5.5.1139~1-67548]:main():lattice-best-path.cc:99) For utterance FSI339, best cost 21.8441 + 8686.09 = 8707.94 over 294 frames.
FSI339 etxtxeukkaali oreu puucci 
LOG (lattice-best-path[5.5.1139~1-67548]:main():lattice-best-path.cc:99) For utterance FSI340, best cost 82.7131 + 13318.3 = 13401 over 450 frames.
FSI340 ndaatxtxeu mazhai jenma waa widiyai injji 
LOG (lattice-best-path[5.5.1139~1-67548]:main():lattice-best-path.cc:99) For utterance FSI341, best cost 37.9753 + 10486.6 = 10524.5 over 354 frames.
FSI341 peyar kanxnxeukkeu ndalladeu 
LOG (lattice-best-path[5.5.1139~1-67548]:main():lattice-best-path.cc:99) For utterance FSI342, best cost 23.037 + 9769.19 = 9792.22 over 330 frames.
FSI342 muulxai illaadawan mutxtxaalx 
LOG (lattice-best-path[5.5.1139~1-67548]:main():lattice-best-path.cc:99) For utterance FSI343, best cost 29.5353 + 11714.1 = 11743.7 over 385 frames.
FSI343 tozhilil muuladanam poodxa weenxdxum 
LOG (lattice-best-path[5.5.1139~1-67548]:main():lattice-best-path.cc:99) For utterance FSI344, best cost 54.9563 + 8752.7 = 8807.66 over 292 frames.
FSI344 eetxtxeu enggalx wiidxeu inggeu 
LOG (lattice-best-path[5.5.1139~1-67548]:main():lattice-best-path.cc:99) For utterance FSI345, best cost 25.9317 + 9358.87 = 9384.8 over 301 frames.
FSI345 indda maiyanggalx enggeu ulxlxadeu 
LOG (lattice-best-path[5.5.1139~1-67548]:main():lattice-best-path.cc:99) For utterance FSI346, best cost 23.7332 + 9480.58 = 9504.32 over 313 frames.
FSI346 makkalx raajjiyam weenxdxum 
LOG (lattice-best-path[5.5.1139~1-67548]:main():lattice-best-path.cc:99) For utterance FSI347, best cost 26.5629 + 11513.4 = 11539.9 over 367 frames.
FSI347 risxikkeu roosxam adigam 
LOG (lattice-best-path[5.5.1139~1-67548]:main():lattice-best-path.cc:99) For utterance FSI348, best cost 57.391 + 8633.23 = 8690.62 over 290 frames.
FSI348 ndacceup teriyum taazha koobam 
LOG (lattice-best-path[5.5.1139~1-67548]:main():lattice-best-path.cc:99) For utterance FSI349, best cost 23.1871 + 8815.12 = 8838.31 over 290 frames.
FSI349 tuukkam udxaleukkeu ndalladeu 
LOG (lattice-best-path[5.5.1139~1-67548]:main():lattice-best-path.cc:99) For utterance FSI350, best cost 69.6582 + 14742.7 = 14812.3 over 489 frames.
FSI350 igazhcci miideu koobam laksxanxam ulxlxa perxeu 
LOG (lattice-best-path[5.5.1139~1-67548]:main():lattice-best-path.cc:99) For utterance FSI351, best cost 29.0843 + 14301.9 = 14331 over 477 frames.
FSI351 widxaa muyarxci walxarcci tarum 
LOG (lattice-best-path[5.5.1139~1-67548]:main():lattice-best-path.cc:99) For utterance FSI352, best cost 24.201 + 11011.6 = 11035.8 over 375 frames.
FSI352 wiitxtxil wiseesxam unxdxeu 
LOG (lattice-best-path[5.5.1139~1-67548]:main():lattice-best-path.cc:99) For utterance FSI353, best cost 46.1364 + 7560.23 = 7606.36 over 243 frames.
FSI353 manjjalx teeytteuk uurwadeu 
LOG (lattice-best-path[5.5.1139~1-67548]:main():lattice-best-path.cc:99) For utterance FSI354, best cost 46.5561 + 14918.5 = 14965.1 over 481 frames.
FSI354 jalam wiidi wazhiyaaga sellum peerunddeu 
LOG (lattice-best-path[5.5.1139~1-67548]:main():lattice-best-path.cc:99) For utterance FSI355, best cost 56.8917 + 9183.36 = 9240.25 over 300 frames.
FSI355 tirxanddeu pinni ilawasam poodxeu 
LOG (lattice-best-path[5.5.1139~1-67548]:main():lattice-best-path.cc:99) For utterance FSI356, best cost 22.7627 + 7660.61 = 7683.38 over 249 frames.
FSI356 janawari mudal maadam 
LOG (lattice-best-path[5.5.1139~1-67548]:main():lattice-best-path.cc:99) For utterance FSI357, best cost 21.7006 + 7237.17 = 7258.87 over 253 frames.
FSI357 janamee ndam balam 
LOG (lattice-best-path[5.5.1139~1-67548]:main():lattice-best-path.cc:99) For utterance FSI358, best cost 22.0955 + 8863.19 = 8885.29 over 278 frames.
FSI358 jaadi illaiyadxi paappaa 
LOG (lattice-best-path[5.5.1139~1-67548]:main():lattice-best-path.cc:99) For utterance FSI359, best cost 25.8789 + 9568.7 = 9594.58 over 307 frames.
FSI359 waay jaalam kaatxtxum manidan 
LOG (lattice-best-path[5.5.1139~1-67548]:main():lattice-best-path.cc:99) For utterance FSI360, best cost 45.9526 + 8770.92 = 8816.87 over 292 frames.
FSI360 jaalraa padxar eetxrxam 
LOG (lattice-best-path[5.5.1139~1-67548]:main():lattice-best-path.cc:99) For utterance FSI361, best cost 20.8461 + 8100.32 = 8121.16 over 267 frames.
FSI361 ajiiranxak koolxaarxeu 
LOG (lattice-best-path[5.5.1139~1-67548]:main():lattice-best-path.cc:99) For utterance FSI362, best cost 71.9249 + 11810.6 = 11882.5 over 394 frames.
FSI362 matxtxam waay eenddeu tanxnxiir injji 
LOG (lattice-best-path[5.5.1139~1-67548]:main():lattice-best-path.cc:99) For utterance FSI363, best cost 65.2067 + 11257.4 = 11322.6 over 369 frames.
FSI363 indda sidambaram mazhai iiyam enggalx 
LOG (lattice-best-path[5.5.1139~1-67548]:main():lattice-best-path.cc:99) For utterance FSI364, best cost 39.6454 + 9907.63 = 9947.27 over 327 frames.
FSI364 togudi hetx sanddippeu ndam 
LOG (lattice-best-path[5.5.1139~1-67548]:main():lattice-best-path.cc:99) For utterance FSI365, best cost 51.3733 + 13048.5 = 13099.9 over 452 frames.
FSI365 wilai awan walxarcci ndaatxtxeu walxarcci 
LOG (lattice-best-path[5.5.1139~1-67548]:main():lattice-best-path.cc:99) For utterance FVP293, best cost 24.9506 + 11056.8 = 11081.8 over 360 frames.
FVP293 guruwai sisxyan wanxangginaan 
LOG (lattice-best-path[5.5.1139~1-67548]:main():lattice-best-path.cc:99) For utterance FVP294, best cost 23.6075 + 9624.79 = 9648.4 over 310 frames.
FVP294 siikkiram eerxpaadxeu sey 
LOG (lattice-best-path[5.5.1139~1-67548]:main():lattice-best-path.cc:99) For utterance FVP295, best cost 22.918 + 10020.5 = 10043.4 over 330 frames.
FVP295 siirxum paambai ndambaadee 
LOG (lattice-best-path[5.5.1139~1-67548]:main():lattice-best-path.cc:99) For utterance FVP296, best cost 55.764 + 16915.4 = 16971.2 over 544 frames.
FVP296 eelakkaay biins suzhi sirxuwan seetxtxai seywaan 
LOG (lattice-best-path[5.5.1139~1-67548]:main():lattice-best-path.cc:99) For utterance FVP297, best cost 27.3502 + 14047.3 = 14074.6 over 465 frames.
FVP297 suutxcamam arxinddeu seyalpadxeu 
LOG (lattice-best-path[5.5.1139~1-67548]:main():lattice-best-path.cc:99) For utterance FVP298, best cost 24.3272 + 10259.2 = 10283.6 over 327 frames.
FVP298 asuran tawam irunddaan 
LOG (lattice-best-path[5.5.1139~1-67548]:main():lattice-best-path.cc:99) For utterance FVP299, best cost 22.2369 + 9782.78 = 9805.02 over 320 frames.
FVP299 kaalxi suulam eenddinaan 
LOG (lattice-best-path[5.5.1139~1-67548]:main():lattice-best-path.cc:99) For utterance FVP300, best cost 31.1994 + 14791.9 = 14823.1 over 458 frames.
FVP300 sutxrxeu suuzhal sugaadaaram pinpatxrxeu 
LOG (lattice-best-path[5.5.1139~1-67548]:main():lattice-best-path.cc:99) For utterance FVP301, best cost 31.4383 + 14043.6 = 14075 over 464 frames.
FVP301 seewalin kuuwalil pozhudeu widxiyum 
LOG (lattice-best-path[5.5.1139~1-67548]:main():lattice-best-path.cc:99) For utterance FVP302, best cost 61.5688 + 12551 = 12612.6 over 396 frames.
FVP302 enakkeu ndaappazhakkam maadattil irunddadeu 
LOG (lattice-best-path[5.5.1139~1-67548]:main():lattice-best-path.cc:99) For utterance FVP303, best cost 49.961 + 11892.6 = 11942.5 over 383 frames.
FVP303 ndaay ireu widxumurxai kadxai adxaippeu 
LOG (lattice-best-path[5.5.1139~1-67548]:main():lattice-best-path.cc:99) For utterance FVP304, best cost 52.6777 + 14479.2 = 14531.9 over 476 frames.
FVP304 tanggalx udxaimai idxeu gawanam selutteu 
LOG (lattice-best-path[5.5.1139~1-67548]:main():lattice-best-path.cc:99) For utterance FVP305, best cost 82.338 + 18763.1 = 18845.4 over 617 frames.
FVP305 kasxtxam waa ammaa muga ndadxitteuk kaatxtxa njaanam teewai 
LOG (lattice-best-path[5.5.1139~1-67548]:main():lattice-best-path.cc:99) For utterance FVP306, best cost 67.2044 + 15509.8 = 15577 over 508 frames.
FVP306 tii muutxtxi kiizhee kuurnddeu petxtxiyai ndadxanddadeu 
LOG (lattice-best-path[5.5.1139~1-67548]:main():lattice-best-path.cc:99) For utterance FVP307, best cost 25.4388 + 10066.5 = 10091.9 over 329 frames.
FVP307 un seyaleukkeut tiirweu kaanxeu 
LOG (lattice-best-path[5.5.1139~1-67548]:main():lattice-best-path.cc:99) For utterance FVP308, best cost 22.9858 + 10506 = 10529 over 352 frames.
FVP308 malar tuuwi waazhtteu 
LOG (lattice-best-path[5.5.1139~1-67548]:main():lattice-best-path.cc:99) For utterance FVP309, best cost 27.1556 + 12356.5 = 12383.7 over 407 frames.
FVP309 iranxdxeu pal puunxdxeu ndalladeu 
LOG (lattice-best-path[5.5.1139~1-67548]:main():lattice-best-path.cc:99) For utterance FVP310, best cost 52.8407 + 13068.9 = 13121.7 over 409 frames.
FVP310 biins seyal tusxtxa seyal seywaan 
LOG (lattice-best-path[5.5.1139~1-67548]:main():lattice-best-path.cc:99) For utterance FVP311, best cost 59.2439 + 17880.3 = 17939.5 over 568 frames.
FVP311 pooraay sutxrxeu anuppa tolai duuram parxanddadeu 
LOG (lattice-best-path[5.5.1139~1-67548]:main():lattice-best-path.cc:99) For utterance FVP312, best cost 36.4788 + 16290.8 = 16327.3 over 528 frames.
FVP312 manjjalx tuulx maruttuwa gunxam ndirxainddadeu 
LOG (lattice-best-path[5.5.1139~1-67548]:main():lattice-best-path.cc:99) For utterance FVP313, best cost 24.6379 + 9858.12 = 9882.75 over 326 frames.
FVP313 kutxtxaiyil tanxnxiir teenggiyadeu 
LOG (lattice-best-path[5.5.1139~1-67548]:main():lattice-best-path.cc:99) For utterance FVP314, best cost 25.9157 + 11410.2 = 11436.1 over 372 frames.
FVP314 toonrxiya pugazhin toonrxuga 
LOG (lattice-best-path[5.5.1139~1-67548]:main():lattice-best-path.cc:99) For utterance FVP315, best cost 24.6906 + 9999.79 = 10024.5 over 318 frames.
FVP315 toosxattirxkeu parigaaram sey 
LOG (lattice-best-path[5.5.1139~1-67548]:main():lattice-best-path.cc:99) For utterance FVP316, best cost 69.6933 + 12242.4 = 12312.1 over 377 frames.
FVP316 ndacceup uuree koosxam uzhai baadikkum 
LOG (lattice-best-path[5.5.1139~1-67548]:main():lattice-best-path.cc:99) For utterance FVP317, best cost 23.2218 + 9246.63 = 9269.85 over 304 frames.
FVP317 paambin ndanjjeu kodxiyadeu 
LOG (lattice-best-path[5.5.1139~1-67548]:main():lattice-best-path.cc:99) For utterance FVP318, best cost 20.6341 + 7496.89 = 7517.52 over 241 frames.
FVP318 inrxeu mazhai ndiidxikkum 
LOG (lattice-best-path[5.5.1139~1-67548]:main():lattice-best-path.cc:99) For utterance FVP319, best cost 25.8486 + 9884.09 = 9909.94 over 323 frames.
FVP319 saalaiyil ndiir ndirambiyadeu 
LOG (lattice-best-path[5.5.1139~1-67548]:main():lattice-best-path.cc:99) For utterance FVP320, best cost 43.7774 + 9325.99 = 9369.77 over 309 frames.
FVP320 banggalxaadeesx sutxrxeu ndaadxeu 
LOG (lattice-best-path[5.5.1139~1-67548]:main():lattice-best-path.cc:99) For utterance FVP321, best cost 30.31 + 14566.9 = 14597.2 over 467 frames.
FVP321 een ippadxi ndoonjjaanaaga ireukkaan 
LOG (lattice-best-path[5.5.1139~1-67548]:main():lattice-best-path.cc:99) For utterance FVP322, best cost 44.9707 + 8837.46 = 8882.43 over 279 frames.
FVP322 biins iiyam panggeu uyarnddadeu 
LOG (lattice-best-path[5.5.1139~1-67548]:main():lattice-best-path.cc:99) For utterance FVP323, best cost 31.3929 + 15287.9 = 15319.3 over 494 frames.
FVP323 ndaatxtxil tanxnxiir panjjam ndilawiyadeu 
LOG (lattice-best-path[5.5.1139~1-67548]:main():lattice-best-path.cc:99) For utterance FVP324, best cost 30.3245 + 11994.6 = 12024.9 over 387 frames.
FVP324 panjjaayatteu wazhakkeu mudxiweukkeu wanddadeu 
LOG (lattice-best-path[5.5.1139~1-67548]:main():lattice-best-path.cc:99) For utterance FVP325, best cost 48.272 + 11529.5 = 11577.8 over 374 frames.
FVP325 panjjeu nderuppil kuurnddeu idxeu 
LOG (lattice-best-path[5.5.1139~1-67548]:main():lattice-best-path.cc:99) For utterance FVP326, best cost 91.2857 + 13363 = 13454.3 over 438 frames.
FVP326 pazham kuudxi maarc kal kanrxeu sirxeu perxeu 
LOG (lattice-best-path[5.5.1139~1-67548]:main():lattice-best-path.cc:99) For utterance FVP327, best cost 30.0085 + 13137.4 = 13167.4 over 412 frames.
FVP327 kaalai bajanai migawum pirabalam 
LOG (lattice-best-path[5.5.1139~1-67548]:main():lattice-best-path.cc:99) For utterance FVP328, best cost 72.9697 + 11701.1 = 11774.1 over 373 frames.
FVP328 indda raajaa endda paar sey pidxi ndam 
LOG (lattice-best-path[5.5.1139~1-67548]:main():lattice-best-path.cc:99) For utterance FVP329, best cost 23.6084 + 9950.32 = 9973.93 over 317 frames.
FVP329 en purusxan balasaali 
LOG (lattice-best-path[5.5.1139~1-67548]:main():lattice-best-path.cc:99) For utterance FVP330, best cost 48.7511 + 12347.9 = 12396.7 over 400 frames.
FVP330 muulxai seyal uuril puugambam 
LOG (lattice-best-path[5.5.1139~1-67548]:main():lattice-best-path.cc:99) For utterance FVP331, best cost 55.7081 + 9151.35 = 9207.06 over 287 frames.
FVP331 pooraay anjjal manx banddam 
LOG (lattice-best-path[5.5.1139~1-67548]:main():lattice-best-path.cc:99) For utterance FVP332, best cost 24.8777 + 10148.7 = 10173.6 over 324 frames.
FVP332 inrxeu puujaiyil kalanddeu kolx 
LOG (lattice-best-path[5.5.1139~1-67548]:main():lattice-best-path.cc:99) For utterance FVP333, best cost 25.204 + 9818.21 = 9843.41 over 315 frames.
FVP333 pon porulx paartteu pazhagaadee 
LOG (lattice-best-path[5.5.1139~1-67548]:main():lattice-best-path.cc:99) For utterance FVP334, best cost 26.846 + 10184.6 = 10211.4 over 327 frames.
FVP334 un mugam poliwaaga ulxlxadeu 
LOG (lattice-best-path[5.5.1139~1-67548]:main():lattice-best-path.cc:99) For utterance FVP335, best cost 23.0074 + 10370.7 = 10393.7 over 342 frames.
FVP335 petxtxiyai kiizhee poodxeu 
LOG (lattice-best-path[5.5.1139~1-67548]:main():lattice-best-path.cc:99) For utterance FVP336, best cost 21.7242 + 7794.51 = 7816.23 over 252 frames.
FVP336 pooliyaana waazhkkai tawir 
LOG (lattice-best-path[5.5.1139~1-67548]:main():lattice-best-path.cc:99) For utterance FVP337, best cost 36.7847 + 11560.6 = 11597.4 over 368 frames.
FVP337 ndaatxtxil poosxaakkaana unxaweu 
LOG (lattice-best-path[5.5.1139~1-67548]:main():lattice-best-path.cc:99) For utterance FVP338, best cost 26.5455 + 11108.1 = 11134.6 over 353 frames.
FVP338 elumbeu majjai waliyadeu 
LOG (lattice-best-path[5.5.1139~1-67548]:main():lattice-best-path.cc:99) For utterance FVP339, best cost 21.8678 + 9608.94 = 9630.81 over 319 frames.
FVP339 etxtxeukkaali oreu puucci 
LOG (lattice-best-path[5.5.1139~1-67548]:main():lattice-best-path.cc:99) For utterance FVP340, best cost 91.0881 + 13408 = 13499.1 over 427 frames.
FVP340 waasanai maadattil ammaa biins en tii ireu 
LOG (lattice-best-path[5.5.1139~1-67548]:main():lattice-best-path.cc:99) For utterance FVP341, best cost 22.8956 + 7927.23 = 7950.13 over 261 frames.
FVP341 miin kanxnxeukkeu ndalladeu 
LOG (lattice-best-path[5.5.1139~1-67548]:main():lattice-best-path.cc:99) For utterance FVP342, best cost 23.2422 + 9165.62 = 9188.87 over 296 frames.
FVP342 muulxai illaadawan mutxtxaalx 
LOG (lattice-best-path[5.5.1139~1-67548]:main():lattice-best-path.cc:99) For utterance FVP343, best cost 29.8541 + 11441.8 = 11471.6 over 367 frames.
FVP343 tozhilil muuladanam poodxa weenxdxum 
LOG (lattice-best-path[5.5.1139~1-67548]:main():lattice-best-path.cc:99) For utterance FVP344, best cost 54.2047 + 9347.18 = 9401.38 over 303 frames.
FVP344 widiyai muulaiyil eezhai ndil 
LOG (lattice-best-path[5.5.1139~1-67548]:main():lattice-best-path.cc:99) For utterance FVP345, best cost 27.2535 + 10335.2 = 10362.4 over 328 frames.
FVP345 indda maiyanggalx enggeu ulxlxadeu 
LOG (lattice-best-path[5.5.1139~1-67548]:main():lattice-best-path.cc:99) For utterance FVP346, best cost 22.18 + 7196.97 = 7219.15 over 224 frames.
FVP346 makkalx raajjiyam weenxdxum 
LOG (lattice-best-path[5.5.1139~1-67548]:main():lattice-best-path.cc:99) For utterance FVP347, best cost 24.2018 + 9591.54 = 9615.75 over 305 frames.
FVP347 risxikkeu roosxam adigam 
LOG (lattice-best-path[5.5.1139~1-67548]:main():lattice-best-path.cc:99) For utterance FVP348, best cost 42.4874 + 7765.77 = 7808.26 over 248 frames.
FVP348 igazhcci ndalla isxtxam 
LOG (lattice-best-path[5.5.1139~1-67548]:main():lattice-best-path.cc:99) For utterance FVP349, best cost 35.3714 + 9730.69 = 9766.06 over 325 frames.
FVP349 uukkam udxaleukkeu ndalladeu 
LOG (lattice-best-path[5.5.1139~1-67548]:main():lattice-best-path.cc:99) For utterance FVP350, best cost 63.1238 + 13842.3 = 13905.4 over 451 frames.
FVP350 laksxmi iiyam mudal laksxanxam ulxlxa penx 
LOG (lattice-best-path[5.5.1139~1-67548]:main():lattice-best-path.cc:99) For utterance FVP351, best cost 28.0056 + 11472.4 = 11500.4 over 364 frames.
FVP351 widxaa muyarxci walxarcci tarum 
LOG (lattice-best-path[5.5.1139~1-67548]:main():lattice-best-path.cc:99) For utterance FVP352, best cost 24.0445 + 9359.04 = 9383.08 over 310 frames.
FVP352 wiitxtxil wiseesxam unxdxeu 
LOG (lattice-best-path[5.5.1139~1-67548]:main():lattice-best-path.cc:99) For utterance FVP353, best cost 23.3682 + 11703 = 11726.4 over 394 frames.
FVP353 wandda wisxayattaik kuurxeu 
LOG (lattice-best-path[5.5.1139~1-67548]:main():lattice-best-path.cc:99) For utterance FVP354, best cost 61.1521 + 12935.2 = 12996.3 over 429 frames.
FVP354 en mudxiyum tii wazhiyaaga sellum peerunddeu 
LOG (lattice-best-path[5.5.1139~1-67548]:main():lattice-best-path.cc:99) For utterance FVP355, best cost 25.7404 + 10339.8 = 10365.5 over 344 frames.
FVP355 jadxai pinni weesxam poodxeu 
LOG (lattice-best-path[5.5.1139~1-67548]:main():lattice-best-path.cc:99) For utterance FVP356, best cost 35.2005 + 9564.98 = 9600.18 over 284 frames.
FVP356 janawari mudal ndaanxam 
LOG (lattice-best-path[5.5.1139~1-67548]:main():lattice-best-path.cc:99) For utterance FVP357, best cost 31.6803 + 7134.28 = 7165.96 over 204 frames.
FVP357 janamee ndam pazham 
LOG (lattice-best-path[5.5.1139~1-67548]:main():lattice-best-path.cc:99) For utterance FVP358, best cost 33.7529 + 8441.53 = 8475.28 over 247 frames.
FVP358 ndaatxtxil illaiyadxi paappaa 
LOG (lattice-best-path[5.5.1139~1-67548]:main():lattice-best-path.cc:99) For utterance FVP359, best cost 24.6523 + 9606.01 = 9630.66 over 279 frames.
FVP359 waay jaalam kaatxtxum manidan 
LOG (lattice-best-path[5.5.1139~1-67548]:main():lattice-best-path.cc:99) For utterance FVP360, best cost 32.7736 + 7872.03 = 7904.8 over 234 frames.
FVP360 jalam poodxa weenxdxaam 
LOG (lattice-best-path[5.5.1139~1-67548]:main():lattice-best-path.cc:99) For utterance FVP361, best cost 20.3548 + 8701.04 = 8721.4 over 273 frames.
FVP361 ajiiranxak koolxaarxeu 
LOG (lattice-best-path[5.5.1139~1-67548]:main():lattice-best-path.cc:99) For utterance FVP362, best cost 69.3256 + 13256 = 13325.3 over 410 frames.
FVP362 hastam parxanddadeu kanx pidxi inxai 
LOG (lattice-best-path[5.5.1139~1-67548]:main():lattice-best-path.cc:99) For utterance FVP363, best cost 28.0998 + 11937.9 = 11966 over 372 frames.
FVP363 ndiinggalx sxeemamaaga irunggalx 
LOG (lattice-best-path[5.5.1139~1-67548]:main():lattice-best-path.cc:99) For utterance FVP364, best cost 22.1927 + 10569.6 = 10591.8 over 340 frames.
FVP364 togudi hetx sanddippeu 
LOG (lattice-best-path[5.5.1139~1-67548]:main():lattice-best-path.cc:99) For utterance FVP365, best cost 50.5662 + 9877.25 = 9927.81 over 306 frames.
FVP365 inggee alla walxarcci ndaatxtxeu walxarcci 
LOG (lattice-best-path[5.5.1139~1-67548]:main():lattice-best-path.cc:99) For utterance MAK293, best cost 28.3229 + 11394.1 = 11422.5 over 371 frames.
MAK293 guruwai sisxyan wanxangginaan 
LOG (lattice-best-path[5.5.1139~1-67548]:main():lattice-best-path.cc:99) For utterance MAK294, best cost 25.6652 + 10611 = 10636.7 over 332 frames.
MAK294 siikkiram eerxpaadxeu sey 
LOG (lattice-best-path[5.5.1139~1-67548]:main():lattice-best-path.cc:99) For utterance MAK295, best cost 36.3933 + 9817.24 = 9853.64 over 305 frames.
MAK295 seyyum paambai ndambaadee 
LOG (lattice-best-path[5.5.1139~1-67548]:main():lattice-best-path.cc:99) For utterance MAK296, best cost 34.6978 + 15778 = 15812.7 over 493 frames.
MAK296 iratxtxai suzhi sirxuwan seetxtxai seywaan 
LOG (lattice-best-path[5.5.1139~1-67548]:main():lattice-best-path.cc:99) For utterance MAK297, best cost 80.6568 + 12641.9 = 12722.5 over 392 frames.
MAK297 suuzhal janamee mazhai eenddeu seyal patxtxeu 
LOG (lattice-best-path[5.5.1139~1-67548]:main():lattice-best-path.cc:99) For utterance MAK298, best cost 56.9421 + 8521.29 = 8578.24 over 274 frames.
MAK298 siwappeu rambam ndiir idxam 
LOG (lattice-best-path[5.5.1139~1-67548]:main():lattice-best-path.cc:99) For utterance MAK299, best cost 24.7112 + 10092.8 = 10117.5 over 315 frames.
MAK299 kaalxi suulam eenddinaan 
LOG (lattice-best-path[5.5.1139~1-67548]:main():lattice-best-path.cc:99) For utterance MAK300, best cost 33.6635 + 16703.4 = 16737 over 510 frames.
MAK300 sutxrxeu suuzhal sugaadaaram pinpatxrxeu 
LOG (lattice-best-path[5.5.1139~1-67548]:main():lattice-best-path.cc:99) For utterance MAK301, best cost 74.0432 + 11994.5 = 12068.5 over 375 frames.
MAK301 seyyum marunddeu kuuwum ezheu oreu widxiyum 
LOG (lattice-best-path[5.5.1139~1-67548]:main():lattice-best-path.cc:99) For utterance MAK302, best cost 89.5081 + 14545.7 = 14635.2 over 452 frames.
MAK302 en adeu ndam paagam wanddadeu onrxee ireu 
LOG (lattice-best-path[5.5.1139~1-67548]:main():lattice-best-path.cc:99) For utterance MAK303, best cost 70.1033 + 12430.6 = 12500.7 over 390 frames.
MAK303 ndaay idxeu wiidxeu marunddeu kadxai adxaippeu 
LOG (lattice-best-path[5.5.1139~1-67548]:main():lattice-best-path.cc:99) For utterance MAK304, best cost 34.9278 + 15460.1 = 15495 over 481 frames.
MAK304 tanggalx udxaimai miideu gawanam selutteu 
LOG (lattice-best-path[5.5.1139~1-67548]:main():lattice-best-path.cc:99) For utterance MAK305, best cost 79.1881 + 16090.8 = 16170 over 506 frames.
MAK305 kadambam agal ndadxitteuk kaatxtxa ndaanxam teewai 
LOG (lattice-best-path[5.5.1139~1-67548]:main():lattice-best-path.cc:99) For utterance MAK306, best cost 54.5597 + 12517.8 = 12572.3 over 401 frames.
MAK306 iiyam mudxiyum tii wibatteu ndadxanddadeu 
LOG (lattice-best-path[5.5.1139~1-67548]:main():lattice-best-path.cc:99) For utterance MAK307, best cost 28.4544 + 10545 = 10573.5 over 329 frames.
MAK307 un seyaleukkeut tiirweu kaanxeu 
LOG (lattice-best-path[5.5.1139~1-67548]:main():lattice-best-path.cc:99) For utterance MAK308, best cost 23.43 + 9198.67 = 9222.1 over 277 frames.
MAK308 malar tuuwi waazhtteu 
LOG (lattice-best-path[5.5.1139~1-67548]:main():lattice-best-path.cc:99) For utterance MAK309, best cost 40.3411 + 11827 = 11867.4 over 369 frames.
MAK309 sirxandda pal puunxdxeu ndalladeu 
LOG (lattice-best-path[5.5.1139~1-67548]:main():lattice-best-path.cc:99) For utterance MAK310, best cost 52.7275 + 11242 = 11294.8 over 361 frames.
MAK310 purusxan wizhunddeu seyal seywaan 
LOG (lattice-best-path[5.5.1139~1-67548]:main():lattice-best-path.cc:99) For utterance MAK311, best cost 70.7385 + 17063.9 = 17134.6 over 538 frames.
MAK311 koolxaarxeu pooliyaana paar tolai duuram parxanddadeu 
LOG (lattice-best-path[5.5.1139~1-67548]:main():lattice-best-path.cc:99) For utterance MAK312, best cost 36.5958 + 14763.4 = 14800 over 464 frames.
MAK312 manjjalx tuulx maruttuwa gunxam ndirxainddadeu 
LOG (lattice-best-path[5.5.1139~1-67548]:main():lattice-best-path.cc:99) For utterance MAK313, best cost 27.4745 + 10582.1 = 10609.6 over 345 frames.
MAK313 kutxtxaiyil tanxnxiir teenggiyadeu 
LOG (lattice-best-path[5.5.1139~1-67548]:main():lattice-best-path.cc:99) For utterance MAK314, best cost 27.7448 + 10615.3 = 10643 over 327 frames.
MAK314 toonrxiya pugazhin toonrxuga 
LOG (lattice-best-path[5.5.1139~1-67548]:main():lattice-best-path.cc:99) For utterance MAK315, best cost 27.9605 + 12956 = 12983.9 over 394 frames.
MAK315 toosxattirxkeu parigaaram sey 
LOG (lattice-best-path[5.5.1139~1-67548]:main():lattice-best-path.cc:99) For utterance MAK316, best cost 41.7268 + 12761 = 12802.7 over 377 frames.
MAK316 ndaatxtxeu pugai oosoonai baadikkum 
LOG (lattice-best-path[5.5.1139~1-67548]:main():lattice-best-path.cc:99) For utterance MAK317, best cost 25.4669 + 9728.09 = 9753.55 over 314 frames.
MAK317 paambin ndanjjeu kodxiyadeu 
LOG (lattice-best-path[5.5.1139~1-67548]:main():lattice-best-path.cc:99) For utterance MAK318, best cost 22.2554 + 8075.68 = 8097.93 over 267 frames.
MAK318 inrxeu mazhai ndiidxikkum 
LOG (lattice-best-path[5.5.1139~1-67548]:main():lattice-best-path.cc:99) For utterance MAK319, best cost 24.3557 + 8358.08 = 8382.44 over 273 frames.
MAK319 saalaiyil ndiir ndirambiyadeu 
LOG (lattice-best-path[5.5.1139~1-67548]:main():lattice-best-path.cc:99) For utterance MAK320, best cost 54.0702 + 9335.81 = 9389.88 over 293 frames.
MAK320 pagal adeu oreu ndadxai 
LOG (lattice-best-path[5.5.1139~1-67548]:main():lattice-best-path.cc:99) For utterance MAK321, best cost 41.5972 + 12779.6 = 12821.2 over 411 frames.
MAK321 enxnxey ippadxi ndoonjjaanaaga ireukkaan 
LOG (lattice-best-path[5.5.1139~1-67548]:main():lattice-best-path.cc:99) For utterance MAK322, best cost 36.1242 + 9399.38 = 9435.5 over 310 frames.
MAK322 deesiya panggeu sirxanddadeu 
LOG (lattice-best-path[5.5.1139~1-67548]:main():lattice-best-path.cc:99) For utterance MAK323, best cost 53.682 + 12763.5 = 12817.2 over 411 frames.
MAK323 ndaatxtxil tanxnxiir iruppadeu ndilawiyadeu 
LOG (lattice-best-path[5.5.1139~1-67548]:main():lattice-best-path.cc:99) For utterance MAK324, best cost 35.5767 + 15801.6 = 15837.2 over 494 frames.
MAK324 panjjaayatteu wazhakkeu mudxiweukkeu wanddadeu 
LOG (lattice-best-path[5.5.1139~1-67548]:main():lattice-best-path.cc:99) For utterance MAK325, best cost 27.4164 + 10107.7 = 10135.2 over 325 frames.
MAK325 panjjeu nderuppil karugiyadeu 
LOG (lattice-best-path[5.5.1139~1-67548]:main():lattice-best-path.cc:99) For utterance MAK326, best cost 51.1738 + 12084.1 = 12135.3 over 374 frames.
MAK326 pazhanggudxi makkalx paambeu sirxappeu 
LOG (lattice-best-path[5.5.1139~1-67548]:main():lattice-best-path.cc:99) For utterance MAK327, best cost 79.4758 + 11897.9 = 11977.4 over 375 frames.
MAK327 kaalai palxlxi inxai migawum waa pazham 
LOG (lattice-best-path[5.5.1139~1-67548]:main():lattice-best-path.cc:99) For utterance MAK328, best cost 31.5933 + 13794.9 = 13826.5 over 431 frames.
MAK328 indda raajaa endda baasxai peesinaar 
LOG (lattice-best-path[5.5.1139~1-67548]:main():lattice-best-path.cc:99) For utterance MAK329, best cost 24.6945 + 9806.11 = 9830.81 over 305 frames.
MAK329 en purusxan balasaali 
LOG (lattice-best-path[5.5.1139~1-67548]:main():lattice-best-path.cc:99) For utterance MAK330, best cost 59.8991 + 12515.1 = 12575 over 387 frames.
MAK330 puunai sirxeu pozhudeu puugambam 
LOG (lattice-best-path[5.5.1139~1-67548]:main():lattice-best-path.cc:99) For utterance MAK331, best cost 35.64 + 9264.76 = 9300.4 over 298 frames.
MAK331 poodxa jenma banddam 
LOG (lattice-best-path[5.5.1139~1-67548]:main():lattice-best-path.cc:99) For utterance MAK332, best cost 30.0594 + 14157.4 = 14187.5 over 449 frames.
MAK332 inrxeu puujaiyil kalanddeu kolx 
LOG (lattice-best-path[5.5.1139~1-67548]:main():lattice-best-path.cc:99) For utterance MAK333, best cost 28.18 + 11640.6 = 11668.8 over 368 frames.
MAK333 pon porulx paartteu pazhagaadee 
LOG (lattice-best-path[5.5.1139~1-67548]:main():lattice-best-path.cc:99) For utterance MAK334, best cost 41.9236 + 12780.7 = 12822.6 over 414 frames.
MAK334 pon mugam poliwaaga ulxlxadeu 
LOG (lattice-best-path[5.5.1139~1-67548]:main():lattice-best-path.cc:99) For utterance MAK335, best cost 23.396 + 9842.21 = 9865.6 over 314 frames.
MAK335 petxtxiyai kiizhee poodxeu 
LOG (lattice-best-path[5.5.1139~1-67548]:main():lattice-best-path.cc:99) For utterance MAK336, best cost 28.3608 + 12844.1 = 12872.5 over 417 frames.
MAK336 pooliyaana waazhkkai tawir 
LOG (lattice-best-path[5.5.1139~1-67548]:main():lattice-best-path.cc:99) For utterance MAK337, best cost 37.559 + 11316.7 = 11354.3 over 365 frames.
MAK337 kadai poosxaakkaana unxaweu 
LOG (lattice-best-path[5.5.1139~1-67548]:main():lattice-best-path.cc:99) For utterance MAK338, best cost 24.8549 + 8611.82 = 8636.67 over 272 frames.
MAK338 elumbeu majjai waliyadeu 
LOG (lattice-best-path[5.5.1139~1-67548]:main():lattice-best-path.cc:99) For utterance MAK339, best cost 76.8886 + 11976.2 = 12053.1 over 375 frames.
MAK339 eetxtxeu kal eezhai pozhudeu puujai ireu 
LOG (lattice-best-path[5.5.1139~1-67548]:main():lattice-best-path.cc:99) For utterance MAK340, best cost 48.5839 + 15408.3 = 15456.9 over 481 frames.
MAK340 maarc maadattil mahaawiir jeyanddi inxai 
LOG (lattice-best-path[5.5.1139~1-67548]:main():lattice-best-path.cc:99) For utterance MAK341, best cost 34.1862 + 7504.13 = 7538.32 over 230 frames.
MAK341 biins kanxnxeukkeu ndalladeu 
LOG (lattice-best-path[5.5.1139~1-67548]:main():lattice-best-path.cc:99) For utterance MAK342, best cost 28.1926 + 12151.3 = 12179.5 over 388 frames.
MAK342 muulxai illaadawan mutxtxaalx 
LOG (lattice-best-path[5.5.1139~1-67548]:main():lattice-best-path.cc:99) For utterance MAK343, best cost 55.8071 + 13638.2 = 13694 over 401 frames.
MAK343 tozhilil muuladanam waanam aidiigam 
LOG (lattice-best-path[5.5.1139~1-67548]:main():lattice-best-path.cc:99) For utterance MAK344, best cost 35.5913 + 8340.84 = 8376.43 over 255 frames.
MAK344 seydanar eerxi ndil 
LOG (lattice-best-path[5.5.1139~1-67548]:main():lattice-best-path.cc:99) For utterance MAK345, best cost 25.4314 + 8718.46 = 8743.89 over 261 frames.
MAK345 indda maiyanggalx enggeu ulxlxadeu 
LOG (lattice-best-path[5.5.1139~1-67548]:main():lattice-best-path.cc:99) For utterance MAK346, best cost 25.0537 + 7971.38 = 7996.44 over 245 frames.
MAK346 makkalx raajjiyam weenxdxum 
LOG (lattice-best-path[5.5.1139~1-67548]:main():lattice-best-path.cc:99) For utterance MAK347, best cost 57.6923 + 11563 = 11620.7 over 369 frames.
MAK347 widiyai keedxeu kawasam adigam 
LOG (lattice-best-path[5.5.1139~1-67548]:main():lattice-best-path.cc:99) For utterance MAK348, best cost 36.4869 + 9479.59 = 9516.08 over 294 frames.
MAK348 kadai enrxaal wekkam 
LOG (lattice-best-path[5.5.1139~1-67548]:main():lattice-best-path.cc:99) For utterance MAK349, best cost 35.6571 + 8836.02 = 8871.67 over 268 frames.
MAK349 koobam udxaleukkeu ndalladeu 
LOG (lattice-best-path[5.5.1139~1-67548]:main():lattice-best-path.cc:99) For utterance MAK350, best cost 36.1979 + 15156.7 = 15192.9 over 478 frames.
MAK350 laksxmi muga laksxanxam ulxlxa penx 
LOG (lattice-best-path[5.5.1139~1-67548]:main():lattice-best-path.cc:99) For utterance MAK351, best cost 53.5308 + 14664.8 = 14718.3 over 452 frames.
MAK351 eetxrxam kodxiyadeu walxarcci tarum 
LOG (lattice-best-path[5.5.1139~1-67548]:main():lattice-best-path.cc:99) For utterance MAK352, best cost 26.1828 + 9632.46 = 9658.65 over 301 frames.
MAK352 wiitxtxil wiseesxam unxdxeu 
LOG (lattice-best-path[5.5.1139~1-67548]:main():lattice-best-path.cc:99) For utterance MAK353, best cost 57.9616 + 9104.1 = 9162.07 over 291 frames.
MAK353 wanddadeu eenddeu sey oreu 
LOG (lattice-best-path[5.5.1139~1-67548]:main():lattice-best-path.cc:99) For utterance MAK354, best cost 48.3712 + 16238.8 = 16287.2 over 520 frames.
MAK354 en miideu wazhiyaaga sellum peerunddeu 
LOG (lattice-best-path[5.5.1139~1-67548]:main():lattice-best-path.cc:99) For utterance MAK355, best cost 28.5495 + 10805.6 = 10834.1 over 340 frames.
MAK355 jadxai pinni weesxam poodxeu 
LOG (lattice-best-path[5.5.1139~1-67548]:main():lattice-best-path.cc:99) For utterance MAK356, best cost 26.483 + 9699.53 = 9726.01 over 307 frames.
MAK356 janawari mudal maadam 
LOG (lattice-best-path[5.5.1139~1-67548]:main():lattice-best-path.cc:99) For utterance MAK357, best cost 23.9981 + 9623.06 = 9647.06 over 314 frames.
MAK357 janamee ndam balam 
LOG (lattice-best-path[5.5.1139~1-67548]:main():lattice-best-path.cc:99) For utterance MAK358, best cost 23.9577 + 9140.89 = 9164.85 over 284 frames.
MAK358 jaadi illaiyadxi paappaa 
LOG (lattice-best-path[5.5.1139~1-67548]:main():lattice-best-path.cc:99) For utterance MAK359, best cost 41.9817 + 10635.2 = 10677.2 over 330 frames.
MAK359 waay jaalam kaatxtxum anaittum 
LOG (lattice-best-path[5.5.1139~1-67548]:main():lattice-best-path.cc:99) For utterance MAK360, best cost 22.934 + 9300.61 = 9323.55 over 294 frames.
MAK360 jaalraa poodxa weenxdxaam 
LOG (lattice-best-path[5.5.1139~1-67548]:main():lattice-best-path.cc:99) For utterance MAK361, best cost 20.8407 + 7770.49 = 7791.33 over 238 frames.
MAK361 ajiiranxak koolxaarxeu 
LOG (lattice-best-path[5.5.1139~1-67548]:main():lattice-best-path.cc:99) For utterance MAK362, best cost 70.8796 + 11137.5 = 11208.4 over 327 frames.
MAK362 hastam paar irunddadeu kaanjjipuram teewai 
LOG (lattice-best-path[5.5.1139~1-67548]:main():lattice-best-path.cc:99) For utterance MAK363, best cost 71.7887 + 12054.9 = 12126.7 over 389 frames.
MAK363 tinggalx seyal manam agal irunggalx 
LOG (lattice-best-path[5.5.1139~1-67548]:main():lattice-best-path.cc:99) For utterance MAK364, best cost 56.0218 + 9554.25 = 9610.27 over 294 frames.
MAK364 togudi eezhai eetxtxeu sanddippeu 
LOG (lattice-best-path[5.5.1139~1-67548]:main():lattice-best-path.cc:99) For utterance MAK365, best cost 49.2237 + 10743 = 10792.2 over 335 frames.
MAK365 en aanaar walxarcci ndaatxtxeu walxarcci 
LOG (lattice-best-path[5.5.1139~1-67548]:main():lattice-best-path.cc:99) For utterance MPA293, best cost 89.4966 + 14894.1 = 14983.6 over 503 frames.
MPA293 koowil seyyin sirxuwar waanam inggeu ooram 
LOG (lattice-best-path[5.5.1139~1-67548]:main():lattice-best-path.cc:99) For utterance MPA294, best cost 23.6738 + 8533.1 = 8556.78 over 272 frames.
MPA294 siikkiram eerxpaadxeu sey 
LOG (lattice-best-path[5.5.1139~1-67548]:main():lattice-best-path.cc:99) For utterance MPA295, best cost 59.5883 + 15443.3 = 15502.9 over 507 frames.
MPA295 siirxum paambai ndam paar peeseu 
LOG (lattice-best-path[5.5.1139~1-67548]:main():lattice-best-path.cc:99) For utterance MPA296, best cost 116.026 + 21324.2 = 21440.2 over 703 frames.
MPA296 ezhil seyal suwaril sirxuwan seyal tiirweu ireu waal 
LOG (lattice-best-path[5.5.1139~1-67548]:main():lattice-best-path.cc:99) For utterance MPA297, best cost 62.0083 + 16594 = 16656 over 546 frames.
MPA297 suutxcamam arunddeu oreu seyalpadxeu 
LOG (lattice-best-path[5.5.1139~1-67548]:main():lattice-best-path.cc:99) For utterance MPA298, best cost 28.2115 + 14720.7 = 14748.9 over 492 frames.
MPA298 asuran tawam irunddaan 
LOG (lattice-best-path[5.5.1139~1-67548]:main():lattice-best-path.cc:99) For utterance MPA299, best cost 27.1371 + 14170.2 = 14197.3 over 475 frames.
MPA299 kaalxi suulam eenddinaan 
LOG (lattice-best-path[5.5.1139~1-67548]:main():lattice-best-path.cc:99) For utterance MPA300, best cost 58.7413 + 19075.2 = 19133.9 over 606 frames.
MPA300 suudxeu sey suuzhal sugaadaaram pinpatxrxeu 
LOG (lattice-best-path[5.5.1139~1-67548]:main():lattice-best-path.cc:99) For utterance MPA301, best cost 39.9465 + 21958 = 21997.9 over 725 frames.
MPA301 seewalin kuuwalil pozhudeu widxiyum 
LOG (lattice-best-path[5.5.1139~1-67548]:main():lattice-best-path.cc:99) For utterance MPA302, best cost 74.7652 + 18648.5 = 18723.3 over 607 frames.
MPA302 siwaneukkeu taagam pagal waliyadeu ulxlxadeu 
LOG (lattice-best-path[5.5.1139~1-67548]:main():lattice-best-path.cc:99) For utterance MPA303, best cost 75.2403 + 18311.7 = 18387 over 614 frames.
MPA303 ndaan ireu widxumurxai kalwiyee adxaippeu 
LOG (lattice-best-path[5.5.1139~1-67548]:main():lattice-best-path.cc:99) For utterance MPA304, best cost 110.683 + 25172.5 = 25283.2 over 850 frames.
MPA304 tanggalx wiidxeu udawum widiyai miideu gawanam tirxanddeu suwai 
LOG (lattice-best-path[5.5.1139~1-67548]:main():lattice-best-path.cc:99) For utterance MPA305, best cost 85.4969 + 21008.1 = 21093.6 over 690 frames.
MPA305 sotteu uuham awan waa ndadxitteuk kaatxtxa njaanam teewai 
LOG (lattice-best-path[5.5.1139~1-67548]:main():lattice-best-path.cc:99) For utterance MPA306, best cost 106.828 + 19858.7 = 19965.5 over 670 frames.
MPA306 seyyum uur sirxeu tulxi iruppadeu sirxeu ndadxanddadeu oreu 
LOG (lattice-best-path[5.5.1139~1-67548]:main():lattice-best-path.cc:99) For utterance MPA307, best cost 77.843 + 19861.8 = 19939.6 over 670 frames.
MPA307 uuril tirxanddeu kuuzh ooram tiirweu kaanxeu 
LOG (lattice-best-path[5.5.1139~1-67548]:main():lattice-best-path.cc:99) For utterance MPA308, best cost 71.2715 + 13479.2 = 13550.5 over 459 frames.
MPA308 manxal suwaril ireu maarc sirxeu 
LOG (lattice-best-path[5.5.1139~1-67548]:main():lattice-best-path.cc:99) For utterance MPA309, best cost 69.7358 + 14670 = 14739.8 over 490 frames.
MPA309 inxai enrxeu pal toonrxiya ndalladeu 
LOG (lattice-best-path[5.5.1139~1-67548]:main():lattice-best-path.cc:99) For utterance MPA310, best cost 50.3708 + 16086.1 = 16136.5 over 534 frames.
MPA310 ndam tusxtxan tusxtxa seyal seywaan 
LOG (lattice-best-path[5.5.1139~1-67548]:main():lattice-best-path.cc:99) For utterance MPA311, best cost 96.6792 + 22687.6 = 22784.2 over 746 frames.
MPA311 pooliyaana toosxattirxkeu anuppa tolai eetxrxam gunxam parxanddadeu 
LOG (lattice-best-path[5.5.1139~1-67548]:main():lattice-best-path.cc:99) For utterance MPA312, best cost 58.9284 + 18376 = 18435 over 599 frames.
MPA312 manjjalx suwaril maruttuwa gunxam ndirxainddadeu 
LOG (lattice-best-path[5.5.1139~1-67548]:main():lattice-best-path.cc:99) For utterance MPA313, best cost 30.9041 + 14795.5 = 14826.4 over 482 frames.
MPA313 kutxtxaiyil tanxnxiir teenggiyadeu 
LOG (lattice-best-path[5.5.1139~1-67548]:main():lattice-best-path.cc:99) For utterance MPA314, best cost 61.0356 + 13980 = 14041.1 over 459 frames.
MPA314 toonxdxiyadeu pugazhin sirxeu toonrxuga 
LOG (lattice-best-path[5.5.1139~1-67548]:main():lattice-best-path.cc:99) For utterance MPA315, best cost 97.0317 + 18399.5 = 18496.6 over 609 frames.
MPA315 sol teeytteuk ireu palxlxiyil njaalam tawam sey 
LOG (lattice-best-path[5.5.1139~1-67548]:main():lattice-best-path.cc:99) For utterance MPA316, best cost 89.757 + 19506.9 = 19596.6 over 627 frames.
MPA316 waitteuk pugai uunam suzhi baasxai ooram 
LOG (lattice-best-path[5.5.1139~1-67548]:main():lattice-best-path.cc:99) For utterance MPA317, best cost 62.3474 + 13285.4 = 13347.8 over 449 frames.
MPA317 waanam pirxarai mudxiyum kodxiyadeu 
LOG (lattice-best-path[5.5.1139~1-67548]:main():lattice-best-path.cc:99) For utterance MPA318, best cost 27.332 + 14338.9 = 14366.2 over 475 frames.
MPA318 inrxeu mazhai ndiidxikkum 
LOG (lattice-best-path[5.5.1139~1-67548]:main():lattice-best-path.cc:99) For utterance MPA319, best cost 62.0355 + 15216.9 = 15278.9 over 505 frames.
MPA319 saalaiyil sirxeu illaiyadxi eenddeu 
LOG (lattice-best-path[5.5.1139~1-67548]:main():lattice-best-path.cc:99) For utterance MPA320, best cost 69.9293 + 14972.5 = 15042.5 over 497 frames.
MPA320 unggalx raamar pirxar oreu todxeu 
LOG (lattice-best-path[5.5.1139~1-67548]:main():lattice-best-path.cc:99) For utterance MPA321, best cost 36.2001 + 18895.4 = 18931.6 over 619 frames.
MPA321 een ippadxi ndoonjjaanaaga ireukkaan 
LOG (lattice-best-path[5.5.1139~1-67548]:main():lattice-best-path.cc:99) For utterance MPA322, best cost 42.3924 + 13948.3 = 13990.7 over 463 frames.
MPA322 seluttinar panggeu uyarnddadeu 
LOG (lattice-best-path[5.5.1139~1-67548]:main():lattice-best-path.cc:99) For utterance MPA323, best cost 39.0617 + 19778.2 = 19817.3 over 670 frames.
MPA323 ndaatxtxil tanxnxiir panjjam ndilawiyadeu 
LOG (lattice-best-path[5.5.1139~1-67548]:main():lattice-best-path.cc:99) For utterance MPA324, best cost 37.9121 + 20029.7 = 20067.6 over 652 frames.
MPA324 panjjaayatteu wazhakkeu mudxiweukkeu wanddadeu 
LOG (lattice-best-path[5.5.1139~1-67548]:main():lattice-best-path.cc:99) For utterance MPA325, best cost 54.9549 + 15332 = 15386.9 over 502 frames.
MPA325 panjjeu seyal nderuppil karugiyadeu 
LOG (lattice-best-path[5.5.1139~1-67548]:main():lattice-best-path.cc:99) For utterance MPA326, best cost 85.1897 + 15645.1 = 15730.2 over 513 frames.
MPA326 pazhanggudxi manx tozhil kambeuk sirxuwar kuurxeu 
LOG (lattice-best-path[5.5.1139~1-67548]:main():lattice-best-path.cc:99) For utterance MPA327, best cost 46.5823 + 17468.1 = 17514.7 over 568 frames.
MPA327 kaasxmiir bajanai migawum pirabalam 
LOG (lattice-best-path[5.5.1139~1-67548]:main():lattice-best-path.cc:99) For utterance MPA328, best cost 113.673 + 18342.3 = 18456 over 601 frames.
MPA328 enrxa tawam ndaagam tirxanddeu ambalam sey pirxareukkeu unxaweu 
LOG (lattice-best-path[5.5.1139~1-67548]:main():lattice-best-path.cc:99) For utterance MPA329, best cost 83.9486 + 14214.9 = 14298.8 over 457 frames.
MPA329 welxlxam sotteu tarum pagal tawam ndil 
LOG (lattice-best-path[5.5.1139~1-67548]:main():lattice-best-path.cc:99) For utterance MPA330, best cost 66.6539 + 17546.2 = 17612.8 over 566 frames.
MPA330 puurwa ndari tozhil uuril puugambam 
LOG (lattice-best-path[5.5.1139~1-67548]:main():lattice-best-path.cc:99) For utterance MPA331, best cost 27.4684 + 16163.4 = 16190.8 over 541 frames.
MPA331 puurwa jenma banddam 
LOG (lattice-best-path[5.5.1139~1-67548]:main():lattice-best-path.cc:99) For utterance MPA332, best cost 42.2805 + 12594.6 = 12636.9 over 400 frames.
MPA332 inrxeu puujaiyil kalanddeu koodxi 
LOG (lattice-best-path[5.5.1139~1-67548]:main():lattice-best-path.cc:99) For utterance MPA333, best cost 30.5265 + 15704.3 = 15734.8 over 492 frames.
MPA333 pon porulx paartteu pazhagaadee 
LOG (lattice-best-path[5.5.1139~1-67548]:main():lattice-best-path.cc:99) For utterance MPA334, best cost 30.989 + 14562 = 14593 over 469 frames.
MPA334 un mugam poliwaaga ulxlxadeu 
LOG (lattice-best-path[5.5.1139~1-67548]:main():lattice-best-path.cc:99) For utterance MPA335, best cost 58.4539 + 10881.4 = 10939.8 over 357 frames.
MPA335 eetxtxeu wiidxeu tiirweu kuudxi 
LOG (lattice-best-path[5.5.1139~1-67548]:main():lattice-best-path.cc:99) For utterance MPA336, best cost 51.4198 + 12464.8 = 12516.2 over 405 frames.
MPA336 pooliyaana warugai suwaril 
LOG (lattice-best-path[5.5.1139~1-67548]:main():lattice-best-path.cc:99) For utterance MPA337, best cost 43.7451 + 15267.5 = 15311.2 over 504 frames.
MPA337 waaynddadeu poosxaakkaana unxaweu 
LOG (lattice-best-path[5.5.1139~1-67548]:main():lattice-best-path.cc:99) For utterance MPA338, best cost 50.1353 + 14207.6 = 14257.7 over 463 frames.
MPA338 eenggum aasaiyaik waliyadeu 
LOG (lattice-best-path[5.5.1139~1-67548]:main():lattice-best-path.cc:99) For utterance MPA339, best cost 48.1725 + 13316.5 = 13364.6 over 429 frames.
MPA339 etxtxeukkaali oreu uuham sey 
LOG (lattice-best-path[5.5.1139~1-67548]:main():lattice-best-path.cc:99) For utterance MPA340, best cost 57.9927 + 18202.6 = 18260.6 over 576 frames.
MPA340 maarc maadattil mahaawiir seyal ireu 
LOG (lattice-best-path[5.5.1139~1-67548]:main():lattice-best-path.cc:99) For utterance MPA341, best cost 37.4358 + 10555.5 = 10592.9 over 351 frames.
MPA341 ndil kanxnxeukkeu ndalladeu 
LOG (lattice-best-path[5.5.1139~1-67548]:main():lattice-best-path.cc:99) For utterance MPA342, best cost 54.1969 + 14343.5 = 14397.6 over 469 frames.
MPA342 muulxai illaadawan manam saarxeu 
LOG (lattice-best-path[5.5.1139~1-67548]:main():lattice-best-path.cc:99) For utterance MPA343, best cost 75.4277 + 19569.4 = 19644.8 over 658 frames.
MPA343 kalwiyee ezhil migundda gawanam poodxa weenxdxum 
LOG (lattice-best-path[5.5.1139~1-67548]:main():lattice-best-path.cc:99) For utterance MPA344, best cost 81.7585 + 12618.1 = 12699.9 over 420 frames.
MPA344 mai seyyin sirxeu illai ezhil ndil 
LOG (lattice-best-path[5.5.1139~1-67548]:main():lattice-best-path.cc:99) For utterance MPA345, best cost 83.4948 + 17241.7 = 17325.2 over 573 frames.
MPA345 aayudam mazhai enggalx ireu inggeu ulxlxadeu 
LOG (lattice-best-path[5.5.1139~1-67548]:main():lattice-best-path.cc:99) For utterance MPA346, best cost 51.9266 + 15282.8 = 15334.8 over 495 frames.
MPA346 maarc kal raajjiyam weenxdxum 
LOG (lattice-best-path[5.5.1139~1-67548]:main():lattice-best-path.cc:99) For utterance MPA347, best cost 77.7603 + 14801.9 = 14879.7 over 472 frames.
MPA347 ezhutteup suulam kawasam wanxdxi koobam 
LOG (lattice-best-path[5.5.1139~1-67548]:main():lattice-best-path.cc:99) For utterance MPA348, best cost 48.5264 + 11923.7 = 11972.2 over 400 frames.
MPA348 njaalam jeyhindd enrxaal wekkam 
LOG (lattice-best-path[5.5.1139~1-67548]:main():lattice-best-path.cc:99) For utterance MPA349, best cost 28.3669 + 13237 = 13265.4 over 429 frames.
MPA349 tuukkam udxaleukkeu ndalladeu 
LOG (lattice-best-path[5.5.1139~1-67548]:main():lattice-best-path.cc:99) For utterance MPA350, best cost 88.0844 + 16726 = 16814.1 over 542 frames.
MPA350 kaasxmiir unxaweukkeu agal ndam ulxlxa kanrxeu 
LOG (lattice-best-path[5.5.1139~1-67548]:main():lattice-best-path.cc:99) For utterance MPA351, best cost 31.3041 + 15927.6 = 15958.9 over 522 frames.
MPA351 widxaa muyarxci walxarcci tarum 
LOG (lattice-best-path[5.5.1139~1-67548]:main():lattice-best-path.cc:99) For utterance MPA352, best cost 51.5558 + 14004.4 = 14056 over 456 frames.
MPA352 idxeu sirxeu wiseesxam unxdxeu 
LOG (lattice-best-path[5.5.1139~1-67548]:main():lattice-best-path.cc:99) For utterance MPA353, best cost 69.5274 + 11623.8 = 11693.3 over 371 frames.
MPA353 wandda ndil teriyum ireu koolxaarxeu 
LOG (lattice-best-path[5.5.1139~1-67548]:main():lattice-best-path.cc:99) For utterance MPA354, best cost 53.2633 + 19184.6 = 19237.9 over 627 frames.
MPA354 ireu wiidi wazhiyaaga sellum peerunddeu 
LOG (lattice-best-path[5.5.1139~1-67548]:main():lattice-best-path.cc:99) For utterance MPA355, best cost 85.4584 + 14662.4 = 14747.8 over 488 frames.
MPA355 taay sirxeu penx ndil wekkam uurwadeu 
LOG (lattice-best-path[5.5.1139~1-67548]:main():lattice-best-path.cc:99) For utterance MPA356, best cost 51.503 + 12776.5 = 12828 over 432 frames.
MPA356 janawari ezhil mudal maadam 
LOG (lattice-best-path[5.5.1139~1-67548]:main():lattice-best-path.cc:99) For utterance MPA357, best cost 61.9358 + 11517.2 = 11579.1 over 396 frames.
MPA357 seydanar ndiir ndam ambalam 
LOG (lattice-best-path[5.5.1139~1-67548]:main():lattice-best-path.cc:99) For utterance MPA358, best cost 71.094 + 17675.9 = 17747 over 598 frames.
MPA358 njaalam sirxeu inrxeu idxeu paappaa 
LOG (lattice-best-path[5.5.1139~1-67548]:main():lattice-best-path.cc:99) For utterance MPA359, best cost 64.3944 + 15993.1 = 16057.5 over 528 frames.
MPA359 pooraay tawam kawasam manidan 
LOG (lattice-best-path[5.5.1139~1-67548]:main():lattice-best-path.cc:99) For utterance MPA360, best cost 57.8577 + 12755.7 = 12813.6 over 413 frames.
MPA360 todxeu ooram muga eenggum 
LOG (lattice-best-path[5.5.1139~1-67548]:main():lattice-best-path.cc:99) For utterance MPA361, best cost 48.1084 + 9711.11 = 9759.22 over 319 frames.
MPA361 anjjal gawanam koowil 
LOG (lattice-best-path[5.5.1139~1-67548]:main():lattice-best-path.cc:99) For utterance MPA362, best cost 92.8114 + 19605.6 = 19698.4 over 652 frames.
MPA362 pal toguppeu arunddeu ndaanjjil sirxeu sirxeu 
LOG (lattice-best-path[5.5.1139~1-67548]:main():lattice-best-path.cc:99) For utterance MPA363, best cost 75.9227 + 16007.2 = 16083.1 over 535 frames.
MPA363 tinggalx sirxeu ndam awasara irunggalx 
LOG (lattice-best-path[5.5.1139~1-67548]:main():lattice-best-path.cc:99) For utterance MPA364, best cost 61.1176 + 12486.8 = 12547.9 over 396 frames.
MPA364 togudi peyar tanxnxiir uuham 
LOG (lattice-best-path[5.5.1139~1-67548]:main():lattice-best-path.cc:99) For utterance MPA365, best cost 86.226 + 16340.3 = 16426.5 over 533 frames.
MPA365 endda mannan kaalxai sirxeu unxaweukkeu walxarcci 
LOG (lattice-best-path[5.5.1139~1-67548]:main():lattice-best-path.cc:99) For utterance MPK293, best cost 27.7548 + 12430.8 = 12458.6 over 400 frames.
MPK293 guruwai sisxyan wanxangginaan 
LOG (lattice-best-path[5.5.1139~1-67548]:main():lattice-best-path.cc:99) For utterance MPK294, best cost 52.5286 + 11025.6 = 11078.1 over 350 frames.
MPK294 siikkiram eepral ireu sey 
LOG (lattice-best-path[5.5.1139~1-67548]:main():lattice-best-path.cc:99) For utterance MPK295, best cost 56.478 + 11626.8 = 11683.2 over 361 frames.
MPK295 sey hetx arunddeu amaraadee 
LOG (lattice-best-path[5.5.1139~1-67548]:main():lattice-best-path.cc:99) For utterance MPK296, best cost 99.6901 + 14491.2 = 14590.9 over 459 frames.
MPK296 uur eerikkeu izhuppadeu eenggum selutteu seyyum awan 
LOG (lattice-best-path[5.5.1139~1-67548]:main():lattice-best-path.cc:99) For utterance MPK297, best cost 57.4994 + 12851.7 = 12909.2 over 417 frames.
MPK297 uccam arunddeu ndil seyalpadxeu 
LOG (lattice-best-path[5.5.1139~1-67548]:main():lattice-best-path.cc:99) For utterance MPK298, best cost 43.1541 + 9221.04 = 9264.19 over 296 frames.
MPK298 asuran saarxeu idxam 
LOG (lattice-best-path[5.5.1139~1-67548]:main():lattice-best-path.cc:99) For utterance MPK299, best cost 44.0774 + 10244.9 = 10288.9 over 333 frames.
MPK299 saalaiyil suwaril eenddinaan 
LOG (lattice-best-path[5.5.1139~1-67548]:main():lattice-best-path.cc:99) For utterance MPK300, best cost 74.2044 + 14593.1 = 14667.3 over 464 frames.
MPK300 selutteu suwaril suwaril karam pinpatxrxeu 
LOG (lattice-best-path[5.5.1139~1-67548]:main():lattice-best-path.cc:99) For utterance MPK301, best cost 57.7589 + 12363.1 = 12420.9 over 402 frames.
MPK301 sirxeu kuudxi koodxi iiyam 
LOG (lattice-best-path[5.5.1139~1-67548]:main():lattice-best-path.cc:99) For utterance MPK302, best cost 62.2519 + 12909.6 = 12971.8 over 410 frames.
MPK302 enakkeu abaraadam aayinum kuurnddeu 
LOG (lattice-best-path[5.5.1139~1-67548]:main():lattice-best-path.cc:99) For utterance MPK303, best cost 60.6139 + 12486.4 = 12547 over 409 frames.
MPK303 saalaiyil mai kadxai adxaippeu uur 
LOG (lattice-best-path[5.5.1139~1-67548]:main():lattice-best-path.cc:99) For utterance MPK304, best cost 103.362 + 14542.7 = 14646 over 459 frames.
MPK304 tanggam otxrxumaiyee wiidi ireu taay ndil sey perxeu 
LOG (lattice-best-path[5.5.1139~1-67548]:main():lattice-best-path.cc:99) For utterance MPK305, best cost 89.8431 + 17501.6 = 17591.4 over 558 frames.
MPK305 paartteu waa manxal ndadxitteuk kaatxtxa ndalladeu teewai 
LOG (lattice-best-path[5.5.1139~1-67548]:main():lattice-best-path.cc:99) For utterance MPK306, best cost 84.2238 + 13593.8 = 13678 over 452 frames.
MPK306 tii ireu puucci sirxuwar alxaweukkeu arxinddeu 
LOG (lattice-best-path[5.5.1139~1-67548]:main():lattice-best-path.cc:99) For utterance MPK307, best cost 68.4782 + 11673.2 = 11741.7 over 376 frames.
MPK307 pool wisxam eerikkeu tiirweu aanaar 
LOG (lattice-best-path[5.5.1139~1-67548]:main():lattice-best-path.cc:99) For utterance MPK308, best cost 48.3974 + 10483.2 = 10531.6 over 346 frames.
MPK308 maadattil olxi paartteu 
LOG (lattice-best-path[5.5.1139~1-67548]:main():lattice-best-path.cc:99) For utterance MPK309, best cost 59.6064 + 12377.9 = 12437.5 over 390 frames.
MPK309 pidxi idxam palxlxi puunxdxeu ndalladeu 
LOG (lattice-best-path[5.5.1139~1-67548]:main():lattice-best-path.cc:99) For utterance MPK310, best cost 28.3866 + 11764.6 = 11793 over 366 frames.
MPK310 tusxtxan tusxtxa seyal seywaan 
LOG (lattice-best-path[5.5.1139~1-67548]:main():lattice-best-path.cc:99) For utterance MPK311, best cost 101.471 + 16614.5 = 16715.9 over 535 frames.
MPK311 uzhai aajar suudxeu anuppa tolai idxeu usxnxam adeu 
LOG (lattice-best-path[5.5.1139~1-67548]:main():lattice-best-path.cc:99) For utterance MPK312, best cost 72.3218 + 13029.3 = 13101.6 over 416 frames.
MPK312 manjjalx tozhil pappadxam uunam ndirxainddadeu 
LOG (lattice-best-path[5.5.1139~1-67548]:main():lattice-best-path.cc:99) For utterance MPK313, best cost 29.4189 + 12589.9 = 12619.3 over 418 frames.
MPK313 kutxtxaiyil tanxnxiir teenggiyadeu 
LOG (lattice-best-path[5.5.1139~1-67548]:main():lattice-best-path.cc:99) For utterance MPK314, best cost 56.7971 + 9910.96 = 9967.76 over 318 frames.
MPK314 toonrxiya puli ndil toonrxuga 
LOG (lattice-best-path[5.5.1139~1-67548]:main():lattice-best-path.cc:99) For utterance MPK315, best cost 26.8215 + 11163.7 = 11190.5 over 349 frames.
MPK315 toosxattirxkeu parigaaram sey 
LOG (lattice-best-path[5.5.1139~1-67548]:main():lattice-best-path.cc:99) For utterance MPK316, best cost 71.0029 + 12276.4 = 12347.4 over 392 frames.
MPK316 roosxam pozhudeu koosxam seyyum aayudam 
LOG (lattice-best-path[5.5.1139~1-67548]:main():lattice-best-path.cc:99) For utterance MPK317, best cost 45.8213 + 10139.4 = 10185.2 over 332 frames.
MPK317 paambin kanjji kodxiyadeu 
LOG (lattice-best-path[5.5.1139~1-67548]:main():lattice-best-path.cc:99) For utterance MPK318, best cost 33.4392 + 9929.97 = 9963.41 over 332 frames.
MPK318 inrxeu mazhai inikkum 
LOG (lattice-best-path[5.5.1139~1-67548]:main():lattice-best-path.cc:99) For utterance MPK319, best cost 56.8592 + 11566.2 = 11623.1 over 383 frames.
MPK319 aadxaiyil biins eenddeu eenddeu 
LOG (lattice-best-path[5.5.1139~1-67548]:main():lattice-best-path.cc:99) For utterance MPK320, best cost 65.476 + 9815.65 = 9881.13 over 318 frames.
MPK320 pagal ezheu isxtxam kurxi ndaadxeu 
LOG (lattice-best-path[5.5.1139~1-67548]:main():lattice-best-path.cc:99) For utterance MPK321, best cost 41.8532 + 13098.4 = 13140.3 over 411 frames.
MPK321 endda ippadxi ndoonjjaanaaga ireukkaan 
LOG (lattice-best-path[5.5.1139~1-67548]:main():lattice-best-path.cc:99) For utterance MPK322, best cost 72.4867 + 12260.1 = 12332.6 over 411 frames.
MPK322 sey seyyum panggeu mudxiyum enrxeu 
LOG (lattice-best-path[5.5.1139~1-67548]:main():lattice-best-path.cc:99) For utterance MPK323, best cost 31.5959 + 12993.1 = 13024.7 over 425 frames.
MPK323 ndaatxtxil tanxnxiir panjjam ndilawiyadeu 
LOG (lattice-best-path[5.5.1139~1-67548]:main():lattice-best-path.cc:99) For utterance MPK324, best cost 31.8013 + 12217.4 = 12249.2 over 395 frames.
MPK324 panjjaayatteu wazhakkeu mudxiweukkeu wanddadeu 
LOG (lattice-best-path[5.5.1139~1-67548]:main():lattice-best-path.cc:99) For utterance MPK325, best cost 25.8341 + 10359.9 = 10385.8 over 337 frames.
MPK325 panjjeu nderuppil karugiyadeu 
LOG (lattice-best-path[5.5.1139~1-67548]:main():lattice-best-path.cc:99) For utterance MPK326, best cost 83.9558 + 13053.7 = 13137.7 over 423 frames.
MPK326 waay ammaa kal rambam tii eppozhudum 
LOG (lattice-best-path[5.5.1139~1-67548]:main():lattice-best-path.cc:99) For utterance MPK327, best cost 62.9306 + 10633.8 = 10696.7 over 349 frames.
MPK327 kari pal inxai singgam kadambam 
LOG (lattice-best-path[5.5.1139~1-67548]:main():lattice-best-path.cc:99) For utterance MPK328, best cost 52.3108 + 12535.8 = 12588.1 over 399 frames.
MPK328 indda raajaa taa endda baasxai peesinaar 
LOG (lattice-best-path[5.5.1139~1-67548]:main():lattice-best-path.cc:99) For utterance MPK329, best cost 34.7974 + 9404.68 = 9439.47 over 304 frames.
MPK329 idxam purusxan balasaali 
LOG (lattice-best-path[5.5.1139~1-67548]:main():lattice-best-path.cc:99) For utterance MPK330, best cost 61.9893 + 10872.5 = 10934.5 over 354 frames.
MPK330 kuzhi ndilawiyadeu koobam kawasam 
LOG (lattice-best-path[5.5.1139~1-67548]:main():lattice-best-path.cc:99) For utterance MPK331, best cost 33.7618 + 7614.03 = 7647.79 over 237 frames.
MPK331 oli jenma banddam 
LOG (lattice-best-path[5.5.1139~1-67548]:main():lattice-best-path.cc:99) For utterance MPK332, best cost 40.7655 + 10771.3 = 10812.1 over 328 frames.
MPK332 inrxeu puujaiyil kalanddeu kuzhi 
LOG (lattice-best-path[5.5.1139~1-67548]:main():lattice-best-path.cc:99) For utterance MPK333, best cost 60.5449 + 11053.1 = 11113.7 over 343 frames.
MPK333 pullum porulx paartteu kaip kaalxai 
LOG (lattice-best-path[5.5.1139~1-67548]:main():lattice-best-path.cc:99) For utterance MPK334, best cost 54.2677 + 9397.11 = 9451.38 over 303 frames.
MPK334 uuham banddam pazham ulxlxadeu 
LOG (lattice-best-path[5.5.1139~1-67548]:main():lattice-best-path.cc:99) For utterance MPK335, best cost 41.3319 + 8074.61 = 8115.94 over 263 frames.
MPK335 otxtxeuk iiyam kurxai 
LOG (lattice-best-path[5.5.1139~1-67548]:main():lattice-best-path.cc:99) For utterance MPK336, best cost 55.9089 + 8161.58 = 8217.49 over 257 frames.
MPK336 wazhiyaip ndam taay kariim 
LOG (lattice-best-path[5.5.1139~1-67548]:main():lattice-best-path.cc:99) For utterance MPK337, best cost 76.3782 + 10334.1 = 10410.4 over 332 frames.
MPK337 taay injji koosxam awan uur mazhai 
LOG (lattice-best-path[5.5.1139~1-67548]:main():lattice-best-path.cc:99) For utterance MPK338, best cost 55.9466 + 9325.88 = 9381.83 over 304 frames.
MPK338 taraadaram indda inxai waliyadeu 
LOG (lattice-best-path[5.5.1139~1-67548]:main():lattice-best-path.cc:99) For utterance MPK339, best cost 23.0739 + 9389.64 = 9412.71 over 298 frames.
MPK339 etxtxeukkaali oreu puucci 
LOG (lattice-best-path[5.5.1139~1-67548]:main():lattice-best-path.cc:99) For utterance MPK340, best cost 92.1657 + 11144 = 11236.1 over 361 frames.
MPK340 maarc sirxeu mazhai seewalin malar en singgam 
LOG (lattice-best-path[5.5.1139~1-67548]:main():lattice-best-path.cc:99) For utterance MPK341, best cost 33.8508 + 7365.96 = 7399.81 over 239 frames.
MPK341 inggeu kanxnxeukkeu ndalladeu 
LOG (lattice-best-path[5.5.1139~1-67548]:main():lattice-best-path.cc:99) For utterance MPK342, best cost 45.1986 + 8837.57 = 8882.77 over 291 frames.
MPK342 muga irunddadeu patxtxam 
LOG (lattice-best-path[5.5.1139~1-67548]:main():lattice-best-path.cc:99) For utterance MPK343, best cost 44.9145 + 12452.6 = 12497.5 over 408 frames.
MPK343 kodxiyadeu muuladanam poodxa weenxdxum 
LOG (lattice-best-path[5.5.1139~1-67548]:main():lattice-best-path.cc:99) For utterance MPK344, best cost 42.763 + 8737 = 8779.76 over 298 frames.
MPK344 enxnxey ndil erinddadeu 
LOG (lattice-best-path[5.5.1139~1-67548]:main():lattice-best-path.cc:99) For utterance MPK345, best cost 66.3917 + 10834.2 = 10900.6 over 356 frames.
MPK345 idxa mazhai anjjal ireu enggeu ulxlxadeu 
LOG (lattice-best-path[5.5.1139~1-67548]:main():lattice-best-path.cc:99) For utterance MPK346, best cost 47.6201 + 9783.8 = 9831.42 over 310 frames.
MPK346 maarc kalanddeu raajjiyam weenxdxum 
LOG (lattice-best-path[5.5.1139~1-67548]:main():lattice-best-path.cc:99) For utterance MPK347, best cost 54.9572 + 8234.81 = 8289.77 over 257 frames.
MPK347 teeytteuk sirxeu koosxam aayudam 
LOG (lattice-best-path[5.5.1139~1-67548]:main():lattice-best-path.cc:99) For utterance MPK348, best cost 53.9349 + 8128.55 = 8182.49 over 255 frames.
MPK348 anjjal lanjja manx hastam 
LOG (lattice-best-path[5.5.1139~1-67548]:main():lattice-best-path.cc:99) For utterance MPK349, best cost 24.5577 + 10251.9 = 10276.5 over 324 frames.
MPK349 tuukkam udxaleukkeu ndalladeu 
LOG (lattice-best-path[5.5.1139~1-67548]:main():lattice-best-path.cc:99) For utterance MPK350, best cost 50.392 + 11203.9 = 11254.3 over 347 frames.
MPK350 kaasxmiir mudal laksxanxam ulxlxa penx 
LOG (lattice-best-path[5.5.1139~1-67548]:main():lattice-best-path.cc:99) For utterance MPK351, best cost 55.6633 + 10241 = 10296.6 over 325 frames.
MPK351 ndiyaayam mozhi walxarcci saram 
LOG (lattice-best-path[5.5.1139~1-67548]:main():lattice-best-path.cc:99) For utterance MPK352, best cost 35.8695 + 11854.7 = 11890.6 over 382 frames.
MPK352 wiitxtxil wiseesxam wanddadeu 
LOG (lattice-best-path[5.5.1139~1-67548]:main():lattice-best-path.cc:99) For utterance MPK353, best cost 60.3731 + 11728.8 = 11789.1 over 376 frames.
MPK353 wandda sisxyan taay kuurnddeu 
LOG (lattice-best-path[5.5.1139~1-67548]:main():lattice-best-path.cc:99) For utterance MPK354, best cost 84.781 + 14640.7 = 14725.4 over 466 frames.
MPK354 iranxdxeu wiidi tiirweu talaindagaram selwam peerunddeu 
LOG (lattice-best-path[5.5.1139~1-67548]:main():lattice-best-path.cc:99) For utterance MPK355, best cost 38.9057 + 11736.3 = 11775.2 over 378 frames.
MPK355 jalam pinni weesxam poodxeu 
LOG (lattice-best-path[5.5.1139~1-67548]:main():lattice-best-path.cc:99) For utterance MPK356, best cost 23.3156 + 10092.4 = 10115.7 over 318 frames.
MPK356 janawari mudal maadam 
LOG (lattice-best-path[5.5.1139~1-67548]:main():lattice-best-path.cc:99) For utterance MPK357, best cost 43.9786 + 8000.61 = 8044.59 over 255 frames.
MPK357 janamee inxai ndam balam 
LOG (lattice-best-path[5.5.1139~1-67548]:main():lattice-best-path.cc:99) For utterance MPK358, best cost 53.4141 + 8707.1 = 8760.51 over 269 frames.
MPK358 ndaay kuzhi widiyai paar paar 
LOG (lattice-best-path[5.5.1139~1-67548]:main():lattice-best-path.cc:99) For utterance MPK359, best cost 46.9683 + 10300.1 = 10347 over 317 frames.
MPK359 karuttaranggam kaatxtxa marunddeu 
LOG (lattice-best-path[5.5.1139~1-67548]:main():lattice-best-path.cc:99) For utterance MPK360, best cost 45.1992 + 9103.39 = 9148.59 over 291 frames.
MPK360 ndalla appaal irunddaan 
LOG (lattice-best-path[5.5.1139~1-67548]:main():lattice-best-path.cc:99) For utterance MPK361, best cost 46.7688 + 9203.48 = 9250.25 over 306 frames.
MPK361 raajjiyam kolxlxaadee ireu 
LOG (lattice-best-path[5.5.1139~1-67548]:main():lattice-best-path.cc:99) For utterance MPK362, best cost 81.5145 + 12255.6 = 12337.1 over 396 frames.
MPK362 hastam pozhudeu eenddeu kanjji tii injji 
LOG (lattice-best-path[5.5.1139~1-67548]:main():lattice-best-path.cc:99) For utterance MPK363, best cost 55.5632 + 10354.4 = 10410 over 329 frames.
MPK363 tinnaadeu eepral mazhai tinggalx 
LOG (lattice-best-path[5.5.1139~1-67548]:main():lattice-best-path.cc:99) For utterance MPK364, best cost 46.3786 + 9629.03 = 9675.41 over 309 frames.
MPK364 toonxdxiyadeu sanddippeu kuuwum 
LOG (lattice-best-path[5.5.1139~1-67548]:main():lattice-best-path.cc:99) For utterance MPK365, best cost 47.0232 + 9758.33 = 9805.35 over 311 frames.
MPK365 indda inrxeu walxarcci ndaatxtxeu walxarcci 
LOG (lattice-best-path[5.5.1139~1-67548]:main():lattice-best-path.cc:99) For utterance MPR293, best cost 25.6061 + 9579.23 = 9604.84 over 306 frames.
MPR293 guruwai sisxyan wanxangginaan 
LOG (lattice-best-path[5.5.1139~1-67548]:main():lattice-best-path.cc:99) For utterance MPR294, best cost 21.448 + 6858.28 = 6879.73 over 218 frames.
MPR294 siikkiram eerxpaadxeu sey 
LOG (lattice-best-path[5.5.1139~1-67548]:main():lattice-best-path.cc:99) For utterance MPR295, best cost 21.748 + 6488.69 = 6510.43 over 208 frames.
MPR295 siirxum paambai ndambaadee 
LOG (lattice-best-path[5.5.1139~1-67548]:main():lattice-best-path.cc:99) For utterance MPR296, best cost 39.8797 + 10219.6 = 10259.4 over 329 frames.
MPR296 patxtxeu suzhi sirxuwan seetxtxai seywaan 
LOG (lattice-best-path[5.5.1139~1-67548]:main():lattice-best-path.cc:99) For utterance MPR297, best cost 23.7921 + 7422.49 = 7446.28 over 237 frames.
MPR297 suutxcamam arxinddeu seyalpadxeu 
LOG (lattice-best-path[5.5.1139~1-67548]:main():lattice-best-path.cc:99) For utterance MPR298, best cost 22.9252 + 7374.71 = 7397.63 over 235 frames.
MPR298 asuran tawam irunddaan 
LOG (lattice-best-path[5.5.1139~1-67548]:main():lattice-best-path.cc:99) For utterance MPR299, best cost 21.5437 + 6664.46 = 6686.01 over 212 frames.
MPR299 kaalxi suulam eenddinaan 
LOG (lattice-best-path[5.5.1139~1-67548]:main():lattice-best-path.cc:99) For utterance MPR300, best cost 29.6445 + 10302.3 = 10332 over 321 frames.
MPR300 sutxrxeu suuzhal sugaadaaram pinpatxrxeu 
LOG (lattice-best-path[5.5.1139~1-67548]:main():lattice-best-path.cc:99) For utterance MPR301, best cost 37.5194 + 9195.55 = 9233.07 over 294 frames.
MPR301 seewalin kuuwalil pozhudeu idxeu 
LOG (lattice-best-path[5.5.1139~1-67548]:main():lattice-best-path.cc:99) For utterance MPR302, best cost 53.6698 + 7271.06 = 7324.73 over 228 frames.
MPR302 enakkeu waa paagam marxadi unxdxeu 
LOG (lattice-best-path[5.5.1139~1-67548]:main():lattice-best-path.cc:99) For utterance MPR303, best cost 48.4943 + 9552.83 = 9601.32 over 311 frames.
MPR303 ndaay ireu widxumurxai kadxai adxaippeu 
LOG (lattice-best-path[5.5.1139~1-67548]:main():lattice-best-path.cc:99) For utterance MPR304, best cost 30.3896 + 10822.1 = 10852.5 over 347 frames.
MPR304 tanggalx udxaimai miideu gawanam selutteu 
LOG (lattice-best-path[5.5.1139~1-67548]:main():lattice-best-path.cc:99) For utterance MPR305, best cost 32.5335 + 11526.5 = 11559 over 362 frames.
MPR305 tatruubamaaga ndadxitteuk kaatxtxa njaanam teewai 
LOG (lattice-best-path[5.5.1139~1-67548]:main():lattice-best-path.cc:99) For utterance MPR306, best cost 27.9437 + 8501.13 = 8529.08 over 276 frames.
MPR306 tii muutxtxi tii wibatteu ndadxanddadeu 
LOG (lattice-best-path[5.5.1139~1-67548]:main():lattice-best-path.cc:99) For utterance MPR307, best cost 24.467 + 6900.92 = 6925.38 over 227 frames.
MPR307 un seyaleukkeut tiirweu kaanxeu 
LOG (lattice-best-path[5.5.1139~1-67548]:main():lattice-best-path.cc:99) For utterance MPR308, best cost 40.4245 + 5515.15 = 5555.58 over 180 frames.
MPR308 malar tudi waazhtteu 
LOG (lattice-best-path[5.5.1139~1-67548]:main():lattice-best-path.cc:99) For utterance MPR309, best cost 24.0212 + 7512.37 = 7536.39 over 240 frames.
MPR309 iranxdxeu pal puunxdxeu ndalladeu 
LOG (lattice-best-path[5.5.1139~1-67548]:main():lattice-best-path.cc:99) For utterance MPR310, best cost 25.1107 + 7729.21 = 7754.32 over 239 frames.
MPR310 tusxtxan tusxtxa seyal seywaan 
LOG (lattice-best-path[5.5.1139~1-67548]:main():lattice-best-path.cc:99) For utterance MPR311, best cost 31.537 + 9767.29 = 9798.83 over 312 frames.
MPR311 purxaa tuudeu anuppa tolai duuram parxanddadeu 
LOG (lattice-best-path[5.5.1139~1-67548]:main():lattice-best-path.cc:99) For utterance MPR312, best cost 31.7982 + 9191 = 9222.8 over 298 frames.
MPR312 manjjalx tuulx maruttuwa gunxam ndirxainddadeu 
LOG (lattice-best-path[5.5.1139~1-67548]:main():lattice-best-path.cc:99) For utterance MPR313, best cost 24.3781 + 6851.45 = 6875.83 over 227 frames.
MPR313 kutxtxaiyil tanxnxiir teenggiyadeu 
LOG (lattice-best-path[5.5.1139~1-67548]:main():lattice-best-path.cc:99) For utterance MPR314, best cost 24.0677 + 6633.74 = 6657.81 over 208 frames.
MPR314 toonrxiya pugazhin toonrxuga 
LOG (lattice-best-path[5.5.1139~1-67548]:main():lattice-best-path.cc:99) For utterance MPR315, best cost 24.3443 + 7712.3 = 7736.65 over 245 frames.
MPR315 toosxattirxkeu parigaaram sey 
LOG (lattice-best-path[5.5.1139~1-67548]:main():lattice-best-path.cc:99) For utterance MPR316, best cost 47.0086 + 8485.56 = 8532.57 over 261 frames.
MPR316 katti puujaiyil oosoonai baadikkum 
LOG (lattice-best-path[5.5.1139~1-67548]:main():lattice-best-path.cc:99) For utterance MPR317, best cost 21.1495 + 5385.29 = 5406.44 over 174 frames.
MPR317 paambin ndanjjeu kodxiyadeu 
LOG (lattice-best-path[5.5.1139~1-67548]:main():lattice-best-path.cc:99) For utterance MPR318, best cost 19.9925 + 5367.41 = 5387.4 over 176 frames.
MPR318 inrxeu mazhai ndiidxikkum 
LOG (lattice-best-path[5.5.1139~1-67548]:main():lattice-best-path.cc:99) For utterance MPR319, best cost 24.3668 + 7233.43 = 7257.8 over 240 frames.
MPR319 saalaiyil ndiir ndirambiyadeu 
LOG (lattice-best-path[5.5.1139~1-67548]:main():lattice-best-path.cc:99) For utterance MPR320, best cost 33.3114 + 6973.83 = 7007.15 over 222 frames.
MPR320 paarkkaadee oreu ndaadxeu 
LOG (lattice-best-path[5.5.1139~1-67548]:main():lattice-best-path.cc:99) For utterance MPR321, best cost 26.0774 + 8420.65 = 8446.73 over 249 frames.
MPR321 een ippadxi ndoonjjaanaaga ireukkaan 
LOG (lattice-best-path[5.5.1139~1-67548]:main():lattice-best-path.cc:99) For utterance MPR322, best cost 24.03 + 7578.27 = 7602.3 over 252 frames.
MPR322 deesiya panggeu uyarnddadeu 
LOG (lattice-best-path[5.5.1139~1-67548]:main():lattice-best-path.cc:99) For utterance MPR323, best cost 48.977 + 9066.51 = 9115.49 over 295 frames.
MPR323 aatxrxil tanxnxiir panjjam irunddadeu 
LOG (lattice-best-path[5.5.1139~1-67548]:main():lattice-best-path.cc:99) For utterance MPR324, best cost 31.0539 + 10942.6 = 10973.7 over 373 frames.
MPR324 panjjaayatteu wazhakkeu mudxiweukkeu wanddadeu 
LOG (lattice-best-path[5.5.1139~1-67548]:main():lattice-best-path.cc:99) For utterance MPR325, best cost 25.4186 + 8404.75 = 8430.17 over 277 frames.
MPR325 panjjeu nderuppil karugiyadeu 
LOG (lattice-best-path[5.5.1139~1-67548]:main():lattice-best-path.cc:99) For utterance MPR326, best cost 26.9654 + 8586.67 = 8613.63 over 259 frames.
MPR326 pazhanggudxi makkalx panxbeu sirxappeu 
LOG (lattice-best-path[5.5.1139~1-67548]:main():lattice-best-path.cc:99) For utterance MPR327, best cost 40.4899 + 9680.72 = 9721.21 over 313 frames.
MPR327 kaalai bajanai migawum ndam balam 
LOG (lattice-best-path[5.5.1139~1-67548]:main():lattice-best-path.cc:99) For utterance MPR328, best cost 29.5802 + 10464.2 = 10493.8 over 337 frames.
MPR328 indda raajaa endda baasxai peesinaar 
LOG (lattice-best-path[5.5.1139~1-67548]:main():lattice-best-path.cc:99) For utterance MPR329, best cost 20.2428 + 6035.54 = 6055.78 over 195 frames.
MPR329 en purusxan balasaali 
LOG (lattice-best-path[5.5.1139~1-67548]:main():lattice-best-path.cc:99) For utterance MPR330, best cost 47.6122 + 8724.51 = 8772.12 over 284 frames.
MPR330 puunai sirxeu uuril puugambam 
LOG (lattice-best-path[5.5.1139~1-67548]:main():lattice-best-path.cc:99) For utterance MPR331, best cost 30.9058 + 5635.74 = 5666.65 over 166 frames.
MPR331 kuuzh jenma banddam 
LOG (lattice-best-path[5.5.1139~1-67548]:main():lattice-best-path.cc:99) For utterance MPR332, best cost 24.5088 + 7823.17 = 7847.68 over 251 frames.
MPR332 inrxeu puujaiyil kalanddeu kolx 
LOG (lattice-best-path[5.5.1139~1-67548]:main():lattice-best-path.cc:99) For utterance MPR333, best cost 25.297 + 8210.05 = 8235.35 over 261 frames.
MPR333 pon porulx paartteu pazhagaadee 
LOG (lattice-best-path[5.5.1139~1-67548]:main():lattice-best-path.cc:99) For utterance MPR334, best cost 24.4409 + 6622.02 = 6646.47 over 219 frames.
MPR334 un mugam poliwaaga ulxlxadeu 
LOG (lattice-best-path[5.5.1139~1-67548]:main():lattice-best-path.cc:99) For utterance MPR335, best cost 21.9887 + 6405.33 = 6427.32 over 206 frames.
MPR335 petxtxiyai kiizhee poodxeu 
LOG (lattice-best-path[5.5.1139~1-67548]:main():lattice-best-path.cc:99) For utterance MPR336, best cost 21.4999 + 6464.1 = 6485.6 over 210 frames.
MPR336 pooliyaana waazhkkai tawir 
LOG (lattice-best-path[5.5.1139~1-67548]:main():lattice-best-path.cc:99) For utterance MPR337, best cost 45.9991 + 6778.61 = 6824.61 over 212 frames.
MPR337 kaay iiyam poosxaakkaana unxaweu 
LOG (lattice-best-path[5.5.1139~1-67548]:main():lattice-best-path.cc:99) For utterance MPR338, best cost 23.3869 + 7352.84 = 7376.22 over 238 frames.
MPR338 elumbeu majjai waliyadeu 
LOG (lattice-best-path[5.5.1139~1-67548]:main():lattice-best-path.cc:99) For utterance MPR339, best cost 19.7692 + 5407.11 = 5426.88 over 167 frames.
MPR339 etxtxeukkaali oreu puucci 
LOG (lattice-best-path[5.5.1139~1-67548]:main():lattice-best-path.cc:99) For utterance MPR340, best cost 70.1497 + 10088.1 = 10158.2 over 316 frames.
MPR340 paartteu maadattil paartteu ezheu teeytteuk 
LOG (lattice-best-path[5.5.1139~1-67548]:main():lattice-best-path.cc:99) For utterance MPR341, best cost 21.308 + 5727.49 = 5748.79 over 186 frames.
MPR341 miin kanxnxeukkeu ndalladeu 
LOG (lattice-best-path[5.5.1139~1-67548]:main():lattice-best-path.cc:99) For utterance MPR342, best cost 20.8016 + 5443.52 = 5464.32 over 181 frames.
MPR342 muulxai illaadawan mutxtxaalx 
LOG (lattice-best-path[5.5.1139~1-67548]:main():lattice-best-path.cc:99) For utterance MPR343, best cost 27.1175 + 7920.89 = 7948 over 258 frames.
MPR343 tozhilil muuladanam poodxa weenxdxum 
LOG (lattice-best-path[5.5.1139~1-67548]:main():lattice-best-path.cc:99) For utterance MPR344, best cost 42.3408 + 5504.2 = 5546.54 over 187 frames.
MPR344 widiyai pirxarai eerxi ndil 
LOG (lattice-best-path[5.5.1139~1-67548]:main():lattice-best-path.cc:99) For utterance MPR345, best cost 26.0624 + 7209.92 = 7235.98 over 237 frames.
MPR345 indda maiyanggalx enggeu ulxlxadeu 
LOG (lattice-best-path[5.5.1139~1-67548]:main():lattice-best-path.cc:99) For utterance MPR346, best cost 22.3732 + 5688.12 = 5710.5 over 180 frames.
MPR346 makkalx raajjiyam weenxdxum 
LOG (lattice-best-path[5.5.1139~1-67548]:main():lattice-best-path.cc:99) For utterance MPR347, best cost 34.5949 + 6238.68 = 6273.28 over 197 frames.
MPR347 risxikkeu roosxam adeu 
LOG (lattice-best-path[5.5.1139~1-67548]:main():lattice-best-path.cc:99) For utterance MPR348, best cost 19.7877 + 5224.47 = 5244.25 over 168 frames.
MPR348 lajjai enrxaal wekkam 
LOG (lattice-best-path[5.5.1139~1-67548]:main():lattice-best-path.cc:99) For utterance MPR349, best cost 22.5958 + 6763.64 = 6786.24 over 213 frames.
MPR349 tuukkam udxaleukkeu ndalladeu 
LOG (lattice-best-path[5.5.1139~1-67548]:main():lattice-best-path.cc:99) For utterance MPR350, best cost 42.3734 + 10520.8 = 10563.1 over 321 frames.
MPR350 laksxanxam muga laksxanxam ulxlxa penx 
LOG (lattice-best-path[5.5.1139~1-67548]:main():lattice-best-path.cc:99) For utterance MPR351, best cost 23.6081 + 6172.97 = 6196.57 over 190 frames.
MPR351 widxaa muyarxci walxarcci tarum 
LOG (lattice-best-path[5.5.1139~1-67548]:main():lattice-best-path.cc:99) For utterance MPR352, best cost 20.6264 + 5492.78 = 5513.41 over 170 frames.
MPR352 wiitxtxil wiseesxam unxdxeu 
LOG (lattice-best-path[5.5.1139~1-67548]:main():lattice-best-path.cc:99) For utterance MPR353, best cost 34.5452 + 7154.83 = 7189.37 over 229 frames.
MPR353 manjjalx wisxayattaik kuurxeu 
LOG (lattice-best-path[5.5.1139~1-67548]:main():lattice-best-path.cc:99) For utterance MPR354, best cost 40.6231 + 9012.79 = 9053.42 over 291 frames.
MPR354 en miideu wazhiyaaga sellum peerunddeu 
LOG (lattice-best-path[5.5.1139~1-67548]:main():lattice-best-path.cc:99) For utterance MPR355, best cost 23.4384 + 6703.97 = 6727.41 over 214 frames.
MPR355 jadxai pinni weesxam poodxeu 
LOG (lattice-best-path[5.5.1139~1-67548]:main():lattice-best-path.cc:99) For utterance MPR356, best cost 21.3854 + 5742.54 = 5763.92 over 179 frames.
MPR356 janawari mudal maadam 
LOG (lattice-best-path[5.5.1139~1-67548]:main():lattice-best-path.cc:99) For utterance MPR357, best cost 20.718 + 6132.7 = 6153.42 over 206 frames.
MPR357 janamee ndam balam 
LOG (lattice-best-path[5.5.1139~1-67548]:main():lattice-best-path.cc:99) For utterance MPR358, best cost 41.9315 + 6499.24 = 6541.17 over 204 frames.
MPR358 paartteu pidxi paappaa 
LOG (lattice-best-path[5.5.1139~1-67548]:main():lattice-best-path.cc:99) For utterance MPR359, best cost 39.385 + 7270.5 = 7309.89 over 231 frames.
MPR359 waay jaalam kaatxtxum padxiwadeu 
LOG (lattice-best-path[5.5.1139~1-67548]:main():lattice-best-path.cc:99) For utterance MPR360, best cost 39.5196 + 5156.01 = 5195.53 over 159 frames.
MPR360 taagam poodxeu taa 
LOG (lattice-best-path[5.5.1139~1-67548]:main():lattice-best-path.cc:99) For utterance MPR361, best cost 18.5996 + 4853.98 = 4872.58 over 150 frames.
MPR361 ajiiranxak koolxaarxeu 
LOG (lattice-best-path[5.5.1139~1-67548]:main():lattice-best-path.cc:99) For utterance MPR362, best cost 71.8844 + 8918.16 = 8990.04 over 279 frames.
MPR362 paar tawarxeu iranxdxeu kanjji injji 
LOG (lattice-best-path[5.5.1139~1-67548]:main():lattice-best-path.cc:99) For utterance MPR363, best cost 23.9075 + 7290.83 = 7314.74 over 232 frames.
MPR363 ndiinggalx sxeemamaaga irunggalx 
LOG (lattice-best-path[5.5.1139~1-67548]:main():lattice-best-path.cc:99) For utterance MPR364, best cost 41.9434 + 6719.75 = 6761.7 over 208 frames.
MPR364 togudi iratxtxai sanddippeu 
LOG (lattice-best-path[5.5.1139~1-67548]:main():lattice-best-path.cc:99) For utterance MPR365, best cost 37.4193 + 8224.97 = 8262.39 over 259 frames.
MPR365 jadxai walxarcci ndaatxtxeu walxarcci 
LOG (lattice-best-path[5.5.1139~1-67548]:main():lattice-best-path.cc:99) For utterance MRA293, best cost 26.2429 + 12226.3 = 12252.5 over 399 frames.
MRA293 guruwai sisxyan wanxangginaan 
LOG (lattice-best-path[5.5.1139~1-67548]:main():lattice-best-path.cc:99) For utterance MRA294, best cost 53.3463 + 9546.78 = 9600.12 over 310 frames.
MRA294 siikkiram eepral adeu sey 
LOG (lattice-best-path[5.5.1139~1-67548]:main():lattice-best-path.cc:99) For utterance MRA295, best cost 22.9871 + 8234.49 = 8257.48 over 272 frames.
MRA295 siirxum paambai ndambaadee 
LOG (lattice-best-path[5.5.1139~1-67548]:main():lattice-best-path.cc:99) For utterance MRA296, best cost 31.9481 + 13112.6 = 13144.6 over 422 frames.
MRA296 iratxtxai suzhi sirxuwan seetxtxai seywaan 
LOG (lattice-best-path[5.5.1139~1-67548]:main():lattice-best-path.cc:99) For utterance MRA297, best cost 49.7092 + 10437.8 = 10487.5 over 358 frames.
MRA297 sol sirxuwar arxinddeu seyalpadxeu 
LOG (lattice-best-path[5.5.1139~1-67548]:main():lattice-best-path.cc:99) For utterance MRA298, best cost 23.7512 + 8895.57 = 8919.32 over 305 frames.
MRA298 asuran tawam irunddaan 
LOG (lattice-best-path[5.5.1139~1-67548]:main():lattice-best-path.cc:99) For utterance MRA299, best cost 22.9378 + 9139.15 = 9162.09 over 314 frames.
MRA299 kaalxi suulam eenddinaan 
LOG (lattice-best-path[5.5.1139~1-67548]:main():lattice-best-path.cc:99) For utterance MRA300, best cost 29.8571 + 11707.9 = 11737.8 over 380 frames.
MRA300 sutxrxeu suuzhal sugaadaaram pinpatxrxeu 
LOG (lattice-best-path[5.5.1139~1-67548]:main():lattice-best-path.cc:99) For utterance MRA301, best cost 28.3572 + 9938.35 = 9966.71 over 328 frames.
MRA301 seewalin kuuwalil pozhudeu widxiyum 
LOG (lattice-best-path[5.5.1139~1-67548]:main():lattice-best-path.cc:99) For utterance MRA302, best cost 56.8607 + 9815.03 = 9871.89 over 307 frames.
MRA302 ezhutteup ndalla marunddeu arunddeu 
LOG (lattice-best-path[5.5.1139~1-67548]:main():lattice-best-path.cc:99) For utterance MRA303, best cost 39.4139 + 11947.6 = 11987 over 399 frames.
MRA303 daaniyam widxumurxai kadxai adxaippeu 
LOG (lattice-best-path[5.5.1139~1-67548]:main():lattice-best-path.cc:99) For utterance MRA304, best cost 52.9943 + 13792.8 = 13845.8 over 441 frames.
MRA304 tanggalx udxaimai wiidxeu gawanam selutteu 
LOG (lattice-best-path[5.5.1139~1-67548]:main():lattice-best-path.cc:99) For utterance MRA305, best cost 83.0926 + 15203 = 15286.1 over 508 frames.
MRA305 taay tara waaraa ndadxitteuk kaatxtxa ndaanxam pirxarai 
LOG (lattice-best-path[5.5.1139~1-67548]:main():lattice-best-path.cc:99) For utterance MRA306, best cost 71.7268 + 12552.2 = 12623.9 over 428 frames.
MRA306 teriyum ndam pereu siwappeu ndadxanddadeu 
LOG (lattice-best-path[5.5.1139~1-67548]:main():lattice-best-path.cc:99) For utterance MRA307, best cost 25.7633 + 10878.8 = 10904.5 over 358 frames.
MRA307 un seyaleukkeut tiirweu kaanxeu 
LOG (lattice-best-path[5.5.1139~1-67548]:main():lattice-best-path.cc:99) For utterance MRA308, best cost 43.3394 + 8210.83 = 8254.17 over 275 frames.
MRA308 malar tawarxeu waazhtteu 
LOG (lattice-best-path[5.5.1139~1-67548]:main():lattice-best-path.cc:99) For utterance MRA309, best cost 54.891 + 10075.5 = 10130.4 over 325 frames.
MRA309 tirxanddeu pal kuurnddeu ndalladeu 
LOG (lattice-best-path[5.5.1139~1-67548]:main():lattice-best-path.cc:99) For utterance MRA310, best cost 26.9781 + 9553.57 = 9580.55 over 303 frames.
MRA310 tusxtxan tusxtxa seyal seywaan 
LOG (lattice-best-path[5.5.1139~1-67548]:main():lattice-best-path.cc:99) For utterance MRA311, best cost 79.6055 + 14868.9 = 14948.5 over 480 frames.
MRA311 pooraay tuudeu anuppa pirxareukkeu ooram parxanddadeu 
LOG (lattice-best-path[5.5.1139~1-67548]:main():lattice-best-path.cc:99) For utterance MRA312, best cost 51.6025 + 10512.4 = 10564 over 319 frames.
MRA312 manjjalx pool maruttuwa gunxam ndirxainddadeu 
LOG (lattice-best-path[5.5.1139~1-67548]:main():lattice-best-path.cc:99) For utterance MRA313, best cost 24.4985 + 7692.41 = 7716.9 over 254 frames.
MRA313 kutxtxaiyil tanxnxiir teenggiyadeu 
LOG (lattice-best-path[5.5.1139~1-67548]:main():lattice-best-path.cc:99) For utterance MRA314, best cost 42.8612 + 7545.45 = 7588.31 over 245 frames.
MRA314 kanrxeu uurwadeu wanddadeu 
LOG (lattice-best-path[5.5.1139~1-67548]:main():lattice-best-path.cc:99) For utterance MRA315, best cost 60.0232 + 11860.4 = 11920.4 over 390 frames.
MRA315 roosxam tiidum wazhiyaaga sey 
LOG (lattice-best-path[5.5.1139~1-67548]:main():lattice-best-path.cc:99) For utterance MRA316, best cost 29.6155 + 12260.9 = 12290.5 over 387 frames.
MRA316 ndacceup pugai oosoonai baadikkum 
LOG (lattice-best-path[5.5.1139~1-67548]:main():lattice-best-path.cc:99) For utterance MRA317, best cost 25.0382 + 12872 = 12897 over 449 frames.
MRA317 paambin ndanjjeu kodxiyadeu 
LOG (lattice-best-path[5.5.1139~1-67548]:main():lattice-best-path.cc:99) For utterance MRA318, best cost 23.6412 + 8881.33 = 8904.98 over 286 frames.
MRA318 inrxeu mazhai ndiidxikkum 
LOG (lattice-best-path[5.5.1139~1-67548]:main():lattice-best-path.cc:99) For utterance MRA319, best cost 24.1483 + 8398.4 = 8422.55 over 284 frames.
MRA319 saalaiyil ndiir ndirambiyadeu 
LOG (lattice-best-path[5.5.1139~1-67548]:main():lattice-best-path.cc:99) For utterance MRA320, best cost 53.8627 + 6910.4 = 6964.27 over 222 frames.
MRA320 manxal adeu gunxam adeu 
LOG (lattice-best-path[5.5.1139~1-67548]:main():lattice-best-path.cc:99) For utterance MRA321, best cost 28.3564 + 11031.2 = 11059.5 over 354 frames.
MRA321 een ippadxi ndoonjjaanaaga ireukkaan 
LOG (lattice-best-path[5.5.1139~1-67548]:main():lattice-best-path.cc:99) For utterance MRA322, best cost 24.663 + 9365.27 = 9389.93 over 307 frames.
MRA322 deesiya panggeu uyarnddadeu 
LOG (lattice-best-path[5.5.1139~1-67548]:main():lattice-best-path.cc:99) For utterance MRA323, best cost 62.8126 + 9285.96 = 9348.77 over 309 frames.
MRA323 ndaatxtxil tanxnxiir banddam seyal alxanddeu 
LOG (lattice-best-path[5.5.1139~1-67548]:main():lattice-best-path.cc:99) For utterance MRA324, best cost 30.7038 + 9839.05 = 9869.76 over 319 frames.
MRA324 panjjaayatteu wazhakkeu mudxiweukkeu wanddadeu 
LOG (lattice-best-path[5.5.1139~1-67548]:main():lattice-best-path.cc:99) For utterance MRA325, best cost 25.7568 + 9070.28 = 9096.04 over 283 frames.
MRA325 panjjeu nderuppil karugiyadeu 
LOG (lattice-best-path[5.5.1139~1-67548]:main():lattice-best-path.cc:99) For utterance MRA326, best cost 71.2401 + 13254.6 = 13325.8 over 434 frames.
MRA326 pazhanggudxi manx kal kanrxeu sirxappeu 
LOG (lattice-scale[5.5.1139~1-67548]:main():lattice-scale.cc:107) Done 511 lattices.
LOG (lattice-best-path[5.5.1139~1-67548]:main():lattice-best-path.cc:99) For utterance MRA327, best cost 41.0101 + 10814.6 = 10855.6 over 343 frames.
MRA327 kaalai bajanai migawum sakkaram 
LOG (lattice-best-path[5.5.1139~1-67548]:main():lattice-best-path.cc:99) For utterance MRA328, best cost 29.9708 + 12049.9 = 12079.9 over 384 frames.
MRA328 indda raajaa endda baasxai peesinaar 
LOG (lattice-best-path[5.5.1139~1-67548]:main():lattice-best-path.cc:99) For utterance MRA329, best cost 22.1833 + 7322.67 = 7344.86 over 226 frames.
MRA329 en purusxan balasaali 
LOG (lattice-best-path[5.5.1139~1-67548]:main():lattice-best-path.cc:99) For utterance MRA330, best cost 26.1553 + 10537.7 = 10563.9 over 342 frames.
MRA330 buwaneesxwar uuril puugambam 
LOG (lattice-best-path[5.5.1139~1-67548]:main():lattice-best-path.cc:99) For utterance MRA331, best cost 22.3467 + 7794.22 = 7816.57 over 241 frames.
MRA331 puurwa jenma banddam 
LOG (lattice-best-path[5.5.1139~1-67548]:main():lattice-best-path.cc:99) For utterance MRA332, best cost 24.0986 + 8492.69 = 8516.79 over 266 frames.
MRA332 inrxeu puujaiyil kalanddeu kolx 
LOG (lattice-best-path[5.5.1139~1-67548]:main():lattice-best-path.cc:99) For utterance MRA333, best cost 26.8308 + 10125 = 10151.8 over 327 frames.
MRA333 pon porulx paartteu pazhagaadee 
LOG (lattice-best-path[5.5.1139~1-67548]:main():lattice-best-path.cc:99) For utterance MRA334, best cost 47.4626 + 8684.76 = 8732.22 over 297 frames.
MRA334 muuladanam pooliyaana waliyadeu 
LOG (lattice-best-path[5.5.1139~1-67548]:main():lattice-best-path.cc:99) For utterance MRA335, best cost 23.9128 + 5880.02 = 5903.93 over 179 frames.
MRA335 otxtxeuk keetxpadeu 
LOG (lattice-best-path[5.5.1139~1-67548]:main():lattice-best-path.cc:99) For utterance MRA336, best cost 38.0199 + 8509.15 = 8547.17 over 266 frames.
MRA336 pooliyaana waazhkkai awan 
LOG (lattice-best-path[5.5.1139~1-67548]:main():lattice-best-path.cc:99) For utterance MRA337, best cost 38.2888 + 10586 = 10624.2 over 346 frames.
MRA337 ndaay kuzhi poosxaakkaana unxaweu 
LOG (lattice-best-path[5.5.1139~1-67548]:main():lattice-best-path.cc:99) For utterance MRA338, best cost 34.1561 + 6781.12 = 6815.28 over 232 frames.
MRA338 endda majjai waliyadeu 
LOG (lattice-best-path[5.5.1139~1-67548]:main():lattice-best-path.cc:99) For utterance MRA339, best cost 20.7174 + 6701.17 = 6721.88 over 213 frames.
MRA339 etxtxeukkaali oreu puucci 
LOG (lattice-best-path[5.5.1139~1-67548]:main():lattice-best-path.cc:99) For utterance MRA340, best cost 74.003 + 9661.68 = 9735.68 over 319 frames.
MRA340 maarc waarattin pal alxanddeu en sey 
LOG (lattice-best-path[5.5.1139~1-67548]:main():lattice-best-path.cc:99) For utterance MRA341, best cost 35.8673 + 7162.78 = 7198.65 over 230 frames.
MRA341 ndiyaayam kanxnxeukkeu ndalladeu 
LOG (lattice-best-path[5.5.1139~1-67548]:main():lattice-best-path.cc:99) For utterance MRA342, best cost 21.5221 + 6319.67 = 6341.2 over 201 frames.
MRA342 muulxai illaadawan mutxtxaalx 
LOG (lattice-best-path[5.5.1139~1-67548]:main():lattice-best-path.cc:99) For utterance MRA343, best cost 50.8283 + 8867.16 = 8917.99 over 299 frames.
MRA343 sol ezhil muuladanam poodxa weenxdxum 
LOG (lattice-best-path[5.5.1139~1-67548]:main():lattice-best-path.cc:99) For utterance MRA344, best cost 40.1893 + 5678.95 = 5719.14 over 191 frames.
MRA344 inddiyaawin wiidxeu ndil 
LOG (lattice-best-path[5.5.1139~1-67548]:main():lattice-best-path.cc:99) For utterance MRA345, best cost 38.4611 + 7849.78 = 7888.25 over 257 frames.
MRA345 enrxa maiyanggalx enggeu ulxlxadeu 
LOG (lattice-best-path[5.5.1139~1-67548]:main():lattice-best-path.cc:99) For utterance MRA346, best cost 24.0306 + 7716.59 = 7740.62 over 242 frames.
MRA346 makkalx raajjiyam weenxdxum 
LOG (lattice-add-penalty[5.5.1139~1-67548]:main():lattice-add-penalty.cc:62) Done adding word insertion penalty to 511 lattices.
LOG (lattice-best-path[5.5.1139~1-67548]:main():lattice-best-path.cc:99) For utterance MRA347, best cost 24.2597 + 8245.46 = 8269.71 over 254 frames.
MRA347 risxikkeu roosxam adigam 
LOG (lattice-best-path[5.5.1139~1-67548]:main():lattice-best-path.cc:99) For utterance MRA348, best cost 33.269 + 7804.93 = 7838.2 over 258 frames.
MRA348 lanjja enrxaal wekkam 
LOG (lattice-best-path[5.5.1139~1-67548]:main():lattice-best-path.cc:99) For utterance MRA349, best cost 22.716 + 7263.67 = 7286.39 over 235 frames.
MRA349 tuukkam udxaleukkeu ndalladeu 
LOG (lattice-best-path[5.5.1139~1-67548]:main():lattice-best-path.cc:99) For utterance MRA350, best cost 28.8111 + 10273.8 = 10302.6 over 330 frames.
MRA350 laksxmi muga laksxanxam ulxlxa penx 
LOG (lattice-best-path[5.5.1139~1-67548]:main():lattice-best-path.cc:99) For utterance MRA351, best cost 26.5172 + 9179.82 = 9206.34 over 294 frames.
MRA351 widxaa muyarxci walxarcci tarum 
LOG (lattice-best-path[5.5.1139~1-67548]:main():lattice-best-path.cc:99) For utterance MRA352, best cost 35.164 + 8308.1 = 8343.27 over 264 frames.
MRA352 waitteuk wiseesxam unxdxeu 
LOG (lattice-best-path[5.5.1139~1-67548]:main():lattice-best-path.cc:99) For utterance MRA353, best cost 59.9782 + 8207.22 = 8267.2 over 281 frames.
MRA353 anjjali teeytteuk ooram sirxeu 
LOG (lattice-best-path[5.5.1139~1-67548]:main():lattice-best-path.cc:99) For utterance MRA354, best cost 52.8265 + 11795 = 11847.8 over 387 frames.
MRA354 en miideu waliyadeu sellum peerunddeu 
LOG (lattice-best-path[5.5.1139~1-67548]:main():lattice-best-path.cc:99) For utterance MRA355, best cost 54.3139 + 8114.92 = 8169.23 over 264 frames.
MRA355 jadxai pinni eezhai isxtxam ulxlxadeu 
LOG (lattice-best-path[5.5.1139~1-67548]:main():lattice-best-path.cc:99) For utterance MRA356, best cost 24.598 + 8198.11 = 8222.71 over 271 frames.
MRA356 janawari mudal maadam 
LOG (lattice-best-path[5.5.1139~1-67548]:main():lattice-best-path.cc:99) For utterance MRA357, best cost 20.839 + 6956.2 = 6977.04 over 233 frames.
MRA357 janamee ndam balam 
LOG (lattice-best-path[5.5.1139~1-67548]:main():lattice-best-path.cc:99) For utterance MRA358, best cost 42.7424 + 8056.8 = 8099.54 over 264 frames.
MRA358 taay tii illaiyadxi paappaa 
LOG (lattice-best-path[5.5.1139~1-67548]:main():lattice-best-path.cc:99) For utterance MRA359, best cost 27.4128 + 9664.5 = 9691.91 over 309 frames.
MRA359 waay jaalam kaatxtxum manidan 
LOG (lattice-best-path[5.5.1139~1-67548]:main():lattice-best-path.cc:99) For utterance MRA360, best cost 44.4344 + 8782.08 = 8826.51 over 278 frames.
MRA360 taazha ooram banddam 
LOG (lattice-best-path[5.5.1139~1-67548]:main():lattice-best-path.cc:99) For utterance MRA361, best cost 32.3383 + 6398.15 = 6430.49 over 218 frames.
MRA361 bajanai koolxaarxeu 
LOG (lattice-best-path[5.5.1139~1-67548]:main():lattice-best-path.cc:99) For utterance MRA362, best cost 83.26 + 13215.9 = 13299.1 over 418 frames.
MRA362 udawum pal iranxdxeu kanxnxiir seyyin illai 
LOG (lattice-best-path[5.5.1139~1-67548]:main():lattice-best-path.cc:99) For utterance MRA363, best cost 56.6387 + 8684.11 = 8740.74 over 294 frames.
MRA363 inggeu suuranxam waazhalaam irunggalx 
LOG (lattice-best-path[5.5.1139~1-67548]:main():lattice-best-path.cc:99) For utterance MRA364, best cost 33.0462 + 6519.31 = 6552.36 over 208 frames.
MRA364 pagudiyil sanddippeu 
LOG (lattice-best-path[5.5.1139~1-67548]:main():lattice-best-path.cc:99) For utterance MRA365, best cost 57.179 + 9337.45 = 9394.63 over 311 frames.
MRA365 enxnxey azhageu sirxeu ndaatxtxeu walxarcci 
LOG (lattice-best-path[5.5.1139~1-67548]:main():lattice-best-path.cc:124) Overall cost per frame is 31.0491 = 0.122689 [graph] + 30.9264 [acoustic] over 182890 frames.
LOG (lattice-best-path[5.5.1139~1-67548]:main():lattice-best-path.cc:128) Done 511 lattices, failed for 0
# Accounting: time=0 threads=1
# Ended (code 0) at Mon Jul  8 11:11:48 IST 2024, elapsed time 0 seconds
