# gunzip -c exp_FG/tri_8_2000/decode/depth_tmp.*.gz | steps/diagnostic/analyze_lattice_depth_stats.py exp_FG/tri_8_2000/graph exp_FG/tri_8_2000/decode/ali_frame_tmp.gz 
# Started at Mon Jul  8 11:11:48 IST 2024
#
The total amount of data analyzed assuming 100 frames per second is 0.5 hours
Overall, lattice depth (10,50,90-percentile)=(1,1,5) and mean=2.2
Nonsilence phones as a group account for 75.0% of frames, with lattice depth (10,50,90-percentile)=(1,1,5) and mean=2.2
Phone sil accounts for 25.0% of frames, with lattice depth (10,50,90-percentile)=(1,1,5) and mean=2.3
Phone a_I accounts for 8.0% of frames, with lattice depth (10,50,90-percentile)=(1,1,5) and mean=2.3
Phone eu_E accounts for 5.5% of frames, with lattice depth (10,50,90-percentile)=(1,1,5) and mean=2.4
Phone aa_I accounts for 4.2% of frames, with lattice depth (10,50,90-percentile)=(1,1,3) and mean=1.7
Phone m_E accounts for 3.2% of frames, with lattice depth (10,50,90-percentile)=(1,1,6) and mean=2.5
Phone i_I accounts for 2.9% of frames, with lattice depth (10,50,90-percentile)=(1,1,5) and mean=2.3
Phone d_I accounts for 2.5% of frames, with lattice depth (10,50,90-percentile)=(1,1,4) and mean=2.0
Phone u_I accounts for 2.0% of frames, with lattice depth (10,50,90-percentile)=(1,1,5) and mean=2.4
Phone p_B accounts for 1.7% of frames, with lattice depth (10,50,90-percentile)=(1,1,5) and mean=2.4
Phone s_B accounts for 1.7% of frames, with lattice depth (10,50,90-percentile)=(1,1,7) and mean=2.6
Phone i_E accounts for 1.7% of frames, with lattice depth (10,50,90-percentile)=(1,1,4) and mean=2.0
Phone ai_E accounts for 1.6% of frames, with lattice depth (10,50,90-percentile)=(1,1,4) and mean=2.0
Phone r_I accounts for 1.5% of frames, with lattice depth (10,50,90-percentile)=(1,1,6) and mean=2.7
Phone y_I accounts for 1.4% of frames, with lattice depth (10,50,90-percentile)=(1,1,4) and mean=1.9
Phone a_E accounts for 1.2% of frames, with lattice depth (10,50,90-percentile)=(1,1,3) and mean=1.9
Phone n_I accounts for 1.2% of frames, with lattice depth (10,50,90-percentile)=(1,1,6) and mean=2.6
Phone l_E accounts for 1.2% of frames, with lattice depth (10,50,90-percentile)=(1,1,7) and mean=2.9
Phone l_I accounts for 1.2% of frames, with lattice depth (10,50,90-percentile)=(1,1,3) and mean=2.2
Phone w_I accounts for 1.1% of frames, with lattice depth (10,50,90-percentile)=(1,1,6) and mean=2.5
Phone k_I accounts for 1.1% of frames, with lattice depth (10,50,90-percentile)=(1,1,2) and mean=1.5
Phone m_B accounts for 1.1% of frames, with lattice depth (10,50,90-percentile)=(1,1,5) and mean=2.1
Phone tx_I accounts for 1.1% of frames, with lattice depth (10,50,90-percentile)=(1,1,2) and mean=1.4
Phone n_E accounts for 1.0% of frames, with lattice depth (10,50,90-percentile)=(1,1,3) and mean=1.6
Phone i_B accounts for 1.0% of frames, with lattice depth (10,50,90-percentile)=(1,1,6) and mean=2.7
Phone ii_I accounts for 1.0% of frames, with lattice depth (10,50,90-percentile)=(1,1,5) and mean=2.3
Phone dx_I accounts for 1.0% of frames, with lattice depth (10,50,90-percentile)=(1,1,4) and mean=2.0
Phone oo_I accounts for 1.0% of frames, with lattice depth (10,50,90-percentile)=(1,1,6) and mean=2.7
Phone uu_I accounts for 0.9% of frames, with lattice depth (10,50,90-percentile)=(1,1,4) and mean=1.9
Phone nd_I accounts for 0.9% of frames, with lattice depth (10,50,90-percentile)=(1,1,4) and mean=2.0
Phone g_I accounts for 0.9% of frames, with lattice depth (10,50,90-percentile)=(1,1,5) and mean=2.1
Phone sx_I accounts for 0.9% of frames, with lattice depth (10,50,90-percentile)=(1,1,5) and mean=1.9
Phone nd_B accounts for 0.9% of frames, with lattice depth (10,50,90-percentile)=(1,1,5) and mean=2.3
Phone k_B accounts for 0.9% of frames, with lattice depth (10,50,90-percentile)=(1,1,5) and mean=2.3
Phone t_B accounts for 0.9% of frames, with lattice depth (10,50,90-percentile)=(1,1,7) and mean=2.9
Phone w_B accounts for 0.8% of frames, with lattice depth (10,50,90-percentile)=(1,1,5) and mean=2.2
Phone rx_I accounts for 0.8% of frames, with lattice depth (10,50,90-percentile)=(1,1,7) and mean=2.8
Phone p_I accounts for 0.7% of frames, with lattice depth (10,50,90-percentile)=(1,1,4) and mean=1.9
Phone nx_I accounts for 0.7% of frames, with lattice depth (10,50,90-percentile)=(1,1,3) and mean=1.8
Phone j_I accounts for 0.7% of frames, with lattice depth (10,50,90-percentile)=(1,1,3) and mean=1.5
Phone e_I accounts for 0.7% of frames, with lattice depth (10,50,90-percentile)=(1,1,8) and mean=3.1
Phone t_I accounts for 0.7% of frames, with lattice depth (10,50,90-percentile)=(1,1,5) and mean=2.1
Phone ee_I accounts for 0.7% of frames, with lattice depth (10,50,90-percentile)=(1,1,2) and mean=1.5
Phone a_B accounts for 0.6% of frames, with lattice depth (10,50,90-percentile)=(1,2,7) and mean=3.2
Phone u_B accounts for 0.6% of frames, with lattice depth (10,50,90-percentile)=(1,1,4) and mean=2.0
Phone m_I accounts for 0.6% of frames, with lattice depth (10,50,90-percentile)=(1,1,3) and mean=1.9
Phone o_I accounts for 0.5% of frames, with lattice depth (10,50,90-percentile)=(1,1,5) and mean=2.4
Phone zh_I accounts for 0.5% of frames, with lattice depth (10,50,90-percentile)=(1,1,6) and mean=2.6
# Accounting: time=0 threads=1
# Ended (code 0) at Mon Jul  8 11:11:48 IST 2024, elapsed time 0 seconds
