# nnet-combine-fast --use-gpu=no --num-threads=16 --verbose=3 --minibatch-size=512 exp_FG/DNN_tri_8_2000_aligned_layer3_nodes256/14.mdl exp_FG/DNN_tri_8_2000_aligned_layer3_nodes256/15.mdl exp_FG/DNN_tri_8_2000_aligned_layer3_nodes256/16.mdl exp_FG/DNN_tri_8_2000_aligned_layer3_nodes256/17.mdl exp_FG/DNN_tri_8_2000_aligned_layer3_nodes256/18.mdl exp_FG/DNN_tri_8_2000_aligned_layer3_nodes256/19.mdl exp_FG/DNN_tri_8_2000_aligned_layer3_nodes256/20.mdl ark:exp_FG/DNN_tri_8_2000_aligned_layer3_nodes256/egs/combine.egs exp_FG/DNN_tri_8_2000_aligned_layer3_nodes256/final.mdl 
# Started at Mon Jul  8 10:08:36 IST 2024
#
nnet-combine-fast --use-gpu=no --num-threads=16 --verbose=3 --minibatch-size=512 exp_FG/DNN_tri_8_2000_aligned_layer3_nodes256/14.mdl exp_FG/DNN_tri_8_2000_aligned_layer3_nodes256/15.mdl exp_FG/DNN_tri_8_2000_aligned_layer3_nodes256/16.mdl exp_FG/DNN_tri_8_2000_aligned_layer3_nodes256/17.mdl exp_FG/DNN_tri_8_2000_aligned_layer3_nodes256/18.mdl exp_FG/DNN_tri_8_2000_aligned_layer3_nodes256/19.mdl exp_FG/DNN_tri_8_2000_aligned_layer3_nodes256/20.mdl ark:exp_FG/DNN_tri_8_2000_aligned_layer3_nodes256/egs/combine.egs exp_FG/DNN_tri_8_2000_aligned_layer3_nodes256/final.mdl 
LOG (nnet-combine-fast[5.5.1139~1-67548]:main():nnet-combine-fast.cc:108) Read 10000 examples from the validation set.
VLOG[3] (nnet-combine-fast[5.5.1139~1-67548]:Propagate():nnet-update.cc:114) Stddev of data for component 0 for this minibatch is 202.622
VLOG[3] (nnet-combine-fast[5.5.1139~1-67548]:Propagate():nnet-update.cc:114) Stddev of data for component 0 for this minibatch is 202.025
VLOG[3] (nnet-combine-fast[5.5.1139~1-67548]:Propagate():nnet-update.cc:114) Stddev of data for component 0 for this minibatch is 205.325
VLOG[3] (nnet-combine-fast[5.5.1139~1-67548]:Propagate():nnet-update.cc:114) Stddev of data for component 1 for this minibatch is 202.025
VLOG[3] (nnet-combine-fast[5.5.1139~1-67548]:Propagate():nnet-update.cc:114) Stddev of data for component 1 for this minibatch is 205.325
VLOG[3] (nnet-combine-fast[5.5.1139~1-67548]:Propagate():nnet-update.cc:114) Stddev of data for component 2 for this minibatch is 0.157798
VLOG[3] (nnet-combine-fast[5.5.1139~1-67548]:Propagate():nnet-update.cc:114) Stddev of data for component 0 for this minibatch is 197.593
VLOG[3] (nnet-combine-fast[5.5.1139~1-67548]:Propagate():nnet-update.cc:114) Stddev of data for component 3 for this minibatch is 8.0157
VLOG[3] (nnet-combine-fast[5.5.1139~1-67548]:Propagate():nnet-update.cc:114) Stddev of data for component 1 for this minibatch is 197.593
VLOG[3] (nnet-combine-fast[5.5.1139~1-67548]:Propagate():nnet-update.cc:114) Stddev of data for component 2 for this minibatch is 0.161859
VLOG[3] (nnet-combine-fast[5.5.1139~1-67548]:Propagate():nnet-update.cc:114) Stddev of data for component 3 for this minibatch is 8.17124
VLOG[3] (nnet-combine-fast[5.5.1139~1-67548]:Propagate():nnet-update.cc:114) Stddev of data for component 4 for this minibatch is 0.720499
VLOG[3] (nnet-combine-fast[5.5.1139~1-67548]:Propagate():nnet-update.cc:114) Stddev of data for component 5 for this minibatch is 18.9626
VLOG[3] (nnet-combine-fast[5.5.1139~1-67548]:Propagate():nnet-update.cc:114) Stddev of data for component 0 for this minibatch is 206.053
VLOG[3] (nnet-combine-fast[5.5.1139~1-67548]:Propagate():nnet-update.cc:114) Stddev of data for component 1 for this minibatch is 206.053
VLOG[3] (nnet-combine-fast[5.5.1139~1-67548]:Propagate():nnet-update.cc:114) Stddev of data for component 6 for this minibatch is 0.84309
VLOG[3] (nnet-combine-fast[5.5.1139~1-67548]:Propagate():nnet-update.cc:114) Stddev of data for component 7 for this minibatch is 14.8175
VLOG[3] (nnet-combine-fast[5.5.1139~1-67548]:Propagate():nnet-update.cc:114) Stddev of data for component 1 for this minibatch is 202.622
VLOG[3] (nnet-combine-fast[5.5.1139~1-67548]:Propagate():nnet-update.cc:114) Stddev of data for component 2 for this minibatch is 0.154532
VLOG[3] (nnet-combine-fast[5.5.1139~1-67548]:Propagate():nnet-update.cc:114) Stddev of data for component 0 for this minibatch is 197.136
VLOG[3] (nnet-combine-fast[5.5.1139~1-67548]:Propagate():nnet-update.cc:114) Stddev of data for component 1 for this minibatch is 197.136
VLOG[3] (nnet-combine-fast[5.5.1139~1-67548]:Propagate():nnet-update.cc:114) Stddev of data for component 2 for this minibatch is 0.155588
VLOG[3] (nnet-combine-fast[5.5.1139~1-67548]:Propagate():nnet-update.cc:114) Stddev of data for component 0 for this minibatch is 199.441
VLOG[3] (nnet-combine-fast[5.5.1139~1-67548]:Propagate():nnet-update.cc:114) Stddev of data for component 4 for this minibatch is 0.723302
VLOG[3] (nnet-combine-fast[5.5.1139~1-67548]:Propagate():nnet-update.cc:114) Stddev of data for component 2 for this minibatch is 0.157976
VLOG[3] (nnet-combine-fast[5.5.1139~1-67548]:Propagate():nnet-update.cc:114) Stddev of data for component 3 for this minibatch is 8.03025
VLOG[3] (nnet-combine-fast[5.5.1139~1-67548]:Propagate():nnet-update.cc:114) Stddev of data for component 3 for this minibatch is 7.98454
VLOG[3] (nnet-combine-fast[5.5.1139~1-67548]:Propagate():nnet-update.cc:114) Stddev of data for component 0 for this minibatch is 200.875
VLOG[3] (nnet-combine-fast[5.5.1139~1-67548]:Propagate():nnet-update.cc:114) Stddev of data for component 1 for this minibatch is 200.876
VLOG[3] (nnet-combine-fast[5.5.1139~1-67548]:Propagate():nnet-update.cc:114) Stddev of data for component 2 for this minibatch is 0.158057
VLOG[3] (nnet-combine-fast[5.5.1139~1-67548]:Propagate():nnet-update.cc:114) Stddev of data for component 3 for this minibatch is 7.97548
VLOG[3] (nnet-combine-fast[5.5.1139~1-67548]:Propagate():nnet-update.cc:114) Stddev of data for component 3 for this minibatch is 7.9048
VLOG[3] (nnet-combine-fast[5.5.1139~1-67548]:Propagate():nnet-update.cc:114) Stddev of data for component 0 for this minibatch is 202.325
VLOG[3] (nnet-combine-fast[5.5.1139~1-67548]:Propagate():nnet-update.cc:114) Stddev of data for component 1 for this minibatch is 199.441
VLOG[3] (nnet-combine-fast[5.5.1139~1-67548]:Propagate():nnet-update.cc:114) Stddev of data for component 1 for this minibatch is 202.325
VLOG[3] (nnet-combine-fast[5.5.1139~1-67548]:Propagate():nnet-update.cc:114) Stddev of data for component 2 for this minibatch is 0.162733
VLOG[3] (nnet-combine-fast[5.5.1139~1-67548]:Propagate():nnet-update.cc:114) Stddev of data for component 3 for this minibatch is 8.21459
VLOG[3] (nnet-combine-fast[5.5.1139~1-67548]:Propagate():nnet-update.cc:114) Stddev of data for component 0 for this minibatch is 205.068
VLOG[3] (nnet-combine-fast[5.5.1139~1-67548]:Propagate():nnet-update.cc:114) Stddev of data for component 5 for this minibatch is 18.8492
VLOG[3] (nnet-combine-fast[5.5.1139~1-67548]:Propagate():nnet-update.cc:114) Stddev of data for component 1 for this minibatch is 205.068
VLOG[3] (nnet-combine-fast[5.5.1139~1-67548]:Propagate():nnet-update.cc:114) Stddev of data for component 2 for this minibatch is 0.163858
VLOG[3] (nnet-combine-fast[5.5.1139~1-67548]:Propagate():nnet-update.cc:114) Stddev of data for component 6 for this minibatch is 0.8453
VLOG[3] (nnet-combine-fast[5.5.1139~1-67548]:Propagate():nnet-update.cc:114) Stddev of data for component 3 for this minibatch is 8.14962
VLOG[3] (nnet-combine-fast[5.5.1139~1-67548]:Propagate():nnet-update.cc:114) Stddev of data for component 4 for this minibatch is 0.723702
VLOG[3] (nnet-combine-fast[5.5.1139~1-67548]:Propagate():nnet-update.cc:114) Stddev of data for component 5 for this minibatch is 18.7853
VLOG[3] (nnet-combine-fast[5.5.1139~1-67548]:Propagate():nnet-update.cc:114) Stddev of data for component 4 for this minibatch is 0.724163
VLOG[3] (nnet-combine-fast[5.5.1139~1-67548]:Propagate():nnet-update.cc:114) Stddev of data for component 4 for this minibatch is 0.723364
VLOG[3] (nnet-combine-fast[5.5.1139~1-67548]:Propagate():nnet-update.cc:114) Stddev of data for component 5 for this minibatch is 18.8491
VLOG[3] (nnet-combine-fast[5.5.1139~1-67548]:Propagate():nnet-update.cc:114) Stddev of data for component 5 for this minibatch is 19.0329
VLOG[3] (nnet-combine-fast[5.5.1139~1-67548]:Propagate():nnet-update.cc:114) Stddev of data for component 2 for this minibatch is 0.157738
VLOG[3] (nnet-combine-fast[5.5.1139~1-67548]:Propagate():nnet-update.cc:114) Stddev of data for component 3 for this minibatch is 8.01225
VLOG[3] (nnet-combine-fast[5.5.1139~1-67548]:Propagate():nnet-update.cc:114) Stddev of data for component 4 for this minibatch is 0.723173
VLOG[3] (nnet-combine-fast[5.5.1139~1-67548]:Propagate():nnet-update.cc:114) Stddev of data for component 5 for this minibatch is 18.7337
VLOG[3] (nnet-combine-fast[5.5.1139~1-67548]:Propagate():nnet-update.cc:114) Stddev of data for component 7 for this minibatch is 14.7409
VLOG[3] (nnet-combine-fast[5.5.1139~1-67548]:Propagate():nnet-update.cc:114) Stddev of data for component 0 for this minibatch is 200.277
VLOG[3] (nnet-combine-fast[5.5.1139~1-67548]:Propagate():nnet-update.cc:114) Stddev of data for component 1 for this minibatch is 200.277
VLOG[3] (nnet-combine-fast[5.5.1139~1-67548]:Propagate():nnet-update.cc:114) Stddev of data for component 6 for this minibatch is 0.846381
VLOG[3] (nnet-combine-fast[5.5.1139~1-67548]:Propagate():nnet-update.cc:114) Stddev of data for component 2 for this minibatch is 0.158253
VLOG[3] (nnet-combine-fast[5.5.1139~1-67548]:Propagate():nnet-update.cc:114) Stddev of data for component 4 for this minibatch is 0.726094
VLOG[3] (nnet-combine-fast[5.5.1139~1-67548]:Propagate():nnet-update.cc:114) Stddev of data for component 3 for this minibatch is 8.07271
VLOG[3] (nnet-combine-fast[5.5.1139~1-67548]:Propagate():nnet-update.cc:114) Stddev of data for component 6 for this minibatch is 0.84577
VLOG[3] (nnet-combine-fast[5.5.1139~1-67548]:Propagate():nnet-update.cc:114) Stddev of data for component 4 for this minibatch is 0.726846
VLOG[3] (nnet-combine-fast[5.5.1139~1-67548]:Propagate():nnet-update.cc:114) Stddev of data for component 7 for this minibatch is 14.7279
VLOG[3] (nnet-combine-fast[5.5.1139~1-67548]:Propagate():nnet-update.cc:114) Stddev of data for component 5 for this minibatch is 18.683
VLOG[3] (nnet-combine-fast[5.5.1139~1-67548]:Propagate():nnet-update.cc:114) Stddev of data for component 0 for this minibatch is 207.089
VLOG[3] (nnet-combine-fast[5.5.1139~1-67548]:Propagate():nnet-update.cc:114) Stddev of data for component 1 for this minibatch is 207.089
VLOG[3] (nnet-combine-fast[5.5.1139~1-67548]:Propagate():nnet-update.cc:114) Stddev of data for component 7 for this minibatch is 14.6385
VLOG[3] (nnet-combine-fast[5.5.1139~1-67548]:Propagate():nnet-update.cc:114) Stddev of data for component 6 for this minibatch is 0.845004
VLOG[3] (nnet-combine-fast[5.5.1139~1-67548]:Propagate():nnet-update.cc:114) Stddev of data for component 4 for this minibatch is 0.725571
VLOG[3] (nnet-combine-fast[5.5.1139~1-67548]:Propagate():nnet-update.cc:114) Stddev of data for component 5 for this minibatch is 18.9724
VLOG[3] (nnet-combine-fast[5.5.1139~1-67548]:Propagate():nnet-update.cc:114) Stddev of data for component 6 for this minibatch is 0.844965
VLOG[3] (nnet-combine-fast[5.5.1139~1-67548]:Propagate():nnet-update.cc:114) Stddev of data for component 7 for this minibatch is 14.6636
VLOG[3] (nnet-combine-fast[5.5.1139~1-67548]:Propagate():nnet-update.cc:114) Stddev of data for component 0 for this minibatch is 214.727
VLOG[3] (nnet-combine-fast[5.5.1139~1-67548]:Propagate():nnet-update.cc:114) Stddev of data for component 1 for this minibatch is 214.727
VLOG[3] (nnet-combine-fast[5.5.1139~1-67548]:Propagate():nnet-update.cc:114) Stddev of data for component 2 for this minibatch is 0.153616
VLOG[3] (nnet-combine-fast[5.5.1139~1-67548]:Propagate():nnet-update.cc:114) Stddev of data for component 3 for this minibatch is 7.83454
VLOG[3] (nnet-combine-fast[5.5.1139~1-67548]:Propagate():nnet-update.cc:114) Stddev of data for component 6 for this minibatch is 0.845833
VLOG[3] (nnet-combine-fast[5.5.1139~1-67548]:Propagate():nnet-update.cc:114) Stddev of data for component 4 for this minibatch is 0.723048
VLOG[3] (nnet-combine-fast[5.5.1139~1-67548]:Propagate():nnet-update.cc:114) Stddev of data for component 7 for this minibatch is 14.8551
VLOG[3] (nnet-combine-fast[5.5.1139~1-67548]:Propagate():nnet-update.cc:114) Stddev of data for component 5 for this minibatch is 18.8952
VLOG[3] (nnet-combine-fast[5.5.1139~1-67548]:Propagate():nnet-update.cc:114) Stddev of data for component 6 for this minibatch is 0.846313
VLOG[3] (nnet-combine-fast[5.5.1139~1-67548]:Propagate():nnet-update.cc:114) Stddev of data for component 2 for this minibatch is 0.158013
VLOG[3] (nnet-combine-fast[5.5.1139~1-67548]:Propagate():nnet-update.cc:114) Stddev of data for component 3 for this minibatch is 8.09392
VLOG[3] (nnet-combine-fast[5.5.1139~1-67548]:Propagate():nnet-update.cc:114) Stddev of data for component 0 for this minibatch is 202.905
VLOG[3] (nnet-combine-fast[5.5.1139~1-67548]:Propagate():nnet-update.cc:114) Stddev of data for component 1 for this minibatch is 202.905
VLOG[3] (nnet-combine-fast[5.5.1139~1-67548]:Propagate():nnet-update.cc:114) Stddev of data for component 7 for this minibatch is 14.8752
VLOG[3] (nnet-combine-fast[5.5.1139~1-67548]:Propagate():nnet-update.cc:114) Stddev of data for component 5 for this minibatch is 18.8762
VLOG[3] (nnet-combine-fast[5.5.1139~1-67548]:Propagate():nnet-update.cc:114) Stddev of data for component 2 for this minibatch is 0.156614
VLOG[3] (nnet-combine-fast[5.5.1139~1-67548]:Propagate():nnet-update.cc:114) Stddev of data for component 3 for this minibatch is 8.09226
VLOG[3] (nnet-combine-fast[5.5.1139~1-67548]:Propagate():nnet-update.cc:114) Stddev of data for component 0 for this minibatch is 208.438
VLOG[3] (nnet-combine-fast[5.5.1139~1-67548]:Propagate():nnet-update.cc:114) Stddev of data for component 1 for this minibatch is 208.438
VLOG[3] (nnet-combine-fast[5.5.1139~1-67548]:Propagate():nnet-update.cc:114) Stddev of data for component 6 for this minibatch is 0.844884
VLOG[3] (nnet-combine-fast[5.5.1139~1-67548]:Propagate():nnet-update.cc:114) Stddev of data for component 7 for this minibatch is 14.6878
VLOG[3] (nnet-combine-fast[5.5.1139~1-67548]:Propagate():nnet-update.cc:114) Stddev of data for component 7 for this minibatch is 14.5358
VLOG[3] (nnet-combine-fast[5.5.1139~1-67548]:Propagate():nnet-update.cc:114) Stddev of data for component 4 for this minibatch is 0.719251
VLOG[3] (nnet-combine-fast[5.5.1139~1-67548]:Propagate():nnet-update.cc:114) Stddev of data for component 5 for this minibatch is 18.9833
VLOG[3] (nnet-combine-fast[5.5.1139~1-67548]:Propagate():nnet-update.cc:114) Stddev of data for component 2 for this minibatch is 0.153723
VLOG[3] (nnet-combine-fast[5.5.1139~1-67548]:Propagate():nnet-update.cc:114) Stddev of data for component 0 for this minibatch is 197.344
VLOG[3] (nnet-combine-fast[5.5.1139~1-67548]:Propagate():nnet-update.cc:114) Stddev of data for component 1 for this minibatch is 197.344
VLOG[3] (nnet-combine-fast[5.5.1139~1-67548]:Propagate():nnet-update.cc:114) Stddev of data for component 6 for this minibatch is 0.84567
VLOG[2] (nnet-combine-fast[5.5.1139~1-67548]:DoBackpropParallel():nnet-update-parallel.cc:264) Did backprop on 10000 examples, average log-prob per frame is -1.18416
VLOG[2] (nnet-combine-fast[5.5.1139~1-67548]:DoBackpropParallel():nnet-update-parallel.cc:264) Did backprop on 10000 examples, average log-prob per frame is -1.16058
VLOG[2] (nnet-combine-fast[5.5.1139~1-67548]:DoBackpropParallel():nnet-update-parallel.cc:264) Did backprop on 10000 examples, average log-prob per frame is -1.12328
VLOG[2] (nnet-combine-fast[5.5.1139~1-67548]:DoBackpropParallel():nnet-update-parallel.cc:264) Did backprop on 10000 examples, average log-prob per frame is -1.12645
VLOG[2] (nnet-combine-fast[5.5.1139~1-67548]:DoBackpropParallel():nnet-update-parallel.cc:264) Did backprop on 10000 examples, average log-prob per frame is -1.11597
VLOG[2] (nnet-combine-fast[5.5.1139~1-67548]:DoBackpropParallel():nnet-update-parallel.cc:264) Did backprop on 10000 examples, average log-prob per frame is -1.1085
VLOG[2] (nnet-combine-fast[5.5.1139~1-67548]:DoBackpropParallel():nnet-update-parallel.cc:264) Did backprop on 10000 examples, average log-prob per frame is -1.10111
LOG (nnet-combine-fast[5.5.1139~1-67548]:GetInitialModel():combine-nnet-fast.cc:403) Objective functions for the source neural nets are  [ -1.18416 -1.16058 -1.12328 -1.12645 -1.11597 -1.1085 -1.10111 ]

VLOG[2] (nnet-combine-fast[5.5.1139~1-67548]:DoBackpropParallel():nnet-update-parallel.cc:264) Did backprop on 10000 examples, average log-prob per frame is -1.1201
LOG (nnet-combine-fast[5.5.1139~1-67548]:GetInitialModel():combine-nnet-fast.cc:419) Objf with all neural nets averaged is -1.1201
LOG (nnet-combine-fast[5.5.1139~1-67548]:GetInitialParams():combine-nnet-fast.cc:282) Initializing with neural net with index 6
VLOG[2] (nnet-combine-fast[5.5.1139~1-67548]:DoBackpropParallel():nnet-update-parallel.cc:264) Did backprop on 10000 examples, average log-prob per frame is -1.10111
VLOG[2] (nnet-combine-fast[5.5.1139~1-67548]:ComputeObjfAndGradient():combine-nnet-fast.cc:347) Objf is -1.10111, raw gradient is  [ -0.0167084 -0.0369815 -0.0155507 0.0288598 -0.0174134 -0.0366636 -0.0139843 0.0320039 -0.0147747 -0.028136 -0.0116622 0.0399707 -0.0197713 -0.0417625 -0.013174 0.042817 -0.0214183 -0.0441525 -0.0129731 0.0455505 -0.0225255 -0.0470424 -0.0115264 0.0483366 -0.0231077 -0.0475929 -0.00933793 0.0511317 ]

VLOG[2] (nnet-combine-fast[5.5.1139~1-67548]:DoBackpropParallel():nnet-update-parallel.cc:264) Did backprop on 10000 examples, average log-prob per frame is -1.09198
VLOG[2] (nnet-combine-fast[5.5.1139~1-67548]:ComputeObjfAndGradient():combine-nnet-fast.cc:347) Objf is -1.09198, raw gradient is  [ -0.0123661 -0.0274977 -0.0109279 0.0194715 -0.0127544 -0.0266366 -0.0100687 0.0223001 -0.0102188 -0.0189022 -0.00814137 0.0285807 -0.0146087 -0.0299938 -0.00942204 0.0314 -0.0159713 -0.0310552 -0.00946101 0.0340794 -0.0169015 -0.0331254 -0.00832038 0.0368127 -0.017335 -0.0331125 -0.00644774 0.0395607 ]

VLOG[3] (nnet-combine-fast[5.5.1139~1-67548]:StepSizeIteration():optimization.cc:240) In step size iteration, function value changed -1.10111 to -1.09198
VLOG[3] (nnet-combine-fast[5.5.1139~1-67548]:StepSizeIteration():optimization.cc:323) d = 2, iter = 0, action = accept
VLOG[3] (nnet-combine-fast[5.5.1139~1-67548]:AcceptStep():optimization.cc:194) Accepted step; length was 0.105092, prod was -0.00181554
VLOG[2] (nnet-combine-fast[5.5.1139~1-67548]:DoBackpropParallel():nnet-update-parallel.cc:264) Did backprop on 10000 examples, average log-prob per frame is -1.06637
VLOG[2] (nnet-combine-fast[5.5.1139~1-67548]:ComputeObjfAndGradient():combine-nnet-fast.cc:347) Objf is -1.06637, raw gradient is  [ 0.0678334 0.0817933 0.0139928 -0.0386251 0.0661314 0.0733561 0.0128362 -0.0392222 0.0630257 0.0595662 0.0134126 -0.0446112 0.0650403 0.0738885 0.0145811 -0.0431149 0.0644361 0.0769356 0.0138433 -0.0416659 0.0642013 0.0782978 0.0133847 -0.0400025 0.0641883 0.0798914 0.0132646 -0.0381817 ]

VLOG[3] (nnet-combine-fast[5.5.1139~1-67548]:StepSizeIteration():optimization.cc:240) In step size iteration, function value changed -1.09198 to -1.06637
VLOG[3] (nnet-combine-fast[5.5.1139~1-67548]:StepSizeIteration():optimization.cc:323) d = 2, iter = 1, action = accept
VLOG[3] (nnet-combine-fast[5.5.1139~1-67548]:AcceptStep():optimization.cc:194) Accepted step; length was 0.880861, prod was -0.100841
VLOG[2] (nnet-combine-fast[5.5.1139~1-67548]:DoBackpropParallel():nnet-update-parallel.cc:264) Did backprop on 10000 examples, average log-prob per frame is -1.05528
VLOG[2] (nnet-combine-fast[5.5.1139~1-67548]:ComputeObjfAndGradient():combine-nnet-fast.cc:347) Objf is -1.05528, raw gradient is  [ -0.033303 -0.0458832 0.0179143 -0.029567 -0.0336815 -0.041682 0.0150403 -0.0311674 -0.0306342 -0.0345217 0.0139685 -0.0359931 -0.0296203 -0.0319572 0.0127919 -0.0354053 -0.0289772 -0.0308155 0.0106573 -0.0346556 -0.0282033 -0.0294544 0.00882696 -0.0336031 -0.027456 -0.0276268 0.00726573 -0.0323227 ]

VLOG[3] (nnet-combine-fast[5.5.1139~1-67548]:StepSizeIteration():optimization.cc:240) In step size iteration, function value changed -1.06637 to -1.05528
VLOG[3] (nnet-combine-fast[5.5.1139~1-67548]:StepSizeIteration():optimization.cc:323) d = 2, iter = 2, action = accept
VLOG[3] (nnet-combine-fast[5.5.1139~1-67548]:AcceptStep():optimization.cc:194) Accepted step; length was 0.258587, prod was -0.0443653
VLOG[2] (nnet-combine-fast[5.5.1139~1-67548]:DoBackpropParallel():nnet-update-parallel.cc:264) Did backprop on 10000 examples, average log-prob per frame is -1.05071
VLOG[2] (nnet-combine-fast[5.5.1139~1-67548]:ComputeObjfAndGradient():combine-nnet-fast.cc:347) Objf is -1.05071, raw gradient is  [ -0.0090339 -0.0190254 -0.00773591 -0.0129201 -0.00959133 -0.0172458 -0.00873749 -0.0145401 -0.0080998 -0.0149897 -0.00835005 -0.016779 -0.00713644 -0.0140355 -0.00827421 -0.0163036 -0.00690304 -0.0143675 -0.00855074 -0.0156236 -0.00649713 -0.0144116 -0.00865074 -0.0146295 -0.00609557 -0.0137728 -0.00865064 -0.0134074 ]

VLOG[3] (nnet-combine-fast[5.5.1139~1-67548]:StepSizeIteration():optimization.cc:240) In step size iteration, function value changed -1.05528 to -1.05071
VLOG[3] (nnet-combine-fast[5.5.1139~1-67548]:StepSizeIteration():optimization.cc:323) d = 2, iter = 3, action = accept
VLOG[3] (nnet-combine-fast[5.5.1139~1-67548]:AcceptStep():optimization.cc:194) Accepted step; length was 0.0816163, prod was -0.00569261
VLOG[2] (nnet-combine-fast[5.5.1139~1-67548]:DoBackpropParallel():nnet-update-parallel.cc:264) Did backprop on 10000 examples, average log-prob per frame is -1.04905
VLOG[2] (nnet-combine-fast[5.5.1139~1-67548]:ComputeObjfAndGradient():combine-nnet-fast.cc:347) Objf is -1.04905, raw gradient is  [ 0.00546375 0.00578753 -0.000785209 -0.000611723 0.00457 0.00561718 -0.000873329 -0.00246422 0.00482781 0.00344764 -5.55099e-05 -0.00299766 0.00573301 0.00341929 0.000661749 -0.00272976 0.00556367 0.00228168 0.00107693 -0.00222838 0.00563859 0.00162815 0.00146345 -0.0013983 0.0057676 0.00152448 0.00177726 -0.000327485 ]

VLOG[3] (nnet-combine-fast[5.5.1139~1-67548]:StepSizeIteration():optimization.cc:240) In step size iteration, function value changed -1.05071 to -1.04905
VLOG[3] (nnet-combine-fast[5.5.1139~1-67548]:StepSizeIteration():optimization.cc:323) d = 2, iter = 4, action = accept
VLOG[3] (nnet-combine-fast[5.5.1139~1-67548]:AcceptStep():optimization.cc:194) Accepted step; length was 0.0858766, prod was -0.00236835
VLOG[2] (nnet-combine-fast[5.5.1139~1-67548]:DoBackpropParallel():nnet-update-parallel.cc:264) Did backprop on 10000 examples, average log-prob per frame is -1.04809
VLOG[2] (nnet-combine-fast[5.5.1139~1-67548]:ComputeObjfAndGradient():combine-nnet-fast.cc:347) Objf is -1.04809, raw gradient is  [ 0.000550323 0.013294 -0.00337649 0.0104104 -0.000267432 0.0136949 -0.0034472 0.00826013 1.41113e-05 0.0109624 -0.00291234 0.00917057 0.000432843 0.0113613 -0.00285678 0.00910091 2.58606e-05 0.0111065 -0.00254359 0.00933322 -0.000104608 0.0112256 -0.0022667 0.00991843 -0.000146802 0.0113513 -0.00208533 0.0107624 ]

VLOG[3] (nnet-combine-fast[5.5.1139~1-67548]:StepSizeIteration():optimization.cc:240) In step size iteration, function value changed -1.04905 to -1.04809
VLOG[3] (nnet-combine-fast[5.5.1139~1-67548]:StepSizeIteration():optimization.cc:323) d = 2, iter = 5, action = accept
VLOG[3] (nnet-combine-fast[5.5.1139~1-67548]:AcceptStep():optimization.cc:194) Accepted step; length was 0.090803, prod was -0.00108964
VLOG[2] (nnet-combine-fast[5.5.1139~1-67548]:DoBackpropParallel():nnet-update-parallel.cc:264) Did backprop on 10000 examples, average log-prob per frame is -1.04703
VLOG[2] (nnet-combine-fast[5.5.1139~1-67548]:ComputeObjfAndGradient():combine-nnet-fast.cc:347) Objf is -1.04703, raw gradient is  [ 0.00532938 0.00185956 0.00307525 0.0145124 0.00469016 0.00201516 0.00327059 0.0122667 0.00446473 0.00154538 0.00339609 0.0136563 0.00435675 0.00116459 0.00280061 0.0133241 0.00385396 0.00138094 0.00290148 0.0133389 0.00369716 0.00165463 0.00296452 0.0137214 0.00364864 0.00145716 0.00288731 0.0143762 ]

VLOG[3] (nnet-combine-fast[5.5.1139~1-67548]:StepSizeIteration():optimization.cc:240) In step size iteration, function value changed -1.04809 to -1.04703
VLOG[3] (nnet-combine-fast[5.5.1139~1-67548]:StepSizeIteration():optimization.cc:323) d = 2, iter = 6, action = accept
VLOG[3] (nnet-combine-fast[5.5.1139~1-67548]:AcceptStep():optimization.cc:194) Accepted step; length was 0.105347, prod was -0.00116907
VLOG[2] (nnet-combine-fast[5.5.1139~1-67548]:DoBackpropParallel():nnet-update-parallel.cc:264) Did backprop on 10000 examples, average log-prob per frame is -1.04598
VLOG[2] (nnet-combine-fast[5.5.1139~1-67548]:ComputeObjfAndGradient():combine-nnet-fast.cc:347) Objf is -1.04598, raw gradient is  [ -0.00294662 -0.000883484 0.0025668 0.0066115 -0.00297399 -0.000612402 0.00292667 0.00462627 -0.00269445 0.00020955 0.00266004 0.00489845 -0.00340317 -0.000516504 0.00214555 0.00455361 -0.00380001 0.000168306 0.0021511 0.00454194 -0.00389257 0.000590909 0.00209203 0.00488664 -0.003868 0.000246115 0.00190555 0.0055017 ]

VLOG[3] (nnet-combine-fast[5.5.1139~1-67548]:StepSizeIteration():optimization.cc:240) In step size iteration, function value changed -1.04703 to -1.04598
VLOG[3] (nnet-combine-fast[5.5.1139~1-67548]:StepSizeIteration():optimization.cc:323) d = 2, iter = 7, action = accept
VLOG[3] (nnet-combine-fast[5.5.1139~1-67548]:AcceptStep():optimization.cc:194) Accepted step; length was 0.0960819, prod was -0.00068507
VLOG[2] (nnet-combine-fast[5.5.1139~1-67548]:DoBackpropParallel():nnet-update-parallel.cc:264) Did backprop on 10000 examples, average log-prob per frame is -1.04424
VLOG[2] (nnet-combine-fast[5.5.1139~1-67548]:ComputeObjfAndGradient():combine-nnet-fast.cc:347) Objf is -1.04424, raw gradient is  [ 0.00720902 -0.00835678 -0.000768 0.00226142 0.00818981 -0.0094299 -0.000667296 0.000959137 0.00786544 -0.00701821 -0.00170156 0.000923405 0.00710214 -0.00710984 -0.00240363 0.000571267 0.00717629 -0.00623582 -0.00277394 0.000534122 0.00737637 -0.0060214 -0.00316414 0.000832822 0.00756808 -0.00655746 -0.00353523 0.00140037 ]

VLOG[3] (nnet-combine-fast[5.5.1139~1-67548]:StepSizeIteration():optimization.cc:240) In step size iteration, function value changed -1.04598 to -1.04424
VLOG[3] (nnet-combine-fast[5.5.1139~1-67548]:StepSizeIteration():optimization.cc:323) d = 2, iter = 8, action = accept
VLOG[3] (nnet-combine-fast[5.5.1139~1-67548]:AcceptStep():optimization.cc:194) Accepted step; length was 0.210316, prod was -0.00198091
LOG (nnet-combine-fast[5.5.1139~1-67548]:ComputeCurrentNnet():combine-nnet-fast.cc:373) Scale parameters are  [
  0.310308 -0.126484 0.927023 -0.652177 
  -1.28403 -0.554668 -3.7018 -2.88282 
  1.40218 1.48283 2.71363 -1.98113 
  0.381942 -0.316356 1.246 -1.0027 
  -0.376416 0.155087 -1.46803 0.257664 
  -0.30199 -0.867682 -1.07119 1.9481 
  0.910294 1.22985 2.26752 4.93728 ]

LOG (nnet-combine-fast[5.5.1139~1-67548]:FastNnetCombiner():combine-nnet-fast.cc:152) Combining nnets, objf per frame changed from -1.10111 to -1.04424
LOG (nnet-combine-fast[5.5.1139~1-67548]:main():nnet-combine-fast.cc:124) Finished combining neural nets, wrote model to exp_FG/DNN_tri_8_2000_aligned_layer3_nodes256/final.mdl
# Accounting: time=28 threads=1
# Ended (code 0) at Mon Jul  8 10:09:04 IST 2024, elapsed time 28 seconds
