# nnet-subset-egs --n=2000 --randomize-order=true --srand=0 ark:exp_FG/DNN_tri_8_2000_aligned_layer3_nodes256/egs/train_diagnostic.egs ark:- | nnet-combine-fast --use-gpu=no --num-threads=16 --verbose=3 --minibatch-size=125 exp_FG/DNN_tri_8_2000_aligned_layer3_nodes256/1.mdl ark:- exp_FG/DNN_tri_8_2000_aligned_layer3_nodes256/1.mdl 
# Started at Mon Jul  8 09:45:59 IST 2024
#
nnet-subset-egs --n=2000 --randomize-order=true --srand=0 ark:exp_FG/DNN_tri_8_2000_aligned_layer3_nodes256/egs/train_diagnostic.egs ark:- 
nnet-combine-fast --use-gpu=no --num-threads=16 --verbose=3 --minibatch-size=125 exp_FG/DNN_tri_8_2000_aligned_layer3_nodes256/1.mdl ark:- exp_FG/DNN_tri_8_2000_aligned_layer3_nodes256/1.mdl 
LOG (nnet-subset-egs[5.5.1139~1-67548]:main():nnet-subset-egs.cc:93) Selected a subset of 2000 out of 4000 neural-network training examples 
LOG (nnet-combine-fast[5.5.1139~1-67548]:main():nnet-combine-fast.cc:108) Read 2000 examples from the validation set.
VLOG[3] (nnet-combine-fast[5.5.1139~1-67548]:Propagate():nnet-update.cc:114) Stddev of data for component 0 for this minibatch is 202.107
VLOG[3] (nnet-combine-fast[5.5.1139~1-67548]:Propagate():nnet-update.cc:114) Stddev of data for component 0 for this minibatch is 219.057
VLOG[3] (nnet-combine-fast[5.5.1139~1-67548]:Propagate():nnet-update.cc:114) Stddev of data for component 1 for this minibatch is 202.107
VLOG[3] (nnet-combine-fast[5.5.1139~1-67548]:Propagate():nnet-update.cc:114) Stddev of data for component 1 for this minibatch is 219.057
VLOG[3] (nnet-combine-fast[5.5.1139~1-67548]:Propagate():nnet-update.cc:114) Stddev of data for component 2 for this minibatch is 0.161917
VLOG[3] (nnet-combine-fast[5.5.1139~1-67548]:Propagate():nnet-update.cc:114) Stddev of data for component 2 for this minibatch is 0.161781
VLOG[3] (nnet-combine-fast[5.5.1139~1-67548]:Propagate():nnet-update.cc:114) Stddev of data for component 3 for this minibatch is 3.00164
VLOG[3] (nnet-combine-fast[5.5.1139~1-67548]:Propagate():nnet-update.cc:114) Stddev of data for component 3 for this minibatch is 3.0967
VLOG[3] (nnet-combine-fast[5.5.1139~1-67548]:Propagate():nnet-update.cc:114) Stddev of data for component 0 for this minibatch is 188.331
VLOG[3] (nnet-combine-fast[5.5.1139~1-67548]:Propagate():nnet-update.cc:114) Stddev of data for component 4 for this minibatch is 0.57172
VLOG[3] (nnet-combine-fast[5.5.1139~1-67548]:Propagate():nnet-update.cc:114) Stddev of data for component 1 for this minibatch is 188.331
VLOG[3] (nnet-combine-fast[5.5.1139~1-67548]:Propagate():nnet-update.cc:114) Stddev of data for component 2 for this minibatch is 0.14613
VLOG[3] (nnet-combine-fast[5.5.1139~1-67548]:Propagate():nnet-update.cc:114) Stddev of data for component 3 for this minibatch is 2.67053
VLOG[3] (nnet-combine-fast[5.5.1139~1-67548]:Propagate():nnet-update.cc:114) Stddev of data for component 5 for this minibatch is 6.68365
VLOG[3] (nnet-combine-fast[5.5.1139~1-67548]:Propagate():nnet-update.cc:114) Stddev of data for component 0 for this minibatch is 188.377
VLOG[3] (nnet-combine-fast[5.5.1139~1-67548]:Propagate():nnet-update.cc:114) Stddev of data for component 1 for this minibatch is 188.377
VLOG[3] (nnet-combine-fast[5.5.1139~1-67548]:Propagate():nnet-update.cc:114) Stddev of data for component 2 for this minibatch is 0.147013
VLOG[3] (nnet-combine-fast[5.5.1139~1-67548]:Propagate():nnet-update.cc:114) Stddev of data for component 3 for this minibatch is 2.87916
VLOG[3] (nnet-combine-fast[5.5.1139~1-67548]:Propagate():nnet-update.cc:114) Stddev of data for component 0 for this minibatch is 190.53
VLOG[3] (nnet-combine-fast[5.5.1139~1-67548]:Propagate():nnet-update.cc:114) Stddev of data for component 1 for this minibatch is 190.53
VLOG[3] (nnet-combine-fast[5.5.1139~1-67548]:Propagate():nnet-update.cc:114) Stddev of data for component 2 for this minibatch is 0.142706
VLOG[3] (nnet-combine-fast[5.5.1139~1-67548]:Propagate():nnet-update.cc:114) Stddev of data for component 3 for this minibatch is 2.67572
VLOG[3] (nnet-combine-fast[5.5.1139~1-67548]:Propagate():nnet-update.cc:114) Stddev of data for component 0 for this minibatch is 203.444
VLOG[3] (nnet-combine-fast[5.5.1139~1-67548]:Propagate():nnet-update.cc:114) Stddev of data for component 1 for this minibatch is 203.444
VLOG[3] (nnet-combine-fast[5.5.1139~1-67548]:Propagate():nnet-update.cc:114) Stddev of data for component 2 for this minibatch is 0.157817
VLOG[3] (nnet-combine-fast[5.5.1139~1-67548]:Propagate():nnet-update.cc:114) Stddev of data for component 3 for this minibatch is 2.95014
VLOG[3] (nnet-combine-fast[5.5.1139~1-67548]:Propagate():nnet-update.cc:114) Stddev of data for component 4 for this minibatch is 0.561338
VLOG[3] (nnet-combine-fast[5.5.1139~1-67548]:Propagate():nnet-update.cc:114) Stddev of data for component 0 for this minibatch is 197.966
VLOG[3] (nnet-combine-fast[5.5.1139~1-67548]:Propagate():nnet-update.cc:114) Stddev of data for component 1 for this minibatch is 197.966
VLOG[3] (nnet-combine-fast[5.5.1139~1-67548]:Propagate():nnet-update.cc:114) Stddev of data for component 2 for this minibatch is 0.156151
VLOG[3] (nnet-combine-fast[5.5.1139~1-67548]:Propagate():nnet-update.cc:114) Stddev of data for component 5 for this minibatch is 6.05727
VLOG[3] (nnet-combine-fast[5.5.1139~1-67548]:Propagate():nnet-update.cc:114) Stddev of data for component 3 for this minibatch is 2.95433
VLOG[3] (nnet-combine-fast[5.5.1139~1-67548]:Propagate():nnet-update.cc:114) Stddev of data for component 4 for this minibatch is 0.562111
VLOG[3] (nnet-combine-fast[5.5.1139~1-67548]:Propagate():nnet-update.cc:114) Stddev of data for component 5 for this minibatch is 6.43082
VLOG[3] (nnet-combine-fast[5.5.1139~1-67548]:Propagate():nnet-update.cc:114) Stddev of data for component 4 for this minibatch is 0.562385
VLOG[3] (nnet-combine-fast[5.5.1139~1-67548]:Propagate():nnet-update.cc:114) Stddev of data for component 0 for this minibatch is 202.484
VLOG[3] (nnet-combine-fast[5.5.1139~1-67548]:Propagate():nnet-update.cc:114) Stddev of data for component 1 for this minibatch is 202.484
VLOG[3] (nnet-combine-fast[5.5.1139~1-67548]:Propagate():nnet-update.cc:114) Stddev of data for component 0 for this minibatch is 197.537
VLOG[3] (nnet-combine-fast[5.5.1139~1-67548]:Propagate():nnet-update.cc:114) Stddev of data for component 1 for this minibatch is 197.536
VLOG[3] (nnet-combine-fast[5.5.1139~1-67548]:Propagate():nnet-update.cc:114) Stddev of data for component 5 for this minibatch is 6.69731
VLOG[3] (nnet-combine-fast[5.5.1139~1-67548]:Propagate():nnet-update.cc:114) Stddev of data for component 2 for this minibatch is 0.163893
VLOG[3] (nnet-combine-fast[5.5.1139~1-67548]:Propagate():nnet-update.cc:114) Stddev of data for component 3 for this minibatch is 3.05149
VLOG[3] (nnet-combine-fast[5.5.1139~1-67548]:Propagate():nnet-update.cc:114) Stddev of data for component 4 for this minibatch is 0.572291
VLOG[3] (nnet-combine-fast[5.5.1139~1-67548]:Propagate():nnet-update.cc:114) Stddev of data for component 5 for this minibatch is 6.71476
VLOG[3] (nnet-combine-fast[5.5.1139~1-67548]:Propagate():nnet-update.cc:114) Stddev of data for component 2 for this minibatch is 0.159766
VLOG[3] (nnet-combine-fast[5.5.1139~1-67548]:Propagate():nnet-update.cc:114) Stddev of data for component 3 for this minibatch is 2.88748
VLOG[3] (nnet-combine-fast[5.5.1139~1-67548]:Propagate():nnet-update.cc:114) Stddev of data for component 4 for this minibatch is 0.568861
VLOG[3] (nnet-combine-fast[5.5.1139~1-67548]:Propagate():nnet-update.cc:114) Stddev of data for component 4 for this minibatch is 0.572497
VLOG[3] (nnet-combine-fast[5.5.1139~1-67548]:Propagate():nnet-update.cc:114) Stddev of data for component 5 for this minibatch is 6.4184
VLOG[3] (nnet-combine-fast[5.5.1139~1-67548]:Propagate():nnet-update.cc:114) Stddev of data for component 4 for this minibatch is 0.573661
VLOG[3] (nnet-combine-fast[5.5.1139~1-67548]:Propagate():nnet-update.cc:114) Stddev of data for component 4 for this minibatch is 0.570214
VLOG[3] (nnet-combine-fast[5.5.1139~1-67548]:Propagate():nnet-update.cc:114) Stddev of data for component 5 for this minibatch is 6.45669
VLOG[3] (nnet-combine-fast[5.5.1139~1-67548]:Propagate():nnet-update.cc:114) Stddev of data for component 5 for this minibatch is 6.51811
VLOG[3] (nnet-combine-fast[5.5.1139~1-67548]:Propagate():nnet-update.cc:114) Stddev of data for component 0 for this minibatch is 198.904
VLOG[3] (nnet-combine-fast[5.5.1139~1-67548]:Propagate():nnet-update.cc:114) Stddev of data for component 1 for this minibatch is 198.904
VLOG[3] (nnet-combine-fast[5.5.1139~1-67548]:Propagate():nnet-update.cc:114) Stddev of data for component 5 for this minibatch is 6.45798
VLOG[3] (nnet-combine-fast[5.5.1139~1-67548]:Propagate():nnet-update.cc:114) Stddev of data for component 2 for this minibatch is 0.145446
VLOG[3] (nnet-combine-fast[5.5.1139~1-67548]:Propagate():nnet-update.cc:114) Stddev of data for component 0 for this minibatch is 212.345
VLOG[3] (nnet-combine-fast[5.5.1139~1-67548]:Propagate():nnet-update.cc:114) Stddev of data for component 3 for this minibatch is 2.8388
VLOG[3] (nnet-combine-fast[5.5.1139~1-67548]:Propagate():nnet-update.cc:114) Stddev of data for component 1 for this minibatch is 212.345
VLOG[3] (nnet-combine-fast[5.5.1139~1-67548]:Propagate():nnet-update.cc:114) Stddev of data for component 2 for this minibatch is 0.156388
VLOG[3] (nnet-combine-fast[5.5.1139~1-67548]:Propagate():nnet-update.cc:114) Stddev of data for component 3 for this minibatch is 3.04989
VLOG[3] (nnet-combine-fast[5.5.1139~1-67548]:Propagate():nnet-update.cc:114) Stddev of data for component 0 for this minibatch is 214.248
VLOG[3] (nnet-combine-fast[5.5.1139~1-67548]:Propagate():nnet-update.cc:114) Stddev of data for component 1 for this minibatch is 214.248
VLOG[3] (nnet-combine-fast[5.5.1139~1-67548]:Propagate():nnet-update.cc:114) Stddev of data for component 2 for this minibatch is 0.156584
VLOG[3] (nnet-combine-fast[5.5.1139~1-67548]:Propagate():nnet-update.cc:114) Stddev of data for component 3 for this minibatch is 3.11236
VLOG[3] (nnet-combine-fast[5.5.1139~1-67548]:Propagate():nnet-update.cc:114) Stddev of data for component 4 for this minibatch is 0.566418
VLOG[3] (nnet-combine-fast[5.5.1139~1-67548]:Propagate():nnet-update.cc:114) Stddev of data for component 0 for this minibatch is 215.249
VLOG[3] (nnet-combine-fast[5.5.1139~1-67548]:Propagate():nnet-update.cc:114) Stddev of data for component 1 for this minibatch is 215.249
VLOG[3] (nnet-combine-fast[5.5.1139~1-67548]:Propagate():nnet-update.cc:114) Stddev of data for component 2 for this minibatch is 0.149357
VLOG[3] (nnet-combine-fast[5.5.1139~1-67548]:Propagate():nnet-update.cc:114) Stddev of data for component 3 for this minibatch is 2.80691
VLOG[3] (nnet-combine-fast[5.5.1139~1-67548]:Propagate():nnet-update.cc:114) Stddev of data for component 5 for this minibatch is 6.53498
VLOG[3] (nnet-combine-fast[5.5.1139~1-67548]:Propagate():nnet-update.cc:114) Stddev of data for component 4 for this minibatch is 0.565552
VLOG[3] (nnet-combine-fast[5.5.1139~1-67548]:Propagate():nnet-update.cc:114) Stddev of data for component 0 for this minibatch is 201.521
VLOG[3] (nnet-combine-fast[5.5.1139~1-67548]:Propagate():nnet-update.cc:114) Stddev of data for component 1 for this minibatch is 201.521
VLOG[3] (nnet-combine-fast[5.5.1139~1-67548]:Propagate():nnet-update.cc:114) Stddev of data for component 4 for this minibatch is 0.575231
VLOG[3] (nnet-combine-fast[5.5.1139~1-67548]:Propagate():nnet-update.cc:114) Stddev of data for component 2 for this minibatch is 0.15263
VLOG[3] (nnet-combine-fast[5.5.1139~1-67548]:Propagate():nnet-update.cc:114) Stddev of data for component 3 for this minibatch is 2.91306
VLOG[3] (nnet-combine-fast[5.5.1139~1-67548]:Propagate():nnet-update.cc:114) Stddev of data for component 4 for this minibatch is 0.563688
VLOG[3] (nnet-combine-fast[5.5.1139~1-67548]:Propagate():nnet-update.cc:114) Stddev of data for component 0 for this minibatch is 226.835
VLOG[3] (nnet-combine-fast[5.5.1139~1-67548]:Propagate():nnet-update.cc:114) Stddev of data for component 1 for this minibatch is 226.835
VLOG[3] (nnet-combine-fast[5.5.1139~1-67548]:Propagate():nnet-update.cc:114) Stddev of data for component 5 for this minibatch is 6.50122
VLOG[3] (nnet-combine-fast[5.5.1139~1-67548]:Propagate():nnet-update.cc:114) Stddev of data for component 2 for this minibatch is 0.160821
VLOG[3] (nnet-combine-fast[5.5.1139~1-67548]:Propagate():nnet-update.cc:114) Stddev of data for component 3 for this minibatch is 3.08157
VLOG[3] (nnet-combine-fast[5.5.1139~1-67548]:Propagate():nnet-update.cc:114) Stddev of data for component 5 for this minibatch is 7.12211
VLOG[3] (nnet-combine-fast[5.5.1139~1-67548]:Propagate():nnet-update.cc:114) Stddev of data for component 4 for this minibatch is 0.572994
VLOG[3] (nnet-combine-fast[5.5.1139~1-67548]:Propagate():nnet-update.cc:114) Stddev of data for component 5 for this minibatch is 6.92916
VLOG[3] (nnet-combine-fast[5.5.1139~1-67548]:Propagate():nnet-update.cc:114) Stddev of data for component 0 for this minibatch is 213.127
VLOG[3] (nnet-combine-fast[5.5.1139~1-67548]:Propagate():nnet-update.cc:114) Stddev of data for component 1 for this minibatch is 213.127
VLOG[3] (nnet-combine-fast[5.5.1139~1-67548]:Propagate():nnet-update.cc:114) Stddev of data for component 2 for this minibatch is 0.162383
VLOG[3] (nnet-combine-fast[5.5.1139~1-67548]:Propagate():nnet-update.cc:114) Stddev of data for component 3 for this minibatch is 3.0912
VLOG[3] (nnet-combine-fast[5.5.1139~1-67548]:Propagate():nnet-update.cc:114) Stddev of data for component 4 for this minibatch is 0.567589
VLOG[3] (nnet-combine-fast[5.5.1139~1-67548]:Propagate():nnet-update.cc:114) Stddev of data for component 5 for this minibatch is 6.76504
VLOG[3] (nnet-combine-fast[5.5.1139~1-67548]:Propagate():nnet-update.cc:114) Stddev of data for component 4 for this minibatch is 0.571375
VLOG[3] (nnet-combine-fast[5.5.1139~1-67548]:Propagate():nnet-update.cc:114) Stddev of data for component 5 for this minibatch is 6.7129
VLOG[3] (nnet-combine-fast[5.5.1139~1-67548]:Propagate():nnet-update.cc:114) Stddev of data for component 5 for this minibatch is 6.8189
VLOG[2] (nnet-combine-fast[5.5.1139~1-67548]:DoBackpropParallel():nnet-update-parallel.cc:264) Did backprop on 2000 examples, average log-prob per frame is -2.36053
LOG (nnet-combine-fast[5.5.1139~1-67548]:GetInitialModel():combine-nnet-fast.cc:403) Objective functions for the source neural nets are  [ -2.36053 ]

LOG (nnet-combine-fast[5.5.1139~1-67548]:GetInitialParams():combine-nnet-fast.cc:282) Initializing with neural net with index 0
VLOG[3] (nnet-combine-fast[5.5.1139~1-67548]:Propagate():nnet-update.cc:114) Stddev of data for component 0 for this minibatch is 189.901
VLOG[3] (nnet-combine-fast[5.5.1139~1-67548]:Propagate():nnet-update.cc:114) Stddev of data for component 0 for this minibatch is 208.57
VLOG[3] (nnet-combine-fast[5.5.1139~1-67548]:Propagate():nnet-update.cc:114) Stddev of data for component 1 for this minibatch is 208.57
VLOG[3] (nnet-combine-fast[5.5.1139~1-67548]:Propagate():nnet-update.cc:114) Stddev of data for component 2 for this minibatch is 0.15252
VLOG[2] (nnet-combine-fast[5.5.1139~1-67548]:DoBackpropParallel():nnet-update-parallel.cc:264) Did backprop on 2000 examples, average log-prob per frame is -2.36053
VLOG[2] (nnet-combine-fast[5.5.1139~1-67548]:ComputeObjfAndGradient():combine-nnet-fast.cc:347) Objf is -2.36053, raw gradient is  [ 0.0713443 0.0837182 ]

VLOG[2] (nnet-combine-fast[5.5.1139~1-67548]:DoBackpropParallel():nnet-update-parallel.cc:264) Did backprop on 2000 examples, average log-prob per frame is -2.35675
VLOG[2] (nnet-combine-fast[5.5.1139~1-67548]:ComputeObjfAndGradient():combine-nnet-fast.cc:347) Objf is -2.35675, raw gradient is  [ 0.00683013 0.0423592 ]

VLOG[3] (nnet-combine-fast[5.5.1139~1-67548]:StepSizeIteration():optimization.cc:240) In step size iteration, function value changed -2.36053 to -2.35675
VLOG[3] (nnet-combine-fast[5.5.1139~1-67548]:StepSizeIteration():optimization.cc:323) d = 2, iter = 0, action = accept
VLOG[3] (nnet-combine-fast[5.5.1139~1-67548]:AcceptStep():optimization.cc:194) Accepted step; length was 0.0863496, prod was -0.0106344
VLOG[2] (nnet-combine-fast[5.5.1139~1-67548]:DoBackpropParallel():nnet-update-parallel.cc:264) Did backprop on 2000 examples, average log-prob per frame is -2.35658
VLOG[2] (nnet-combine-fast[5.5.1139~1-67548]:ComputeObjfAndGradient():combine-nnet-fast.cc:347) Objf is -2.35658, raw gradient is  [ -0.00855246 -0.0323039 ]

VLOG[3] (nnet-combine-fast[5.5.1139~1-67548]:StepSizeIteration():optimization.cc:240) In step size iteration, function value changed -2.35675 to -2.35658
VLOG[3] (nnet-combine-fast[5.5.1139~1-67548]:StepSizeIteration():optimization.cc:323) d = 2, iter = 1, action = accept
VLOG[3] (nnet-combine-fast[5.5.1139~1-67548]:AcceptStep():optimization.cc:194) Accepted step; length was 0.0272161, prod was -0.00201833
VLOG[2] (nnet-combine-fast[5.5.1139~1-67548]:DoBackpropParallel():nnet-update-parallel.cc:264) Did backprop on 2000 examples, average log-prob per frame is -2.3564
VLOG[2] (nnet-combine-fast[5.5.1139~1-67548]:ComputeObjfAndGradient():combine-nnet-fast.cc:347) Objf is -2.3564, raw gradient is  [ -0.000989639 -0.00210442 ]

VLOG[3] (nnet-combine-fast[5.5.1139~1-67548]:StepSizeIteration():optimization.cc:240) In step size iteration, function value changed -2.35658 to -2.3564
VLOG[3] (nnet-combine-fast[5.5.1139~1-67548]:StepSizeIteration():optimization.cc:323) d = 2, iter = 2, action = accept
VLOG[3] (nnet-combine-fast[5.5.1139~1-67548]:AcceptStep():optimization.cc:194) Accepted step; length was 0.0120714, prod was -0.000320819
VLOG[2] (nnet-combine-fast[5.5.1139~1-67548]:DoBackpropParallel():nnet-update-parallel.cc:264) Did backprop on 2000 examples, average log-prob per frame is -2.3564
VLOG[2] (nnet-combine-fast[5.5.1139~1-67548]:ComputeObjfAndGradient():combine-nnet-fast.cc:347) Objf is -2.3564, raw gradient is  [ -0.000356735 -0.000156318 ]

VLOG[3] (nnet-combine-fast[5.5.1139~1-67548]:StepSizeIteration():optimization.cc:240) In step size iteration, function value changed -2.3564 to -2.3564
VLOG[3] (nnet-combine-fast[5.5.1139~1-67548]:StepSizeIteration():optimization.cc:323) d = 2, iter = 3, action = accept
VLOG[3] (nnet-combine-fast[5.5.1139~1-67548]:AcceptStep():optimization.cc:194) Accepted step; length was 0.000978201, prod was -1.3424e-06
VLOG[2] (nnet-combine-fast[5.5.1139~1-67548]:DoBackpropParallel():nnet-update-parallel.cc:264) Did backprop on 2000 examples, average log-prob per frame is -2.3564
VLOG[2] (nnet-combine-fast[5.5.1139~1-67548]:ComputeObjfAndGradient():combine-nnet-fast.cc:347) Objf is -2.3564, raw gradient is  [ -9.85641e-05 0.00012222 ]

VLOG[3] (nnet-combine-fast[5.5.1139~1-67548]:StepSizeIteration():optimization.cc:240) In step size iteration, function value changed -2.3564 to -2.3564
VLOG[3] (nnet-combine-fast[5.5.1139~1-67548]:StepSizeIteration():optimization.cc:323) d = 2, iter = 4, action = decrease
VLOG[2] (nnet-combine-fast[5.5.1139~1-67548]:DoBackpropParallel():nnet-update-parallel.cc:264) Did backprop on 2000 examples, average log-prob per frame is -2.3564
VLOG[2] (nnet-combine-fast[5.5.1139~1-67548]:ComputeObjfAndGradient():combine-nnet-fast.cc:347) Objf is -2.3564, raw gradient is  [ -0.000227829 -1.71964e-05 ]

VLOG[3] (nnet-combine-fast[5.5.1139~1-67548]:StepSizeIteration():optimization.cc:240) In step size iteration, function value changed -2.3564 to -2.3564
VLOG[3] (nnet-combine-fast[5.5.1139~1-67548]:StepSizeIteration():optimization.cc:323) d = 2, iter = 4, action = decrease
VLOG[2] (nnet-combine-fast[5.5.1139~1-67548]:DoBackpropParallel():nnet-update-parallel.cc:264) Did backprop on 2000 examples, average log-prob per frame is -2.3564
VLOG[2] (nnet-combine-fast[5.5.1139~1-67548]:ComputeObjfAndGradient():combine-nnet-fast.cc:347) Objf is -2.3564, raw gradient is  [ -0.00029232 -8.70502e-05 ]

VLOG[3] (nnet-combine-fast[5.5.1139~1-67548]:StepSizeIteration():optimization.cc:240) In step size iteration, function value changed -2.3564 to -2.3564
VLOG[3] (nnet-combine-fast[5.5.1139~1-67548]:StepSizeIteration():optimization.cc:323) d = 2, iter = 4, action = decrease
VLOG[2] (nnet-combine-fast[5.5.1139~1-67548]:DoBackpropParallel():nnet-update-parallel.cc:264) Did backprop on 2000 examples, average log-prob per frame is -2.3564
VLOG[2] (nnet-combine-fast[5.5.1139~1-67548]:ComputeObjfAndGradient():combine-nnet-fast.cc:347) Objf is -2.3564, raw gradient is  [ -0.000324516 -0.000121559 ]

VLOG[3] (nnet-combine-fast[5.5.1139~1-67548]:StepSizeIteration():optimization.cc:240) In step size iteration, function value changed -2.3564 to -2.3564
VLOG[3] (nnet-combine-fast[5.5.1139~1-67548]:StepSizeIteration():optimization.cc:323) d = 2, iter = 4, action = decrease
VLOG[2] (nnet-combine-fast[5.5.1139~1-67548]:DoBackpropParallel():nnet-update-parallel.cc:264) Did backprop on 2000 examples, average log-prob per frame is -2.3564
VLOG[2] (nnet-combine-fast[5.5.1139~1-67548]:ComputeObjfAndGradient():combine-nnet-fast.cc:347) Objf is -2.3564, raw gradient is  [ -0.000340626 -0.000138973 ]

VLOG[3] (nnet-combine-fast[5.5.1139~1-67548]:StepSizeIteration():optimization.cc:240) In step size iteration, function value changed -2.3564 to -2.3564
VLOG[3] (nnet-combine-fast[5.5.1139~1-67548]:StepSizeIteration():optimization.cc:323) d = 1.41421, iter = 4, action = increase
LOG (nnet-combine-fast[5.5.1139~1-67548]:ComputeCurrentNnet():combine-nnet-fast.cc:373) Scale parameters are  [
  1.16883 0.974466 ]

LOG (nnet-combine-fast[5.5.1139~1-67548]:FastNnetCombiner():combine-nnet-fast.cc:152) Combining nnets, objf per frame changed from -2.36053 to -2.3564
LOG (nnet-combine-fast[5.5.1139~1-67548]:main():nnet-combine-fast.cc:124) Finished combining neural nets, wrote model to exp_FG/DNN_tri_8_2000_aligned_layer3_nodes256/1.mdl
# Accounting: time=1 threads=1
# Ended (code 0) at Mon Jul  8 09:46:00 IST 2024, elapsed time 1 seconds
