# nnet-subset-egs --n=2000 --randomize-order=true --srand=15 ark:exp_FG/DNN_tri_8_2000_aligned_layer3_nodes256/egs/train_diagnostic.egs ark:- | nnet-combine-fast --use-gpu=no --num-threads=16 --verbose=3 --minibatch-size=125 exp_FG/DNN_tri_8_2000_aligned_layer3_nodes256/16.mdl ark:- exp_FG/DNN_tri_8_2000_aligned_layer3_nodes256/16.mdl 
# Started at Mon Jul  8 09:59:51 IST 2024
#
nnet-subset-egs --n=2000 --randomize-order=true --srand=15 ark:exp_FG/DNN_tri_8_2000_aligned_layer3_nodes256/egs/train_diagnostic.egs ark:- 
nnet-combine-fast --use-gpu=no --num-threads=16 --verbose=3 --minibatch-size=125 exp_FG/DNN_tri_8_2000_aligned_layer3_nodes256/16.mdl ark:- exp_FG/DNN_tri_8_2000_aligned_layer3_nodes256/16.mdl 
LOG (nnet-subset-egs[5.5.1139~1-67548]:main():nnet-subset-egs.cc:93) Selected a subset of 2000 out of 4000 neural-network training examples 
LOG (nnet-combine-fast[5.5.1139~1-67548]:main():nnet-combine-fast.cc:108) Read 2000 examples from the validation set.
VLOG[3] (nnet-combine-fast[5.5.1139~1-67548]:Propagate():nnet-update.cc:114) Stddev of data for component 0 for this minibatch is 202.674
VLOG[3] (nnet-combine-fast[5.5.1139~1-67548]:Propagate():nnet-update.cc:114) Stddev of data for component 0 for this minibatch is 203.897
VLOG[3] (nnet-combine-fast[5.5.1139~1-67548]:Propagate():nnet-update.cc:114) Stddev of data for component 1 for this minibatch is 202.674
VLOG[3] (nnet-combine-fast[5.5.1139~1-67548]:Propagate():nnet-update.cc:114) Stddev of data for component 1 for this minibatch is 203.897
VLOG[3] (nnet-combine-fast[5.5.1139~1-67548]:Propagate():nnet-update.cc:114) Stddev of data for component 2 for this minibatch is 0.156504
VLOG[3] (nnet-combine-fast[5.5.1139~1-67548]:Propagate():nnet-update.cc:114) Stddev of data for component 2 for this minibatch is 0.156731
VLOG[3] (nnet-combine-fast[5.5.1139~1-67548]:Propagate():nnet-update.cc:114) Stddev of data for component 3 for this minibatch is 8.11208
VLOG[3] (nnet-combine-fast[5.5.1139~1-67548]:Propagate():nnet-update.cc:114) Stddev of data for component 3 for this minibatch is 8.13091
VLOG[3] (nnet-combine-fast[5.5.1139~1-67548]:Propagate():nnet-update.cc:114) Stddev of data for component 4 for this minibatch is 0.724961
VLOG[3] (nnet-combine-fast[5.5.1139~1-67548]:Propagate():nnet-update.cc:114) Stddev of data for component 4 for this minibatch is 0.72611
VLOG[3] (nnet-combine-fast[5.5.1139~1-67548]:Propagate():nnet-update.cc:114) Stddev of data for component 5 for this minibatch is 19.3357
VLOG[3] (nnet-combine-fast[5.5.1139~1-67548]:Propagate():nnet-update.cc:114) Stddev of data for component 5 for this minibatch is 19.8303
VLOG[3] (nnet-combine-fast[5.5.1139~1-67548]:Propagate():nnet-update.cc:114) Stddev of data for component 6 for this minibatch is 0.847396
VLOG[3] (nnet-combine-fast[5.5.1139~1-67548]:Propagate():nnet-update.cc:114) Stddev of data for component 0 for this minibatch is 210.071
VLOG[3] (nnet-combine-fast[5.5.1139~1-67548]:Propagate():nnet-update.cc:114) Stddev of data for component 7 for this minibatch is 15.0587
VLOG[3] (nnet-combine-fast[5.5.1139~1-67548]:Propagate():nnet-update.cc:114) Stddev of data for component 1 for this minibatch is 210.071
VLOG[3] (nnet-combine-fast[5.5.1139~1-67548]:Propagate():nnet-update.cc:114) Stddev of data for component 2 for this minibatch is 0.159282
VLOG[3] (nnet-combine-fast[5.5.1139~1-67548]:Propagate():nnet-update.cc:114) Stddev of data for component 3 for this minibatch is 8.20401
VLOG[3] (nnet-combine-fast[5.5.1139~1-67548]:Propagate():nnet-update.cc:114) Stddev of data for component 4 for this minibatch is 0.727107
VLOG[3] (nnet-combine-fast[5.5.1139~1-67548]:Propagate():nnet-update.cc:114) Stddev of data for component 5 for this minibatch is 20.1319
VLOG[3] (nnet-combine-fast[5.5.1139~1-67548]:Propagate():nnet-update.cc:114) Stddev of data for component 0 for this minibatch is 207.836
VLOG[3] (nnet-combine-fast[5.5.1139~1-67548]:Propagate():nnet-update.cc:114) Stddev of data for component 1 for this minibatch is 207.836
VLOG[3] (nnet-combine-fast[5.5.1139~1-67548]:Propagate():nnet-update.cc:114) Stddev of data for component 2 for this minibatch is 0.162084
VLOG[3] (nnet-combine-fast[5.5.1139~1-67548]:Propagate():nnet-update.cc:114) Stddev of data for component 3 for this minibatch is 8.33322
VLOG[3] (nnet-combine-fast[5.5.1139~1-67548]:Propagate():nnet-update.cc:114) Stddev of data for component 4 for this minibatch is 0.728597
VLOG[3] (nnet-combine-fast[5.5.1139~1-67548]:Propagate():nnet-update.cc:114) Stddev of data for component 5 for this minibatch is 19.745
VLOG[3] (nnet-combine-fast[5.5.1139~1-67548]:Propagate():nnet-update.cc:114) Stddev of data for component 6 for this minibatch is 0.849098
VLOG[3] (nnet-combine-fast[5.5.1139~1-67548]:Propagate():nnet-update.cc:114) Stddev of data for component 0 for this minibatch is 208.012
VLOG[3] (nnet-combine-fast[5.5.1139~1-67548]:Propagate():nnet-update.cc:114) Stddev of data for component 1 for this minibatch is 208.012
VLOG[3] (nnet-combine-fast[5.5.1139~1-67548]:Propagate():nnet-update.cc:114) Stddev of data for component 0 for this minibatch is 199.638
VLOG[3] (nnet-combine-fast[5.5.1139~1-67548]:Propagate():nnet-update.cc:114) Stddev of data for component 1 for this minibatch is 199.638
VLOG[3] (nnet-combine-fast[5.5.1139~1-67548]:Propagate():nnet-update.cc:114) Stddev of data for component 2 for this minibatch is 0.155008
VLOG[3] (nnet-combine-fast[5.5.1139~1-67548]:Propagate():nnet-update.cc:114) Stddev of data for component 3 for this minibatch is 8.22372
VLOG[3] (nnet-combine-fast[5.5.1139~1-67548]:Propagate():nnet-update.cc:114) Stddev of data for component 2 for this minibatch is 0.163486
VLOG[3] (nnet-combine-fast[5.5.1139~1-67548]:Propagate():nnet-update.cc:114) Stddev of data for component 3 for this minibatch is 8.49023
VLOG[3] (nnet-combine-fast[5.5.1139~1-67548]:Propagate():nnet-update.cc:114) Stddev of data for component 0 for this minibatch is 215.268
VLOG[3] (nnet-combine-fast[5.5.1139~1-67548]:Propagate():nnet-update.cc:114) Stddev of data for component 1 for this minibatch is 215.268
VLOG[3] (nnet-combine-fast[5.5.1139~1-67548]:Propagate():nnet-update.cc:114) Stddev of data for component 2 for this minibatch is 0.154197
VLOG[3] (nnet-combine-fast[5.5.1139~1-67548]:Propagate():nnet-update.cc:114) Stddev of data for component 3 for this minibatch is 8.14716
VLOG[3] (nnet-combine-fast[5.5.1139~1-67548]:Propagate():nnet-update.cc:114) Stddev of data for component 0 for this minibatch is 206.706
VLOG[3] (nnet-combine-fast[5.5.1139~1-67548]:Propagate():nnet-update.cc:114) Stddev of data for component 1 for this minibatch is 206.706
VLOG[3] (nnet-combine-fast[5.5.1139~1-67548]:Propagate():nnet-update.cc:114) Stddev of data for component 2 for this minibatch is 0.149167
VLOG[3] (nnet-combine-fast[5.5.1139~1-67548]:Propagate():nnet-update.cc:114) Stddev of data for component 3 for this minibatch is 7.8726
VLOG[3] (nnet-combine-fast[5.5.1139~1-67548]:Propagate():nnet-update.cc:114) Stddev of data for component 8 for this minibatch is 0.819107
VLOG[3] (nnet-combine-fast[5.5.1139~1-67548]:Propagate():nnet-update.cc:114) Stddev of data for component 4 for this minibatch is 0.718974
VLOG[3] (nnet-combine-fast[5.5.1139~1-67548]:Propagate():nnet-update.cc:114) Stddev of data for component 4 for this minibatch is 0.7212
VLOG[3] (nnet-combine-fast[5.5.1139~1-67548]:Propagate():nnet-update.cc:114) Stddev of data for component 5 for this minibatch is 19.9955
VLOG[3] (nnet-combine-fast[5.5.1139~1-67548]:Propagate():nnet-update.cc:114) Stddev of data for component 6 for this minibatch is 0.845566
VLOG[3] (nnet-combine-fast[5.5.1139~1-67548]:Propagate():nnet-update.cc:114) Stddev of data for component 5 for this minibatch is 20.117
VLOG[3] (nnet-combine-fast[5.5.1139~1-67548]:Propagate():nnet-update.cc:114) Stddev of data for component 6 for this minibatch is 0.847886
VLOG[3] (nnet-combine-fast[5.5.1139~1-67548]:Propagate():nnet-update.cc:114) Stddev of data for component 0 for this minibatch is 198.898
VLOG[3] (nnet-combine-fast[5.5.1139~1-67548]:Propagate():nnet-update.cc:114) Stddev of data for component 1 for this minibatch is 198.898
VLOG[3] (nnet-combine-fast[5.5.1139~1-67548]:Propagate():nnet-update.cc:114) Stddev of data for component 2 for this minibatch is 0.160486
VLOG[3] (nnet-combine-fast[5.5.1139~1-67548]:Propagate():nnet-update.cc:114) Stddev of data for component 3 for this minibatch is 8.28607
VLOG[3] (nnet-combine-fast[5.5.1139~1-67548]:Propagate():nnet-update.cc:114) Stddev of data for component 6 for this minibatch is 0.847348
VLOG[3] (nnet-combine-fast[5.5.1139~1-67548]:Propagate():nnet-update.cc:114) Stddev of data for component 7 for this minibatch is 15.1242
VLOG[3] (nnet-combine-fast[5.5.1139~1-67548]:Propagate():nnet-update.cc:114) Stddev of data for component 9 for this minibatch is 15.6622
VLOG[3] (nnet-combine-fast[5.5.1139~1-67548]:Propagate():nnet-update.cc:114) Stddev of data for component 6 for this minibatch is 0.849752
VLOG[3] (nnet-combine-fast[5.5.1139~1-67548]:Propagate():nnet-update.cc:114) Stddev of data for component 7 for this minibatch is 15.4855
VLOG[3] (nnet-combine-fast[5.5.1139~1-67548]:Propagate():nnet-update.cc:114) Stddev of data for component 10 for this minibatch is 1.44089e-05
VLOG[3] (nnet-combine-fast[5.5.1139~1-67548]:Propagate():nnet-update.cc:114) Stddev of data for component 0 for this minibatch is 200.064
VLOG[3] (nnet-combine-fast[5.5.1139~1-67548]:Propagate():nnet-update.cc:114) Stddev of data for component 1 for this minibatch is 200.064
VLOG[3] (nnet-combine-fast[5.5.1139~1-67548]:Propagate():nnet-update.cc:114) Stddev of data for component 2 for this minibatch is 0.153917
VLOG[3] (nnet-combine-fast[5.5.1139~1-67548]:Propagate():nnet-update.cc:114) Stddev of data for component 3 for this minibatch is 7.91111
VLOG[3] (nnet-combine-fast[5.5.1139~1-67548]:Propagate():nnet-update.cc:114) Stddev of data for component 7 for this minibatch is 15.2245
VLOG[3] (nnet-combine-fast[5.5.1139~1-67548]:Propagate():nnet-update.cc:114) Stddev of data for component 4 for this minibatch is 0.726356
VLOG[3] (nnet-combine-fast[5.5.1139~1-67548]:Propagate():nnet-update.cc:114) Stddev of data for component 5 for this minibatch is 19.5788
VLOG[3] (nnet-combine-fast[5.5.1139~1-67548]:Propagate():nnet-update.cc:114) Stddev of data for component 6 for this minibatch is 0.847394
VLOG[3] (nnet-combine-fast[5.5.1139~1-67548]:Propagate():nnet-update.cc:114) Stddev of data for component 7 for this minibatch is 15.0566
VLOG[3] (nnet-combine-fast[5.5.1139~1-67548]:Propagate():nnet-update.cc:114) Stddev of data for component 0 for this minibatch is 195.271
VLOG[3] (nnet-combine-fast[5.5.1139~1-67548]:Propagate():nnet-update.cc:114) Stddev of data for component 1 for this minibatch is 195.271
VLOG[3] (nnet-combine-fast[5.5.1139~1-67548]:Propagate():nnet-update.cc:114) Stddev of data for component 2 for this minibatch is 0.154897
VLOG[3] (nnet-combine-fast[5.5.1139~1-67548]:Propagate():nnet-update.cc:114) Stddev of data for component 3 for this minibatch is 7.87866
VLOG[3] (nnet-combine-fast[5.5.1139~1-67548]:Propagate():nnet-update.cc:114) Stddev of data for component 7 for this minibatch is 15.3742
VLOG[3] (nnet-combine-fast[5.5.1139~1-67548]:Propagate():nnet-update.cc:114) Stddev of data for component 4 for this minibatch is 0.730696
VLOG[3] (nnet-combine-fast[5.5.1139~1-67548]:Propagate():nnet-update.cc:114) Stddev of data for component 5 for this minibatch is 20.1162
VLOG[3] (nnet-combine-fast[5.5.1139~1-67548]:Propagate():nnet-update.cc:114) Stddev of data for component 0 for this minibatch is 215.078
VLOG[3] (nnet-combine-fast[5.5.1139~1-67548]:Propagate():nnet-update.cc:114) Stddev of data for component 1 for this minibatch is 215.078
VLOG[3] (nnet-combine-fast[5.5.1139~1-67548]:Propagate():nnet-update.cc:114) Stddev of data for component 6 for this minibatch is 0.84703
VLOG[3] (nnet-combine-fast[5.5.1139~1-67548]:Propagate():nnet-update.cc:114) Stddev of data for component 2 for this minibatch is 0.148988
VLOG[3] (nnet-combine-fast[5.5.1139~1-67548]:Propagate():nnet-update.cc:114) Stddev of data for component 7 for this minibatch is 15.2997
VLOG[3] (nnet-combine-fast[5.5.1139~1-67548]:Propagate():nnet-update.cc:114) Stddev of data for component 3 for this minibatch is 7.91923
VLOG[3] (nnet-combine-fast[5.5.1139~1-67548]:Propagate():nnet-update.cc:114) Stddev of data for component 0 for this minibatch is 200.606
VLOG[3] (nnet-combine-fast[5.5.1139~1-67548]:Propagate():nnet-update.cc:114) Stddev of data for component 1 for this minibatch is 200.607
VLOG[3] (nnet-combine-fast[5.5.1139~1-67548]:Propagate():nnet-update.cc:114) Stddev of data for component 0 for this minibatch is 190.428
VLOG[3] (nnet-combine-fast[5.5.1139~1-67548]:Propagate():nnet-update.cc:114) Stddev of data for component 1 for this minibatch is 190.428
VLOG[3] (nnet-combine-fast[5.5.1139~1-67548]:Propagate():nnet-update.cc:114) Stddev of data for component 2 for this minibatch is 0.155054
VLOG[3] (nnet-combine-fast[5.5.1139~1-67548]:Propagate():nnet-update.cc:114) Stddev of data for component 2 for this minibatch is 0.151598
VLOG[3] (nnet-combine-fast[5.5.1139~1-67548]:Propagate():nnet-update.cc:114) Stddev of data for component 4 for this minibatch is 0.727324
VLOG[3] (nnet-combine-fast[5.5.1139~1-67548]:Propagate():nnet-update.cc:114) Stddev of data for component 3 for this minibatch is 7.8528
VLOG[3] (nnet-combine-fast[5.5.1139~1-67548]:Propagate():nnet-update.cc:114) Stddev of data for component 5 for this minibatch is 19.9836
VLOG[3] (nnet-combine-fast[5.5.1139~1-67548]:Propagate():nnet-update.cc:114) Stddev of data for component 6 for this minibatch is 0.847945
VLOG[3] (nnet-combine-fast[5.5.1139~1-67548]:Propagate():nnet-update.cc:114) Stddev of data for component 7 for this minibatch is 15.4356
VLOG[3] (nnet-combine-fast[5.5.1139~1-67548]:Propagate():nnet-update.cc:114) Stddev of data for component 3 for this minibatch is 8.07395
VLOG[3] (nnet-combine-fast[5.5.1139~1-67548]:Propagate():nnet-update.cc:114) Stddev of data for component 0 for this minibatch is 212.167
VLOG[3] (nnet-combine-fast[5.5.1139~1-67548]:Propagate():nnet-update.cc:114) Stddev of data for component 1 for this minibatch is 212.167
VLOG[3] (nnet-combine-fast[5.5.1139~1-67548]:Propagate():nnet-update.cc:114) Stddev of data for component 2 for this minibatch is 0.151892
VLOG[3] (nnet-combine-fast[5.5.1139~1-67548]:Propagate():nnet-update.cc:114) Stddev of data for component 3 for this minibatch is 8.03173
VLOG[3] (nnet-combine-fast[5.5.1139~1-67548]:Propagate():nnet-update.cc:114) Stddev of data for component 4 for this minibatch is 0.724146
VLOG[3] (nnet-combine-fast[5.5.1139~1-67548]:Propagate():nnet-update.cc:114) Stddev of data for component 4 for this minibatch is 0.724494
VLOG[3] (nnet-combine-fast[5.5.1139~1-67548]:Propagate():nnet-update.cc:114) Stddev of data for component 7 for this minibatch is 15.3581
VLOG[3] (nnet-combine-fast[5.5.1139~1-67548]:Propagate():nnet-update.cc:114) Stddev of data for component 0 for this minibatch is 205.446
VLOG[3] (nnet-combine-fast[5.5.1139~1-67548]:Propagate():nnet-update.cc:114) Stddev of data for component 4 for this minibatch is 0.727906
VLOG[2] (nnet-combine-fast[5.5.1139~1-67548]:DoBackpropParallel():nnet-update-parallel.cc:264) Did backprop on 2000 examples, average log-prob per frame is -1.06813
LOG (nnet-combine-fast[5.5.1139~1-67548]:GetInitialModel():combine-nnet-fast.cc:403) Objective functions for the source neural nets are  [ -1.06813 ]

LOG (nnet-combine-fast[5.5.1139~1-67548]:GetInitialParams():combine-nnet-fast.cc:282) Initializing with neural net with index 0
VLOG[2] (nnet-combine-fast[5.5.1139~1-67548]:DoBackpropParallel():nnet-update-parallel.cc:264) Did backprop on 2000 examples, average log-prob per frame is -1.06813
VLOG[2] (nnet-combine-fast[5.5.1139~1-67548]:ComputeObjfAndGradient():combine-nnet-fast.cc:347) Objf is -1.06813, raw gradient is  [ -0.0490513 -0.0350511 0.0236097 0.234916 ]

VLOG[2] (nnet-combine-fast[5.5.1139~1-67548]:DoBackpropParallel():nnet-update-parallel.cc:264) Did backprop on 2000 examples, average log-prob per frame is -1.05952
VLOG[2] (nnet-combine-fast[5.5.1139~1-67548]:ComputeObjfAndGradient():combine-nnet-fast.cc:347) Objf is -1.05952, raw gradient is  [ -0.0373579 -0.0257574 0.0239051 0.17373 ]

VLOG[3] (nnet-combine-fast[5.5.1139~1-67548]:StepSizeIteration():optimization.cc:240) In step size iteration, function value changed -1.06813 to -1.05952
VLOG[3] (nnet-combine-fast[5.5.1139~1-67548]:StepSizeIteration():optimization.cc:323) d = 2, iter = 0, action = accept
VLOG[3] (nnet-combine-fast[5.5.1139~1-67548]:AcceptStep():optimization.cc:194) Accepted step; length was 0.0722058, prod was -0.00274447
VLOG[2] (nnet-combine-fast[5.5.1139~1-67548]:DoBackpropParallel():nnet-update-parallel.cc:264) Did backprop on 2000 examples, average log-prob per frame is -1.0636
VLOG[2] (nnet-combine-fast[5.5.1139~1-67548]:ComputeObjfAndGradient():combine-nnet-fast.cc:347) Objf is -1.0636, raw gradient is  [ 0.0475288 0.100489 -0.0318013 0.0178801 ]

VLOG[3] (nnet-combine-fast[5.5.1139~1-67548]:StepSizeIteration():optimization.cc:240) In step size iteration, function value changed -1.05952 to -1.0636
VLOG[3] (nnet-combine-fast[5.5.1139~1-67548]:StepSizeIteration():optimization.cc:323) d = 2, iter = 1, action = decrease
VLOG[2] (nnet-combine-fast[5.5.1139~1-67548]:DoBackpropParallel():nnet-update-parallel.cc:264) Did backprop on 2000 examples, average log-prob per frame is -1.05287
VLOG[2] (nnet-combine-fast[5.5.1139~1-67548]:ComputeObjfAndGradient():combine-nnet-fast.cc:347) Objf is -1.05287, raw gradient is  [ 0.00204637 0.0138138 -0.0148789 0.088577 ]

VLOG[3] (nnet-combine-fast[5.5.1139~1-67548]:StepSizeIteration():optimization.cc:240) In step size iteration, function value changed -1.05952 to -1.05287
VLOG[3] (nnet-combine-fast[5.5.1139~1-67548]:StepSizeIteration():optimization.cc:323) d = 2, iter = 1, action = accept
VLOG[3] (nnet-combine-fast[5.5.1139~1-67548]:AcceptStep():optimization.cc:194) Accepted step; length was 0.153773, prod was -0.0177543
VLOG[2] (nnet-combine-fast[5.5.1139~1-67548]:DoBackpropParallel():nnet-update-parallel.cc:264) Did backprop on 2000 examples, average log-prob per frame is -1.04793
VLOG[2] (nnet-combine-fast[5.5.1139~1-67548]:ComputeObjfAndGradient():combine-nnet-fast.cc:347) Objf is -1.04793, raw gradient is  [ -0.00829666 -0.0149695 -0.00797129 0.000712867 ]

VLOG[3] (nnet-combine-fast[5.5.1139~1-67548]:StepSizeIteration():optimization.cc:240) In step size iteration, function value changed -1.05287 to -1.04793
VLOG[3] (nnet-combine-fast[5.5.1139~1-67548]:StepSizeIteration():optimization.cc:323) d = 2, iter = 2, action = accept
VLOG[3] (nnet-combine-fast[5.5.1139~1-67548]:AcceptStep():optimization.cc:194) Accepted step; length was 0.100351, prod was -0.00991139
VLOG[2] (nnet-combine-fast[5.5.1139~1-67548]:DoBackpropParallel():nnet-update-parallel.cc:264) Did backprop on 2000 examples, average log-prob per frame is -1.04743
VLOG[2] (nnet-combine-fast[5.5.1139~1-67548]:ComputeObjfAndGradient():combine-nnet-fast.cc:347) Objf is -1.04743, raw gradient is  [ -0.000691727 -0.00055928 0.00179695 -0.000913855 ]

VLOG[3] (nnet-combine-fast[5.5.1139~1-67548]:StepSizeIteration():optimization.cc:240) In step size iteration, function value changed -1.04793 to -1.04743
VLOG[3] (nnet-combine-fast[5.5.1139~1-67548]:StepSizeIteration():optimization.cc:323) d = 2, iter = 3, action = accept
VLOG[3] (nnet-combine-fast[5.5.1139~1-67548]:AcceptStep():optimization.cc:194) Accepted step; length was 0.0248004, prod was -0.00113216
VLOG[2] (nnet-combine-fast[5.5.1139~1-67548]:DoBackpropParallel():nnet-update-parallel.cc:264) Did backprop on 2000 examples, average log-prob per frame is -1.04742
VLOG[2] (nnet-combine-fast[5.5.1139~1-67548]:ComputeObjfAndGradient():combine-nnet-fast.cc:347) Objf is -1.04742, raw gradient is  [ 0.000129349 0.000190041 -0.000344528 -0.000247819 ]

VLOG[3] (nnet-combine-fast[5.5.1139~1-67548]:StepSizeIteration():optimization.cc:240) In step size iteration, function value changed -1.04743 to -1.04742
VLOG[3] (nnet-combine-fast[5.5.1139~1-67548]:StepSizeIteration():optimization.cc:323) d = 2, iter = 4, action = accept
VLOG[3] (nnet-combine-fast[5.5.1139~1-67548]:AcceptStep():optimization.cc:194) Accepted step; length was 0.00297006, prod was -3.02835e-05
VLOG[2] (nnet-combine-fast[5.5.1139~1-67548]:DoBackpropParallel():nnet-update-parallel.cc:264) Did backprop on 2000 examples, average log-prob per frame is -1.04742
VLOG[2] (nnet-combine-fast[5.5.1139~1-67548]:ComputeObjfAndGradient():combine-nnet-fast.cc:347) Objf is -1.04742, raw gradient is  [ -4.45557e-05 -6.53458e-06 -1.99852e-05 -6.66752e-05 ]

VLOG[3] (nnet-combine-fast[5.5.1139~1-67548]:StepSizeIteration():optimization.cc:240) In step size iteration, function value changed -1.04742 to -1.04742
VLOG[3] (nnet-combine-fast[5.5.1139~1-67548]:StepSizeIteration():optimization.cc:323) d = 2, iter = 5, action = accept
VLOG[3] (nnet-combine-fast[5.5.1139~1-67548]:AcceptStep():optimization.cc:194) Accepted step; length was 0.000600368, prod was -6.95439e-07
VLOG[2] (nnet-combine-fast[5.5.1139~1-67548]:DoBackpropParallel():nnet-update-parallel.cc:264) Did backprop on 2000 examples, average log-prob per frame is -1.04742
VLOG[2] (nnet-combine-fast[5.5.1139~1-67548]:ComputeObjfAndGradient():combine-nnet-fast.cc:347) Objf is -1.04742, raw gradient is  [ -2.26593e-05 6.31332e-06 5.6076e-07 -2.19784e-05 ]

VLOG[3] (nnet-combine-fast[5.5.1139~1-67548]:StepSizeIteration():optimization.cc:240) In step size iteration, function value changed -1.04742 to -1.04742
VLOG[3] (nnet-combine-fast[5.5.1139~1-67548]:StepSizeIteration():optimization.cc:323) d = 2, iter = 6, action = decrease
VLOG[2] (nnet-combine-fast[5.5.1139~1-67548]:DoBackpropParallel():nnet-update-parallel.cc:264) Did backprop on 2000 examples, average log-prob per frame is -1.04742
VLOG[2] (nnet-combine-fast[5.5.1139~1-67548]:ComputeObjfAndGradient():combine-nnet-fast.cc:347) Objf is -1.04742, raw gradient is  [ -3.37982e-05 -1.14441e-07 -9.7332e-06 -4.42553e-05 ]

VLOG[3] (nnet-combine-fast[5.5.1139~1-67548]:StepSizeIteration():optimization.cc:240) In step size iteration, function value changed -1.04742 to -1.04742
VLOG[3] (nnet-combine-fast[5.5.1139~1-67548]:StepSizeIteration():optimization.cc:323) d = 2, iter = 6, action = decrease
LOG (nnet-combine-fast[5.5.1139~1-67548]:ComputeCurrentNnet():combine-nnet-fast.cc:373) Scale parameters are  [
  0.948306 0.871159 1.00627 1.1565 ]

LOG (nnet-combine-fast[5.5.1139~1-67548]:FastNnetCombiner():combine-nnet-fast.cc:152) Combining nnets, objf per frame changed from -1.06813 to -1.04742
LOG (nnet-combine-fast[5.5.1139~1-67548]:main():nnet-combine-fast.cc:124) Finished combining neural nets, wrote model to exp_FG/DNN_tri_8_2000_aligned_layer3_nodes256/16.mdl
# Accounting: time=5 threads=1
# Ended (code 0) at Mon Jul  8 09:59:56 IST 2024, elapsed time 5 seconds
