# nnet-shuffle-egs --buffer-size=5000 --srand=1 ark:exp_FG/DNN_tri_8_2000_aligned_layer3_nodes256/egs/egs.1.0.ark ark:- | nnet-train-parallel --num-threads=16 --minibatch-size=128 --srand=1 "nnet-init --srand=1 exp_FG/DNN_tri_8_2000_aligned_layer3_nodes256/hidden.config - | nnet-insert exp_FG/DNN_tri_8_2000_aligned_layer3_nodes256/1.mdl - - |" ark:- exp_FG/DNN_tri_8_2000_aligned_layer3_nodes256/2.1.mdl 
# Started at Mon Jul  8 09:46:00 IST 2024
#
nnet-shuffle-egs --buffer-size=5000 --srand=1 ark:exp_FG/DNN_tri_8_2000_aligned_layer3_nodes256/egs/egs.1.0.ark ark:- 
nnet-train-parallel --num-threads=16 --minibatch-size=128 --srand=1 'nnet-init --srand=1 exp_FG/DNN_tri_8_2000_aligned_layer3_nodes256/hidden.config - | nnet-insert exp_FG/DNN_tri_8_2000_aligned_layer3_nodes256/1.mdl - - |' ark:- exp_FG/DNN_tri_8_2000_aligned_layer3_nodes256/2.1.mdl 
nnet-init --srand=1 exp_FG/DNN_tri_8_2000_aligned_layer3_nodes256/hidden.config - 
nnet-insert exp_FG/DNN_tri_8_2000_aligned_layer3_nodes256/1.mdl - - 
LOG (nnet-init[5.5.1139~1-67548]:main():nnet-init.cc:69) Initialized raw neural net and wrote it to -
LOG (nnet-insert[5.5.1139~1-67548]:main():nnet-insert.cc:106) Inserted 2 components at position 4
LOG (nnet-insert[5.5.1139~1-67548]:main():nnet-insert.cc:122) Randomized component index 6 with stddev 0.00625
LOG (nnet-insert[5.5.1139~1-67548]:main():nnet-insert.cc:132) Write neural-net acoustic model to -
LOG (nnet-train-parallel[5.5.1139~1-67548]:GetScalingFactor():nnet-component.cc:1536) Limiting step size to 10 using scaling factor 0.985981, for component index 4
LOG (nnet-train-parallel[5.5.1139~1-67548]:GetScalingFactor():nnet-component.cc:1536) Limiting step size to 10 using scaling factor 0.999502, for component index 4
LOG (nnet-train-parallel[5.5.1139~1-67548]:GetScalingFactor():nnet-component.cc:1536) Limiting step size to 10 using scaling factor 0.992616, for component index 4
LOG (nnet-train-parallel[5.5.1139~1-67548]:GetScalingFactor():nnet-component.cc:1536) Limiting step size to 10 using scaling factor 0.987227, for component index 4
LOG (nnet-train-parallel[5.5.1139~1-67548]:GetScalingFactor():nnet-component.cc:1536) Limiting step size to 10 using scaling factor 0.994934, for component index 4
LOG (nnet-train-parallel[5.5.1139~1-67548]:GetScalingFactor():nnet-component.cc:1536) Limiting step size to 10 using scaling factor 0.990222, for component index 4
LOG (nnet-train-parallel[5.5.1139~1-67548]:GetScalingFactor():nnet-component.cc:1536) Limiting step size to 10 using scaling factor 0.988082, for component index 4
LOG (nnet-train-parallel[5.5.1139~1-67548]:GetScalingFactor():nnet-component.cc:1536) Limiting step size to 10 using scaling factor 0.989332, for component index 4
LOG (nnet-train-parallel[5.5.1139~1-67548]:GetScalingFactor():nnet-component.cc:1536) Limiting step size to 10 using scaling factor 0.98953, for component index 4
LOG (nnet-train-parallel[5.5.1139~1-67548]:GetScalingFactor():nnet-component.cc:1536) Limiting step size to 10 using scaling factor 0.974944, for component index 4
LOG (nnet-shuffle-egs[5.5.1139~1-67548]:main():nnet-shuffle-egs.cc:104) Shuffled order of 212297 neural-network training examples using a buffer (partial randomization)
LOG (nnet-train-parallel[5.5.1139~1-67548]:DoBackpropParallel():nnet-update-parallel.cc:194) Did backprop on 212297 examples, average log-prob per frame is -2.88773
LOG (nnet-train-parallel[5.5.1139~1-67548]:DoBackpropParallel():nnet-update-parallel.cc:196) [this line is to be parsed by a script:] log-prob-per-frame=-2.88773
LOG (nnet-train-parallel[5.5.1139~1-67548]:main():nnet-train-parallel.cc:102) Finished training, processed 212297 training examples (weighted).  Wrote model to exp_FG/DNN_tri_8_2000_aligned_layer3_nodes256/2.1.mdl
# Accounting: time=38 threads=1
# Ended (code 0) at Mon Jul  8 09:46:38 IST 2024, elapsed time 38 seconds
