# compute-mfcc-feats --write-utt2dur=ark,t:dump/mfcc/train/log/utt2dur.8 --verbose=2 --config=conf/mfcc.conf scp,p:dump/mfcc/train/log/wav_train.8.scp ark:- | copy-feats --write-num-frames=ark,t:dump/mfcc/train/log/utt2num_frames.8 --compress=true ark:- ark,scp:/home/ssn/rachel/espnet/egs2/tamil_tts_finetune/tts1/dump/mfcc/train/data/raw_mfcc_train.8.ark,/home/ssn/rachel/espnet/egs2/tamil_tts_finetune/tts1/dump/mfcc/train/data/raw_mfcc_train.8.scp 
# Started at Fri May 31 12:56:06 IST 2024
#
compute-mfcc-feats --write-utt2dur=ark,t:dump/mfcc/train/log/utt2dur.8 --verbose=2 --config=conf/mfcc.conf scp,p:dump/mfcc/train/log/wav_train.8.scp ark:- 
copy-feats --write-num-frames=ark,t:dump/mfcc/train/log/utt2num_frames.8 --compress=true ark:- ark,scp:/home/ssn/rachel/espnet/egs2/tamil_tts_finetune/tts1/dump/mfcc/train/data/raw_mfcc_train.8.ark,/home/ssn/rachel/espnet/egs2/tamil_tts_finetune/tts1/dump/mfcc/train/data/raw_mfcc_train.8.scp 
VLOG[2] (compute-mfcc-feats[5.5.1126~1-8c451]:main():compute-mfcc-feats.cc:182) Processed features for key FAM_202
VLOG[2] (compute-mfcc-feats[5.5.1126~1-8c451]:main():compute-mfcc-feats.cc:182) Processed features for key FAM_203
VLOG[2] (compute-mfcc-feats[5.5.1126~1-8c451]:main():compute-mfcc-feats.cc:182) Processed features for key FAM_204
VLOG[2] (compute-mfcc-feats[5.5.1126~1-8c451]:main():compute-mfcc-feats.cc:182) Processed features for key FAM_205
VLOG[2] (compute-mfcc-feats[5.5.1126~1-8c451]:main():compute-mfcc-feats.cc:182) Processed features for key FAM_206
VLOG[2] (compute-mfcc-feats[5.5.1126~1-8c451]:main():compute-mfcc-feats.cc:182) Processed features for key FAM_207
VLOG[2] (compute-mfcc-feats[5.5.1126~1-8c451]:main():compute-mfcc-feats.cc:182) Processed features for key FAM_208
VLOG[2] (compute-mfcc-feats[5.5.1126~1-8c451]:main():compute-mfcc-feats.cc:182) Processed features for key FAM_209
VLOG[2] (compute-mfcc-feats[5.5.1126~1-8c451]:main():compute-mfcc-feats.cc:182) Processed features for key FAM_21
LOG (compute-mfcc-feats[5.5.1126~1-8c451]:main():compute-mfcc-feats.cc:181) Processed 10 utterances
VLOG[2] (compute-mfcc-feats[5.5.1126~1-8c451]:main():compute-mfcc-feats.cc:182) Processed features for key FAM_210
LOG (compute-mfcc-feats[5.5.1126~1-8c451]:main():compute-mfcc-feats.cc:185)  Done 10 out of 10 utterances.
LOG (copy-feats[5.5.1126~1-8c451]:main():copy-feats.cc:143) Copied 10 feature matrices.
# Accounting: time=0 threads=1
# Ended (code 0) at Fri May 31 12:56:06 IST 2024, elapsed time 0 seconds
