# compute-mfcc-feats --write-utt2dur=ark,t:dump/mfcc/train/log/utt2dur.24 --verbose=2 --config=conf/mfcc.conf scp,p:dump/mfcc/train/log/wav_train.24.scp ark:- | copy-feats --write-num-frames=ark,t:dump/mfcc/train/log/utt2num_frames.24 --compress=true ark:- ark,scp:/home/ssn/rachel/espnet/egs2/tamil_tts_finetune/tts1/dump/mfcc/train/data/raw_mfcc_train.24.ark,/home/ssn/rachel/espnet/egs2/tamil_tts_finetune/tts1/dump/mfcc/train/data/raw_mfcc_train.24.scp 
# Started at Fri May 31 12:56:06 IST 2024
#
copy-feats --write-num-frames=ark,t:dump/mfcc/train/log/utt2num_frames.24 --compress=true ark:- ark,scp:/home/ssn/rachel/espnet/egs2/tamil_tts_finetune/tts1/dump/mfcc/train/data/raw_mfcc_train.24.ark,/home/ssn/rachel/espnet/egs2/tamil_tts_finetune/tts1/dump/mfcc/train/data/raw_mfcc_train.24.scp 
compute-mfcc-feats --write-utt2dur=ark,t:dump/mfcc/train/log/utt2dur.24 --verbose=2 --config=conf/mfcc.conf scp,p:dump/mfcc/train/log/wav_train.24.scp ark:- 
VLOG[2] (compute-mfcc-feats[5.5.1126~1-8c451]:main():compute-mfcc-feats.cc:182) Processed features for key FAM_347
VLOG[2] (compute-mfcc-feats[5.5.1126~1-8c451]:main():compute-mfcc-feats.cc:182) Processed features for key FAM_348
VLOG[2] (compute-mfcc-feats[5.5.1126~1-8c451]:main():compute-mfcc-feats.cc:182) Processed features for key FAM_349
VLOG[2] (compute-mfcc-feats[5.5.1126~1-8c451]:main():compute-mfcc-feats.cc:182) Processed features for key FAM_35
VLOG[2] (compute-mfcc-feats[5.5.1126~1-8c451]:main():compute-mfcc-feats.cc:182) Processed features for key FAM_350
VLOG[2] (compute-mfcc-feats[5.5.1126~1-8c451]:main():compute-mfcc-feats.cc:182) Processed features for key FAM_351
VLOG[2] (compute-mfcc-feats[5.5.1126~1-8c451]:main():compute-mfcc-feats.cc:182) Processed features for key FAM_352
VLOG[2] (compute-mfcc-feats[5.5.1126~1-8c451]:main():compute-mfcc-feats.cc:182) Processed features for key FAM_353
VLOG[2] (compute-mfcc-feats[5.5.1126~1-8c451]:main():compute-mfcc-feats.cc:182) Processed features for key FAM_354
LOG (compute-mfcc-feats[5.5.1126~1-8c451]:main():compute-mfcc-feats.cc:181) Processed 10 utterances
VLOG[2] (compute-mfcc-feats[5.5.1126~1-8c451]:main():compute-mfcc-feats.cc:182) Processed features for key FAM_355
LOG (compute-mfcc-feats[5.5.1126~1-8c451]:main():compute-mfcc-feats.cc:185)  Done 10 out of 10 utterances.
LOG (copy-feats[5.5.1126~1-8c451]:main():copy-feats.cc:143) Copied 10 feature matrices.
# Accounting: time=1 threads=1
# Ended (code 0) at Fri May 31 12:56:07 IST 2024, elapsed time 1 seconds
