# compute-mfcc-feats --write-utt2dur=ark,t:dump/mfcc/train/log/utt2dur.11 --verbose=2 --config=conf/mfcc.conf scp,p:dump/mfcc/train/log/wav_train.11.scp ark:- | copy-feats --write-num-frames=ark,t:dump/mfcc/train/log/utt2num_frames.11 --compress=true ark:- ark,scp:/home/ssn/rachel/espnet/egs2/tamil_tts_finetune/tts1/dump/mfcc/train/data/raw_mfcc_train.11.ark,/home/ssn/rachel/espnet/egs2/tamil_tts_finetune/tts1/dump/mfcc/train/data/raw_mfcc_train.11.scp 
# Started at Fri May 31 12:56:06 IST 2024
#
copy-feats --write-num-frames=ark,t:dump/mfcc/train/log/utt2num_frames.11 --compress=true ark:- ark,scp:/home/ssn/rachel/espnet/egs2/tamil_tts_finetune/tts1/dump/mfcc/train/data/raw_mfcc_train.11.ark,/home/ssn/rachel/espnet/egs2/tamil_tts_finetune/tts1/dump/mfcc/train/data/raw_mfcc_train.11.scp 
compute-mfcc-feats --write-utt2dur=ark,t:dump/mfcc/train/log/utt2dur.11 --verbose=2 --config=conf/mfcc.conf scp,p:dump/mfcc/train/log/wav_train.11.scp ark:- 
VLOG[2] (compute-mfcc-feats[5.5.1126~1-8c451]:main():compute-mfcc-feats.cc:182) Processed features for key FAM_23
VLOG[2] (compute-mfcc-feats[5.5.1126~1-8c451]:main():compute-mfcc-feats.cc:182) Processed features for key FAM_230
VLOG[2] (compute-mfcc-feats[5.5.1126~1-8c451]:main():compute-mfcc-feats.cc:182) Processed features for key FAM_231
VLOG[2] (compute-mfcc-feats[5.5.1126~1-8c451]:main():compute-mfcc-feats.cc:182) Processed features for key FAM_232
VLOG[2] (compute-mfcc-feats[5.5.1126~1-8c451]:main():compute-mfcc-feats.cc:182) Processed features for key FAM_233
VLOG[2] (compute-mfcc-feats[5.5.1126~1-8c451]:main():compute-mfcc-feats.cc:182) Processed features for key FAM_234
VLOG[2] (compute-mfcc-feats[5.5.1126~1-8c451]:main():compute-mfcc-feats.cc:182) Processed features for key FAM_235
VLOG[2] (compute-mfcc-feats[5.5.1126~1-8c451]:main():compute-mfcc-feats.cc:182) Processed features for key FAM_236
VLOG[2] (compute-mfcc-feats[5.5.1126~1-8c451]:main():compute-mfcc-feats.cc:182) Processed features for key FAM_237
LOG (compute-mfcc-feats[5.5.1126~1-8c451]:main():compute-mfcc-feats.cc:181) Processed 10 utterances
VLOG[2] (compute-mfcc-feats[5.5.1126~1-8c451]:main():compute-mfcc-feats.cc:182) Processed features for key FAM_238
LOG (compute-mfcc-feats[5.5.1126~1-8c451]:main():compute-mfcc-feats.cc:185)  Done 10 out of 10 utterances.
LOG (copy-feats[5.5.1126~1-8c451]:main():copy-feats.cc:143) Copied 10 feature matrices.
# Accounting: time=0 threads=1
# Ended (code 0) at Fri May 31 12:56:06 IST 2024, elapsed time 0 seconds
