# gmm-acc-stats-ali exp_FG/tri_8_2000/24.mdl "ark,s,cs:apply-cmvn  --utt2spk=ark:data/train/split4/1/utt2spk scp:data/train/split4/1/cmvn.scp scp:data/train/split4/1/feats.scp ark:- | add-deltas  ark:- ark:- |" "ark,s,cs:gunzip -c exp_FG/tri_8_2000/ali.1.gz|" exp_FG/tri_8_2000/24.1.acc 
# Started at Wed Aug 28 00:11:09 IST 2024
#
gmm-acc-stats-ali exp_FG/tri_8_2000/24.mdl 'ark,s,cs:apply-cmvn  --utt2spk=ark:data/train/split4/1/utt2spk scp:data/train/split4/1/cmvn.scp scp:data/train/split4/1/feats.scp ark:- | add-deltas  ark:- ark:- |' 'ark,s,cs:gunzip -c exp_FG/tri_8_2000/ali.1.gz|' exp_FG/tri_8_2000/24.1.acc 
apply-cmvn --utt2spk=ark:data/train/split4/1/utt2spk scp:data/train/split4/1/cmvn.scp scp:data/train/split4/1/feats.scp ark:- 
add-deltas ark:- ark:- 
LOG (gmm-acc-stats-ali[5.5.1137~1-51744]:main():gmm-acc-stats-ali.cc:105) Processed 50 utterances; for utterance FAM1042 avg. like is -91.6418 over 466 frames.
LOG (gmm-acc-stats-ali[5.5.1137~1-51744]:main():gmm-acc-stats-ali.cc:105) Processed 100 utterances; for utterance FAM1088 avg. like is -92.2715 over 716 frames.
LOG (gmm-acc-stats-ali[5.5.1137~1-51744]:main():gmm-acc-stats-ali.cc:105) Processed 150 utterances; for utterance FAM1132 avg. like is -90.6139 over 517 frames.
LOG (gmm-acc-stats-ali[5.5.1137~1-51744]:main():gmm-acc-stats-ali.cc:105) Processed 200 utterances; for utterance FAM1178 avg. like is -92.3269 over 381 frames.
LOG (gmm-acc-stats-ali[5.5.1137~1-51744]:main():gmm-acc-stats-ali.cc:105) Processed 250 utterances; for utterance FAM1222 avg. like is -87.1543 over 279 frames.
LOG (gmm-acc-stats-ali[5.5.1137~1-51744]:main():gmm-acc-stats-ali.cc:105) Processed 300 utterances; for utterance FAM1268 avg. like is -88.5167 over 316 frames.
LOG (gmm-acc-stats-ali[5.5.1137~1-51744]:main():gmm-acc-stats-ali.cc:105) Processed 350 utterances; for utterance FAM1312 avg. like is -90.7674 over 287 frames.
LOG (gmm-acc-stats-ali[5.5.1137~1-51744]:main():gmm-acc-stats-ali.cc:105) Processed 400 utterances; for utterance FAM1358 avg. like is -89.275 over 187 frames.
LOG (gmm-acc-stats-ali[5.5.1137~1-51744]:main():gmm-acc-stats-ali.cc:105) Processed 450 utterances; for utterance FAM160 avg. like is -93.7093 over 90 frames.
LOG (gmm-acc-stats-ali[5.5.1137~1-51744]:main():gmm-acc-stats-ali.cc:105) Processed 500 utterances; for utterance FAM1777 avg. like is -78.6528 over 386 frames.
LOG (gmm-acc-stats-ali[5.5.1137~1-51744]:main():gmm-acc-stats-ali.cc:105) Processed 550 utterances; for utterance FAM1821 avg. like is -79.7441 over 273 frames.
LOG (gmm-acc-stats-ali[5.5.1137~1-51744]:main():gmm-acc-stats-ali.cc:105) Processed 600 utterances; for utterance FAM1867 avg. like is -82.0614 over 123 frames.
LOG (gmm-acc-stats-ali[5.5.1137~1-51744]:main():gmm-acc-stats-ali.cc:105) Processed 650 utterances; for utterance FAM1911 avg. like is -78.8733 over 86 frames.
WARNING (gmm-acc-stats-ali[5.5.1137~1-51744]:main():gmm-acc-stats-ali.cc:79) No alignment for utterance FAM1947
LOG (gmm-acc-stats-ali[5.5.1137~1-51744]:main():gmm-acc-stats-ali.cc:105) Processed 700 utterances; for utterance FAM1958 avg. like is -80.6444 over 276 frames.
LOG (gmm-acc-stats-ali[5.5.1137~1-51744]:main():gmm-acc-stats-ali.cc:105) Processed 750 utterances; for utterance FAM2001 avg. like is -81.6001 over 173 frames.
LOG (gmm-acc-stats-ali[5.5.1137~1-51744]:main():gmm-acc-stats-ali.cc:105) Processed 800 utterances; for utterance FAM2112 avg. like is -80.7696 over 239 frames.
LOG (gmm-acc-stats-ali[5.5.1137~1-51744]:main():gmm-acc-stats-ali.cc:105) Processed 850 utterances; for utterance FAM2160 avg. like is -84.1539 over 332 frames.
LOG (gmm-acc-stats-ali[5.5.1137~1-51744]:main():gmm-acc-stats-ali.cc:105) Processed 900 utterances; for utterance FAM2206 avg. like is -77.4589 over 298 frames.
LOG (gmm-acc-stats-ali[5.5.1137~1-51744]:main():gmm-acc-stats-ali.cc:105) Processed 950 utterances; for utterance FAM2252 avg. like is -83.3544 over 243 frames.
LOG (gmm-acc-stats-ali[5.5.1137~1-51744]:main():gmm-acc-stats-ali.cc:105) Processed 1000 utterances; for utterance FAM2298 avg. like is -79.6838 over 161 frames.
LOG (gmm-acc-stats-ali[5.5.1137~1-51744]:main():gmm-acc-stats-ali.cc:105) Processed 1050 utterances; for utterance FAM2342 avg. like is -76.2005 over 173 frames.
LOG (gmm-acc-stats-ali[5.5.1137~1-51744]:main():gmm-acc-stats-ali.cc:105) Processed 1100 utterances; for utterance FAM2388 avg. like is -85.272 over 609 frames.
LOG (gmm-acc-stats-ali[5.5.1137~1-51744]:main():gmm-acc-stats-ali.cc:105) Processed 1150 utterances; for utterance FAM2432 avg. like is -82.3745 over 603 frames.
LOG (gmm-acc-stats-ali[5.5.1137~1-51744]:main():gmm-acc-stats-ali.cc:105) Processed 1200 utterances; for utterance FAM2478 avg. like is -79.5352 over 333 frames.
LOG (gmm-acc-stats-ali[5.5.1137~1-51744]:main():gmm-acc-stats-ali.cc:105) Processed 1250 utterances; for utterance FAM2522 avg. like is -78.5247 over 323 frames.
LOG (gmm-acc-stats-ali[5.5.1137~1-51744]:main():gmm-acc-stats-ali.cc:105) Processed 1300 utterances; for utterance FAM2568 avg. like is -81.892 over 233 frames.
LOG (gmm-acc-stats-ali[5.5.1137~1-51744]:main():gmm-acc-stats-ali.cc:105) Processed 1350 utterances; for utterance FAM2612 avg. like is -84.1774 over 549 frames.
LOG (gmm-acc-stats-ali[5.5.1137~1-51744]:main():gmm-acc-stats-ali.cc:105) Processed 1400 utterances; for utterance FAM2658 avg. like is -81.3665 over 302 frames.
LOG (gmm-acc-stats-ali[5.5.1137~1-51744]:main():gmm-acc-stats-ali.cc:105) Processed 1450 utterances; for utterance FAM2702 avg. like is -79.9846 over 223 frames.
LOG (gmm-acc-stats-ali[5.5.1137~1-51744]:main():gmm-acc-stats-ali.cc:105) Processed 1500 utterances; for utterance FAM2748 avg. like is -85.2273 over 549 frames.
LOG (gmm-acc-stats-ali[5.5.1137~1-51744]:main():gmm-acc-stats-ali.cc:105) Processed 1550 utterances; for utterance FAM374 avg. like is -92.1455 over 284 frames.
LOG (gmm-acc-stats-ali[5.5.1137~1-51744]:main():gmm-acc-stats-ali.cc:105) Processed 1600 utterances; for utterance FAM419 avg. like is -83.7926 over 181 frames.
LOG (gmm-acc-stats-ali[5.5.1137~1-51744]:main():gmm-acc-stats-ali.cc:105) Processed 1650 utterances; for utterance FAM464 avg. like is -81.8206 over 219 frames.
LOG (gmm-acc-stats-ali[5.5.1137~1-51744]:main():gmm-acc-stats-ali.cc:105) Processed 1700 utterances; for utterance FAM509 avg. like is -80.0301 over 82 frames.
LOG (gmm-acc-stats-ali[5.5.1137~1-51744]:main():gmm-acc-stats-ali.cc:105) Processed 1750 utterances; for utterance FAM554 avg. like is -81.0086 over 141 frames.
LOG (gmm-acc-stats-ali[5.5.1137~1-51744]:main():gmm-acc-stats-ali.cc:105) Processed 1800 utterances; for utterance FAM6 avg. like is -93.4183 over 239 frames.
LOG (gmm-acc-stats-ali[5.5.1137~1-51744]:main():gmm-acc-stats-ali.cc:105) Processed 1850 utterances; for utterance FAM644 avg. like is -88.0012 over 246 frames.
LOG (gmm-acc-stats-ali[5.5.1137~1-51744]:main():gmm-acc-stats-ali.cc:105) Processed 1900 utterances; for utterance FAM758 avg. like is -87.9379 over 248 frames.
LOG (gmm-acc-stats-ali[5.5.1137~1-51744]:main():gmm-acc-stats-ali.cc:105) Processed 1950 utterances; for utterance FAM802 avg. like is -86.5857 over 281 frames.
LOG (gmm-acc-stats-ali[5.5.1137~1-51744]:main():gmm-acc-stats-ali.cc:105) Processed 2000 utterances; for utterance FAM849 avg. like is -86.9957 over 187 frames.
LOG (gmm-acc-stats-ali[5.5.1137~1-51744]:main():gmm-acc-stats-ali.cc:105) Processed 2050 utterances; for utterance FAM895 avg. like is -81.3372 over 221 frames.
LOG (gmm-acc-stats-ali[5.5.1137~1-51744]:main():gmm-acc-stats-ali.cc:105) Processed 2100 utterances; for utterance FAM94 avg. like is -93.2976 over 315 frames.
LOG (gmm-acc-stats-ali[5.5.1137~1-51744]:main():gmm-acc-stats-ali.cc:105) Processed 2150 utterances; for utterance FAM985 avg. like is -84.736 over 244 frames.
LOG (gmm-acc-stats-ali[5.5.1137~1-51744]:main():gmm-acc-stats-ali.cc:105) Processed 2200 utterances; for utterance FBL1029 avg. like is -91.6604 over 443 frames.
LOG (gmm-acc-stats-ali[5.5.1137~1-51744]:main():gmm-acc-stats-ali.cc:105) Processed 2250 utterances; for utterance FBL1074 avg. like is -87.9788 over 427 frames.
LOG (gmm-acc-stats-ali[5.5.1137~1-51744]:main():gmm-acc-stats-ali.cc:105) Processed 2300 utterances; for utterance FBL1119 avg. like is -89.1687 over 611 frames.
LOG (gmm-acc-stats-ali[5.5.1137~1-51744]:main():gmm-acc-stats-ali.cc:105) Processed 2350 utterances; for utterance FBL1164 avg. like is -90.3127 over 308 frames.
LOG (gmm-acc-stats-ali[5.5.1137~1-51744]:main():gmm-acc-stats-ali.cc:105) Processed 2400 utterances; for utterance FBL1209 avg. like is -90.4262 over 518 frames.
LOG (gmm-acc-stats-ali[5.5.1137~1-51744]:main():gmm-acc-stats-ali.cc:105) Processed 2450 utterances; for utterance FBL1254 avg. like is -91.1692 over 406 frames.
LOG (gmm-acc-stats-ali[5.5.1137~1-51744]:main():gmm-acc-stats-ali.cc:105) Processed 2500 utterances; for utterance FBL13 avg. like is -89.4181 over 465 frames.
LOG (gmm-acc-stats-ali[5.5.1137~1-51744]:main():gmm-acc-stats-ali.cc:105) Processed 2550 utterances; for utterance FBL1344 avg. like is -90.0365 over 483 frames.
LOG (gmm-acc-stats-ali[5.5.1137~1-51744]:main():gmm-acc-stats-ali.cc:105) Processed 2600 utterances; for utterance FBL147 avg. like is -102.983 over 90 frames.
WARNING (gmm-acc-stats-ali[5.5.1137~1-51744]:main():gmm-acc-stats-ali.cc:79) No alignment for utterance FBL1747
LOG (gmm-acc-stats-ali[5.5.1137~1-51744]:main():gmm-acc-stats-ali.cc:105) Processed 2650 utterances; for utterance FBL1764 avg. like is -85.8638 over 286 frames.
WARNING (gmm-acc-stats-ali[5.5.1137~1-51744]:main():gmm-acc-stats-ali.cc:79) No alignment for utterance FBL1775
LOG (gmm-acc-stats-ali[5.5.1137~1-51744]:main():gmm-acc-stats-ali.cc:105) Processed 2700 utterances; for utterance FBL181 avg. like is -93.8533 over 94 frames.
WARNING (gmm-acc-stats-ali[5.5.1137~1-51744]:main():gmm-acc-stats-ali.cc:79) No alignment for utterance FBL1833
WARNING (gmm-acc-stats-ali[5.5.1137~1-51744]:main():gmm-acc-stats-ali.cc:79) No alignment for utterance FBL1845
LOG (gmm-acc-stats-ali[5.5.1137~1-51744]:main():gmm-acc-stats-ali.cc:105) Processed 2750 utterances; for utterance FBL1857 avg. like is -84.7006 over 86 frames.
LOG (gmm-acc-stats-ali[5.5.1137~1-51744]:main():gmm-acc-stats-ali.cc:105) Processed 2800 utterances; for utterance FBL1901 avg. like is -81.7848 over 129 frames.
LOG (gmm-acc-stats-ali[5.5.1137~1-51744]:main():gmm-acc-stats-ali.cc:105) Processed 2850 utterances; for utterance FBL1947 avg. like is -87.3474 over 111 frames.
WARNING (gmm-acc-stats-ali[5.5.1137~1-51744]:main():gmm-acc-stats-ali.cc:79) No alignment for utterance FBL1975
WARNING (gmm-acc-stats-ali[5.5.1137~1-51744]:main():gmm-acc-stats-ali.cc:79) No alignment for utterance FBL1981
LOG (gmm-acc-stats-ali[5.5.1137~1-51744]:main():gmm-acc-stats-ali.cc:105) Processed 2900 utterances; for utterance FBL1994 avg. like is -86.474 over 311 frames.
WARNING (gmm-acc-stats-ali[5.5.1137~1-51744]:main():gmm-acc-stats-ali.cc:79) No alignment for utterance FBL2027
WARNING (gmm-acc-stats-ali[5.5.1137~1-51744]:main():gmm-acc-stats-ali.cc:79) No alignment for utterance FBL2028
WARNING (gmm-acc-stats-ali[5.5.1137~1-51744]:main():gmm-acc-stats-ali.cc:79) No alignment for utterance FBL2029
LOG (gmm-acc-stats-ali[5.5.1137~1-51744]:main():gmm-acc-stats-ali.cc:105) Processed 2950 utterances; for utterance FBL207 avg. like is -91.7048 over 108 frames.
WARNING (gmm-acc-stats-ali[5.5.1137~1-51744]:main():gmm-acc-stats-ali.cc:79) No alignment for utterance FBL2124
WARNING (gmm-acc-stats-ali[5.5.1137~1-51744]:main():gmm-acc-stats-ali.cc:79) No alignment for utterance FBL2134
WARNING (gmm-acc-stats-ali[5.5.1137~1-51744]:main():gmm-acc-stats-ali.cc:79) No alignment for utterance FBL2154
LOG (gmm-acc-stats-ali[5.5.1137~1-51744]:main():gmm-acc-stats-ali.cc:105) Processed 3000 utterances; for utterance FBL2157 avg. like is -89.0278 over 486 frames.
WARNING (gmm-acc-stats-ali[5.5.1137~1-51744]:main():gmm-acc-stats-ali.cc:79) No alignment for utterance FBL2159
WARNING (gmm-acc-stats-ali[5.5.1137~1-51744]:main():gmm-acc-stats-ali.cc:79) No alignment for utterance FBL2163
WARNING (gmm-acc-stats-ali[5.5.1137~1-51744]:main():gmm-acc-stats-ali.cc:79) No alignment for utterance FBL2186
WARNING (gmm-acc-stats-ali[5.5.1137~1-51744]:main():gmm-acc-stats-ali.cc:79) No alignment for utterance FBL2197
LOG (gmm-acc-stats-ali[5.5.1137~1-51744]:main():gmm-acc-stats-ali.cc:105) Processed 3050 utterances; for utterance FBL2206 avg. like is -88.2508 over 298 frames.
WARNING (gmm-acc-stats-ali[5.5.1137~1-51744]:main():gmm-acc-stats-ali.cc:79) No alignment for utterance FBL2231
WARNING (gmm-acc-stats-ali[5.5.1137~1-51744]:main():gmm-acc-stats-ali.cc:79) No alignment for utterance FBL2232
WARNING (gmm-acc-stats-ali[5.5.1137~1-51744]:main():gmm-acc-stats-ali.cc:79) No alignment for utterance FBL2241
LOG (gmm-acc-stats-ali[5.5.1137~1-51744]:main():gmm-acc-stats-ali.cc:105) Processed 3100 utterances; for utterance FBL2255 avg. like is -85.2427 over 298 frames.
WARNING (gmm-acc-stats-ali[5.5.1137~1-51744]:main():gmm-acc-stats-ali.cc:79) No alignment for utterance FBL2294
LOG (gmm-acc-stats-ali[5.5.1137~1-51744]:main():gmm-acc-stats-ali.cc:105) Processed 3150 utterances; for utterance FBL2300 avg. like is -84.0118 over 186 frames.
WARNING (gmm-acc-stats-ali[5.5.1137~1-51744]:main():gmm-acc-stats-ali.cc:79) No alignment for utterance FBL2314
WARNING (gmm-acc-stats-ali[5.5.1137~1-51744]:main():gmm-acc-stats-ali.cc:79) No alignment for utterance FBL2322
WARNING (gmm-acc-stats-ali[5.5.1137~1-51744]:main():gmm-acc-stats-ali.cc:79) No alignment for utterance FBL2323
LOG (gmm-acc-stats-ali[5.5.1137~1-51744]:main():gmm-acc-stats-ali.cc:105) Processed 3200 utterances; for utterance FBL2349 avg. like is -85.6948 over 286 frames.
WARNING (gmm-acc-stats-ali[5.5.1137~1-51744]:main():gmm-acc-stats-ali.cc:79) No alignment for utterance FBL2367
WARNING (gmm-acc-stats-ali[5.5.1137~1-51744]:main():gmm-acc-stats-ali.cc:79) No alignment for utterance FBL2379
WARNING (gmm-acc-stats-ali[5.5.1137~1-51744]:main():gmm-acc-stats-ali.cc:79) No alignment for utterance FBL2383
WARNING (gmm-acc-stats-ali[5.5.1137~1-51744]:main():gmm-acc-stats-ali.cc:79) No alignment for utterance FBL2385
LOG (gmm-acc-stats-ali[5.5.1137~1-51744]:main():gmm-acc-stats-ali.cc:105) Processed 3250 utterances; for utterance FBL2398 avg. like is -85.7716 over 623 frames.
WARNING (gmm-acc-stats-ali[5.5.1137~1-51744]:main():gmm-acc-stats-ali.cc:79) No alignment for utterance FBL2414
WARNING (gmm-acc-stats-ali[5.5.1137~1-51744]:main():gmm-acc-stats-ali.cc:79) No alignment for utterance FBL2422
WARNING (gmm-acc-stats-ali[5.5.1137~1-51744]:main():gmm-acc-stats-ali.cc:79) No alignment for utterance FBL2424
WARNING (gmm-acc-stats-ali[5.5.1137~1-51744]:main():gmm-acc-stats-ali.cc:79) No alignment for utterance FBL2439
WARNING (gmm-acc-stats-ali[5.5.1137~1-51744]:main():gmm-acc-stats-ali.cc:79) No alignment for utterance FBL2443
LOG (gmm-acc-stats-ali[5.5.1137~1-51744]:main():gmm-acc-stats-ali.cc:105) Processed 3300 utterances; for utterance FBL2447 avg. like is -85.5081 over 173 frames.
WARNING (gmm-acc-stats-ali[5.5.1137~1-51744]:main():gmm-acc-stats-ali.cc:79) No alignment for utterance FBL2448
WARNING (gmm-acc-stats-ali[5.5.1137~1-51744]:main():gmm-acc-stats-ali.cc:79) No alignment for utterance FBL2475
WARNING (gmm-acc-stats-ali[5.5.1137~1-51744]:main():gmm-acc-stats-ali.cc:79) No alignment for utterance FBL2476
WARNING (gmm-acc-stats-ali[5.5.1137~1-51744]:main():gmm-acc-stats-ali.cc:79) No alignment for utterance FBL2480
WARNING (gmm-acc-stats-ali[5.5.1137~1-51744]:main():gmm-acc-stats-ali.cc:79) No alignment for utterance FBL2482
WARNING (gmm-acc-stats-ali[5.5.1137~1-51744]:main():gmm-acc-stats-ali.cc:79) No alignment for utterance FBL2488
WARNING (gmm-acc-stats-ali[5.5.1137~1-51744]:main():gmm-acc-stats-ali.cc:79) No alignment for utterance FBL2489
WARNING (gmm-acc-stats-ali[5.5.1137~1-51744]:main():gmm-acc-stats-ali.cc:79) No alignment for utterance FBL2490
WARNING (gmm-acc-stats-ali[5.5.1137~1-51744]:main():gmm-acc-stats-ali.cc:79) No alignment for utterance FBL2491
WARNING (gmm-acc-stats-ali[5.5.1137~1-51744]:main():gmm-acc-stats-ali.cc:79) No alignment for utterance FBL2492
WARNING (gmm-acc-stats-ali[5.5.1137~1-51744]:main():gmm-acc-stats-ali.cc:79) No alignment for utterance FBL2498
LOG (gmm-acc-stats-ali[5.5.1137~1-51744]:main():gmm-acc-stats-ali.cc:105) Processed 3350 utterances; for utterance FBL2501 avg. like is -87.7217 over 498 frames.
WARNING (gmm-acc-stats-ali[5.5.1137~1-51744]:main():gmm-acc-stats-ali.cc:79) No alignment for utterance FBL2504
WARNING (gmm-acc-stats-ali[5.5.1137~1-51744]:main():gmm-acc-stats-ali.cc:79) No alignment for utterance FBL2509
WARNING (gmm-acc-stats-ali[5.5.1137~1-51744]:main():gmm-acc-stats-ali.cc:79) No alignment for utterance FBL2513
WARNING (gmm-acc-stats-ali[5.5.1137~1-51744]:main():gmm-acc-stats-ali.cc:79) No alignment for utterance FBL2532
WARNING (gmm-acc-stats-ali[5.5.1137~1-51744]:main():gmm-acc-stats-ali.cc:79) No alignment for utterance FBL2535
LOG (gmm-acc-stats-ali[5.5.1137~1-51744]:main():gmm-acc-stats-ali.cc:105) Processed 3400 utterances; for utterance FBL2551 avg. like is -90.3627 over 923 frames.
WARNING (gmm-acc-stats-ali[5.5.1137~1-51744]:main():gmm-acc-stats-ali.cc:79) No alignment for utterance FBL2554
WARNING (gmm-acc-stats-ali[5.5.1137~1-51744]:main():gmm-acc-stats-ali.cc:79) No alignment for utterance FBL2571
WARNING (gmm-acc-stats-ali[5.5.1137~1-51744]:main():gmm-acc-stats-ali.cc:79) No alignment for utterance FBL2572
WARNING (gmm-acc-stats-ali[5.5.1137~1-51744]:main():gmm-acc-stats-ali.cc:79) No alignment for utterance FBL2579
WARNING (gmm-acc-stats-ali[5.5.1137~1-51744]:main():gmm-acc-stats-ali.cc:79) No alignment for utterance FBL2582
WARNING (gmm-acc-stats-ali[5.5.1137~1-51744]:main():gmm-acc-stats-ali.cc:79) No alignment for utterance FBL2585
WARNING (gmm-acc-stats-ali[5.5.1137~1-51744]:main():gmm-acc-stats-ali.cc:79) No alignment for utterance FBL2589
LOG (gmm-acc-stats-ali[5.5.1137~1-51744]:main():gmm-acc-stats-ali.cc:105) Processed 3450 utterances; for utterance FBL2602 avg. like is -84.6949 over 448 frames.
WARNING (gmm-acc-stats-ali[5.5.1137~1-51744]:main():gmm-acc-stats-ali.cc:79) No alignment for utterance FBL2607
WARNING (gmm-acc-stats-ali[5.5.1137~1-51744]:main():gmm-acc-stats-ali.cc:79) No alignment for utterance FBL2636
WARNING (gmm-acc-stats-ali[5.5.1137~1-51744]:main():gmm-acc-stats-ali.cc:79) No alignment for utterance FBL2641
WARNING (gmm-acc-stats-ali[5.5.1137~1-51744]:main():gmm-acc-stats-ali.cc:79) No alignment for utterance FBL2647
LOG (gmm-acc-stats-ali[5.5.1137~1-51744]:main():gmm-acc-stats-ali.cc:105) Processed 3500 utterances; for utterance FBL2651 avg. like is -88.0391 over 473 frames.
WARNING (gmm-acc-stats-ali[5.5.1137~1-51744]:main():gmm-acc-stats-ali.cc:79) No alignment for utterance FBL2666
WARNING (gmm-acc-stats-ali[5.5.1137~1-51744]:main():gmm-acc-stats-ali.cc:79) No alignment for utterance FBL2684
WARNING (gmm-acc-stats-ali[5.5.1137~1-51744]:main():gmm-acc-stats-ali.cc:79) No alignment for utterance FBL2686
WARNING (gmm-acc-stats-ali[5.5.1137~1-51744]:main():gmm-acc-stats-ali.cc:79) No alignment for utterance FBL2695
LOG (gmm-acc-stats-ali[5.5.1137~1-51744]:main():gmm-acc-stats-ali.cc:105) Processed 3550 utterances; for utterance FBL270 avg. like is -95.7636 over 314 frames.
WARNING (gmm-acc-stats-ali[5.5.1137~1-51744]:main():gmm-acc-stats-ali.cc:79) No alignment for utterance FBL2706
WARNING (gmm-acc-stats-ali[5.5.1137~1-51744]:main():gmm-acc-stats-ali.cc:79) No alignment for utterance FBL2708
WARNING (gmm-acc-stats-ali[5.5.1137~1-51744]:main():gmm-acc-stats-ali.cc:79) No alignment for utterance FBL2714
LOG (gmm-acc-stats-ali[5.5.1137~1-51744]:main():gmm-acc-stats-ali.cc:105) Processed 3600 utterances; for utterance FBL2748 avg. like is -88.8117 over 723 frames.
WARNING (gmm-acc-stats-ali[5.5.1137~1-51744]:main():gmm-acc-stats-ali.cc:79) No alignment for utterance FBL2752
WARNING (gmm-acc-stats-ali[5.5.1137~1-51744]:main():gmm-acc-stats-ali.cc:79) No alignment for utterance FBL2755
WARNING (gmm-acc-stats-ali[5.5.1137~1-51744]:main():gmm-acc-stats-ali.cc:79) No alignment for utterance FBL2757
WARNING (gmm-acc-stats-ali[5.5.1137~1-51744]:main():gmm-acc-stats-ali.cc:79) No alignment for utterance FBL2760
LOG (gmm-acc-stats-ali[5.5.1137~1-51744]:main():gmm-acc-stats-ali.cc:105) Processed 3650 utterances; for utterance FBL378 avg. like is -89.5684 over 292 frames.
LOG (gmm-acc-stats-ali[5.5.1137~1-51744]:main():gmm-acc-stats-ali.cc:105) Processed 3700 utterances; for utterance FBL422 avg. like is -92.2218 over 198 frames.
LOG (gmm-acc-stats-ali[5.5.1137~1-51744]:main():gmm-acc-stats-ali.cc:105) Processed 3750 utterances; for utterance FBL468 avg. like is -89.6604 over 377 frames.
LOG (gmm-acc-stats-ali[5.5.1137~1-51744]:main():gmm-acc-stats-ali.cc:105) Processed 3800 utterances; for utterance FBL512 avg. like is -95.545 over 81 frames.
LOG (gmm-acc-stats-ali[5.5.1137~1-51744]:main():gmm-acc-stats-ali.cc:105) Processed 3850 utterances; for utterance FBL558 avg. like is -85.3074 over 61 frames.
LOG (gmm-acc-stats-ali[5.5.1137~1-51744]:main():gmm-acc-stats-ali.cc:105) Processed 3900 utterances; for utterance FBL602 avg. like is -86.882 over 413 frames.
LOG (gmm-acc-stats-ali[5.5.1137~1-51744]:main():gmm-acc-stats-ali.cc:105) Processed 3950 utterances; for utterance FBL648 avg. like is -93.8706 over 226 frames.
LOG (gmm-acc-stats-ali[5.5.1137~1-51744]:main():gmm-acc-stats-ali.cc:105) Processed 4000 utterances; for utterance FBL761 avg. like is -84.2891 over 344 frames.
LOG (gmm-acc-stats-ali[5.5.1137~1-51744]:main():gmm-acc-stats-ali.cc:105) Processed 4050 utterances; for utterance FBL806 avg. like is -90.4435 over 306 frames.
LOG (gmm-acc-stats-ali[5.5.1137~1-51744]:main():gmm-acc-stats-ali.cc:105) Processed 4100 utterances; for utterance FBL852 avg. like is -86.2345 over 244 frames.
LOG (gmm-acc-stats-ali[5.5.1137~1-51744]:main():gmm-acc-stats-ali.cc:105) Processed 4150 utterances; for utterance FBL899 avg. like is -83.8457 over 167 frames.
LOG (gmm-acc-stats-ali[5.5.1137~1-51744]:main():gmm-acc-stats-ali.cc:105) Processed 4200 utterances; for utterance FBL943 avg. like is -89.8607 over 248 frames.
LOG (gmm-acc-stats-ali[5.5.1137~1-51744]:main():gmm-acc-stats-ali.cc:105) Processed 4250 utterances; for utterance FBL989 avg. like is -91.8165 over 429 frames.
LOG (gmm-acc-stats-ali[5.5.1137~1-51744]:main():gmm-acc-stats-ali.cc:105) Processed 4300 utterances; for utterance FDH1032 avg. like is -83.6318 over 299 frames.
LOG (gmm-acc-stats-ali[5.5.1137~1-51744]:main():gmm-acc-stats-ali.cc:105) Processed 4350 utterances; for utterance FDH1078 avg. like is -82.555 over 197 frames.
LOG (gmm-acc-stats-ali[5.5.1137~1-51744]:main():gmm-acc-stats-ali.cc:105) Processed 4400 utterances; for utterance FDH1122 avg. like is -83.6019 over 592 frames.
LOG (gmm-acc-stats-ali[5.5.1137~1-51744]:main():gmm-acc-stats-ali.cc:105) Processed 4450 utterances; for utterance FDH1168 avg. like is -84.2556 over 592 frames.
LOG (gmm-acc-stats-ali[5.5.1137~1-51744]:main():gmm-acc-stats-ali.cc:105) Processed 4500 utterances; for utterance FDH1212 avg. like is -85.0179 over 414 frames.
LOG (gmm-acc-stats-ali[5.5.1137~1-51744]:main():gmm-acc-stats-ali.cc:105) Processed 4550 utterances; for utterance FDH1258 avg. like is -82.7676 over 364 frames.
LOG (gmm-acc-stats-ali[5.5.1137~1-51744]:main():gmm-acc-stats-ali.cc:105) Processed 4600 utterances; for utterance FDH1302 avg. like is -81.8683 over 293 frames.
LOG (gmm-acc-stats-ali[5.5.1137~1-51744]:main():gmm-acc-stats-ali.cc:105) Processed 4650 utterances; for utterance FDH1348 avg. like is -83.9066 over 421 frames.
LOG (gmm-acc-stats-ali[5.5.1137~1-51744]:main():gmm-acc-stats-ali.cc:105) Processed 4700 utterances; for utterance FDH150 avg. like is -85.1167 over 143 frames.
LOG (gmm-acc-stats-ali[5.5.1137~1-51744]:main():gmm-acc-stats-ali.cc:105) Processed 4750 utterances; for utterance FDH1767 avg. like is -81.8191 over 273 frames.
LOG (gmm-acc-stats-ali[5.5.1137~1-51744]:main():gmm-acc-stats-ali.cc:105) Processed 4800 utterances; for utterance FDH1811 avg. like is -80.2759 over 136 frames.
LOG (gmm-acc-stats-ali[5.5.1137~1-51744]:main():gmm-acc-stats-ali.cc:105) Processed 4850 utterances; for utterance FDH1857 avg. like is -82.1455 over 86 frames.
LOG (gmm-acc-stats-ali[5.5.1137~1-51744]:main():gmm-acc-stats-ali.cc:105) Processed 4900 utterances; for utterance FDH1901 avg. like is -80.8468 over 144 frames.
LOG (gmm-acc-stats-ali[5.5.1137~1-51744]:main():gmm-acc-stats-ali.cc:105) Processed 4950 utterances; for utterance FDH1947 avg. like is -79.4594 over 111 frames.
LOG (gmm-acc-stats-ali[5.5.1137~1-51744]:main():gmm-acc-stats-ali.cc:105) Processed 5000 utterances; for utterance FDH1992 avg. like is -77.0647 over 148 frames.
WARNING (gmm-acc-stats-ali[5.5.1137~1-51744]:main():gmm-acc-stats-ali.cc:79) No alignment for utterance FDH2007
LOG (gmm-acc-stats-ali[5.5.1137~1-51744]:main():gmm-acc-stats-ali.cc:105) Processed 5050 utterances; for utterance FDH2037 avg. like is -80.072 over 308 frames.
LOG (gmm-acc-stats-ali[5.5.1137~1-51744]:main():gmm-acc-stats-ali.cc:105) Processed 5100 utterances; for utterance FDH2150 avg. like is -80.1975 over 273 frames.
LOG (gmm-acc-stats-ali[5.5.1137~1-51744]:main():gmm-acc-stats-ali.cc:105) Processed 5150 utterances; for utterance FDH2197 avg. like is -79.893 over 336 frames.
LOG (gmm-acc-stats-ali[5.5.1137~1-51744]:main():gmm-acc-stats-ali.cc:105) Processed 5200 utterances; for utterance FDH2242 avg. like is -80.1784 over 248 frames.
LOG (gmm-acc-stats-ali[5.5.1137~1-51744]:main():gmm-acc-stats-ali.cc:105) Processed 5250 utterances; for utterance FDH2288 avg. like is -80.1646 over 336 frames.
LOG (gmm-acc-stats-ali[5.5.1137~1-51744]:main():gmm-acc-stats-ali.cc:105) Processed 5300 utterances; for utterance FDH2332 avg. like is -77.7125 over 223 frames.
LOG (gmm-acc-stats-ali[5.5.1137~1-51744]:main():gmm-acc-stats-ali.cc:105) Processed 5350 utterances; for utterance FDH2378 avg. like is -78.8737 over 236 frames.
WARNING (gmm-acc-stats-ali[5.5.1137~1-51744]:main():gmm-acc-stats-ali.cc:79) No alignment for utterance FDH2393
LOG (gmm-acc-stats-ali[5.5.1137~1-51744]:main():gmm-acc-stats-ali.cc:105) Processed 5400 utterances; for utterance FDH2423 avg. like is -78.7846 over 386 frames.
WARNING (gmm-acc-stats-ali[5.5.1137~1-51744]:main():gmm-acc-stats-ali.cc:79) No alignment for utterance FDH2437
LOG (gmm-acc-stats-ali[5.5.1137~1-51744]:main():gmm-acc-stats-ali.cc:105) Processed 5450 utterances; for utterance FDH247 avg. like is -89.0068 over 311 frames.
WARNING (gmm-acc-stats-ali[5.5.1137~1-51744]:main():gmm-acc-stats-ali.cc:79) No alignment for utterance FDH2509
LOG (gmm-acc-stats-ali[5.5.1137~1-51744]:main():gmm-acc-stats-ali.cc:105) Processed 5500 utterances; for utterance FDH2515 avg. like is -84.4379 over 173 frames.
LOG (gmm-acc-stats-ali[5.5.1137~1-51744]:main():gmm-acc-stats-ali.cc:105) Processed 5550 utterances; for utterance FDH2560 avg. like is -79.5163 over 261 frames.
LOG (gmm-acc-stats-ali[5.5.1137~1-51744]:main():gmm-acc-stats-ali.cc:105) Processed 5600 utterances; for utterance FDH2605 avg. like is -78.6804 over 286 frames.
WARNING (gmm-acc-stats-ali[5.5.1137~1-51744]:main():gmm-acc-stats-ali.cc:79) No alignment for utterance FDH2636
LOG (gmm-acc-stats-ali[5.5.1137~1-51744]:main():gmm-acc-stats-ali.cc:105) Processed 5650 utterances; for utterance FDH2651 avg. like is -80.1654 over 473 frames.
LOG (gmm-acc-stats-ali[5.5.1137~1-51744]:main():gmm-acc-stats-ali.cc:105) Processed 5700 utterances; for utterance FDH2697 avg. like is -80.8539 over 963 frames.
LOG (gmm-acc-stats-ali[5.5.1137~1-51744]:main():gmm-acc-stats-ali.cc:105) Processed 5750 utterances; for utterance FDH2741 avg. like is -79.1182 over 416 frames.
WARNING (gmm-acc-stats-ali[5.5.1137~1-51744]:main():gmm-acc-stats-ali.cc:79) No alignment for utterance FDH2756
LOG (gmm-acc-stats-ali[5.5.1137~1-51744]:main():gmm-acc-stats-ali.cc:105) Processed 5800 utterances; for utterance FDH369 avg. like is -84.2279 over 221 frames.
LOG (gmm-acc-stats-ali[5.5.1137~1-51744]:main():gmm-acc-stats-ali.cc:105) Processed 5850 utterances; for utterance FDH413 avg. like is -82.8274 over 194 frames.
LOG (gmm-acc-stats-ali[5.5.1137~1-51744]:main():gmm-acc-stats-ali.cc:105) Processed 5900 utterances; for utterance FDH459 avg. like is -82.3292 over 264 frames.
LOG (gmm-acc-stats-ali[5.5.1137~1-51744]:main():gmm-acc-stats-ali.cc:105) Processed 5950 utterances; for utterance FDH503 avg. like is -80.5185 over 81 frames.
LOG (gmm-acc-stats-ali[5.5.1137~1-51744]:main():gmm-acc-stats-ali.cc:105) Processed 6000 utterances; for utterance FDH549 avg. like is -90.0907 over 67 frames.
LOG (gmm-acc-stats-ali[5.5.1137~1-51744]:main():gmm-acc-stats-ali.cc:105) Processed 6050 utterances; for utterance FDH594 avg. like is -88.422 over 221 frames.
LOG (gmm-acc-stats-ali[5.5.1137~1-51744]:main():gmm-acc-stats-ali.cc:105) Processed 6100 utterances; for utterance FDH639 avg. like is -87.7654 over 222 frames.
LOG (gmm-acc-stats-ali[5.5.1137~1-51744]:main():gmm-acc-stats-ali.cc:105) Processed 6150 utterances; for utterance FDH752 avg. like is -83.5569 over 213 frames.
LOG (gmm-acc-stats-ali[5.5.1137~1-51744]:main():gmm-acc-stats-ali.cc:105) Processed 6200 utterances; for utterance FDH798 avg. like is -81.2803 over 304 frames.
LOG (gmm-acc-stats-ali[5.5.1137~1-51744]:main():gmm-acc-stats-ali.cc:105) Processed 6250 utterances; for utterance FDH843 avg. like is -81.6023 over 277 frames.
LOG (gmm-acc-stats-ali[5.5.1137~1-51744]:main():gmm-acc-stats-ali.cc:105) Processed 6300 utterances; for utterance FDH89 avg. like is -88.2228 over 448 frames.
LOG (gmm-acc-stats-ali[5.5.1137~1-51744]:main():gmm-acc-stats-ali.cc:105) Processed 6350 utterances; for utterance FDH934 avg. like is -85.6342 over 349 frames.
LOG (gmm-acc-stats-ali[5.5.1137~1-51744]:main():gmm-acc-stats-ali.cc:105) Processed 6400 utterances; for utterance FDH98 avg. like is -86.7349 over 429 frames.
LOG (apply-cmvn[5.5.1137~1-51744]:main():apply-cmvn.cc:162) Applied cepstral mean normalization to 6498 utterances, errors on 0
LOG (gmm-acc-stats-ali[5.5.1137~1-51744]:main():gmm-acc-stats-ali.cc:112) Done 6421 files, 77 with errors.
LOG (gmm-acc-stats-ali[5.5.1137~1-51744]:main():gmm-acc-stats-ali.cc:115) Overall avg like per frame (Gaussian only) = -86.1338 over 2082394 frames.
LOG (gmm-acc-stats-ali[5.5.1137~1-51744]:main():gmm-acc-stats-ali.cc:123) Written accs.
# Accounting: time=10 threads=1
# Ended (code 0) at Wed Aug 28 00:11:19 IST 2024, elapsed time 10 seconds
