# gmm-acc-stats-ali exp_FG/tri_8_2000/18.mdl "ark,s,cs:apply-cmvn  --utt2spk=ark:data/train/split4/2/utt2spk scp:data/train/split4/2/cmvn.scp scp:data/train/split4/2/feats.scp ark:- | add-deltas  ark:- ark:- |" "ark,s,cs:gunzip -c exp_FG/tri_8_2000/ali.2.gz|" exp_FG/tri_8_2000/18.2.acc 
# Started at Wed Aug 28 00:09:22 IST 2024
#
gmm-acc-stats-ali exp_FG/tri_8_2000/18.mdl 'ark,s,cs:apply-cmvn  --utt2spk=ark:data/train/split4/2/utt2spk scp:data/train/split4/2/cmvn.scp scp:data/train/split4/2/feats.scp ark:- | add-deltas  ark:- ark:- |' 'ark,s,cs:gunzip -c exp_FG/tri_8_2000/ali.2.gz|' exp_FG/tri_8_2000/18.2.acc 
apply-cmvn --utt2spk=ark:data/train/split4/2/utt2spk scp:data/train/split4/2/cmvn.scp scp:data/train/split4/2/feats.scp ark:- 
add-deltas ark:- ark:- 
LOG (gmm-acc-stats-ali[5.5.1137~1-51744]:main():gmm-acc-stats-ali.cc:105) Processed 50 utterances; for utterance FGA1042 avg. like is -89.1192 over 679 frames.
LOG (gmm-acc-stats-ali[5.5.1137~1-51744]:main():gmm-acc-stats-ali.cc:105) Processed 100 utterances; for utterance FGA1088 avg. like is -93.158 over 968 frames.
LOG (gmm-acc-stats-ali[5.5.1137~1-51744]:main():gmm-acc-stats-ali.cc:105) Processed 150 utterances; for utterance FGA1132 avg. like is -92.3506 over 732 frames.
LOG (gmm-acc-stats-ali[5.5.1137~1-51744]:main():gmm-acc-stats-ali.cc:105) Processed 200 utterances; for utterance FGA1178 avg. like is -90.0481 over 539 frames.
LOG (gmm-acc-stats-ali[5.5.1137~1-51744]:main():gmm-acc-stats-ali.cc:105) Processed 250 utterances; for utterance FGA1222 avg. like is -89.7116 over 432 frames.
LOG (gmm-acc-stats-ali[5.5.1137~1-51744]:main():gmm-acc-stats-ali.cc:105) Processed 300 utterances; for utterance FGA1268 avg. like is -88.8628 over 433 frames.
LOG (gmm-acc-stats-ali[5.5.1137~1-51744]:main():gmm-acc-stats-ali.cc:105) Processed 350 utterances; for utterance FGA1312 avg. like is -90.5963 over 359 frames.
LOG (gmm-acc-stats-ali[5.5.1137~1-51744]:main():gmm-acc-stats-ali.cc:105) Processed 400 utterances; for utterance FGA1358 avg. like is -90.9201 over 268 frames.
LOG (gmm-acc-stats-ali[5.5.1137~1-51744]:main():gmm-acc-stats-ali.cc:105) Processed 450 utterances; for utterance FGA160 avg. like is -89.0514 over 106 frames.
LOG (gmm-acc-stats-ali[5.5.1137~1-51744]:main():gmm-acc-stats-ali.cc:105) Processed 500 utterances; for utterance FGA1777 avg. like is -84.5375 over 386 frames.
WARNING (gmm-acc-stats-ali[5.5.1137~1-51744]:main():gmm-acc-stats-ali.cc:79) No alignment for utterance FGA1794
LOG (gmm-acc-stats-ali[5.5.1137~1-51744]:main():gmm-acc-stats-ali.cc:105) Processed 550 utterances; for utterance FGA1822 avg. like is -88.2552 over 273 frames.
LOG (gmm-acc-stats-ali[5.5.1137~1-51744]:main():gmm-acc-stats-ali.cc:105) Processed 600 utterances; for utterance FGA1868 avg. like is -84.1212 over 123 frames.
LOG (gmm-acc-stats-ali[5.5.1137~1-51744]:main():gmm-acc-stats-ali.cc:105) Processed 650 utterances; for utterance FGA1912 avg. like is -83.9064 over 86 frames.
LOG (gmm-acc-stats-ali[5.5.1137~1-51744]:main():gmm-acc-stats-ali.cc:105) Processed 700 utterances; for utterance FGA1958 avg. like is -90.0242 over 298 frames.
LOG (gmm-acc-stats-ali[5.5.1137~1-51744]:main():gmm-acc-stats-ali.cc:105) Processed 750 utterances; for utterance FGA2001 avg. like is -87.0073 over 173 frames.
LOG (gmm-acc-stats-ali[5.5.1137~1-51744]:main():gmm-acc-stats-ali.cc:105) Processed 800 utterances; for utterance FGA2112 avg. like is -85.1778 over 261 frames.
LOG (gmm-acc-stats-ali[5.5.1137~1-51744]:main():gmm-acc-stats-ali.cc:105) Processed 850 utterances; for utterance FGA2160 avg. like is -85.826 over 361 frames.
WARNING (gmm-acc-stats-ali[5.5.1137~1-51744]:main():gmm-acc-stats-ali.cc:79) No alignment for utterance FGA2175
WARNING (gmm-acc-stats-ali[5.5.1137~1-51744]:main():gmm-acc-stats-ali.cc:79) No alignment for utterance FGA2188
WARNING (gmm-acc-stats-ali[5.5.1137~1-51744]:main():gmm-acc-stats-ali.cc:79) No alignment for utterance FGA2197
LOG (gmm-acc-stats-ali[5.5.1137~1-51744]:main():gmm-acc-stats-ali.cc:105) Processed 900 utterances; for utterance FGA2209 avg. like is -85.0069 over 348 frames.
WARNING (gmm-acc-stats-ali[5.5.1137~1-51744]:main():gmm-acc-stats-ali.cc:79) No alignment for utterance FGA2241
LOG (gmm-acc-stats-ali[5.5.1137~1-51744]:main():gmm-acc-stats-ali.cc:105) Processed 950 utterances; for utterance FGA2256 avg. like is -83.6826 over 348 frames.
LOG (gmm-acc-stats-ali[5.5.1137~1-51744]:main():gmm-acc-stats-ali.cc:105) Processed 1000 utterances; for utterance FGA2300 avg. like is -84.2899 over 186 frames.
LOG (gmm-acc-stats-ali[5.5.1137~1-51744]:main():gmm-acc-stats-ali.cc:105) Processed 1050 utterances; for utterance FGA2346 avg. like is -86.1037 over 298 frames.
LOG (gmm-acc-stats-ali[5.5.1137~1-51744]:main():gmm-acc-stats-ali.cc:105) Processed 1100 utterances; for utterance FGA2391 avg. like is -87.0355 over 236 frames.
WARNING (gmm-acc-stats-ali[5.5.1137~1-51744]:main():gmm-acc-stats-ali.cc:79) No alignment for utterance FGA2397
WARNING (gmm-acc-stats-ali[5.5.1137~1-51744]:main():gmm-acc-stats-ali.cc:79) No alignment for utterance FGA2425
LOG (gmm-acc-stats-ali[5.5.1137~1-51744]:main():gmm-acc-stats-ali.cc:105) Processed 1150 utterances; for utterance FGA2438 avg. like is -85.3269 over 663 frames.
WARNING (gmm-acc-stats-ali[5.5.1137~1-51744]:main():gmm-acc-stats-ali.cc:79) No alignment for utterance FGA2448
WARNING (gmm-acc-stats-ali[5.5.1137~1-51744]:main():gmm-acc-stats-ali.cc:79) No alignment for utterance FGA2452
LOG (gmm-acc-stats-ali[5.5.1137~1-51744]:main():gmm-acc-stats-ali.cc:105) Processed 1200 utterances; for utterance FGA2485 avg. like is -88.4765 over 398 frames.
LOG (gmm-acc-stats-ali[5.5.1137~1-51744]:main():gmm-acc-stats-ali.cc:105) Processed 1250 utterances; for utterance FGA253 avg. like is -92.9194 over 365 frames.
LOG (gmm-acc-stats-ali[5.5.1137~1-51744]:main():gmm-acc-stats-ali.cc:105) Processed 1300 utterances; for utterance FGA2575 avg. like is -88.1022 over 1097 frames.
WARNING (gmm-acc-stats-ali[5.5.1137~1-51744]:main():gmm-acc-stats-ali.cc:79) No alignment for utterance FGA2610
LOG (gmm-acc-stats-ali[5.5.1137~1-51744]:main():gmm-acc-stats-ali.cc:105) Processed 1350 utterances; for utterance FGA2620 avg. like is -83.5264 over 373 frames.
LOG (gmm-acc-stats-ali[5.5.1137~1-51744]:main():gmm-acc-stats-ali.cc:105) Processed 1400 utterances; for utterance FGA2666 avg. like is -89.8144 over 796 frames.
LOG (gmm-acc-stats-ali[5.5.1137~1-51744]:main():gmm-acc-stats-ali.cc:105) Processed 1450 utterances; for utterance FGA2710 avg. like is -85.4869 over 523 frames.
WARNING (gmm-acc-stats-ali[5.5.1137~1-51744]:main():gmm-acc-stats-ali.cc:79) No alignment for utterance FGA2725
LOG (gmm-acc-stats-ali[5.5.1137~1-51744]:main():gmm-acc-stats-ali.cc:105) Processed 1500 utterances; for utterance FGA2757 avg. like is -86.664 over 611 frames.
LOG (gmm-acc-stats-ali[5.5.1137~1-51744]:main():gmm-acc-stats-ali.cc:105) Processed 1550 utterances; for utterance FGA383 avg. like is -85.5143 over 304 frames.
LOG (gmm-acc-stats-ali[5.5.1137~1-51744]:main():gmm-acc-stats-ali.cc:105) Processed 1600 utterances; for utterance FGA428 avg. like is -90.7506 over 399 frames.
LOG (gmm-acc-stats-ali[5.5.1137~1-51744]:main():gmm-acc-stats-ali.cc:105) Processed 1650 utterances; for utterance FGA473 avg. like is -82.4067 over 128 frames.
LOG (gmm-acc-stats-ali[5.5.1137~1-51744]:main():gmm-acc-stats-ali.cc:105) Processed 1700 utterances; for utterance FGA518 avg. like is -87.2227 over 99 frames.
LOG (gmm-acc-stats-ali[5.5.1137~1-51744]:main():gmm-acc-stats-ali.cc:105) Processed 1750 utterances; for utterance FGA563 avg. like is -86.9588 over 196 frames.
LOG (gmm-acc-stats-ali[5.5.1137~1-51744]:main():gmm-acc-stats-ali.cc:105) Processed 1800 utterances; for utterance FGA608 avg. like is -92.8107 over 306 frames.
LOG (gmm-acc-stats-ali[5.5.1137~1-51744]:main():gmm-acc-stats-ali.cc:105) Processed 1850 utterances; for utterance FGA653 avg. like is -92.2915 over 389 frames.
LOG (gmm-acc-stats-ali[5.5.1137~1-51744]:main():gmm-acc-stats-ali.cc:105) Processed 1900 utterances; for utterance FGA767 avg. like is -88.4521 over 306 frames.
LOG (gmm-acc-stats-ali[5.5.1137~1-51744]:main():gmm-acc-stats-ali.cc:105) Processed 1950 utterances; for utterance FGA812 avg. like is -89.4796 over 397 frames.
LOG (gmm-acc-stats-ali[5.5.1137~1-51744]:main():gmm-acc-stats-ali.cc:105) Processed 2000 utterances; for utterance FGA859 avg. like is -90.8949 over 344 frames.
LOG (gmm-acc-stats-ali[5.5.1137~1-51744]:main():gmm-acc-stats-ali.cc:105) Processed 2050 utterances; for utterance FGA903 avg. like is -83.7761 over 288 frames.
LOG (gmm-acc-stats-ali[5.5.1137~1-51744]:main():gmm-acc-stats-ali.cc:105) Processed 2100 utterances; for utterance FGA949 avg. like is -87.1595 over 274 frames.
LOG (gmm-acc-stats-ali[5.5.1137~1-51744]:main():gmm-acc-stats-ali.cc:105) Processed 2150 utterances; for utterance FGA994 avg. like is -94.3667 over 773 frames.
LOG (gmm-acc-stats-ali[5.5.1137~1-51744]:main():gmm-acc-stats-ali.cc:105) Processed 2200 utterances; for utterance FSP1038 avg. like is -89.791 over 197 frames.
LOG (gmm-acc-stats-ali[5.5.1137~1-51744]:main():gmm-acc-stats-ali.cc:105) Processed 2250 utterances; for utterance FSP1083 avg. like is -94.3669 over 622 frames.
LOG (gmm-acc-stats-ali[5.5.1137~1-51744]:main():gmm-acc-stats-ali.cc:105) Processed 2300 utterances; for utterance FSP1128 avg. like is -94.2813 over 696 frames.
LOG (gmm-acc-stats-ali[5.5.1137~1-51744]:main():gmm-acc-stats-ali.cc:105) Processed 2350 utterances; for utterance FSP1173 avg. like is -92.1153 over 451 frames.
LOG (gmm-acc-stats-ali[5.5.1137~1-51744]:main():gmm-acc-stats-ali.cc:105) Processed 2400 utterances; for utterance FSP1218 avg. like is -94.2758 over 644 frames.
LOG (gmm-acc-stats-ali[5.5.1137~1-51744]:main():gmm-acc-stats-ali.cc:105) Processed 2450 utterances; for utterance FSP1263 avg. like is -94.6343 over 556 frames.
LOG (gmm-acc-stats-ali[5.5.1137~1-51744]:main():gmm-acc-stats-ali.cc:105) Processed 2500 utterances; for utterance FSP1308 avg. like is -89.7776 over 226 frames.
LOG (gmm-acc-stats-ali[5.5.1137~1-51744]:main():gmm-acc-stats-ali.cc:105) Processed 2550 utterances; for utterance FSP1353 avg. like is -88.9863 over 262 frames.
LOG (gmm-acc-stats-ali[5.5.1137~1-51744]:main():gmm-acc-stats-ali.cc:105) Processed 2600 utterances; for utterance FSP156 avg. like is -101.225 over 141 frames.
LOG (gmm-acc-stats-ali[5.5.1137~1-51744]:main():gmm-acc-stats-ali.cc:105) Processed 2650 utterances; for utterance FSP1772 avg. like is -85.901 over 214 frames.
LOG (gmm-acc-stats-ali[5.5.1137~1-51744]:main():gmm-acc-stats-ali.cc:105) Processed 2700 utterances; for utterance FSP1817 avg. like is -88.2217 over 242 frames.
LOG (gmm-acc-stats-ali[5.5.1137~1-51744]:main():gmm-acc-stats-ali.cc:105) Processed 2750 utterances; for utterance FSP1862 avg. like is -85.4706 over 111 frames.
LOG (gmm-acc-stats-ali[5.5.1137~1-51744]:main():gmm-acc-stats-ali.cc:105) Processed 2800 utterances; for utterance FSP1907 avg. like is -81.3819 over 86 frames.
LOG (gmm-acc-stats-ali[5.5.1137~1-51744]:main():gmm-acc-stats-ali.cc:105) Processed 2850 utterances; for utterance FSP1952 avg. like is -85.407 over 86 frames.
LOG (gmm-acc-stats-ali[5.5.1137~1-51744]:main():gmm-acc-stats-ali.cc:105) Processed 2900 utterances; for utterance FSP1998 avg. like is -88.1257 over 198 frames.
LOG (gmm-acc-stats-ali[5.5.1137~1-51744]:main():gmm-acc-stats-ali.cc:105) Processed 2950 utterances; for utterance FSP208 avg. like is -87.8643 over 158 frames.
LOG (gmm-acc-stats-ali[5.5.1137~1-51744]:main():gmm-acc-stats-ali.cc:105) Processed 3000 utterances; for utterance FSP2155 avg. like is -87.2292 over 348 frames.
LOG (gmm-acc-stats-ali[5.5.1137~1-51744]:main():gmm-acc-stats-ali.cc:105) Processed 3050 utterances; for utterance FSP2200 avg. like is -87.6715 over 246 frames.
LOG (gmm-acc-stats-ali[5.5.1137~1-51744]:main():gmm-acc-stats-ali.cc:105) Processed 3100 utterances; for utterance FSP2247 avg. like is -86.3991 over 168 frames.
LOG (gmm-acc-stats-ali[5.5.1137~1-51744]:main():gmm-acc-stats-ali.cc:105) Processed 3150 utterances; for utterance FSP2292 avg. like is -87.502 over 311 frames.
LOG (gmm-acc-stats-ali[5.5.1137~1-51744]:main():gmm-acc-stats-ali.cc:105) Processed 3200 utterances; for utterance FSP2337 avg. like is -88.8471 over 244 frames.
LOG (gmm-acc-stats-ali[5.5.1137~1-51744]:main():gmm-acc-stats-ali.cc:105) Processed 3250 utterances; for utterance FSP2382 avg. like is -89.0749 over 376 frames.
LOG (gmm-acc-stats-ali[5.5.1137~1-51744]:main():gmm-acc-stats-ali.cc:105) Processed 3300 utterances; for utterance FSP2427 avg. like is -87.4631 over 317 frames.
LOG (gmm-acc-stats-ali[5.5.1137~1-51744]:main():gmm-acc-stats-ali.cc:105) Processed 3350 utterances; for utterance FSP2472 avg. like is -90.1302 over 316 frames.
LOG (gmm-acc-stats-ali[5.5.1137~1-51744]:main():gmm-acc-stats-ali.cc:105) Processed 3400 utterances; for utterance FSP2517 avg. like is -87.5544 over 451 frames.
LOG (gmm-acc-stats-ali[5.5.1137~1-51744]:main():gmm-acc-stats-ali.cc:105) Processed 3450 utterances; for utterance FSP2562 avg. like is -87.752 over 372 frames.
LOG (gmm-acc-stats-ali[5.5.1137~1-51744]:main():gmm-acc-stats-ali.cc:105) Processed 3500 utterances; for utterance FSP2607 avg. like is -90.1665 over 543 frames.
LOG (gmm-acc-stats-ali[5.5.1137~1-51744]:main():gmm-acc-stats-ali.cc:105) Processed 3550 utterances; for utterance FSP2652 avg. like is -85.4346 over 202 frames.
LOG (gmm-acc-stats-ali[5.5.1137~1-51744]:main():gmm-acc-stats-ali.cc:105) Processed 3600 utterances; for utterance FSP2698 avg. like is -86.7548 over 332 frames.
LOG (gmm-acc-stats-ali[5.5.1137~1-51744]:main():gmm-acc-stats-ali.cc:105) Processed 3650 utterances; for utterance FSP2742 avg. like is -83.3029 over 548 frames.
LOG (gmm-acc-stats-ali[5.5.1137~1-51744]:main():gmm-acc-stats-ali.cc:105) Processed 3700 utterances; for utterance FSP369 avg. like is -91.3829 over 168 frames.
LOG (gmm-acc-stats-ali[5.5.1137~1-51744]:main():gmm-acc-stats-ali.cc:105) Processed 3750 utterances; for utterance FSP413 avg. like is -91.1976 over 209 frames.
LOG (gmm-acc-stats-ali[5.5.1137~1-51744]:main():gmm-acc-stats-ali.cc:105) Processed 3800 utterances; for utterance FSP459 avg. like is -93.4477 over 217 frames.
LOG (gmm-acc-stats-ali[5.5.1137~1-51744]:main():gmm-acc-stats-ali.cc:105) Processed 3850 utterances; for utterance FSP503 avg. like is -88.7177 over 109 frames.
LOG (gmm-acc-stats-ali[5.5.1137~1-51744]:main():gmm-acc-stats-ali.cc:105) Processed 3900 utterances; for utterance FSP549 avg. like is -100.015 over 39 frames.
LOG (gmm-acc-stats-ali[5.5.1137~1-51744]:main():gmm-acc-stats-ali.cc:105) Processed 3950 utterances; for utterance FSP594 avg. like is -91.9975 over 156 frames.
LOG (gmm-acc-stats-ali[5.5.1137~1-51744]:main():gmm-acc-stats-ali.cc:105) Processed 4000 utterances; for utterance FSP639 avg. like is -91.1939 over 184 frames.
LOG (gmm-acc-stats-ali[5.5.1137~1-51744]:main():gmm-acc-stats-ali.cc:105) Processed 4050 utterances; for utterance FSP752 avg. like is -87.3616 over 213 frames.
LOG (gmm-acc-stats-ali[5.5.1137~1-51744]:main():gmm-acc-stats-ali.cc:105) Processed 4100 utterances; for utterance FSP798 avg. like is -89.8956 over 207 frames.
LOG (gmm-acc-stats-ali[5.5.1137~1-51744]:main():gmm-acc-stats-ali.cc:105) Processed 4150 utterances; for utterance FSP843 avg. like is -90.4909 over 218 frames.
LOG (gmm-acc-stats-ali[5.5.1137~1-51744]:main():gmm-acc-stats-ali.cc:105) Processed 4200 utterances; for utterance FSP89 avg. like is -98.3859 over 387 frames.
LOG (gmm-acc-stats-ali[5.5.1137~1-51744]:main():gmm-acc-stats-ali.cc:105) Processed 4250 utterances; for utterance FSP934 avg. like is -92.2783 over 304 frames.
LOG (gmm-acc-stats-ali[5.5.1137~1-51744]:main():gmm-acc-stats-ali.cc:105) Processed 4300 utterances; for utterance FSP98 avg. like is -100.656 over 362 frames.
LOG (apply-cmvn[5.5.1137~1-51744]:main():apply-cmvn.cc:162) Applied cepstral mean normalization to 4332 utterances, errors on 0
LOG (gmm-acc-stats-ali[5.5.1137~1-51744]:main():gmm-acc-stats-ali.cc:112) Done 4321 files, 11 with errors.
LOG (gmm-acc-stats-ali[5.5.1137~1-51744]:main():gmm-acc-stats-ali.cc:115) Overall avg like per frame (Gaussian only) = -89.4627 over 1377321 frames.
LOG (gmm-acc-stats-ali[5.5.1137~1-51744]:main():gmm-acc-stats-ali.cc:123) Written accs.
# Accounting: time=7 threads=1
# Ended (code 0) at Wed Aug 28 00:09:29 IST 2024, elapsed time 7 seconds
