# compile-train-graphs --read-disambig-syms=data/lang_bigram/phones/disambig.int exp_FG/tri_8_2000/tree exp_FG/tri_8_2000/1.mdl data/lang_bigram/L.fst "ark:utils/sym2int.pl --map-oov 1 -f 2- data/lang_bigram/words.txt < data/train/split4/2/text |" "ark:|gzip -c >exp_FG/tri_8_2000/fsts.2.gz" 
# Started at Wed Aug 28 00:05:32 IST 2024
#
compile-train-graphs --read-disambig-syms=data/lang_bigram/phones/disambig.int exp_FG/tri_8_2000/tree exp_FG/tri_8_2000/1.mdl data/lang_bigram/L.fst 'ark:utils/sym2int.pl --map-oov 1 -f 2- data/lang_bigram/words.txt < data/train/split4/2/text |' 'ark:|gzip -c >exp_FG/tri_8_2000/fsts.2.gz' 
sym2int.pl: replacing maaruti with 1
sym2int.pl: replacing sutxtxikkaanxbikkirxaargalx with 1
sym2int.pl: replacing bil with 1
sym2int.pl: replacing poogumboodeu with 1
sym2int.pl: replacing bil with 1
sym2int.pl: replacing buumi with 1
sym2int.pl: replacing buumi with 1
sym2int.pl: replacing saagubadxi with 1
sym2int.pl: replacing maaruti with 1
sym2int.pl: replacing sutxtxikkaanxbikkirxaargalx with 1
sym2int.pl: replacing bil with 1
sym2int.pl: replacing poogumboodeu with 1
sym2int.pl: replacing bil with 1
sym2int.pl: replacing buumi with 1
sym2int.pl: replacing buumi with 1
sym2int.pl: replacing saagubadxi with 1
sym2int.pl: replacing maaruti with 1
sym2int.pl: replacing sutxtxikkaanxbikkirxaargalx with 1
sym2int.pl: replacing bil with 1
sym2int.pl: replacing poogumboodeu with 1
sym2int.pl: not warning for OOVs any more times
** Replaced 32 instances of OOVs with 1
LOG (compile-train-graphs[5.5.1137~1-51744]:main():compile-train-graphs.cc:147) compile-train-graphs: succeeded for 4332 graphs, failed for 0
# Accounting: time=11 threads=1
# Ended (code 0) at Wed Aug 28 00:05:43 IST 2024, elapsed time 11 seconds
