# nnet3-xvector-compute --use-gpu=no --min-chunk-size=25 --chunk-size=10000 --cache-capacity=64 "nnet3-copy --nnet-config=exp/xvector_nnet_1a/extract.config exp/xvector_nnet_1a/final.raw - |" "ark:apply-cmvn-sliding --norm-vars=false --center=true --cmn-window=300 scp:dump/mfcc/train/split1/1/feats.scp ark:- | select-voiced-frames ark:- scp,s,cs:dump/mfcc/train/split1/1/vad.scp ark:- |" ark,scp:dump/xvector/train/xvector.1.ark,dump/xvector/train/xvector.1.scp 
# Started at Fri May 31 12:56:08 IST 2024
#
nnet3-xvector-compute --use-gpu=no --min-chunk-size=25 --chunk-size=10000 --cache-capacity=64 'nnet3-copy --nnet-config=exp/xvector_nnet_1a/extract.config exp/xvector_nnet_1a/final.raw - |' 'ark:apply-cmvn-sliding --norm-vars=false --center=true --cmn-window=300 scp:dump/mfcc/train/split1/1/feats.scp ark:- | select-voiced-frames ark:- scp,s,cs:dump/mfcc/train/split1/1/vad.scp ark:- |' ark,scp:dump/xvector/train/xvector.1.ark,dump/xvector/train/xvector.1.scp 
nnet3-copy --nnet-config=exp/xvector_nnet_1a/extract.config exp/xvector_nnet_1a/final.raw - 
WARNING (nnet3-copy[5.5.1126~1-8c451]:Check():nnet-nnet.cc:789) Node tdnn6.relu is never used to compute any output.
WARNING (nnet3-copy[5.5.1126~1-8c451]:Check():nnet-nnet.cc:789) Node tdnn6.batchnorm is never used to compute any output.
WARNING (nnet3-copy[5.5.1126~1-8c451]:Check():nnet-nnet.cc:789) Node tdnn7.affine is never used to compute any output.
WARNING (nnet3-copy[5.5.1126~1-8c451]:Check():nnet-nnet.cc:789) Node tdnn7.relu is never used to compute any output.
WARNING (nnet3-copy[5.5.1126~1-8c451]:Check():nnet-nnet.cc:789) Node tdnn7.batchnorm is never used to compute any output.
WARNING (nnet3-copy[5.5.1126~1-8c451]:Check():nnet-nnet.cc:789) Node output.affine is never used to compute any output.
WARNING (nnet3-copy[5.5.1126~1-8c451]:Check():nnet-nnet.cc:789) Node output.log-softmax is never used to compute any output.
LOG (nnet3-copy[5.5.1126~1-8c451]:main():nnet3-copy.cc:123) Copied raw neural net from exp/xvector_nnet_1a/final.raw to -
WARNING (nnet3-xvector-compute[5.5.1126~1-8c451]:Check():nnet-nnet.cc:789) Node tdnn6.relu is never used to compute any output.
WARNING (nnet3-xvector-compute[5.5.1126~1-8c451]:Check():nnet-nnet.cc:789) Node tdnn6.batchnorm is never used to compute any output.
WARNING (nnet3-xvector-compute[5.5.1126~1-8c451]:Check():nnet-nnet.cc:789) Node tdnn7.affine is never used to compute any output.
WARNING (nnet3-xvector-compute[5.5.1126~1-8c451]:Check():nnet-nnet.cc:789) Node tdnn7.relu is never used to compute any output.
WARNING (nnet3-xvector-compute[5.5.1126~1-8c451]:Check():nnet-nnet.cc:789) Node tdnn7.batchnorm is never used to compute any output.
WARNING (nnet3-xvector-compute[5.5.1126~1-8c451]:Check():nnet-nnet.cc:789) Node output.affine is never used to compute any output.
WARNING (nnet3-xvector-compute[5.5.1126~1-8c451]:Check():nnet-nnet.cc:789) Node output.log-softmax is never used to compute any output.
LOG (nnet3-xvector-compute[5.5.1126~1-8c451]:RemoveOrphanNodes():nnet-nnet.cc:948) Removed 7 orphan nodes.
LOG (nnet3-xvector-compute[5.5.1126~1-8c451]:RemoveOrphanComponents():nnet-nnet.cc:847) Removing 7 orphan components.
LOG (nnet3-xvector-compute[5.5.1126~1-8c451]:Collapse():nnet-utils.cc:1488) Added 0 components, removed 7
select-voiced-frames ark:- scp,s,cs:dump/mfcc/train/split1/1/vad.scp ark:- 
apply-cmvn-sliding --norm-vars=false --center=true --cmn-window=300 scp:dump/mfcc/train/split1/1/feats.scp ark:- 
LOG (nnet3-xvector-compute[5.5.1126~1-8c451]:main():nnet3-xvector-compute.cc:182) Chunk size of 10000 is greater than the number of rows in utterance: FAM_135, using chunk size  of 81
LOG (nnet3-xvector-compute[5.5.1126~1-8c451]:main():nnet3-xvector-compute.cc:182) Chunk size of 10000 is greater than the number of rows in utterance: FAM_136, using chunk size  of 70
LOG (nnet3-xvector-compute[5.5.1126~1-8c451]:main():nnet3-xvector-compute.cc:182) Chunk size of 10000 is greater than the number of rows in utterance: FAM_137, using chunk size  of 76
LOG (nnet3-xvector-compute[5.5.1126~1-8c451]:main():nnet3-xvector-compute.cc:182) Chunk size of 10000 is greater than the number of rows in utterance: FAM_138, using chunk size  of 50
LOG (nnet3-xvector-compute[5.5.1126~1-8c451]:main():nnet3-xvector-compute.cc:182) Chunk size of 10000 is greater than the number of rows in utterance: FAM_139, using chunk size  of 77
LOG (nnet3-xvector-compute[5.5.1126~1-8c451]:main():nnet3-xvector-compute.cc:182) Chunk size of 10000 is greater than the number of rows in utterance: FAM_14, using chunk size  of 175
LOG (nnet3-xvector-compute[5.5.1126~1-8c451]:main():nnet3-xvector-compute.cc:182) Chunk size of 10000 is greater than the number of rows in utterance: FAM_140, using chunk size  of 104
LOG (nnet3-xvector-compute[5.5.1126~1-8c451]:main():nnet3-xvector-compute.cc:182) Chunk size of 10000 is greater than the number of rows in utterance: FAM_141, using chunk size  of 41
LOG (nnet3-xvector-compute[5.5.1126~1-8c451]:main():nnet3-xvector-compute.cc:182) Chunk size of 10000 is greater than the number of rows in utterance: FAM_142, using chunk size  of 78
LOG (nnet3-xvector-compute[5.5.1126~1-8c451]:main():nnet3-xvector-compute.cc:182) Chunk size of 10000 is greater than the number of rows in utterance: FAM_143, using chunk size  of 73
LOG (nnet3-xvector-compute[5.5.1126~1-8c451]:main():nnet3-xvector-compute.cc:182) Chunk size of 10000 is greater than the number of rows in utterance: FAM_144, using chunk size  of 68
LOG (nnet3-xvector-compute[5.5.1126~1-8c451]:main():nnet3-xvector-compute.cc:182) Chunk size of 10000 is greater than the number of rows in utterance: FAM_145, using chunk size  of 74
LOG (nnet3-xvector-compute[5.5.1126~1-8c451]:main():nnet3-xvector-compute.cc:182) Chunk size of 10000 is greater than the number of rows in utterance: FAM_146, using chunk size  of 57
LOG (nnet3-xvector-compute[5.5.1126~1-8c451]:main():nnet3-xvector-compute.cc:182) Chunk size of 10000 is greater than the number of rows in utterance: FAM_147, using chunk size  of 78
LOG (nnet3-xvector-compute[5.5.1126~1-8c451]:main():nnet3-xvector-compute.cc:182) Chunk size of 10000 is greater than the number of rows in utterance: FAM_148, using chunk size  of 64
LOG (nnet3-xvector-compute[5.5.1126~1-8c451]:main():nnet3-xvector-compute.cc:182) Chunk size of 10000 is greater than the number of rows in utterance: FAM_149, using chunk size  of 65
LOG (nnet3-xvector-compute[5.5.1126~1-8c451]:main():nnet3-xvector-compute.cc:182) Chunk size of 10000 is greater than the number of rows in utterance: FAM_15, using chunk size  of 185
LOG (nnet3-xvector-compute[5.5.1126~1-8c451]:main():nnet3-xvector-compute.cc:182) Chunk size of 10000 is greater than the number of rows in utterance: FAM_150, using chunk size  of 69
LOG (nnet3-xvector-compute[5.5.1126~1-8c451]:main():nnet3-xvector-compute.cc:182) Chunk size of 10000 is greater than the number of rows in utterance: FAM_151, using chunk size  of 74
LOG (nnet3-xvector-compute[5.5.1126~1-8c451]:main():nnet3-xvector-compute.cc:182) Chunk size of 10000 is greater than the number of rows in utterance: FAM_152, using chunk size  of 89
LOG (nnet3-xvector-compute[5.5.1126~1-8c451]:main():nnet3-xvector-compute.cc:182) Chunk size of 10000 is greater than the number of rows in utterance: FAM_153, using chunk size  of 70
LOG (nnet3-xvector-compute[5.5.1126~1-8c451]:main():nnet3-xvector-compute.cc:182) Chunk size of 10000 is greater than the number of rows in utterance: FAM_154, using chunk size  of 68
LOG (nnet3-xvector-compute[5.5.1126~1-8c451]:main():nnet3-xvector-compute.cc:182) Chunk size of 10000 is greater than the number of rows in utterance: FAM_155, using chunk size  of 81
LOG (nnet3-xvector-compute[5.5.1126~1-8c451]:main():nnet3-xvector-compute.cc:182) Chunk size of 10000 is greater than the number of rows in utterance: FAM_156, using chunk size  of 100
LOG (nnet3-xvector-compute[5.5.1126~1-8c451]:main():nnet3-xvector-compute.cc:182) Chunk size of 10000 is greater than the number of rows in utterance: FAM_157, using chunk size  of 95
LOG (nnet3-xvector-compute[5.5.1126~1-8c451]:main():nnet3-xvector-compute.cc:182) Chunk size of 10000 is greater than the number of rows in utterance: FAM_158, using chunk size  of 51
LOG (nnet3-xvector-compute[5.5.1126~1-8c451]:main():nnet3-xvector-compute.cc:182) Chunk size of 10000 is greater than the number of rows in utterance: FAM_159, using chunk size  of 48
LOG (nnet3-xvector-compute[5.5.1126~1-8c451]:main():nnet3-xvector-compute.cc:182) Chunk size of 10000 is greater than the number of rows in utterance: FAM_16, using chunk size  of 262
LOG (nnet3-xvector-compute[5.5.1126~1-8c451]:main():nnet3-xvector-compute.cc:182) Chunk size of 10000 is greater than the number of rows in utterance: FAM_160, using chunk size  of 72
LOG (nnet3-xvector-compute[5.5.1126~1-8c451]:main():nnet3-xvector-compute.cc:182) Chunk size of 10000 is greater than the number of rows in utterance: FAM_161, using chunk size  of 52
LOG (nnet3-xvector-compute[5.5.1126~1-8c451]:main():nnet3-xvector-compute.cc:182) Chunk size of 10000 is greater than the number of rows in utterance: FAM_162, using chunk size  of 45
LOG (nnet3-xvector-compute[5.5.1126~1-8c451]:main():nnet3-xvector-compute.cc:182) Chunk size of 10000 is greater than the number of rows in utterance: FAM_163, using chunk size  of 83
LOG (nnet3-xvector-compute[5.5.1126~1-8c451]:main():nnet3-xvector-compute.cc:182) Chunk size of 10000 is greater than the number of rows in utterance: FAM_164, using chunk size  of 86
LOG (nnet3-xvector-compute[5.5.1126~1-8c451]:main():nnet3-xvector-compute.cc:182) Chunk size of 10000 is greater than the number of rows in utterance: FAM_165, using chunk size  of 72
LOG (nnet3-xvector-compute[5.5.1126~1-8c451]:main():nnet3-xvector-compute.cc:182) Chunk size of 10000 is greater than the number of rows in utterance: FAM_166, using chunk size  of 60
LOG (nnet3-xvector-compute[5.5.1126~1-8c451]:main():nnet3-xvector-compute.cc:182) Chunk size of 10000 is greater than the number of rows in utterance: FAM_167, using chunk size  of 43
LOG (nnet3-xvector-compute[5.5.1126~1-8c451]:main():nnet3-xvector-compute.cc:182) Chunk size of 10000 is greater than the number of rows in utterance: FAM_168, using chunk size  of 67
LOG (nnet3-xvector-compute[5.5.1126~1-8c451]:main():nnet3-xvector-compute.cc:182) Chunk size of 10000 is greater than the number of rows in utterance: FAM_169, using chunk size  of 45
LOG (nnet3-xvector-compute[5.5.1126~1-8c451]:main():nnet3-xvector-compute.cc:182) Chunk size of 10000 is greater than the number of rows in utterance: FAM_17, using chunk size  of 205
LOG (nnet3-xvector-compute[5.5.1126~1-8c451]:main():nnet3-xvector-compute.cc:182) Chunk size of 10000 is greater than the number of rows in utterance: FAM_170, using chunk size  of 80
LOG (nnet3-xvector-compute[5.5.1126~1-8c451]:main():nnet3-xvector-compute.cc:182) Chunk size of 10000 is greater than the number of rows in utterance: FAM_171, using chunk size  of 72
LOG (nnet3-xvector-compute[5.5.1126~1-8c451]:main():nnet3-xvector-compute.cc:182) Chunk size of 10000 is greater than the number of rows in utterance: FAM_172, using chunk size  of 69
LOG (nnet3-xvector-compute[5.5.1126~1-8c451]:main():nnet3-xvector-compute.cc:182) Chunk size of 10000 is greater than the number of rows in utterance: FAM_173, using chunk size  of 71
LOG (nnet3-xvector-compute[5.5.1126~1-8c451]:main():nnet3-xvector-compute.cc:182) Chunk size of 10000 is greater than the number of rows in utterance: FAM_174, using chunk size  of 53
LOG (nnet3-xvector-compute[5.5.1126~1-8c451]:main():nnet3-xvector-compute.cc:182) Chunk size of 10000 is greater than the number of rows in utterance: FAM_175, using chunk size  of 64
LOG (nnet3-xvector-compute[5.5.1126~1-8c451]:main():nnet3-xvector-compute.cc:182) Chunk size of 10000 is greater than the number of rows in utterance: FAM_176, using chunk size  of 64
LOG (nnet3-xvector-compute[5.5.1126~1-8c451]:main():nnet3-xvector-compute.cc:182) Chunk size of 10000 is greater than the number of rows in utterance: FAM_177, using chunk size  of 79
LOG (nnet3-xvector-compute[5.5.1126~1-8c451]:main():nnet3-xvector-compute.cc:182) Chunk size of 10000 is greater than the number of rows in utterance: FAM_178, using chunk size  of 50
LOG (nnet3-xvector-compute[5.5.1126~1-8c451]:main():nnet3-xvector-compute.cc:182) Chunk size of 10000 is greater than the number of rows in utterance: FAM_179, using chunk size  of 56
LOG (nnet3-xvector-compute[5.5.1126~1-8c451]:main():nnet3-xvector-compute.cc:182) Chunk size of 10000 is greater than the number of rows in utterance: FAM_18, using chunk size  of 204
LOG (nnet3-xvector-compute[5.5.1126~1-8c451]:main():nnet3-xvector-compute.cc:182) Chunk size of 10000 is greater than the number of rows in utterance: FAM_180, using chunk size  of 73
LOG (nnet3-xvector-compute[5.5.1126~1-8c451]:main():nnet3-xvector-compute.cc:182) Chunk size of 10000 is greater than the number of rows in utterance: FAM_181, using chunk size  of 78
LOG (nnet3-xvector-compute[5.5.1126~1-8c451]:main():nnet3-xvector-compute.cc:182) Chunk size of 10000 is greater than the number of rows in utterance: FAM_182, using chunk size  of 59
LOG (nnet3-xvector-compute[5.5.1126~1-8c451]:main():nnet3-xvector-compute.cc:182) Chunk size of 10000 is greater than the number of rows in utterance: FAM_183, using chunk size  of 91
LOG (nnet3-xvector-compute[5.5.1126~1-8c451]:main():nnet3-xvector-compute.cc:182) Chunk size of 10000 is greater than the number of rows in utterance: FAM_184, using chunk size  of 36
LOG (nnet3-xvector-compute[5.5.1126~1-8c451]:main():nnet3-xvector-compute.cc:182) Chunk size of 10000 is greater than the number of rows in utterance: FAM_185, using chunk size  of 72
LOG (nnet3-xvector-compute[5.5.1126~1-8c451]:main():nnet3-xvector-compute.cc:182) Chunk size of 10000 is greater than the number of rows in utterance: FAM_186, using chunk size  of 50
LOG (nnet3-xvector-compute[5.5.1126~1-8c451]:main():nnet3-xvector-compute.cc:182) Chunk size of 10000 is greater than the number of rows in utterance: FAM_187, using chunk size  of 69
LOG (nnet3-xvector-compute[5.5.1126~1-8c451]:main():nnet3-xvector-compute.cc:182) Chunk size of 10000 is greater than the number of rows in utterance: FAM_188, using chunk size  of 58
LOG (nnet3-xvector-compute[5.5.1126~1-8c451]:main():nnet3-xvector-compute.cc:182) Chunk size of 10000 is greater than the number of rows in utterance: FAM_189, using chunk size  of 91
LOG (nnet3-xvector-compute[5.5.1126~1-8c451]:main():nnet3-xvector-compute.cc:182) Chunk size of 10000 is greater than the number of rows in utterance: FAM_19, using chunk size  of 172
LOG (nnet3-xvector-compute[5.5.1126~1-8c451]:main():nnet3-xvector-compute.cc:182) Chunk size of 10000 is greater than the number of rows in utterance: FAM_190, using chunk size  of 76
LOG (nnet3-xvector-compute[5.5.1126~1-8c451]:main():nnet3-xvector-compute.cc:182) Chunk size of 10000 is greater than the number of rows in utterance: FAM_191, using chunk size  of 79
LOG (nnet3-xvector-compute[5.5.1126~1-8c451]:main():nnet3-xvector-compute.cc:182) Chunk size of 10000 is greater than the number of rows in utterance: FAM_192, using chunk size  of 84
LOG (nnet3-xvector-compute[5.5.1126~1-8c451]:main():nnet3-xvector-compute.cc:182) Chunk size of 10000 is greater than the number of rows in utterance: FAM_193, using chunk size  of 51
LOG (nnet3-xvector-compute[5.5.1126~1-8c451]:main():nnet3-xvector-compute.cc:182) Chunk size of 10000 is greater than the number of rows in utterance: FAM_194, using chunk size  of 80
LOG (nnet3-xvector-compute[5.5.1126~1-8c451]:main():nnet3-xvector-compute.cc:182) Chunk size of 10000 is greater than the number of rows in utterance: FAM_195, using chunk size  of 68
LOG (nnet3-xvector-compute[5.5.1126~1-8c451]:main():nnet3-xvector-compute.cc:182) Chunk size of 10000 is greater than the number of rows in utterance: FAM_196, using chunk size  of 81
LOG (nnet3-xvector-compute[5.5.1126~1-8c451]:main():nnet3-xvector-compute.cc:182) Chunk size of 10000 is greater than the number of rows in utterance: FAM_197, using chunk size  of 68
LOG (nnet3-xvector-compute[5.5.1126~1-8c451]:main():nnet3-xvector-compute.cc:182) Chunk size of 10000 is greater than the number of rows in utterance: FAM_198, using chunk size  of 107
LOG (nnet3-xvector-compute[5.5.1126~1-8c451]:main():nnet3-xvector-compute.cc:182) Chunk size of 10000 is greater than the number of rows in utterance: FAM_199, using chunk size  of 99
LOG (nnet3-xvector-compute[5.5.1126~1-8c451]:main():nnet3-xvector-compute.cc:182) Chunk size of 10000 is greater than the number of rows in utterance: FAM_2, using chunk size  of 140
LOG (nnet3-xvector-compute[5.5.1126~1-8c451]:main():nnet3-xvector-compute.cc:182) Chunk size of 10000 is greater than the number of rows in utterance: FAM_20, using chunk size  of 165
LOG (nnet3-xvector-compute[5.5.1126~1-8c451]:main():nnet3-xvector-compute.cc:182) Chunk size of 10000 is greater than the number of rows in utterance: FAM_200, using chunk size  of 70
LOG (nnet3-xvector-compute[5.5.1126~1-8c451]:main():nnet3-xvector-compute.cc:182) Chunk size of 10000 is greater than the number of rows in utterance: FAM_201, using chunk size  of 73
LOG (nnet3-xvector-compute[5.5.1126~1-8c451]:main():nnet3-xvector-compute.cc:182) Chunk size of 10000 is greater than the number of rows in utterance: FAM_202, using chunk size  of 74
LOG (nnet3-xvector-compute[5.5.1126~1-8c451]:main():nnet3-xvector-compute.cc:182) Chunk size of 10000 is greater than the number of rows in utterance: FAM_203, using chunk size  of 108
LOG (nnet3-xvector-compute[5.5.1126~1-8c451]:main():nnet3-xvector-compute.cc:182) Chunk size of 10000 is greater than the number of rows in utterance: FAM_204, using chunk size  of 89
LOG (nnet3-xvector-compute[5.5.1126~1-8c451]:main():nnet3-xvector-compute.cc:182) Chunk size of 10000 is greater than the number of rows in utterance: FAM_205, using chunk size  of 115
LOG (nnet3-xvector-compute[5.5.1126~1-8c451]:main():nnet3-xvector-compute.cc:182) Chunk size of 10000 is greater than the number of rows in utterance: FAM_206, using chunk size  of 85
LOG (nnet3-xvector-compute[5.5.1126~1-8c451]:main():nnet3-xvector-compute.cc:182) Chunk size of 10000 is greater than the number of rows in utterance: FAM_207, using chunk size  of 74
LOG (nnet3-xvector-compute[5.5.1126~1-8c451]:main():nnet3-xvector-compute.cc:182) Chunk size of 10000 is greater than the number of rows in utterance: FAM_208, using chunk size  of 100
LOG (nnet3-xvector-compute[5.5.1126~1-8c451]:main():nnet3-xvector-compute.cc:182) Chunk size of 10000 is greater than the number of rows in utterance: FAM_209, using chunk size  of 66
LOG (nnet3-xvector-compute[5.5.1126~1-8c451]:main():nnet3-xvector-compute.cc:182) Chunk size of 10000 is greater than the number of rows in utterance: FAM_21, using chunk size  of 102
LOG (nnet3-xvector-compute[5.5.1126~1-8c451]:main():nnet3-xvector-compute.cc:182) Chunk size of 10000 is greater than the number of rows in utterance: FAM_210, using chunk size  of 99
LOG (nnet3-xvector-compute[5.5.1126~1-8c451]:main():nnet3-xvector-compute.cc:182) Chunk size of 10000 is greater than the number of rows in utterance: FAM_211, using chunk size  of 105
LOG (nnet3-xvector-compute[5.5.1126~1-8c451]:main():nnet3-xvector-compute.cc:182) Chunk size of 10000 is greater than the number of rows in utterance: FAM_212, using chunk size  of 128
LOG (nnet3-xvector-compute[5.5.1126~1-8c451]:main():nnet3-xvector-compute.cc:182) Chunk size of 10000 is greater than the number of rows in utterance: FAM_213, using chunk size  of 213
LOG (nnet3-xvector-compute[5.5.1126~1-8c451]:main():nnet3-xvector-compute.cc:182) Chunk size of 10000 is greater than the number of rows in utterance: FAM_214, using chunk size  of 160
LOG (nnet3-xvector-compute[5.5.1126~1-8c451]:main():nnet3-xvector-compute.cc:182) Chunk size of 10000 is greater than the number of rows in utterance: FAM_215, using chunk size  of 196
LOG (nnet3-xvector-compute[5.5.1126~1-8c451]:main():nnet3-xvector-compute.cc:182) Chunk size of 10000 is greater than the number of rows in utterance: FAM_216, using chunk size  of 129
LOG (nnet3-xvector-compute[5.5.1126~1-8c451]:main():nnet3-xvector-compute.cc:182) Chunk size of 10000 is greater than the number of rows in utterance: FAM_217, using chunk size  of 197
LOG (nnet3-xvector-compute[5.5.1126~1-8c451]:main():nnet3-xvector-compute.cc:182) Chunk size of 10000 is greater than the number of rows in utterance: FAM_218, using chunk size  of 192
LOG (nnet3-xvector-compute[5.5.1126~1-8c451]:main():nnet3-xvector-compute.cc:182) Chunk size of 10000 is greater than the number of rows in utterance: FAM_219, using chunk size  of 266
LOG (nnet3-xvector-compute[5.5.1126~1-8c451]:main():nnet3-xvector-compute.cc:182) Chunk size of 10000 is greater than the number of rows in utterance: FAM_22, using chunk size  of 207
LOG (nnet3-xvector-compute[5.5.1126~1-8c451]:main():nnet3-xvector-compute.cc:182) Chunk size of 10000 is greater than the number of rows in utterance: FAM_220, using chunk size  of 202
LOG (nnet3-xvector-compute[5.5.1126~1-8c451]:main():nnet3-xvector-compute.cc:182) Chunk size of 10000 is greater than the number of rows in utterance: FAM_221, using chunk size  of 266
LOG (nnet3-xvector-compute[5.5.1126~1-8c451]:main():nnet3-xvector-compute.cc:182) Chunk size of 10000 is greater than the number of rows in utterance: FAM_222, using chunk size  of 176
LOG (nnet3-xvector-compute[5.5.1126~1-8c451]:main():nnet3-xvector-compute.cc:182) Chunk size of 10000 is greater than the number of rows in utterance: FAM_223, using chunk size  of 241
LOG (nnet3-xvector-compute[5.5.1126~1-8c451]:main():nnet3-xvector-compute.cc:182) Chunk size of 10000 is greater than the number of rows in utterance: FAM_224, using chunk size  of 217
LOG (nnet3-xvector-compute[5.5.1126~1-8c451]:main():nnet3-xvector-compute.cc:182) Chunk size of 10000 is greater than the number of rows in utterance: FAM_225, using chunk size  of 171
LOG (nnet3-xvector-compute[5.5.1126~1-8c451]:main():nnet3-xvector-compute.cc:182) Chunk size of 10000 is greater than the number of rows in utterance: FAM_226, using chunk size  of 179
LOG (nnet3-xvector-compute[5.5.1126~1-8c451]:main():nnet3-xvector-compute.cc:182) Chunk size of 10000 is greater than the number of rows in utterance: FAM_227, using chunk size  of 185
LOG (nnet3-xvector-compute[5.5.1126~1-8c451]:main():nnet3-xvector-compute.cc:182) Chunk size of 10000 is greater than the number of rows in utterance: FAM_228, using chunk size  of 189
LOG (nnet3-xvector-compute[5.5.1126~1-8c451]:main():nnet3-xvector-compute.cc:182) Chunk size of 10000 is greater than the number of rows in utterance: FAM_229, using chunk size  of 139
LOG (nnet3-xvector-compute[5.5.1126~1-8c451]:main():nnet3-xvector-compute.cc:182) Chunk size of 10000 is greater than the number of rows in utterance: FAM_23, using chunk size  of 204
LOG (nnet3-xvector-compute[5.5.1126~1-8c451]:main():nnet3-xvector-compute.cc:182) Chunk size of 10000 is greater than the number of rows in utterance: FAM_230, using chunk size  of 184
LOG (nnet3-xvector-compute[5.5.1126~1-8c451]:main():nnet3-xvector-compute.cc:182) Chunk size of 10000 is greater than the number of rows in utterance: FAM_231, using chunk size  of 242
LOG (nnet3-xvector-compute[5.5.1126~1-8c451]:main():nnet3-xvector-compute.cc:182) Chunk size of 10000 is greater than the number of rows in utterance: FAM_232, using chunk size  of 124
LOG (nnet3-xvector-compute[5.5.1126~1-8c451]:main():nnet3-xvector-compute.cc:182) Chunk size of 10000 is greater than the number of rows in utterance: FAM_233, using chunk size  of 169
LOG (nnet3-xvector-compute[5.5.1126~1-8c451]:main():nnet3-xvector-compute.cc:182) Chunk size of 10000 is greater than the number of rows in utterance: FAM_234, using chunk size  of 229
LOG (nnet3-xvector-compute[5.5.1126~1-8c451]:main():nnet3-xvector-compute.cc:182) Chunk size of 10000 is greater than the number of rows in utterance: FAM_235, using chunk size  of 218
LOG (nnet3-xvector-compute[5.5.1126~1-8c451]:main():nnet3-xvector-compute.cc:182) Chunk size of 10000 is greater than the number of rows in utterance: FAM_236, using chunk size  of 249
LOG (nnet3-xvector-compute[5.5.1126~1-8c451]:main():nnet3-xvector-compute.cc:182) Chunk size of 10000 is greater than the number of rows in utterance: FAM_237, using chunk size  of 203
LOG (nnet3-xvector-compute[5.5.1126~1-8c451]:main():nnet3-xvector-compute.cc:182) Chunk size of 10000 is greater than the number of rows in utterance: FAM_238, using chunk size  of 118
LOG (nnet3-xvector-compute[5.5.1126~1-8c451]:main():nnet3-xvector-compute.cc:182) Chunk size of 10000 is greater than the number of rows in utterance: FAM_239, using chunk size  of 146
LOG (nnet3-xvector-compute[5.5.1126~1-8c451]:main():nnet3-xvector-compute.cc:182) Chunk size of 10000 is greater than the number of rows in utterance: FAM_24, using chunk size  of 112
LOG (nnet3-xvector-compute[5.5.1126~1-8c451]:main():nnet3-xvector-compute.cc:182) Chunk size of 10000 is greater than the number of rows in utterance: FAM_240, using chunk size  of 198
LOG (nnet3-xvector-compute[5.5.1126~1-8c451]:main():nnet3-xvector-compute.cc:182) Chunk size of 10000 is greater than the number of rows in utterance: FAM_241, using chunk size  of 208
LOG (nnet3-xvector-compute[5.5.1126~1-8c451]:main():nnet3-xvector-compute.cc:182) Chunk size of 10000 is greater than the number of rows in utterance: FAM_242, using chunk size  of 187
LOG (nnet3-xvector-compute[5.5.1126~1-8c451]:main():nnet3-xvector-compute.cc:182) Chunk size of 10000 is greater than the number of rows in utterance: FAM_243, using chunk size  of 202
LOG (nnet3-xvector-compute[5.5.1126~1-8c451]:main():nnet3-xvector-compute.cc:182) Chunk size of 10000 is greater than the number of rows in utterance: FAM_244, using chunk size  of 256
LOG (nnet3-xvector-compute[5.5.1126~1-8c451]:main():nnet3-xvector-compute.cc:182) Chunk size of 10000 is greater than the number of rows in utterance: FAM_245, using chunk size  of 240
LOG (nnet3-xvector-compute[5.5.1126~1-8c451]:main():nnet3-xvector-compute.cc:182) Chunk size of 10000 is greater than the number of rows in utterance: FAM_246, using chunk size  of 154
LOG (nnet3-xvector-compute[5.5.1126~1-8c451]:main():nnet3-xvector-compute.cc:182) Chunk size of 10000 is greater than the number of rows in utterance: FAM_247, using chunk size  of 104
LOG (nnet3-xvector-compute[5.5.1126~1-8c451]:main():nnet3-xvector-compute.cc:182) Chunk size of 10000 is greater than the number of rows in utterance: FAM_248, using chunk size  of 159
LOG (nnet3-xvector-compute[5.5.1126~1-8c451]:main():nnet3-xvector-compute.cc:182) Chunk size of 10000 is greater than the number of rows in utterance: FAM_249, using chunk size  of 215
LOG (nnet3-xvector-compute[5.5.1126~1-8c451]:main():nnet3-xvector-compute.cc:182) Chunk size of 10000 is greater than the number of rows in utterance: FAM_25, using chunk size  of 228
LOG (nnet3-xvector-compute[5.5.1126~1-8c451]:main():nnet3-xvector-compute.cc:182) Chunk size of 10000 is greater than the number of rows in utterance: FAM_250, using chunk size  of 224
LOG (nnet3-xvector-compute[5.5.1126~1-8c451]:main():nnet3-xvector-compute.cc:182) Chunk size of 10000 is greater than the number of rows in utterance: FAM_251, using chunk size  of 184
LOG (nnet3-xvector-compute[5.5.1126~1-8c451]:main():nnet3-xvector-compute.cc:182) Chunk size of 10000 is greater than the number of rows in utterance: FAM_252, using chunk size  of 150
LOG (nnet3-xvector-compute[5.5.1126~1-8c451]:main():nnet3-xvector-compute.cc:182) Chunk size of 10000 is greater than the number of rows in utterance: FAM_253, using chunk size  of 175
LOG (nnet3-xvector-compute[5.5.1126~1-8c451]:main():nnet3-xvector-compute.cc:182) Chunk size of 10000 is greater than the number of rows in utterance: FAM_254, using chunk size  of 176
LOG (nnet3-xvector-compute[5.5.1126~1-8c451]:main():nnet3-xvector-compute.cc:182) Chunk size of 10000 is greater than the number of rows in utterance: FAM_255, using chunk size  of 181
LOG (nnet3-xvector-compute[5.5.1126~1-8c451]:main():nnet3-xvector-compute.cc:182) Chunk size of 10000 is greater than the number of rows in utterance: FAM_256, using chunk size  of 168
LOG (nnet3-xvector-compute[5.5.1126~1-8c451]:main():nnet3-xvector-compute.cc:182) Chunk size of 10000 is greater than the number of rows in utterance: FAM_257, using chunk size  of 158
LOG (nnet3-xvector-compute[5.5.1126~1-8c451]:main():nnet3-xvector-compute.cc:182) Chunk size of 10000 is greater than the number of rows in utterance: FAM_258, using chunk size  of 188
LOG (nnet3-xvector-compute[5.5.1126~1-8c451]:main():nnet3-xvector-compute.cc:182) Chunk size of 10000 is greater than the number of rows in utterance: FAM_259, using chunk size  of 152
LOG (nnet3-xvector-compute[5.5.1126~1-8c451]:main():nnet3-xvector-compute.cc:182) Chunk size of 10000 is greater than the number of rows in utterance: FAM_26, using chunk size  of 136
LOG (nnet3-xvector-compute[5.5.1126~1-8c451]:main():nnet3-xvector-compute.cc:182) Chunk size of 10000 is greater than the number of rows in utterance: FAM_260, using chunk size  of 207
LOG (nnet3-xvector-compute[5.5.1126~1-8c451]:main():nnet3-xvector-compute.cc:182) Chunk size of 10000 is greater than the number of rows in utterance: FAM_261, using chunk size  of 194
LOG (nnet3-xvector-compute[5.5.1126~1-8c451]:main():nnet3-xvector-compute.cc:182) Chunk size of 10000 is greater than the number of rows in utterance: FAM_262, using chunk size  of 161
LOG (nnet3-xvector-compute[5.5.1126~1-8c451]:main():nnet3-xvector-compute.cc:182) Chunk size of 10000 is greater than the number of rows in utterance: FAM_263, using chunk size  of 176
LOG (nnet3-xvector-compute[5.5.1126~1-8c451]:main():nnet3-xvector-compute.cc:182) Chunk size of 10000 is greater than the number of rows in utterance: FAM_264, using chunk size  of 208
LOG (nnet3-xvector-compute[5.5.1126~1-8c451]:main():nnet3-xvector-compute.cc:182) Chunk size of 10000 is greater than the number of rows in utterance: FAM_265, using chunk size  of 158
LOG (nnet3-xvector-compute[5.5.1126~1-8c451]:main():nnet3-xvector-compute.cc:182) Chunk size of 10000 is greater than the number of rows in utterance: FAM_266, using chunk size  of 155
LOG (nnet3-xvector-compute[5.5.1126~1-8c451]:main():nnet3-xvector-compute.cc:182) Chunk size of 10000 is greater than the number of rows in utterance: FAM_267, using chunk size  of 177
LOG (nnet3-xvector-compute[5.5.1126~1-8c451]:main():nnet3-xvector-compute.cc:182) Chunk size of 10000 is greater than the number of rows in utterance: FAM_268, using chunk size  of 240
LOG (nnet3-xvector-compute[5.5.1126~1-8c451]:main():nnet3-xvector-compute.cc:182) Chunk size of 10000 is greater than the number of rows in utterance: FAM_269, using chunk size  of 140
LOG (nnet3-xvector-compute[5.5.1126~1-8c451]:main():nnet3-xvector-compute.cc:182) Chunk size of 10000 is greater than the number of rows in utterance: FAM_27, using chunk size  of 137
LOG (nnet3-xvector-compute[5.5.1126~1-8c451]:main():nnet3-xvector-compute.cc:182) Chunk size of 10000 is greater than the number of rows in utterance: FAM_270, using chunk size  of 167
LOG (nnet3-xvector-compute[5.5.1126~1-8c451]:main():nnet3-xvector-compute.cc:182) Chunk size of 10000 is greater than the number of rows in utterance: FAM_271, using chunk size  of 287
LOG (nnet3-xvector-compute[5.5.1126~1-8c451]:main():nnet3-xvector-compute.cc:182) Chunk size of 10000 is greater than the number of rows in utterance: FAM_272, using chunk size  of 196
LOG (nnet3-xvector-compute[5.5.1126~1-8c451]:main():nnet3-xvector-compute.cc:182) Chunk size of 10000 is greater than the number of rows in utterance: FAM_273, using chunk size  of 170
LOG (nnet3-xvector-compute[5.5.1126~1-8c451]:main():nnet3-xvector-compute.cc:182) Chunk size of 10000 is greater than the number of rows in utterance: FAM_274, using chunk size  of 155
LOG (nnet3-xvector-compute[5.5.1126~1-8c451]:main():nnet3-xvector-compute.cc:182) Chunk size of 10000 is greater than the number of rows in utterance: FAM_275, using chunk size  of 256
LOG (nnet3-xvector-compute[5.5.1126~1-8c451]:main():nnet3-xvector-compute.cc:182) Chunk size of 10000 is greater than the number of rows in utterance: FAM_276, using chunk size  of 255
LOG (nnet3-xvector-compute[5.5.1126~1-8c451]:main():nnet3-xvector-compute.cc:182) Chunk size of 10000 is greater than the number of rows in utterance: FAM_277, using chunk size  of 256
LOG (nnet3-xvector-compute[5.5.1126~1-8c451]:main():nnet3-xvector-compute.cc:182) Chunk size of 10000 is greater than the number of rows in utterance: FAM_278, using chunk size  of 204
LOG (nnet3-xvector-compute[5.5.1126~1-8c451]:main():nnet3-xvector-compute.cc:182) Chunk size of 10000 is greater than the number of rows in utterance: FAM_279, using chunk size  of 175
LOG (nnet3-xvector-compute[5.5.1126~1-8c451]:main():nnet3-xvector-compute.cc:182) Chunk size of 10000 is greater than the number of rows in utterance: FAM_28, using chunk size  of 174
LOG (nnet3-xvector-compute[5.5.1126~1-8c451]:main():nnet3-xvector-compute.cc:182) Chunk size of 10000 is greater than the number of rows in utterance: FAM_280, using chunk size  of 198
LOG (nnet3-xvector-compute[5.5.1126~1-8c451]:main():nnet3-xvector-compute.cc:182) Chunk size of 10000 is greater than the number of rows in utterance: FAM_281, using chunk size  of 193
LOG (nnet3-xvector-compute[5.5.1126~1-8c451]:main():nnet3-xvector-compute.cc:182) Chunk size of 10000 is greater than the number of rows in utterance: FAM_282, using chunk size  of 186
LOG (nnet3-xvector-compute[5.5.1126~1-8c451]:main():nnet3-xvector-compute.cc:182) Chunk size of 10000 is greater than the number of rows in utterance: FAM_283, using chunk size  of 214
LOG (nnet3-xvector-compute[5.5.1126~1-8c451]:main():nnet3-xvector-compute.cc:182) Chunk size of 10000 is greater than the number of rows in utterance: FAM_284, using chunk size  of 292
LOG (nnet3-xvector-compute[5.5.1126~1-8c451]:main():nnet3-xvector-compute.cc:182) Chunk size of 10000 is greater than the number of rows in utterance: FAM_285, using chunk size  of 207
LOG (nnet3-xvector-compute[5.5.1126~1-8c451]:main():nnet3-xvector-compute.cc:182) Chunk size of 10000 is greater than the number of rows in utterance: FAM_286, using chunk size  of 247
LOG (nnet3-xvector-compute[5.5.1126~1-8c451]:main():nnet3-xvector-compute.cc:182) Chunk size of 10000 is greater than the number of rows in utterance: FAM_287, using chunk size  of 198
LOG (nnet3-xvector-compute[5.5.1126~1-8c451]:main():nnet3-xvector-compute.cc:182) Chunk size of 10000 is greater than the number of rows in utterance: FAM_288, using chunk size  of 290
LOG (nnet3-xvector-compute[5.5.1126~1-8c451]:main():nnet3-xvector-compute.cc:182) Chunk size of 10000 is greater than the number of rows in utterance: FAM_289, using chunk size  of 259
LOG (nnet3-xvector-compute[5.5.1126~1-8c451]:main():nnet3-xvector-compute.cc:182) Chunk size of 10000 is greater than the number of rows in utterance: FAM_29, using chunk size  of 198
LOG (nnet3-xvector-compute[5.5.1126~1-8c451]:main():nnet3-xvector-compute.cc:182) Chunk size of 10000 is greater than the number of rows in utterance: FAM_290, using chunk size  of 212
LOG (nnet3-xvector-compute[5.5.1126~1-8c451]:main():nnet3-xvector-compute.cc:182) Chunk size of 10000 is greater than the number of rows in utterance: FAM_291, using chunk size  of 240
LOG (nnet3-xvector-compute[5.5.1126~1-8c451]:main():nnet3-xvector-compute.cc:182) Chunk size of 10000 is greater than the number of rows in utterance: FAM_292, using chunk size  of 227
LOG (nnet3-xvector-compute[5.5.1126~1-8c451]:main():nnet3-xvector-compute.cc:182) Chunk size of 10000 is greater than the number of rows in utterance: FAM_293, using chunk size  of 204
LOG (nnet3-xvector-compute[5.5.1126~1-8c451]:main():nnet3-xvector-compute.cc:182) Chunk size of 10000 is greater than the number of rows in utterance: FAM_294, using chunk size  of 196
LOG (nnet3-xvector-compute[5.5.1126~1-8c451]:main():nnet3-xvector-compute.cc:182) Chunk size of 10000 is greater than the number of rows in utterance: FAM_295, using chunk size  of 207
LOG (nnet3-xvector-compute[5.5.1126~1-8c451]:main():nnet3-xvector-compute.cc:182) Chunk size of 10000 is greater than the number of rows in utterance: FAM_296, using chunk size  of 261
LOG (nnet3-xvector-compute[5.5.1126~1-8c451]:main():nnet3-xvector-compute.cc:182) Chunk size of 10000 is greater than the number of rows in utterance: FAM_297, using chunk size  of 230
LOG (nnet3-xvector-compute[5.5.1126~1-8c451]:main():nnet3-xvector-compute.cc:182) Chunk size of 10000 is greater than the number of rows in utterance: FAM_298, using chunk size  of 216
LOG (nnet3-xvector-compute[5.5.1126~1-8c451]:main():nnet3-xvector-compute.cc:182) Chunk size of 10000 is greater than the number of rows in utterance: FAM_299, using chunk size  of 214
LOG (nnet3-xvector-compute[5.5.1126~1-8c451]:main():nnet3-xvector-compute.cc:182) Chunk size of 10000 is greater than the number of rows in utterance: FAM_3, using chunk size  of 131
LOG (nnet3-xvector-compute[5.5.1126~1-8c451]:main():nnet3-xvector-compute.cc:182) Chunk size of 10000 is greater than the number of rows in utterance: FAM_30, using chunk size  of 168
LOG (nnet3-xvector-compute[5.5.1126~1-8c451]:main():nnet3-xvector-compute.cc:182) Chunk size of 10000 is greater than the number of rows in utterance: FAM_300, using chunk size  of 249
LOG (nnet3-xvector-compute[5.5.1126~1-8c451]:main():nnet3-xvector-compute.cc:182) Chunk size of 10000 is greater than the number of rows in utterance: FAM_301, using chunk size  of 281
LOG (nnet3-xvector-compute[5.5.1126~1-8c451]:main():nnet3-xvector-compute.cc:182) Chunk size of 10000 is greater than the number of rows in utterance: FAM_302, using chunk size  of 251
LOG (nnet3-xvector-compute[5.5.1126~1-8c451]:main():nnet3-xvector-compute.cc:182) Chunk size of 10000 is greater than the number of rows in utterance: FAM_303, using chunk size  of 268
LOG (nnet3-xvector-compute[5.5.1126~1-8c451]:main():nnet3-xvector-compute.cc:182) Chunk size of 10000 is greater than the number of rows in utterance: FAM_304, using chunk size  of 332
LOG (nnet3-xvector-compute[5.5.1126~1-8c451]:main():nnet3-xvector-compute.cc:182) Chunk size of 10000 is greater than the number of rows in utterance: FAM_305, using chunk size  of 353
LOG (nnet3-xvector-compute[5.5.1126~1-8c451]:main():nnet3-xvector-compute.cc:182) Chunk size of 10000 is greater than the number of rows in utterance: FAM_306, using chunk size  of 249
LOG (nnet3-xvector-compute[5.5.1126~1-8c451]:main():nnet3-xvector-compute.cc:182) Chunk size of 10000 is greater than the number of rows in utterance: FAM_307, using chunk size  of 247
LOG (nnet3-xvector-compute[5.5.1126~1-8c451]:main():nnet3-xvector-compute.cc:182) Chunk size of 10000 is greater than the number of rows in utterance: FAM_308, using chunk size  of 181
LOG (nnet3-xvector-compute[5.5.1126~1-8c451]:main():nnet3-xvector-compute.cc:182) Chunk size of 10000 is greater than the number of rows in utterance: FAM_309, using chunk size  of 211
LOG (nnet3-xvector-compute[5.5.1126~1-8c451]:main():nnet3-xvector-compute.cc:182) Chunk size of 10000 is greater than the number of rows in utterance: FAM_31, using chunk size  of 219
LOG (nnet3-xvector-compute[5.5.1126~1-8c451]:main():nnet3-xvector-compute.cc:182) Chunk size of 10000 is greater than the number of rows in utterance: FAM_310, using chunk size  of 246
LOG (nnet3-xvector-compute[5.5.1126~1-8c451]:main():nnet3-xvector-compute.cc:182) Chunk size of 10000 is greater than the number of rows in utterance: FAM_311, using chunk size  of 325
LOG (nnet3-xvector-compute[5.5.1126~1-8c451]:main():nnet3-xvector-compute.cc:182) Chunk size of 10000 is greater than the number of rows in utterance: FAM_312, using chunk size  of 313
LOG (nnet3-xvector-compute[5.5.1126~1-8c451]:main():nnet3-xvector-compute.cc:182) Chunk size of 10000 is greater than the number of rows in utterance: FAM_313, using chunk size  of 218
LOG (nnet3-xvector-compute[5.5.1126~1-8c451]:main():nnet3-xvector-compute.cc:182) Chunk size of 10000 is greater than the number of rows in utterance: FAM_314, using chunk size  of 228
LOG (nnet3-xvector-compute[5.5.1126~1-8c451]:main():nnet3-xvector-compute.cc:182) Chunk size of 10000 is greater than the number of rows in utterance: FAM_315, using chunk size  of 195
LOG (nnet3-xvector-compute[5.5.1126~1-8c451]:main():nnet3-xvector-compute.cc:182) Chunk size of 10000 is greater than the number of rows in utterance: FAM_316, using chunk size  of 238
LOG (nnet3-xvector-compute[5.5.1126~1-8c451]:main():nnet3-xvector-compute.cc:182) Chunk size of 10000 is greater than the number of rows in utterance: FAM_317, using chunk size  of 231
LOG (nnet3-xvector-compute[5.5.1126~1-8c451]:main():nnet3-xvector-compute.cc:182) Chunk size of 10000 is greater than the number of rows in utterance: FAM_318, using chunk size  of 169
LOG (nnet3-xvector-compute[5.5.1126~1-8c451]:main():nnet3-xvector-compute.cc:182) Chunk size of 10000 is greater than the number of rows in utterance: FAM_319, using chunk size  of 270
LOG (nnet3-xvector-compute[5.5.1126~1-8c451]:main():nnet3-xvector-compute.cc:182) Chunk size of 10000 is greater than the number of rows in utterance: FAM_32, using chunk size  of 262
LOG (nnet3-xvector-compute[5.5.1126~1-8c451]:main():nnet3-xvector-compute.cc:182) Chunk size of 10000 is greater than the number of rows in utterance: FAM_320, using chunk size  of 193
LOG (nnet3-xvector-compute[5.5.1126~1-8c451]:main():nnet3-xvector-compute.cc:182) Chunk size of 10000 is greater than the number of rows in utterance: FAM_321, using chunk size  of 257
LOG (nnet3-xvector-compute[5.5.1126~1-8c451]:main():nnet3-xvector-compute.cc:182) Chunk size of 10000 is greater than the number of rows in utterance: FAM_322, using chunk size  of 219
LOG (nnet3-xvector-compute[5.5.1126~1-8c451]:main():nnet3-xvector-compute.cc:182) Chunk size of 10000 is greater than the number of rows in utterance: FAM_323, using chunk size  of 311
LOG (nnet3-xvector-compute[5.5.1126~1-8c451]:main():nnet3-xvector-compute.cc:182) Chunk size of 10000 is greater than the number of rows in utterance: FAM_324, using chunk size  of 257
LOG (nnet3-xvector-compute[5.5.1126~1-8c451]:main():nnet3-xvector-compute.cc:182) Chunk size of 10000 is greater than the number of rows in utterance: FAM_325, using chunk size  of 246
LOG (nnet3-xvector-compute[5.5.1126~1-8c451]:main():nnet3-xvector-compute.cc:182) Chunk size of 10000 is greater than the number of rows in utterance: FAM_326, using chunk size  of 233
LOG (nnet3-xvector-compute[5.5.1126~1-8c451]:main():nnet3-xvector-compute.cc:182) Chunk size of 10000 is greater than the number of rows in utterance: FAM_327, using chunk size  of 238
LOG (nnet3-xvector-compute[5.5.1126~1-8c451]:main():nnet3-xvector-compute.cc:182) Chunk size of 10000 is greater than the number of rows in utterance: FAM_328, using chunk size  of 252
LOG (nnet3-xvector-compute[5.5.1126~1-8c451]:main():nnet3-xvector-compute.cc:182) Chunk size of 10000 is greater than the number of rows in utterance: FAM_329, using chunk size  of 200
LOG (nnet3-xvector-compute[5.5.1126~1-8c451]:main():nnet3-xvector-compute.cc:182) Chunk size of 10000 is greater than the number of rows in utterance: FAM_33, using chunk size  of 208
LOG (nnet3-xvector-compute[5.5.1126~1-8c451]:main():nnet3-xvector-compute.cc:182) Chunk size of 10000 is greater than the number of rows in utterance: FAM_330, using chunk size  of 211
LOG (nnet3-xvector-compute[5.5.1126~1-8c451]:main():nnet3-xvector-compute.cc:182) Chunk size of 10000 is greater than the number of rows in utterance: FAM_331, using chunk size  of 160
LOG (nnet3-xvector-compute[5.5.1126~1-8c451]:main():nnet3-xvector-compute.cc:182) Chunk size of 10000 is greater than the number of rows in utterance: FAM_332, using chunk size  of 202
LOG (nnet3-xvector-compute[5.5.1126~1-8c451]:main():nnet3-xvector-compute.cc:182) Chunk size of 10000 is greater than the number of rows in utterance: FAM_333, using chunk size  of 188
LOG (nnet3-xvector-compute[5.5.1126~1-8c451]:main():nnet3-xvector-compute.cc:182) Chunk size of 10000 is greater than the number of rows in utterance: FAM_334, using chunk size  of 215
LOG (nnet3-xvector-compute[5.5.1126~1-8c451]:main():nnet3-xvector-compute.cc:182) Chunk size of 10000 is greater than the number of rows in utterance: FAM_335, using chunk size  of 175
LOG (nnet3-xvector-compute[5.5.1126~1-8c451]:main():nnet3-xvector-compute.cc:182) Chunk size of 10000 is greater than the number of rows in utterance: FAM_336, using chunk size  of 151
LOG (nnet3-xvector-compute[5.5.1126~1-8c451]:main():nnet3-xvector-compute.cc:182) Chunk size of 10000 is greater than the number of rows in utterance: FAM_337, using chunk size  of 248
LOG (nnet3-xvector-compute[5.5.1126~1-8c451]:main():nnet3-xvector-compute.cc:182) Chunk size of 10000 is greater than the number of rows in utterance: FAM_338, using chunk size  of 194
LOG (nnet3-xvector-compute[5.5.1126~1-8c451]:main():nnet3-xvector-compute.cc:182) Chunk size of 10000 is greater than the number of rows in utterance: FAM_339, using chunk size  of 184
LOG (nnet3-xvector-compute[5.5.1126~1-8c451]:main():nnet3-xvector-compute.cc:182) Chunk size of 10000 is greater than the number of rows in utterance: FAM_34, using chunk size  of 113
LOG (nnet3-xvector-compute[5.5.1126~1-8c451]:main():nnet3-xvector-compute.cc:182) Chunk size of 10000 is greater than the number of rows in utterance: FAM_340, using chunk size  of 293
LOG (nnet3-xvector-compute[5.5.1126~1-8c451]:main():nnet3-xvector-compute.cc:182) Chunk size of 10000 is greater than the number of rows in utterance: FAM_341, using chunk size  of 211
LOG (nnet3-xvector-compute[5.5.1126~1-8c451]:main():nnet3-xvector-compute.cc:182) Chunk size of 10000 is greater than the number of rows in utterance: FAM_342, using chunk size  of 218
LOG (nnet3-xvector-compute[5.5.1126~1-8c451]:main():nnet3-xvector-compute.cc:182) Chunk size of 10000 is greater than the number of rows in utterance: FAM_343, using chunk size  of 260
LOG (nnet3-xvector-compute[5.5.1126~1-8c451]:main():nnet3-xvector-compute.cc:182) Chunk size of 10000 is greater than the number of rows in utterance: FAM_344, using chunk size  of 189
LOG (nnet3-xvector-compute[5.5.1126~1-8c451]:main():nnet3-xvector-compute.cc:182) Chunk size of 10000 is greater than the number of rows in utterance: FAM_345, using chunk size  of 232
LOG (nnet3-xvector-compute[5.5.1126~1-8c451]:main():nnet3-xvector-compute.cc:182) Chunk size of 10000 is greater than the number of rows in utterance: FAM_346, using chunk size  of 191
LOG (nnet3-xvector-compute[5.5.1126~1-8c451]:main():nnet3-xvector-compute.cc:182) Chunk size of 10000 is greater than the number of rows in utterance: FAM_347, using chunk size  of 209
LOG (nnet3-xvector-compute[5.5.1126~1-8c451]:main():nnet3-xvector-compute.cc:182) Chunk size of 10000 is greater than the number of rows in utterance: FAM_348, using chunk size  of 166
LOG (nnet3-xvector-compute[5.5.1126~1-8c451]:main():nnet3-xvector-compute.cc:182) Chunk size of 10000 is greater than the number of rows in utterance: FAM_349, using chunk size  of 214
LOG (nnet3-xvector-compute[5.5.1126~1-8c451]:main():nnet3-xvector-compute.cc:182) Chunk size of 10000 is greater than the number of rows in utterance: FAM_35, using chunk size  of 107
LOG (nnet3-xvector-compute[5.5.1126~1-8c451]:main():nnet3-xvector-compute.cc:182) Chunk size of 10000 is greater than the number of rows in utterance: FAM_350, using chunk size  of 288
LOG (nnet3-xvector-compute[5.5.1126~1-8c451]:main():nnet3-xvector-compute.cc:182) Chunk size of 10000 is greater than the number of rows in utterance: FAM_351, using chunk size  of 236
LOG (nnet3-xvector-compute[5.5.1126~1-8c451]:main():nnet3-xvector-compute.cc:182) Chunk size of 10000 is greater than the number of rows in utterance: FAM_352, using chunk size  of 214
LOG (nnet3-xvector-compute[5.5.1126~1-8c451]:main():nnet3-xvector-compute.cc:182) Chunk size of 10000 is greater than the number of rows in utterance: FAM_353, using chunk size  of 180
LOG (nnet3-xvector-compute[5.5.1126~1-8c451]:main():nnet3-xvector-compute.cc:182) Chunk size of 10000 is greater than the number of rows in utterance: FAM_354, using chunk size  of 299
LOG (nnet3-xvector-compute[5.5.1126~1-8c451]:main():nnet3-xvector-compute.cc:182) Chunk size of 10000 is greater than the number of rows in utterance: FAM_355, using chunk size  of 226
LOG (nnet3-xvector-compute[5.5.1126~1-8c451]:main():nnet3-xvector-compute.cc:182) Chunk size of 10000 is greater than the number of rows in utterance: FAM_356, using chunk size  of 201
LOG (nnet3-xvector-compute[5.5.1126~1-8c451]:main():nnet3-xvector-compute.cc:182) Chunk size of 10000 is greater than the number of rows in utterance: FAM_357, using chunk size  of 164
LOG (nnet3-xvector-compute[5.5.1126~1-8c451]:main():nnet3-xvector-compute.cc:182) Chunk size of 10000 is greater than the number of rows in utterance: FAM_358, using chunk size  of 153
LOG (nnet3-xvector-compute[5.5.1126~1-8c451]:main():nnet3-xvector-compute.cc:182) Chunk size of 10000 is greater than the number of rows in utterance: FAM_359, using chunk size  of 247
LOG (nnet3-xvector-compute[5.5.1126~1-8c451]:main():nnet3-xvector-compute.cc:182) Chunk size of 10000 is greater than the number of rows in utterance: FAM_36, using chunk size  of 142
LOG (nnet3-xvector-compute[5.5.1126~1-8c451]:main():nnet3-xvector-compute.cc:182) Chunk size of 10000 is greater than the number of rows in utterance: FAM_360, using chunk size  of 228
LOG (nnet3-xvector-compute[5.5.1126~1-8c451]:main():nnet3-xvector-compute.cc:182) Chunk size of 10000 is greater than the number of rows in utterance: FAM_361, using chunk size  of 175
LOG (nnet3-xvector-compute[5.5.1126~1-8c451]:main():nnet3-xvector-compute.cc:182) Chunk size of 10000 is greater than the number of rows in utterance: FAM_362, using chunk size  of 257
LOG (nnet3-xvector-compute[5.5.1126~1-8c451]:main():nnet3-xvector-compute.cc:182) Chunk size of 10000 is greater than the number of rows in utterance: FAM_363, using chunk size  of 240
LOG (nnet3-xvector-compute[5.5.1126~1-8c451]:main():nnet3-xvector-compute.cc:182) Chunk size of 10000 is greater than the number of rows in utterance: FAM_364, using chunk size  of 168
LOG (nnet3-xvector-compute[5.5.1126~1-8c451]:main():nnet3-xvector-compute.cc:182) Chunk size of 10000 is greater than the number of rows in utterance: FAM_365, using chunk size  of 248
LOG (nnet3-xvector-compute[5.5.1126~1-8c451]:main():nnet3-xvector-compute.cc:182) Chunk size of 10000 is greater than the number of rows in utterance: FAM_37, using chunk size  of 120
LOG (nnet3-xvector-compute[5.5.1126~1-8c451]:main():nnet3-xvector-compute.cc:182) Chunk size of 10000 is greater than the number of rows in utterance: FAM_38, using chunk size  of 122
LOG (nnet3-xvector-compute[5.5.1126~1-8c451]:main():nnet3-xvector-compute.cc:182) Chunk size of 10000 is greater than the number of rows in utterance: FAM_39, using chunk size  of 125
LOG (nnet3-xvector-compute[5.5.1126~1-8c451]:main():nnet3-xvector-compute.cc:182) Chunk size of 10000 is greater than the number of rows in utterance: FAM_4, using chunk size  of 158
LOG (nnet3-xvector-compute[5.5.1126~1-8c451]:main():nnet3-xvector-compute.cc:182) Chunk size of 10000 is greater than the number of rows in utterance: FAM_40, using chunk size  of 105
LOG (nnet3-xvector-compute[5.5.1126~1-8c451]:main():nnet3-xvector-compute.cc:182) Chunk size of 10000 is greater than the number of rows in utterance: FAM_41, using chunk size  of 268
LOG (nnet3-xvector-compute[5.5.1126~1-8c451]:main():nnet3-xvector-compute.cc:182) Chunk size of 10000 is greater than the number of rows in utterance: FAM_42, using chunk size  of 155
LOG (nnet3-xvector-compute[5.5.1126~1-8c451]:main():nnet3-xvector-compute.cc:182) Chunk size of 10000 is greater than the number of rows in utterance: FAM_43, using chunk size  of 196
LOG (nnet3-xvector-compute[5.5.1126~1-8c451]:main():nnet3-xvector-compute.cc:182) Chunk size of 10000 is greater than the number of rows in utterance: FAM_44, using chunk size  of 236
LOG (nnet3-xvector-compute[5.5.1126~1-8c451]:main():nnet3-xvector-compute.cc:182) Chunk size of 10000 is greater than the number of rows in utterance: FAM_45, using chunk size  of 179
LOG (nnet3-xvector-compute[5.5.1126~1-8c451]:main():nnet3-xvector-compute.cc:182) Chunk size of 10000 is greater than the number of rows in utterance: FAM_46, using chunk size  of 118
LOG (nnet3-xvector-compute[5.5.1126~1-8c451]:main():nnet3-xvector-compute.cc:182) Chunk size of 10000 is greater than the number of rows in utterance: FAM_47, using chunk size  of 108
LOG (nnet3-xvector-compute[5.5.1126~1-8c451]:main():nnet3-xvector-compute.cc:182) Chunk size of 10000 is greater than the number of rows in utterance: FAM_48, using chunk size  of 166
LOG (nnet3-xvector-compute[5.5.1126~1-8c451]:main():nnet3-xvector-compute.cc:182) Chunk size of 10000 is greater than the number of rows in utterance: FAM_49, using chunk size  of 208
LOG (nnet3-xvector-compute[5.5.1126~1-8c451]:main():nnet3-xvector-compute.cc:182) Chunk size of 10000 is greater than the number of rows in utterance: FAM_5, using chunk size  of 159
LOG (nnet3-xvector-compute[5.5.1126~1-8c451]:main():nnet3-xvector-compute.cc:182) Chunk size of 10000 is greater than the number of rows in utterance: FAM_50, using chunk size  of 124
LOG (nnet3-xvector-compute[5.5.1126~1-8c451]:main():nnet3-xvector-compute.cc:182) Chunk size of 10000 is greater than the number of rows in utterance: FAM_51, using chunk size  of 139
LOG (nnet3-xvector-compute[5.5.1126~1-8c451]:main():nnet3-xvector-compute.cc:182) Chunk size of 10000 is greater than the number of rows in utterance: FAM_52, using chunk size  of 152
LOG (nnet3-xvector-compute[5.5.1126~1-8c451]:main():nnet3-xvector-compute.cc:182) Chunk size of 10000 is greater than the number of rows in utterance: FAM_53, using chunk size  of 196
LOG (nnet3-xvector-compute[5.5.1126~1-8c451]:main():nnet3-xvector-compute.cc:182) Chunk size of 10000 is greater than the number of rows in utterance: FAM_54, using chunk size  of 140
LOG (nnet3-xvector-compute[5.5.1126~1-8c451]:main():nnet3-xvector-compute.cc:182) Chunk size of 10000 is greater than the number of rows in utterance: FAM_55, using chunk size  of 226
LOG (nnet3-xvector-compute[5.5.1126~1-8c451]:main():nnet3-xvector-compute.cc:182) Chunk size of 10000 is greater than the number of rows in utterance: FAM_56, using chunk size  of 131
LOG (nnet3-xvector-compute[5.5.1126~1-8c451]:main():nnet3-xvector-compute.cc:182) Chunk size of 10000 is greater than the number of rows in utterance: FAM_57, using chunk size  of 149
LOG (nnet3-xvector-compute[5.5.1126~1-8c451]:main():nnet3-xvector-compute.cc:182) Chunk size of 10000 is greater than the number of rows in utterance: FAM_58, using chunk size  of 142
LOG (nnet3-xvector-compute[5.5.1126~1-8c451]:main():nnet3-xvector-compute.cc:182) Chunk size of 10000 is greater than the number of rows in utterance: FAM_59, using chunk size  of 149
LOG (nnet3-xvector-compute[5.5.1126~1-8c451]:main():nnet3-xvector-compute.cc:182) Chunk size of 10000 is greater than the number of rows in utterance: FAM_6, using chunk size  of 146
LOG (nnet3-xvector-compute[5.5.1126~1-8c451]:main():nnet3-xvector-compute.cc:182) Chunk size of 10000 is greater than the number of rows in utterance: FAM_60, using chunk size  of 123
LOG (nnet3-xvector-compute[5.5.1126~1-8c451]:main():nnet3-xvector-compute.cc:182) Chunk size of 10000 is greater than the number of rows in utterance: FAM_61, using chunk size  of 139
LOG (nnet3-xvector-compute[5.5.1126~1-8c451]:main():nnet3-xvector-compute.cc:182) Chunk size of 10000 is greater than the number of rows in utterance: FAM_62, using chunk size  of 148
LOG (nnet3-xvector-compute[5.5.1126~1-8c451]:main():nnet3-xvector-compute.cc:182) Chunk size of 10000 is greater than the number of rows in utterance: FAM_63, using chunk size  of 218
LOG (nnet3-xvector-compute[5.5.1126~1-8c451]:main():nnet3-xvector-compute.cc:182) Chunk size of 10000 is greater than the number of rows in utterance: FAM_64, using chunk size  of 173
LOG (nnet3-xvector-compute[5.5.1126~1-8c451]:main():nnet3-xvector-compute.cc:182) Chunk size of 10000 is greater than the number of rows in utterance: FAM_65, using chunk size  of 100
LOG (nnet3-xvector-compute[5.5.1126~1-8c451]:main():nnet3-xvector-compute.cc:182) Chunk size of 10000 is greater than the number of rows in utterance: FAM_66, using chunk size  of 119
LOG (nnet3-xvector-compute[5.5.1126~1-8c451]:main():nnet3-xvector-compute.cc:182) Chunk size of 10000 is greater than the number of rows in utterance: FAM_67, using chunk size  of 243
LOG (nnet3-xvector-compute[5.5.1126~1-8c451]:main():nnet3-xvector-compute.cc:182) Chunk size of 10000 is greater than the number of rows in utterance: FAM_68, using chunk size  of 208
LOG (nnet3-xvector-compute[5.5.1126~1-8c451]:main():nnet3-xvector-compute.cc:182) Chunk size of 10000 is greater than the number of rows in utterance: FAM_69, using chunk size  of 113
LOG (nnet3-xvector-compute[5.5.1126~1-8c451]:main():nnet3-xvector-compute.cc:182) Chunk size of 10000 is greater than the number of rows in utterance: FAM_7, using chunk size  of 150
LOG (nnet3-xvector-compute[5.5.1126~1-8c451]:main():nnet3-xvector-compute.cc:182) Chunk size of 10000 is greater than the number of rows in utterance: FAM_70, using chunk size  of 113
LOG (nnet3-xvector-compute[5.5.1126~1-8c451]:main():nnet3-xvector-compute.cc:182) Chunk size of 10000 is greater than the number of rows in utterance: FAM_71, using chunk size  of 157
LOG (nnet3-xvector-compute[5.5.1126~1-8c451]:main():nnet3-xvector-compute.cc:182) Chunk size of 10000 is greater than the number of rows in utterance: FAM_72, using chunk size  of 169
LOG (nnet3-xvector-compute[5.5.1126~1-8c451]:main():nnet3-xvector-compute.cc:182) Chunk size of 10000 is greater than the number of rows in utterance: FAM_73, using chunk size  of 286
LOG (nnet3-xvector-compute[5.5.1126~1-8c451]:main():nnet3-xvector-compute.cc:182) Chunk size of 10000 is greater than the number of rows in utterance: FAM_74, using chunk size  of 207
LOG (nnet3-xvector-compute[5.5.1126~1-8c451]:main():nnet3-xvector-compute.cc:182) Chunk size of 10000 is greater than the number of rows in utterance: FAM_75, using chunk size  of 237
LOG (nnet3-xvector-compute[5.5.1126~1-8c451]:main():nnet3-xvector-compute.cc:182) Chunk size of 10000 is greater than the number of rows in utterance: FAM_76, using chunk size  of 147
LOG (nnet3-xvector-compute[5.5.1126~1-8c451]:main():nnet3-xvector-compute.cc:182) Chunk size of 10000 is greater than the number of rows in utterance: FAM_77, using chunk size  of 186
LOG (nnet3-xvector-compute[5.5.1126~1-8c451]:main():nnet3-xvector-compute.cc:182) Chunk size of 10000 is greater than the number of rows in utterance: FAM_78, using chunk size  of 218
LOG (nnet3-xvector-compute[5.5.1126~1-8c451]:main():nnet3-xvector-compute.cc:182) Chunk size of 10000 is greater than the number of rows in utterance: FAM_79, using chunk size  of 231
LOG (nnet3-xvector-compute[5.5.1126~1-8c451]:main():nnet3-xvector-compute.cc:182) Chunk size of 10000 is greater than the number of rows in utterance: FAM_8, using chunk size  of 108
LOG (nnet3-xvector-compute[5.5.1126~1-8c451]:main():nnet3-xvector-compute.cc:182) Chunk size of 10000 is greater than the number of rows in utterance: FAM_80, using chunk size  of 166
LOG (nnet3-xvector-compute[5.5.1126~1-8c451]:main():nnet3-xvector-compute.cc:182) Chunk size of 10000 is greater than the number of rows in utterance: FAM_81, using chunk size  of 156
LOG (nnet3-xvector-compute[5.5.1126~1-8c451]:main():nnet3-xvector-compute.cc:182) Chunk size of 10000 is greater than the number of rows in utterance: FAM_82, using chunk size  of 163
LOG (nnet3-xvector-compute[5.5.1126~1-8c451]:main():nnet3-xvector-compute.cc:182) Chunk size of 10000 is greater than the number of rows in utterance: FAM_83, using chunk size  of 213
LOG (nnet3-xvector-compute[5.5.1126~1-8c451]:main():nnet3-xvector-compute.cc:182) Chunk size of 10000 is greater than the number of rows in utterance: FAM_84, using chunk size  of 175
LOG (nnet3-xvector-compute[5.5.1126~1-8c451]:main():nnet3-xvector-compute.cc:182) Chunk size of 10000 is greater than the number of rows in utterance: FAM_85, using chunk size  of 201
LOG (nnet3-xvector-compute[5.5.1126~1-8c451]:main():nnet3-xvector-compute.cc:182) Chunk size of 10000 is greater than the number of rows in utterance: FAM_86, using chunk size  of 200
LOG (nnet3-xvector-compute[5.5.1126~1-8c451]:main():nnet3-xvector-compute.cc:182) Chunk size of 10000 is greater than the number of rows in utterance: FAM_87, using chunk size  of 149
LOG (nnet3-xvector-compute[5.5.1126~1-8c451]:main():nnet3-xvector-compute.cc:182) Chunk size of 10000 is greater than the number of rows in utterance: FAM_88, using chunk size  of 250
LOG (nnet3-xvector-compute[5.5.1126~1-8c451]:main():nnet3-xvector-compute.cc:182) Chunk size of 10000 is greater than the number of rows in utterance: FAM_89, using chunk size  of 226
LOG (nnet3-xvector-compute[5.5.1126~1-8c451]:main():nnet3-xvector-compute.cc:182) Chunk size of 10000 is greater than the number of rows in utterance: FAM_9, using chunk size  of 270
LOG (nnet3-xvector-compute[5.5.1126~1-8c451]:main():nnet3-xvector-compute.cc:182) Chunk size of 10000 is greater than the number of rows in utterance: FAM_90, using chunk size  of 268
LOG (nnet3-xvector-compute[5.5.1126~1-8c451]:main():nnet3-xvector-compute.cc:182) Chunk size of 10000 is greater than the number of rows in utterance: FAM_91, using chunk size  of 231
LOG (nnet3-xvector-compute[5.5.1126~1-8c451]:main():nnet3-xvector-compute.cc:182) Chunk size of 10000 is greater than the number of rows in utterance: FAM_92, using chunk size  of 240
LOG (nnet3-xvector-compute[5.5.1126~1-8c451]:main():nnet3-xvector-compute.cc:182) Chunk size of 10000 is greater than the number of rows in utterance: FAM_93, using chunk size  of 203
LOG (nnet3-xvector-compute[5.5.1126~1-8c451]:main():nnet3-xvector-compute.cc:182) Chunk size of 10000 is greater than the number of rows in utterance: FAM_94, using chunk size  of 180
LOG (apply-cmvn-sliding[5.5.1126~1-8c451]:main():apply-cmvn-sliding.cc:75) Applied sliding-window cepstral mean normalization to 325 utterances, 0 had errors.
LOG (nnet3-xvector-compute[5.5.1126~1-8c451]:main():nnet3-xvector-compute.cc:182) Chunk size of 10000 is greater than the number of rows in utterance: FAM_95, using chunk size  of 147
LOG (nnet3-xvector-compute[5.5.1126~1-8c451]:main():nnet3-xvector-compute.cc:182) Chunk size of 10000 is greater than the number of rows in utterance: FAM_96, using chunk size  of 170
LOG (select-voiced-frames[5.5.1126~1-8c451]:main():select-voiced-frames.cc:106) Done selecting voiced frames; processed 325 utterances, 0 had errors.
LOG (nnet3-xvector-compute[5.5.1126~1-8c451]:main():nnet3-xvector-compute.cc:182) Chunk size of 10000 is greater than the number of rows in utterance: FAM_97, using chunk size  of 99
LOG (nnet3-xvector-compute[5.5.1126~1-8c451]:main():nnet3-xvector-compute.cc:182) Chunk size of 10000 is greater than the number of rows in utterance: FAM_98, using chunk size  of 243
LOG (nnet3-xvector-compute[5.5.1126~1-8c451]:main():nnet3-xvector-compute.cc:182) Chunk size of 10000 is greater than the number of rows in utterance: FAM_99, using chunk size  of 145
LOG (nnet3-xvector-compute[5.5.1126~1-8c451]:main():nnet3-xvector-compute.cc:238) Time taken 61.649s: real-time factor assuming 100 frames/sec is 0.113109
LOG (nnet3-xvector-compute[5.5.1126~1-8c451]:main():nnet3-xvector-compute.cc:241) Done 325 utterances, failed for 0
LOG (nnet3-xvector-compute[5.5.1126~1-8c451]:~CachingOptimizingCompiler():nnet-optimize.cc:710) 57.1 seconds taken in nnet3 compilation total (breakdown: 56.3 compilation, 0.108 optimization, 0 shortcut expansion, 0.0236 checking, 3.74e-05 computing indexes, 0.705 misc.) + 0 I/O.
# Accounting: time=62 threads=1
# Ended (code 0) at Fri May 31 12:57:10 IST 2024, elapsed time 62 seconds
