# gmm-latgen-faster --max-active=7000 --beam=13.0 --lattice-beam=6.0 --acoustic-scale=0.083333 --allow-partial=true --word-symbol-table=exp_FG/tri_8_2000/graph/words.txt exp_FG/tri_8_2000/final.mdl exp_FG/tri_8_2000/graph/HCLG.fst "ark,s,cs:apply-cmvn  --utt2spk=ark:data/test/split4/4/utt2spk scp:data/test/split4/4/cmvn.scp scp:data/test/split4/4/feats.scp ark:- | add-deltas  ark:- ark:- |" "ark:|gzip -c > exp_FG/tri_8_2000/decode/lat.4.gz" 
# Started at Wed Aug 28 02:25:51 IST 2024
#
gmm-latgen-faster --max-active=7000 --beam=13.0 --lattice-beam=6.0 --acoustic-scale=0.083333 --allow-partial=true --word-symbol-table=exp_FG/tri_8_2000/graph/words.txt exp_FG/tri_8_2000/final.mdl exp_FG/tri_8_2000/graph/HCLG.fst 'ark,s,cs:apply-cmvn  --utt2spk=ark:data/test/split4/4/utt2spk scp:data/test/split4/4/cmvn.scp scp:data/test/split4/4/feats.scp ark:- | add-deltas  ark:- ark:- |' 'ark:|gzip -c > exp_FG/tri_8_2000/decode/lat.4.gz' 
add-deltas ark:- ark:- 
apply-cmvn --utt2spk=ark:data/test/split4/4/utt2spk scp:data/test/split4/4/cmvn.scp scp:data/test/split4/4/feats.scp ark:- 
MSU293 guruwai sisxyan wanxangginaan 
LOG (gmm-latgen-faster[5.5.1137~1-51744]:DecodeUtteranceLatticeFaster():decoder-wrappers.cc:375) Log-like per frame for utterance MSU293 is -7.87999 over 300 frames.
MSU294 sittiramum kaip puucci 
LOG (gmm-latgen-faster[5.5.1137~1-51744]:DecodeUtteranceLatticeFaster():decoder-wrappers.cc:375) Log-like per frame for utterance MSU294 is -7.94791 over 294 frames.
MSU295 siirxum paambai ndambaadee 
LOG (gmm-latgen-faster[5.5.1137~1-51744]:DecodeUtteranceLatticeFaster():decoder-wrappers.cc:375) Log-like per frame for utterance MSU295 is -7.83383 over 336 frames.
MSU296 iratxtxai suzhi sirxuwan seetxtxai seywaan 
LOG (gmm-latgen-faster[5.5.1137~1-51744]:DecodeUtteranceLatticeFaster():decoder-wrappers.cc:375) Log-like per frame for utterance MSU296 is -8.08551 over 371 frames.
MSU297 suutxcamam arxinddeu seyalpadxeu 
LOG (gmm-latgen-faster[5.5.1137~1-51744]:DecodeUtteranceLatticeFaster():decoder-wrappers.cc:375) Log-like per frame for utterance MSU297 is -7.95297 over 343 frames.
MSU298 sirxeu tulxi irunddaan 
LOG (gmm-latgen-faster[5.5.1137~1-51744]:DecodeUtteranceLatticeFaster():decoder-wrappers.cc:375) Log-like per frame for utterance MSU298 is -7.72266 over 249 frames.
MSU299 kaalxi suulam migawum 
LOG (gmm-latgen-faster[5.5.1137~1-51744]:DecodeUtteranceLatticeFaster():decoder-wrappers.cc:375) Log-like per frame for utterance MSU299 is -8.29898 over 210 frames.
MSU300 sutxrxeu suuzhal sugaadaaram pinpatxrxeu 
LOG (gmm-latgen-faster[5.5.1137~1-51744]:DecodeUtteranceLatticeFaster():decoder-wrappers.cc:375) Log-like per frame for utterance MSU300 is -8.13779 over 392 frames.
MSU301 saarxeu urxinjji pozhudeu widxiyum 
LOG (gmm-latgen-faster[5.5.1137~1-51744]:DecodeUtteranceLatticeFaster():decoder-wrappers.cc:375) Log-like per frame for utterance MSU301 is -7.72612 over 359 frames.
MSU302 enakkeu njaabaga marxadi unxdxeu 
LOG (gmm-latgen-faster[5.5.1137~1-51744]:DecodeUtteranceLatticeFaster():decoder-wrappers.cc:375) Log-like per frame for utterance MSU302 is -8.24442 over 314 frames.
MSU303 njaayirxeu widxumurxai kadxai adxaippeu 
LOG (gmm-latgen-faster[5.5.1137~1-51744]:DecodeUtteranceLatticeFaster():decoder-wrappers.cc:375) Log-like per frame for utterance MSU303 is -8.04566 over 349 frames.
MSU304 tanggalx udxaimai miideu gawanam selutteu 
LOG (gmm-latgen-faster[5.5.1137~1-51744]:DecodeUtteranceLatticeFaster():decoder-wrappers.cc:375) Log-like per frame for utterance MSU304 is -7.77516 over 446 frames.
MSU305 karumbeu kasxtxam kasxtxam ndirxainddadeu 
LOG (gmm-latgen-faster[5.5.1137~1-51744]:DecodeUtteranceLatticeFaster():decoder-wrappers.cc:375) Log-like per frame for utterance MSU305 is -8.1032 over 390 frames.
MSU306 tii muutxtxi tii wibatteu ndadxanddadeu 
LOG (gmm-latgen-faster[5.5.1137~1-51744]:DecodeUtteranceLatticeFaster():decoder-wrappers.cc:375) Log-like per frame for utterance MSU306 is -7.87412 over 323 frames.
MSU307 un seyaleukkeut tiirweu kaanxeu 
LOG (gmm-latgen-faster[5.5.1137~1-51744]:DecodeUtteranceLatticeFaster():decoder-wrappers.cc:375) Log-like per frame for utterance MSU307 is -7.94192 over 252 frames.
MSU308 malar tuuwi waazhtteu 
LOG (gmm-latgen-faster[5.5.1137~1-51744]:DecodeUtteranceLatticeFaster():decoder-wrappers.cc:375) Log-like per frame for utterance MSU308 is -7.93316 over 223 frames.
MSU309 iranxdxeu pal puunxdxeu ndalladeu 
LOG (gmm-latgen-faster[5.5.1137~1-51744]:DecodeUtteranceLatticeFaster():decoder-wrappers.cc:375) Log-like per frame for utterance MSU309 is -7.90643 over 307 frames.
MSU310 dusxtxan dusxtxa seyal seywaan 
LOG (gmm-latgen-faster[5.5.1137~1-51744]:DecodeUtteranceLatticeFaster():decoder-wrappers.cc:375) Log-like per frame for utterance MSU310 is -7.81921 over 325 frames.
MSU311 purxaa tuudeu anuppa tolai duuram parxanddadeu 
LOG (gmm-latgen-faster[5.5.1137~1-51744]:DecodeUtteranceLatticeFaster():decoder-wrappers.cc:375) Log-like per frame for utterance MSU311 is -8.1251 over 452 frames.
MSU312 manjjalx tuulx maruttuwa gunxam ndirxainddadeu 
LOG (gmm-latgen-faster[5.5.1137~1-51744]:DecodeUtteranceLatticeFaster():decoder-wrappers.cc:375) Log-like per frame for utterance MSU312 is -8.09693 over 342 frames.
MSU313 tulxi pereu seydadeu 
LOG (gmm-latgen-faster[5.5.1137~1-51744]:DecodeUtteranceLatticeFaster():decoder-wrappers.cc:375) Log-like per frame for utterance MSU313 is -7.91566 over 282 frames.
MSU314 kanxnxiir anjjali seluttinar 
LOG (gmm-latgen-faster[5.5.1137~1-51744]:DecodeUtteranceLatticeFaster():decoder-wrappers.cc:375) Log-like per frame for utterance MSU314 is -8.03304 over 258 frames.
MSU315 kaasxmiir parigaaram sey 
LOG (gmm-latgen-faster[5.5.1137~1-51744]:DecodeUtteranceLatticeFaster():decoder-wrappers.cc:375) Log-like per frame for utterance MSU315 is -7.77074 over 378 frames.
MSU316 ndacceup pugai oosoonai baadikkum 
LOG (gmm-latgen-faster[5.5.1137~1-51744]:DecodeUtteranceLatticeFaster():decoder-wrappers.cc:375) Log-like per frame for utterance MSU316 is -7.94392 over 353 frames.
MSU317 gaanddi kanjji kazhuwiya ndiir 
LOG (gmm-latgen-faster[5.5.1137~1-51744]:DecodeUtteranceLatticeFaster():decoder-wrappers.cc:375) Log-like per frame for utterance MSU317 is -8.00809 over 319 frames.
MSU318 inrxeu mazhai ndiidxikkum 
LOG (gmm-latgen-faster[5.5.1137~1-51744]:DecodeUtteranceLatticeFaster():decoder-wrappers.cc:375) Log-like per frame for utterance MSU318 is -7.80181 over 272 frames.
MSU319 saalaiyil ndiir ndirambiyadeu 
LOG (gmm-latgen-faster[5.5.1137~1-51744]:DecodeUtteranceLatticeFaster():decoder-wrappers.cc:375) Log-like per frame for utterance MSU319 is -7.98538 over 323 frames.
MSU320 banggalxaadeesx oreu ndaadxeu 
LOG (gmm-latgen-faster[5.5.1137~1-51744]:DecodeUtteranceLatticeFaster():decoder-wrappers.cc:375) Log-like per frame for utterance MSU320 is -8.11341 over 238 frames.
MSU321 een ippadxi ndoonjjaanaaga ireukkaan 
LOG (gmm-latgen-faster[5.5.1137~1-51744]:DecodeUtteranceLatticeFaster():decoder-wrappers.cc:375) Log-like per frame for utterance MSU321 is -7.81793 over 428 frames.
MSU322 deesiya panggeu uyarnddadeu 
LOG (gmm-latgen-faster[5.5.1137~1-51744]:DecodeUtteranceLatticeFaster():decoder-wrappers.cc:375) Log-like per frame for utterance MSU322 is -7.62516 over 303 frames.
MSU323 walxarcci ezhuppeu meel eerxi ndil 
LOG (gmm-latgen-faster[5.5.1137~1-51744]:DecodeUtteranceLatticeFaster():decoder-wrappers.cc:375) Log-like per frame for utterance MSU323 is -7.71703 over 379 frames.
MSU324 kazhicceu meel eerxi ndil wanddadeu 
LOG (gmm-latgen-faster[5.5.1137~1-51744]:DecodeUtteranceLatticeFaster():decoder-wrappers.cc:375) Log-like per frame for utterance MSU324 is -7.86739 over 325 frames.
MSU325 panjjeu nderuppil karugiyadeu 
LOG (gmm-latgen-faster[5.5.1137~1-51744]:DecodeUtteranceLatticeFaster():decoder-wrappers.cc:375) Log-like per frame for utterance MSU325 is -7.71599 over 317 frames.
MSU326 janawari mudal maadam sirxappeu 
LOG (gmm-latgen-faster[5.5.1137~1-51744]:DecodeUtteranceLatticeFaster():decoder-wrappers.cc:375) Log-like per frame for utterance MSU326 is -7.9627 over 327 frames.
MSU327 kaalai bajanai migawum pirabalam 
LOG (gmm-latgen-faster[5.5.1137~1-51744]:DecodeUtteranceLatticeFaster():decoder-wrappers.cc:375) Log-like per frame for utterance MSU327 is -7.87683 over 309 frames.
MSU328 indda raajaa endda baasxai peesinaar 
LOG (gmm-latgen-faster[5.5.1137~1-51744]:DecodeUtteranceLatticeFaster():decoder-wrappers.cc:375) Log-like per frame for utterance MSU328 is -8.03065 over 407 frames.
MSU329 en purusxan balasaali 
LOG (gmm-latgen-faster[5.5.1137~1-51744]:DecodeUtteranceLatticeFaster():decoder-wrappers.cc:375) Log-like per frame for utterance MSU329 is -8.00112 over 254 frames.
MSU330 purofasxan kudxumbam oreu kadambam 
LOG (gmm-latgen-faster[5.5.1137~1-51744]:DecodeUtteranceLatticeFaster():decoder-wrappers.cc:375) Log-like per frame for utterance MSU330 is -7.82189 over 340 frames.
MSU331 puurwa jenma banddam 
LOG (gmm-latgen-faster[5.5.1137~1-51744]:DecodeUtteranceLatticeFaster():decoder-wrappers.cc:375) Log-like per frame for utterance MSU331 is -7.91136 over 240 frames.
MSU332 inrxeu puujaiyil kalanddeu kolx 
LOG (gmm-latgen-faster[5.5.1137~1-51744]:DecodeUtteranceLatticeFaster():decoder-wrappers.cc:375) Log-like per frame for utterance MSU332 is -7.7402 over 278 frames.
MSU333 pon porulx paartteu pazhagaadee 
LOG (gmm-latgen-faster[5.5.1137~1-51744]:DecodeUtteranceLatticeFaster():decoder-wrappers.cc:375) Log-like per frame for utterance MSU333 is -7.87879 over 312 frames.
MSU334 mazhai mugam poliwaaga ulxlxadeu 
LOG (gmm-latgen-faster[5.5.1137~1-51744]:DecodeUtteranceLatticeFaster():decoder-wrappers.cc:375) Log-like per frame for utterance MSU334 is -7.8421 over 269 frames.
MSU335 petxtxiyai kiizhee poodxeu 
LOG (gmm-latgen-faster[5.5.1137~1-51744]:DecodeUtteranceLatticeFaster():decoder-wrappers.cc:375) Log-like per frame for utterance MSU335 is -8.31341 over 161 frames.
MSU336 kalyaanxam waazhkkai tawir 
LOG (gmm-latgen-faster[5.5.1137~1-51744]:DecodeUtteranceLatticeFaster():decoder-wrappers.cc:375) Log-like per frame for utterance MSU336 is -7.89633 over 289 frames.
MSU337 raagi poosxaakkaana unxaweu 
LOG (gmm-latgen-faster[5.5.1137~1-51744]:DecodeUtteranceLatticeFaster():decoder-wrappers.cc:375) Log-like per frame for utterance MSU337 is -8.18617 over 274 frames.
MSU338 elumbeu majjai waliyadeu 
LOG (gmm-latgen-faster[5.5.1137~1-51744]:DecodeUtteranceLatticeFaster():decoder-wrappers.cc:375) Log-like per frame for utterance MSU338 is -7.62654 over 274 frames.
MSU339 etxtxeukkaali oreu puucci 
LOG (gmm-latgen-faster[5.5.1137~1-51744]:DecodeUtteranceLatticeFaster():decoder-wrappers.cc:375) Log-like per frame for utterance MSU339 is -7.92661 over 213 frames.
MSU340 uccam todxeu tagawal ndanrxi 
LOG (gmm-latgen-faster[5.5.1137~1-51744]:DecodeUtteranceLatticeFaster():decoder-wrappers.cc:375) Log-like per frame for utterance MSU340 is -7.99716 over 338 frames.
MSU341 miin kanxnxeukkeu ndalladeu 
LOG (gmm-latgen-faster[5.5.1137~1-51744]:DecodeUtteranceLatticeFaster():decoder-wrappers.cc:375) Log-like per frame for utterance MSU341 is -7.82911 over 244 frames.
MSU342 muulxai illaadawan mutxtxaalx 
LOG (gmm-latgen-faster[5.5.1137~1-51744]:DecodeUtteranceLatticeFaster():decoder-wrappers.cc:375) Log-like per frame for utterance MSU342 is -7.83601 over 240 frames.
MSU343 tozhilil muuladanam poodxa weenxdxum 
LOG (gmm-latgen-faster[5.5.1137~1-51744]:DecodeUtteranceLatticeFaster():decoder-wrappers.cc:375) Log-like per frame for utterance MSU343 is -7.78328 over 310 frames.
MSU344 meejai meel eerxi ndil 
LOG (gmm-latgen-faster[5.5.1137~1-51744]:DecodeUtteranceLatticeFaster():decoder-wrappers.cc:375) Log-like per frame for utterance MSU344 is -7.88489 over 228 frames.
MSU345 senddamizhum iruppadaal enggeu ulxlxadeu 
LOG (gmm-latgen-faster[5.5.1137~1-51744]:DecodeUtteranceLatticeFaster():decoder-wrappers.cc:375) Log-like per frame for utterance MSU345 is -7.81095 over 307 frames.
MSU346 makkalx raajjiyam weenxdxum 
LOG (gmm-latgen-faster[5.5.1137~1-51744]:DecodeUtteranceLatticeFaster():decoder-wrappers.cc:375) Log-like per frame for utterance MSU346 is -7.90779 over 224 frames.
MSU347 risxikkeu roosxam adigam 
LOG (gmm-latgen-faster[5.5.1137~1-51744]:DecodeUtteranceLatticeFaster():decoder-wrappers.cc:375) Log-like per frame for utterance MSU347 is -8.09749 over 254 frames.
MSU348 lajjai enrxaal wekkam 
LOG (gmm-latgen-faster[5.5.1137~1-51744]:DecodeUtteranceLatticeFaster():decoder-wrappers.cc:375) Log-like per frame for utterance MSU348 is -8.3357 over 252 frames.
MSU349 tuukkam udxaleukkeu ndalladeu 
LOG (gmm-latgen-faster[5.5.1137~1-51744]:DecodeUtteranceLatticeFaster():decoder-wrappers.cc:375) Log-like per frame for utterance MSU349 is -8.17906 over 296 frames.
MSU350 kasxtxam parxaisaatxrxum ooram karai 
LOG (gmm-latgen-faster[5.5.1137~1-51744]:DecodeUtteranceLatticeFaster():decoder-wrappers.cc:375) Log-like per frame for utterance MSU350 is -7.91117 over 326 frames.
MSU351 ndeeram kazhicceu harisxtxam 
LOG (gmm-latgen-faster[5.5.1137~1-51744]:DecodeUtteranceLatticeFaster():decoder-wrappers.cc:375) Log-like per frame for utterance MSU351 is -7.99326 over 309 frames.
MSU352 wiitxtxil wiseesxam unxdxeu 
LOG (gmm-latgen-faster[5.5.1137~1-51744]:DecodeUtteranceLatticeFaster():decoder-wrappers.cc:375) Log-like per frame for utterance MSU352 is -7.89214 over 266 frames.
MSU353 dxenggeu sarkkarai tudi 
LOG (gmm-latgen-faster[5.5.1137~1-51744]:DecodeUtteranceLatticeFaster():decoder-wrappers.cc:375) Log-like per frame for utterance MSU353 is -8.18852 over 300 frames.
MSU354 en wiidi wazhiyaaga sellum peerunddeu 
LOG (gmm-latgen-faster[5.5.1137~1-51744]:DecodeUtteranceLatticeFaster():decoder-wrappers.cc:375) Log-like per frame for utterance MSU354 is -7.60129 over 410 frames.
MSU355 jadxai pinni weesxam poodxeu 
LOG (gmm-latgen-faster[5.5.1137~1-51744]:DecodeUtteranceLatticeFaster():decoder-wrappers.cc:375) Log-like per frame for utterance MSU355 is -8.1771 over 269 frames.
MSU356 janawari mudal maadam 
LOG (gmm-latgen-faster[5.5.1137~1-51744]:DecodeUtteranceLatticeFaster():decoder-wrappers.cc:375) Log-like per frame for utterance MSU356 is -7.62683 over 265 frames.
MSU357 janamee ndam balam 
LOG (gmm-latgen-faster[5.5.1137~1-51744]:DecodeUtteranceLatticeFaster():decoder-wrappers.cc:375) Log-like per frame for utterance MSU357 is -7.8175 over 277 frames.
MSU358 jaadi illaiyadxi paappaa 
LOG (gmm-latgen-faster[5.5.1137~1-51744]:DecodeUtteranceLatticeFaster():decoder-wrappers.cc:375) Log-like per frame for utterance MSU358 is -8.05305 over 238 frames.
MSU359 uccam kasxtxam unxdxeu 
LOG (gmm-latgen-faster[5.5.1137~1-51744]:DecodeUtteranceLatticeFaster():decoder-wrappers.cc:375) Log-like per frame for utterance MSU359 is -8.13322 over 325 frames.
MSU360 jaalraa poodxa weenxdxaam 
LOG (gmm-latgen-faster[5.5.1137~1-51744]:DecodeUtteranceLatticeFaster():decoder-wrappers.cc:375) Log-like per frame for utterance MSU360 is -8.01181 over 203 frames.
MSU361 ajiiranxak koolxaarxeu 
LOG (gmm-latgen-faster[5.5.1137~1-51744]:DecodeUtteranceLatticeFaster():decoder-wrappers.cc:375) Log-like per frame for utterance MSU361 is -7.91916 over 204 frames.
MSU362 kadxawulxai wanxanggeu 
LOG (gmm-latgen-faster[5.5.1137~1-51744]:DecodeUtteranceLatticeFaster():decoder-wrappers.cc:375) Log-like per frame for utterance MSU362 is -7.74237 over 288 frames.
MSU363 isxtxam pool ezhuppeu 
LOG (gmm-latgen-faster[5.5.1137~1-51744]:DecodeUtteranceLatticeFaster():decoder-wrappers.cc:375) Log-like per frame for utterance MSU363 is -8.12944 over 255 frames.
MSU364 togudi hetx sanddippeu 
LOG (gmm-latgen-faster[5.5.1137~1-51744]:DecodeUtteranceLatticeFaster():decoder-wrappers.cc:375) Log-like per frame for utterance MSU364 is -7.97843 over 248 frames.
MSU365 muyarxci walxarcci 
LOG (gmm-latgen-faster[5.5.1137~1-51744]:DecodeUtteranceLatticeFaster():decoder-wrappers.cc:375) Log-like per frame for utterance MSU365 is -7.8044 over 271 frames.
MVI293 guruwai sisxyan wanxangginaan 
LOG (gmm-latgen-faster[5.5.1137~1-51744]:DecodeUtteranceLatticeFaster():decoder-wrappers.cc:375) Log-like per frame for utterance MVI293 is -7.75088 over 427 frames.
MVI294 siikkiram eerxpaadxeu sey 
LOG (gmm-latgen-faster[5.5.1137~1-51744]:DecodeUtteranceLatticeFaster():decoder-wrappers.cc:375) Log-like per frame for utterance MVI294 is -8.04019 over 233 frames.
MVI295 siirxum paambai ndambaadee 
LOG (gmm-latgen-faster[5.5.1137~1-51744]:DecodeUtteranceLatticeFaster():decoder-wrappers.cc:375) Log-like per frame for utterance MVI295 is -7.95188 over 288 frames.
MVI296 bajanai migawum pirabalam 
LOG (gmm-latgen-faster[5.5.1137~1-51744]:DecodeUtteranceLatticeFaster():decoder-wrappers.cc:375) Log-like per frame for utterance MVI296 is -8.18722 over 288 frames.
MVI297 kunggumam marunddait seyyappadxum 
LOG (gmm-latgen-faster[5.5.1137~1-51744]:DecodeUtteranceLatticeFaster():decoder-wrappers.cc:375) Log-like per frame for utterance MVI297 is -7.85964 over 293 frames.
MVI298 kaanjjipuram awardaan 
LOG (gmm-latgen-faster[5.5.1137~1-51744]:DecodeUtteranceLatticeFaster():decoder-wrappers.cc:375) Log-like per frame for utterance MVI298 is -7.89544 over 287 frames.
MVI299 kaalxi suulam eenddinaan 
LOG (gmm-latgen-faster[5.5.1137~1-51744]:DecodeUtteranceLatticeFaster():decoder-wrappers.cc:375) Log-like per frame for utterance MVI299 is -8.24235 over 292 frames.
MVI300 piradamar suuranxam pinpatxrxeu 
LOG (gmm-latgen-faster[5.5.1137~1-51744]:DecodeUtteranceLatticeFaster():decoder-wrappers.cc:375) Log-like per frame for utterance MVI300 is -8.13565 over 329 frames.
MVI301 seewalin kuuwalil pozhudeu widxiyum 
LOG (gmm-latgen-faster[5.5.1137~1-51744]:DecodeUtteranceLatticeFaster():decoder-wrappers.cc:375) Log-like per frame for utterance MVI301 is -8.06925 over 373 frames.
MVI302 andda seyti poyyaanadeu irunddadeu 
LOG (gmm-latgen-faster[5.5.1137~1-51744]:DecodeUtteranceLatticeFaster():decoder-wrappers.cc:375) Log-like per frame for utterance MVI302 is -7.98313 over 302 frames.
MVI303 anjjeu kadxai adxaippeu 
LOG (gmm-latgen-faster[5.5.1137~1-51744]:DecodeUtteranceLatticeFaster():decoder-wrappers.cc:375) Log-like per frame for utterance MVI303 is -8.52111 over 243 frames.
MVI304 tanggalx udxaimai miideu gawanam selutteu 
LOG (gmm-latgen-faster[5.5.1137~1-51744]:DecodeUtteranceLatticeFaster():decoder-wrappers.cc:375) Log-like per frame for utterance MVI304 is -8.11061 over 393 frames.
MVI305 mutxrxilumaaga murxiweukkeuk keaanxdxeu ndarxumanxam tarum 
LOG (gmm-latgen-faster[5.5.1137~1-51744]:DecodeUtteranceLatticeFaster():decoder-wrappers.cc:375) Log-like per frame for utterance MVI305 is -8.028 over 431 frames.
MVI306 tii muutxtxi tii wibatteu ndadxanddadeu 
LOG (gmm-latgen-faster[5.5.1137~1-51744]:DecodeUtteranceLatticeFaster():decoder-wrappers.cc:375) Log-like per frame for utterance MVI306 is -7.66759 over 306 frames.
MVI307 ganxeesx siwaneukkeu tiirweu kaanxeu 
LOG (gmm-latgen-faster[5.5.1137~1-51744]:DecodeUtteranceLatticeFaster():decoder-wrappers.cc:375) Log-like per frame for utterance MVI307 is -7.92396 over 333 frames.
MVI308 ozhippeu uruwaakkiyadeu 
LOG (gmm-latgen-faster[5.5.1137~1-51744]:DecodeUtteranceLatticeFaster():decoder-wrappers.cc:375) Log-like per frame for utterance MVI308 is -7.89209 over 184 frames.
MVI309 iranxdxeu pal puunxdxeu ndalladeu 
LOG (gmm-latgen-faster[5.5.1137~1-51744]:DecodeUtteranceLatticeFaster():decoder-wrappers.cc:375) Log-like per frame for utterance MVI309 is -7.7569 over 339 frames.
MVI310 dusxtxan dusxtxa seyal seywaan 
LOG (gmm-latgen-faster[5.5.1137~1-51744]:DecodeUtteranceLatticeFaster():decoder-wrappers.cc:375) Log-like per frame for utterance MVI310 is -7.91754 over 279 frames.
MVI311 purxaa tuudeu anuppa tolai duuram parxanddadeu 
LOG (gmm-latgen-faster[5.5.1137~1-51744]:DecodeUtteranceLatticeFaster():decoder-wrappers.cc:375) Log-like per frame for utterance MVI311 is -7.78699 over 431 frames.
MVI312 manjjalx tuulx maruttuwa gunxam ndirxainddadeu 
LOG (gmm-latgen-faster[5.5.1137~1-51744]:DecodeUtteranceLatticeFaster():decoder-wrappers.cc:375) Log-like per frame for utterance MVI312 is -8.09765 over 326 frames.
MVI313 kutxtxaiyil tanxnxiir teenggiyadeu 
LOG (gmm-latgen-faster[5.5.1137~1-51744]:DecodeUtteranceLatticeFaster():decoder-wrappers.cc:375) Log-like per frame for utterance MVI313 is -7.71741 over 281 frames.
MVI314 tamizhagam oreu pambaram 
LOG (gmm-latgen-faster[5.5.1137~1-51744]:DecodeUtteranceLatticeFaster():decoder-wrappers.cc:375) Log-like per frame for utterance MVI314 is -7.81199 over 273 frames.
MVI315 toosxattirxkeu parigaaram sey 
LOG (gmm-latgen-faster[5.5.1137~1-51744]:DecodeUtteranceLatticeFaster():decoder-wrappers.cc:375) Log-like per frame for utterance MVI315 is -8.15367 over 256 frames.
MVI316 ndacceup pugai oosoonai baadikkum 
LOG (gmm-latgen-faster[5.5.1137~1-51744]:DecodeUtteranceLatticeFaster():decoder-wrappers.cc:375) Log-like per frame for utterance MVI316 is -8.03253 over 305 frames.
MVI317 paambin ndanjjeu kodxiyadeu 
LOG (gmm-latgen-faster[5.5.1137~1-51744]:DecodeUtteranceLatticeFaster():decoder-wrappers.cc:375) Log-like per frame for utterance MVI317 is -7.7514 over 280 frames.
MVI318 inrxeu mazhai ndiidxikkum 
LOG (gmm-latgen-faster[5.5.1137~1-51744]:DecodeUtteranceLatticeFaster():decoder-wrappers.cc:375) Log-like per frame for utterance MVI318 is -8.01494 over 271 frames.
MVI319 saalaiyil ndiir ndirambiyadeu 
LOG (gmm-latgen-faster[5.5.1137~1-51744]:DecodeUtteranceLatticeFaster():decoder-wrappers.cc:375) Log-like per frame for utterance MVI319 is -7.73936 over 231 frames.
MVI320 banggalxaadeesx oreu ndaadxeu 
LOG (gmm-latgen-faster[5.5.1137~1-51744]:DecodeUtteranceLatticeFaster():decoder-wrappers.cc:375) Log-like per frame for utterance MVI320 is -8.22074 over 208 frames.
MVI321 eezhai ippadxi ndoonjjaanaaga ireukkaan 
LOG (gmm-latgen-faster[5.5.1137~1-51744]:DecodeUtteranceLatticeFaster():decoder-wrappers.cc:375) Log-like per frame for utterance MVI321 is -7.94308 over 393 frames.
MVI322 teejas panggeu uyarnddadeu 
LOG (gmm-latgen-faster[5.5.1137~1-51744]:DecodeUtteranceLatticeFaster():decoder-wrappers.cc:375) Log-like per frame for utterance MVI322 is -7.798 over 281 frames.
MVI323 aatxrxil tanxnxiir panjjam ndilawiyadeu 
LOG (gmm-latgen-faster[5.5.1137~1-51744]:DecodeUtteranceLatticeFaster():decoder-wrappers.cc:375) Log-like per frame for utterance MVI323 is -7.89417 over 386 frames.
MVI324 panjjaayatteu wazhakkeu mudxiweukkeu wanddadeu 
LOG (gmm-latgen-faster[5.5.1137~1-51744]:DecodeUtteranceLatticeFaster():decoder-wrappers.cc:375) Log-like per frame for utterance MVI324 is -7.84434 over 364 frames.
MVI325 panjjeu nderuppil karugiyadeu 
LOG (gmm-latgen-faster[5.5.1137~1-51744]:DecodeUtteranceLatticeFaster():decoder-wrappers.cc:375) Log-like per frame for utterance MVI325 is -8.08169 over 286 frames.
MVI326 parambarai makkalxum pambaram suzhatxrxeu 
LOG (gmm-latgen-faster[5.5.1137~1-51744]:DecodeUtteranceLatticeFaster():decoder-wrappers.cc:375) Log-like per frame for utterance MVI326 is -8.33927 over 372 frames.
MVI327 kaalai bajanai migawum pirabalam 
LOG (gmm-latgen-faster[5.5.1137~1-51744]:DecodeUtteranceLatticeFaster():decoder-wrappers.cc:375) Log-like per frame for utterance MVI327 is -8.0015 over 320 frames.
MVI328 indda raajaa endda baasxai peesinaar 
LOG (gmm-latgen-faster[5.5.1137~1-51744]:DecodeUtteranceLatticeFaster():decoder-wrappers.cc:375) Log-like per frame for utterance MVI328 is -8.04875 over 293 frames.
MVI329 tanggam waanam pazhagaadee 
LOG (gmm-latgen-faster[5.5.1137~1-51744]:DecodeUtteranceLatticeFaster():decoder-wrappers.cc:375) Log-like per frame for utterance MVI329 is -8.07965 over 235 frames.
MVI330 mugilgalxum uuril puugambam 
LOG (gmm-latgen-faster[5.5.1137~1-51744]:DecodeUtteranceLatticeFaster():decoder-wrappers.cc:375) Log-like per frame for utterance MVI330 is -7.95085 over 297 frames.
MVI331 puurwa jenma banddam 
LOG (gmm-latgen-faster[5.5.1137~1-51744]:DecodeUtteranceLatticeFaster():decoder-wrappers.cc:375) Log-like per frame for utterance MVI331 is -7.74454 over 210 frames.
MVI332 inrxeu puujaiyil kalanddeu kolx 
LOG (gmm-latgen-faster[5.5.1137~1-51744]:DecodeUtteranceLatticeFaster():decoder-wrappers.cc:375) Log-like per frame for utterance MVI332 is -8.21027 over 239 frames.
MVI333 pon porulx paartteu pazhagaadee 
LOG (gmm-latgen-faster[5.5.1137~1-51744]:DecodeUtteranceLatticeFaster():decoder-wrappers.cc:375) Log-like per frame for utterance MVI333 is -7.97327 over 255 frames.
MVI334 un mugam poliwaaga ulxlxadeu 
LOG (gmm-latgen-faster[5.5.1137~1-51744]:DecodeUtteranceLatticeFaster():decoder-wrappers.cc:375) Log-like per frame for utterance MVI334 is -7.75855 over 269 frames.
MVI335 petxtxiyai kiizhee poodxeu 
LOG (gmm-latgen-faster[5.5.1137~1-51744]:DecodeUtteranceLatticeFaster():decoder-wrappers.cc:375) Log-like per frame for utterance MVI335 is -7.88367 over 188 frames.
MVI336 pooliyaana waazhkkai tawarxeu 
LOG (gmm-latgen-faster[5.5.1137~1-51744]:DecodeUtteranceLatticeFaster():decoder-wrappers.cc:375) Log-like per frame for utterance MVI336 is -7.96324 over 213 frames.
MVI337 raagi poosxaakkaana unxaweu 
LOG (gmm-latgen-faster[5.5.1137~1-51744]:DecodeUtteranceLatticeFaster():decoder-wrappers.cc:375) Log-like per frame for utterance MVI337 is -7.90603 over 281 frames.
MVI338 kudxumbam wasitteu warugirxadeu 
LOG (gmm-latgen-faster[5.5.1137~1-51744]:DecodeUtteranceLatticeFaster():decoder-wrappers.cc:375) Log-like per frame for utterance MVI338 is -8.11929 over 222 frames.
MVI339 etxtxeukkaali oreu puucci 
LOG (gmm-latgen-faster[5.5.1137~1-51744]:DecodeUtteranceLatticeFaster():decoder-wrappers.cc:375) Log-like per frame for utterance MVI339 is -8.0297 over 226 frames.
MVI340 waazhtteu onrxum mahaawiir jeyanddi 
LOG (gmm-latgen-faster[5.5.1137~1-51744]:DecodeUtteranceLatticeFaster():decoder-wrappers.cc:375) Log-like per frame for utterance MVI340 is -8.04947 over 359 frames.
MVI341 wiinxum wanxangginaan ulxlxadeu 
LOG (gmm-latgen-faster[5.5.1137~1-51744]:DecodeUtteranceLatticeFaster():decoder-wrappers.cc:375) Log-like per frame for utterance MVI341 is -8.1346 over 226 frames.
MVI342 muulxai illaadawan mutxtxaalx 
LOG (gmm-latgen-faster[5.5.1137~1-51744]:DecodeUtteranceLatticeFaster():decoder-wrappers.cc:375) Log-like per frame for utterance MVI342 is -8.08533 over 207 frames.
MVI343 walxaiyam muuladanam poodxa weenxdxum 
LOG (gmm-latgen-faster[5.5.1137~1-51744]:DecodeUtteranceLatticeFaster():decoder-wrappers.cc:375) Log-like per frame for utterance MVI343 is -7.96205 over 298 frames.
MVI344 eewuganxai eenddeu 
LOG (gmm-latgen-faster[5.5.1137~1-51744]:DecodeUtteranceLatticeFaster():decoder-wrappers.cc:375) Log-like per frame for utterance MVI344 is -7.92083 over 160 frames.
MVI345 inggeu murxaigalx enggeu ulxlxadeu 
LOG (gmm-latgen-faster[5.5.1137~1-51744]:DecodeUtteranceLatticeFaster():decoder-wrappers.cc:375) Log-like per frame for utterance MVI345 is -7.87338 over 305 frames.
MVI346 makkalx raajjiyam weenxdxum 
LOG (gmm-latgen-faster[5.5.1137~1-51744]:DecodeUtteranceLatticeFaster():decoder-wrappers.cc:375) Log-like per frame for utterance MVI346 is -8.09728 over 185 frames.
MVI347 risxikkeu roosxam adigam 
LOG (gmm-latgen-faster[5.5.1137~1-51744]:DecodeUtteranceLatticeFaster():decoder-wrappers.cc:375) Log-like per frame for utterance MVI347 is -8.38844 over 210 frames.
MVI348 lajjai enrxaal wekkam 
LOG (gmm-latgen-faster[5.5.1137~1-51744]:DecodeUtteranceLatticeFaster():decoder-wrappers.cc:375) Log-like per frame for utterance MVI348 is -8.23558 over 270 frames.
MVI349 tuukkam udxaleukkeu ndalladeu 
LOG (gmm-latgen-faster[5.5.1137~1-51744]:DecodeUtteranceLatticeFaster():decoder-wrappers.cc:375) Log-like per frame for utterance MVI349 is -8.37037 over 292 frames.
MVI350 majjai muudxanum otxrxumaiyee balam 
LOG (gmm-latgen-faster[5.5.1137~1-51744]:DecodeUtteranceLatticeFaster():decoder-wrappers.cc:375) Log-like per frame for utterance MVI350 is -8.14797 over 347 frames.
MVI351 widxaa muyarxci walxarcci tarum 
LOG (gmm-latgen-faster[5.5.1137~1-51744]:DecodeUtteranceLatticeFaster():decoder-wrappers.cc:375) Log-like per frame for utterance MVI351 is -8.18517 over 286 frames.
MVI352 ituwee tarunxam wiseesxam unxdxeu 
LOG (gmm-latgen-faster[5.5.1137~1-51744]:DecodeUtteranceLatticeFaster():decoder-wrappers.cc:375) Log-like per frame for utterance MVI352 is -8.04847 over 299 frames.
MVI353 wandda wisxayattaik kuurxeu 
LOG (gmm-latgen-faster[5.5.1137~1-51744]:DecodeUtteranceLatticeFaster():decoder-wrappers.cc:375) Log-like per frame for utterance MVI353 is -8.12323 over 214 frames.
MVI354 pirenjjeu teewaiyaana gunxam ndirxainddadeu 
LOG (gmm-latgen-faster[5.5.1137~1-51744]:DecodeUtteranceLatticeFaster():decoder-wrappers.cc:375) Log-like per frame for utterance MVI354 is -8.03856 over 372 frames.
MVI355 jadxai pinni weesxam poodxeu 
LOG (gmm-latgen-faster[5.5.1137~1-51744]:DecodeUtteranceLatticeFaster():decoder-wrappers.cc:375) Log-like per frame for utterance MVI355 is -7.97385 over 273 frames.
MVI356 janamee ndam balam 
LOG (gmm-latgen-faster[5.5.1137~1-51744]:DecodeUtteranceLatticeFaster():decoder-wrappers.cc:375) Log-like per frame for utterance MVI356 is -8.05665 over 187 frames.
MVI357 sonnaareu maambazham 
LOG (gmm-latgen-faster[5.5.1137~1-51744]:DecodeUtteranceLatticeFaster():decoder-wrappers.cc:375) Log-like per frame for utterance MVI357 is -8.23797 over 188 frames.
MVI358 jaadi illaiyadxi paappaa 
LOG (gmm-latgen-faster[5.5.1137~1-51744]:DecodeUtteranceLatticeFaster():decoder-wrappers.cc:375) Log-like per frame for utterance MVI358 is -8.07082 over 294 frames.
LOG (apply-cmvn[5.5.1137~1-51744]:main():apply-cmvn.cc:162) Applied cepstral mean normalization to 146 utterances, errors on 0
MVI359 waay jaalam kaatxtxum manidan 
LOG (gmm-latgen-faster[5.5.1137~1-51744]:DecodeUtteranceLatticeFaster():decoder-wrappers.cc:375) Log-like per frame for utterance MVI359 is -8.03671 over 316 frames.
MVI360 jaalraa poodxa weenxdxaam 
LOG (gmm-latgen-faster[5.5.1137~1-51744]:DecodeUtteranceLatticeFaster():decoder-wrappers.cc:375) Log-like per frame for utterance MVI360 is -7.86052 over 227 frames.
MVI361 kaanjjipuram 
LOG (gmm-latgen-faster[5.5.1137~1-51744]:DecodeUtteranceLatticeFaster():decoder-wrappers.cc:375) Log-like per frame for utterance MVI361 is -7.47429 over 152 frames.
MVI362 kadxandda kaalanggalxil peerunddeu 
LOG (gmm-latgen-faster[5.5.1137~1-51744]:DecodeUtteranceLatticeFaster():decoder-wrappers.cc:375) Log-like per frame for utterance MVI362 is -8.04473 over 339 frames.
MVI363 tanggam pereu balam idxam 
LOG (gmm-latgen-faster[5.5.1137~1-51744]:DecodeUtteranceLatticeFaster():decoder-wrappers.cc:375) Log-like per frame for utterance MVI363 is -8.17578 over 275 frames.
MVI364 samacciir sanggee muzhanggeu 
LOG (gmm-latgen-faster[5.5.1137~1-51744]:DecodeUtteranceLatticeFaster():decoder-wrappers.cc:375) Log-like per frame for utterance MVI364 is -8.05849 over 243 frames.
MVI365 winjnjaana walxarcci ndaatxtxeu walxarcci 
LOG (gmm-latgen-faster[5.5.1137~1-51744]:DecodeUtteranceLatticeFaster():decoder-wrappers.cc:375) Log-like per frame for utterance MVI365 is -7.9213 over 328 frames.
LOG (gmm-latgen-faster[5.5.1137~1-51744]:main():gmm-latgen-faster.cc:176) Time taken 77.2256s: real-time factor assuming 100 frames/sec is 0.181665
LOG (gmm-latgen-faster[5.5.1137~1-51744]:main():gmm-latgen-faster.cc:179) Done 146 utterances, failed for 0
LOG (gmm-latgen-faster[5.5.1137~1-51744]:main():gmm-latgen-faster.cc:181) Overall log-likelihood per frame is -7.96634 over 42510 frames.
# Accounting: time=78 threads=1
# Ended (code 0) at Wed Aug 28 02:27:09 IST 2024, elapsed time 78 seconds
