# lattice-depth-per-frame "ark:gunzip -c exp_FG/tri_8_2000/decode/lat.2.gz|" "ark,t:|gzip -c > exp_FG/tri_8_2000/decode/depth_tmp.2.gz" ark:- | lattice-best-path --acoustic-scale=0.1 ark:- ark:/dev/null "ark,t:|gzip -c >exp_FG/tri_8_2000/decode/ali_tmp.2.gz" 
# Started at Wed Aug 28 02:27:28 IST 2024
#
lattice-depth-per-frame 'ark:gunzip -c exp_FG/tri_8_2000/decode/lat.2.gz|' 'ark,t:|gzip -c > exp_FG/tri_8_2000/decode/depth_tmp.2.gz' ark:- 
lattice-best-path --acoustic-scale=0.1 ark:- ark:/dev/null 'ark,t:|gzip -c >exp_FG/tri_8_2000/decode/ali_tmp.2.gz' 
LOG (lattice-best-path[5.5.1137~1-51744]:main():lattice-best-path.cc:99) For utterance FGA293, best cost 26.1483 + 3227.8 = 3253.95 over 336 frames.
LOG (lattice-best-path[5.5.1137~1-51744]:main():lattice-best-path.cc:99) For utterance FGA294, best cost 49.1939 + 2532.86 = 2582.05 over 265 frames.
LOG (lattice-best-path[5.5.1137~1-51744]:main():lattice-best-path.cc:99) For utterance FGA295, best cost 25.9719 + 3610.7 = 3636.68 over 384 frames.
LOG (lattice-best-path[5.5.1137~1-51744]:main():lattice-best-path.cc:99) For utterance FGA296, best cost 38.2522 + 5225.49 = 5263.74 over 555 frames.
LOG (lattice-best-path[5.5.1137~1-51744]:main():lattice-best-path.cc:99) For utterance FGA297, best cost 55.5414 + 3675.77 = 3731.31 over 372 frames.
LOG (lattice-best-path[5.5.1137~1-51744]:main():lattice-best-path.cc:99) For utterance FGA298, best cost 54.6509 + 3597.12 = 3651.77 over 381 frames.
LOG (lattice-best-path[5.5.1137~1-51744]:main():lattice-best-path.cc:99) For utterance FGA299, best cost 26.5334 + 3794.87 = 3821.4 over 421 frames.
LOG (lattice-best-path[5.5.1137~1-51744]:main():lattice-best-path.cc:99) For utterance FGA300, best cost 52.0966 + 5483.01 = 5535.11 over 587 frames.
LOG (lattice-best-path[5.5.1137~1-51744]:main():lattice-best-path.cc:99) For utterance FGA301, best cost 84.0691 + 5104.58 = 5188.65 over 545 frames.
LOG (lattice-best-path[5.5.1137~1-51744]:main():lattice-best-path.cc:99) For utterance FGA302, best cost 65.8876 + 4055.82 = 4121.71 over 446 frames.
LOG (lattice-best-path[5.5.1137~1-51744]:main():lattice-best-path.cc:99) For utterance FGA303, best cost 54.7628 + 3695.24 = 3750 over 398 frames.
LOG (lattice-best-path[5.5.1137~1-51744]:main():lattice-best-path.cc:99) For utterance FGA304, best cost 49.8988 + 6134.21 = 6184.11 over 659 frames.
LOG (lattice-best-path[5.5.1137~1-51744]:main():lattice-best-path.cc:99) For utterance FGA305, best cost 87.5614 + 5186.51 = 5274.07 over 549 frames.
LOG (lattice-best-path[5.5.1137~1-51744]:main():lattice-best-path.cc:99) For utterance FGA306, best cost 100.512 + 5634.98 = 5735.49 over 614 frames.
LOG (lattice-best-path[5.5.1137~1-51744]:main():lattice-best-path.cc:99) For utterance FGA307, best cost 56.3459 + 3355.77 = 3412.12 over 371 frames.
LOG (lattice-best-path[5.5.1137~1-51744]:main():lattice-best-path.cc:99) For utterance FGA308, best cost 25.978 + 3303.44 = 3329.42 over 355 frames.
LOG (lattice-best-path[5.5.1137~1-51744]:main():lattice-best-path.cc:99) For utterance FGA309, best cost 49.1721 + 4192.34 = 4241.51 over 465 frames.
LOG (lattice-best-path[5.5.1137~1-51744]:main():lattice-best-path.cc:99) For utterance FGA310, best cost 36.9207 + 5238.04 = 5274.96 over 568 frames.
LOG (lattice-best-path[5.5.1137~1-51744]:main():lattice-best-path.cc:99) For utterance FGA311, best cost 104.742 + 6432.62 = 6537.37 over 686 frames.
LOG (lattice-best-path[5.5.1137~1-51744]:main():lattice-best-path.cc:99) For utterance FGA312, best cost 40.647 + 5677.01 = 5717.65 over 616 frames.
LOG (lattice-best-path[5.5.1137~1-51744]:main():lattice-best-path.cc:99) For utterance FGA313, best cost 33.9786 + 4681.61 = 4715.59 over 503 frames.
LOG (lattice-best-path[5.5.1137~1-51744]:main():lattice-best-path.cc:99) For utterance FGA314, best cost 69.2318 + 4281.48 = 4350.71 over 460 frames.
LOG (lattice-best-path[5.5.1137~1-51744]:main():lattice-best-path.cc:99) For utterance FGA315, best cost 29.0481 + 4021 = 4050.05 over 428 frames.
LOG (lattice-best-path[5.5.1137~1-51744]:main():lattice-best-path.cc:99) For utterance FGA316, best cost 33.0924 + 4605.09 = 4638.18 over 492 frames.
LOG (lattice-best-path[5.5.1137~1-51744]:main():lattice-best-path.cc:99) For utterance FGA317, best cost 26.7557 + 3606.09 = 3632.85 over 401 frames.
LOG (lattice-best-path[5.5.1137~1-51744]:main():lattice-best-path.cc:99) For utterance FGA318, best cost 22.3674 + 2555.08 = 2577.45 over 283 frames.
LOG (lattice-best-path[5.5.1137~1-51744]:main():lattice-best-path.cc:99) For utterance FGA319, best cost 32.3368 + 4705.68 = 4738.02 over 525 frames.
LOG (lattice-best-path[5.5.1137~1-51744]:main():lattice-best-path.cc:99) For utterance FGA320, best cost 26.2236 + 3856.16 = 3882.39 over 412 frames.
LOG (lattice-best-path[5.5.1137~1-51744]:main():lattice-best-path.cc:99) For utterance FGA321, best cost 45.651 + 4579.45 = 4625.1 over 487 frames.
LOG (lattice-best-path[5.5.1137~1-51744]:main():lattice-best-path.cc:99) For utterance FGA322, best cost 44.4133 + 4154.32 = 4198.74 over 449 frames.
LOG (lattice-best-path[5.5.1137~1-51744]:main():lattice-best-path.cc:99) For utterance FGA323, best cost 80.0702 + 4939.06 = 5019.13 over 518 frames.
LOG (lattice-best-path[5.5.1137~1-51744]:main():lattice-best-path.cc:99) For utterance FGA324, best cost 35.359 + 5204.44 = 5239.8 over 548 frames.
LOG (lattice-best-path[5.5.1137~1-51744]:main():lattice-best-path.cc:99) For utterance FGA325, best cost 30.1116 + 3903.59 = 3933.7 over 439 frames.
LOG (lattice-best-path[5.5.1137~1-51744]:main():lattice-best-path.cc:99) For utterance FGA326, best cost 51.8805 + 4987.91 = 5039.79 over 520 frames.
LOG (lattice-best-path[5.5.1137~1-51744]:main():lattice-best-path.cc:99) For utterance FGA327, best cost 72.0459 + 4814.96 = 4887.01 over 519 frames.
LOG (lattice-best-path[5.5.1137~1-51744]:main():lattice-best-path.cc:99) For utterance FGA328, best cost 46.8291 + 4752.88 = 4799.7 over 506 frames.
LOG (lattice-best-path[5.5.1137~1-51744]:main():lattice-best-path.cc:99) For utterance FGA329, best cost 44.7218 + 4093.36 = 4138.08 over 439 frames.
LOG (lattice-best-path[5.5.1137~1-51744]:main():lattice-best-path.cc:99) For utterance FGA330, best cost 29.6205 + 4350.29 = 4379.91 over 458 frames.
LOG (lattice-best-path[5.5.1137~1-51744]:main():lattice-best-path.cc:99) For utterance FGA331, best cost 64.2155 + 2953.92 = 3018.14 over 320 frames.
LOG (lattice-best-path[5.5.1137~1-51744]:main():lattice-best-path.cc:99) For utterance FGA332, best cost 27.3005 + 3448.04 = 3475.34 over 349 frames.
LOG (lattice-best-path[5.5.1137~1-51744]:main():lattice-best-path.cc:99) For utterance FGA333, best cost 29.6932 + 4013.35 = 4043.05 over 429 frames.
LOG (lattice-best-path[5.5.1137~1-51744]:main():lattice-best-path.cc:99) For utterance FGA334, best cost 45.6362 + 3487.58 = 3533.22 over 373 frames.
LOG (lattice-best-path[5.5.1137~1-51744]:main():lattice-best-path.cc:99) For utterance FGA335, best cost 23.864 + 2861.93 = 2885.8 over 308 frames.
LOG (lattice-best-path[5.5.1137~1-51744]:main():lattice-best-path.cc:99) For utterance FGA336, best cost 26.5866 + 3483.17 = 3509.76 over 377 frames.
LOG (lattice-best-path[5.5.1137~1-51744]:main():lattice-best-path.cc:99) For utterance FGA337, best cost 42.9923 + 3885.78 = 3928.77 over 413 frames.
LOG (lattice-best-path[5.5.1137~1-51744]:main():lattice-best-path.cc:99) For utterance FGA338, best cost 50.4727 + 3407.97 = 3458.45 over 377 frames.
LOG (lattice-best-path[5.5.1137~1-51744]:main():lattice-best-path.cc:99) For utterance FGA339, best cost 51.5815 + 2947.84 = 2999.42 over 301 frames.
LOG (lattice-best-path[5.5.1137~1-51744]:main():lattice-best-path.cc:99) For utterance FGA340, best cost 74.1203 + 4211.24 = 4285.36 over 462 frames.
LOG (lattice-best-path[5.5.1137~1-51744]:main():lattice-best-path.cc:99) For utterance FGA341, best cost 26.3287 + 3375.71 = 3402.04 over 361 frames.
LOG (lattice-best-path[5.5.1137~1-51744]:main():lattice-best-path.cc:99) For utterance FGA342, best cost 67.218 + 3546.38 = 3613.6 over 385 frames.
LOG (lattice-best-path[5.5.1137~1-51744]:main():lattice-best-path.cc:99) For utterance FGA343, best cost 69.1402 + 3956.43 = 4025.57 over 425 frames.
LOG (lattice-best-path[5.5.1137~1-51744]:main():lattice-best-path.cc:99) For utterance FGA344, best cost 38.6527 + 2826.58 = 2865.23 over 317 frames.
LOG (lattice-best-path[5.5.1137~1-51744]:main():lattice-best-path.cc:99) For utterance FGA345, best cost 28.3234 + 3744.11 = 3772.43 over 413 frames.
LOG (lattice-best-path[5.5.1137~1-51744]:main():lattice-best-path.cc:99) For utterance FGA346, best cost 54.9087 + 3486.27 = 3541.18 over 369 frames.
LOG (lattice-best-path[5.5.1137~1-51744]:main():lattice-best-path.cc:99) For utterance FGA347, best cost 28.3977 + 3799.58 = 3827.97 over 405 frames.
LOG (lattice-best-path[5.5.1137~1-51744]:main():lattice-best-path.cc:99) For utterance FGA348, best cost 51.017 + 3303.03 = 3354.05 over 353 frames.
LOG (lattice-best-path[5.5.1137~1-51744]:main():lattice-best-path.cc:99) For utterance FGA349, best cost 27.1168 + 3593.35 = 3620.47 over 377 frames.
LOG (lattice-best-path[5.5.1137~1-51744]:main():lattice-best-path.cc:99) For utterance FGA350, best cost 72.4581 + 4521.7 = 4594.16 over 474 frames.
LOG (lattice-best-path[5.5.1137~1-51744]:main():lattice-best-path.cc:99) For utterance FGA351, best cost 55.081 + 3259.31 = 3314.39 over 345 frames.
LOG (lattice-best-path[5.5.1137~1-51744]:main():lattice-best-path.cc:99) For utterance FGA352, best cost 27.5733 + 3905.33 = 3932.9 over 432 frames.
LOG (lattice-best-path[5.5.1137~1-51744]:main():lattice-best-path.cc:99) For utterance FGA353, best cost 70.2169 + 3476.91 = 3547.13 over 345 frames.
LOG (lattice-best-path[5.5.1137~1-51744]:main():lattice-best-path.cc:99) For utterance FGA354, best cost 57.9257 + 6796.4 = 6854.33 over 740 frames.
LOG (lattice-best-path[5.5.1137~1-51744]:main():lattice-best-path.cc:99) For utterance FGA355, best cost 73.8036 + 5357.05 = 5430.86 over 589 frames.
LOG (lattice-best-path[5.5.1137~1-51744]:main():lattice-best-path.cc:99) For utterance FGA356, best cost 59.1864 + 4431.74 = 4490.92 over 498 frames.
LOG (lattice-best-path[5.5.1137~1-51744]:main():lattice-best-path.cc:99) For utterance FGA357, best cost 30.6201 + 4222.86 = 4253.48 over 471 frames.
LOG (lattice-best-path[5.5.1137~1-51744]:main():lattice-best-path.cc:99) For utterance FGA358, best cost 43.4312 + 4552.88 = 4596.31 over 509 frames.
LOG (lattice-best-path[5.5.1137~1-51744]:main():lattice-best-path.cc:99) For utterance FGA359, best cost 32.5042 + 4403.58 = 4436.09 over 471 frames.
LOG (lattice-best-path[5.5.1137~1-51744]:main():lattice-best-path.cc:99) For utterance FGA360, best cost 23.5559 + 3542.4 = 3565.95 over 380 frames.
LOG (lattice-best-path[5.5.1137~1-51744]:main():lattice-best-path.cc:99) For utterance FGA361, best cost 26.4265 + 3480.75 = 3507.18 over 391 frames.
LOG (lattice-best-path[5.5.1137~1-51744]:main():lattice-best-path.cc:99) For utterance FGA362, best cost 98.741 + 5731.78 = 5830.52 over 642 frames.
LOG (lattice-best-path[5.5.1137~1-51744]:main():lattice-best-path.cc:99) For utterance FGA363, best cost 53.1255 + 4821.15 = 4874.28 over 540 frames.
LOG (lattice-best-path[5.5.1137~1-51744]:main():lattice-best-path.cc:99) For utterance FGA364, best cost 41.2596 + 4381.78 = 4423.04 over 481 frames.
LOG (lattice-best-path[5.5.1137~1-51744]:main():lattice-best-path.cc:99) For utterance FGA365, best cost 81.0223 + 4562.18 = 4643.2 over 491 frames.
LOG (lattice-best-path[5.5.1137~1-51744]:main():lattice-best-path.cc:99) For utterance FSP293, best cost 29.2211 + 3851.39 = 3880.61 over 412 frames.
LOG (lattice-best-path[5.5.1137~1-51744]:main():lattice-best-path.cc:99) For utterance FSP294, best cost 24.797 + 2742.81 = 2767.61 over 291 frames.
LOG (lattice-best-path[5.5.1137~1-51744]:main():lattice-best-path.cc:99) For utterance FSP295, best cost 24.3596 + 2865.51 = 2889.87 over 310 frames.
LOG (lattice-best-path[5.5.1137~1-51744]:main():lattice-best-path.cc:99) For utterance FSP296, best cost 32.835 + 3974.19 = 4007.03 over 404 frames.
LOG (lattice-best-path[5.5.1137~1-51744]:main():lattice-best-path.cc:99) For utterance FSP297, best cost 42.1366 + 3417.78 = 3459.92 over 357 frames.
LOG (lattice-best-path[5.5.1137~1-51744]:main():lattice-best-path.cc:99) For utterance FSP298, best cost 22.2668 + 2175.39 = 2197.66 over 230 frames.
LOG (lattice-best-path[5.5.1137~1-51744]:main():lattice-best-path.cc:99) For utterance FSP299, best cost 23.781 + 2767.75 = 2791.53 over 300 frames.
LOG (lattice-best-path[5.5.1137~1-51744]:main():lattice-best-path.cc:99) For utterance FSP300, best cost 30.014 + 3678.92 = 3708.93 over 383 frames.
LOG (lattice-best-path[5.5.1137~1-51744]:main():lattice-best-path.cc:99) For utterance FSP301, best cost 34.4062 + 3810.6 = 3845.01 over 384 frames.
LOG (lattice-best-path[5.5.1137~1-51744]:main():lattice-best-path.cc:99) For utterance FSP302, best cost 28.0431 + 3238.37 = 3266.41 over 356 frames.
LOG (lattice-best-path[5.5.1137~1-51744]:main():lattice-best-path.cc:99) For utterance FSP303, best cost 54.8187 + 3139.83 = 3194.65 over 340 frames.
LOG (lattice-best-path[5.5.1137~1-51744]:main():lattice-best-path.cc:99) For utterance FSP304, best cost 32.233 + 4379.1 = 4411.34 over 472 frames.
LOG (lattice-best-path[5.5.1137~1-51744]:main():lattice-best-path.cc:99) For utterance FSP305, best cost 35.6128 + 4720.66 = 4756.27 over 497 frames.
LOG (lattice-best-path[5.5.1137~1-51744]:main():lattice-best-path.cc:99) For utterance FSP306, best cost 29.8652 + 3817.42 = 3847.29 over 400 frames.
LOG (lattice-best-path[5.5.1137~1-51744]:main():lattice-best-path.cc:99) For utterance FSP307, best cost 41.8877 + 3247.25 = 3289.14 over 341 frames.
LOG (lattice-best-path[5.5.1137~1-51744]:main():lattice-best-path.cc:99) For utterance FSP308, best cost 23.6891 + 2633.35 = 2657.04 over 270 frames.
LOG (lattice-best-path[5.5.1137~1-51744]:main():lattice-best-path.cc:99) For utterance FSP309, best cost 26.0476 + 2944.78 = 2970.83 over 325 frames.
LOG (lattice-best-path[5.5.1137~1-51744]:main():lattice-best-path.cc:99) For utterance FSP310, best cost 24.0759 + 2185.39 = 2209.47 over 226 frames.
LOG (lattice-best-path[5.5.1137~1-51744]:main():lattice-best-path.cc:99) For utterance FSP311, best cost 34.7601 + 4368.5 = 4403.26 over 465 frames.
LOG (lattice-best-path[5.5.1137~1-51744]:main():lattice-best-path.cc:99) For utterance FSP312, best cost 34.0168 + 4092.53 = 4126.54 over 428 frames.
LOG (lattice-best-path[5.5.1137~1-51744]:main():lattice-best-path.cc:99) For utterance FSP313, best cost 24.8735 + 2478.31 = 2503.18 over 253 frames.
LOG (lattice-best-path[5.5.1137~1-51744]:main():lattice-best-path.cc:99) For utterance FSP314, best cost 25.2999 + 2784.4 = 2809.7 over 280 frames.
LOG (lattice-best-path[5.5.1137~1-51744]:main():lattice-best-path.cc:99) For utterance FSP315, best cost 24.5283 + 2972.21 = 2996.74 over 314 frames.
LOG (lattice-best-path[5.5.1137~1-51744]:main():lattice-best-path.cc:99) For utterance FSP316, best cost 26.5582 + 3344.6 = 3371.15 over 350 frames.
LOG (lattice-best-path[5.5.1137~1-51744]:main():lattice-best-path.cc:99) For utterance FSP317, best cost 25.5905 + 3262.42 = 3288.01 over 353 frames.
LOG (lattice-best-path[5.5.1137~1-51744]:main():lattice-best-path.cc:99) For utterance FSP318, best cost 23.6649 + 2510.91 = 2534.58 over 273 frames.
LOG (lattice-best-path[5.5.1137~1-51744]:main():lattice-best-path.cc:99) For utterance FSP319, best cost 25.469 + 2723.81 = 2749.28 over 270 frames.
LOG (lattice-best-path[5.5.1137~1-51744]:main():lattice-best-path.cc:99) For utterance FSP320, best cost 26.2909 + 2966.96 = 2993.25 over 317 frames.
LOG (lattice-best-path[5.5.1137~1-51744]:main():lattice-best-path.cc:99) For utterance FSP321, best cost 28.0832 + 3291.06 = 3319.15 over 351 frames.
LOG (lattice-best-path[5.5.1137~1-51744]:main():lattice-best-path.cc:99) For utterance FSP322, best cost 22.7293 + 2483.78 = 2506.51 over 272 frames.
LOG (lattice-best-path[5.5.1137~1-51744]:main():lattice-best-path.cc:99) For utterance FSP323, best cost 33.0096 + 4261.34 = 4294.35 over 465 frames.
LOG (lattice-best-path[5.5.1137~1-51744]:main():lattice-best-path.cc:99) For utterance FSP324, best cost 29.542 + 3278.37 = 3307.92 over 348 frames.
LOG (lattice-best-path[5.5.1137~1-51744]:main():lattice-best-path.cc:99) For utterance FSP325, best cost 24.3931 + 2519.2 = 2543.59 over 265 frames.
LOG (lattice-best-path[5.5.1137~1-51744]:main():lattice-best-path.cc:99) For utterance FSP326, best cost 26.1974 + 2584.87 = 2611.07 over 269 frames.
LOG (lattice-best-path[5.5.1137~1-51744]:main():lattice-best-path.cc:99) For utterance FSP327, best cost 27.3581 + 3340.74 = 3368.09 over 357 frames.
LOG (lattice-best-path[5.5.1137~1-51744]:main():lattice-best-path.cc:99) For utterance FSP328, best cost 29.4628 + 3751.99 = 3781.45 over 395 frames.
LOG (lattice-best-path[5.5.1137~1-51744]:main():lattice-best-path.cc:99) For utterance FSP329, best cost 24.2877 + 2503.86 = 2528.14 over 275 frames.
LOG (lattice-best-path[5.5.1137~1-51744]:main():lattice-best-path.cc:99) For utterance FSP330, best cost 26.61 + 3148.37 = 3174.98 over 307 frames.
LOG (lattice-best-path[5.5.1137~1-51744]:main():lattice-best-path.cc:99) For utterance FSP331, best cost 22.0298 + 2489.73 = 2511.76 over 251 frames.
LOG (lattice-best-path[5.5.1137~1-51744]:main():lattice-best-path.cc:99) For utterance FSP332, best cost 27.3589 + 3182.18 = 3209.54 over 330 frames.
LOG (lattice-best-path[5.5.1137~1-51744]:main():lattice-best-path.cc:99) For utterance FSP333, best cost 27.1939 + 3640.24 = 3667.43 over 394 frames.
LOG (lattice-best-path[5.5.1137~1-51744]:main():lattice-best-path.cc:99) For utterance FSP334, best cost 24.0989 + 2367.88 = 2391.98 over 267 frames.
LOG (lattice-best-path[5.5.1137~1-51744]:main():lattice-best-path.cc:99) For utterance FSP335, best cost 23.0836 + 2603.25 = 2626.34 over 278 frames.
LOG (lattice-best-path[5.5.1137~1-51744]:main():lattice-best-path.cc:99) For utterance FSP336, best cost 23.3963 + 2825.69 = 2849.08 over 308 frames.
LOG (lattice-best-path[5.5.1137~1-51744]:main():lattice-best-path.cc:99) For utterance FSP337, best cost 24.6285 + 2986.89 = 3011.52 over 324 frames.
LOG (lattice-best-path[5.5.1137~1-51744]:main():lattice-best-path.cc:99) For utterance FSP338, best cost 24.2349 + 2701.79 = 2726.03 over 280 frames.
LOG (lattice-best-path[5.5.1137~1-51744]:main():lattice-best-path.cc:99) For utterance FSP339, best cost 23.5695 + 2736.04 = 2759.61 over 272 frames.
LOG (lattice-best-path[5.5.1137~1-51744]:main():lattice-best-path.cc:99) For utterance FSP340, best cost 44.4875 + 3705.22 = 3749.71 over 404 frames.
LOG (lattice-best-path[5.5.1137~1-51744]:main():lattice-best-path.cc:99) For utterance FSP341, best cost 22.7015 + 2189.06 = 2211.77 over 227 frames.
LOG (lattice-best-path[5.5.1137~1-51744]:main():lattice-best-path.cc:99) For utterance FSP342, best cost 25.2133 + 2903.91 = 2929.12 over 310 frames.
LOG (lattice-depth-per-frame[5.5.1137~1-51744]:main():lattice-depth-per-frame.cc:82) Done 146 lattices.
LOG (lattice-best-path[5.5.1137~1-51744]:main():lattice-best-path.cc:99) For utterance FSP343, best cost 27.97 + 3165.61 = 3193.58 over 339 frames.
LOG (lattice-best-path[5.5.1137~1-51744]:main():lattice-best-path.cc:99) For utterance FSP344, best cost 21.7539 + 2233.96 = 2255.72 over 241 frames.
LOG (lattice-best-path[5.5.1137~1-51744]:main():lattice-best-path.cc:99) For utterance FSP345, best cost 26.6883 + 2952.03 = 2978.72 over 326 frames.
LOG (lattice-best-path[5.5.1137~1-51744]:main():lattice-best-path.cc:99) For utterance FSP346, best cost 27.1337 + 3319.63 = 3346.77 over 353 frames.
LOG (lattice-best-path[5.5.1137~1-51744]:main():lattice-best-path.cc:99) For utterance FSP347, best cost 24.2858 + 2747.29 = 2771.58 over 284 frames.
LOG (lattice-best-path[5.5.1137~1-51744]:main():lattice-best-path.cc:99) For utterance FSP348, best cost 23.5215 + 2650.31 = 2673.83 over 280 frames.
LOG (lattice-best-path[5.5.1137~1-51744]:main():lattice-best-path.cc:99) For utterance FSP349, best cost 25.8942 + 3045.56 = 3071.45 over 329 frames.
LOG (lattice-best-path[5.5.1137~1-51744]:main():lattice-best-path.cc:99) For utterance FSP350, best cost 29.1435 + 3254.74 = 3283.88 over 346 frames.
LOG (lattice-best-path[5.5.1137~1-51744]:main():lattice-best-path.cc:99) For utterance FSP351, best cost 25.1957 + 2695.78 = 2720.97 over 281 frames.
LOG (lattice-best-path[5.5.1137~1-51744]:main():lattice-best-path.cc:99) For utterance FSP352, best cost 21.4071 + 2052.48 = 2073.88 over 217 frames.
LOG (lattice-best-path[5.5.1137~1-51744]:main():lattice-best-path.cc:99) For utterance FSP353, best cost 38.0207 + 2781.48 = 2819.5 over 285 frames.
LOG (lattice-best-path[5.5.1137~1-51744]:main():lattice-best-path.cc:99) For utterance FSP354, best cost 64.4526 + 4145.67 = 4210.12 over 436 frames.
LOG (lattice-best-path[5.5.1137~1-51744]:main():lattice-best-path.cc:99) For utterance FSP355, best cost 24.1376 + 2848.69 = 2872.82 over 300 frames.
LOG (lattice-best-path[5.5.1137~1-51744]:main():lattice-best-path.cc:99) For utterance FSP356, best cost 21.0177 + 2141.66 = 2162.67 over 217 frames.
LOG (lattice-best-path[5.5.1137~1-51744]:main():lattice-best-path.cc:99) For utterance FSP357, best cost 19.3684 + 1656.1 = 1675.47 over 175 frames.
LOG (lattice-best-path[5.5.1137~1-51744]:main():lattice-best-path.cc:99) For utterance FSP358, best cost 22.0596 + 2616.34 = 2638.4 over 272 frames.
LOG (lattice-best-path[5.5.1137~1-51744]:main():lattice-best-path.cc:99) For utterance FSP359, best cost 25.939 + 2840.44 = 2866.38 over 307 frames.
LOG (lattice-best-path[5.5.1137~1-51744]:main():lattice-best-path.cc:99) For utterance FSP360, best cost 23.6903 + 2716.66 = 2740.35 over 282 frames.
LOG (lattice-best-path[5.5.1137~1-51744]:main():lattice-best-path.cc:99) For utterance FSP361, best cost 18.9827 + 1830.36 = 1849.34 over 191 frames.
LOG (lattice-best-path[5.5.1137~1-51744]:main():lattice-best-path.cc:99) For utterance FSP362, best cost 27.4217 + 3475.05 = 3502.48 over 358 frames.
LOG (lattice-best-path[5.5.1137~1-51744]:main():lattice-best-path.cc:99) For utterance FSP363, best cost 63.9856 + 3227.96 = 3291.95 over 350 frames.
LOG (lattice-best-path[5.5.1137~1-51744]:main():lattice-best-path.cc:99) For utterance FSP364, best cost 24.659 + 2931.32 = 2955.98 over 304 frames.
LOG (lattice-best-path[5.5.1137~1-51744]:main():lattice-best-path.cc:99) For utterance FSP365, best cost 28.9326 + 3037.43 = 3066.36 over 312 frames.
LOG (lattice-best-path[5.5.1137~1-51744]:main():lattice-best-path.cc:124) Overall cost per frame is 9.45722 = 0.0993381 [graph] + 9.35789 [acoustic] over 56208 frames.
LOG (lattice-best-path[5.5.1137~1-51744]:main():lattice-best-path.cc:128) Done 146 lattices, failed for 0
# Accounting: time=0 threads=1
# Ended (code 0) at Wed Aug 28 02:27:28 IST 2024, elapsed time 0 seconds
