# lattice-depth-per-frame "ark:gunzip -c exp_FG/tri_8_2000/decode/lat.4.gz|" "ark,t:|gzip -c > exp_FG/tri_8_2000/decode/depth_tmp.4.gz" ark:- | lattice-best-path --acoustic-scale=0.1 ark:- ark:/dev/null "ark,t:|gzip -c >exp_FG/tri_8_2000/decode/ali_tmp.4.gz" 
# Started at Wed Aug 28 02:27:28 IST 2024
#
lattice-depth-per-frame 'ark:gunzip -c exp_FG/tri_8_2000/decode/lat.4.gz|' 'ark,t:|gzip -c > exp_FG/tri_8_2000/decode/depth_tmp.4.gz' ark:- 
lattice-best-path --acoustic-scale=0.1 ark:- ark:/dev/null 'ark,t:|gzip -c >exp_FG/tri_8_2000/decode/ali_tmp.4.gz' 
LOG (lattice-best-path[5.5.1137~1-51744]:main():lattice-best-path.cc:99) For utterance MSU293, best cost 25.7405 + 2805.92 = 2831.66 over 300 frames.
LOG (lattice-best-path[5.5.1137~1-51744]:main():lattice-best-path.cc:99) For utterance MSU294, best cost 38.1901 + 2758.21 = 2796.4 over 294 frames.
LOG (lattice-best-path[5.5.1137~1-51744]:main():lattice-best-path.cc:99) For utterance MSU295, best cost 25.1395 + 3128.45 = 3153.59 over 336 frames.
LOG (lattice-best-path[5.5.1137~1-51744]:main():lattice-best-path.cc:99) For utterance MSU296, best cost 31.6319 + 3561.73 = 3593.36 over 371 frames.
LOG (lattice-best-path[5.5.1137~1-51744]:main():lattice-best-path.cc:99) For utterance MSU297, best cost 28.1792 + 3239.64 = 3267.82 over 343 frames.
LOG (lattice-best-path[5.5.1137~1-51744]:main():lattice-best-path.cc:99) For utterance MSU298, best cost 36.2228 + 2264.07 = 2300.3 over 249 frames.
LOG (lattice-best-path[5.5.1137~1-51744]:main():lattice-best-path.cc:99) For utterance MSU299, best cost 41.7259 + 2041.28 = 2083 over 210 frames.
LOG (lattice-best-path[5.5.1137~1-51744]:main():lattice-best-path.cc:99) For utterance MSU300, best cost 32.3225 + 3789.24 = 3821.56 over 392 frames.
LOG (lattice-best-path[5.5.1137~1-51744]:main():lattice-best-path.cc:99) For utterance MSU301, best cost 55.0765 + 3263.62 = 3318.7 over 359 frames.
LOG (lattice-best-path[5.5.1137~1-51744]:main():lattice-best-path.cc:99) For utterance MSU302, best cost 26.4657 + 3074.75 = 3101.22 over 314 frames.
LOG (lattice-best-path[5.5.1137~1-51744]:main():lattice-best-path.cc:99) For utterance MSU303, best cost 27.3978 + 3336.66 = 3364.06 over 349 frames.
LOG (lattice-best-path[5.5.1137~1-51744]:main():lattice-best-path.cc:99) For utterance MSU304, best cost 31.7591 + 4123.17 = 4154.93 over 446 frames.
LOG (lattice-best-path[5.5.1137~1-51744]:main():lattice-best-path.cc:99) For utterance MSU305, best cost 56.8331 + 3724.11 = 3780.95 over 390 frames.
LOG (lattice-best-path[5.5.1137~1-51744]:main():lattice-best-path.cc:99) For utterance MSU306, best cost 28.1237 + 3018.27 = 3046.4 over 323 frames.
LOG (lattice-best-path[5.5.1137~1-51744]:main():lattice-best-path.cc:99) For utterance MSU307, best cost 25.3605 + 2371.21 = 2396.57 over 252 frames.
LOG (lattice-best-path[5.5.1137~1-51744]:main():lattice-best-path.cc:99) For utterance MSU308, best cost 21.1378 + 2097.56 = 2118.69 over 223 frames.
LOG (lattice-best-path[5.5.1137~1-51744]:main():lattice-best-path.cc:99) For utterance MSU309, best cost 26.7473 + 2880.64 = 2907.39 over 307 frames.
LOG (lattice-best-path[5.5.1137~1-51744]:main():lattice-best-path.cc:99) For utterance MSU310, best cost 27.0929 + 3016.99 = 3044.09 over 325 frames.
LOG (lattice-best-path[5.5.1137~1-51744]:main():lattice-best-path.cc:99) For utterance MSU311, best cost 64.0326 + 4332.16 = 4396.19 over 452 frames.
LOG (lattice-best-path[5.5.1137~1-51744]:main():lattice-best-path.cc:99) For utterance MSU312, best cost 31.383 + 3285.33 = 3316.72 over 342 frames.
LOG (lattice-best-path[5.5.1137~1-51744]:main():lattice-best-path.cc:99) For utterance MSU313, best cost 42.6627 + 2627.48 = 2670.14 over 282 frames.
LOG (lattice-best-path[5.5.1137~1-51744]:main():lattice-best-path.cc:99) For utterance MSU314, best cost 24.078 + 2458.15 = 2482.22 over 258 frames.
LOG (lattice-best-path[5.5.1137~1-51744]:main():lattice-best-path.cc:99) For utterance MSU315, best cost 40.4667 + 3476.27 = 3516.73 over 378 frames.
LOG (lattice-best-path[5.5.1137~1-51744]:main():lattice-best-path.cc:99) For utterance MSU316, best cost 27.7423 + 3331.77 = 3359.51 over 353 frames.
LOG (lattice-best-path[5.5.1137~1-51744]:main():lattice-best-path.cc:99) For utterance MSU317, best cost 53.9408 + 3000.78 = 3054.72 over 319 frames.
LOG (lattice-best-path[5.5.1137~1-51744]:main():lattice-best-path.cc:99) For utterance MSU318, best cost 21.8699 + 2520.28 = 2542.15 over 272 frames.
LOG (lattice-best-path[5.5.1137~1-51744]:main():lattice-best-path.cc:99) For utterance MSU319, best cost 24.7493 + 3065.45 = 3090.19 over 323 frames.
LOG (lattice-best-path[5.5.1137~1-51744]:main():lattice-best-path.cc:99) For utterance MSU320, best cost 22.5334 + 2290.16 = 2312.69 over 238 frames.
LOG (lattice-best-path[5.5.1137~1-51744]:main():lattice-best-path.cc:99) For utterance MSU321, best cost 30.7246 + 3978.44 = 4009.16 over 428 frames.
LOG (lattice-best-path[5.5.1137~1-51744]:main():lattice-best-path.cc:99) For utterance MSU322, best cost 23.369 + 2744.48 = 2767.84 over 303 frames.
LOG (lattice-best-path[5.5.1137~1-51744]:main():lattice-best-path.cc:99) For utterance MSU323, best cost 57.7323 + 3440.44 = 3498.17 over 379 frames.
LOG (lattice-best-path[5.5.1137~1-51744]:main():lattice-best-path.cc:99) For utterance MSU324, best cost 62.7568 + 2993.92 = 3056.68 over 325 frames.
LOG (lattice-best-path[5.5.1137~1-51744]:main():lattice-best-path.cc:99) For utterance MSU325, best cost 42.7856 + 2885.83 = 2928.61 over 317 frames.
LOG (lattice-best-path[5.5.1137~1-51744]:main():lattice-best-path.cc:99) For utterance MSU326, best cost 65.1337 + 3050.09 = 3115.22 over 327 frames.
LOG (lattice-best-path[5.5.1137~1-51744]:main():lattice-best-path.cc:99) For utterance MSU327, best cost 42.0142 + 2872.15 = 2914.16 over 309 frames.
LOG (lattice-best-path[5.5.1137~1-51744]:main():lattice-best-path.cc:99) For utterance MSU328, best cost 29.9191 + 3886.28 = 3916.2 over 407 frames.
LOG (lattice-best-path[5.5.1137~1-51744]:main():lattice-best-path.cc:99) For utterance MSU329, best cost 21.633 + 2412.79 = 2434.42 over 254 frames.
LOG (lattice-best-path[5.5.1137~1-51744]:main():lattice-best-path.cc:99) For utterance MSU330, best cost 44.5963 + 3137.83 = 3182.42 over 340 frames.
LOG (lattice-best-path[5.5.1137~1-51744]:main():lattice-best-path.cc:99) For utterance MSU331, best cost 21.6266 + 2252.53 = 2274.16 over 240 frames.
LOG (lattice-best-path[5.5.1137~1-51744]:main():lattice-best-path.cc:99) For utterance MSU332, best cost 24.3726 + 2552.89 = 2577.27 over 278 frames.
LOG (lattice-best-path[5.5.1137~1-51744]:main():lattice-best-path.cc:99) For utterance MSU333, best cost 25.7064 + 2918.99 = 2944.69 over 312 frames.
LOG (lattice-best-path[5.5.1137~1-51744]:main():lattice-best-path.cc:99) For utterance MSU334, best cost 29.5767 + 2495.95 = 2525.52 over 269 frames.
LOG (lattice-best-path[5.5.1137~1-51744]:main():lattice-best-path.cc:99) For utterance MSU335, best cost 19.3997 + 1582.88 = 1602.28 over 161 frames.
LOG (lattice-best-path[5.5.1137~1-51744]:main():lattice-best-path.cc:99) For utterance MSU336, best cost 39.0665 + 2691.58 = 2730.64 over 289 frames.
LOG (lattice-best-path[5.5.1137~1-51744]:main():lattice-best-path.cc:99) For utterance MSU337, best cost 24.8963 + 2661.75 = 2686.65 over 274 frames.
LOG (lattice-best-path[5.5.1137~1-51744]:main():lattice-best-path.cc:99) For utterance MSU338, best cost 23.6726 + 2479.21 = 2502.88 over 274 frames.
LOG (lattice-best-path[5.5.1137~1-51744]:main():lattice-best-path.cc:99) For utterance MSU339, best cost 20.4829 + 2001.47 = 2021.95 over 213 frames.
LOG (lattice-best-path[5.5.1137~1-51744]:main():lattice-best-path.cc:99) For utterance MSU340, best cost 53.0351 + 3180.02 = 3233.05 over 338 frames.
LOG (lattice-best-path[5.5.1137~1-51744]:main():lattice-best-path.cc:99) For utterance MSU341, best cost 21.7143 + 2266.31 = 2288.03 over 244 frames.
LOG (lattice-best-path[5.5.1137~1-51744]:main():lattice-best-path.cc:99) For utterance MSU342, best cost 21.8537 + 2230.55 = 2252.41 over 240 frames.
LOG (lattice-best-path[5.5.1137~1-51744]:main():lattice-best-path.cc:99) For utterance MSU343, best cost 28.439 + 2861.26 = 2889.7 over 310 frames.
LOG (lattice-best-path[5.5.1137~1-51744]:main():lattice-best-path.cc:99) For utterance MSU344, best cost 22.1278 + 2130.76 = 2152.89 over 228 frames.
LOG (lattice-best-path[5.5.1137~1-51744]:main():lattice-best-path.cc:99) For utterance MSU345, best cost 54.4468 + 2812.23 = 2866.67 over 307 frames.
LOG (lattice-best-path[5.5.1137~1-51744]:main():lattice-best-path.cc:99) For utterance MSU346, best cost 22.3792 + 2098.77 = 2121.15 over 224 frames.
LOG (lattice-best-path[5.5.1137~1-51744]:main():lattice-best-path.cc:99) For utterance MSU347, best cost 23.9848 + 2439.34 = 2463.33 over 254 frames.
LOG (lattice-best-path[5.5.1137~1-51744]:main():lattice-best-path.cc:99) For utterance MSU348, best cost 23.0761 + 2493.03 = 2516.11 over 252 frames.
LOG (lattice-best-path[5.5.1137~1-51744]:main():lattice-best-path.cc:99) For utterance MSU349, best cost 25.3191 + 2874.83 = 2900.15 over 296 frames.
LOG (lattice-best-path[5.5.1137~1-51744]:main():lattice-best-path.cc:99) For utterance MSU350, best cost 67.0965 + 3015.46 = 3082.56 over 326 frames.
LOG (lattice-best-path[5.5.1137~1-51744]:main():lattice-best-path.cc:99) For utterance MSU351, best cost 43.9821 + 2911.14 = 2955.12 over 309 frames.
LOG (lattice-best-path[5.5.1137~1-51744]:main():lattice-best-path.cc:99) For utterance MSU352, best cost 23.2529 + 2491.28 = 2514.53 over 266 frames.
LOG (lattice-best-path[5.5.1137~1-51744]:main():lattice-best-path.cc:99) For utterance MSU353, best cost 50.2284 + 2887.61 = 2937.83 over 300 frames.
LOG (lattice-best-path[5.5.1137~1-51744]:main():lattice-best-path.cc:99) For utterance MSU354, best cost 31.7643 + 3701.73 = 3733.5 over 410 frames.
LOG (lattice-best-path[5.5.1137~1-51744]:main():lattice-best-path.cc:99) For utterance MSU355, best cost 24.5273 + 2610.15 = 2634.67 over 269 frames.
LOG (lattice-best-path[5.5.1137~1-51744]:main():lattice-best-path.cc:99) For utterance MSU356, best cost 22.516 + 2398.32 = 2420.84 over 265 frames.
LOG (lattice-best-path[5.5.1137~1-51744]:main():lattice-best-path.cc:99) For utterance MSU357, best cost 22.4034 + 2571.66 = 2594.07 over 277 frames.
LOG (lattice-best-path[5.5.1137~1-51744]:main():lattice-best-path.cc:99) For utterance MSU358, best cost 22.0385 + 2273.51 = 2295.55 over 238 frames.
LOG (lattice-best-path[5.5.1137~1-51744]:main():lattice-best-path.cc:99) For utterance MSU359, best cost 50.5422 + 3111.32 = 3161.86 over 325 frames.
LOG (lattice-best-path[5.5.1137~1-51744]:main():lattice-best-path.cc:99) For utterance MSU360, best cost 21.3339 + 1926.08 = 1947.42 over 203 frames.
LOG (lattice-best-path[5.5.1137~1-51744]:main():lattice-best-path.cc:99) For utterance MSU361, best cost 20.0843 + 1914.52 = 1934.6 over 204 frames.
LOG (lattice-best-path[5.5.1137~1-51744]:main():lattice-best-path.cc:99) For utterance MSU362, best cost 23.5565 + 2647.51 = 2671.06 over 288 frames.
LOG (lattice-best-path[5.5.1137~1-51744]:main():lattice-best-path.cc:99) For utterance MSU363, best cost 37.8334 + 2442.22 = 2480.05 over 255 frames.
LOG (lattice-best-path[5.5.1137~1-51744]:main():lattice-best-path.cc:99) For utterance MSU364, best cost 24.1844 + 2345.37 = 2369.55 over 248 frames.
LOG (lattice-best-path[5.5.1137~1-51744]:main():lattice-best-path.cc:99) For utterance MSU365, best cost 35.9506 + 2495.31 = 2531.27 over 271 frames.
LOG (lattice-best-path[5.5.1137~1-51744]:main():lattice-best-path.cc:99) For utterance MVI293, best cost 26.9337 + 3939.24 = 3966.18 over 427 frames.
LOG (lattice-best-path[5.5.1137~1-51744]:main():lattice-best-path.cc:99) For utterance MVI294, best cost 22.6146 + 2220.91 = 2243.52 over 233 frames.
LOG (lattice-best-path[5.5.1137~1-51744]:main():lattice-best-path.cc:99) For utterance MVI295, best cost 24.4059 + 2718.9 = 2743.3 over 288 frames.
LOG (lattice-best-path[5.5.1137~1-51744]:main():lattice-best-path.cc:99) For utterance MVI296, best cost 33.6873 + 2789.09 = 2822.78 over 288 frames.
LOG (lattice-best-path[5.5.1137~1-51744]:main():lattice-best-path.cc:99) For utterance MVI297, best cost 53.8697 + 2698.82 = 2752.69 over 293 frames.
LOG (lattice-best-path[5.5.1137~1-51744]:main():lattice-best-path.cc:99) For utterance MVI298, best cost 43.7004 + 2666.76 = 2710.46 over 287 frames.
LOG (lattice-best-path[5.5.1137~1-51744]:main():lattice-best-path.cc:99) For utterance MVI299, best cost 24.7078 + 2858.48 = 2883.19 over 292 frames.
LOG (lattice-best-path[5.5.1137~1-51744]:main():lattice-best-path.cc:99) For utterance MVI300, best cost 53.0792 + 3148.27 = 3201.35 over 329 frames.
LOG (lattice-best-path[5.5.1137~1-51744]:main():lattice-best-path.cc:99) For utterance MVI301, best cost 30.1732 + 3575.6 = 3605.77 over 373 frames.
LOG (lattice-best-path[5.5.1137~1-51744]:main():lattice-best-path.cc:99) For utterance MVI302, best cost 40.2767 + 2844.77 = 2885.04 over 302 frames.
LOG (lattice-best-path[5.5.1137~1-51744]:main():lattice-best-path.cc:99) For utterance MVI303, best cost 48.8712 + 2428.6 = 2477.47 over 243 frames.
LOG (lattice-best-path[5.5.1137~1-51744]:main():lattice-best-path.cc:99) For utterance MVI304, best cost 32.5781 + 3785.88 = 3818.46 over 393 frames.
LOG (lattice-best-path[5.5.1137~1-51744]:main():lattice-best-path.cc:99) For utterance MVI305, best cost 51.0073 + 4090.89 = 4141.9 over 431 frames.
LOG (lattice-best-path[5.5.1137~1-51744]:main():lattice-best-path.cc:99) For utterance MVI306, best cost 52.0029 + 2753.87 = 2805.88 over 306 frames.
LOG (lattice-best-path[5.5.1137~1-51744]:main():lattice-best-path.cc:99) For utterance MVI307, best cost 54.3343 + 3101.22 = 3155.56 over 333 frames.
LOG (lattice-best-path[5.5.1137~1-51744]:main():lattice-best-path.cc:99) For utterance MVI308, best cost 36.6094 + 1698.65 = 1735.26 over 184 frames.
LOG (lattice-best-path[5.5.1137~1-51744]:main():lattice-best-path.cc:99) For utterance MVI309, best cost 28.5253 + 3121.29 = 3149.81 over 339 frames.
LOG (lattice-best-path[5.5.1137~1-51744]:main():lattice-best-path.cc:99) For utterance MVI310, best cost 52.9168 + 2589.31 = 2642.23 over 279 frames.
LOG (lattice-best-path[5.5.1137~1-51744]:main():lattice-best-path.cc:99) For utterance MVI311, best cost 34.3379 + 3986.24 = 4020.58 over 431 frames.
LOG (lattice-best-path[5.5.1137~1-51744]:main():lattice-best-path.cc:99) For utterance MVI312, best cost 31.3688 + 3130.17 = 3161.54 over 326 frames.
LOG (lattice-best-path[5.5.1137~1-51744]:main():lattice-best-path.cc:99) For utterance MVI313, best cost 24.9978 + 2572.32 = 2597.32 over 281 frames.
LOG (lattice-best-path[5.5.1137~1-51744]:main():lattice-best-path.cc:99) For utterance MVI314, best cost 39.0909 + 2512.31 = 2551.4 over 273 frames.
LOG (lattice-best-path[5.5.1137~1-51744]:main():lattice-best-path.cc:99) For utterance MVI315, best cost 23.6049 + 2476.49 = 2500.1 over 256 frames.
LOG (lattice-best-path[5.5.1137~1-51744]:main():lattice-best-path.cc:99) For utterance MVI316, best cost 27.2538 + 2907.21 = 2934.47 over 305 frames.
LOG (lattice-best-path[5.5.1137~1-51744]:main():lattice-best-path.cc:99) For utterance MVI317, best cost 24.0497 + 2575.62 = 2599.67 over 280 frames.
LOG (lattice-best-path[5.5.1137~1-51744]:main():lattice-best-path.cc:99) For utterance MVI318, best cost 23.1263 + 2578.72 = 2601.84 over 271 frames.
LOG (lattice-best-path[5.5.1137~1-51744]:main():lattice-best-path.cc:99) For utterance MVI319, best cost 22.8265 + 2117.97 = 2140.79 over 231 frames.
LOG (lattice-best-path[5.5.1137~1-51744]:main():lattice-best-path.cc:99) For utterance MVI320, best cost 21.4203 + 2026.2 = 2047.62 over 208 frames.
LOG (lattice-best-path[5.5.1137~1-51744]:main():lattice-best-path.cc:99) For utterance MVI321, best cost 70.1849 + 3664.54 = 3734.73 over 393 frames.
LOG (lattice-best-path[5.5.1137~1-51744]:main():lattice-best-path.cc:99) For utterance MVI322, best cost 39.3585 + 2582.27 = 2621.62 over 281 frames.
LOG (lattice-best-path[5.5.1137~1-51744]:main():lattice-best-path.cc:99) For utterance MVI323, best cost 46.745 + 3600.52 = 3647.26 over 386 frames.
LOG (lattice-best-path[5.5.1137~1-51744]:main():lattice-best-path.cc:99) For utterance MVI324, best cost 31.2103 + 3388.97 = 3420.18 over 364 frames.
LOG (lattice-best-path[5.5.1137~1-51744]:main():lattice-best-path.cc:99) For utterance MVI325, best cost 26.497 + 2741.85 = 2768.35 over 286 frames.
LOG (lattice-best-path[5.5.1137~1-51744]:main():lattice-best-path.cc:99) For utterance MVI326, best cost 70.9678 + 3638.44 = 3709.41 over 372 frames.
LOG (lattice-best-path[5.5.1137~1-51744]:main():lattice-best-path.cc:99) For utterance MVI327, best cost 27.5384 + 3039.54 = 3067.08 over 320 frames.
LOG (lattice-best-path[5.5.1137~1-51744]:main():lattice-best-path.cc:99) For utterance MVI328, best cost 27.7967 + 2796.6 = 2824.39 over 293 frames.
LOG (lattice-best-path[5.5.1137~1-51744]:main():lattice-best-path.cc:99) For utterance MVI329, best cost 49.3438 + 2219.26 = 2268.6 over 235 frames.
LOG (lattice-best-path[5.5.1137~1-51744]:main():lattice-best-path.cc:99) For utterance MVI330, best cost 43.6309 + 2781.34 = 2824.97 over 297 frames.
LOG (lattice-best-path[5.5.1137~1-51744]:main():lattice-best-path.cc:99) For utterance MVI331, best cost 22.3416 + 1924.82 = 1947.16 over 210 frames.
LOG (lattice-best-path[5.5.1137~1-51744]:main():lattice-best-path.cc:99) For utterance MVI332, best cost 24.4454 + 2325.38 = 2349.82 over 239 frames.
LOG (lattice-best-path[5.5.1137~1-51744]:main():lattice-best-path.cc:99) For utterance MVI333, best cost 24.5901 + 2410.32 = 2434.91 over 255 frames.
LOG (lattice-best-path[5.5.1137~1-51744]:main():lattice-best-path.cc:99) For utterance MVI334, best cost 26.145 + 2473.1 = 2499.24 over 269 frames.
LOG (lattice-best-path[5.5.1137~1-51744]:main():lattice-best-path.cc:99) For utterance MVI335, best cost 20.4219 + 1754.06 = 1774.48 over 188 frames.
LOG (lattice-best-path[5.5.1137~1-51744]:main():lattice-best-path.cc:99) For utterance MVI336, best cost 41.2079 + 1986.52 = 2027.72 over 213 frames.
LOG (lattice-best-path[5.5.1137~1-51744]:main():lattice-best-path.cc:99) For utterance MVI337, best cost 25.1303 + 2635.77 = 2660.9 over 281 frames.
LOG (lattice-best-path[5.5.1137~1-51744]:main():lattice-best-path.cc:99) For utterance MVI338, best cost 48.4214 + 2106.28 = 2154.71 over 222 frames.
LOG (lattice-best-path[5.5.1137~1-51744]:main():lattice-best-path.cc:99) For utterance MVI339, best cost 21.4229 + 2151.96 = 2173.38 over 226 frames.
LOG (lattice-best-path[5.5.1137~1-51744]:main():lattice-best-path.cc:99) For utterance MVI340, best cost 55.5442 + 3401.07 = 3456.62 over 359 frames.
LOG (lattice-best-path[5.5.1137~1-51744]:main():lattice-best-path.cc:99) For utterance MVI341, best cost 50.628 + 2145.36 = 2195.99 over 226 frames.
LOG (lattice-best-path[5.5.1137~1-51744]:main():lattice-best-path.cc:99) For utterance MVI342, best cost 22.3318 + 1981.61 = 2003.94 over 207 frames.
LOG (lattice-best-path[5.5.1137~1-51744]:main():lattice-best-path.cc:99) For utterance MVI343, best cost 44.1341 + 2794.28 = 2838.41 over 298 frames.
LOG (lattice-best-path[5.5.1137~1-51744]:main():lattice-best-path.cc:99) For utterance MVI344, best cost 17.2464 + 1500.11 = 1517.36 over 160 frames.
LOG (lattice-best-path[5.5.1137~1-51744]:main():lattice-best-path.cc:99) For utterance MVI345, best cost 52.568 + 2818.59 = 2871.15 over 305 frames.
LOG (lattice-best-path[5.5.1137~1-51744]:main():lattice-best-path.cc:99) For utterance MVI346, best cost 21.4333 + 1771.88 = 1793.32 over 185 frames.
LOG (lattice-best-path[5.5.1137~1-51744]:main():lattice-best-path.cc:99) For utterance MVI347, best cost 21.8493 + 2087.68 = 2109.53 over 210 frames.
LOG (lattice-best-path[5.5.1137~1-51744]:main():lattice-best-path.cc:99) For utterance MVI348, best cost 23.3676 + 2640.3 = 2663.67 over 270 frames.
LOG (lattice-best-path[5.5.1137~1-51744]:main():lattice-best-path.cc:99) For utterance MVI349, best cost 25.7957 + 2902.03 = 2927.83 over 292 frames.
LOG (lattice-best-path[5.5.1137~1-51744]:main():lattice-best-path.cc:99) For utterance MVI350, best cost 69.7508 + 3309.16 = 3378.91 over 347 frames.
LOG (lattice-best-path[5.5.1137~1-51744]:main():lattice-best-path.cc:99) For utterance MVI351, best cost 27.2301 + 2776.48 = 2803.71 over 286 frames.
LOG (lattice-best-path[5.5.1137~1-51744]:main():lattice-best-path.cc:99) For utterance MVI352, best cost 45.4175 + 2833.3 = 2878.72 over 299 frames.
LOG (lattice-best-path[5.5.1137~1-51744]:main():lattice-best-path.cc:99) For utterance MVI353, best cost 21.5669 + 2060.17 = 2081.74 over 214 frames.
LOG (lattice-best-path[5.5.1137~1-51744]:main():lattice-best-path.cc:99) For utterance MVI354, best cost 57.1937 + 3519.79 = 3576.99 over 372 frames.
LOG (lattice-best-path[5.5.1137~1-51744]:main():lattice-best-path.cc:99) For utterance MVI355, best cost 24.5923 + 2582.73 = 2607.32 over 273 frames.
LOG (lattice-best-path[5.5.1137~1-51744]:main():lattice-best-path.cc:99) For utterance MVI356, best cost 36.4143 + 1764.92 = 1801.33 over 187 frames.
LOG (lattice-best-path[5.5.1137~1-51744]:main():lattice-best-path.cc:99) For utterance MVI357, best cost 37.152 + 1813.91 = 1851.06 over 188 frames.
LOG (lattice-best-path[5.5.1137~1-51744]:main():lattice-best-path.cc:99) For utterance MVI358, best cost 24.1488 + 2818.42 = 2842.57 over 294 frames.
LOG (lattice-best-path[5.5.1137~1-51744]:main():lattice-best-path.cc:99) For utterance MVI359, best cost 28.0857 + 3013.83 = 3041.92 over 316 frames.
LOG (lattice-best-path[5.5.1137~1-51744]:main():lattice-best-path.cc:99) For utterance MVI360, best cost 22.8436 + 2113.8 = 2136.65 over 227 frames.
LOG (lattice-best-path[5.5.1137~1-51744]:main():lattice-best-path.cc:99) For utterance MVI361, best cost 16.5847 + 1343.41 = 1360 over 152 frames.
LOG (lattice-depth-per-frame[5.5.1137~1-51744]:main():lattice-depth-per-frame.cc:82) Done 146 lattices.
LOG (lattice-best-path[5.5.1137~1-51744]:main():lattice-best-path.cc:99) For utterance MVI362, best cost 62.7619 + 3198.25 = 3261.01 over 339 frames.
LOG (lattice-best-path[5.5.1137~1-51744]:main():lattice-best-path.cc:99) For utterance MVI363, best cost 64.5036 + 2620.61 = 2685.12 over 275 frames.
LOG (lattice-best-path[5.5.1137~1-51744]:main():lattice-best-path.cc:99) For utterance MVI364, best cost 37.3622 + 2305.03 = 2342.39 over 243 frames.
LOG (lattice-best-path[5.5.1137~1-51744]:main():lattice-best-path.cc:99) For utterance MVI365, best cost 28.6009 + 3083.51 = 3112.11 over 328 frames.
LOG (lattice-best-path[5.5.1137~1-51744]:main():lattice-best-path.cc:124) Overall cost per frame is 9.53666 = 0.117963 [graph] + 9.41869 [acoustic] over 42510 frames.
LOG (lattice-best-path[5.5.1137~1-51744]:main():lattice-best-path.cc:128) Done 146 lattices, failed for 0
# Accounting: time=0 threads=1
# Ended (code 0) at Wed Aug 28 02:27:28 IST 2024, elapsed time 0 seconds
