# lattice-scale --inv-acoustic-scale=8 "ark:gunzip -c exp_FG/tri_8_2000/decode/lat.*.gz|" ark:- | lattice-add-penalty --word-ins-penalty=0.0 ark:- ark:- | lattice-best-path --word-symbol-table=exp_FG/tri_8_2000/graph/words.txt ark:- ark,t:exp_FG/tri_8_2000/decode/scoring/8.tra 
# Started at Mon Jul  8 11:11:48 IST 2024
#
lattice-add-penalty --word-ins-penalty=0.0 ark:- ark:- 
lattice-best-path --word-symbol-table=exp_FG/tri_8_2000/graph/words.txt ark:- ark,t:exp_FG/tri_8_2000/decode/scoring/8.tra 
lattice-scale --inv-acoustic-scale=8 'ark:gunzip -c exp_FG/tri_8_2000/decode/lat.*.gz|' ark:- 
LOG (lattice-best-path[5.5.1139~1-67548]:main():lattice-best-path.cc:99) For utterance FSI293, best cost 25.5329 + 3674.17 = 3699.7 over 317 frames.
FSI293 guruwai sisxyan wanxangginaan 
LOG (lattice-best-path[5.5.1139~1-67548]:main():lattice-best-path.cc:99) For utterance FSI294, best cost 43.4126 + 2765.43 = 2808.85 over 240 frames.
FSI294 sey jadxai eerxpaadxeu sey 
LOG (lattice-best-path[5.5.1139~1-67548]:main():lattice-best-path.cc:99) For utterance FSI295, best cost 33.9266 + 3242.48 = 3276.4 over 301 frames.
FSI295 sidambaram uyaramaanadeu 
LOG (lattice-best-path[5.5.1139~1-67548]:main():lattice-best-path.cc:99) For utterance FSI296, best cost 61.5989 + 4174.59 = 4236.19 over 359 frames.
FSI296 pirxareukkeu suzhi sirxuwan seetxtxai tii waa 
LOG (lattice-best-path[5.5.1139~1-67548]:main():lattice-best-path.cc:99) For utterance FSI297, best cost 26.3728 + 3626.85 = 3653.22 over 314 frames.
FSI297 suutxcamam arxinddeu seyalpadxeu 
LOG (lattice-best-path[5.5.1139~1-67548]:main():lattice-best-path.cc:99) For utterance FSI298, best cost 43.9771 + 3581.72 = 3625.7 over 307 frames.
FSI298 asuran kuyil taagam 
LOG (lattice-best-path[5.5.1139~1-67548]:main():lattice-best-path.cc:99) For utterance FSI299, best cost 42.1473 + 3495.71 = 3537.85 over 320 frames.
FSI299 kaalxi suwai eenddinaan 
LOG (lattice-best-path[5.5.1139~1-67548]:main():lattice-best-path.cc:99) For utterance FSI300, best cost 31.0951 + 5579.81 = 5610.9 over 478 frames.
FSI300 sutxrxeu suuzhal sugaadaaram pinpatxrxeu 
LOG (lattice-best-path[5.5.1139~1-67548]:main():lattice-best-path.cc:99) For utterance FSI301, best cost 30.6231 + 4701.09 = 4731.71 over 411 frames.
FSI301 seewalin kuuwalil pozhudeu widxiyum 
LOG (lattice-best-path[5.5.1139~1-67548]:main():lattice-best-path.cc:99) For utterance FSI302, best cost 69.1267 + 4816.6 = 4885.73 over 424 frames.
FSI302 enakkeu paanam uurwadeu kuurnddeu ireu 
LOG (lattice-best-path[5.5.1139~1-67548]:main():lattice-best-path.cc:99) For utterance FSI303, best cost 49.3279 + 4132.7 = 4182.03 over 362 frames.
FSI303 ndaay eepral widxumurxai kadxai adxaippeu 
LOG (lattice-best-path[5.5.1139~1-67548]:main():lattice-best-path.cc:99) For utterance FSI304, best cost 59.0905 + 4079.59 = 4138.68 over 356 frames.
FSI304 tanggam udawum ireu gawanam selutteu 
LOG (lattice-best-path[5.5.1139~1-67548]:main():lattice-best-path.cc:99) For utterance FSI305, best cost 80.7224 + 5445.85 = 5526.57 over 475 frames.
FSI305 sakkaram waanam ndadxitteuk kaatxtxa maadam pirxarai 
LOG (lattice-best-path[5.5.1139~1-67548]:main():lattice-best-path.cc:99) For utterance FSI306, best cost 59.2653 + 4822.75 = 4882.02 over 427 frames.
FSI306 seyal muutxtxi tinbadeu ndadxanddadeu 
LOG (lattice-best-path[5.5.1139~1-67548]:main():lattice-best-path.cc:99) For utterance FSI307, best cost 37.5566 + 3672.97 = 3710.52 over 327 frames.
FSI307 kuuzh seyaleukkeut tiirweu kaanxeu 
LOG (lattice-best-path[5.5.1139~1-67548]:main():lattice-best-path.cc:99) For utterance FSI308, best cost 53.8659 + 3714.68 = 3768.55 over 340 frames.
FSI308 yaadum sirxeu waanam perxeu 
LOG (lattice-best-path[5.5.1139~1-67548]:main():lattice-best-path.cc:99) For utterance FSI309, best cost 37.6267 + 3547.76 = 3585.39 over 317 frames.
FSI309 wizhunddeu pal puunxdxeu ndalladeu 
LOG (lattice-best-path[5.5.1139~1-67548]:main():lattice-best-path.cc:99) For utterance FSI310, best cost 46.3607 + 3818.17 = 3864.53 over 326 frames.
FSI310 tusxtxan sotteu seyal seywaan 
LOG (lattice-best-path[5.5.1139~1-67548]:main():lattice-best-path.cc:99) For utterance FSI311, best cost 91.5873 + 7202.7 = 7294.28 over 624 frames.
FSI311 pooraay tuudeu anuppa oppudal sirxuwar karam perxeu 
LOG (lattice-best-path[5.5.1139~1-67548]:main():lattice-best-path.cc:99) For utterance FSI312, best cost 69.8968 + 4780.83 = 4850.73 over 414 frames.
FSI312 ndaadxeu tuulx matxtxam gunxam irunddadeu 
LOG (lattice-best-path[5.5.1139~1-67548]:main():lattice-best-path.cc:99) For utterance FSI313, best cost 26.2815 + 4052.3 = 4078.58 over 355 frames.
FSI313 kutxtxaiyil tanxnxiir teenggiyadeu 
LOG (lattice-best-path[5.5.1139~1-67548]:main():lattice-best-path.cc:99) For utterance FSI314, best cost 61.6236 + 3287.96 = 3349.58 over 270 frames.
FSI314 suuriyan pirxar pugazhin toonrxuga alla 
LOG (lattice-best-path[5.5.1139~1-67548]:main():lattice-best-path.cc:99) For utterance FSI315, best cost 24.8717 + 3598.09 = 3622.96 over 313 frames.
FSI315 toosxattirxkeu parigaaram sey 
LOG (lattice-best-path[5.5.1139~1-67548]:main():lattice-best-path.cc:99) For utterance FSI316, best cost 83.3759 + 4766.87 = 4850.24 over 410 frames.
FSI316 anaittum pozhudeu usxnxam ezheu palli koobam 
LOG (lattice-best-path[5.5.1139~1-67548]:main():lattice-best-path.cc:99) For utterance FSI317, best cost 46.6789 + 4647.26 = 4693.93 over 426 frames.
FSI317 paanam penx ndanjjeu kodxiyadeu 
LOG (lattice-best-path[5.5.1139~1-67548]:main():lattice-best-path.cc:99) For utterance FSI318, best cost 22.8532 + 3391.22 = 3414.07 over 310 frames.
FSI318 inrxeu mazhai ndiidxikkum 
LOG (lattice-best-path[5.5.1139~1-67548]:main():lattice-best-path.cc:99) For utterance FSI319, best cost 27.2015 + 4560.6 = 4587.8 over 414 frames.
FSI319 saalaiyil ndiir ndirambiyadeu 
LOG (lattice-best-path[5.5.1139~1-67548]:main():lattice-best-path.cc:99) For utterance FSI320, best cost 24.8636 + 3861.05 = 3885.91 over 351 frames.
FSI320 banggalxaadeesx oreu ndaadxeu 
LOG (lattice-best-path[5.5.1139~1-67548]:main():lattice-best-path.cc:99) For utterance FSI321, best cost 50.5204 + 4055.38 = 4105.9 over 353 frames.
FSI321 yaawarum kulxir ndoonjjaanaaga ireukkaan 
LOG (lattice-best-path[5.5.1139~1-67548]:main():lattice-best-path.cc:99) For utterance FSI322, best cost 25.5367 + 4295.34 = 4320.88 over 380 frames.
FSI322 deesiya panggeu uyarnddadeu 
LOG (lattice-best-path[5.5.1139~1-67548]:main():lattice-best-path.cc:99) For utterance FSI323, best cost 33.0214 + 5386.71 = 5419.74 over 461 frames.
FSI323 ndaatxtxil tanxnxiir panjjam ndilawiyadeu 
LOG (lattice-best-path[5.5.1139~1-67548]:main():lattice-best-path.cc:99) For utterance FSI324, best cost 30.6937 + 4902.38 = 4933.07 over 435 frames.
FSI324 panjjaayatteu wazhakkeu mudxiweukkeu wanddadeu 
LOG (lattice-best-path[5.5.1139~1-67548]:main():lattice-best-path.cc:99) For utterance FSI325, best cost 37.1775 + 4204.72 = 4241.9 over 361 frames.
FSI325 panjjeu nderuppil kodxiyadeu 
LOG (lattice-best-path[5.5.1139~1-67548]:main():lattice-best-path.cc:99) For utterance FSI326, best cost 43.2526 + 5188.44 = 5231.69 over 443 frames.
FSI326 paagam kurxi makkalx panxbeu sirxappeu 
LOG (lattice-best-path[5.5.1139~1-67548]:main():lattice-best-path.cc:99) For utterance FSI327, best cost 61.8221 + 4893.91 = 4955.74 over 452 frames.
FSI327 saalaiyil padxippadeu kuuwum ooram 
LOG (lattice-best-path[5.5.1139~1-67548]:main():lattice-best-path.cc:99) For utterance FSI328, best cost 29.0873 + 4349.03 = 4378.12 over 380 frames.
FSI328 indda raajaa endda baasxai peesinaar 
LOG (lattice-best-path[5.5.1139~1-67548]:main():lattice-best-path.cc:99) For utterance FSI329, best cost 24.3849 + 4343.6 = 4367.99 over 384 frames.
FSI329 en purusxan balasaali 
LOG (lattice-best-path[5.5.1139~1-67548]:main():lattice-best-path.cc:99) For utterance FSI330, best cost 47.4134 + 4204.3 = 4251.72 over 380 frames.
FSI330 puurwa weesxam uuril puugambam 
LOG (lattice-best-path[5.5.1139~1-67548]:main():lattice-best-path.cc:99) For utterance FSI331, best cost 21.8069 + 2646.03 = 2667.84 over 230 frames.
FSI331 puurwa jenma banddam 
LOG (lattice-best-path[5.5.1139~1-67548]:main():lattice-best-path.cc:99) For utterance FSI332, best cost 25.4734 + 3562.74 = 3588.21 over 309 frames.
FSI332 inrxeu puujaiyil kalanddeu kolx 
LOG (lattice-best-path[5.5.1139~1-67548]:main():lattice-best-path.cc:99) For utterance FSI333, best cost 25.9112 + 3674.62 = 3700.53 over 313 frames.
FSI333 pon porulx paartteu pazhagaadee 
LOG (lattice-best-path[5.5.1139~1-67548]:main():lattice-best-path.cc:99) For utterance FSI334, best cost 26.4053 + 3830.38 = 3856.79 over 357 frames.
FSI334 un mugam poliwaaga ulxlxadeu 
LOG (lattice-best-path[5.5.1139~1-67548]:main():lattice-best-path.cc:99) For utterance FSI335, best cost 22.0525 + 3152.88 = 3174.93 over 290 frames.
FSI335 petxtxiyai kiizhee poodxeu 
LOG (lattice-best-path[5.5.1139~1-67548]:main():lattice-best-path.cc:99) For utterance FSI336, best cost 48.2133 + 3698.41 = 3746.62 over 315 frames.
FSI336 pooliyaana waazhkkai kal miideu 
LOG (lattice-best-path[5.5.1139~1-67548]:main():lattice-best-path.cc:99) For utterance FSI337, best cost 48.5254 + 4702.1 = 4750.62 over 414 frames.
FSI337 taay ireu poosxaakkaana unxaweu 
LOG (lattice-best-path[5.5.1139~1-67548]:main():lattice-best-path.cc:99) For utterance FSI338, best cost 56.4366 + 3488.92 = 3545.36 over 307 frames.
FSI338 widiyai rambam paccai waliyadeu 
LOG (lattice-best-path[5.5.1139~1-67548]:main():lattice-best-path.cc:99) For utterance FSI339, best cost 21.8441 + 3257.28 = 3279.13 over 294 frames.
FSI339 etxtxeukkaali oreu puucci 
LOG (lattice-best-path[5.5.1139~1-67548]:main():lattice-best-path.cc:99) For utterance FSI340, best cost 74.893 + 5000.3 = 5075.19 over 450 frames.
FSI340 ndaatxtxeu maadattil maadam widiyai injji 
LOG (lattice-best-path[5.5.1139~1-67548]:main():lattice-best-path.cc:99) For utterance FSI341, best cost 37.9753 + 3932.46 = 3970.43 over 354 frames.
FSI341 peyar kanxnxeukkeu ndalladeu 
LOG (lattice-best-path[5.5.1139~1-67548]:main():lattice-best-path.cc:99) For utterance FSI342, best cost 23.037 + 3663.44 = 3686.48 over 330 frames.
FSI342 muulxai illaadawan mutxtxaalx 
LOG (lattice-best-path[5.5.1139~1-67548]:main():lattice-best-path.cc:99) For utterance FSI343, best cost 29.5353 + 4392.8 = 4422.34 over 385 frames.
FSI343 tozhilil muuladanam poodxa weenxdxum 
LOG (lattice-best-path[5.5.1139~1-67548]:main():lattice-best-path.cc:99) For utterance FSI344, best cost 54.9563 + 3282.26 = 3337.22 over 292 frames.
FSI344 eetxtxeu enggalx wiidxeu inggeu 
LOG (lattice-best-path[5.5.1139~1-67548]:main():lattice-best-path.cc:99) For utterance FSI345, best cost 25.9317 + 3509.58 = 3535.51 over 301 frames.
FSI345 indda maiyanggalx enggeu ulxlxadeu 
LOG (lattice-best-path[5.5.1139~1-67548]:main():lattice-best-path.cc:99) For utterance FSI346, best cost 23.7332 + 3555.22 = 3578.95 over 313 frames.
FSI346 makkalx raajjiyam weenxdxum 
LOG (lattice-best-path[5.5.1139~1-67548]:main():lattice-best-path.cc:99) For utterance FSI347, best cost 26.5629 + 4317.51 = 4344.07 over 367 frames.
FSI347 risxikkeu roosxam adigam 
LOG (lattice-best-path[5.5.1139~1-67548]:main():lattice-best-path.cc:99) For utterance FSI348, best cost 57.391 + 3237.46 = 3294.85 over 290 frames.
FSI348 ndacceup teriyum taazha koobam 
LOG (lattice-best-path[5.5.1139~1-67548]:main():lattice-best-path.cc:99) For utterance FSI349, best cost 23.1871 + 3305.67 = 3328.86 over 290 frames.
FSI349 tuukkam udxaleukkeu ndalladeu 
LOG (lattice-best-path[5.5.1139~1-67548]:main():lattice-best-path.cc:99) For utterance FSI350, best cost 58.2775 + 5539.75 = 5598.03 over 489 frames.
FSI350 igazhcci miideu koobam laksxanxam ulxlxa penx 
LOG (lattice-best-path[5.5.1139~1-67548]:main():lattice-best-path.cc:99) For utterance FSI351, best cost 29.0843 + 5363.21 = 5392.3 over 477 frames.
FSI351 widxaa muyarxci walxarcci tarum 
LOG (lattice-best-path[5.5.1139~1-67548]:main():lattice-best-path.cc:99) For utterance FSI352, best cost 24.201 + 4129.36 = 4153.56 over 375 frames.
FSI352 wiitxtxil wiseesxam unxdxeu 
LOG (lattice-best-path[5.5.1139~1-67548]:main():lattice-best-path.cc:99) For utterance FSI353, best cost 46.1364 + 2835.09 = 2881.22 over 243 frames.
FSI353 manjjalx teeytteuk uurwadeu 
LOG (lattice-best-path[5.5.1139~1-67548]:main():lattice-best-path.cc:99) For utterance FSI354, best cost 46.5561 + 5594.46 = 5641.01 over 481 frames.
FSI354 jalam wiidi wazhiyaaga sellum peerunddeu 
LOG (lattice-best-path[5.5.1139~1-67548]:main():lattice-best-path.cc:99) For utterance FSI355, best cost 44.1288 + 3455.62 = 3499.75 over 300 frames.
FSI355 seewalin ilawasam poodxeu 
LOG (lattice-best-path[5.5.1139~1-67548]:main():lattice-best-path.cc:99) For utterance FSI356, best cost 22.7627 + 2872.73 = 2895.49 over 249 frames.
FSI356 janawari mudal maadam 
LOG (lattice-best-path[5.5.1139~1-67548]:main():lattice-best-path.cc:99) For utterance FSI357, best cost 21.7006 + 2713.94 = 2735.64 over 253 frames.
FSI357 janamee ndam balam 
LOG (lattice-best-path[5.5.1139~1-67548]:main():lattice-best-path.cc:99) For utterance FSI358, best cost 22.0955 + 3323.7 = 3345.79 over 278 frames.
FSI358 jaadi illaiyadxi paappaa 
LOG (lattice-best-path[5.5.1139~1-67548]:main():lattice-best-path.cc:99) For utterance FSI359, best cost 25.8789 + 3588.26 = 3614.14 over 307 frames.
FSI359 waay jaalam kaatxtxum manidan 
LOG (lattice-best-path[5.5.1139~1-67548]:main():lattice-best-path.cc:99) For utterance FSI360, best cost 45.9526 + 3289.09 = 3335.05 over 292 frames.
FSI360 jaalraa padxar eetxrxam 
LOG (lattice-best-path[5.5.1139~1-67548]:main():lattice-best-path.cc:99) For utterance FSI361, best cost 20.8461 + 3037.62 = 3058.46 over 267 frames.
FSI361 ajiiranxak koolxaarxeu 
LOG (lattice-best-path[5.5.1139~1-67548]:main():lattice-best-path.cc:99) For utterance FSI362, best cost 71.9249 + 4428.96 = 4500.89 over 394 frames.
FSI362 matxtxam waay eenddeu tanxnxiir injji 
LOG (lattice-best-path[5.5.1139~1-67548]:main():lattice-best-path.cc:99) For utterance FSI363, best cost 56.4283 + 4228.54 = 4284.97 over 369 frames.
FSI363 indda sidambaram aadxaiyil enggalx 
LOG (lattice-best-path[5.5.1139~1-67548]:main():lattice-best-path.cc:99) For utterance FSI364, best cost 39.6454 + 3715.36 = 3755.01 over 327 frames.
FSI364 togudi hetx sanddippeu ndam 
LOG (lattice-best-path[5.5.1139~1-67548]:main():lattice-best-path.cc:99) For utterance FSI365, best cost 51.3733 + 4893.2 = 4944.57 over 452 frames.
FSI365 wilai awan walxarcci ndaatxtxeu walxarcci 
LOG (lattice-best-path[5.5.1139~1-67548]:main():lattice-best-path.cc:99) For utterance FVP293, best cost 24.9506 + 4146.32 = 4171.27 over 360 frames.
FVP293 guruwai sisxyan wanxangginaan 
LOG (lattice-best-path[5.5.1139~1-67548]:main():lattice-best-path.cc:99) For utterance FVP294, best cost 23.6075 + 3609.3 = 3632.91 over 310 frames.
FVP294 siikkiram eerxpaadxeu sey 
LOG (lattice-best-path[5.5.1139~1-67548]:main():lattice-best-path.cc:99) For utterance FVP295, best cost 22.918 + 3757.68 = 3780.6 over 330 frames.
FVP295 siirxum paambai ndambaadee 
LOG (lattice-best-path[5.5.1139~1-67548]:main():lattice-best-path.cc:99) For utterance FVP296, best cost 55.764 + 6343.28 = 6399.05 over 544 frames.
FVP296 eelakkaay biins suzhi sirxuwan seetxtxai seywaan 
LOG (lattice-best-path[5.5.1139~1-67548]:main():lattice-best-path.cc:99) For utterance FVP297, best cost 27.3502 + 5267.72 = 5295.07 over 465 frames.
FVP297 suutxcamam arxinddeu seyalpadxeu 
LOG (lattice-best-path[5.5.1139~1-67548]:main():lattice-best-path.cc:99) For utterance FVP298, best cost 24.3272 + 3847.21 = 3871.54 over 327 frames.
FVP298 asuran tawam irunddaan 
LOG (lattice-best-path[5.5.1139~1-67548]:main():lattice-best-path.cc:99) For utterance FVP299, best cost 22.2369 + 3668.54 = 3690.78 over 320 frames.
FVP299 kaalxi suulam eenddinaan 
LOG (lattice-best-path[5.5.1139~1-67548]:main():lattice-best-path.cc:99) For utterance FVP300, best cost 31.1994 + 5546.95 = 5578.15 over 458 frames.
FVP300 sutxrxeu suuzhal sugaadaaram pinpatxrxeu 
LOG (lattice-best-path[5.5.1139~1-67548]:main():lattice-best-path.cc:99) For utterance FVP301, best cost 31.4383 + 5266.35 = 5297.79 over 464 frames.
FVP301 seewalin kuuwalil pozhudeu widxiyum 
LOG (lattice-best-path[5.5.1139~1-67548]:main():lattice-best-path.cc:99) For utterance FVP302, best cost 61.5688 + 4706.64 = 4768.21 over 396 frames.
FVP302 enakkeu ndaappazhakkam maadattil irunddadeu 
LOG (lattice-best-path[5.5.1139~1-67548]:main():lattice-best-path.cc:99) For utterance FVP303, best cost 49.961 + 4459.72 = 4509.68 over 383 frames.
FVP303 ndaay ireu widxumurxai kadxai adxaippeu 
LOG (lattice-best-path[5.5.1139~1-67548]:main():lattice-best-path.cc:99) For utterance FVP304, best cost 52.6777 + 5429.69 = 5482.37 over 476 frames.
FVP304 tanggalx udxaimai idxeu gawanam selutteu 
LOG (lattice-best-path[5.5.1139~1-67548]:main():lattice-best-path.cc:99) For utterance FVP305, best cost 82.338 + 7036.16 = 7118.5 over 617 frames.
FVP305 kasxtxam waa ammaa muga ndadxitteuk kaatxtxa njaanam teewai 
LOG (lattice-best-path[5.5.1139~1-67548]:main():lattice-best-path.cc:99) For utterance FVP306, best cost 67.2044 + 5816.17 = 5883.38 over 508 frames.
FVP306 tii muutxtxi kiizhee kuurnddeu petxtxiyai ndadxanddadeu 
LOG (lattice-best-path[5.5.1139~1-67548]:main():lattice-best-path.cc:99) For utterance FVP307, best cost 25.4388 + 3774.93 = 3800.36 over 329 frames.
FVP307 un seyaleukkeut tiirweu kaanxeu 
LOG (lattice-best-path[5.5.1139~1-67548]:main():lattice-best-path.cc:99) For utterance FVP308, best cost 22.9858 + 3939.76 = 3962.74 over 352 frames.
FVP308 malar tuuwi waazhtteu 
LOG (lattice-best-path[5.5.1139~1-67548]:main():lattice-best-path.cc:99) For utterance FVP309, best cost 27.1556 + 4633.7 = 4660.85 over 407 frames.
FVP309 iranxdxeu pal puunxdxeu ndalladeu 
LOG (lattice-best-path[5.5.1139~1-67548]:main():lattice-best-path.cc:99) For utterance FVP310, best cost 52.8407 + 4900.82 = 4953.66 over 409 frames.
FVP310 biins seyal tusxtxa seyal seywaan 
LOG (lattice-best-path[5.5.1139~1-67548]:main():lattice-best-path.cc:99) For utterance FVP311, best cost 59.2439 + 6705.1 = 6764.35 over 568 frames.
FVP311 pooraay sutxrxeu anuppa tolai duuram parxanddadeu 
LOG (lattice-best-path[5.5.1139~1-67548]:main():lattice-best-path.cc:99) For utterance FVP312, best cost 36.4788 + 6109.06 = 6145.54 over 528 frames.
FVP312 manjjalx tuulx maruttuwa gunxam ndirxainddadeu 
LOG (lattice-best-path[5.5.1139~1-67548]:main():lattice-best-path.cc:99) For utterance FVP313, best cost 24.6379 + 3696.79 = 3721.43 over 326 frames.
FVP313 kutxtxaiyil tanxnxiir teenggiyadeu 
LOG (lattice-best-path[5.5.1139~1-67548]:main():lattice-best-path.cc:99) For utterance FVP314, best cost 25.9157 + 4278.83 = 4304.74 over 372 frames.
FVP314 toonrxiya pugazhin toonrxuga 
LOG (lattice-best-path[5.5.1139~1-67548]:main():lattice-best-path.cc:99) For utterance FVP315, best cost 24.6906 + 3749.92 = 3774.61 over 318 frames.
FVP315 toosxattirxkeu parigaaram sey 
LOG (lattice-best-path[5.5.1139~1-67548]:main():lattice-best-path.cc:99) For utterance FVP316, best cost 69.6933 + 4590.91 = 4660.6 over 377 frames.
FVP316 ndacceup uuree koosxam uzhai baadikkum 
LOG (lattice-best-path[5.5.1139~1-67548]:main():lattice-best-path.cc:99) For utterance FVP317, best cost 23.2218 + 3467.49 = 3490.71 over 304 frames.
FVP317 paambin ndanjjeu kodxiyadeu 
LOG (lattice-best-path[5.5.1139~1-67548]:main():lattice-best-path.cc:99) For utterance FVP318, best cost 20.6341 + 2811.33 = 2831.97 over 241 frames.
FVP318 inrxeu mazhai ndiidxikkum 
LOG (lattice-best-path[5.5.1139~1-67548]:main():lattice-best-path.cc:99) For utterance FVP319, best cost 25.8486 + 3706.53 = 3732.38 over 323 frames.
FVP319 saalaiyil ndiir ndirambiyadeu 
LOG (lattice-best-path[5.5.1139~1-67548]:main():lattice-best-path.cc:99) For utterance FVP320, best cost 43.7774 + 3497.25 = 3541.02 over 309 frames.
FVP320 banggalxaadeesx sutxrxeu ndaadxeu 
LOG (lattice-best-path[5.5.1139~1-67548]:main():lattice-best-path.cc:99) For utterance FVP321, best cost 30.31 + 5462.6 = 5492.91 over 467 frames.
FVP321 een ippadxi ndoonjjaanaaga ireukkaan 
LOG (lattice-best-path[5.5.1139~1-67548]:main():lattice-best-path.cc:99) For utterance FVP322, best cost 44.9707 + 3314.05 = 3359.02 over 279 frames.
FVP322 biins iiyam panggeu uyarnddadeu 
LOG (lattice-best-path[5.5.1139~1-67548]:main():lattice-best-path.cc:99) For utterance FVP323, best cost 31.3929 + 5732.96 = 5764.36 over 494 frames.
FVP323 ndaatxtxil tanxnxiir panjjam ndilawiyadeu 
LOG (lattice-best-path[5.5.1139~1-67548]:main():lattice-best-path.cc:99) For utterance FVP324, best cost 30.3245 + 4497.98 = 4528.3 over 387 frames.
FVP324 panjjaayatteu wazhakkeu mudxiweukkeu wanddadeu 
LOG (lattice-best-path[5.5.1139~1-67548]:main():lattice-best-path.cc:99) For utterance FVP325, best cost 48.272 + 4323.57 = 4371.85 over 374 frames.
FVP325 panjjeu nderuppil kuurnddeu idxeu 
LOG (lattice-best-path[5.5.1139~1-67548]:main():lattice-best-path.cc:99) For utterance FVP326, best cost 91.2857 + 5011.12 = 5102.4 over 438 frames.
FVP326 pazham kuudxi maarc kal kanrxeu sirxeu perxeu 
LOG (lattice-best-path[5.5.1139~1-67548]:main():lattice-best-path.cc:99) For utterance FVP327, best cost 30.0085 + 4926.53 = 4956.54 over 412 frames.
FVP327 kaalai bajanai migawum pirabalam 
LOG (lattice-best-path[5.5.1139~1-67548]:main():lattice-best-path.cc:99) For utterance FVP328, best cost 72.9697 + 4387.91 = 4460.88 over 373 frames.
FVP328 indda raajaa endda paar sey pidxi ndam 
LOG (lattice-best-path[5.5.1139~1-67548]:main():lattice-best-path.cc:99) For utterance FVP329, best cost 23.6084 + 3731.37 = 3754.98 over 317 frames.
FVP329 en purusxan balasaali 
LOG (lattice-best-path[5.5.1139~1-67548]:main():lattice-best-path.cc:99) For utterance FVP330, best cost 48.7511 + 4630.47 = 4679.23 over 400 frames.
FVP330 muulxai seyal uuril puugambam 
LOG (lattice-best-path[5.5.1139~1-67548]:main():lattice-best-path.cc:99) For utterance FVP331, best cost 55.7081 + 3431.76 = 3487.46 over 287 frames.
FVP331 pooraay anjjal manx banddam 
LOG (lattice-best-path[5.5.1139~1-67548]:main():lattice-best-path.cc:99) For utterance FVP332, best cost 24.8777 + 3805.77 = 3830.64 over 324 frames.
FVP332 inrxeu puujaiyil kalanddeu kolx 
LOG (lattice-best-path[5.5.1139~1-67548]:main():lattice-best-path.cc:99) For utterance FVP333, best cost 25.204 + 3681.83 = 3707.03 over 315 frames.
FVP333 pon porulx paartteu pazhagaadee 
LOG (lattice-best-path[5.5.1139~1-67548]:main():lattice-best-path.cc:99) For utterance FVP334, best cost 26.846 + 3819.22 = 3846.07 over 327 frames.
FVP334 un mugam poliwaaga ulxlxadeu 
LOG (lattice-best-path[5.5.1139~1-67548]:main():lattice-best-path.cc:99) For utterance FVP335, best cost 23.0074 + 3889.02 = 3912.03 over 342 frames.
FVP335 petxtxiyai kiizhee poodxeu 
LOG (lattice-best-path[5.5.1139~1-67548]:main():lattice-best-path.cc:99) For utterance FVP336, best cost 21.7242 + 2922.94 = 2944.67 over 252 frames.
FVP336 pooliyaana waazhkkai tawir 
LOG (lattice-best-path[5.5.1139~1-67548]:main():lattice-best-path.cc:99) For utterance FVP337, best cost 36.7847 + 4335.22 = 4372 over 368 frames.
FVP337 ndaatxtxil poosxaakkaana unxaweu 
LOG (lattice-best-path[5.5.1139~1-67548]:main():lattice-best-path.cc:99) For utterance FVP338, best cost 26.5455 + 4165.54 = 4192.08 over 353 frames.
FVP338 elumbeu majjai waliyadeu 
LOG (lattice-best-path[5.5.1139~1-67548]:main():lattice-best-path.cc:99) For utterance FVP339, best cost 21.8678 + 3603.35 = 3625.22 over 319 frames.
FVP339 etxtxeukkaali oreu puucci 
LOG (lattice-best-path[5.5.1139~1-67548]:main():lattice-best-path.cc:99) For utterance FVP340, best cost 91.0881 + 5028 = 5119.09 over 427 frames.
FVP340 waasanai maadattil ammaa biins en tii ireu 
LOG (lattice-best-path[5.5.1139~1-67548]:main():lattice-best-path.cc:99) For utterance FVP341, best cost 22.8956 + 2972.71 = 2995.61 over 261 frames.
FVP341 miin kanxnxeukkeu ndalladeu 
LOG (lattice-best-path[5.5.1139~1-67548]:main():lattice-best-path.cc:99) For utterance FVP342, best cost 23.2422 + 3437.11 = 3460.35 over 296 frames.
FVP342 muulxai illaadawan mutxtxaalx 
LOG (lattice-best-path[5.5.1139~1-67548]:main():lattice-best-path.cc:99) For utterance FVP343, best cost 29.8541 + 4290.66 = 4320.51 over 367 frames.
FVP343 tozhilil muuladanam poodxa weenxdxum 
LOG (lattice-best-path[5.5.1139~1-67548]:main():lattice-best-path.cc:99) For utterance FVP344, best cost 54.2047 + 3505.19 = 3559.4 over 303 frames.
FVP344 widiyai muulaiyil eezhai ndil 
LOG (lattice-best-path[5.5.1139~1-67548]:main():lattice-best-path.cc:99) For utterance FVP345, best cost 27.2535 + 3875.7 = 3902.95 over 328 frames.
FVP345 indda maiyanggalx enggeu ulxlxadeu 
LOG (lattice-best-path[5.5.1139~1-67548]:main():lattice-best-path.cc:99) For utterance FVP346, best cost 22.18 + 2698.86 = 2721.04 over 224 frames.
FVP346 makkalx raajjiyam weenxdxum 
LOG (lattice-best-path[5.5.1139~1-67548]:main():lattice-best-path.cc:99) For utterance FVP347, best cost 24.2018 + 3596.83 = 3621.03 over 305 frames.
FVP347 risxikkeu roosxam adigam 
LOG (lattice-best-path[5.5.1139~1-67548]:main():lattice-best-path.cc:99) For utterance FVP348, best cost 42.4874 + 2912.16 = 2954.65 over 248 frames.
FVP348 igazhcci ndalla isxtxam 
LOG (lattice-best-path[5.5.1139~1-67548]:main():lattice-best-path.cc:99) For utterance FVP349, best cost 35.3714 + 3649.01 = 3684.38 over 325 frames.
FVP349 uukkam udxaleukkeu ndalladeu 
LOG (lattice-best-path[5.5.1139~1-67548]:main():lattice-best-path.cc:99) For utterance FVP350, best cost 55.0365 + 5197.9 = 5252.94 over 451 frames.
FVP350 laksxmi iiyam muga laksxanxam ulxlxa penx 
LOG (lattice-best-path[5.5.1139~1-67548]:main():lattice-best-path.cc:99) For utterance FVP351, best cost 28.0056 + 4302.13 = 4330.14 over 364 frames.
FVP351 widxaa muyarxci walxarcci tarum 
LOG (lattice-best-path[5.5.1139~1-67548]:main():lattice-best-path.cc:99) For utterance FVP352, best cost 24.0445 + 3509.64 = 3533.68 over 310 frames.
FVP352 wiitxtxil wiseesxam unxdxeu 
LOG (lattice-best-path[5.5.1139~1-67548]:main():lattice-best-path.cc:99) For utterance FVP353, best cost 23.3682 + 4388.63 = 4412 over 394 frames.
FVP353 wandda wisxayattaik kuurxeu 
LOG (lattice-best-path[5.5.1139~1-67548]:main():lattice-best-path.cc:99) For utterance FVP354, best cost 52.6632 + 4858.6 = 4911.26 over 429 frames.
FVP354 en wiidi tii wazhiyaaga sellum peerunddeu 
LOG (lattice-best-path[5.5.1139~1-67548]:main():lattice-best-path.cc:99) For utterance FVP355, best cost 25.7404 + 3877.41 = 3903.15 over 344 frames.
FVP355 jadxai pinni weesxam poodxeu 
LOG (lattice-best-path[5.5.1139~1-67548]:main():lattice-best-path.cc:99) For utterance FVP356, best cost 35.2005 + 3586.87 = 3622.07 over 284 frames.
FVP356 janawari mudal ndaanxam 
LOG (lattice-best-path[5.5.1139~1-67548]:main():lattice-best-path.cc:99) For utterance FVP357, best cost 20.5986 + 2683.23 = 2703.82 over 204 frames.
FVP357 janamee ndam balam 
LOG (lattice-best-path[5.5.1139~1-67548]:main():lattice-best-path.cc:99) For utterance FVP358, best cost 33.7529 + 3165.57 = 3199.33 over 247 frames.
FVP358 ndaatxtxil illaiyadxi paappaa 
LOG (lattice-best-path[5.5.1139~1-67548]:main():lattice-best-path.cc:99) For utterance FVP359, best cost 24.6523 + 3602.25 = 3626.9 over 279 frames.
FVP359 waay jaalam kaatxtxum manidan 
LOG (lattice-best-path[5.5.1139~1-67548]:main():lattice-best-path.cc:99) For utterance FVP360, best cost 32.7736 + 2952.01 = 2984.78 over 234 frames.
FVP360 jalam poodxa weenxdxaam 
LOG (lattice-best-path[5.5.1139~1-67548]:main():lattice-best-path.cc:99) For utterance FVP361, best cost 20.3548 + 3262.89 = 3283.25 over 273 frames.
FVP361 ajiiranxak koolxaarxeu 
LOG (lattice-best-path[5.5.1139~1-67548]:main():lattice-best-path.cc:99) For utterance FVP362, best cost 58.9563 + 4978.25 = 5037.21 over 410 frames.
FVP362 hastam parxanddadeu kanjji jeyanddi 
LOG (lattice-best-path[5.5.1139~1-67548]:main():lattice-best-path.cc:99) For utterance FVP363, best cost 28.0998 + 4476.7 = 4504.8 over 372 frames.
FVP363 ndiinggalx sxeemamaaga irunggalx 
LOG (lattice-best-path[5.5.1139~1-67548]:main():lattice-best-path.cc:99) For utterance FVP364, best cost 22.1927 + 3963.6 = 3985.79 over 340 frames.
FVP364 togudi hetx sanddippeu 
LOG (lattice-best-path[5.5.1139~1-67548]:main():lattice-best-path.cc:99) For utterance FVP365, best cost 50.5662 + 3703.97 = 3754.53 over 306 frames.
FVP365 inggee alla walxarcci ndaatxtxeu walxarcci 
LOG (lattice-best-path[5.5.1139~1-67548]:main():lattice-best-path.cc:99) For utterance MAK293, best cost 28.3229 + 4272.8 = 4301.12 over 371 frames.
MAK293 guruwai sisxyan wanxangginaan 
LOG (lattice-best-path[5.5.1139~1-67548]:main():lattice-best-path.cc:99) For utterance MAK294, best cost 25.6652 + 3979.13 = 4004.8 over 332 frames.
MAK294 siikkiram eerxpaadxeu sey 
LOG (lattice-best-path[5.5.1139~1-67548]:main():lattice-best-path.cc:99) For utterance MAK295, best cost 36.3933 + 3681.47 = 3717.86 over 305 frames.
MAK295 seyyum paambai ndambaadee 
LOG (lattice-best-path[5.5.1139~1-67548]:main():lattice-best-path.cc:99) For utterance MAK296, best cost 34.6978 + 5916.73 = 5951.43 over 493 frames.
MAK296 iratxtxai suzhi sirxuwan seetxtxai seywaan 
LOG (lattice-best-path[5.5.1139~1-67548]:main():lattice-best-path.cc:99) For utterance MAK297, best cost 71.9497 + 4745.85 = 4817.8 over 392 frames.
MAK297 suuzhal janamee marunddeu seyal patxtxeu 
LOG (lattice-best-path[5.5.1139~1-67548]:main():lattice-best-path.cc:99) For utterance MAK298, best cost 56.1302 + 3196.18 = 3252.31 over 274 frames.
MAK298 siwappeu taagam ndiir idxam 
LOG (lattice-best-path[5.5.1139~1-67548]:main():lattice-best-path.cc:99) For utterance MAK299, best cost 24.7112 + 3784.81 = 3809.52 over 315 frames.
MAK299 kaalxi suulam eenddinaan 
LOG (lattice-best-path[5.5.1139~1-67548]:main():lattice-best-path.cc:99) For utterance MAK300, best cost 33.6635 + 6263.76 = 6297.43 over 510 frames.
MAK300 sutxrxeu suuzhal sugaadaaram pinpatxrxeu 
LOG (lattice-best-path[5.5.1139~1-67548]:main():lattice-best-path.cc:99) For utterance MAK301, best cost 67.6809 + 4501.25 = 4568.93 over 375 frames.
MAK301 seyyum marunddeu kuuwum ezheu pozhudeu widxiyum 
LOG (lattice-best-path[5.5.1139~1-67548]:main():lattice-best-path.cc:99) For utterance MAK302, best cost 73.4708 + 5466.46 = 5539.93 over 452 frames.
MAK302 enakkeu ndam paagam wanddadeu onrxee 
LOG (lattice-best-path[5.5.1139~1-67548]:main():lattice-best-path.cc:99) For utterance MAK303, best cost 70.1033 + 4661.48 = 4731.59 over 390 frames.
MAK303 ndaay idxeu wiidxeu marunddeu kadxai adxaippeu 
LOG (lattice-best-path[5.5.1139~1-67548]:main():lattice-best-path.cc:99) For utterance MAK304, best cost 34.9278 + 5797.53 = 5832.45 over 481 frames.
MAK304 tanggalx udxaimai miideu gawanam selutteu 
LOG (lattice-best-path[5.5.1139~1-67548]:main():lattice-best-path.cc:99) For utterance MAK305, best cost 79.1881 + 6034.05 = 6113.24 over 506 frames.
MAK305 kadambam agal ndadxitteuk kaatxtxa ndaanxam teewai 
LOG (lattice-best-path[5.5.1139~1-67548]:main():lattice-best-path.cc:99) For utterance MAK306, best cost 54.5597 + 4694.16 = 4748.72 over 401 frames.
MAK306 iiyam mudxiyum tii wibatteu ndadxanddadeu 
LOG (lattice-best-path[5.5.1139~1-67548]:main():lattice-best-path.cc:99) For utterance MAK307, best cost 28.4544 + 3954.38 = 3982.84 over 329 frames.
MAK307 un seyaleukkeut tiirweu kaanxeu 
LOG (lattice-best-path[5.5.1139~1-67548]:main():lattice-best-path.cc:99) For utterance MAK308, best cost 23.43 + 3449.5 = 3472.93 over 277 frames.
MAK308 malar tuuwi waazhtteu 
LOG (lattice-best-path[5.5.1139~1-67548]:main():lattice-best-path.cc:99) For utterance MAK309, best cost 40.3411 + 4435.14 = 4475.48 over 369 frames.
MAK309 sirxandda pal puunxdxeu ndalladeu 
LOG (lattice-best-path[5.5.1139~1-67548]:main():lattice-best-path.cc:99) For utterance MAK310, best cost 52.7275 + 4215.76 = 4268.49 over 361 frames.
MAK310 purusxan wizhunddeu seyal seywaan 
LOG (lattice-best-path[5.5.1139~1-67548]:main():lattice-best-path.cc:99) For utterance MAK311, best cost 70.7385 + 6398.96 = 6469.7 over 538 frames.
MAK311 koolxaarxeu pooliyaana paar tolai duuram parxanddadeu 
LOG (lattice-best-path[5.5.1139~1-67548]:main():lattice-best-path.cc:99) For utterance MAK312, best cost 36.5958 + 5536.29 = 5572.88 over 464 frames.
MAK312 manjjalx tuulx maruttuwa gunxam ndirxainddadeu 
LOG (lattice-best-path[5.5.1139~1-67548]:main():lattice-best-path.cc:99) For utterance MAK313, best cost 27.4745 + 3968.29 = 3995.77 over 345 frames.
MAK313 kutxtxaiyil tanxnxiir teenggiyadeu 
LOG (lattice-best-path[5.5.1139~1-67548]:main():lattice-best-path.cc:99) For utterance MAK314, best cost 27.7448 + 3980.73 = 4008.48 over 327 frames.
MAK314 toonrxiya pugazhin toonrxuga 
LOG (lattice-best-path[5.5.1139~1-67548]:main():lattice-best-path.cc:99) For utterance MAK315, best cost 27.9605 + 4858.48 = 4886.45 over 394 frames.
MAK315 toosxattirxkeu parigaaram sey 
LOG (lattice-best-path[5.5.1139~1-67548]:main():lattice-best-path.cc:99) For utterance MAK316, best cost 31.2344 + 4793.9 = 4825.13 over 377 frames.
MAK316 ndacceup pugai oosoonai baadikkum 
LOG (lattice-best-path[5.5.1139~1-67548]:main():lattice-best-path.cc:99) For utterance MAK317, best cost 25.4669 + 3648.03 = 3673.5 over 314 frames.
MAK317 paambin ndanjjeu kodxiyadeu 
LOG (lattice-best-path[5.5.1139~1-67548]:main():lattice-best-path.cc:99) For utterance MAK318, best cost 22.2554 + 3028.38 = 3050.63 over 267 frames.
MAK318 inrxeu mazhai ndiidxikkum 
LOG (lattice-best-path[5.5.1139~1-67548]:main():lattice-best-path.cc:99) For utterance MAK319, best cost 24.3557 + 3134.28 = 3158.64 over 273 frames.
MAK319 saalaiyil ndiir ndirambiyadeu 
LOG (lattice-best-path[5.5.1139~1-67548]:main():lattice-best-path.cc:99) For utterance MAK320, best cost 54.0702 + 3500.93 = 3555 over 293 frames.
MAK320 pagal adeu oreu ndadxai 
LOG (lattice-best-path[5.5.1139~1-67548]:main():lattice-best-path.cc:99) For utterance MAK321, best cost 41.5972 + 4792.35 = 4833.95 over 411 frames.
MAK321 enxnxey ippadxi ndoonjjaanaaga ireukkaan 
LOG (lattice-best-path[5.5.1139~1-67548]:main():lattice-best-path.cc:99) For utterance MAK322, best cost 36.1242 + 3524.77 = 3560.89 over 310 frames.
MAK322 deesiya panggeu sirxanddadeu 
LOG (lattice-best-path[5.5.1139~1-67548]:main():lattice-best-path.cc:99) For utterance MAK323, best cost 53.682 + 4786.3 = 4839.98 over 411 frames.
MAK323 ndaatxtxil tanxnxiir iruppadeu ndilawiyadeu 
LOG (lattice-best-path[5.5.1139~1-67548]:main():lattice-best-path.cc:99) For utterance MAK324, best cost 35.5767 + 5925.6 = 5961.18 over 494 frames.
MAK324 panjjaayatteu wazhakkeu mudxiweukkeu wanddadeu 
LOG (lattice-best-path[5.5.1139~1-67548]:main():lattice-best-path.cc:99) For utterance MAK325, best cost 27.4164 + 3790.4 = 3817.82 over 325 frames.
MAK325 panjjeu nderuppil karugiyadeu 
LOG (lattice-best-path[5.5.1139~1-67548]:main():lattice-best-path.cc:99) For utterance MAK326, best cost 51.1738 + 4531.54 = 4582.71 over 374 frames.
MAK326 pazhanggudxi makkalx paambeu sirxappeu 
LOG (lattice-best-path[5.5.1139~1-67548]:main():lattice-best-path.cc:99) For utterance MAK327, best cost 70.07 + 4467.7 = 4537.77 over 375 frames.
MAK327 kaalai palxlxi inxai migawum pambaram 
LOG (lattice-best-path[5.5.1139~1-67548]:main():lattice-best-path.cc:99) For utterance MAK328, best cost 31.5933 + 5173.08 = 5204.67 over 431 frames.
MAK328 indda raajaa endda baasxai peesinaar 
LOG (lattice-best-path[5.5.1139~1-67548]:main():lattice-best-path.cc:99) For utterance MAK329, best cost 24.6945 + 3677.29 = 3701.99 over 305 frames.
MAK329 en purusxan balasaali 
LOG (lattice-best-path[5.5.1139~1-67548]:main():lattice-best-path.cc:99) For utterance MAK330, best cost 51.2054 + 4698.36 = 4749.57 over 387 frames.
MAK330 puunai sirxeu uuril puugambam 
LOG (lattice-best-path[5.5.1139~1-67548]:main():lattice-best-path.cc:99) For utterance MAK331, best cost 35.64 + 3474.28 = 3509.92 over 298 frames.
MAK331 poodxa jenma banddam 
LOG (lattice-best-path[5.5.1139~1-67548]:main():lattice-best-path.cc:99) For utterance MAK332, best cost 30.0594 + 5309.04 = 5339.1 over 449 frames.
MAK332 inrxeu puujaiyil kalanddeu kolx 
LOG (lattice-best-path[5.5.1139~1-67548]:main():lattice-best-path.cc:99) For utterance MAK333, best cost 28.18 + 4365.23 = 4393.41 over 368 frames.
MAK333 pon porulx paartteu pazhagaadee 
LOG (lattice-best-path[5.5.1139~1-67548]:main():lattice-best-path.cc:99) For utterance MAK334, best cost 41.9236 + 4792.76 = 4834.68 over 414 frames.
MAK334 pon mugam poliwaaga ulxlxadeu 
LOG (lattice-best-path[5.5.1139~1-67548]:main():lattice-best-path.cc:99) For utterance MAK335, best cost 23.396 + 3690.83 = 3714.22 over 314 frames.
MAK335 petxtxiyai kiizhee poodxeu 
LOG (lattice-best-path[5.5.1139~1-67548]:main():lattice-best-path.cc:99) For utterance MAK336, best cost 28.3608 + 4816.55 = 4844.91 over 417 frames.
MAK336 pooliyaana waazhkkai tawir 
LOG (lattice-best-path[5.5.1139~1-67548]:main():lattice-best-path.cc:99) For utterance MAK337, best cost 37.559 + 4243.77 = 4281.33 over 365 frames.
MAK337 kadai poosxaakkaana unxaweu 
LOG (lattice-best-path[5.5.1139~1-67548]:main():lattice-best-path.cc:99) For utterance MAK338, best cost 24.8549 + 3229.43 = 3254.29 over 272 frames.
MAK338 elumbeu majjai waliyadeu 
LOG (lattice-best-path[5.5.1139~1-67548]:main():lattice-best-path.cc:99) For utterance MAK339, best cost 76.8886 + 4491.08 = 4567.97 over 375 frames.
MAK339 eetxtxeu kal eezhai pozhudeu puujai ireu 
LOG (lattice-best-path[5.5.1139~1-67548]:main():lattice-best-path.cc:99) For utterance MAK340, best cost 48.5839 + 5778.11 = 5826.69 over 481 frames.
MAK340 maarc maadattil mahaawiir jeyanddi inxai 
LOG (lattice-best-path[5.5.1139~1-67548]:main():lattice-best-path.cc:99) For utterance MAK341, best cost 34.1862 + 2814.05 = 2848.24 over 230 frames.
MAK341 biins kanxnxeukkeu ndalladeu 
LOG (lattice-best-path[5.5.1139~1-67548]:main():lattice-best-path.cc:99) For utterance MAK342, best cost 28.1926 + 4556.72 = 4584.92 over 388 frames.
MAK342 muulxai illaadawan mutxtxaalx 
LOG (lattice-best-path[5.5.1139~1-67548]:main():lattice-best-path.cc:99) For utterance MAK343, best cost 55.8071 + 5114.33 = 5170.13 over 401 frames.
MAK343 tozhilil muuladanam waanam aidiigam 
LOG (lattice-best-path[5.5.1139~1-67548]:main():lattice-best-path.cc:99) For utterance MAK344, best cost 35.5913 + 3127.81 = 3163.41 over 255 frames.
MAK344 seydanar eerxi ndil 
LOG (lattice-best-path[5.5.1139~1-67548]:main():lattice-best-path.cc:99) For utterance MAK345, best cost 25.4314 + 3269.42 = 3294.85 over 261 frames.
MAK345 indda maiyanggalx enggeu ulxlxadeu 
LOG (lattice-best-path[5.5.1139~1-67548]:main():lattice-best-path.cc:99) For utterance MAK346, best cost 25.0537 + 2989.27 = 3014.32 over 245 frames.
MAK346 makkalx raajjiyam weenxdxum 
LOG (lattice-best-path[5.5.1139~1-67548]:main():lattice-best-path.cc:99) For utterance MAK347, best cost 57.6923 + 4336.12 = 4393.82 over 369 frames.
MAK347 widiyai keedxeu kawasam adigam 
LOG (lattice-best-path[5.5.1139~1-67548]:main():lattice-best-path.cc:99) For utterance MAK348, best cost 24.3757 + 3565.8 = 3590.17 over 294 frames.
MAK348 lajjai enrxaal wekkam 
LOG (lattice-best-path[5.5.1139~1-67548]:main():lattice-best-path.cc:99) For utterance MAK349, best cost 35.6571 + 3313.51 = 3349.16 over 268 frames.
MAK349 koobam udxaleukkeu ndalladeu 
LOG (lattice-best-path[5.5.1139~1-67548]:main():lattice-best-path.cc:99) For utterance MAK350, best cost 36.1979 + 5683.76 = 5719.96 over 478 frames.
MAK350 laksxmi muga laksxanxam ulxlxa penx 
LOG (lattice-best-path[5.5.1139~1-67548]:main():lattice-best-path.cc:99) For utterance MAK351, best cost 53.5308 + 5499.3 = 5552.83 over 452 frames.
MAK351 eetxrxam kodxiyadeu walxarcci tarum 
LOG (lattice-best-path[5.5.1139~1-67548]:main():lattice-best-path.cc:99) For utterance MAK352, best cost 26.1828 + 3612.17 = 3638.36 over 301 frames.
MAK352 wiitxtxil wiseesxam unxdxeu 
LOG (lattice-best-path[5.5.1139~1-67548]:main():lattice-best-path.cc:99) For utterance MAK353, best cost 57.9616 + 3414.04 = 3472 over 291 frames.
MAK353 wanddadeu eenddeu sey oreu 
LOG (lattice-best-path[5.5.1139~1-67548]:main():lattice-best-path.cc:99) For utterance MAK354, best cost 48.3712 + 6089.55 = 6137.92 over 520 frames.
MAK354 en miideu wazhiyaaga sellum peerunddeu 
LOG (lattice-best-path[5.5.1139~1-67548]:main():lattice-best-path.cc:99) For utterance MAK355, best cost 28.5495 + 4052.09 = 4080.64 over 340 frames.
MAK355 jadxai pinni weesxam poodxeu 
LOG (lattice-best-path[5.5.1139~1-67548]:main():lattice-best-path.cc:99) For utterance MAK356, best cost 26.483 + 3637.32 = 3663.81 over 307 frames.
MAK356 janawari mudal maadam 
LOG (lattice-best-path[5.5.1139~1-67548]:main():lattice-best-path.cc:99) For utterance MAK357, best cost 23.9981 + 3608.65 = 3632.65 over 314 frames.
MAK357 janamee ndam balam 
LOG (lattice-best-path[5.5.1139~1-67548]:main():lattice-best-path.cc:99) For utterance MAK358, best cost 23.9577 + 3427.83 = 3451.79 over 284 frames.
MAK358 jaadi illaiyadxi paappaa 
LOG (lattice-best-path[5.5.1139~1-67548]:main():lattice-best-path.cc:99) For utterance MAK359, best cost 41.9817 + 3988.21 = 4030.19 over 330 frames.
MAK359 waay jaalam kaatxtxum anaittum 
LOG (lattice-best-path[5.5.1139~1-67548]:main():lattice-best-path.cc:99) For utterance MAK360, best cost 22.934 + 3487.73 = 3510.66 over 294 frames.
MAK360 jaalraa poodxa weenxdxaam 
LOG (lattice-best-path[5.5.1139~1-67548]:main():lattice-best-path.cc:99) For utterance MAK361, best cost 20.8407 + 2913.94 = 2934.78 over 238 frames.
MAK361 ajiiranxak koolxaarxeu 
LOG (lattice-best-path[5.5.1139~1-67548]:main():lattice-best-path.cc:99) For utterance MAK362, best cost 70.8796 + 4176.56 = 4247.44 over 327 frames.
MAK362 hastam paar irunddadeu kaanjjipuram teewai 
LOG (lattice-best-path[5.5.1139~1-67548]:main():lattice-best-path.cc:99) For utterance MAK363, best cost 71.7887 + 4520.57 = 4592.36 over 389 frames.
MAK363 tinggalx seyal manam agal irunggalx 
LOG (lattice-best-path[5.5.1139~1-67548]:main():lattice-best-path.cc:99) For utterance MAK364, best cost 56.0218 + 3582.84 = 3638.87 over 294 frames.
MAK364 togudi eezhai eetxtxeu sanddippeu 
LOG (lattice-best-path[5.5.1139~1-67548]:main():lattice-best-path.cc:99) For utterance MAK365, best cost 49.2237 + 4028.61 = 4077.83 over 335 frames.
MAK365 en aanaar walxarcci ndaatxtxeu walxarcci 
LOG (lattice-best-path[5.5.1139~1-67548]:main():lattice-best-path.cc:99) For utterance MPA293, best cost 89.4966 + 5585.28 = 5674.77 over 503 frames.
MPA293 koowil seyyin sirxuwar waanam inggeu ooram 
LOG (lattice-best-path[5.5.1139~1-67548]:main():lattice-best-path.cc:99) For utterance MPA294, best cost 23.6738 + 3199.91 = 3223.59 over 272 frames.
MPA294 siikkiram eerxpaadxeu sey 
LOG (lattice-best-path[5.5.1139~1-67548]:main():lattice-best-path.cc:99) For utterance MPA295, best cost 59.5883 + 5791.23 = 5850.81 over 507 frames.
MPA295 siirxum paambai ndam paar peeseu 
LOG (lattice-best-path[5.5.1139~1-67548]:main():lattice-best-path.cc:99) For utterance MPA296, best cost 105.829 + 8005.18 = 8111.01 over 703 frames.
MPA296 ndirxaindda suwaril sirxuwan seyal tiirweu ireu waal 
LOG (lattice-best-path[5.5.1139~1-67548]:main():lattice-best-path.cc:99) For utterance MPA297, best cost 62.0083 + 6222.76 = 6284.77 over 546 frames.
MPA297 suutxcamam arunddeu oreu seyalpadxeu 
LOG (lattice-best-path[5.5.1139~1-67548]:main():lattice-best-path.cc:99) For utterance MPA298, best cost 28.2115 + 5520.28 = 5548.49 over 492 frames.
MPA298 asuran tawam irunddaan 
LOG (lattice-best-path[5.5.1139~1-67548]:main():lattice-best-path.cc:99) For utterance MPA299, best cost 27.1371 + 5313.82 = 5340.95 over 475 frames.
MPA299 kaalxi suulam eenddinaan 
LOG (lattice-best-path[5.5.1139~1-67548]:main():lattice-best-path.cc:99) For utterance MPA300, best cost 58.7413 + 7153.19 = 7211.93 over 606 frames.
MPA300 suudxeu sey suuzhal sugaadaaram pinpatxrxeu 
LOG (lattice-best-path[5.5.1139~1-67548]:main():lattice-best-path.cc:99) For utterance MPA301, best cost 39.9465 + 8234.24 = 8274.18 over 725 frames.
MPA301 seewalin kuuwalil pozhudeu widxiyum 
LOG (lattice-best-path[5.5.1139~1-67548]:main():lattice-best-path.cc:99) For utterance MPA302, best cost 74.7652 + 6993.2 = 7067.96 over 607 frames.
MPA302 siwaneukkeu taagam pagal waliyadeu ulxlxadeu 
LOG (lattice-best-path[5.5.1139~1-67548]:main():lattice-best-path.cc:99) For utterance MPA303, best cost 75.2403 + 6866.9 = 6942.14 over 614 frames.
MPA303 ndaan ireu widxumurxai kalwiyee adxaippeu 
LOG (lattice-best-path[5.5.1139~1-67548]:main():lattice-best-path.cc:99) For utterance MPA304, best cost 102.928 + 9446.71 = 9549.64 over 850 frames.
MPA304 tangguwadarxkeu udawum widiyai miideu gawanam tirxanddeu suwai 
LOG (lattice-best-path[5.5.1139~1-67548]:main():lattice-best-path.cc:99) For utterance MPA305, best cost 74.879 + 7885.68 = 7960.56 over 690 frames.
MPA305 sotteu uuham agal ndadxitteuk kaatxtxa njaanam teewai 
LOG (lattice-best-path[5.5.1139~1-67548]:main():lattice-best-path.cc:99) For utterance MPA306, best cost 81.5552 + 7467.66 = 7549.22 over 670 frames.
MPA306 seyyum uur sirxeu tulxi iruppadeu ndadxanddadeu 
LOG (lattice-best-path[5.5.1139~1-67548]:main():lattice-best-path.cc:99) For utterance MPA307, best cost 67.3528 + 7455.33 = 7522.68 over 670 frames.
MPA307 uuril tirxanddeu uunam tiirweu kaanxeu 
LOG (lattice-best-path[5.5.1139~1-67548]:main():lattice-best-path.cc:99) For utterance MPA308, best cost 71.2715 + 5054.7 = 5125.97 over 459 frames.
MPA308 manxal suwaril ireu maarc sirxeu 
LOG (lattice-best-path[5.5.1139~1-67548]:main():lattice-best-path.cc:99) For utterance MPA309, best cost 69.7358 + 5501.26 = 5571 over 490 frames.
MPA309 inxai enrxeu pal toonrxiya ndalladeu 
LOG (lattice-best-path[5.5.1139~1-67548]:main():lattice-best-path.cc:99) For utterance MPA310, best cost 50.3708 + 6032.29 = 6082.66 over 534 frames.
MPA310 ndam tusxtxan tusxtxa seyal seywaan 
LOG (lattice-best-path[5.5.1139~1-67548]:main():lattice-best-path.cc:99) For utterance MPA311, best cost 96.6792 + 8507.83 = 8604.51 over 746 frames.
MPA311 pooliyaana toosxattirxkeu anuppa tolai eetxrxam gunxam parxanddadeu 
LOG (lattice-best-path[5.5.1139~1-67548]:main():lattice-best-path.cc:99) For utterance MPA312, best cost 58.9284 + 6891.01 = 6949.94 over 599 frames.
MPA312 manjjalx suwaril maruttuwa gunxam ndirxainddadeu 
LOG (lattice-best-path[5.5.1139~1-67548]:main():lattice-best-path.cc:99) For utterance MPA313, best cost 30.9041 + 5548.31 = 5579.21 over 482 frames.
MPA313 kutxtxaiyil tanxnxiir teenggiyadeu 
LOG (lattice-best-path[5.5.1139~1-67548]:main():lattice-best-path.cc:99) For utterance MPA314, best cost 51.2955 + 5251.06 = 5302.36 over 459 frames.
MPA314 toonxdxiyadeu mugattil toonrxuga 
LOG (lattice-best-path[5.5.1139~1-67548]:main():lattice-best-path.cc:99) For utterance MPA315, best cost 97.0317 + 6899.82 = 6996.85 over 609 frames.
MPA315 sol teeytteuk ireu palxlxiyil njaalam tawam sey 
LOG (lattice-best-path[5.5.1139~1-67548]:main():lattice-best-path.cc:99) For utterance MPA316, best cost 89.757 + 7315.07 = 7404.82 over 627 frames.
MPA316 waitteuk pugai uunam suzhi baasxai ooram 
LOG (lattice-best-path[5.5.1139~1-67548]:main():lattice-best-path.cc:99) For utterance MPA317, best cost 62.3474 + 4982.04 = 5044.39 over 449 frames.
MPA317 waanam pirxarai mudxiyum kodxiyadeu 
LOG (lattice-best-path[5.5.1139~1-67548]:main():lattice-best-path.cc:99) For utterance MPA318, best cost 27.332 + 5377.07 = 5404.4 over 475 frames.
MPA318 inrxeu mazhai ndiidxikkum 
LOG (lattice-best-path[5.5.1139~1-67548]:main():lattice-best-path.cc:99) For utterance MPA319, best cost 62.0355 + 5706.34 = 5768.38 over 505 frames.
MPA319 saalaiyil sirxeu illaiyadxi eenddeu 
LOG (lattice-best-path[5.5.1139~1-67548]:main():lattice-best-path.cc:99) For utterance MPA320, best cost 69.9293 + 5614.7 = 5684.62 over 497 frames.
MPA320 unggalx raamar pirxar oreu todxeu 
LOG (lattice-best-path[5.5.1139~1-67548]:main():lattice-best-path.cc:99) For utterance MPA321, best cost 36.2001 + 7085.79 = 7121.99 over 619 frames.
MPA321 een ippadxi ndoonjjaanaaga ireukkaan 
LOG (lattice-best-path[5.5.1139~1-67548]:main():lattice-best-path.cc:99) For utterance MPA322, best cost 42.3924 + 5230.61 = 5273 over 463 frames.
MPA322 seluttinar panggeu uyarnddadeu 
LOG (lattice-best-path[5.5.1139~1-67548]:main():lattice-best-path.cc:99) For utterance MPA323, best cost 39.0617 + 7416.84 = 7455.9 over 670 frames.
MPA323 ndaatxtxil tanxnxiir panjjam ndilawiyadeu 
LOG (lattice-best-path[5.5.1139~1-67548]:main():lattice-best-path.cc:99) For utterance MPA324, best cost 37.9121 + 7511.14 = 7549.06 over 652 frames.
MPA324 panjjaayatteu wazhakkeu mudxiweukkeu wanddadeu 
LOG (lattice-best-path[5.5.1139~1-67548]:main():lattice-best-path.cc:99) For utterance MPA325, best cost 54.9549 + 5749.49 = 5804.44 over 502 frames.
MPA325 panjjeu seyal nderuppil karugiyadeu 
LOG (lattice-best-path[5.5.1139~1-67548]:main():lattice-best-path.cc:99) For utterance MPA326, best cost 85.1897 + 5866.9 = 5952.09 over 513 frames.
MPA326 pazhanggudxi manx tozhil kambeuk sirxuwar kuurxeu 
LOG (lattice-best-path[5.5.1139~1-67548]:main():lattice-best-path.cc:99) For utterance MPA327, best cost 46.5823 + 6550.55 = 6597.14 over 568 frames.
MPA327 kaasxmiir bajanai migawum pirabalam 
LOG (lattice-best-path[5.5.1139~1-67548]:main():lattice-best-path.cc:99) For utterance MPA328, best cost 113.673 + 6878.38 = 6992.05 over 601 frames.
MPA328 enrxa tawam ndaagam tirxanddeu ambalam sey pirxareukkeu unxaweu 
LOG (lattice-best-path[5.5.1139~1-67548]:main():lattice-best-path.cc:99) For utterance MPA329, best cost 83.9486 + 5330.57 = 5414.52 over 457 frames.
MPA329 welxlxam sotteu tarum pagal tawam ndil 
LOG (lattice-best-path[5.5.1139~1-67548]:main():lattice-best-path.cc:99) For utterance MPA330, best cost 66.6539 + 6579.82 = 6646.48 over 566 frames.
MPA330 puurwa ndari tozhil uuril puugambam 
LOG (lattice-best-path[5.5.1139~1-67548]:main():lattice-best-path.cc:99) For utterance MPA331, best cost 27.4684 + 6061.27 = 6088.74 over 541 frames.
MPA331 puurwa jenma banddam 
LOG (lattice-best-path[5.5.1139~1-67548]:main():lattice-best-path.cc:99) For utterance MPA332, best cost 42.2805 + 4722.99 = 4765.27 over 400 frames.
MPA332 inrxeu puujaiyil kalanddeu koodxi 
LOG (lattice-best-path[5.5.1139~1-67548]:main():lattice-best-path.cc:99) For utterance MPA333, best cost 30.5265 + 5889.12 = 5919.65 over 492 frames.
MPA333 pon porulx paartteu pazhagaadee 
LOG (lattice-best-path[5.5.1139~1-67548]:main():lattice-best-path.cc:99) For utterance MPA334, best cost 30.989 + 5460.74 = 5491.72 over 469 frames.
MPA334 un mugam poliwaaga ulxlxadeu 
LOG (lattice-best-path[5.5.1139~1-67548]:main():lattice-best-path.cc:99) For utterance MPA335, best cost 54.5375 + 4082.98 = 4137.52 over 357 frames.
MPA335 eetxtxeu wiidxeu tiirweu kuurxeu 
LOG (lattice-best-path[5.5.1139~1-67548]:main():lattice-best-path.cc:99) For utterance MPA336, best cost 51.4198 + 4674.31 = 4725.73 over 405 frames.
MPA336 pooliyaana warugai suwaril 
LOG (lattice-best-path[5.5.1139~1-67548]:main():lattice-best-path.cc:99) For utterance MPA337, best cost 43.7451 + 5725.3 = 5769.05 over 504 frames.
MPA337 waaynddadeu poosxaakkaana unxaweu 
LOG (lattice-best-path[5.5.1139~1-67548]:main():lattice-best-path.cc:99) For utterance MPA338, best cost 50.1353 + 5327.85 = 5377.98 over 463 frames.
MPA338 eenggum aasaiyaik waliyadeu 
LOG (lattice-best-path[5.5.1139~1-67548]:main():lattice-best-path.cc:99) For utterance MPA339, best cost 48.1725 + 4993.68 = 5041.85 over 429 frames.
MPA339 etxtxeukkaali oreu uuham sey 
LOG (lattice-best-path[5.5.1139~1-67548]:main():lattice-best-path.cc:99) For utterance MPA340, best cost 57.9927 + 6825.99 = 6883.98 over 576 frames.
MPA340 maarc maadattil mahaawiir seyal ireu 
LOG (lattice-best-path[5.5.1139~1-67548]:main():lattice-best-path.cc:99) For utterance MPA341, best cost 37.4358 + 3958.3 = 3995.73 over 351 frames.
MPA341 ndil kanxnxeukkeu ndalladeu 
LOG (lattice-best-path[5.5.1139~1-67548]:main():lattice-best-path.cc:99) For utterance MPA342, best cost 54.1969 + 5378.79 = 5432.99 over 469 frames.
MPA342 muulxai illaadawan manam saarxeu 
LOG (lattice-best-path[5.5.1139~1-67548]:main():lattice-best-path.cc:99) For utterance MPA343, best cost 75.4277 + 7338.52 = 7413.94 over 658 frames.
MPA343 kalwiyee ezhil migundda gawanam poodxa weenxdxum 
LOG (lattice-best-path[5.5.1139~1-67548]:main():lattice-best-path.cc:99) For utterance MPA344, best cost 72.0883 + 4739.07 = 4811.16 over 420 frames.
MPA344 mai seyyin sirxeu illaiyadxi ndil 
LOG (lattice-best-path[5.5.1139~1-67548]:main():lattice-best-path.cc:99) For utterance MPA345, best cost 72.9378 + 6473.92 = 6546.85 over 573 frames.
MPA345 aayudam mazhai enggalx inggeu ulxlxadeu 
LOG (lattice-best-path[5.5.1139~1-67548]:main():lattice-best-path.cc:99) For utterance MPA346, best cost 51.9266 + 5731.06 = 5782.99 over 495 frames.
MPA346 maarc kal raajjiyam weenxdxum 
LOG (lattice-best-path[5.5.1139~1-67548]:main():lattice-best-path.cc:99) For utterance MPA347, best cost 74.3777 + 5552.23 = 5626.61 over 472 frames.
MPA347 risxikkeu kuuzh kawasam wanxdxi koobam 
LOG (lattice-best-path[5.5.1139~1-67548]:main():lattice-best-path.cc:99) For utterance MPA348, best cost 48.5264 + 4471.39 = 4519.92 over 400 frames.
MPA348 njaalam jeyhindd enrxaal wekkam 
LOG (lattice-best-path[5.5.1139~1-67548]:main():lattice-best-path.cc:99) For utterance MPA349, best cost 28.3669 + 4963.87 = 4992.24 over 429 frames.
MPA349 tuukkam udxaleukkeu ndalladeu 
LOG (lattice-best-path[5.5.1139~1-67548]:main():lattice-best-path.cc:99) For utterance MPA350, best cost 84.1507 + 6274.7 = 6358.85 over 542 frames.
MPA350 kaasxmiir mugam ellaam ndam ulxlxa kariim 
LOG (lattice-best-path[5.5.1139~1-67548]:main():lattice-best-path.cc:99) For utterance MPA351, best cost 31.3041 + 5972.83 = 6004.14 over 522 frames.
MPA351 widxaa muyarxci walxarcci tarum 
LOG (lattice-best-path[5.5.1139~1-67548]:main():lattice-best-path.cc:99) For utterance MPA352, best cost 49.466 + 5253.72 = 5303.19 over 456 frames.
MPA352 isxtxam ezheu wiseesxam unxdxeu 
LOG (lattice-best-path[5.5.1139~1-67548]:main():lattice-best-path.cc:99) For utterance MPA353, best cost 69.5274 + 4358.91 = 4428.44 over 371 frames.
MPA353 wandda ndil teriyum ireu koolxaarxeu 
LOG (lattice-best-path[5.5.1139~1-67548]:main():lattice-best-path.cc:99) For utterance MPA354, best cost 53.2633 + 7194.24 = 7247.5 over 627 frames.
MPA354 ireu wiidi wazhiyaaga sellum peerunddeu 
LOG (lattice-best-path[5.5.1139~1-67548]:main():lattice-best-path.cc:99) For utterance MPA355, best cost 81.9882 + 5499.72 = 5581.71 over 488 frames.
MPA355 taay sirxeu penx ndil wekkam uudxagam 
LOG (lattice-best-path[5.5.1139~1-67548]:main():lattice-best-path.cc:99) For utterance MPA356, best cost 51.503 + 4791.17 = 4842.68 over 432 frames.
MPA356 janawari ezhil mudal maadam 
LOG (lattice-best-path[5.5.1139~1-67548]:main():lattice-best-path.cc:99) For utterance MPA357, best cost 61.9358 + 4318.94 = 4380.88 over 396 frames.
MPA357 seydanar ndiir ndam ambalam 
LOG (lattice-best-path[5.5.1139~1-67548]:main():lattice-best-path.cc:99) For utterance MPA358, best cost 71.094 + 6628.45 = 6699.54 over 598 frames.
MPA358 njaalam sirxeu inrxeu idxeu paappaa 
LOG (lattice-best-path[5.5.1139~1-67548]:main():lattice-best-path.cc:99) For utterance MPA359, best cost 64.3944 + 5997.43 = 6061.82 over 528 frames.
MPA359 pooraay tawam kawasam manidan 
LOG (lattice-best-path[5.5.1139~1-67548]:main():lattice-best-path.cc:99) For utterance MPA360, best cost 57.8577 + 4783.39 = 4841.25 over 413 frames.
MPA360 todxeu ooram muga eenggum 
LOG (lattice-best-path[5.5.1139~1-67548]:main():lattice-best-path.cc:99) For utterance MPA361, best cost 48.1084 + 3641.67 = 3689.77 over 319 frames.
MPA361 anjjal gawanam koowil 
LOG (lattice-best-path[5.5.1139~1-67548]:main():lattice-best-path.cc:99) For utterance MPA362, best cost 92.8114 + 7352.08 = 7444.89 over 652 frames.
MPA362 pal toguppeu arunddeu ndaanjjil sirxeu sirxeu 
LOG (lattice-best-path[5.5.1139~1-67548]:main():lattice-best-path.cc:99) For utterance MPA363, best cost 63.8411 + 6012.09 = 6075.93 over 535 frames.
MPA363 tinggalx selwam awasara irunggalx 
LOG (lattice-best-path[5.5.1139~1-67548]:main():lattice-best-path.cc:99) For utterance MPA364, best cost 61.1176 + 4682.56 = 4743.68 over 396 frames.
MPA364 togudi peyar tanxnxiir uuham 
LOG (lattice-best-path[5.5.1139~1-67548]:main():lattice-best-path.cc:99) For utterance MPA365, best cost 85.4373 + 6128.32 = 6213.76 over 533 frames.
MPA365 endda mannan kaalai sirxeu unxaweukkeu walxarcci 
LOG (lattice-best-path[5.5.1139~1-67548]:main():lattice-best-path.cc:99) For utterance MPK293, best cost 27.7548 + 4661.57 = 4689.32 over 400 frames.
MPK293 guruwai sisxyan wanxangginaan 
LOG (lattice-best-path[5.5.1139~1-67548]:main():lattice-best-path.cc:99) For utterance MPK294, best cost 47.5271 + 4137.27 = 4184.79 over 350 frames.
MPK294 siikkiram eepral ahimsai 
LOG (lattice-best-path[5.5.1139~1-67548]:main():lattice-best-path.cc:99) For utterance MPK295, best cost 56.478 + 4360.04 = 4416.52 over 361 frames.
MPK295 sey hetx arunddeu amaraadee 
LOG (lattice-best-path[5.5.1139~1-67548]:main():lattice-best-path.cc:99) For utterance MPK296, best cost 99.6901 + 5434.21 = 5533.9 over 459 frames.
MPK296 uur eerikkeu izhuppadeu eenggum selutteu seyyum awan 
LOG (lattice-best-path[5.5.1139~1-67548]:main():lattice-best-path.cc:99) For utterance MPK297, best cost 57.4994 + 4819.39 = 4876.89 over 417 frames.
MPK297 uccam arunddeu ndil seyalpadxeu 
LOG (lattice-best-path[5.5.1139~1-67548]:main():lattice-best-path.cc:99) For utterance MPK298, best cost 43.1541 + 3457.89 = 3501.04 over 296 frames.
MPK298 asuran saarxeu idxam 
LOG (lattice-best-path[5.5.1139~1-67548]:main():lattice-best-path.cc:99) For utterance MPK299, best cost 44.0774 + 3841.82 = 3885.9 over 333 frames.
MPK299 saalaiyil suwaril eenddinaan 
LOG (lattice-best-path[5.5.1139~1-67548]:main():lattice-best-path.cc:99) For utterance MPK300, best cost 74.2044 + 5472.41 = 5546.61 over 464 frames.
MPK300 selutteu suwaril suwaril karam pinpatxrxeu 
LOG (lattice-best-path[5.5.1139~1-67548]:main():lattice-best-path.cc:99) For utterance MPK301, best cost 57.7589 + 4636.17 = 4693.93 over 402 frames.
MPK301 sirxeu kuudxi koodxi iiyam 
LOG (lattice-best-path[5.5.1139~1-67548]:main():lattice-best-path.cc:99) For utterance MPK302, best cost 62.2519 + 4841.09 = 4903.34 over 410 frames.
MPK302 enakkeu abaraadam aayinum kuurnddeu 
LOG (lattice-best-path[5.5.1139~1-67548]:main():lattice-best-path.cc:99) For utterance MPK303, best cost 60.6139 + 4682.39 = 4743.01 over 409 frames.
MPK303 saalaiyil mai kadxai adxaippeu uur 
LOG (lattice-best-path[5.5.1139~1-67548]:main():lattice-best-path.cc:99) For utterance MPK304, best cost 91.8704 + 5462.93 = 5554.8 over 459 frames.
MPK304 tanggam otxrxumaiyee wiidxeu eelakkaay ndil sey perxeu 
LOG (lattice-best-path[5.5.1139~1-67548]:main():lattice-best-path.cc:99) For utterance MPK305, best cost 89.8431 + 6563.1 = 6652.94 over 558 frames.
MPK305 paartteu waa manxal ndadxitteuk kaatxtxa ndalladeu teewai 
LOG (lattice-best-path[5.5.1139~1-67548]:main():lattice-best-path.cc:99) For utterance MPK306, best cost 69.2594 + 5108.41 = 5177.67 over 452 frames.
MPK306 tii puucci sirxuwar alxaweukkeu arunddeu 
LOG (lattice-best-path[5.5.1139~1-67548]:main():lattice-best-path.cc:99) For utterance MPK307, best cost 57.4943 + 4386.85 = 4444.34 over 376 frames.
MPK307 koosxam eerikkeu tiirweu aanaar 
LOG (lattice-best-path[5.5.1139~1-67548]:main():lattice-best-path.cc:99) For utterance MPK308, best cost 48.3974 + 3931.21 = 3979.61 over 346 frames.
MPK308 maadattil olxi paartteu 
LOG (lattice-best-path[5.5.1139~1-67548]:main():lattice-best-path.cc:99) For utterance MPK309, best cost 50.1098 + 4647.97 = 4698.08 over 390 frames.
MPK309 pidxi idxam pal puunxdxeu ndalladeu 
LOG (lattice-best-path[5.5.1139~1-67548]:main():lattice-best-path.cc:99) For utterance MPK310, best cost 28.3866 + 4411.74 = 4440.13 over 366 frames.
MPK310 tusxtxan tusxtxa seyal seywaan 
LOG (lattice-best-path[5.5.1139~1-67548]:main():lattice-best-path.cc:99) For utterance MPK311, best cost 101.471 + 6230.42 = 6331.9 over 535 frames.
MPK311 uzhai aajar suudxeu anuppa tolai idxeu usxnxam adeu 
LOG (lattice-best-path[5.5.1139~1-67548]:main():lattice-best-path.cc:99) For utterance MPK312, best cost 63.1764 + 4890.98 = 4954.16 over 416 frames.
MPK312 manjjalx tozhil pappadxam gunxam ndirxainddadeu 
LOG (lattice-best-path[5.5.1139~1-67548]:main():lattice-best-path.cc:99) For utterance MPK313, best cost 29.4189 + 4721.21 = 4750.63 over 418 frames.
MPK313 kutxtxaiyil tanxnxiir teenggiyadeu 
LOG (lattice-best-path[5.5.1139~1-67548]:main():lattice-best-path.cc:99) For utterance MPK314, best cost 56.7971 + 3716.61 = 3773.41 over 318 frames.
MPK314 toonrxiya puli ndil toonrxuga 
LOG (lattice-best-path[5.5.1139~1-67548]:main():lattice-best-path.cc:99) For utterance MPK315, best cost 26.8215 + 4186.4 = 4213.22 over 349 frames.
MPK315 toosxattirxkeu parigaaram sey 
LOG (lattice-best-path[5.5.1139~1-67548]:main():lattice-best-path.cc:99) For utterance MPK316, best cost 71.0029 + 4603.64 = 4674.64 over 392 frames.
MPK316 roosxam pozhudeu koosxam seyyum aayudam 
LOG (lattice-best-path[5.5.1139~1-67548]:main():lattice-best-path.cc:99) For utterance MPK317, best cost 45.8213 + 3802.27 = 3848.09 over 332 frames.
MPK317 paambin kanjji kodxiyadeu 
LOG (lattice-best-path[5.5.1139~1-67548]:main():lattice-best-path.cc:99) For utterance MPK318, best cost 33.4392 + 3723.74 = 3757.18 over 332 frames.
MPK318 inrxeu mazhai inikkum 
LOG (lattice-best-path[5.5.1139~1-67548]:main():lattice-best-path.cc:99) For utterance MPK319, best cost 46.8643 + 4345.42 = 4392.29 over 383 frames.
MPK319 aadxaiyil biins irunddadeu 
LOG (lattice-best-path[5.5.1139~1-67548]:main():lattice-best-path.cc:99) For utterance MPK320, best cost 65.476 + 3680.87 = 3746.35 over 318 frames.
MPK320 pagal ezheu isxtxam kurxi ndaadxeu 
LOG (lattice-best-path[5.5.1139~1-67548]:main():lattice-best-path.cc:99) For utterance MPK321, best cost 41.8532 + 4911.91 = 4953.77 over 411 frames.
MPK321 endda ippadxi ndoonjjaanaaga ireukkaan 
LOG (lattice-best-path[5.5.1139~1-67548]:main():lattice-best-path.cc:99) For utterance MPK322, best cost 72.4867 + 4597.52 = 4670.01 over 411 frames.
MPK322 sey seyyum panggeu mudxiyum enrxeu 
LOG (lattice-best-path[5.5.1139~1-67548]:main():lattice-best-path.cc:99) For utterance MPK323, best cost 31.5959 + 4872.41 = 4904 over 425 frames.
MPK323 ndaatxtxil tanxnxiir panjjam ndilawiyadeu 
LOG (lattice-best-path[5.5.1139~1-67548]:main():lattice-best-path.cc:99) For utterance MPK324, best cost 31.8013 + 4581.52 = 4613.32 over 395 frames.
MPK324 panjjaayatteu wazhakkeu mudxiweukkeu wanddadeu 
LOG (lattice-best-path[5.5.1139~1-67548]:main():lattice-best-path.cc:99) For utterance MPK325, best cost 25.8341 + 3884.97 = 3910.81 over 337 frames.
MPK325 panjjeu nderuppil karugiyadeu 
LOG (lattice-best-path[5.5.1139~1-67548]:main():lattice-best-path.cc:99) For utterance MPK326, best cost 79.4246 + 4898.99 = 4978.42 over 423 frames.
MPK326 waay ammaa kal rambam tii ezhuppeu 
LOG (lattice-best-path[5.5.1139~1-67548]:main():lattice-best-path.cc:99) For utterance MPK327, best cost 62.9306 + 3987.67 = 4050.6 over 349 frames.
MPK327 kari pal inxai singgam kadambam 
LOG (lattice-best-path[5.5.1139~1-67548]:main():lattice-best-path.cc:99) For utterance MPK328, best cost 52.3108 + 4700.93 = 4753.24 over 399 frames.
MPK328 indda raajaa taa endda baasxai peesinaar 
LOG (lattice-best-path[5.5.1139~1-67548]:main():lattice-best-path.cc:99) For utterance MPK329, best cost 34.7974 + 3526.75 = 3561.55 over 304 frames.
MPK329 idxam purusxan balasaali 
LOG (lattice-best-path[5.5.1139~1-67548]:main():lattice-best-path.cc:99) For utterance MPK330, best cost 49.5158 + 4087.38 = 4136.89 over 354 frames.
MPK330 kuzhi ndilawiyadeu koobam 
LOG (lattice-best-path[5.5.1139~1-67548]:main():lattice-best-path.cc:99) For utterance MPK331, best cost 32.2304 + 2856.59 = 2888.82 over 237 frames.
MPK331 oreu jenma banddam 
LOG (lattice-best-path[5.5.1139~1-67548]:main():lattice-best-path.cc:99) For utterance MPK332, best cost 40.7655 + 4039.24 = 4080.01 over 328 frames.
MPK332 inrxeu puujaiyil kalanddeu kuzhi 
LOG (lattice-best-path[5.5.1139~1-67548]:main():lattice-best-path.cc:99) For utterance MPK333, best cost 47.2364 + 4157.88 = 4205.11 over 343 frames.
MPK333 pon porulx paartteu kaip kaalxai 
LOG (lattice-best-path[5.5.1139~1-67548]:main():lattice-best-path.cc:99) For utterance MPK334, best cost 54.2677 + 3523.92 = 3578.19 over 303 frames.
MPK334 uuham banddam pazham ulxlxadeu 
LOG (lattice-best-path[5.5.1139~1-67548]:main():lattice-best-path.cc:99) For utterance MPK335, best cost 41.3319 + 3027.98 = 3069.31 over 263 frames.
MPK335 otxtxeuk iiyam kurxai 
LOG (lattice-best-path[5.5.1139~1-67548]:main():lattice-best-path.cc:99) For utterance MPK336, best cost 55.9089 + 3060.59 = 3116.5 over 257 frames.
MPK336 wazhiyaip ndam taay kariim 
LOG (lattice-best-path[5.5.1139~1-67548]:main():lattice-best-path.cc:99) For utterance MPK337, best cost 68.7966 + 3879.79 = 3948.58 over 332 frames.
MPK337 taay injji koosxam awan amaraadee 
LOG (lattice-best-path[5.5.1139~1-67548]:main():lattice-best-path.cc:99) For utterance MPK338, best cost 45.8945 + 3505.96 = 3551.86 over 304 frames.
MPK338 taraadaram anjjali waliyadeu 
LOG (lattice-best-path[5.5.1139~1-67548]:main():lattice-best-path.cc:99) For utterance MPK339, best cost 23.0739 + 3521.11 = 3544.19 over 298 frames.
MPK339 etxtxeukkaali oreu puucci 
LOG (lattice-best-path[5.5.1139~1-67548]:main():lattice-best-path.cc:99) For utterance MPK340, best cost 79.812 + 4190.41 = 4270.22 over 361 frames.
MPK340 maarc sirxeu mazhai seewalin malar eenddinaan 
LOG (lattice-best-path[5.5.1139~1-67548]:main():lattice-best-path.cc:99) For utterance MPK341, best cost 33.8508 + 2762.24 = 2796.09 over 239 frames.
MPK341 inggeu kanxnxeukkeu ndalladeu 
LOG (lattice-best-path[5.5.1139~1-67548]:main():lattice-best-path.cc:99) For utterance MPK342, best cost 45.1986 + 3314.09 = 3359.29 over 291 frames.
MPK342 muga irunddadeu patxtxam 
LOG (lattice-best-path[5.5.1139~1-67548]:main():lattice-best-path.cc:99) For utterance MPK343, best cost 44.9145 + 4669.73 = 4714.64 over 408 frames.
MPK343 kodxiyadeu muuladanam poodxa weenxdxum 
LOG (lattice-best-path[5.5.1139~1-67548]:main():lattice-best-path.cc:99) For utterance MPK344, best cost 42.763 + 3276.37 = 3319.14 over 298 frames.
MPK344 enxnxey ndil erinddadeu 
LOG (lattice-best-path[5.5.1139~1-67548]:main():lattice-best-path.cc:99) For utterance MPK345, best cost 54.837 + 4071.7 = 4126.53 over 356 frames.
MPK345 idxa mazhai anjjal enggeu ulxlxadeu 
LOG (lattice-best-path[5.5.1139~1-67548]:main():lattice-best-path.cc:99) For utterance MPK346, best cost 47.6201 + 3668.92 = 3716.54 over 310 frames.
MPK346 maarc kalanddeu raajjiyam weenxdxum 
LOG (lattice-best-path[5.5.1139~1-67548]:main():lattice-best-path.cc:99) For utterance MPK347, best cost 54.9572 + 3088.05 = 3143.01 over 257 frames.
MPK347 teeytteuk sirxeu koosxam aayudam 
LOG (lattice-best-path[5.5.1139~1-67548]:main():lattice-best-path.cc:99) For utterance MPK348, best cost 53.9349 + 3048.21 = 3102.14 over 255 frames.
MPK348 anjjal lanjja manx hastam 
LOG (lattice-best-path[5.5.1139~1-67548]:main():lattice-best-path.cc:99) For utterance MPK349, best cost 24.5577 + 3844.48 = 3869.04 over 324 frames.
MPK349 tuukkam udxaleukkeu ndalladeu 
LOG (lattice-best-path[5.5.1139~1-67548]:main():lattice-best-path.cc:99) For utterance MPK350, best cost 42.0093 + 4205.7 = 4247.71 over 347 frames.
MPK350 kaasxmiir muga laksxanxam ulxlxa penx 
LOG (lattice-best-path[5.5.1139~1-67548]:main():lattice-best-path.cc:99) For utterance MPK351, best cost 47.727 + 3843.73 = 3891.46 over 325 frames.
MPK351 ndiyaayam mozhi walxarcci tarum 
LOG (lattice-best-path[5.5.1139~1-67548]:main():lattice-best-path.cc:99) For utterance MPK352, best cost 35.8695 + 4445.52 = 4481.39 over 382 frames.
MPK352 wiitxtxil wiseesxam wanddadeu 
LOG (lattice-best-path[5.5.1139~1-67548]:main():lattice-best-path.cc:99) For utterance MPK353, best cost 55.8839 + 4400.85 = 4456.74 over 376 frames.
MPK353 wandda sisxyan taay kuurxeu 
LOG (lattice-best-path[5.5.1139~1-67548]:main():lattice-best-path.cc:99) For utterance MPK354, best cost 84.781 + 5490.25 = 5575.03 over 466 frames.
MPK354 iranxdxeu wiidi tiirweu talaindagaram selwam peerunddeu 
LOG (lattice-best-path[5.5.1139~1-67548]:main():lattice-best-path.cc:99) For utterance MPK355, best cost 27.2803 + 4411.4 = 4438.68 over 378 frames.
MPK355 jadxai pinni weesxam poodxeu 
LOG (lattice-best-path[5.5.1139~1-67548]:main():lattice-best-path.cc:99) For utterance MPK356, best cost 23.3156 + 3784.64 = 3807.96 over 318 frames.
MPK356 janawari mudal maadam 
LOG (lattice-best-path[5.5.1139~1-67548]:main():lattice-best-path.cc:99) For utterance MPK357, best cost 43.9786 + 3000.23 = 3044.21 over 255 frames.
MPK357 janamee inxai ndam balam 
LOG (lattice-best-path[5.5.1139~1-67548]:main():lattice-best-path.cc:99) For utterance MPK358, best cost 53.4141 + 3265.16 = 3318.58 over 269 frames.
MPK358 ndaay kuzhi widiyai paar paar 
LOG (lattice-best-path[5.5.1139~1-67548]:main():lattice-best-path.cc:99) For utterance MPK359, best cost 46.9683 + 3862.52 = 3909.49 over 317 frames.
MPK359 karuttaranggam kaatxtxa marunddeu 
LOG (lattice-best-path[5.5.1139~1-67548]:main():lattice-best-path.cc:99) For utterance MPK360, best cost 45.1992 + 3413.77 = 3458.97 over 291 frames.
MPK360 ndalla appaal irunddaan 
LOG (lattice-best-path[5.5.1139~1-67548]:main():lattice-best-path.cc:99) For utterance MPK361, best cost 36.2919 + 3459.44 = 3495.73 over 306 frames.
MPK361 raajjiyam kolxlxaadee 
LOG (lattice-best-path[5.5.1139~1-67548]:main():lattice-best-path.cc:99) For utterance MPK362, best cost 81.5145 + 4595.84 = 4677.35 over 396 frames.
MPK362 hastam pozhudeu eenddeu kanjji tii injji 
LOG (lattice-best-path[5.5.1139~1-67548]:main():lattice-best-path.cc:99) For utterance MPK363, best cost 55.5632 + 3882.9 = 3938.46 over 329 frames.
MPK363 tinnaadeu eepral mazhai tinggalx 
LOG (lattice-best-path[5.5.1139~1-67548]:main():lattice-best-path.cc:99) For utterance MPK364, best cost 46.3786 + 3610.89 = 3657.27 over 309 frames.
MPK364 toonxdxiyadeu sanddippeu kuuwum 
LOG (lattice-best-path[5.5.1139~1-67548]:main():lattice-best-path.cc:99) For utterance MPK365, best cost 47.0232 + 3659.37 = 3706.4 over 311 frames.
MPK365 indda inrxeu walxarcci ndaatxtxeu walxarcci 
LOG (lattice-best-path[5.5.1139~1-67548]:main():lattice-best-path.cc:99) For utterance MPR293, best cost 25.6061 + 3592.21 = 3617.82 over 306 frames.
MPR293 guruwai sisxyan wanxangginaan 
LOG (lattice-best-path[5.5.1139~1-67548]:main():lattice-best-path.cc:99) For utterance MPR294, best cost 21.448 + 2571.86 = 2593.3 over 218 frames.
MPR294 siikkiram eerxpaadxeu sey 
LOG (lattice-best-path[5.5.1139~1-67548]:main():lattice-best-path.cc:99) For utterance MPR295, best cost 21.748 + 2433.26 = 2455.01 over 208 frames.
MPR295 siirxum paambai ndambaadee 
LOG (lattice-best-path[5.5.1139~1-67548]:main():lattice-best-path.cc:99) For utterance MPR296, best cost 39.8797 + 3832.34 = 3872.22 over 329 frames.
MPR296 patxtxeu suzhi sirxuwan seetxtxai seywaan 
LOG (lattice-best-path[5.5.1139~1-67548]:main():lattice-best-path.cc:99) For utterance MPR297, best cost 23.7921 + 2783.43 = 2807.23 over 237 frames.
MPR297 suutxcamam arxinddeu seyalpadxeu 
LOG (lattice-best-path[5.5.1139~1-67548]:main():lattice-best-path.cc:99) For utterance MPR298, best cost 22.9252 + 2765.52 = 2788.44 over 235 frames.
MPR298 asuran tawam irunddaan 
LOG (lattice-best-path[5.5.1139~1-67548]:main():lattice-best-path.cc:99) For utterance MPR299, best cost 21.5437 + 2499.17 = 2520.72 over 212 frames.
MPR299 kaalxi suulam eenddinaan 
LOG (lattice-best-path[5.5.1139~1-67548]:main():lattice-best-path.cc:99) For utterance MPR300, best cost 29.6445 + 3863.38 = 3893.02 over 321 frames.
MPR300 sutxrxeu suuzhal sugaadaaram pinpatxrxeu 
LOG (lattice-best-path[5.5.1139~1-67548]:main():lattice-best-path.cc:99) For utterance MPR301, best cost 27.6701 + 3455.3 = 3482.97 over 294 frames.
MPR301 seewalin kuuwalil pozhudeu widxiyum 
LOG (lattice-best-path[5.5.1139~1-67548]:main():lattice-best-path.cc:99) For utterance MPR302, best cost 53.6698 + 2726.65 = 2780.32 over 228 frames.
MPR302 enakkeu waa paagam marxadi unxdxeu 
LOG (lattice-best-path[5.5.1139~1-67548]:main():lattice-best-path.cc:99) For utterance MPR303, best cost 48.4943 + 3582.31 = 3630.8 over 311 frames.
MPR303 ndaay ireu widxumurxai kadxai adxaippeu 
LOG (lattice-best-path[5.5.1139~1-67548]:main():lattice-best-path.cc:99) For utterance MPR304, best cost 30.3896 + 4058.29 = 4088.68 over 347 frames.
MPR304 tanggalx udxaimai miideu gawanam selutteu 
LOG (lattice-best-path[5.5.1139~1-67548]:main():lattice-best-path.cc:99) For utterance MPR305, best cost 32.5335 + 4322.44 = 4354.98 over 362 frames.
MPR305 tatruubamaaga ndadxitteuk kaatxtxa njaanam teewai 
LOG (lattice-best-path[5.5.1139~1-67548]:main():lattice-best-path.cc:99) For utterance MPR306, best cost 27.9437 + 3187.93 = 3215.87 over 276 frames.
MPR306 tii muutxtxi tii wibatteu ndadxanddadeu 
LOG (lattice-best-path[5.5.1139~1-67548]:main():lattice-best-path.cc:99) For utterance MPR307, best cost 24.467 + 2587.84 = 2612.31 over 227 frames.
MPR307 un seyaleukkeut tiirweu kaanxeu 
LOG (lattice-best-path[5.5.1139~1-67548]:main():lattice-best-path.cc:99) For utterance MPR308, best cost 40.4245 + 2068.18 = 2108.61 over 180 frames.
MPR308 malar tudi waazhtteu 
LOG (lattice-best-path[5.5.1139~1-67548]:main():lattice-best-path.cc:99) For utterance MPR309, best cost 24.0212 + 2817.14 = 2841.16 over 240 frames.
MPR309 iranxdxeu pal puunxdxeu ndalladeu 
LOG (lattice-best-path[5.5.1139~1-67548]:main():lattice-best-path.cc:99) For utterance MPR310, best cost 25.1107 + 2898.46 = 2923.57 over 239 frames.
MPR310 tusxtxan tusxtxa seyal seywaan 
LOG (lattice-best-path[5.5.1139~1-67548]:main():lattice-best-path.cc:99) For utterance MPR311, best cost 31.537 + 3662.74 = 3694.27 over 312 frames.
MPR311 purxaa tuudeu anuppa tolai duuram parxanddadeu 
LOG (lattice-best-path[5.5.1139~1-67548]:main():lattice-best-path.cc:99) For utterance MPR312, best cost 31.7982 + 3446.62 = 3478.42 over 298 frames.
MPR312 manjjalx tuulx maruttuwa gunxam ndirxainddadeu 
LOG (lattice-best-path[5.5.1139~1-67548]:main():lattice-best-path.cc:99) For utterance MPR313, best cost 24.3781 + 2569.29 = 2593.67 over 227 frames.
MPR313 kutxtxaiyil tanxnxiir teenggiyadeu 
LOG (lattice-best-path[5.5.1139~1-67548]:main():lattice-best-path.cc:99) For utterance MPR314, best cost 24.0677 + 2487.65 = 2511.72 over 208 frames.
MPR314 toonrxiya pugazhin toonrxuga 
LOG (lattice-best-path[5.5.1139~1-67548]:main():lattice-best-path.cc:99) For utterance MPR315, best cost 24.3443 + 2892.11 = 2916.46 over 245 frames.
MPR315 toosxattirxkeu parigaaram sey 
LOG (lattice-best-path[5.5.1139~1-67548]:main():lattice-best-path.cc:99) For utterance MPR316, best cost 36.7676 + 3189.08 = 3225.84 over 261 frames.
MPR316 katti pugai oosoonai baadikkum 
LOG (lattice-best-path[5.5.1139~1-67548]:main():lattice-best-path.cc:99) For utterance MPR317, best cost 21.1495 + 2019.48 = 2040.63 over 174 frames.
MPR317 paambin ndanjjeu kodxiyadeu 
LOG (lattice-best-path[5.5.1139~1-67548]:main():lattice-best-path.cc:99) For utterance MPR318, best cost 19.9925 + 2012.78 = 2032.77 over 176 frames.
MPR318 inrxeu mazhai ndiidxikkum 
LOG (lattice-best-path[5.5.1139~1-67548]:main():lattice-best-path.cc:99) For utterance MPR319, best cost 24.3668 + 2712.54 = 2736.9 over 240 frames.
MPR319 saalaiyil ndiir ndirambiyadeu 
LOG (lattice-best-path[5.5.1139~1-67548]:main():lattice-best-path.cc:99) For utterance MPR320, best cost 33.3114 + 2615.19 = 2648.5 over 222 frames.
MPR320 paarkkaadee oreu ndaadxeu 
LOG (lattice-best-path[5.5.1139~1-67548]:main():lattice-best-path.cc:99) For utterance MPR321, best cost 26.0774 + 3157.75 = 3183.82 over 249 frames.
MPR321 een ippadxi ndoonjjaanaaga ireukkaan 
LOG (lattice-best-path[5.5.1139~1-67548]:main():lattice-best-path.cc:99) For utterance MPR322, best cost 24.03 + 2841.85 = 2865.88 over 252 frames.
MPR322 deesiya panggeu uyarnddadeu 
LOG (lattice-best-path[5.5.1139~1-67548]:main():lattice-best-path.cc:99) For utterance MPR323, best cost 38.1305 + 3409.34 = 3447.47 over 295 frames.
MPR323 aatxrxil tanxnxiir panjjam ndilawiyadeu 
LOG (lattice-best-path[5.5.1139~1-67548]:main():lattice-best-path.cc:99) For utterance MPR324, best cost 31.0539 + 4103.48 = 4134.54 over 373 frames.
MPR324 panjjaayatteu wazhakkeu mudxiweukkeu wanddadeu 
LOG (lattice-best-path[5.5.1139~1-67548]:main():lattice-best-path.cc:99) For utterance MPR325, best cost 25.4186 + 3151.78 = 3177.2 over 277 frames.
MPR325 panjjeu nderuppil karugiyadeu 
LOG (lattice-best-path[5.5.1139~1-67548]:main():lattice-best-path.cc:99) For utterance MPR326, best cost 26.9654 + 3220 = 3246.97 over 259 frames.
MPR326 pazhanggudxi makkalx panxbeu sirxappeu 
LOG (lattice-best-path[5.5.1139~1-67548]:main():lattice-best-path.cc:99) For utterance MPR327, best cost 40.4899 + 3630.27 = 3670.76 over 313 frames.
MPR327 kaalai bajanai migawum ndam balam 
LOG (lattice-best-path[5.5.1139~1-67548]:main():lattice-best-path.cc:99) For utterance MPR328, best cost 29.5802 + 3924.08 = 3953.66 over 337 frames.
MPR328 indda raajaa endda baasxai peesinaar 
LOG (lattice-best-path[5.5.1139~1-67548]:main():lattice-best-path.cc:99) For utterance MPR329, best cost 20.2428 + 2263.33 = 2283.57 over 195 frames.
MPR329 en purusxan balasaali 
LOG (lattice-best-path[5.5.1139~1-67548]:main():lattice-best-path.cc:99) For utterance MPR330, best cost 47.6122 + 3271.69 = 3319.3 over 284 frames.
MPR330 puunai sirxeu uuril puugambam 
LOG (lattice-best-path[5.5.1139~1-67548]:main():lattice-best-path.cc:99) For utterance MPR331, best cost 30.9058 + 2113.4 = 2144.31 over 166 frames.
MPR331 kuuzh jenma banddam 
LOG (lattice-best-path[5.5.1139~1-67548]:main():lattice-best-path.cc:99) For utterance MPR332, best cost 24.5088 + 2933.69 = 2958.2 over 251 frames.
MPR332 inrxeu puujaiyil kalanddeu kolx 
LOG (lattice-best-path[5.5.1139~1-67548]:main():lattice-best-path.cc:99) For utterance MPR333, best cost 25.297 + 3078.77 = 3104.07 over 261 frames.
MPR333 pon porulx paartteu pazhagaadee 
LOG (lattice-best-path[5.5.1139~1-67548]:main():lattice-best-path.cc:99) For utterance MPR334, best cost 24.4409 + 2483.26 = 2507.7 over 219 frames.
MPR334 un mugam poliwaaga ulxlxadeu 
LOG (lattice-best-path[5.5.1139~1-67548]:main():lattice-best-path.cc:99) For utterance MPR335, best cost 21.9887 + 2402 = 2423.99 over 206 frames.
MPR335 petxtxiyai kiizhee poodxeu 
LOG (lattice-best-path[5.5.1139~1-67548]:main():lattice-best-path.cc:99) For utterance MPR336, best cost 21.4999 + 2424.04 = 2445.54 over 210 frames.
MPR336 pooliyaana waazhkkai tawir 
LOG (lattice-best-path[5.5.1139~1-67548]:main():lattice-best-path.cc:99) For utterance MPR337, best cost 34.2141 + 2551.7 = 2585.91 over 212 frames.
MPR337 ndaanjjil poosxaakkaana unxaweu 
LOG (lattice-best-path[5.5.1139~1-67548]:main():lattice-best-path.cc:99) For utterance MPR338, best cost 23.3869 + 2757.31 = 2780.7 over 238 frames.
MPR338 elumbeu majjai waliyadeu 
LOG (lattice-best-path[5.5.1139~1-67548]:main():lattice-best-path.cc:99) For utterance MPR339, best cost 19.7692 + 2027.67 = 2047.43 over 167 frames.
MPR339 etxtxeukkaali oreu puucci 
LOG (lattice-best-path[5.5.1139~1-67548]:main():lattice-best-path.cc:99) For utterance MPR340, best cost 49.9239 + 3800.42 = 3850.34 over 316 frames.
MPR340 maarc maadattil paartteu teeytteuk 
LOG (lattice-best-path[5.5.1139~1-67548]:main():lattice-best-path.cc:99) For utterance MPR341, best cost 21.308 + 2147.81 = 2169.12 over 186 frames.
MPR341 miin kanxnxeukkeu ndalladeu 
LOG (lattice-best-path[5.5.1139~1-67548]:main():lattice-best-path.cc:99) For utterance MPR342, best cost 20.8016 + 2041.32 = 2062.12 over 181 frames.
MPR342 muulxai illaadawan mutxtxaalx 
LOG (lattice-best-path[5.5.1139~1-67548]:main():lattice-best-path.cc:99) For utterance MPR343, best cost 27.1175 + 2970.33 = 2997.45 over 258 frames.
MPR343 tozhilil muuladanam poodxa weenxdxum 
LOG (lattice-best-path[5.5.1139~1-67548]:main():lattice-best-path.cc:99) For utterance MPR344, best cost 42.3408 + 2064.07 = 2106.41 over 187 frames.
MPR344 widiyai pirxarai eerxi ndil 
LOG (lattice-best-path[5.5.1139~1-67548]:main():lattice-best-path.cc:99) For utterance MPR345, best cost 26.0624 + 2703.72 = 2729.78 over 237 frames.
MPR345 indda maiyanggalx enggeu ulxlxadeu 
LOG (lattice-best-path[5.5.1139~1-67548]:main():lattice-best-path.cc:99) For utterance MPR346, best cost 22.3732 + 2133.05 = 2155.42 over 180 frames.
MPR346 makkalx raajjiyam weenxdxum 
LOG (lattice-best-path[5.5.1139~1-67548]:main():lattice-best-path.cc:99) For utterance MPR347, best cost 30.483 + 2342.72 = 2373.2 over 197 frames.
MPR347 risxikkeu roosxam padxi 
LOG (lattice-best-path[5.5.1139~1-67548]:main():lattice-best-path.cc:99) For utterance MPR348, best cost 19.7877 + 1959.17 = 1978.96 over 168 frames.
MPR348 lajjai enrxaal wekkam 
LOG (lattice-best-path[5.5.1139~1-67548]:main():lattice-best-path.cc:99) For utterance MPR349, best cost 22.5958 + 2536.37 = 2558.96 over 213 frames.
MPR349 tuukkam udxaleukkeu ndalladeu 
LOG (lattice-best-path[5.5.1139~1-67548]:main():lattice-best-path.cc:99) For utterance MPR350, best cost 42.3734 + 3945.28 = 3987.66 over 321 frames.
MPR350 laksxanxam muga laksxanxam ulxlxa penx 
LOG (lattice-best-path[5.5.1139~1-67548]:main():lattice-best-path.cc:99) For utterance MPR351, best cost 23.6081 + 2314.86 = 2338.47 over 190 frames.
MPR351 widxaa muyarxci walxarcci tarum 
LOG (lattice-best-path[5.5.1139~1-67548]:main():lattice-best-path.cc:99) For utterance MPR352, best cost 20.6264 + 2059.79 = 2080.42 over 170 frames.
MPR352 wiitxtxil wiseesxam unxdxeu 
LOG (lattice-best-path[5.5.1139~1-67548]:main():lattice-best-path.cc:99) For utterance MPR353, best cost 34.5452 + 2683.06 = 2717.61 over 229 frames.
MPR353 manjjalx wisxayattaik kuurxeu 
LOG (lattice-best-path[5.5.1139~1-67548]:main():lattice-best-path.cc:99) For utterance MPR354, best cost 40.6231 + 3379.8 = 3420.42 over 291 frames.
MPR354 en miideu wazhiyaaga sellum peerunddeu 
LOG (lattice-best-path[5.5.1139~1-67548]:main():lattice-best-path.cc:99) For utterance MPR355, best cost 23.4384 + 2513.99 = 2537.43 over 214 frames.
MPR355 jadxai pinni weesxam poodxeu 
LOG (lattice-best-path[5.5.1139~1-67548]:main():lattice-best-path.cc:99) For utterance MPR356, best cost 21.3854 + 2153.45 = 2174.84 over 179 frames.
MPR356 janawari mudal maadam 
LOG (lattice-best-path[5.5.1139~1-67548]:main():lattice-best-path.cc:99) For utterance MPR357, best cost 20.718 + 2299.76 = 2320.48 over 206 frames.
MPR357 janamee ndam balam 
LOG (lattice-best-path[5.5.1139~1-67548]:main():lattice-best-path.cc:99) For utterance MPR358, best cost 41.9315 + 2437.22 = 2479.15 over 204 frames.
MPR358 paartteu pidxi paappaa 
LOG (lattice-best-path[5.5.1139~1-67548]:main():lattice-best-path.cc:99) For utterance MPR359, best cost 24.6122 + 2740.11 = 2764.72 over 231 frames.
MPR359 waay jaalam kaatxtxum manidan 
LOG (lattice-best-path[5.5.1139~1-67548]:main():lattice-best-path.cc:99) For utterance MPR360, best cost 31.164 + 1938.14 = 1969.3 over 159 frames.
MPR360 jaalraa poodxa irunddaan 
LOG (lattice-best-path[5.5.1139~1-67548]:main():lattice-best-path.cc:99) For utterance MPR361, best cost 18.5996 + 1820.24 = 1838.84 over 150 frames.
MPR361 ajiiranxak koolxaarxeu 
LOG (lattice-best-path[5.5.1139~1-67548]:main():lattice-best-path.cc:99) For utterance MPR362, best cost 71.8844 + 3344.31 = 3416.19 over 279 frames.
MPR362 paar tawarxeu iranxdxeu kanjji injji 
LOG (lattice-best-path[5.5.1139~1-67548]:main():lattice-best-path.cc:99) For utterance MPR363, best cost 23.9075 + 2734.06 = 2757.97 over 232 frames.
MPR363 ndiinggalx sxeemamaaga irunggalx 
LOG (lattice-best-path[5.5.1139~1-67548]:main():lattice-best-path.cc:99) For utterance MPR364, best cost 41.9434 + 2519.91 = 2561.85 over 208 frames.
MPR364 togudi iratxtxai sanddippeu 
LOG (lattice-best-path[5.5.1139~1-67548]:main():lattice-best-path.cc:99) For utterance MPR365, best cost 37.4193 + 3084.36 = 3121.78 over 259 frames.
MPR365 jadxai walxarcci ndaatxtxeu walxarcci 
LOG (lattice-best-path[5.5.1139~1-67548]:main():lattice-best-path.cc:99) For utterance MRA293, best cost 26.2429 + 4584.86 = 4611.11 over 399 frames.
MRA293 guruwai sisxyan wanxangginaan 
LOG (lattice-best-path[5.5.1139~1-67548]:main():lattice-best-path.cc:99) For utterance MRA294, best cost 53.3463 + 3580.04 = 3633.39 over 310 frames.
MRA294 siikkiram eepral adeu sey 
LOG (lattice-best-path[5.5.1139~1-67548]:main():lattice-best-path.cc:99) For utterance MRA295, best cost 22.9871 + 3087.94 = 3110.92 over 272 frames.
MRA295 siirxum paambai ndambaadee 
LOG (lattice-best-path[5.5.1139~1-67548]:main():lattice-best-path.cc:99) For utterance MRA296, best cost 31.9481 + 4917.23 = 4949.18 over 422 frames.
MRA296 iratxtxai suzhi sirxuwan seetxtxai seywaan 
LOG (lattice-best-path[5.5.1139~1-67548]:main():lattice-best-path.cc:99) For utterance MRA297, best cost 49.7092 + 3914.17 = 3963.88 over 358 frames.
MRA297 sol sirxuwar arxinddeu seyalpadxeu 
LOG (lattice-best-path[5.5.1139~1-67548]:main():lattice-best-path.cc:99) For utterance MRA298, best cost 23.7512 + 3335.84 = 3359.59 over 305 frames.
MRA298 asuran tawam irunddaan 
LOG (lattice-best-path[5.5.1139~1-67548]:main():lattice-best-path.cc:99) For utterance MRA299, best cost 22.9378 + 3427.18 = 3450.12 over 314 frames.
MRA299 kaalxi suulam eenddinaan 
LOG (lattice-best-path[5.5.1139~1-67548]:main():lattice-best-path.cc:99) For utterance MRA300, best cost 29.8571 + 4390.47 = 4420.33 over 380 frames.
MRA300 sutxrxeu suuzhal sugaadaaram pinpatxrxeu 
LOG (lattice-best-path[5.5.1139~1-67548]:main():lattice-best-path.cc:99) For utterance MRA301, best cost 28.3572 + 3726.88 = 3755.24 over 328 frames.
MRA301 seewalin kuuwalil pozhudeu widxiyum 
LOG (lattice-best-path[5.5.1139~1-67548]:main():lattice-best-path.cc:99) For utterance MRA302, best cost 56.8607 + 3680.63 = 3737.5 over 307 frames.
MRA302 ezhutteup ndalla marunddeu arunddeu 
LOG (lattice-best-path[5.5.1139~1-67548]:main():lattice-best-path.cc:99) For utterance MRA303, best cost 39.4139 + 4480.33 = 4519.75 over 399 frames.
MRA303 daaniyam widxumurxai kadxai adxaippeu 
LOG (lattice-best-path[5.5.1139~1-67548]:main():lattice-best-path.cc:99) For utterance MRA304, best cost 52.9943 + 5172.29 = 5225.28 over 441 frames.
MRA304 tanggalx udxaimai wiidxeu gawanam selutteu 
LOG (lattice-best-path[5.5.1139~1-67548]:main():lattice-best-path.cc:99) For utterance MRA305, best cost 83.0926 + 5701.13 = 5784.23 over 508 frames.
MRA305 taay tara waaraa ndadxitteuk kaatxtxa ndaanxam pirxarai 
LOG (lattice-best-path[5.5.1139~1-67548]:main():lattice-best-path.cc:99) For utterance MRA306, best cost 61.0932 + 4714.34 = 4775.43 over 428 frames.
MRA306 teriyum pereu siwappeu ndadxanddadeu 
LOG (lattice-best-path[5.5.1139~1-67548]:main():lattice-best-path.cc:99) For utterance MRA307, best cost 25.7633 + 4079.53 = 4105.29 over 358 frames.
MRA307 un seyaleukkeut tiirweu kaanxeu 
LOG (lattice-best-path[5.5.1139~1-67548]:main():lattice-best-path.cc:99) For utterance MRA308, best cost 43.3394 + 3079.06 = 3122.4 over 275 frames.
MRA308 malar tawarxeu waazhtteu 
LOG (lattice-best-path[5.5.1139~1-67548]:main():lattice-best-path.cc:99) For utterance MRA309, best cost 45.02 + 3785.31 = 3830.33 over 325 frames.
MRA309 iranxdxeu pal kuurnddeu ndalladeu 
LOG (lattice-best-path[5.5.1139~1-67548]:main():lattice-best-path.cc:99) For utterance MRA310, best cost 26.9781 + 3582.59 = 3609.57 over 303 frames.
MRA310 tusxtxan tusxtxa seyal seywaan 
LOG (lattice-best-path[5.5.1139~1-67548]:main():lattice-best-path.cc:99) For utterance MRA311, best cost 66.1824 + 5587.7 = 5653.88 over 480 frames.
MRA311 purxaa tuudeu anuppa pirxareukkeu ooram parxanddadeu 
LOG (lattice-best-path[5.5.1139~1-67548]:main():lattice-best-path.cc:99) For utterance MRA312, best cost 51.6025 + 3942.15 = 3993.76 over 319 frames.
MRA312 manjjalx pool maruttuwa gunxam ndirxainddadeu 
LOG (lattice-best-path[5.5.1139~1-67548]:main():lattice-best-path.cc:99) For utterance MRA313, best cost 24.4985 + 2884.65 = 2909.15 over 254 frames.
MRA313 kutxtxaiyil tanxnxiir teenggiyadeu 
LOG (lattice-best-path[5.5.1139~1-67548]:main():lattice-best-path.cc:99) For utterance MRA314, best cost 42.8612 + 2829.54 = 2872.4 over 245 frames.
MRA314 kanrxeu uurwadeu wanddadeu 
LOG (lattice-best-path[5.5.1139~1-67548]:main():lattice-best-path.cc:99) For utterance MRA315, best cost 60.0232 + 4447.65 = 4507.67 over 390 frames.
MRA315 roosxam tiidum wazhiyaaga sey 
LOG (lattice-best-path[5.5.1139~1-67548]:main():lattice-best-path.cc:99) For utterance MRA316, best cost 29.6155 + 4597.84 = 4627.46 over 387 frames.
MRA316 ndacceup pugai oosoonai baadikkum 
LOG (lattice-best-path[5.5.1139~1-67548]:main():lattice-best-path.cc:99) For utterance MRA317, best cost 25.0382 + 4827 = 4852.04 over 449 frames.
MRA317 paambin ndanjjeu kodxiyadeu 
LOG (lattice-best-path[5.5.1139~1-67548]:main():lattice-best-path.cc:99) For utterance MRA318, best cost 23.6412 + 3330.5 = 3354.14 over 286 frames.
MRA318 inrxeu mazhai ndiidxikkum 
LOG (lattice-best-path[5.5.1139~1-67548]:main():lattice-best-path.cc:99) For utterance MRA319, best cost 24.1483 + 3149.4 = 3173.55 over 284 frames.
MRA319 saalaiyil ndiir ndirambiyadeu 
LOG (lattice-best-path[5.5.1139~1-67548]:main():lattice-best-path.cc:99) For utterance MRA320, best cost 53.8627 + 2591.4 = 2645.26 over 222 frames.
MRA320 manxal adeu gunxam adeu 
LOG (lattice-best-path[5.5.1139~1-67548]:main():lattice-best-path.cc:99) For utterance MRA321, best cost 28.3564 + 4136.69 = 4165.05 over 354 frames.
MRA321 een ippadxi ndoonjjaanaaga ireukkaan 
LOG (lattice-best-path[5.5.1139~1-67548]:main():lattice-best-path.cc:99) For utterance MRA322, best cost 24.663 + 3511.98 = 3536.64 over 307 frames.
MRA322 deesiya panggeu uyarnddadeu 
LOG (lattice-best-path[5.5.1139~1-67548]:main():lattice-best-path.cc:99) For utterance MRA323, best cost 62.8126 + 3482.24 = 3545.05 over 309 frames.
MRA323 ndaatxtxil tanxnxiir banddam seyal alxanddeu 
LOG (lattice-scale[5.5.1139~1-67548]:main():lattice-scale.cc:107) Done 511 lattices.
LOG (lattice-best-path[5.5.1139~1-67548]:main():lattice-best-path.cc:99) For utterance MRA324, best cost 30.7038 + 3689.64 = 3720.35 over 319 frames.
MRA324 panjjaayatteu wazhakkeu mudxiweukkeu wanddadeu 
LOG (lattice-best-path[5.5.1139~1-67548]:main():lattice-best-path.cc:99) For utterance MRA325, best cost 25.7568 + 3401.36 = 3427.11 over 283 frames.
MRA325 panjjeu nderuppil karugiyadeu 
LOG (lattice-best-path[5.5.1139~1-67548]:main():lattice-best-path.cc:99) For utterance MRA326, best cost 71.2401 + 4970.47 = 5041.71 over 434 frames.
MRA326 pazhanggudxi manx kal kanrxeu sirxappeu 
LOG (lattice-best-path[5.5.1139~1-67548]:main():lattice-best-path.cc:99) For utterance MRA327, best cost 41.0101 + 4055.46 = 4096.47 over 343 frames.
MRA327 kaalai bajanai migawum sakkaram 
LOG (lattice-best-path[5.5.1139~1-67548]:main():lattice-best-path.cc:99) For utterance MRA328, best cost 29.9708 + 4518.71 = 4548.68 over 384 frames.
MRA328 indda raajaa endda baasxai peesinaar 
LOG (lattice-best-path[5.5.1139~1-67548]:main():lattice-best-path.cc:99) For utterance MRA329, best cost 22.1833 + 2746 = 2768.19 over 226 frames.
MRA329 en purusxan balasaali 
LOG (lattice-best-path[5.5.1139~1-67548]:main():lattice-best-path.cc:99) For utterance MRA330, best cost 26.1553 + 3951.64 = 3977.79 over 342 frames.
MRA330 buwaneesxwar uuril puugambam 
LOG (lattice-best-path[5.5.1139~1-67548]:main():lattice-best-path.cc:99) For utterance MRA331, best cost 22.3467 + 2922.83 = 2945.18 over 241 frames.
MRA331 puurwa jenma banddam 
LOG (lattice-best-path[5.5.1139~1-67548]:main():lattice-best-path.cc:99) For utterance MRA332, best cost 24.0986 + 3184.76 = 3208.86 over 266 frames.
MRA332 inrxeu puujaiyil kalanddeu kolx 
LOG (lattice-best-path[5.5.1139~1-67548]:main():lattice-best-path.cc:99) For utterance MRA333, best cost 26.8308 + 3796.86 = 3823.69 over 327 frames.
MRA333 pon porulx paartteu pazhagaadee 
LOG (lattice-best-path[5.5.1139~1-67548]:main():lattice-best-path.cc:99) For utterance MRA334, best cost 45.4648 + 3257.96 = 3303.42 over 297 frames.
MRA334 muuladanam pooliyaana ulxlxadeu 
LOG (lattice-best-path[5.5.1139~1-67548]:main():lattice-best-path.cc:99) For utterance MRA335, best cost 23.9128 + 2205.01 = 2228.92 over 179 frames.
MRA335 otxtxeuk keetxpadeu 
LOG (lattice-best-path[5.5.1139~1-67548]:main():lattice-best-path.cc:99) For utterance MRA336, best cost 35.2298 + 3192.6 = 3227.83 over 266 frames.
MRA336 pooliyaana waazhkkai uudxagam 
LOG (lattice-best-path[5.5.1139~1-67548]:main():lattice-best-path.cc:99) For utterance MRA337, best cost 38.2888 + 3969.73 = 4008.02 over 346 frames.
MRA337 ndaay kuzhi poosxaakkaana unxaweu 
LOG (lattice-best-path[5.5.1139~1-67548]:main():lattice-best-path.cc:99) For utterance MRA338, best cost 34.1561 + 2542.92 = 2577.08 over 232 frames.
MRA338 endda majjai waliyadeu 
LOG (lattice-best-path[5.5.1139~1-67548]:main():lattice-best-path.cc:99) For utterance MRA339, best cost 20.7174 + 2512.94 = 2533.66 over 213 frames.
MRA339 etxtxeukkaali oreu puucci 
LOG (lattice-best-path[5.5.1139~1-67548]:main():lattice-best-path.cc:99) For utterance MRA340, best cost 64.8295 + 3631.98 = 3696.81 over 319 frames.
MRA340 maarc maadattil pal alxanddeu en sey 
LOG (lattice-best-path[5.5.1139~1-67548]:main():lattice-best-path.cc:99) For utterance MRA341, best cost 35.8673 + 2686.04 = 2721.91 over 230 frames.
MRA341 ndiyaayam kanxnxeukkeu ndalladeu 
LOG (lattice-best-path[5.5.1139~1-67548]:main():lattice-best-path.cc:99) For utterance MRA342, best cost 21.5221 + 2369.88 = 2391.4 over 201 frames.
MRA342 muulxai illaadawan mutxtxaalx 
LOG (lattice-best-path[5.5.1139~1-67548]:main():lattice-best-path.cc:99) For utterance MRA343, best cost 39.783 + 3335.25 = 3375.04 over 299 frames.
MRA343 mozhi muuladanam poodxa weenxdxum 
LOG (lattice-best-path[5.5.1139~1-67548]:main():lattice-best-path.cc:99) For utterance MRA344, best cost 40.1893 + 2129.61 = 2169.79 over 191 frames.
MRA344 inddiyaawin wiidxeu ndil 
LOG (lattice-best-path[5.5.1139~1-67548]:main():lattice-best-path.cc:99) For utterance MRA345, best cost 38.4611 + 2943.67 = 2982.13 over 257 frames.
MRA345 enrxa maiyanggalx enggeu ulxlxadeu 
LOG (lattice-best-path[5.5.1139~1-67548]:main():lattice-best-path.cc:99) For utterance MRA346, best cost 24.0306 + 2893.72 = 2917.75 over 242 frames.
MRA346 makkalx raajjiyam weenxdxum 
LOG (lattice-best-path[5.5.1139~1-67548]:main():lattice-best-path.cc:99) For utterance MRA347, best cost 24.2597 + 3092.05 = 3116.31 over 254 frames.
MRA347 risxikkeu roosxam adigam 
LOG (lattice-best-path[5.5.1139~1-67548]:main():lattice-best-path.cc:99) For utterance MRA348, best cost 33.269 + 2926.85 = 2960.12 over 258 frames.
MRA348 lanjja enrxaal wekkam 
LOG (lattice-best-path[5.5.1139~1-67548]:main():lattice-best-path.cc:99) For utterance MRA349, best cost 22.716 + 2723.88 = 2746.59 over 235 frames.
MRA349 tuukkam udxaleukkeu ndalladeu 
LOG (lattice-add-penalty[5.5.1139~1-67548]:main():lattice-add-penalty.cc:62) Done adding word insertion penalty to 511 lattices.
LOG (lattice-best-path[5.5.1139~1-67548]:main():lattice-best-path.cc:99) For utterance MRA350, best cost 28.8111 + 3852.67 = 3881.48 over 330 frames.
MRA350 laksxmi muga laksxanxam ulxlxa penx 
LOG (lattice-best-path[5.5.1139~1-67548]:main():lattice-best-path.cc:99) For utterance MRA351, best cost 26.5172 + 3442.43 = 3468.95 over 294 frames.
MRA351 widxaa muyarxci walxarcci tarum 
LOG (lattice-best-path[5.5.1139~1-67548]:main():lattice-best-path.cc:99) For utterance MRA352, best cost 35.164 + 3115.54 = 3150.7 over 264 frames.
MRA352 waitteuk wiseesxam unxdxeu 
LOG (lattice-best-path[5.5.1139~1-67548]:main():lattice-best-path.cc:99) For utterance MRA353, best cost 58.7327 + 3078.61 = 3137.34 over 281 frames.
MRA353 manjjalx teeytteuk ooram sirxeu 
LOG (lattice-best-path[5.5.1139~1-67548]:main():lattice-best-path.cc:99) For utterance MRA354, best cost 43.6131 + 4428.63 = 4472.25 over 387 frames.
MRA354 en miideu wazhiyaaga sellum peerunddeu 
LOG (lattice-best-path[5.5.1139~1-67548]:main():lattice-best-path.cc:99) For utterance MRA355, best cost 54.3139 + 3043.1 = 3097.41 over 264 frames.
MRA355 jadxai pinni eezhai isxtxam ulxlxadeu 
LOG (lattice-best-path[5.5.1139~1-67548]:main():lattice-best-path.cc:99) For utterance MRA356, best cost 24.598 + 3074.29 = 3098.89 over 271 frames.
MRA356 janawari mudal maadam 
LOG (lattice-best-path[5.5.1139~1-67548]:main():lattice-best-path.cc:99) For utterance MRA357, best cost 20.839 + 2608.58 = 2629.41 over 233 frames.
MRA357 janamee ndam balam 
LOG (lattice-best-path[5.5.1139~1-67548]:main():lattice-best-path.cc:99) For utterance MRA358, best cost 42.7424 + 3021.3 = 3064.04 over 264 frames.
MRA358 taay tii illaiyadxi paappaa 
LOG (lattice-best-path[5.5.1139~1-67548]:main():lattice-best-path.cc:99) For utterance MRA359, best cost 27.4128 + 3624.19 = 3651.6 over 309 frames.
MRA359 waay jaalam kaatxtxum manidan 
LOG (lattice-best-path[5.5.1139~1-67548]:main():lattice-best-path.cc:99) For utterance MRA360, best cost 44.4344 + 3293.28 = 3337.71 over 278 frames.
MRA360 taazha ooram banddam 
LOG (lattice-best-path[5.5.1139~1-67548]:main():lattice-best-path.cc:99) For utterance MRA361, best cost 32.3383 + 2399.31 = 2431.65 over 218 frames.
MRA361 bajanai koolxaarxeu 
LOG (lattice-best-path[5.5.1139~1-67548]:main():lattice-best-path.cc:99) For utterance MRA362, best cost 81.2661 + 4956.99 = 5038.26 over 418 frames.
MRA362 udawum pal iranxdxeu kanxnxiir seyyin sey 
LOG (lattice-best-path[5.5.1139~1-67548]:main():lattice-best-path.cc:99) For utterance MRA363, best cost 56.6387 + 3256.54 = 3313.18 over 294 frames.
MRA363 inggeu suuranxam waazhalaam irunggalx 
LOG (lattice-best-path[5.5.1139~1-67548]:main():lattice-best-path.cc:99) For utterance MRA364, best cost 33.0462 + 2444.74 = 2477.79 over 208 frames.
MRA364 pagudiyil sanddippeu 
LOG (lattice-best-path[5.5.1139~1-67548]:main():lattice-best-path.cc:99) For utterance MRA365, best cost 57.179 + 3501.54 = 3558.72 over 311 frames.
MRA365 enxnxey azhageu sirxeu ndaatxtxeu walxarcci 
LOG (lattice-best-path[5.5.1139~1-67548]:main():lattice-best-path.cc:124) Overall cost per frame is 11.7192 = 0.118726 [graph] + 11.6005 [acoustic] over 182890 frames.
LOG (lattice-best-path[5.5.1139~1-67548]:main():lattice-best-path.cc:128) Done 511 lattices, failed for 0
# Accounting: time=0 threads=1
# Ended (code 0) at Mon Jul  8 11:11:48 IST 2024, elapsed time 0 seconds
