# lattice-scale --inv-acoustic-scale=13 "ark:gunzip -c exp_FG/tri_8_2000/decode/lat.*.gz|" ark:- | lattice-add-penalty --word-ins-penalty=0.0 ark:- ark:- | lattice-best-path --word-symbol-table=exp_FG/tri_8_2000/graph/words.txt ark:- ark,t:exp_FG/tri_8_2000/decode/scoring/13.tra 
# Started at Mon Jul  8 11:11:49 IST 2024
#
lattice-scale --inv-acoustic-scale=13 'ark:gunzip -c exp_FG/tri_8_2000/decode/lat.*.gz|' ark:- 
lattice-add-penalty --word-ins-penalty=0.0 ark:- ark:- 
lattice-best-path --word-symbol-table=exp_FG/tri_8_2000/graph/words.txt ark:- ark,t:exp_FG/tri_8_2000/decode/scoring/13.tra 
LOG (lattice-best-path[5.5.1139~1-67548]:main():lattice-best-path.cc:99) For utterance FSI293, best cost 25.5329 + 2261.03 = 2286.56 over 317 frames.
FSI293 guruwai sisxyan wanxangginaan 
LOG (lattice-best-path[5.5.1139~1-67548]:main():lattice-best-path.cc:99) For utterance FSI294, best cost 43.4126 + 1701.8 = 1745.22 over 240 frames.
FSI294 sey jadxai eerxpaadxeu sey 
LOG (lattice-best-path[5.5.1139~1-67548]:main():lattice-best-path.cc:99) For utterance FSI295, best cost 33.9266 + 1995.37 = 2029.3 over 301 frames.
FSI295 sidambaram uyaramaanadeu 
LOG (lattice-best-path[5.5.1139~1-67548]:main():lattice-best-path.cc:99) For utterance FSI296, best cost 31.3271 + 2592.83 = 2624.16 over 359 frames.
FSI296 iratxtxai suzhi sirxuwan seetxtxai seywaan 
LOG (lattice-best-path[5.5.1139~1-67548]:main():lattice-best-path.cc:99) For utterance FSI297, best cost 26.3728 + 2231.91 = 2258.28 over 314 frames.
FSI297 suutxcamam arxinddeu seyalpadxeu 
LOG (lattice-best-path[5.5.1139~1-67548]:main():lattice-best-path.cc:99) For utterance FSI298, best cost 43.9771 + 2204.14 = 2248.11 over 307 frames.
FSI298 asuran kuyil taagam 
LOG (lattice-best-path[5.5.1139~1-67548]:main():lattice-best-path.cc:99) For utterance FSI299, best cost 42.1473 + 2151.2 = 2193.35 over 320 frames.
FSI299 kaalxi suwai eenddinaan 
LOG (lattice-best-path[5.5.1139~1-67548]:main():lattice-best-path.cc:99) For utterance FSI300, best cost 31.0951 + 3433.73 = 3464.82 over 478 frames.
FSI300 sutxrxeu suuzhal sugaadaaram pinpatxrxeu 
LOG (lattice-best-path[5.5.1139~1-67548]:main():lattice-best-path.cc:99) For utterance FSI301, best cost 30.6231 + 2892.98 = 2923.6 over 411 frames.
FSI301 seewalin kuuwalil pozhudeu widxiyum 
LOG (lattice-best-path[5.5.1139~1-67548]:main():lattice-best-path.cc:99) For utterance FSI302, best cost 69.1267 + 2964.06 = 3033.19 over 424 frames.
FSI302 enakkeu paanam uurwadeu kuurnddeu ireu 
LOG (lattice-best-path[5.5.1139~1-67548]:main():lattice-best-path.cc:99) For utterance FSI303, best cost 49.3279 + 2543.2 = 2592.53 over 362 frames.
FSI303 ndaay eepral widxumurxai kadxai adxaippeu 
LOG (lattice-best-path[5.5.1139~1-67548]:main():lattice-best-path.cc:99) For utterance FSI304, best cost 59.0905 + 2510.52 = 2569.61 over 356 frames.
FSI304 tanggam udawum ireu gawanam selutteu 
LOG (lattice-best-path[5.5.1139~1-67548]:main():lattice-best-path.cc:99) For utterance FSI305, best cost 78.763 + 3352.81 = 3431.57 over 475 frames.
FSI305 sarppam ooram ndadxitteuk kaatxtxa maadam pirxarai 
LOG (lattice-best-path[5.5.1139~1-67548]:main():lattice-best-path.cc:99) For utterance FSI306, best cost 42.2804 + 2979.75 = 3022.03 over 427 frames.
FSI306 seyal muutxtxi tii wibatteu ndadxanddadeu 
LOG (lattice-best-path[5.5.1139~1-67548]:main():lattice-best-path.cc:99) For utterance FSI307, best cost 37.5566 + 2260.29 = 2297.84 over 327 frames.
FSI307 kuuzh seyaleukkeut tiirweu kaanxeu 
LOG (lattice-best-path[5.5.1139~1-67548]:main():lattice-best-path.cc:99) For utterance FSI308, best cost 53.8659 + 2285.96 = 2339.82 over 340 frames.
FSI308 yaadum sirxeu waanam perxeu 
LOG (lattice-best-path[5.5.1139~1-67548]:main():lattice-best-path.cc:99) For utterance FSI309, best cost 37.6267 + 2183.24 = 2220.87 over 317 frames.
FSI309 wizhunddeu pal puunxdxeu ndalladeu 
LOG (lattice-best-path[5.5.1139~1-67548]:main():lattice-best-path.cc:99) For utterance FSI310, best cost 26.6827 + 2369.15 = 2395.83 over 326 frames.
FSI310 tusxtxan tusxtxa seyal seywaan 
LOG (lattice-best-path[5.5.1139~1-67548]:main():lattice-best-path.cc:99) For utterance FSI311, best cost 81.2023 + 4442.02 = 4523.22 over 624 frames.
FSI311 pooraay tuudeu anuppa oppudal sirxuwar parxanddadeu 
LOG (lattice-best-path[5.5.1139~1-67548]:main():lattice-best-path.cc:99) For utterance FSI312, best cost 60.1111 + 2951.59 = 3011.7 over 414 frames.
FSI312 manjjalx tuulx matxtxam gunxam irunddadeu 
LOG (lattice-best-path[5.5.1139~1-67548]:main():lattice-best-path.cc:99) For utterance FSI313, best cost 26.2815 + 2493.72 = 2520.01 over 355 frames.
FSI313 kutxtxaiyil tanxnxiir teenggiyadeu 
LOG (lattice-best-path[5.5.1139~1-67548]:main():lattice-best-path.cc:99) For utterance FSI314, best cost 47.0399 + 2036.14 = 2083.18 over 270 frames.
FSI314 suuriyan pirxar pugazhin toonrxuga 
LOG (lattice-best-path[5.5.1139~1-67548]:main():lattice-best-path.cc:99) For utterance FSI315, best cost 24.8717 + 2214.21 = 2239.08 over 313 frames.
FSI315 toosxattirxkeu parigaaram sey 
LOG (lattice-best-path[5.5.1139~1-67548]:main():lattice-best-path.cc:99) For utterance FSI316, best cost 66.9569 + 2948.64 = 3015.6 over 410 frames.
FSI316 anaittum koolxgalx koosxam ezhuppaadee ndam 
LOG (lattice-best-path[5.5.1139~1-67548]:main():lattice-best-path.cc:99) For utterance FSI317, best cost 46.6789 + 2859.85 = 2906.53 over 426 frames.
FSI317 paanam penx ndanjjeu kodxiyadeu 
LOG (lattice-best-path[5.5.1139~1-67548]:main():lattice-best-path.cc:99) For utterance FSI318, best cost 22.8532 + 2086.91 = 2109.76 over 310 frames.
FSI318 inrxeu mazhai ndiidxikkum 
LOG (lattice-best-path[5.5.1139~1-67548]:main():lattice-best-path.cc:99) For utterance FSI319, best cost 27.2015 + 2806.52 = 2833.72 over 414 frames.
FSI319 saalaiyil ndiir ndirambiyadeu 
LOG (lattice-best-path[5.5.1139~1-67548]:main():lattice-best-path.cc:99) For utterance FSI320, best cost 24.8636 + 2376.03 = 2400.89 over 351 frames.
FSI320 banggalxaadeesx oreu ndaadxeu 
LOG (lattice-best-path[5.5.1139~1-67548]:main():lattice-best-path.cc:99) For utterance FSI321, best cost 50.5204 + 2495.62 = 2546.14 over 353 frames.
FSI321 yaawarum kulxir ndoonjjaanaaga ireukkaan 
LOG (lattice-best-path[5.5.1139~1-67548]:main():lattice-best-path.cc:99) For utterance FSI322, best cost 25.5367 + 2643.29 = 2668.82 over 380 frames.
FSI322 deesiya panggeu uyarnddadeu 
LOG (lattice-best-path[5.5.1139~1-67548]:main():lattice-best-path.cc:99) For utterance FSI323, best cost 33.0214 + 3314.9 = 3347.92 over 461 frames.
FSI323 ndaatxtxil tanxnxiir panjjam ndilawiyadeu 
LOG (lattice-best-path[5.5.1139~1-67548]:main():lattice-best-path.cc:99) For utterance FSI324, best cost 30.6937 + 3016.85 = 3047.54 over 435 frames.
FSI324 panjjaayatteu wazhakkeu mudxiweukkeu wanddadeu 
LOG (lattice-best-path[5.5.1139~1-67548]:main():lattice-best-path.cc:99) For utterance FSI325, best cost 37.1775 + 2587.52 = 2624.7 over 361 frames.
FSI325 panjjeu nderuppil kodxiyadeu 
LOG (lattice-best-path[5.5.1139~1-67548]:main():lattice-best-path.cc:99) For utterance FSI326, best cost 43.2526 + 3192.88 = 3236.14 over 443 frames.
FSI326 paagam kurxi makkalx panxbeu sirxappeu 
LOG (lattice-best-path[5.5.1139~1-67548]:main():lattice-best-path.cc:99) For utterance FSI327, best cost 61.8221 + 3011.64 = 3073.46 over 452 frames.
FSI327 saalaiyil padxippadeu kuuwum ooram 
LOG (lattice-best-path[5.5.1139~1-67548]:main():lattice-best-path.cc:99) For utterance FSI328, best cost 29.0873 + 2676.33 = 2705.41 over 380 frames.
FSI328 indda raajaa endda baasxai peesinaar 
LOG (lattice-best-path[5.5.1139~1-67548]:main():lattice-best-path.cc:99) For utterance FSI329, best cost 24.3849 + 2672.99 = 2697.37 over 384 frames.
FSI329 en purusxan balasaali 
LOG (lattice-best-path[5.5.1139~1-67548]:main():lattice-best-path.cc:99) For utterance FSI330, best cost 47.4134 + 2587.26 = 2634.68 over 380 frames.
FSI330 puurwa weesxam uuril puugambam 
LOG (lattice-best-path[5.5.1139~1-67548]:main():lattice-best-path.cc:99) For utterance FSI331, best cost 21.8069 + 1628.33 = 1650.13 over 230 frames.
FSI331 puurwa jenma banddam 
LOG (lattice-best-path[5.5.1139~1-67548]:main():lattice-best-path.cc:99) For utterance FSI332, best cost 25.4734 + 2192.45 = 2217.93 over 309 frames.
FSI332 inrxeu puujaiyil kalanddeu kolx 
LOG (lattice-best-path[5.5.1139~1-67548]:main():lattice-best-path.cc:99) For utterance FSI333, best cost 25.9112 + 2261.3 = 2287.22 over 313 frames.
FSI333 pon porulx paartteu pazhagaadee 
LOG (lattice-best-path[5.5.1139~1-67548]:main():lattice-best-path.cc:99) For utterance FSI334, best cost 26.4053 + 2357.16 = 2383.56 over 357 frames.
FSI334 un mugam poliwaaga ulxlxadeu 
LOG (lattice-best-path[5.5.1139~1-67548]:main():lattice-best-path.cc:99) For utterance FSI335, best cost 22.0525 + 1940.23 = 1962.29 over 290 frames.
FSI335 petxtxiyai kiizhee poodxeu 
LOG (lattice-best-path[5.5.1139~1-67548]:main():lattice-best-path.cc:99) For utterance FSI336, best cost 34.7945 + 2284.27 = 2319.06 over 315 frames.
FSI336 pooliyaana waazhkkai kariim 
LOG (lattice-best-path[5.5.1139~1-67548]:main():lattice-best-path.cc:99) For utterance FSI337, best cost 48.5254 + 2893.6 = 2942.12 over 414 frames.
FSI337 taay ireu poosxaakkaana unxaweu 
LOG (lattice-best-path[5.5.1139~1-67548]:main():lattice-best-path.cc:99) For utterance FSI338, best cost 56.4366 + 2147.03 = 2203.46 over 307 frames.
FSI338 widiyai rambam paccai waliyadeu 
LOG (lattice-best-path[5.5.1139~1-67548]:main():lattice-best-path.cc:99) For utterance FSI339, best cost 21.8441 + 2004.48 = 2026.33 over 294 frames.
FSI339 etxtxeukkaali oreu puucci 
LOG (lattice-best-path[5.5.1139~1-67548]:main():lattice-best-path.cc:99) For utterance FSI340, best cost 74.893 + 3077.1 = 3152 over 450 frames.
FSI340 ndaatxtxeu maadattil maadam widiyai injji 
LOG (lattice-best-path[5.5.1139~1-67548]:main():lattice-best-path.cc:99) For utterance FSI341, best cost 37.9753 + 2419.97 = 2457.95 over 354 frames.
FSI341 peyar kanxnxeukkeu ndalladeu 
LOG (lattice-best-path[5.5.1139~1-67548]:main():lattice-best-path.cc:99) For utterance FSI342, best cost 23.037 + 2254.43 = 2277.46 over 330 frames.
FSI342 muulxai illaadawan mutxtxaalx 
LOG (lattice-best-path[5.5.1139~1-67548]:main():lattice-best-path.cc:99) For utterance FSI343, best cost 29.5353 + 2703.26 = 2732.8 over 385 frames.
FSI343 tozhilil muuladanam poodxa weenxdxum 
LOG (lattice-best-path[5.5.1139~1-67548]:main():lattice-best-path.cc:99) For utterance FSI344, best cost 42.9184 + 2027.55 = 2070.47 over 292 frames.
FSI344 eetxtxeu ndil widxiyum 
LOG (lattice-best-path[5.5.1139~1-67548]:main():lattice-best-path.cc:99) For utterance FSI345, best cost 25.9317 + 2159.74 = 2185.67 over 301 frames.
FSI345 indda maiyanggalx enggeu ulxlxadeu 
LOG (lattice-best-path[5.5.1139~1-67548]:main():lattice-best-path.cc:99) For utterance FSI346, best cost 23.7332 + 2187.83 = 2211.56 over 313 frames.
FSI346 makkalx raajjiyam weenxdxum 
LOG (lattice-best-path[5.5.1139~1-67548]:main():lattice-best-path.cc:99) For utterance FSI347, best cost 26.5629 + 2656.93 = 2683.49 over 367 frames.
FSI347 risxikkeu roosxam adigam 
LOG (lattice-best-path[5.5.1139~1-67548]:main():lattice-best-path.cc:99) For utterance FSI348, best cost 46.6389 + 1999.4 = 2046.04 over 290 frames.
FSI348 ndaatxtxeu taazha koobam 
LOG (lattice-best-path[5.5.1139~1-67548]:main():lattice-best-path.cc:99) For utterance FSI349, best cost 23.1871 + 2034.26 = 2057.45 over 290 frames.
FSI349 tuukkam udxaleukkeu ndalladeu 
LOG (lattice-best-path[5.5.1139~1-67548]:main():lattice-best-path.cc:99) For utterance FSI350, best cost 32.3816 + 3428.82 = 3461.2 over 489 frames.
FSI350 laksxmi muga laksxanxam ulxlxa penx 
LOG (lattice-best-path[5.5.1139~1-67548]:main():lattice-best-path.cc:99) For utterance FSI351, best cost 29.0843 + 3300.44 = 3329.52 over 477 frames.
FSI351 widxaa muyarxci walxarcci tarum 
LOG (lattice-best-path[5.5.1139~1-67548]:main():lattice-best-path.cc:99) For utterance FSI352, best cost 24.201 + 2541.14 = 2565.34 over 375 frames.
FSI352 wiitxtxil wiseesxam unxdxeu 
LOG (lattice-best-path[5.5.1139~1-67548]:main():lattice-best-path.cc:99) For utterance FSI353, best cost 41.1965 + 1749.59 = 1790.79 over 243 frames.
FSI353 manjjalx teeytteuk kuurxeu 
LOG (lattice-best-path[5.5.1139~1-67548]:main():lattice-best-path.cc:99) For utterance FSI354, best cost 46.5561 + 3442.74 = 3489.3 over 481 frames.
FSI354 jalam wiidi wazhiyaaga sellum peerunddeu 
LOG (lattice-best-path[5.5.1139~1-67548]:main():lattice-best-path.cc:99) For utterance FSI355, best cost 39.0805 + 2130.68 = 2169.76 over 300 frames.
FSI355 tirxanddeu pinni weesxam poodxeu 
LOG (lattice-best-path[5.5.1139~1-67548]:main():lattice-best-path.cc:99) For utterance FSI356, best cost 22.7627 + 1767.83 = 1790.6 over 249 frames.
FSI356 janawari mudal maadam 
LOG (lattice-best-path[5.5.1139~1-67548]:main():lattice-best-path.cc:99) For utterance FSI357, best cost 21.7006 + 1670.12 = 1691.82 over 253 frames.
FSI357 janamee ndam balam 
LOG (lattice-best-path[5.5.1139~1-67548]:main():lattice-best-path.cc:99) For utterance FSI358, best cost 22.0955 + 2045.35 = 2067.45 over 278 frames.
FSI358 jaadi illaiyadxi paappaa 
LOG (lattice-best-path[5.5.1139~1-67548]:main():lattice-best-path.cc:99) For utterance FSI359, best cost 25.8789 + 2208.16 = 2234.04 over 307 frames.
FSI359 waay jaalam kaatxtxum manidan 
LOG (lattice-best-path[5.5.1139~1-67548]:main():lattice-best-path.cc:99) For utterance FSI360, best cost 21.871 + 2047.41 = 2069.28 over 292 frames.
FSI360 jaalraa poodxa weenxdxaam 
LOG (lattice-best-path[5.5.1139~1-67548]:main():lattice-best-path.cc:99) For utterance FSI361, best cost 20.8461 + 1869.3 = 1890.15 over 267 frames.
FSI361 ajiiranxak koolxaarxeu 
LOG (lattice-best-path[5.5.1139~1-67548]:main():lattice-best-path.cc:99) For utterance FSI362, best cost 60.8822 + 2732.65 = 2793.53 over 394 frames.
FSI362 matxtxam waliyadeu tanxnxiir injji 
LOG (lattice-best-path[5.5.1139~1-67548]:main():lattice-best-path.cc:99) For utterance FSI363, best cost 56.4283 + 2602.18 = 2658.61 over 369 frames.
FSI363 indda sidambaram aadxaiyil enggalx 
LOG (lattice-best-path[5.5.1139~1-67548]:main():lattice-best-path.cc:99) For utterance FSI364, best cost 23.3643 + 2302.6 = 2325.97 over 327 frames.
FSI364 togudi hetx sanddippeu 
LOG (lattice-best-path[5.5.1139~1-67548]:main():lattice-best-path.cc:99) For utterance FSI365, best cost 51.3733 + 3011.2 = 3062.57 over 452 frames.
FSI365 wilai awan walxarcci ndaatxtxeu walxarcci 
LOG (lattice-best-path[5.5.1139~1-67548]:main():lattice-best-path.cc:99) For utterance FVP293, best cost 24.9506 + 2551.58 = 2576.53 over 360 frames.
FVP293 guruwai sisxyan wanxangginaan 
LOG (lattice-best-path[5.5.1139~1-67548]:main():lattice-best-path.cc:99) For utterance FVP294, best cost 23.6075 + 2221.11 = 2244.71 over 310 frames.
FVP294 siikkiram eerxpaadxeu sey 
LOG (lattice-best-path[5.5.1139~1-67548]:main():lattice-best-path.cc:99) For utterance FVP295, best cost 22.918 + 2312.42 = 2335.34 over 330 frames.
FVP295 siirxum paambai ndambaadee 
LOG (lattice-best-path[5.5.1139~1-67548]:main():lattice-best-path.cc:99) For utterance FVP296, best cost 44.0687 + 3911.83 = 3955.9 over 544 frames.
FVP296 eelakkaay suzhi sirxuwan seetxtxai seywaan 
LOG (lattice-best-path[5.5.1139~1-67548]:main():lattice-best-path.cc:99) For utterance FVP297, best cost 27.3502 + 3241.67 = 3269.02 over 465 frames.
FVP297 suutxcamam arxinddeu seyalpadxeu 
LOG (lattice-best-path[5.5.1139~1-67548]:main():lattice-best-path.cc:99) For utterance FVP298, best cost 24.3272 + 2367.52 = 2391.84 over 327 frames.
FVP298 asuran tawam irunddaan 
LOG (lattice-best-path[5.5.1139~1-67548]:main():lattice-best-path.cc:99) For utterance FVP299, best cost 22.2369 + 2257.56 = 2279.8 over 320 frames.
FVP299 kaalxi suulam eenddinaan 
LOG (lattice-best-path[5.5.1139~1-67548]:main():lattice-best-path.cc:99) For utterance FVP300, best cost 31.1994 + 3413.51 = 3444.71 over 458 frames.
FVP300 sutxrxeu suuzhal sugaadaaram pinpatxrxeu 
LOG (lattice-best-path[5.5.1139~1-67548]:main():lattice-best-path.cc:99) For utterance FVP301, best cost 31.4383 + 3240.83 = 3272.27 over 464 frames.
FVP301 seewalin kuuwalil pozhudeu widxiyum 
LOG (lattice-best-path[5.5.1139~1-67548]:main():lattice-best-path.cc:99) For utterance FVP302, best cost 61.5688 + 2896.39 = 2957.96 over 396 frames.
FVP302 enakkeu ndaappazhakkam maadattil irunddadeu 
LOG (lattice-best-path[5.5.1139~1-67548]:main():lattice-best-path.cc:99) For utterance FVP303, best cost 49.961 + 2744.44 = 2794.4 over 383 frames.
FVP303 ndaay ireu widxumurxai kadxai adxaippeu 
LOG (lattice-best-path[5.5.1139~1-67548]:main():lattice-best-path.cc:99) For utterance FVP304, best cost 52.6777 + 3341.35 = 3394.03 over 476 frames.
FVP304 tanggalx udxaimai idxeu gawanam selutteu 
LOG (lattice-best-path[5.5.1139~1-67548]:main():lattice-best-path.cc:99) For utterance FVP305, best cost 70.2952 + 4337.42 = 4407.72 over 617 frames.
FVP305 kasxtxam waa maada ndadxitteuk kaatxtxa njaanam teewai 
LOG (lattice-best-path[5.5.1139~1-67548]:main():lattice-best-path.cc:99) For utterance FVP306, best cost 67.2044 + 3579.18 = 3646.39 over 508 frames.
FVP306 tii muutxtxi kiizhee kuurnddeu petxtxiyai ndadxanddadeu 
LOG (lattice-best-path[5.5.1139~1-67548]:main():lattice-best-path.cc:99) For utterance FVP307, best cost 25.4388 + 2323.03 = 2348.47 over 329 frames.
FVP307 un seyaleukkeut tiirweu kaanxeu 
LOG (lattice-best-path[5.5.1139~1-67548]:main():lattice-best-path.cc:99) For utterance FVP308, best cost 22.9858 + 2424.46 = 2447.45 over 352 frames.
FVP308 malar tuuwi waazhtteu 
LOG (lattice-best-path[5.5.1139~1-67548]:main():lattice-best-path.cc:99) For utterance FVP309, best cost 27.1556 + 2851.51 = 2878.66 over 407 frames.
FVP309 iranxdxeu pal puunxdxeu ndalladeu 
LOG (lattice-best-path[5.5.1139~1-67548]:main():lattice-best-path.cc:99) For utterance FVP310, best cost 52.8407 + 3015.89 = 3068.73 over 409 frames.
FVP310 biins seyal tusxtxa seyal seywaan 
LOG (lattice-best-path[5.5.1139~1-67548]:main():lattice-best-path.cc:99) For utterance FVP311, best cost 59.2439 + 4126.22 = 4185.46 over 568 frames.
FVP311 pooraay sutxrxeu anuppa tolai duuram parxanddadeu 
LOG (lattice-best-path[5.5.1139~1-67548]:main():lattice-best-path.cc:99) For utterance FVP312, best cost 36.4788 + 3759.42 = 3795.9 over 528 frames.
FVP312 manjjalx tuulx maruttuwa gunxam ndirxainddadeu 
LOG (lattice-best-path[5.5.1139~1-67548]:main():lattice-best-path.cc:99) For utterance FVP313, best cost 24.6379 + 2274.95 = 2299.59 over 326 frames.
FVP313 kutxtxaiyil tanxnxiir teenggiyadeu 
LOG (lattice-best-path[5.5.1139~1-67548]:main():lattice-best-path.cc:99) For utterance FVP314, best cost 25.9157 + 2633.13 = 2659.04 over 372 frames.
FVP314 toonrxiya pugazhin toonrxuga 
LOG (lattice-best-path[5.5.1139~1-67548]:main():lattice-best-path.cc:99) For utterance FVP315, best cost 24.6906 + 2307.64 = 2332.33 over 318 frames.
FVP315 toosxattirxkeu parigaaram sey 
LOG (lattice-best-path[5.5.1139~1-67548]:main():lattice-best-path.cc:99) For utterance FVP316, best cost 29.762 + 2861.9 = 2891.67 over 377 frames.
FVP316 ndacceup pugai oosoonai baadikkum 
LOG (lattice-best-path[5.5.1139~1-67548]:main():lattice-best-path.cc:99) For utterance FVP317, best cost 23.2218 + 2133.84 = 2157.06 over 304 frames.
FVP317 paambin ndanjjeu kodxiyadeu 
LOG (lattice-best-path[5.5.1139~1-67548]:main():lattice-best-path.cc:99) For utterance FVP318, best cost 20.6341 + 1730.05 = 1750.69 over 241 frames.
FVP318 inrxeu mazhai ndiidxikkum 
LOG (lattice-best-path[5.5.1139~1-67548]:main():lattice-best-path.cc:99) For utterance FVP319, best cost 25.8486 + 2280.94 = 2306.79 over 323 frames.
FVP319 saalaiyil ndiir ndirambiyadeu 
LOG (lattice-best-path[5.5.1139~1-67548]:main():lattice-best-path.cc:99) For utterance FVP320, best cost 26.6057 + 2163.19 = 2189.79 over 309 frames.
FVP320 banggalxaadeesx oreu ndaadxeu 
LOG (lattice-best-path[5.5.1139~1-67548]:main():lattice-best-path.cc:99) For utterance FVP321, best cost 30.31 + 3361.6 = 3391.91 over 467 frames.
FVP321 een ippadxi ndoonjjaanaaga ireukkaan 
LOG (lattice-best-path[5.5.1139~1-67548]:main():lattice-best-path.cc:99) For utterance FVP322, best cost 44.9707 + 2039.41 = 2084.38 over 279 frames.
FVP322 biins iiyam panggeu uyarnddadeu 
LOG (lattice-best-path[5.5.1139~1-67548]:main():lattice-best-path.cc:99) For utterance FVP323, best cost 31.3929 + 3527.98 = 3559.37 over 494 frames.
FVP323 ndaatxtxil tanxnxiir panjjam ndilawiyadeu 
LOG (lattice-best-path[5.5.1139~1-67548]:main():lattice-best-path.cc:99) For utterance FVP324, best cost 30.3245 + 2767.99 = 2798.31 over 387 frames.
FVP324 panjjaayatteu wazhakkeu mudxiweukkeu wanddadeu 
LOG (lattice-best-path[5.5.1139~1-67548]:main():lattice-best-path.cc:99) For utterance FVP325, best cost 27.3118 + 2680.04 = 2707.35 over 374 frames.
FVP325 panjjeu nderuppil karugiyadeu 
LOG (lattice-best-path[5.5.1139~1-67548]:main():lattice-best-path.cc:99) For utterance FVP326, best cost 91.2857 + 3083.76 = 3175.05 over 438 frames.
FVP326 pazham kuudxi maarc kal kanrxeu sirxeu perxeu 
LOG (lattice-best-path[5.5.1139~1-67548]:main():lattice-best-path.cc:99) For utterance FVP327, best cost 30.0085 + 3031.71 = 3061.72 over 412 frames.
FVP327 kaalai bajanai migawum pirabalam 
LOG (lattice-best-path[5.5.1139~1-67548]:main():lattice-best-path.cc:99) For utterance FVP328, best cost 72.9697 + 2700.25 = 2773.22 over 373 frames.
FVP328 indda raajaa endda paar sey pidxi ndam 
LOG (lattice-best-path[5.5.1139~1-67548]:main():lattice-best-path.cc:99) For utterance FVP329, best cost 23.6084 + 2296.23 = 2319.84 over 317 frames.
FVP329 en purusxan balasaali 
LOG (lattice-best-path[5.5.1139~1-67548]:main():lattice-best-path.cc:99) For utterance FVP330, best cost 48.7511 + 2849.52 = 2898.27 over 400 frames.
FVP330 muulxai seyal uuril puugambam 
LOG (lattice-best-path[5.5.1139~1-67548]:main():lattice-best-path.cc:99) For utterance FVP331, best cost 55.7081 + 2111.85 = 2167.56 over 287 frames.
FVP331 pooraay anjjal manx banddam 
LOG (lattice-best-path[5.5.1139~1-67548]:main():lattice-best-path.cc:99) For utterance FVP332, best cost 24.8777 + 2342.01 = 2366.89 over 324 frames.
FVP332 inrxeu puujaiyil kalanddeu kolx 
LOG (lattice-best-path[5.5.1139~1-67548]:main():lattice-best-path.cc:99) For utterance FVP333, best cost 25.204 + 2265.74 = 2290.94 over 315 frames.
FVP333 pon porulx paartteu pazhagaadee 
LOG (lattice-best-path[5.5.1139~1-67548]:main():lattice-best-path.cc:99) For utterance FVP334, best cost 26.846 + 2350.29 = 2377.14 over 327 frames.
FVP334 un mugam poliwaaga ulxlxadeu 
LOG (lattice-best-path[5.5.1139~1-67548]:main():lattice-best-path.cc:99) For utterance FVP335, best cost 23.0074 + 2393.24 = 2416.25 over 342 frames.
FVP335 petxtxiyai kiizhee poodxeu 
LOG (lattice-best-path[5.5.1139~1-67548]:main():lattice-best-path.cc:99) For utterance FVP336, best cost 21.7242 + 1798.73 = 1820.46 over 252 frames.
FVP336 pooliyaana waazhkkai tawir 
LOG (lattice-best-path[5.5.1139~1-67548]:main():lattice-best-path.cc:99) For utterance FVP337, best cost 36.7847 + 2667.83 = 2704.61 over 368 frames.
FVP337 ndaatxtxil poosxaakkaana unxaweu 
LOG (lattice-best-path[5.5.1139~1-67548]:main():lattice-best-path.cc:99) For utterance FVP338, best cost 26.5455 + 2563.41 = 2589.95 over 353 frames.
FVP338 elumbeu majjai waliyadeu 
LOG (lattice-best-path[5.5.1139~1-67548]:main():lattice-best-path.cc:99) For utterance FVP339, best cost 21.8678 + 2217.45 = 2239.31 over 319 frames.
FVP339 etxtxeukkaali oreu puucci 
LOG (lattice-best-path[5.5.1139~1-67548]:main():lattice-best-path.cc:99) For utterance FVP340, best cost 73.0382 + 3111.38 = 3184.42 over 427 frames.
FVP340 waasanai maadattil ammaa biins widxiyum 
LOG (lattice-best-path[5.5.1139~1-67548]:main():lattice-best-path.cc:99) For utterance FVP341, best cost 22.8956 + 1829.36 = 1852.26 over 261 frames.
FVP341 miin kanxnxeukkeu ndalladeu 
LOG (lattice-best-path[5.5.1139~1-67548]:main():lattice-best-path.cc:99) For utterance FVP342, best cost 23.2422 + 2115.14 = 2138.39 over 296 frames.
FVP342 muulxai illaadawan mutxtxaalx 
LOG (lattice-best-path[5.5.1139~1-67548]:main():lattice-best-path.cc:99) For utterance FVP343, best cost 29.8541 + 2640.4 = 2670.26 over 367 frames.
FVP343 tozhilil muuladanam poodxa weenxdxum 
LOG (lattice-best-path[5.5.1139~1-67548]:main():lattice-best-path.cc:99) For utterance FVP344, best cost 54.2047 + 2157.04 = 2211.25 over 303 frames.
FVP344 widiyai muulaiyil eezhai ndil 
LOG (lattice-best-path[5.5.1139~1-67548]:main():lattice-best-path.cc:99) For utterance FVP345, best cost 27.2535 + 2385.04 = 2412.3 over 328 frames.
FVP345 indda maiyanggalx enggeu ulxlxadeu 
LOG (lattice-best-path[5.5.1139~1-67548]:main():lattice-best-path.cc:99) For utterance FVP346, best cost 22.18 + 1660.84 = 1683.02 over 224 frames.
FVP346 makkalx raajjiyam weenxdxum 
LOG (lattice-best-path[5.5.1139~1-67548]:main():lattice-best-path.cc:99) For utterance FVP347, best cost 24.2018 + 2213.43 = 2237.64 over 305 frames.
FVP347 risxikkeu roosxam adigam 
LOG (lattice-best-path[5.5.1139~1-67548]:main():lattice-best-path.cc:99) For utterance FVP348, best cost 21.5793 + 1806.06 = 1827.64 over 248 frames.
FVP348 lajjai enrxaal wekkam 
LOG (lattice-best-path[5.5.1139~1-67548]:main():lattice-best-path.cc:99) For utterance FVP349, best cost 23.9534 + 2252.86 = 2276.82 over 325 frames.
FVP349 tuukkam udxaleukkeu ndalladeu 
LOG (lattice-best-path[5.5.1139~1-67548]:main():lattice-best-path.cc:99) For utterance FVP350, best cost 32.4579 + 3218.92 = 3251.38 over 451 frames.
FVP350 laksxmi muga laksxanxam ulxlxa penx 
LOG (lattice-best-path[5.5.1139~1-67548]:main():lattice-best-path.cc:99) For utterance FVP351, best cost 28.0056 + 2647.47 = 2675.47 over 364 frames.
FVP351 widxaa muyarxci walxarcci tarum 
LOG (lattice-best-path[5.5.1139~1-67548]:main():lattice-best-path.cc:99) For utterance FVP352, best cost 24.0445 + 2159.78 = 2183.82 over 310 frames.
FVP352 wiitxtxil wiseesxam unxdxeu 
LOG (lattice-best-path[5.5.1139~1-67548]:main():lattice-best-path.cc:99) For utterance FVP353, best cost 23.3682 + 2700.7 = 2724.06 over 394 frames.
FVP353 wandda wisxayattaik kuurxeu 
LOG (lattice-best-path[5.5.1139~1-67548]:main():lattice-best-path.cc:99) For utterance FVP354, best cost 52.6632 + 2989.91 = 3042.57 over 429 frames.
FVP354 en wiidi tii wazhiyaaga sellum peerunddeu 
LOG (lattice-best-path[5.5.1139~1-67548]:main():lattice-best-path.cc:99) For utterance FVP355, best cost 25.7404 + 2386.1 = 2411.84 over 344 frames.
FVP355 jadxai pinni weesxam poodxeu 
LOG (lattice-best-path[5.5.1139~1-67548]:main():lattice-best-path.cc:99) For utterance FVP356, best cost 35.2005 + 2207.3 = 2242.5 over 284 frames.
FVP356 janawari mudal ndaanxam 
LOG (lattice-best-path[5.5.1139~1-67548]:main():lattice-best-path.cc:99) For utterance FVP357, best cost 20.5986 + 1651.22 = 1671.81 over 204 frames.
FVP357 janamee ndam balam 
LOG (lattice-best-path[5.5.1139~1-67548]:main():lattice-best-path.cc:99) For utterance FVP358, best cost 33.7529 + 1948.05 = 1981.8 over 247 frames.
FVP358 ndaatxtxil illaiyadxi paappaa 
LOG (lattice-best-path[5.5.1139~1-67548]:main():lattice-best-path.cc:99) For utterance FVP359, best cost 24.6523 + 2216.77 = 2241.42 over 279 frames.
FVP359 waay jaalam kaatxtxum manidan 
LOG (lattice-best-path[5.5.1139~1-67548]:main():lattice-best-path.cc:99) For utterance FVP360, best cost 32.7736 + 1816.62 = 1849.4 over 234 frames.
FVP360 jalam poodxa weenxdxaam 
LOG (lattice-best-path[5.5.1139~1-67548]:main():lattice-best-path.cc:99) For utterance FVP361, best cost 20.3548 + 2007.93 = 2028.29 over 273 frames.
FVP361 ajiiranxak koolxaarxeu 
LOG (lattice-best-path[5.5.1139~1-67548]:main():lattice-best-path.cc:99) For utterance FVP362, best cost 58.9563 + 3063.54 = 3122.5 over 410 frames.
FVP362 hastam parxanddadeu kanjji jeyanddi 
LOG (lattice-best-path[5.5.1139~1-67548]:main():lattice-best-path.cc:99) For utterance FVP363, best cost 28.0998 + 2754.89 = 2782.99 over 372 frames.
FVP363 ndiinggalx sxeemamaaga irunggalx 
LOG (lattice-best-path[5.5.1139~1-67548]:main():lattice-best-path.cc:99) For utterance FVP364, best cost 22.1927 + 2439.14 = 2461.33 over 340 frames.
FVP364 togudi hetx sanddippeu 
LOG (lattice-best-path[5.5.1139~1-67548]:main():lattice-best-path.cc:99) For utterance FVP365, best cost 50.5662 + 2279.36 = 2329.93 over 306 frames.
FVP365 inggee alla walxarcci ndaatxtxeu walxarcci 
LOG (lattice-best-path[5.5.1139~1-67548]:main():lattice-best-path.cc:99) For utterance MAK293, best cost 28.3229 + 2629.42 = 2657.74 over 371 frames.
MAK293 guruwai sisxyan wanxangginaan 
LOG (lattice-best-path[5.5.1139~1-67548]:main():lattice-best-path.cc:99) For utterance MAK294, best cost 25.6652 + 2448.7 = 2474.36 over 332 frames.
MAK294 siikkiram eerxpaadxeu sey 
LOG (lattice-best-path[5.5.1139~1-67548]:main():lattice-best-path.cc:99) For utterance MAK295, best cost 36.3933 + 2265.52 = 2301.91 over 305 frames.
MAK295 seyyum paambai ndambaadee 
LOG (lattice-best-path[5.5.1139~1-67548]:main():lattice-best-path.cc:99) For utterance MAK296, best cost 34.6978 + 3641.07 = 3675.77 over 493 frames.
MAK296 iratxtxai suzhi sirxuwan seetxtxai seywaan 
LOG (lattice-best-path[5.5.1139~1-67548]:main():lattice-best-path.cc:99) For utterance MAK297, best cost 50.6802 + 2937.31 = 2987.99 over 392 frames.
MAK297 poodum enrxa marunddeu seyalpadxeu 
LOG (lattice-best-path[5.5.1139~1-67548]:main():lattice-best-path.cc:99) For utterance MAK298, best cost 56.1302 + 1966.88 = 2023.01 over 274 frames.
MAK298 siwappeu taagam ndiir idxam 
LOG (lattice-best-path[5.5.1139~1-67548]:main():lattice-best-path.cc:99) For utterance MAK299, best cost 24.7112 + 2329.11 = 2353.82 over 315 frames.
MAK299 kaalxi suulam eenddinaan 
LOG (lattice-best-path[5.5.1139~1-67548]:main():lattice-best-path.cc:99) For utterance MAK300, best cost 33.6635 + 3854.62 = 3888.29 over 510 frames.
MAK300 sutxrxeu suuzhal sugaadaaram pinpatxrxeu 
LOG (lattice-best-path[5.5.1139~1-67548]:main():lattice-best-path.cc:99) For utterance MAK301, best cost 61.4645 + 2774.05 = 2835.51 over 375 frames.
MAK301 eelakkaay kuuwum ezheu pozhudeu widxiyum 
LOG (lattice-best-path[5.5.1139~1-67548]:main():lattice-best-path.cc:99) For utterance MAK302, best cost 61.7839 + 3373.48 = 3435.26 over 452 frames.
MAK302 enakkeu ndam paagam marxadi unxdxeu 
LOG (lattice-best-path[5.5.1139~1-67548]:main():lattice-best-path.cc:99) For utterance MAK303, best cost 51.2289 + 2882.55 = 2933.77 over 390 frames.
MAK303 ndaay idxeu widxumurxai kadxai adxaippeu 
LOG (lattice-best-path[5.5.1139~1-67548]:main():lattice-best-path.cc:99) For utterance MAK304, best cost 34.9278 + 3567.71 = 3602.64 over 481 frames.
MAK304 tanggalx udxaimai miideu gawanam selutteu 
LOG (lattice-best-path[5.5.1139~1-67548]:main():lattice-best-path.cc:99) For utterance MAK305, best cost 79.1881 + 3713.26 = 3792.45 over 506 frames.
MAK305 kadambam agal ndadxitteuk kaatxtxa ndaanxam teewai 
LOG (lattice-best-path[5.5.1139~1-67548]:main():lattice-best-path.cc:99) For utterance MAK306, best cost 54.5597 + 2888.71 = 2943.27 over 401 frames.
MAK306 iiyam mudxiyum tii wibatteu ndadxanddadeu 
LOG (lattice-best-path[5.5.1139~1-67548]:main():lattice-best-path.cc:99) For utterance MAK307, best cost 28.4544 + 2433.47 = 2461.92 over 329 frames.
MAK307 un seyaleukkeut tiirweu kaanxeu 
LOG (lattice-best-path[5.5.1139~1-67548]:main():lattice-best-path.cc:99) For utterance MAK308, best cost 23.43 + 2122.77 = 2146.2 over 277 frames.
MAK308 malar tuuwi waazhtteu 
LOG (lattice-best-path[5.5.1139~1-67548]:main():lattice-best-path.cc:99) For utterance MAK309, best cost 27.9161 + 2737.66 = 2765.58 over 369 frames.
MAK309 iranxdxeu pal puunxdxeu ndalladeu 
LOG (lattice-best-path[5.5.1139~1-67548]:main():lattice-best-path.cc:99) For utterance MAK310, best cost 51.7622 + 2595.02 = 2646.78 over 361 frames.
MAK310 purusxan pozhudeu seyal seywaan 
LOG (lattice-best-path[5.5.1139~1-67548]:main():lattice-best-path.cc:99) For utterance MAK311, best cost 70.7385 + 3937.82 = 4008.56 over 538 frames.
MAK311 koolxaarxeu pooliyaana paar tolai duuram parxanddadeu 
LOG (lattice-best-path[5.5.1139~1-67548]:main():lattice-best-path.cc:99) For utterance MAK312, best cost 36.5958 + 3406.95 = 3443.54 over 464 frames.
MAK312 manjjalx tuulx maruttuwa gunxam ndirxainddadeu 
LOG (lattice-best-path[5.5.1139~1-67548]:main():lattice-best-path.cc:99) For utterance MAK313, best cost 27.4745 + 2442.03 = 2469.5 over 345 frames.
MAK313 kutxtxaiyil tanxnxiir teenggiyadeu 
LOG (lattice-best-path[5.5.1139~1-67548]:main():lattice-best-path.cc:99) For utterance MAK314, best cost 27.7448 + 2449.68 = 2477.43 over 327 frames.
MAK314 toonrxiya pugazhin toonrxuga 
LOG (lattice-best-path[5.5.1139~1-67548]:main():lattice-best-path.cc:99) For utterance MAK315, best cost 27.9605 + 2989.84 = 3017.8 over 394 frames.
MAK315 toosxattirxkeu parigaaram sey 
LOG (lattice-best-path[5.5.1139~1-67548]:main():lattice-best-path.cc:99) For utterance MAK316, best cost 31.2344 + 2950.09 = 2981.32 over 377 frames.
MAK316 ndacceup pugai oosoonai baadikkum 
LOG (lattice-best-path[5.5.1139~1-67548]:main():lattice-best-path.cc:99) For utterance MAK317, best cost 25.4669 + 2244.94 = 2270.41 over 314 frames.
MAK317 paambin ndanjjeu kodxiyadeu 
LOG (lattice-best-path[5.5.1139~1-67548]:main():lattice-best-path.cc:99) For utterance MAK318, best cost 22.2554 + 1863.62 = 1885.87 over 267 frames.
MAK318 inrxeu mazhai ndiidxikkum 
LOG (lattice-best-path[5.5.1139~1-67548]:main():lattice-best-path.cc:99) For utterance MAK319, best cost 24.3557 + 1928.79 = 1953.14 over 273 frames.
MAK319 saalaiyil ndiir ndirambiyadeu 
LOG (lattice-best-path[5.5.1139~1-67548]:main():lattice-best-path.cc:99) For utterance MAK320, best cost 44.4624 + 2160.61 = 2205.08 over 293 frames.
MAK320 pagal adeu oreu ndaadxeu 
LOG (lattice-best-path[5.5.1139~1-67548]:main():lattice-best-path.cc:99) For utterance MAK321, best cost 29.4833 + 2956.89 = 2986.38 over 411 frames.
MAK321 een ippadxi ndoonjjaanaaga ireukkaan 
LOG (lattice-best-path[5.5.1139~1-67548]:main():lattice-best-path.cc:99) For utterance MAK322, best cost 36.1242 + 2169.09 = 2205.21 over 310 frames.
MAK322 deesiya panggeu sirxanddadeu 
LOG (lattice-best-path[5.5.1139~1-67548]:main():lattice-best-path.cc:99) For utterance MAK323, best cost 32.673 + 2961.77 = 2994.44 over 411 frames.
MAK323 ndaatxtxil tanxnxiir panjjam ndilawiyadeu 
LOG (lattice-best-path[5.5.1139~1-67548]:main():lattice-best-path.cc:99) For utterance MAK324, best cost 35.5767 + 3646.53 = 3682.1 over 494 frames.
MAK324 panjjaayatteu wazhakkeu mudxiweukkeu wanddadeu 
LOG (lattice-best-path[5.5.1139~1-67548]:main():lattice-best-path.cc:99) For utterance MAK325, best cost 27.4164 + 2332.55 = 2359.97 over 325 frames.
MAK325 panjjeu nderuppil karugiyadeu 
LOG (lattice-best-path[5.5.1139~1-67548]:main():lattice-best-path.cc:99) For utterance MAK326, best cost 51.1738 + 2788.64 = 2839.81 over 374 frames.
MAK326 pazhanggudxi makkalx paambeu sirxappeu 
LOG (lattice-best-path[5.5.1139~1-67548]:main():lattice-best-path.cc:99) For utterance MAK327, best cost 41.6959 + 2772.38 = 2814.08 over 375 frames.
MAK327 kaalai bajanai migawum pambaram 
LOG (lattice-best-path[5.5.1139~1-67548]:main():lattice-best-path.cc:99) For utterance MAK328, best cost 31.5933 + 3183.43 = 3215.03 over 431 frames.
MAK328 indda raajaa endda baasxai peesinaar 
LOG (lattice-best-path[5.5.1139~1-67548]:main():lattice-best-path.cc:99) For utterance MAK329, best cost 24.6945 + 2262.95 = 2287.64 over 305 frames.
MAK329 en purusxan balasaali 
LOG (lattice-best-path[5.5.1139~1-67548]:main():lattice-best-path.cc:99) For utterance MAK330, best cost 51.2054 + 2891.3 = 2942.5 over 387 frames.
MAK330 puunai sirxeu uuril puugambam 
LOG (lattice-best-path[5.5.1139~1-67548]:main():lattice-best-path.cc:99) For utterance MAK331, best cost 35.64 + 2138.02 = 2173.66 over 298 frames.
MAK331 poodxa jenma banddam 
LOG (lattice-best-path[5.5.1139~1-67548]:main():lattice-best-path.cc:99) For utterance MAK332, best cost 30.0594 + 3267.1 = 3297.16 over 449 frames.
MAK332 inrxeu puujaiyil kalanddeu kolx 
LOG (lattice-best-path[5.5.1139~1-67548]:main():lattice-best-path.cc:99) For utterance MAK333, best cost 28.18 + 2686.3 = 2714.48 over 368 frames.
MAK333 pon porulx paartteu pazhagaadee 
LOG (lattice-best-path[5.5.1139~1-67548]:main():lattice-best-path.cc:99) For utterance MAK334, best cost 30.6286 + 2956.55 = 2987.18 over 414 frames.
MAK334 un mugam poliwaaga ulxlxadeu 
LOG (lattice-best-path[5.5.1139~1-67548]:main():lattice-best-path.cc:99) For utterance MAK335, best cost 23.396 + 2271.28 = 2294.67 over 314 frames.
MAK335 petxtxiyai kiizhee poodxeu 
LOG (lattice-best-path[5.5.1139~1-67548]:main():lattice-best-path.cc:99) For utterance MAK336, best cost 28.3608 + 2964.03 = 2992.39 over 417 frames.
MAK336 pooliyaana waazhkkai tawir 
LOG (lattice-best-path[5.5.1139~1-67548]:main():lattice-best-path.cc:99) For utterance MAK337, best cost 37.559 + 2611.55 = 2649.11 over 365 frames.
MAK337 kadai poosxaakkaana unxaweu 
LOG (lattice-best-path[5.5.1139~1-67548]:main():lattice-best-path.cc:99) For utterance MAK338, best cost 24.8549 + 1987.34 = 2012.2 over 272 frames.
MAK338 elumbeu majjai waliyadeu 
LOG (lattice-best-path[5.5.1139~1-67548]:main():lattice-best-path.cc:99) For utterance MAK339, best cost 65.6047 + 2771.44 = 2837.04 over 375 frames.
MAK339 eetxtxeu kalwi pozhudeu puujai ireu 
LOG (lattice-best-path[5.5.1139~1-67548]:main():lattice-best-path.cc:99) For utterance MAK340, best cost 34.8228 + 3565.04 = 3599.86 over 481 frames.
MAK340 maarc maadattil mahaawiir jeyanddi 
LOG (lattice-best-path[5.5.1139~1-67548]:main():lattice-best-path.cc:99) For utterance MAK341, best cost 34.1862 + 1731.72 = 1765.91 over 230 frames.
MAK341 biins kanxnxeukkeu ndalladeu 
LOG (lattice-best-path[5.5.1139~1-67548]:main():lattice-best-path.cc:99) For utterance MAK342, best cost 28.1926 + 2804.14 = 2832.33 over 388 frames.
MAK342 muulxai illaadawan mutxtxaalx 
LOG (lattice-best-path[5.5.1139~1-67548]:main():lattice-best-path.cc:99) For utterance MAK343, best cost 55.8071 + 3147.28 = 3203.09 over 401 frames.
MAK343 tozhilil muuladanam waanam aidiigam 
LOG (lattice-best-path[5.5.1139~1-67548]:main():lattice-best-path.cc:99) For utterance MAK344, best cost 35.5913 + 1924.81 = 1960.4 over 255 frames.
MAK344 seydanar eerxi ndil 
LOG (lattice-best-path[5.5.1139~1-67548]:main():lattice-best-path.cc:99) For utterance MAK345, best cost 25.4314 + 2011.95 = 2037.38 over 261 frames.
MAK345 indda maiyanggalx enggeu ulxlxadeu 
LOG (lattice-best-path[5.5.1139~1-67548]:main():lattice-best-path.cc:99) For utterance MAK346, best cost 25.0537 + 1839.55 = 1864.6 over 245 frames.
MAK346 makkalx raajjiyam weenxdxum 
LOG (lattice-best-path[5.5.1139~1-67548]:main():lattice-best-path.cc:99) For utterance MAK347, best cost 26.488 + 2693.41 = 2719.9 over 369 frames.
MAK347 risxikkeu roosxam adigam 
LOG (lattice-best-path[5.5.1139~1-67548]:main():lattice-best-path.cc:99) For utterance MAK348, best cost 24.3757 + 2194.34 = 2218.71 over 294 frames.
MAK348 lajjai enrxaal wekkam 
LOG (lattice-best-path[5.5.1139~1-67548]:main():lattice-best-path.cc:99) For utterance MAK349, best cost 35.6571 + 2039.08 = 2074.74 over 268 frames.
MAK349 koobam udxaleukkeu ndalladeu 
LOG (lattice-best-path[5.5.1139~1-67548]:main():lattice-best-path.cc:99) For utterance MAK350, best cost 36.1979 + 3497.7 = 3533.9 over 478 frames.
MAK350 laksxmi muga laksxanxam ulxlxa penx 
LOG (lattice-best-path[5.5.1139~1-67548]:main():lattice-best-path.cc:99) For utterance MAK351, best cost 32.1819 + 3403.46 = 3435.64 over 452 frames.
MAK351 widxaa muyarxci walxarcci tarum 
LOG (lattice-best-path[5.5.1139~1-67548]:main():lattice-best-path.cc:99) For utterance MAK352, best cost 26.1828 + 2222.88 = 2249.06 over 301 frames.
MAK352 wiitxtxil wiseesxam unxdxeu 
LOG (lattice-best-path[5.5.1139~1-67548]:main():lattice-best-path.cc:99) For utterance MAK353, best cost 46.4524 + 2110.25 = 2156.7 over 291 frames.
MAK353 wanddadeu pozhudeu oreu 
LOG (lattice-best-path[5.5.1139~1-67548]:main():lattice-best-path.cc:99) For utterance MAK354, best cost 48.3712 + 3747.42 = 3795.79 over 520 frames.
MAK354 en miideu wazhiyaaga sellum peerunddeu 
LOG (lattice-best-path[5.5.1139~1-67548]:main():lattice-best-path.cc:99) For utterance MAK355, best cost 28.5495 + 2493.59 = 2522.14 over 340 frames.
MAK355 jadxai pinni weesxam poodxeu 
LOG (lattice-best-path[5.5.1139~1-67548]:main():lattice-best-path.cc:99) For utterance MAK356, best cost 26.483 + 2238.35 = 2264.84 over 307 frames.
MAK356 janawari mudal maadam 
LOG (lattice-best-path[5.5.1139~1-67548]:main():lattice-best-path.cc:99) For utterance MAK357, best cost 23.9981 + 2220.71 = 2244.7 over 314 frames.
MAK357 janamee ndam balam 
LOG (lattice-best-path[5.5.1139~1-67548]:main():lattice-best-path.cc:99) For utterance MAK358, best cost 23.9577 + 2109.44 = 2133.39 over 284 frames.
MAK358 jaadi illaiyadxi paappaa 
LOG (lattice-best-path[5.5.1139~1-67548]:main():lattice-best-path.cc:99) For utterance MAK359, best cost 27.4514 + 2463.44 = 2490.89 over 330 frames.
MAK359 waay jaalam kaatxtxum manidan 
LOG (lattice-best-path[5.5.1139~1-67548]:main():lattice-best-path.cc:99) For utterance MAK360, best cost 22.934 + 2146.3 = 2169.23 over 294 frames.
MAK360 jaalraa poodxa weenxdxaam 
LOG (lattice-best-path[5.5.1139~1-67548]:main():lattice-best-path.cc:99) For utterance MAK361, best cost 20.8407 + 1793.19 = 1814.03 over 238 frames.
MAK361 ajiiranxak koolxaarxeu 
LOG (lattice-best-path[5.5.1139~1-67548]:main():lattice-best-path.cc:99) For utterance MAK362, best cost 70.8796 + 2570.19 = 2641.07 over 327 frames.
MAK362 hastam paar irunddadeu kaanjjipuram teewai 
LOG (lattice-best-path[5.5.1139~1-67548]:main():lattice-best-path.cc:99) For utterance MAK363, best cost 71.1986 + 2782.46 = 2853.66 over 389 frames.
MAK363 tinggalx seyal ndam agal irunggalx 
LOG (lattice-best-path[5.5.1139~1-67548]:main():lattice-best-path.cc:99) For utterance MAK364, best cost 45.0368 + 2213.36 = 2258.4 over 294 frames.
MAK364 ahimsai eetxtxeu sanddippeu 
LOG (lattice-best-path[5.5.1139~1-67548]:main():lattice-best-path.cc:99) For utterance MAK365, best cost 49.2237 + 2479.14 = 2528.37 over 335 frames.
MAK365 en aanaar walxarcci ndaatxtxeu walxarcci 
LOG (lattice-best-path[5.5.1139~1-67548]:main():lattice-best-path.cc:99) For utterance MPA293, best cost 66.3336 + 3455.18 = 3521.52 over 503 frames.
MPA293 koowil sisxyan waanam minjjinaal 
LOG (lattice-best-path[5.5.1139~1-67548]:main():lattice-best-path.cc:99) For utterance MPA294, best cost 23.6738 + 1969.18 = 1992.85 over 272 frames.
MPA294 siikkiram eerxpaadxeu sey 
LOG (lattice-best-path[5.5.1139~1-67548]:main():lattice-best-path.cc:99) For utterance MPA295, best cost 28.2969 + 3587.56 = 3615.85 over 507 frames.
MPA295 siirxum paambai ndambaadee 
LOG (lattice-best-path[5.5.1139~1-67548]:main():lattice-best-path.cc:99) For utterance MPA296, best cost 105.829 + 4926.26 = 5032.09 over 703 frames.
MPA296 ndirxaindda suwaril sirxuwan seyal tiirweu ireu waal 
LOG (lattice-best-path[5.5.1139~1-67548]:main():lattice-best-path.cc:99) For utterance MPA297, best cost 62.0083 + 3829.39 = 3891.4 over 546 frames.
MPA297 suutxcamam arunddeu oreu seyalpadxeu 
LOG (lattice-best-path[5.5.1139~1-67548]:main():lattice-best-path.cc:99) For utterance MPA298, best cost 28.2115 + 3397.09 = 3425.3 over 492 frames.
MPA298 asuran tawam irunddaan 
LOG (lattice-best-path[5.5.1139~1-67548]:main():lattice-best-path.cc:99) For utterance MPA299, best cost 27.1371 + 3270.04 = 3297.18 over 475 frames.
MPA299 kaalxi suulam eenddinaan 
LOG (lattice-best-path[5.5.1139~1-67548]:main():lattice-best-path.cc:99) For utterance MPA300, best cost 47.6229 + 4409.57 = 4457.19 over 606 frames.
MPA300 sisxyan suuzhal sugaadaaram pinpatxrxeu 
LOG (lattice-best-path[5.5.1139~1-67548]:main():lattice-best-path.cc:99) For utterance MPA301, best cost 39.9465 + 5067.22 = 5107.17 over 725 frames.
MPA301 seewalin kuuwalil pozhudeu widxiyum 
LOG (lattice-best-path[5.5.1139~1-67548]:main():lattice-best-path.cc:99) For utterance MPA302, best cost 74.7652 + 4303.51 = 4378.27 over 607 frames.
MPA302 siwaneukkeu taagam pagal waliyadeu ulxlxadeu 
LOG (lattice-best-path[5.5.1139~1-67548]:main():lattice-best-path.cc:99) For utterance MPA303, best cost 75.2403 + 4225.78 = 4301.02 over 614 frames.
MPA303 ndaan ireu widxumurxai kalwiyee adxaippeu 
LOG (lattice-best-path[5.5.1139~1-67548]:main():lattice-best-path.cc:99) For utterance MPA304, best cost 66.4914 + 5841.94 = 5908.43 over 850 frames.
MPA304 tanggalx udxaimai miideu gawanam tirxanddeu suwai 
LOG (lattice-best-path[5.5.1139~1-67548]:main():lattice-best-path.cc:99) For utterance MPA305, best cost 74.879 + 4852.73 = 4927.61 over 690 frames.
MPA305 sotteu uuham agal ndadxitteuk kaatxtxa njaanam teewai 
LOG (lattice-best-path[5.5.1139~1-67548]:main():lattice-best-path.cc:99) For utterance MPA306, best cost 81.5552 + 4595.48 = 4677.04 over 670 frames.
MPA306 seyyum uur sirxeu tulxi iruppadeu ndadxanddadeu 
LOG (lattice-best-path[5.5.1139~1-67548]:main():lattice-best-path.cc:99) For utterance MPA307, best cost 67.3528 + 4587.89 = 4655.25 over 670 frames.
MPA307 uuril tirxanddeu uunam tiirweu kaanxeu 
LOG (lattice-best-path[5.5.1139~1-67548]:main():lattice-best-path.cc:99) For utterance MPA308, best cost 58.6799 + 3119.69 = 3178.37 over 459 frames.
MPA308 manxal suwai maarc tiirweu 
LOG (lattice-best-path[5.5.1139~1-67548]:main():lattice-best-path.cc:99) For utterance MPA309, best cost 66.8685 + 3387.72 = 3454.59 over 490 frames.
MPA309 en enrxeu pal toonrxiya ndalladeu 
LOG (lattice-best-path[5.5.1139~1-67548]:main():lattice-best-path.cc:99) For utterance MPA310, best cost 49.2553 + 3713.15 = 3762.4 over 534 frames.
MPA310 maarc tusxtxan tusxtxa seyal seywaan 
LOG (lattice-best-path[5.5.1139~1-67548]:main():lattice-best-path.cc:99) For utterance MPA311, best cost 83.9447 + 5245.98 = 5329.93 over 746 frames.
MPA311 pooliyaana toonrxiya anuppa tolai suulam parxanddadeu 
LOG (lattice-best-path[5.5.1139~1-67548]:main():lattice-best-path.cc:99) For utterance MPA312, best cost 38.5243 + 4260.39 = 4298.91 over 599 frames.
MPA312 manjjalx tuulx maruttuwa gunxam ndirxainddadeu 
LOG (lattice-best-path[5.5.1139~1-67548]:main():lattice-best-path.cc:99) For utterance MPA313, best cost 30.9041 + 3414.34 = 3445.25 over 482 frames.
MPA313 kutxtxaiyil tanxnxiir teenggiyadeu 
LOG (lattice-best-path[5.5.1139~1-67548]:main():lattice-best-path.cc:99) For utterance MPA314, best cost 51.2955 + 3231.42 = 3282.72 over 459 frames.
MPA314 toonxdxiyadeu mugattil toonrxuga 
LOG (lattice-best-path[5.5.1139~1-67548]:main():lattice-best-path.cc:99) For utterance MPA315, best cost 85.1353 + 4253.85 = 4338.98 over 609 frames.
MPA315 toosxattirxkeu urai palxlxiyil njaalam tawam sey 
LOG (lattice-best-path[5.5.1139~1-67548]:main():lattice-best-path.cc:99) For utterance MPA316, best cost 89.757 + 4501.58 = 4591.34 over 627 frames.
MPA316 waitteuk pugai uunam suzhi baasxai ooram 
LOG (lattice-best-path[5.5.1139~1-67548]:main():lattice-best-path.cc:99) For utterance MPA317, best cost 59.9757 + 3068.06 = 3128.04 over 449 frames.
MPA317 paanam pirxar mudxiyum kodxiyadeu 
LOG (lattice-best-path[5.5.1139~1-67548]:main():lattice-best-path.cc:99) For utterance MPA318, best cost 27.332 + 3308.97 = 3336.3 over 475 frames.
MPA318 inrxeu mazhai ndiidxikkum 
LOG (lattice-best-path[5.5.1139~1-67548]:main():lattice-best-path.cc:99) For utterance MPA319, best cost 62.0355 + 3511.59 = 3573.63 over 505 frames.
MPA319 saalaiyil sirxeu illaiyadxi eenddeu 
LOG (lattice-best-path[5.5.1139~1-67548]:main():lattice-best-path.cc:99) For utterance MPA320, best cost 69.9293 + 3455.2 = 3525.13 over 497 frames.
MPA320 unggalx raamar pirxar oreu todxeu 
LOG (lattice-best-path[5.5.1139~1-67548]:main():lattice-best-path.cc:99) For utterance MPA321, best cost 36.2001 + 4360.49 = 4396.69 over 619 frames.
MPA321 een ippadxi ndoonjjaanaaga ireukkaan 
LOG (lattice-best-path[5.5.1139~1-67548]:main():lattice-best-path.cc:99) For utterance MPA322, best cost 42.3924 + 3218.84 = 3261.23 over 463 frames.
MPA322 seluttinar panggeu uyarnddadeu 
LOG (lattice-best-path[5.5.1139~1-67548]:main():lattice-best-path.cc:99) For utterance MPA323, best cost 39.0617 + 4564.21 = 4603.27 over 670 frames.
MPA323 ndaatxtxil tanxnxiir panjjam ndilawiyadeu 
LOG (lattice-best-path[5.5.1139~1-67548]:main():lattice-best-path.cc:99) For utterance MPA324, best cost 37.9121 + 4622.24 = 4660.15 over 652 frames.
MPA324 panjjaayatteu wazhakkeu mudxiweukkeu wanddadeu 
LOG (lattice-best-path[5.5.1139~1-67548]:main():lattice-best-path.cc:99) For utterance MPA325, best cost 31.0484 + 3556.11 = 3587.16 over 502 frames.
MPA325 panjjeu nderuppil karugiyadeu 
LOG (lattice-best-path[5.5.1139~1-67548]:main():lattice-best-path.cc:99) For utterance MPA326, best cost 85.1897 + 3610.4 = 3695.59 over 513 frames.
MPA326 pazhanggudxi manx tozhil kambeuk sirxuwar kuurxeu 
LOG (lattice-best-path[5.5.1139~1-67548]:main():lattice-best-path.cc:99) For utterance MPA327, best cost 46.5823 + 4031.11 = 4077.69 over 568 frames.
MPA327 kaasxmiir bajanai migawum pirabalam 
LOG (lattice-best-path[5.5.1139~1-67548]:main():lattice-best-path.cc:99) For utterance MPA328, best cost 107.21 + 4237.52 = 4344.73 over 601 frames.
MPA328 enrxa gawanam manam tirxanddeu ambalam sey pirxareukkeu unxaweu 
LOG (lattice-best-path[5.5.1139~1-67548]:main():lattice-best-path.cc:99) For utterance MPA329, best cost 63.2789 + 3297.21 = 3360.49 over 457 frames.
MPA329 welxlxam sotteu tarum parxanddadeu 
LOG (lattice-best-path[5.5.1139~1-67548]:main():lattice-best-path.cc:99) For utterance MPA330, best cost 66.6539 + 4049.12 = 4115.78 over 566 frames.
MPA330 puurwa ndari tozhil uuril puugambam 
LOG (lattice-best-path[5.5.1139~1-67548]:main():lattice-best-path.cc:99) For utterance MPA331, best cost 27.4684 + 3730.01 = 3757.48 over 541 frames.
MPA331 puurwa jenma banddam 
LOG (lattice-best-path[5.5.1139~1-67548]:main():lattice-best-path.cc:99) For utterance MPA332, best cost 42.2805 + 2906.45 = 2948.73 over 400 frames.
MPA332 inrxeu puujaiyil kalanddeu koodxi 
LOG (lattice-best-path[5.5.1139~1-67548]:main():lattice-best-path.cc:99) For utterance MPA333, best cost 30.5265 + 3624.07 = 3654.6 over 492 frames.
MPA333 pon porulx paartteu pazhagaadee 
LOG (lattice-best-path[5.5.1139~1-67548]:main():lattice-best-path.cc:99) For utterance MPA334, best cost 30.989 + 3360.45 = 3391.44 over 469 frames.
MPA334 un mugam poliwaaga ulxlxadeu 
LOG (lattice-best-path[5.5.1139~1-67548]:main():lattice-best-path.cc:99) For utterance MPA335, best cost 26.9673 + 2533.58 = 2560.55 over 357 frames.
MPA335 petxtxiyai kiizhee poodxeu 
LOG (lattice-best-path[5.5.1139~1-67548]:main():lattice-best-path.cc:99) For utterance MPA336, best cost 41.2519 + 2885.12 = 2926.37 over 405 frames.
MPA336 pooliyaana waazhkkai suwaril 
LOG (lattice-best-path[5.5.1139~1-67548]:main():lattice-best-path.cc:99) For utterance MPA337, best cost 43.7451 + 3523.26 = 3567.01 over 504 frames.
MPA337 waaynddadeu poosxaakkaana unxaweu 
LOG (lattice-best-path[5.5.1139~1-67548]:main():lattice-best-path.cc:99) For utterance MPA338, best cost 50.1353 + 3278.68 = 3328.81 over 463 frames.
MPA338 eenggum aasaiyaik waliyadeu 
LOG (lattice-best-path[5.5.1139~1-67548]:main():lattice-best-path.cc:99) For utterance MPA339, best cost 26.9236 + 3089.03 = 3115.95 over 429 frames.
MPA339 etxtxeukkaali oreu puucci 
LOG (lattice-best-path[5.5.1139~1-67548]:main():lattice-best-path.cc:99) For utterance MPA340, best cost 36.9601 + 4220.97 = 4257.93 over 576 frames.
MPA340 maarc maadattil mahaawiir jeyanddi 
LOG (lattice-best-path[5.5.1139~1-67548]:main():lattice-best-path.cc:99) For utterance MPA341, best cost 37.4358 + 2435.87 = 2473.31 over 351 frames.
MPA341 ndil kanxnxeukkeu ndalladeu 
LOG (lattice-best-path[5.5.1139~1-67548]:main():lattice-best-path.cc:99) For utterance MPA342, best cost 28.14 + 3332.74 = 3360.88 over 469 frames.
MPA342 muulxai illaadawan mutxtxaalx 
LOG (lattice-best-path[5.5.1139~1-67548]:main():lattice-best-path.cc:99) For utterance MPA343, best cost 75.4277 + 4516.01 = 4591.44 over 658 frames.
MPA343 kalwiyee ezhil migundda gawanam poodxa weenxdxum 
LOG (lattice-best-path[5.5.1139~1-67548]:main():lattice-best-path.cc:99) For utterance MPA344, best cost 46.9502 + 2938.05 = 2985 over 420 frames.
MPA344 mai sirxeu ndirxainddadeu 
LOG (lattice-best-path[5.5.1139~1-67548]:main():lattice-best-path.cc:99) For utterance MPA345, best cost 64.7602 + 3990.89 = 4055.65 over 573 frames.
MPA345 aayudam mazhai enggalx enggeu ulxlxadeu 
LOG (lattice-best-path[5.5.1139~1-67548]:main():lattice-best-path.cc:99) For utterance MPA346, best cost 51.9266 + 3526.81 = 3578.73 over 495 frames.
MPA346 maarc kal raajjiyam weenxdxum 
LOG (lattice-best-path[5.5.1139~1-67548]:main():lattice-best-path.cc:99) For utterance MPA347, best cost 65.932 + 3422.84 = 3488.77 over 472 frames.
MPA347 isxtxam pool kawasam wanxdxi koobam 
LOG (lattice-best-path[5.5.1139~1-67548]:main():lattice-best-path.cc:99) For utterance MPA348, best cost 37.3726 + 2759.73 = 2797.1 over 400 frames.
MPA348 enrxeu enrxaal wekkam 
LOG (lattice-best-path[5.5.1139~1-67548]:main():lattice-best-path.cc:99) For utterance MPA349, best cost 28.3669 + 3054.69 = 3083.06 over 429 frames.
MPA349 tuukkam udxaleukkeu ndalladeu 
LOG (lattice-best-path[5.5.1139~1-67548]:main():lattice-best-path.cc:99) For utterance MPA350, best cost 84.1507 + 3861.35 = 3945.5 over 542 frames.
MPA350 kaasxmiir mugam ellaam ndam ulxlxa kariim 
LOG (lattice-best-path[5.5.1139~1-67548]:main():lattice-best-path.cc:99) For utterance MPA351, best cost 31.3041 + 3675.59 = 3706.89 over 522 frames.
MPA351 widxaa muyarxci walxarcci tarum 
LOG (lattice-best-path[5.5.1139~1-67548]:main():lattice-best-path.cc:99) For utterance MPA352, best cost 40.1508 + 3241.21 = 3281.37 over 456 frames.
MPA352 idxeu wiseesxam unxdxeu 
LOG (lattice-best-path[5.5.1139~1-67548]:main():lattice-best-path.cc:99) For utterance MPA353, best cost 69.5274 + 2682.41 = 2751.94 over 371 frames.
MPA353 wandda ndil teriyum ireu koolxaarxeu 
LOG (lattice-best-path[5.5.1139~1-67548]:main():lattice-best-path.cc:99) For utterance MPA354, best cost 53.2633 + 4427.22 = 4480.49 over 627 frames.
MPA354 ireu wiidi wazhiyaaga sellum peerunddeu 
LOG (lattice-best-path[5.5.1139~1-67548]:main():lattice-best-path.cc:99) For utterance MPA355, best cost 71.0183 + 3393.19 = 3464.21 over 488 frames.
MPA355 tanddai penx ndil wekkam uudxagam 
LOG (lattice-best-path[5.5.1139~1-67548]:main():lattice-best-path.cc:99) For utterance MPA356, best cost 29.2431 + 2965.12 = 2994.37 over 432 frames.
MPA356 janawari mudal maadam 
LOG (lattice-best-path[5.5.1139~1-67548]:main():lattice-best-path.cc:99) For utterance MPA357, best cost 49.8222 + 2665.43 = 2715.25 over 396 frames.
MPA357 seydanar ndiir ndam balam 
LOG (lattice-best-path[5.5.1139~1-67548]:main():lattice-best-path.cc:99) For utterance MPA358, best cost 71.094 + 4079.04 = 4150.14 over 598 frames.
MPA358 njaalam sirxeu inrxeu idxeu paappaa 
LOG (lattice-best-path[5.5.1139~1-67548]:main():lattice-best-path.cc:99) For utterance MPA359, best cost 64.3944 + 3690.72 = 3755.12 over 528 frames.
MPA359 pooraay tawam kawasam manidan 
LOG (lattice-best-path[5.5.1139~1-67548]:main():lattice-best-path.cc:99) For utterance MPA360, best cost 57.8577 + 2943.62 = 3001.48 over 413 frames.
MPA360 todxeu ooram muga eenggum 
LOG (lattice-best-path[5.5.1139~1-67548]:main():lattice-best-path.cc:99) For utterance MPA361, best cost 44.8517 + 2243.16 = 2288.02 over 319 frames.
MPA361 anjjal gawanam koolxaarxeu 
LOG (lattice-best-path[5.5.1139~1-67548]:main():lattice-best-path.cc:99) For utterance MPA362, best cost 85.3679 + 4529.07 = 4614.44 over 652 frames.
MPA362 pal toguppeu arunddeu ndaanjjil sirxeu tulxi 
LOG (lattice-best-path[5.5.1139~1-67548]:main():lattice-best-path.cc:99) For utterance MPA363, best cost 63.8411 + 3699.75 = 3763.59 over 535 frames.
MPA363 tinggalx selwam awasara irunggalx 
LOG (lattice-best-path[5.5.1139~1-67548]:main():lattice-best-path.cc:99) For utterance MPA364, best cost 57.8323 + 2884.7 = 2942.53 over 396 frames.
MPA364 togudi peyar tanxnxiir kuuwum 
LOG (lattice-best-path[5.5.1139~1-67548]:main():lattice-best-path.cc:99) For utterance MPA365, best cost 74.9059 + 3780.01 = 3854.92 over 533 frames.
MPA365 endda mannan ndalladeu unxaweukkeu walxarcci 
LOG (lattice-best-path[5.5.1139~1-67548]:main():lattice-best-path.cc:99) For utterance MPK293, best cost 27.7548 + 2868.66 = 2896.41 over 400 frames.
MPK293 guruwai sisxyan wanxangginaan 
LOG (lattice-best-path[5.5.1139~1-67548]:main():lattice-best-path.cc:99) For utterance MPK294, best cost 42.4481 + 2549.23 = 2591.67 over 350 frames.
MPK294 siikkiram keetxpadeu sey 
LOG (lattice-best-path[5.5.1139~1-67548]:main():lattice-best-path.cc:99) For utterance MPK295, best cost 45.5402 + 2692.06 = 2737.6 over 361 frames.
MPK295 siikkiram arunddeu amaraadee 
LOG (lattice-best-path[5.5.1139~1-67548]:main():lattice-best-path.cc:99) For utterance MPK296, best cost 75.8713 + 3361.25 = 3437.12 over 459 frames.
MPK296 eerikkeu izhuppadeu selutteu seyyum awan 
LOG (lattice-best-path[5.5.1139~1-67548]:main():lattice-best-path.cc:99) For utterance MPK297, best cost 27.2799 + 2989.04 = 3016.32 over 417 frames.
MPK297 suutxcamam arxinddeu seyalpadxeu 
LOG (lattice-best-path[5.5.1139~1-67548]:main():lattice-best-path.cc:99) For utterance MPK298, best cost 43.1541 + 2127.93 = 2171.09 over 296 frames.
MPK298 asuran saarxeu idxam 
LOG (lattice-best-path[5.5.1139~1-67548]:main():lattice-best-path.cc:99) For utterance MPK299, best cost 44.0774 + 2364.2 = 2408.28 over 333 frames.
MPK299 saalaiyil suwaril eenddinaan 
LOG (lattice-best-path[5.5.1139~1-67548]:main():lattice-best-path.cc:99) For utterance MPK300, best cost 74.2044 + 3367.63 = 3441.84 over 464 frames.
MPK300 selutteu suwaril suwaril karam pinpatxrxeu 
LOG (lattice-best-path[5.5.1139~1-67548]:main():lattice-best-path.cc:99) For utterance MPK301, best cost 57.7589 + 2853.03 = 2910.78 over 402 frames.
MPK301 sirxeu kuudxi koodxi iiyam 
LOG (lattice-best-path[5.5.1139~1-67548]:main():lattice-best-path.cc:99) For utterance MPK302, best cost 28.2622 + 3008.72 = 3036.99 over 410 frames.
MPK302 enakkeu njaabaga marxadi unxdxeu 
LOG (lattice-best-path[5.5.1139~1-67548]:main():lattice-best-path.cc:99) For utterance MPK303, best cost 47.3165 + 2890.19 = 2937.51 over 409 frames.
MPK303 saalaiyil mai kadxai adxaippeu 
LOG (lattice-best-path[5.5.1139~1-67548]:main():lattice-best-path.cc:99) For utterance MPK304, best cost 70.7844 + 3378.8 = 3449.58 over 459 frames.
MPK304 tanggam otxrxumaiyee wiidxeu arxinddeu selutteu 
LOG (lattice-best-path[5.5.1139~1-67548]:main():lattice-best-path.cc:99) For utterance MPK305, best cost 69.1391 + 4053.77 = 4122.91 over 558 frames.
MPK305 paartteu waa manxal ndadxitteuk kaatxtxa njaanam teewai 
LOG (lattice-best-path[5.5.1139~1-67548]:main():lattice-best-path.cc:99) For utterance MPK306, best cost 69.2594 + 3143.64 = 3212.9 over 452 frames.
MPK306 tii puucci sirxuwar alxaweukkeu arunddeu 
LOG (lattice-best-path[5.5.1139~1-67548]:main():lattice-best-path.cc:99) For utterance MPK307, best cost 27.974 + 2727.58 = 2755.55 over 376 frames.
MPK307 un seyaleukkeut tiirweu kaanxeu 
LOG (lattice-best-path[5.5.1139~1-67548]:main():lattice-best-path.cc:99) For utterance MPK308, best cost 48.3974 + 2419.21 = 2467.6 over 346 frames.
MPK308 maadattil olxi paartteu 
LOG (lattice-best-path[5.5.1139~1-67548]:main():lattice-best-path.cc:99) For utterance MPK309, best cost 39.6765 + 2867.35 = 2907.03 over 390 frames.
MPK309 idxam pal puunxdxeu ndalladeu 
LOG (lattice-best-path[5.5.1139~1-67548]:main():lattice-best-path.cc:99) For utterance MPK310, best cost 28.3866 + 2714.92 = 2743.3 over 366 frames.
MPK310 tusxtxan tusxtxa seyal seywaan 
LOG (lattice-best-path[5.5.1139~1-67548]:main():lattice-best-path.cc:99) For utterance MPK311, best cost 57.8501 + 3871.83 = 3929.68 over 535 frames.
MPK311 pooraay suudxeu anuppa tolai duuram parxanddadeu 
LOG (lattice-best-path[5.5.1139~1-67548]:main():lattice-best-path.cc:99) For utterance MPK312, best cost 63.1764 + 3009.84 = 3073.01 over 416 frames.
MPK312 manjjalx tozhil pappadxam gunxam ndirxainddadeu 
LOG (lattice-best-path[5.5.1139~1-67548]:main():lattice-best-path.cc:99) For utterance MPK313, best cost 29.4189 + 2905.36 = 2934.78 over 418 frames.
MPK313 kutxtxaiyil tanxnxiir teenggiyadeu 
LOG (lattice-best-path[5.5.1139~1-67548]:main():lattice-best-path.cc:99) For utterance MPK314, best cost 56.7971 + 2287.15 = 2343.94 over 318 frames.
MPK314 toonrxiya puli ndil toonrxuga 
LOG (lattice-best-path[5.5.1139~1-67548]:main():lattice-best-path.cc:99) For utterance MPK315, best cost 26.8215 + 2576.24 = 2603.07 over 349 frames.
MPK315 toosxattirxkeu parigaaram sey 
LOG (lattice-best-path[5.5.1139~1-67548]:main():lattice-best-path.cc:99) For utterance MPK316, best cost 69.29 + 2834.31 = 2903.6 over 392 frames.
MPK316 isxtxam pozhudeu koosxam seyyum aayudam 
LOG (lattice-best-path[5.5.1139~1-67548]:main():lattice-best-path.cc:99) For utterance MPK317, best cost 45.8213 + 2339.86 = 2385.68 over 332 frames.
MPK317 paambin kanjji kodxiyadeu 
LOG (lattice-best-path[5.5.1139~1-67548]:main():lattice-best-path.cc:99) For utterance MPK318, best cost 33.4392 + 2291.53 = 2324.97 over 332 frames.
MPK318 inrxeu mazhai inikkum 
LOG (lattice-best-path[5.5.1139~1-67548]:main():lattice-best-path.cc:99) For utterance MPK319, best cost 46.8643 + 2674.11 = 2720.97 over 383 frames.
MPK319 aadxaiyil biins irunddadeu 
LOG (lattice-best-path[5.5.1139~1-67548]:main():lattice-best-path.cc:99) For utterance MPK320, best cost 65.476 + 2265.15 = 2330.63 over 318 frames.
MPK320 pagal ezheu isxtxam kurxi ndaadxeu 
LOG (lattice-best-path[5.5.1139~1-67548]:main():lattice-best-path.cc:99) For utterance MPK321, best cost 41.8532 + 3022.72 = 3064.57 over 411 frames.
MPK321 endda ippadxi ndoonjjaanaaga ireukkaan 
LOG (lattice-best-path[5.5.1139~1-67548]:main():lattice-best-path.cc:99) For utterance MPK322, best cost 49.0427 + 2852.64 = 2901.68 over 411 frames.
MPK322 sey seyyum panggeu uyarnddadeu 
LOG (lattice-best-path[5.5.1139~1-67548]:main():lattice-best-path.cc:99) For utterance MPK323, best cost 31.5959 + 2998.41 = 3030 over 425 frames.
MPK323 ndaatxtxil tanxnxiir panjjam ndilawiyadeu 
LOG (lattice-best-path[5.5.1139~1-67548]:main():lattice-best-path.cc:99) For utterance MPK324, best cost 31.8013 + 2819.4 = 2851.2 over 395 frames.
MPK324 panjjaayatteu wazhakkeu mudxiweukkeu wanddadeu 
LOG (lattice-best-path[5.5.1139~1-67548]:main():lattice-best-path.cc:99) For utterance MPK325, best cost 25.8341 + 2390.75 = 2416.59 over 337 frames.
MPK325 panjjeu nderuppil karugiyadeu 
LOG (lattice-best-path[5.5.1139~1-67548]:main():lattice-best-path.cc:99) For utterance MPK326, best cost 69.6845 + 3021.42 = 3091.1 over 423 frames.
MPK326 waay ammaa kal rambam sirxappeu 
LOG (lattice-best-path[5.5.1139~1-67548]:main():lattice-best-path.cc:99) For utterance MPK327, best cost 62.9306 + 2453.95 = 2516.88 over 349 frames.
MPK327 kari pal inxai singgam kadambam 
LOG (lattice-best-path[5.5.1139~1-67548]:main():lattice-best-path.cc:99) For utterance MPK328, best cost 29.8958 + 2909.07 = 2938.96 over 399 frames.
MPK328 indda raajaa endda baasxai peesinaar 
LOG (lattice-best-path[5.5.1139~1-67548]:main():lattice-best-path.cc:99) For utterance MPK329, best cost 34.7974 + 2170.31 = 2205.11 over 304 frames.
MPK329 idxam purusxan balasaali 
LOG (lattice-best-path[5.5.1139~1-67548]:main():lattice-best-path.cc:99) For utterance MPK330, best cost 49.5158 + 2515.31 = 2564.83 over 354 frames.
MPK330 kuzhi ndilawiyadeu koobam 
LOG (lattice-best-path[5.5.1139~1-67548]:main():lattice-best-path.cc:99) For utterance MPK331, best cost 32.2304 + 1757.9 = 1790.13 over 237 frames.
MPK331 oreu jenma banddam 
LOG (lattice-best-path[5.5.1139~1-67548]:main():lattice-best-path.cc:99) For utterance MPK332, best cost 37.3893 + 2487.79 = 2525.18 over 328 frames.
MPK332 inrxeu puujaiyil kalanddeu kulxi 
LOG (lattice-best-path[5.5.1139~1-67548]:main():lattice-best-path.cc:99) For utterance MPK333, best cost 26.9167 + 2573.32 = 2600.23 over 343 frames.
MPK333 pon porulx paartteu pazhagaadee 
LOG (lattice-best-path[5.5.1139~1-67548]:main():lattice-best-path.cc:99) For utterance MPK334, best cost 54.2677 + 2168.56 = 2222.83 over 303 frames.
MPK334 uuham banddam pazham ulxlxadeu 
LOG (lattice-best-path[5.5.1139~1-67548]:main():lattice-best-path.cc:99) For utterance MPK335, best cost 41.3319 + 1863.37 = 1904.7 over 263 frames.
MPK335 otxtxeuk iiyam kurxai 
LOG (lattice-best-path[5.5.1139~1-67548]:main():lattice-best-path.cc:99) For utterance MPK336, best cost 45.5169 + 1892.42 = 1937.93 over 257 frames.
MPK336 wazhiyaaga taay kariim 
LOG (lattice-best-path[5.5.1139~1-67548]:main():lattice-best-path.cc:99) For utterance MPK337, best cost 68.7966 + 2387.56 = 2456.36 over 332 frames.
MPK337 taay injji koosxam awan amaraadee 
LOG (lattice-best-path[5.5.1139~1-67548]:main():lattice-best-path.cc:99) For utterance MPK338, best cost 45.8945 + 2157.52 = 2203.41 over 304 frames.
MPK338 taraadaram anjjali waliyadeu 
LOG (lattice-best-path[5.5.1139~1-67548]:main():lattice-best-path.cc:99) For utterance MPK339, best cost 23.0739 + 2166.84 = 2189.91 over 298 frames.
MPK339 etxtxeukkaali oreu puucci 
LOG (lattice-best-path[5.5.1139~1-67548]:main():lattice-best-path.cc:99) For utterance MPK340, best cost 70.7001 + 2586.31 = 2657.01 over 361 frames.
MPK340 maadattil mazhai seewalin malar eenddinaan 
LOG (lattice-best-path[5.5.1139~1-67548]:main():lattice-best-path.cc:99) For utterance MPK341, best cost 33.8508 + 1699.84 = 1733.69 over 239 frames.
MPK341 inggeu kanxnxeukkeu ndalladeu 
LOG (lattice-best-path[5.5.1139~1-67548]:main():lattice-best-path.cc:99) For utterance MPK342, best cost 45.1986 + 2039.44 = 2084.64 over 291 frames.
MPK342 muga irunddadeu patxtxam 
LOG (lattice-best-path[5.5.1139~1-67548]:main():lattice-best-path.cc:99) For utterance MPK343, best cost 44.9145 + 2873.68 = 2918.59 over 408 frames.
MPK343 kodxiyadeu muuladanam poodxa weenxdxum 
LOG (lattice-best-path[5.5.1139~1-67548]:main():lattice-best-path.cc:99) For utterance MPK344, best cost 42.763 + 2016.23 = 2058.99 over 298 frames.
MPK344 enxnxey ndil erinddadeu 
LOG (lattice-best-path[5.5.1139~1-67548]:main():lattice-best-path.cc:99) For utterance MPK345, best cost 27.6671 + 2530.68 = 2558.35 over 356 frames.
MPK345 indda maiyanggalx enggeu ulxlxadeu 
LOG (lattice-best-path[5.5.1139~1-67548]:main():lattice-best-path.cc:99) For utterance MPK346, best cost 47.6201 + 2257.8 = 2305.42 over 310 frames.
MPK346 maarc kalanddeu raajjiyam weenxdxum 
LOG (lattice-best-path[5.5.1139~1-67548]:main():lattice-best-path.cc:99) For utterance MPK347, best cost 22.3703 + 1928.96 = 1951.33 over 257 frames.
MPK347 risxikkeu roosxam adigam 
LOG (lattice-best-path[5.5.1139~1-67548]:main():lattice-best-path.cc:99) For utterance MPK348, best cost 33.4351 + 1892.7 = 1926.14 over 255 frames.
MPK348 jenma hastam 
LOG (lattice-best-path[5.5.1139~1-67548]:main():lattice-best-path.cc:99) For utterance MPK349, best cost 24.5577 + 2365.83 = 2390.39 over 324 frames.
MPK349 tuukkam udxaleukkeu ndalladeu 
LOG (lattice-best-path[5.5.1139~1-67548]:main():lattice-best-path.cc:99) For utterance MPK350, best cost 42.0093 + 2588.12 = 2630.13 over 347 frames.
MPK350 kaasxmiir muga laksxanxam ulxlxa penx 
LOG (lattice-best-path[5.5.1139~1-67548]:main():lattice-best-path.cc:99) For utterance MPK351, best cost 47.727 + 2365.37 = 2413.1 over 325 frames.
MPK351 ndiyaayam mozhi walxarcci tarum 
LOG (lattice-best-path[5.5.1139~1-67548]:main():lattice-best-path.cc:99) For utterance MPK352, best cost 35.8695 + 2735.71 = 2771.58 over 382 frames.
MPK352 wiitxtxil wiseesxam wanddadeu 
LOG (lattice-best-path[5.5.1139~1-67548]:main():lattice-best-path.cc:99) For utterance MPK353, best cost 55.8839 + 2708.22 = 2764.1 over 376 frames.
MPK353 wandda sisxyan taay kuurxeu 
LOG (lattice-best-path[5.5.1139~1-67548]:main():lattice-best-path.cc:99) For utterance MPK354, best cost 67.1614 + 3392.59 = 3459.76 over 466 frames.
MPK354 iranxdxeu wiidi tiirweu wazhiyaaga sellum peerunddeu 
LOG (lattice-best-path[5.5.1139~1-67548]:main():lattice-best-path.cc:99) For utterance MPK355, best cost 27.2803 + 2714.71 = 2741.99 over 378 frames.
MPK355 jadxai pinni weesxam poodxeu 
LOG (lattice-best-path[5.5.1139~1-67548]:main():lattice-best-path.cc:99) For utterance MPK356, best cost 23.3156 + 2329.01 = 2352.33 over 318 frames.
MPK356 janawari mudal maadam 
LOG (lattice-best-path[5.5.1139~1-67548]:main():lattice-best-path.cc:99) For utterance MPK357, best cost 35.2637 + 1854 = 1889.27 over 255 frames.
MPK357 janamee ndam ndam balam 
LOG (lattice-best-path[5.5.1139~1-67548]:main():lattice-best-path.cc:99) For utterance MPK358, best cost 45.9434 + 2016.22 = 2062.16 over 269 frames.
MPK358 ndaay kuzhi widiyai padxam paar 
LOG (lattice-best-path[5.5.1139~1-67548]:main():lattice-best-path.cc:99) For utterance MPK359, best cost 46.9683 + 2376.94 = 2423.91 over 317 frames.
MPK359 karuttaranggam kaatxtxa marunddeu 
LOG (lattice-best-path[5.5.1139~1-67548]:main():lattice-best-path.cc:99) For utterance MPK360, best cost 45.1992 + 2100.78 = 2145.98 over 291 frames.
MPK360 ndalla appaal irunddaan 
LOG (lattice-best-path[5.5.1139~1-67548]:main():lattice-best-path.cc:99) For utterance MPK361, best cost 36.2919 + 2128.88 = 2165.18 over 306 frames.
MPK361 raajjiyam kolxlxaadee 
LOG (lattice-best-path[5.5.1139~1-67548]:main():lattice-best-path.cc:99) For utterance MPK362, best cost 81.5145 + 2828.21 = 2909.72 over 396 frames.
MPK362 hastam pozhudeu eenddeu kanjji tii injji 
LOG (lattice-best-path[5.5.1139~1-67548]:main():lattice-best-path.cc:99) For utterance MPK363, best cost 55.5632 + 2389.48 = 2445.04 over 329 frames.
MPK363 tinnaadeu eepral mazhai tinggalx 
LOG (lattice-best-path[5.5.1139~1-67548]:main():lattice-best-path.cc:99) For utterance MPK364, best cost 46.3786 + 2222.08 = 2268.46 over 309 frames.
MPK364 toonxdxiyadeu sanddippeu kuuwum 
LOG (lattice-best-path[5.5.1139~1-67548]:main():lattice-best-path.cc:99) For utterance MPK365, best cost 40.1397 + 2257.82 = 2297.96 over 311 frames.
MPK365 irunddadeu walxarcci ndaatxtxeu walxarcci 
LOG (lattice-best-path[5.5.1139~1-67548]:main():lattice-best-path.cc:99) For utterance MPR293, best cost 25.6061 + 2210.59 = 2236.2 over 306 frames.
MPR293 guruwai sisxyan wanxangginaan 
LOG (lattice-best-path[5.5.1139~1-67548]:main():lattice-best-path.cc:99) For utterance MPR294, best cost 21.448 + 1582.68 = 1604.13 over 218 frames.
MPR294 siikkiram eerxpaadxeu sey 
LOG (lattice-best-path[5.5.1139~1-67548]:main():lattice-best-path.cc:99) For utterance MPR295, best cost 21.748 + 1497.39 = 1519.14 over 208 frames.
MPR295 siirxum paambai ndambaadee 
LOG (lattice-best-path[5.5.1139~1-67548]:main():lattice-best-path.cc:99) For utterance MPR296, best cost 39.8797 + 2358.36 = 2398.24 over 329 frames.
MPR296 patxtxeu suzhi sirxuwan seetxtxai seywaan 
LOG (lattice-best-path[5.5.1139~1-67548]:main():lattice-best-path.cc:99) For utterance MPR297, best cost 23.7921 + 1712.88 = 1736.67 over 237 frames.
MPR297 suutxcamam arxinddeu seyalpadxeu 
LOG (lattice-best-path[5.5.1139~1-67548]:main():lattice-best-path.cc:99) For utterance MPR298, best cost 22.9252 + 1701.86 = 1724.78 over 235 frames.
MPR298 asuran tawam irunddaan 
LOG (lattice-best-path[5.5.1139~1-67548]:main():lattice-best-path.cc:99) For utterance MPR299, best cost 21.5437 + 1537.95 = 1559.5 over 212 frames.
MPR299 kaalxi suulam eenddinaan 
LOG (lattice-best-path[5.5.1139~1-67548]:main():lattice-best-path.cc:99) For utterance MPR300, best cost 29.6445 + 2377.46 = 2407.11 over 321 frames.
MPR300 sutxrxeu suuzhal sugaadaaram pinpatxrxeu 
LOG (lattice-best-path[5.5.1139~1-67548]:main():lattice-best-path.cc:99) For utterance MPR301, best cost 27.6701 + 2126.34 = 2154.01 over 294 frames.
MPR301 seewalin kuuwalil pozhudeu widxiyum 
LOG (lattice-best-path[5.5.1139~1-67548]:main():lattice-best-path.cc:99) For utterance MPR302, best cost 44.5306 + 1686.74 = 1731.27 over 228 frames.
MPR302 enakkeu raamar marxadi unxdxeu 
LOG (lattice-best-path[5.5.1139~1-67548]:main():lattice-best-path.cc:99) For utterance MPR303, best cost 48.4943 + 2204.5 = 2252.99 over 311 frames.
MPR303 ndaay ireu widxumurxai kadxai adxaippeu 
LOG (lattice-best-path[5.5.1139~1-67548]:main():lattice-best-path.cc:99) For utterance MPR304, best cost 30.3896 + 2497.41 = 2527.8 over 347 frames.
MPR304 tanggalx udxaimai miideu gawanam selutteu 
LOG (lattice-best-path[5.5.1139~1-67548]:main():lattice-best-path.cc:99) For utterance MPR305, best cost 32.5335 + 2659.97 = 2692.5 over 362 frames.
MPR305 tatruubamaaga ndadxitteuk kaatxtxa njaanam teewai 
LOG (lattice-best-path[5.5.1139~1-67548]:main():lattice-best-path.cc:99) For utterance MPR306, best cost 27.9437 + 1961.8 = 1989.74 over 276 frames.
MPR306 tii muutxtxi tii wibatteu ndadxanddadeu 
LOG (lattice-best-path[5.5.1139~1-67548]:main():lattice-best-path.cc:99) For utterance MPR307, best cost 24.467 + 1592.52 = 1616.99 over 227 frames.
MPR307 un seyaleukkeut tiirweu kaanxeu 
LOG (lattice-best-path[5.5.1139~1-67548]:main():lattice-best-path.cc:99) For utterance MPR308, best cost 20.2253 + 1286.91 = 1307.14 over 180 frames.
MPR308 malar tuuwi waazhtteu 
LOG (lattice-best-path[5.5.1139~1-67548]:main():lattice-best-path.cc:99) For utterance MPR309, best cost 24.0212 + 1733.62 = 1757.65 over 240 frames.
MPR309 iranxdxeu pal puunxdxeu ndalladeu 
LOG (lattice-best-path[5.5.1139~1-67548]:main():lattice-best-path.cc:99) For utterance MPR310, best cost 25.1107 + 1783.66 = 1808.78 over 239 frames.
MPR310 tusxtxan tusxtxa seyal seywaan 
LOG (lattice-best-path[5.5.1139~1-67548]:main():lattice-best-path.cc:99) For utterance MPR311, best cost 31.537 + 2253.99 = 2285.53 over 312 frames.
MPR311 purxaa tuudeu anuppa tolai duuram parxanddadeu 
LOG (lattice-best-path[5.5.1139~1-67548]:main():lattice-best-path.cc:99) For utterance MPR312, best cost 31.7982 + 2121 = 2152.8 over 298 frames.
MPR312 manjjalx tuulx maruttuwa gunxam ndirxainddadeu 
LOG (lattice-best-path[5.5.1139~1-67548]:main():lattice-best-path.cc:99) For utterance MPR313, best cost 24.3781 + 1581.1 = 1605.48 over 227 frames.
MPR313 kutxtxaiyil tanxnxiir teenggiyadeu 
LOG (lattice-best-path[5.5.1139~1-67548]:main():lattice-best-path.cc:99) For utterance MPR314, best cost 24.0677 + 1530.86 = 1554.93 over 208 frames.
MPR314 toonrxiya pugazhin toonrxuga 
LOG (lattice-best-path[5.5.1139~1-67548]:main():lattice-best-path.cc:99) For utterance MPR315, best cost 24.3443 + 1779.76 = 1804.11 over 245 frames.
MPR315 toosxattirxkeu parigaaram sey 
LOG (lattice-best-path[5.5.1139~1-67548]:main():lattice-best-path.cc:99) For utterance MPR316, best cost 36.7676 + 1962.51 = 1999.28 over 261 frames.
MPR316 katti pugai oosoonai baadikkum 
LOG (lattice-best-path[5.5.1139~1-67548]:main():lattice-best-path.cc:99) For utterance MPR317, best cost 21.1495 + 1242.76 = 1263.91 over 174 frames.
MPR317 paambin ndanjjeu kodxiyadeu 
LOG (lattice-best-path[5.5.1139~1-67548]:main():lattice-best-path.cc:99) For utterance MPR318, best cost 19.9925 + 1238.63 = 1258.62 over 176 frames.
MPR318 inrxeu mazhai ndiidxikkum 
LOG (lattice-best-path[5.5.1139~1-67548]:main():lattice-best-path.cc:99) For utterance MPR319, best cost 24.3668 + 1669.25 = 1693.62 over 240 frames.
MPR319 saalaiyil ndiir ndirambiyadeu 
LOG (lattice-best-path[5.5.1139~1-67548]:main():lattice-best-path.cc:99) For utterance MPR320, best cost 33.3114 + 1609.35 = 1642.66 over 222 frames.
MPR320 paarkkaadee oreu ndaadxeu 
LOG (lattice-best-path[5.5.1139~1-67548]:main():lattice-best-path.cc:99) For utterance MPR321, best cost 26.0774 + 1943.23 = 1969.31 over 249 frames.
MPR321 een ippadxi ndoonjjaanaaga ireukkaan 
LOG (lattice-best-path[5.5.1139~1-67548]:main():lattice-best-path.cc:99) For utterance MPR322, best cost 24.03 + 1748.83 = 1772.86 over 252 frames.
MPR322 deesiya panggeu uyarnddadeu 
LOG (lattice-best-path[5.5.1139~1-67548]:main():lattice-best-path.cc:99) For utterance MPR323, best cost 38.1305 + 2098.05 = 2136.19 over 295 frames.
MPR323 aatxrxil tanxnxiir panjjam ndilawiyadeu 
LOG (lattice-best-path[5.5.1139~1-67548]:main():lattice-best-path.cc:99) For utterance MPR324, best cost 31.0539 + 2525.22 = 2556.27 over 373 frames.
MPR324 panjjaayatteu wazhakkeu mudxiweukkeu wanddadeu 
LOG (lattice-best-path[5.5.1139~1-67548]:main():lattice-best-path.cc:99) For utterance MPR325, best cost 25.4186 + 1939.56 = 1964.98 over 277 frames.
MPR325 panjjeu nderuppil karugiyadeu 
LOG (lattice-best-path[5.5.1139~1-67548]:main():lattice-best-path.cc:99) For utterance MPR326, best cost 26.9654 + 1981.54 = 2008.5 over 259 frames.
MPR326 pazhanggudxi makkalx panxbeu sirxappeu 
LOG (lattice-best-path[5.5.1139~1-67548]:main():lattice-best-path.cc:99) For utterance MPR327, best cost 40.4899 + 2234.01 = 2274.5 over 313 frames.
MPR327 kaalai bajanai migawum ndam balam 
LOG (lattice-best-path[5.5.1139~1-67548]:main():lattice-best-path.cc:99) For utterance MPR328, best cost 29.5802 + 2414.82 = 2444.4 over 337 frames.
MPR328 indda raajaa endda baasxai peesinaar 
LOG (lattice-best-path[5.5.1139~1-67548]:main():lattice-best-path.cc:99) For utterance MPR329, best cost 20.2428 + 1392.82 = 1413.06 over 195 frames.
MPR329 en purusxan balasaali 
LOG (lattice-best-path[5.5.1139~1-67548]:main():lattice-best-path.cc:99) For utterance MPR330, best cost 47.6122 + 2013.35 = 2060.96 over 284 frames.
MPR330 puunai sirxeu uuril puugambam 
LOG (lattice-best-path[5.5.1139~1-67548]:main():lattice-best-path.cc:99) For utterance MPR331, best cost 19.8732 + 1309.02 = 1328.9 over 166 frames.
MPR331 puurwa jenma banddam 
LOG (lattice-best-path[5.5.1139~1-67548]:main():lattice-best-path.cc:99) For utterance MPR332, best cost 24.5088 + 1805.35 = 1829.86 over 251 frames.
MPR332 inrxeu puujaiyil kalanddeu kolx 
LOG (lattice-best-path[5.5.1139~1-67548]:main():lattice-best-path.cc:99) For utterance MPR333, best cost 25.297 + 1894.63 = 1919.92 over 261 frames.
MPR333 pon porulx paartteu pazhagaadee 
LOG (lattice-best-path[5.5.1139~1-67548]:main():lattice-best-path.cc:99) For utterance MPR334, best cost 24.4409 + 1528.16 = 1552.6 over 219 frames.
MPR334 un mugam poliwaaga ulxlxadeu 
LOG (lattice-best-path[5.5.1139~1-67548]:main():lattice-best-path.cc:99) For utterance MPR335, best cost 21.9887 + 1478.15 = 1500.14 over 206 frames.
MPR335 petxtxiyai kiizhee poodxeu 
LOG (lattice-best-path[5.5.1139~1-67548]:main():lattice-best-path.cc:99) For utterance MPR336, best cost 21.4999 + 1491.71 = 1513.21 over 210 frames.
MPR336 pooliyaana waazhkkai tawir 
LOG (lattice-best-path[5.5.1139~1-67548]:main():lattice-best-path.cc:99) For utterance MPR337, best cost 34.2141 + 1570.28 = 1604.49 over 212 frames.
MPR337 ndaanjjil poosxaakkaana unxaweu 
LOG (lattice-best-path[5.5.1139~1-67548]:main():lattice-best-path.cc:99) For utterance MPR338, best cost 23.3869 + 1696.81 = 1720.2 over 238 frames.
MPR338 elumbeu majjai waliyadeu 
LOG (lattice-best-path[5.5.1139~1-67548]:main():lattice-best-path.cc:99) For utterance MPR339, best cost 19.7692 + 1247.79 = 1267.56 over 167 frames.
MPR339 etxtxeukkaali oreu puucci 
LOG (lattice-best-path[5.5.1139~1-67548]:main():lattice-best-path.cc:99) For utterance MPR340, best cost 49.9239 + 2338.72 = 2388.64 over 316 frames.
MPR340 maarc maadattil paartteu teeytteuk 
LOG (lattice-best-path[5.5.1139~1-67548]:main():lattice-best-path.cc:99) For utterance MPR341, best cost 21.308 + 1321.73 = 1343.04 over 186 frames.
MPR341 miin kanxnxeukkeu ndalladeu 
LOG (lattice-best-path[5.5.1139~1-67548]:main():lattice-best-path.cc:99) For utterance MPR342, best cost 20.8016 + 1256.2 = 1277 over 181 frames.
MPR342 muulxai illaadawan mutxtxaalx 
LOG (lattice-best-path[5.5.1139~1-67548]:main():lattice-best-path.cc:99) For utterance MPR343, best cost 27.1175 + 1827.9 = 1855.01 over 258 frames.
MPR343 tozhilil muuladanam poodxa weenxdxum 
LOG (lattice-best-path[5.5.1139~1-67548]:main():lattice-best-path.cc:99) For utterance MPR344, best cost 42.3408 + 1270.2 = 1312.54 over 187 frames.
MPR344 widiyai pirxarai eerxi ndil 
LOG (lattice-best-path[5.5.1139~1-67548]:main():lattice-best-path.cc:99) For utterance MPR345, best cost 26.0624 + 1663.83 = 1689.89 over 237 frames.
MPR345 indda maiyanggalx enggeu ulxlxadeu 
LOG (lattice-best-path[5.5.1139~1-67548]:main():lattice-best-path.cc:99) For utterance MPR346, best cost 22.3732 + 1312.64 = 1335.02 over 180 frames.
MPR346 makkalx raajjiyam weenxdxum 
LOG (lattice-best-path[5.5.1139~1-67548]:main():lattice-best-path.cc:99) For utterance MPR347, best cost 30.483 + 1441.67 = 1472.15 over 197 frames.
MPR347 risxikkeu roosxam padxi 
LOG (lattice-best-path[5.5.1139~1-67548]:main():lattice-best-path.cc:99) For utterance MPR348, best cost 19.7877 + 1205.65 = 1225.43 over 168 frames.
MPR348 lajjai enrxaal wekkam 
LOG (lattice-best-path[5.5.1139~1-67548]:main():lattice-best-path.cc:99) For utterance MPR349, best cost 22.5958 + 1560.84 = 1583.44 over 213 frames.
MPR349 tuukkam udxaleukkeu ndalladeu 
LOG (lattice-best-path[5.5.1139~1-67548]:main():lattice-best-path.cc:99) For utterance MPR350, best cost 29.3067 + 2438.12 = 2467.43 over 321 frames.
MPR350 laksxmi muga laksxanxam ulxlxa penx 
LOG (lattice-best-path[5.5.1139~1-67548]:main():lattice-best-path.cc:99) For utterance MPR351, best cost 23.6081 + 1424.53 = 1448.14 over 190 frames.
MPR351 widxaa muyarxci walxarcci tarum 
LOG (lattice-best-path[5.5.1139~1-67548]:main():lattice-best-path.cc:99) For utterance MPR352, best cost 20.6264 + 1267.57 = 1288.19 over 170 frames.
MPR352 wiitxtxil wiseesxam unxdxeu 
LOG (lattice-best-path[5.5.1139~1-67548]:main():lattice-best-path.cc:99) For utterance MPR353, best cost 22.6745 + 1662.96 = 1685.64 over 229 frames.
MPR353 wandda wisxayattaik kuurxeu 
LOG (lattice-best-path[5.5.1139~1-67548]:main():lattice-best-path.cc:99) For utterance MPR354, best cost 29.2759 + 2090.15 = 2119.42 over 291 frames.
MPR354 en wiidi wazhiyaaga sellum peerunddeu 
LOG (lattice-best-path[5.5.1139~1-67548]:main():lattice-best-path.cc:99) For utterance MPR355, best cost 23.4384 + 1547.07 = 1570.51 over 214 frames.
MPR355 jadxai pinni weesxam poodxeu 
LOG (lattice-best-path[5.5.1139~1-67548]:main():lattice-best-path.cc:99) For utterance MPR356, best cost 21.3854 + 1325.2 = 1346.59 over 179 frames.
MPR356 janawari mudal maadam 
LOG (lattice-best-path[5.5.1139~1-67548]:main():lattice-best-path.cc:99) For utterance MPR357, best cost 20.718 + 1415.24 = 1435.96 over 206 frames.
MPR357 janamee ndam balam 
LOG (lattice-best-path[5.5.1139~1-67548]:main():lattice-best-path.cc:99) For utterance MPR358, best cost 41.9315 + 1499.83 = 1541.76 over 204 frames.
MPR358 paartteu pidxi paappaa 
LOG (lattice-best-path[5.5.1139~1-67548]:main():lattice-best-path.cc:99) For utterance MPR359, best cost 24.6122 + 1686.22 = 1710.83 over 231 frames.
MPR359 waay jaalam kaatxtxum manidan 
LOG (lattice-best-path[5.5.1139~1-67548]:main():lattice-best-path.cc:99) For utterance MPR360, best cost 20.0189 + 1203.3 = 1223.32 over 159 frames.
MPR360 jaalraa poodxa weenxdxaam 
LOG (lattice-best-path[5.5.1139~1-67548]:main():lattice-best-path.cc:99) For utterance MPR361, best cost 18.5996 + 1120.15 = 1138.75 over 150 frames.
MPR361 ajiiranxak koolxaarxeu 
LOG (lattice-best-path[5.5.1139~1-67548]:main():lattice-best-path.cc:99) For utterance MPR362, best cost 68.9304 + 2060.51 = 2129.44 over 279 frames.
MPR362 hastam pal iranxdxeu kanjji injji 
LOG (lattice-best-path[5.5.1139~1-67548]:main():lattice-best-path.cc:99) For utterance MPR363, best cost 23.9075 + 1682.5 = 1706.41 over 232 frames.
MPR363 ndiinggalx sxeemamaaga irunggalx 
LOG (lattice-best-path[5.5.1139~1-67548]:main():lattice-best-path.cc:99) For utterance MPR364, best cost 41.9434 + 1550.71 = 1592.66 over 208 frames.
MPR364 togudi iratxtxai sanddippeu 
LOG (lattice-best-path[5.5.1139~1-67548]:main():lattice-best-path.cc:99) For utterance MPR365, best cost 37.4193 + 1898.07 = 1935.49 over 259 frames.
MPR365 jadxai walxarcci ndaatxtxeu walxarcci 
LOG (lattice-best-path[5.5.1139~1-67548]:main():lattice-best-path.cc:99) For utterance MRA293, best cost 26.2429 + 2821.45 = 2847.7 over 399 frames.
MRA293 guruwai sisxyan wanxangginaan 
LOG (lattice-best-path[5.5.1139~1-67548]:main():lattice-best-path.cc:99) For utterance MRA294, best cost 43.5741 + 2211.65 = 2255.22 over 310 frames.
MRA294 siikkiram keetxpadeu sey 
LOG (lattice-best-path[5.5.1139~1-67548]:main():lattice-best-path.cc:99) For utterance MRA295, best cost 22.9871 + 1900.27 = 1923.26 over 272 frames.
MRA295 siirxum paambai ndambaadee 
LOG (lattice-best-path[5.5.1139~1-67548]:main():lattice-best-path.cc:99) For utterance MRA296, best cost 31.9481 + 3025.99 = 3057.94 over 422 frames.
MRA296 iratxtxai suzhi sirxuwan seetxtxai seywaan 
LOG (lattice-best-path[5.5.1139~1-67548]:main():lattice-best-path.cc:99) For utterance MRA297, best cost 49.7092 + 2408.72 = 2458.43 over 358 frames.
MRA297 sol sirxuwar arxinddeu seyalpadxeu 
LOG (lattice-best-path[5.5.1139~1-67548]:main():lattice-best-path.cc:99) For utterance MRA298, best cost 23.7512 + 2052.82 = 2076.58 over 305 frames.
MRA298 asuran tawam irunddaan 
LOG (lattice-best-path[5.5.1139~1-67548]:main():lattice-best-path.cc:99) For utterance MRA299, best cost 22.9378 + 2109.03 = 2131.97 over 314 frames.
MRA299 kaalxi suulam eenddinaan 
LOG (lattice-best-path[5.5.1139~1-67548]:main():lattice-best-path.cc:99) For utterance MRA300, best cost 29.8571 + 2701.83 = 2731.69 over 380 frames.
MRA300 sutxrxeu suuzhal sugaadaaram pinpatxrxeu 
LOG (lattice-best-path[5.5.1139~1-67548]:main():lattice-best-path.cc:99) For utterance MRA301, best cost 28.3572 + 2293.47 = 2321.82 over 328 frames.
MRA301 seewalin kuuwalil pozhudeu widxiyum 
LOG (lattice-best-path[5.5.1139~1-67548]:main():lattice-best-path.cc:99) For utterance MRA302, best cost 56.8607 + 2265.01 = 2321.87 over 307 frames.
MRA302 ezhutteup ndalla marunddeu arunddeu 
LOG (lattice-best-path[5.5.1139~1-67548]:main():lattice-best-path.cc:99) For utterance MRA303, best cost 39.4139 + 2757.13 = 2796.54 over 399 frames.
MRA303 daaniyam widxumurxai kadxai adxaippeu 
LOG (lattice-best-path[5.5.1139~1-67548]:main():lattice-best-path.cc:99) For utterance MRA304, best cost 33.4214 + 3196.12 = 3229.54 over 441 frames.
MRA304 tanggalx udxaimai miideu gawanam selutteu 
LOG (lattice-best-path[5.5.1139~1-67548]:main():lattice-best-path.cc:99) For utterance MRA305, best cost 83.0926 + 3508.39 = 3591.48 over 508 frames.
MRA305 taay tara waaraa ndadxitteuk kaatxtxa ndaanxam pirxarai 
LOG (lattice-best-path[5.5.1139~1-67548]:main():lattice-best-path.cc:99) For utterance MRA306, best cost 61.0932 + 2901.13 = 2962.23 over 428 frames.
MRA306 teriyum pereu siwappeu ndadxanddadeu 
LOG (lattice-best-path[5.5.1139~1-67548]:main():lattice-best-path.cc:99) For utterance MRA307, best cost 25.7633 + 2510.48 = 2536.24 over 358 frames.
MRA307 un seyaleukkeut tiirweu kaanxeu 
LOG (lattice-best-path[5.5.1139~1-67548]:main():lattice-best-path.cc:99) For utterance MRA308, best cost 43.3394 + 1894.81 = 1938.15 over 275 frames.
MRA308 malar tawarxeu waazhtteu 
LOG (lattice-best-path[5.5.1139~1-67548]:main():lattice-best-path.cc:99) For utterance MRA309, best cost 25.8722 + 2347.39 = 2373.26 over 325 frames.
MRA309 iranxdxeu pal puunxdxeu ndalladeu 
LOG (lattice-best-path[5.5.1139~1-67548]:main():lattice-best-path.cc:99) For utterance MRA310, best cost 26.9781 + 2204.67 = 2231.65 over 303 frames.
MRA310 tusxtxan tusxtxa seyal seywaan 
LOG (lattice-best-path[5.5.1139~1-67548]:main():lattice-best-path.cc:99) For utterance MRA311, best cost 65.6745 + 3438.92 = 3504.6 over 480 frames.
MRA311 purxaa tuudeu anuppa ulxlxadeu ooram parxanddadeu 
LOG (lattice-best-path[5.5.1139~1-67548]:main():lattice-best-path.cc:99) For utterance MRA312, best cost 31.96 + 2445.44 = 2477.4 over 319 frames.
MRA312 manjjalx tuulx maruttuwa gunxam ndirxainddadeu 
LOG (lattice-best-path[5.5.1139~1-67548]:main():lattice-best-path.cc:99) For utterance MRA313, best cost 24.4985 + 1775.17 = 1799.67 over 254 frames.
MRA313 kutxtxaiyil tanxnxiir teenggiyadeu 
LOG (lattice-best-path[5.5.1139~1-67548]:main():lattice-best-path.cc:99) For utterance MRA314, best cost 23.7036 + 1759.03 = 1782.73 over 245 frames.
MRA314 toonrxiya pugazhin toonrxuga 
LOG (lattice-best-path[5.5.1139~1-67548]:main():lattice-best-path.cc:99) For utterance MRA315, best cost 60.0232 + 2737.01 = 2797.04 over 390 frames.
MRA315 roosxam tiidum wazhiyaaga sey 
LOG (lattice-best-path[5.5.1139~1-67548]:main():lattice-best-path.cc:99) For utterance MRA316, best cost 29.6155 + 2829.44 = 2859.06 over 387 frames.
MRA316 ndacceup pugai oosoonai baadikkum 
LOG (lattice-best-path[5.5.1139~1-67548]:main():lattice-best-path.cc:99) For utterance MRA317, best cost 25.0382 + 2970.46 = 2995.5 over 449 frames.
MRA317 paambin ndanjjeu kodxiyadeu 
LOG (lattice-best-path[5.5.1139~1-67548]:main():lattice-best-path.cc:99) For utterance MRA318, best cost 23.6412 + 2049.54 = 2073.18 over 286 frames.
MRA318 inrxeu mazhai ndiidxikkum 
LOG (lattice-best-path[5.5.1139~1-67548]:main():lattice-best-path.cc:99) For utterance MRA319, best cost 24.1483 + 1938.09 = 1962.24 over 284 frames.
MRA319 saalaiyil ndiir ndirambiyadeu 
LOG (lattice-best-path[5.5.1139~1-67548]:main():lattice-best-path.cc:99) For utterance MRA320, best cost 31.4447 + 1615.25 = 1646.69 over 222 frames.
MRA320 iratxtxai suzhi ndaadxeu 
LOG (lattice-best-path[5.5.1139~1-67548]:main():lattice-best-path.cc:99) For utterance MRA321, best cost 28.3564 + 2545.66 = 2574.01 over 354 frames.
MRA321 een ippadxi ndoonjjaanaaga ireukkaan 
LOG (lattice-best-path[5.5.1139~1-67548]:main():lattice-best-path.cc:99) For utterance MRA322, best cost 24.663 + 2161.22 = 2185.88 over 307 frames.
MRA322 deesiya panggeu uyarnddadeu 
LOG (lattice-best-path[5.5.1139~1-67548]:main():lattice-best-path.cc:99) For utterance MRA323, best cost 40.9565 + 2159.98 = 2200.94 over 309 frames.
MRA323 ndaatxtxil tanxnxiir panjjam sirxanddadeu 
LOG (lattice-best-path[5.5.1139~1-67548]:main():lattice-best-path.cc:99) For utterance MRA324, best cost 30.7038 + 2270.55 = 2301.25 over 319 frames.
MRA324 panjjaayatteu wazhakkeu mudxiweukkeu wanddadeu 
LOG (lattice-best-path[5.5.1139~1-67548]:main():lattice-best-path.cc:99) For utterance MRA325, best cost 25.7568 + 2093.14 = 2118.9 over 283 frames.
MRA325 panjjeu nderuppil karugiyadeu 
LOG (lattice-best-path[5.5.1139~1-67548]:main():lattice-best-path.cc:99) For utterance MRA326, best cost 71.2401 + 3058.75 = 3129.99 over 434 frames.
MRA326 pazhanggudxi manx kal kanrxeu sirxappeu 
LOG (lattice-scale[5.5.1139~1-67548]:main():lattice-scale.cc:107) Done 511 lattices.
LOG (lattice-best-path[5.5.1139~1-67548]:main():lattice-best-path.cc:99) For utterance MRA327, best cost 41.0101 + 2495.67 = 2536.68 over 343 frames.
MRA327 kaalai bajanai migawum sakkaram 
LOG (lattice-best-path[5.5.1139~1-67548]:main():lattice-best-path.cc:99) For utterance MRA328, best cost 29.9708 + 2780.74 = 2810.71 over 384 frames.
MRA328 indda raajaa endda baasxai peesinaar 
LOG (lattice-best-path[5.5.1139~1-67548]:main():lattice-best-path.cc:99) For utterance MRA329, best cost 22.1833 + 1689.85 = 1712.03 over 226 frames.
MRA329 en purusxan balasaali 
LOG (lattice-best-path[5.5.1139~1-67548]:main():lattice-best-path.cc:99) For utterance MRA330, best cost 26.1553 + 2431.78 = 2457.93 over 342 frames.
MRA330 buwaneesxwar uuril puugambam 
LOG (lattice-best-path[5.5.1139~1-67548]:main():lattice-best-path.cc:99) For utterance MRA331, best cost 22.3467 + 1798.67 = 1821.01 over 241 frames.
MRA331 puurwa jenma banddam 
LOG (lattice-best-path[5.5.1139~1-67548]:main():lattice-best-path.cc:99) For utterance MRA332, best cost 24.0986 + 1959.85 = 1983.95 over 266 frames.
MRA332 inrxeu puujaiyil kalanddeu kolx 
LOG (lattice-best-path[5.5.1139~1-67548]:main():lattice-best-path.cc:99) For utterance MRA333, best cost 26.8308 + 2336.53 = 2363.36 over 327 frames.
MRA333 pon porulx paartteu pazhagaadee 
LOG (lattice-best-path[5.5.1139~1-67548]:main():lattice-best-path.cc:99) For utterance MRA334, best cost 45.4648 + 2004.9 = 2050.36 over 297 frames.
MRA334 muuladanam pooliyaana ulxlxadeu 
LOG (lattice-best-path[5.5.1139~1-67548]:main():lattice-best-path.cc:99) For utterance MRA335, best cost 23.9128 + 1356.93 = 1380.84 over 179 frames.
MRA335 otxtxeuk keetxpadeu 
LOG (lattice-best-path[5.5.1139~1-67548]:main():lattice-best-path.cc:99) For utterance MRA336, best cost 35.2298 + 1964.68 = 1999.91 over 266 frames.
MRA336 pooliyaana waazhkkai uudxagam 
LOG (lattice-best-path[5.5.1139~1-67548]:main():lattice-best-path.cc:99) For utterance MRA337, best cost 38.2888 + 2442.91 = 2481.2 over 346 frames.
MRA337 ndaay kuzhi poosxaakkaana unxaweu 
LOG (lattice-best-path[5.5.1139~1-67548]:main():lattice-best-path.cc:99) For utterance MRA338, best cost 34.1561 + 1564.88 = 1599.03 over 232 frames.
MRA338 endda majjai waliyadeu 
LOG (lattice-best-path[5.5.1139~1-67548]:main():lattice-best-path.cc:99) For utterance MRA339, best cost 20.7174 + 1546.42 = 1567.14 over 213 frames.
MRA339 etxtxeukkaali oreu puucci 
LOG (lattice-best-path[5.5.1139~1-67548]:main():lattice-best-path.cc:99) For utterance MRA340, best cost 55.6936 + 2243.25 = 2298.94 over 319 frames.
MRA340 maarc maadattil pal alxanddeu sey 
LOG (lattice-best-path[5.5.1139~1-67548]:main():lattice-best-path.cc:99) For utterance MRA341, best cost 35.3533 + 1653.4 = 1688.76 over 230 frames.
MRA341 migundda kanxnxeukkeu ndalladeu 
LOG (lattice-best-path[5.5.1139~1-67548]:main():lattice-best-path.cc:99) For utterance MRA342, best cost 21.5221 + 1458.39 = 1479.91 over 201 frames.
MRA342 muulxai illaadawan mutxtxaalx 
LOG (lattice-best-path[5.5.1139~1-67548]:main():lattice-best-path.cc:99) For utterance MRA343, best cost 39.783 + 2052.46 = 2092.25 over 299 frames.
MRA343 mozhi muuladanam poodxa weenxdxum 
LOG (lattice-best-path[5.5.1139~1-67548]:main():lattice-best-path.cc:99) For utterance MRA344, best cost 40.1893 + 1310.53 = 1350.72 over 191 frames.
MRA344 inddiyaawin wiidxeu ndil 
LOG (lattice-best-path[5.5.1139~1-67548]:main():lattice-best-path.cc:99) For utterance MRA345, best cost 25.9698 + 1820.99 = 1846.96 over 257 frames.
MRA345 indda maiyanggalx enggeu ulxlxadeu 
LOG (lattice-best-path[5.5.1139~1-67548]:main():lattice-best-path.cc:99) For utterance MRA346, best cost 24.0306 + 1780.75 = 1804.78 over 242 frames.
MRA346 makkalx raajjiyam weenxdxum 
LOG (lattice-best-path[5.5.1139~1-67548]:main():lattice-best-path.cc:99) For utterance MRA347, best cost 24.2597 + 1902.8 = 1927.06 over 254 frames.
MRA347 risxikkeu roosxam adigam 
LOG (lattice-best-path[5.5.1139~1-67548]:main():lattice-best-path.cc:99) For utterance MRA348, best cost 21.8978 + 1808.86 = 1830.75 over 258 frames.
MRA348 lajjai enrxaal wekkam 
LOG (lattice-best-path[5.5.1139~1-67548]:main():lattice-best-path.cc:99) For utterance MRA349, best cost 22.716 + 1676.23 = 1698.95 over 235 frames.
MRA349 tuukkam udxaleukkeu ndalladeu 
LOG (lattice-best-path[5.5.1139~1-67548]:main():lattice-best-path.cc:99) For utterance MRA350, best cost 28.8111 + 2370.88 = 2399.69 over 330 frames.
MRA350 laksxmi muga laksxanxam ulxlxa penx 
LOG (lattice-best-path[5.5.1139~1-67548]:main():lattice-best-path.cc:99) For utterance MRA351, best cost 26.5172 + 2118.42 = 2144.94 over 294 frames.
MRA351 widxaa muyarxci walxarcci tarum 
LOG (lattice-best-path[5.5.1139~1-67548]:main():lattice-best-path.cc:99) For utterance MRA352, best cost 35.164 + 1917.25 = 1952.42 over 264 frames.
MRA352 waitteuk wiseesxam unxdxeu 
LOG (lattice-best-path[5.5.1139~1-67548]:main():lattice-best-path.cc:99) For utterance MRA353, best cost 43.1726 + 1905.41 = 1948.58 over 281 frames.
MRA353 manjjalx teeytteuk koolxaarxeu 
LOG (lattice-add-penalty[5.5.1139~1-67548]:main():lattice-add-penalty.cc:62) Done adding word insertion penalty to 511 lattices.
LOG (lattice-best-path[5.5.1139~1-67548]:main():lattice-best-path.cc:99) For utterance MRA354, best cost 43.6131 + 2725.31 = 2768.93 over 387 frames.
MRA354 en miideu wazhiyaaga sellum peerunddeu 
LOG (lattice-best-path[5.5.1139~1-67548]:main():lattice-best-path.cc:99) For utterance MRA355, best cost 24.3529 + 1895.33 = 1919.68 over 264 frames.
MRA355 jadxai pinni weesxam poodxeu 
LOG (lattice-best-path[5.5.1139~1-67548]:main():lattice-best-path.cc:99) For utterance MRA356, best cost 24.598 + 1891.87 = 1916.47 over 271 frames.
MRA356 janawari mudal maadam 
LOG (lattice-best-path[5.5.1139~1-67548]:main():lattice-best-path.cc:99) For utterance MRA357, best cost 20.839 + 1605.28 = 1626.12 over 233 frames.
MRA357 janamee ndam balam 
LOG (lattice-best-path[5.5.1139~1-67548]:main():lattice-best-path.cc:99) For utterance MRA358, best cost 42.7424 + 1859.26 = 1902 over 264 frames.
MRA358 taay tii illaiyadxi paappaa 
LOG (lattice-best-path[5.5.1139~1-67548]:main():lattice-best-path.cc:99) For utterance MRA359, best cost 27.4128 + 2230.27 = 2257.68 over 309 frames.
MRA359 waay jaalam kaatxtxum manidan 
LOG (lattice-best-path[5.5.1139~1-67548]:main():lattice-best-path.cc:99) For utterance MRA360, best cost 44.4344 + 2026.63 = 2071.07 over 278 frames.
MRA360 taazha ooram banddam 
LOG (lattice-best-path[5.5.1139~1-67548]:main():lattice-best-path.cc:99) For utterance MRA361, best cost 19.8815 + 1484.9 = 1504.78 over 218 frames.
MRA361 ajiiranxak koolxaarxeu 
LOG (lattice-best-path[5.5.1139~1-67548]:main():lattice-best-path.cc:99) For utterance MRA362, best cost 70.2886 + 3059.19 = 3129.48 over 418 frames.
MRA362 rambam iranxdxeu kanxnxiir seyyin sey 
LOG (lattice-best-path[5.5.1139~1-67548]:main():lattice-best-path.cc:99) For utterance MRA363, best cost 56.352 + 2004.2 = 2060.55 over 294 frames.
MRA363 inggeu saram waazhalaam irunggalx 
LOG (lattice-best-path[5.5.1139~1-67548]:main():lattice-best-path.cc:99) For utterance MRA364, best cost 33.0462 + 1504.46 = 1537.5 over 208 frames.
MRA364 pagudiyil sanddippeu 
LOG (lattice-best-path[5.5.1139~1-67548]:main():lattice-best-path.cc:99) For utterance MRA365, best cost 47.5181 + 2164.17 = 2211.69 over 311 frames.
MRA365 enxnxey aaranjjeu ndaatxtxeu walxarcci 
LOG (lattice-best-path[5.5.1139~1-67548]:main():lattice-best-path.cc:124) Overall cost per frame is 7.25545 = 0.108108 [graph] + 7.14734 [acoustic] over 182890 frames.
LOG (lattice-best-path[5.5.1139~1-67548]:main():lattice-best-path.cc:128) Done 511 lattices, failed for 0
# Accounting: time=0 threads=1
# Ended (code 0) at Mon Jul  8 11:11:49 IST 2024, elapsed time 0 seconds
