# lattice-scale --inv-acoustic-scale=1 "ark:gunzip -c exp_FG/tri_8_2000/decode/lat.*.gz|" ark:- | lattice-add-penalty --word-ins-penalty=0.0 ark:- ark:- | lattice-best-path --word-symbol-table=exp_FG/tri_8_2000/graph/words.txt ark:- ark,t:exp_FG/tri_8_2000/decode/scoring/1.tra 
# Started at Mon Jul  8 11:11:48 IST 2024
#
lattice-best-path --word-symbol-table=exp_FG/tri_8_2000/graph/words.txt ark:- ark,t:exp_FG/tri_8_2000/decode/scoring/1.tra 
lattice-add-penalty --word-ins-penalty=0.0 ark:- ark:- 
lattice-scale --inv-acoustic-scale=1 'ark:gunzip -c exp_FG/tri_8_2000/decode/lat.*.gz|' ark:- 
LOG (lattice-best-path[5.5.1139~1-67548]:main():lattice-best-path.cc:99) For utterance FSI293, best cost 25.5329 + 29393.3 = 29418.9 over 317 frames.
FSI293 guruwai sisxyan wanxangginaan 
LOG (lattice-best-path[5.5.1139~1-67548]:main():lattice-best-path.cc:99) For utterance FSI294, best cost 60.5392 + 21989.6 = 22050.1 over 240 frames.
FSI294 sey jadxai iiyam padxa sey 
LOG (lattice-best-path[5.5.1139~1-67548]:main():lattice-best-path.cc:99) For utterance FSI295, best cost 33.9266 + 25939.8 = 25973.7 over 301 frames.
FSI295 sidambaram uyaramaanadeu 
LOG (lattice-best-path[5.5.1139~1-67548]:main():lattice-best-path.cc:99) For utterance FSI296, best cost 61.5989 + 33396.7 = 33458.3 over 359 frames.
FSI296 pirxareukkeu suzhi sirxuwan seetxtxai tii waa 
LOG (lattice-best-path[5.5.1139~1-67548]:main():lattice-best-path.cc:99) For utterance FSI297, best cost 26.3728 + 29014.8 = 29041.1 over 314 frames.
FSI297 suutxcamam arxinddeu seyalpadxeu 
LOG (lattice-best-path[5.5.1139~1-67548]:main():lattice-best-path.cc:99) For utterance FSI298, best cost 54.4261 + 28584.4 = 28638.9 over 307 frames.
FSI298 asuran kuyil ndam taagam 
LOG (lattice-best-path[5.5.1139~1-67548]:main():lattice-best-path.cc:99) For utterance FSI299, best cost 42.1473 + 27965.6 = 28007.8 over 320 frames.
FSI299 kaalxi suwai eenddinaan 
LOG (lattice-best-path[5.5.1139~1-67548]:main():lattice-best-path.cc:99) For utterance FSI300, best cost 31.0951 + 44638.5 = 44669.6 over 478 frames.
FSI300 sutxrxeu suuzhal sugaadaaram pinpatxrxeu 
LOG (lattice-best-path[5.5.1139~1-67548]:main():lattice-best-path.cc:99) For utterance FSI301, best cost 30.6231 + 37608.7 = 37639.4 over 411 frames.
FSI301 seewalin kuuwalil pozhudeu widxiyum 
LOG (lattice-best-path[5.5.1139~1-67548]:main():lattice-best-path.cc:99) For utterance FSI302, best cost 73.2304 + 38515.1 = 38588.4 over 424 frames.
FSI302 enakkeu paanam uurwadeu kuurnddeu adeu 
LOG (lattice-best-path[5.5.1139~1-67548]:main():lattice-best-path.cc:99) For utterance FSI303, best cost 49.3279 + 33061.6 = 33110.9 over 362 frames.
FSI303 ndaay eepral widxumurxai kadxai adxaippeu 
LOG (lattice-best-path[5.5.1139~1-67548]:main():lattice-best-path.cc:99) For utterance FSI304, best cost 59.0905 + 32636.7 = 32695.8 over 356 frames.
FSI304 tanggam udawum ireu gawanam selutteu 
LOG (lattice-best-path[5.5.1139~1-67548]:main():lattice-best-path.cc:99) For utterance FSI305, best cost 97.0641 + 43473.6 = 43570.6 over 475 frames.
FSI305 sarppam uur waanam ndadxitteuk katxtxam maadam pirxarai 
LOG (lattice-best-path[5.5.1139~1-67548]:main():lattice-best-path.cc:99) For utterance FSI306, best cost 59.2653 + 38582 = 38641.3 over 427 frames.
FSI306 seyal muutxtxi tinbadeu ndadxanddadeu 
LOG (lattice-best-path[5.5.1139~1-67548]:main():lattice-best-path.cc:99) For utterance FSI307, best cost 37.5566 + 29383.7 = 29421.3 over 327 frames.
FSI307 kuuzh seyaleukkeut tiirweu kaanxeu 
LOG (lattice-best-path[5.5.1139~1-67548]:main():lattice-best-path.cc:99) For utterance FSI308, best cost 53.8659 + 29717.5 = 29771.3 over 340 frames.
FSI308 yaadum sirxeu waanam perxeu 
LOG (lattice-best-path[5.5.1139~1-67548]:main():lattice-best-path.cc:99) For utterance FSI309, best cost 37.6267 + 28382.1 = 28419.7 over 317 frames.
FSI309 wizhunddeu pal puunxdxeu ndalladeu 
LOG (lattice-best-path[5.5.1139~1-67548]:main():lattice-best-path.cc:99) For utterance FSI310, best cost 46.3607 + 30545.4 = 30591.8 over 326 frames.
FSI310 tusxtxan sotteu seyal seywaan 
LOG (lattice-best-path[5.5.1139~1-67548]:main():lattice-best-path.cc:99) For utterance FSI311, best cost 102.034 + 57563.8 = 57665.8 over 624 frames.
FSI311 pooraay tuudeu anuppa oreu kuuwalil sirxuwar karam oreu 
LOG (lattice-best-path[5.5.1139~1-67548]:main():lattice-best-path.cc:99) For utterance FSI312, best cost 69.8968 + 38246.7 = 38316.6 over 414 frames.
FSI312 ndaadxeu tuulx matxtxam gunxam irunddadeu 
LOG (lattice-best-path[5.5.1139~1-67548]:main():lattice-best-path.cc:99) For utterance FSI313, best cost 26.2815 + 32418.4 = 32444.7 over 355 frames.
FSI313 kutxtxaiyil tanxnxiir teenggiyadeu 
LOG (lattice-best-path[5.5.1139~1-67548]:main():lattice-best-path.cc:99) For utterance FSI314, best cost 71.2091 + 26267.6 = 26338.8 over 270 frames.
FSI314 suuriyan perxeu murxpagal toonrxuga muga 
LOG (lattice-best-path[5.5.1139~1-67548]:main():lattice-best-path.cc:99) For utterance FSI315, best cost 24.8717 + 28784.7 = 28809.6 over 313 frames.
FSI315 toosxattirxkeu parigaaram sey 
LOG (lattice-best-path[5.5.1139~1-67548]:main():lattice-best-path.cc:99) For utterance FSI316, best cost 83.3759 + 38134.9 = 38218.3 over 410 frames.
FSI316 anaittum pozhudeu usxnxam ezheu palli koobam 
LOG (lattice-best-path[5.5.1139~1-67548]:main():lattice-best-path.cc:99) For utterance FSI317, best cost 46.6789 + 37178 = 37224.7 over 426 frames.
FSI317 paanam penx ndanjjeu kodxiyadeu 
LOG (lattice-best-path[5.5.1139~1-67548]:main():lattice-best-path.cc:99) For utterance FSI318, best cost 22.8532 + 27129.8 = 27152.6 over 310 frames.
FSI318 inrxeu mazhai ndiidxikkum 
LOG (lattice-best-path[5.5.1139~1-67548]:main():lattice-best-path.cc:99) For utterance FSI319, best cost 39.6867 + 36399.5 = 36439.2 over 414 frames.
FSI319 saalaiyil ndiir ndiir ndirambiyadeu 
LOG (lattice-best-path[5.5.1139~1-67548]:main():lattice-best-path.cc:99) For utterance FSI320, best cost 24.8636 + 30888.4 = 30913.2 over 351 frames.
FSI320 banggalxaadeesx oreu ndaadxeu 
LOG (lattice-best-path[5.5.1139~1-67548]:main():lattice-best-path.cc:99) For utterance FSI321, best cost 50.5204 + 32443 = 32493.6 over 353 frames.
FSI321 yaawarum kulxir ndoonjjaanaaga ireukkaan 
LOG (lattice-best-path[5.5.1139~1-67548]:main():lattice-best-path.cc:99) For utterance FSI322, best cost 25.5367 + 34362.7 = 34388.3 over 380 frames.
FSI322 deesiya panggeu uyarnddadeu 
LOG (lattice-best-path[5.5.1139~1-67548]:main():lattice-best-path.cc:99) For utterance FSI323, best cost 33.0214 + 43093.7 = 43126.7 over 461 frames.
FSI323 ndaatxtxil tanxnxiir panjjam ndilawiyadeu 
LOG (lattice-best-path[5.5.1139~1-67548]:main():lattice-best-path.cc:99) For utterance FSI324, best cost 30.6937 + 39219 = 39249.7 over 435 frames.
FSI324 panjjaayatteu wazhakkeu mudxiweukkeu wanddadeu 
LOG (lattice-best-path[5.5.1139~1-67548]:main():lattice-best-path.cc:99) For utterance FSI325, best cost 37.1775 + 33637.8 = 33674.9 over 361 frames.
FSI325 panjjeu nderuppil kodxiyadeu 
LOG (lattice-best-path[5.5.1139~1-67548]:main():lattice-best-path.cc:99) For utterance FSI326, best cost 51.25 + 41452.2 = 41503.5 over 443 frames.
FSI326 paagam oli makkalx panxbeu sirxappeu 
LOG (lattice-best-path[5.5.1139~1-67548]:main():lattice-best-path.cc:99) For utterance FSI327, best cost 72.6824 + 39078.2 = 39150.9 over 452 frames.
FSI327 saalaiyil padxi arxinddeu kuuwum ooram 
LOG (lattice-best-path[5.5.1139~1-67548]:main():lattice-best-path.cc:99) For utterance FSI328, best cost 29.0873 + 34792.2 = 34821.3 over 380 frames.
FSI328 indda raajaa endda baasxai peesinaar 
LOG (lattice-best-path[5.5.1139~1-67548]:main():lattice-best-path.cc:99) For utterance FSI329, best cost 24.3849 + 34748.8 = 34773.2 over 384 frames.
FSI329 en purusxan balasaali 
LOG (lattice-best-path[5.5.1139~1-67548]:main():lattice-best-path.cc:99) For utterance FSI330, best cost 47.4134 + 33634.4 = 33681.8 over 380 frames.
FSI330 puurwa weesxam uuril puugambam 
LOG (lattice-best-path[5.5.1139~1-67548]:main():lattice-best-path.cc:99) For utterance FSI331, best cost 21.8069 + 21168.3 = 21190.1 over 230 frames.
FSI331 puurwa jenma banddam 
LOG (lattice-best-path[5.5.1139~1-67548]:main():lattice-best-path.cc:99) For utterance FSI332, best cost 25.4734 + 28501.9 = 28527.4 over 309 frames.
FSI332 inrxeu puujaiyil kalanddeu kolx 
LOG (lattice-best-path[5.5.1139~1-67548]:main():lattice-best-path.cc:99) For utterance FSI333, best cost 25.9112 + 29397 = 29422.9 over 313 frames.
FSI333 pon porulx paartteu pazhagaadee 
LOG (lattice-best-path[5.5.1139~1-67548]:main():lattice-best-path.cc:99) For utterance FSI334, best cost 26.4053 + 30643 = 30669.5 over 357 frames.
FSI334 un mugam poliwaaga ulxlxadeu 
LOG (lattice-best-path[5.5.1139~1-67548]:main():lattice-best-path.cc:99) For utterance FSI335, best cost 22.0525 + 25223 = 25245.1 over 290 frames.
FSI335 petxtxiyai kiizhee poodxeu 
LOG (lattice-best-path[5.5.1139~1-67548]:main():lattice-best-path.cc:99) For utterance FSI336, best cost 56.8306 + 29522.4 = 29579.2 over 315 frames.
FSI336 pooliyaana paartteu kal miideu 
LOG (lattice-best-path[5.5.1139~1-67548]:main():lattice-best-path.cc:99) For utterance FSI337, best cost 48.5254 + 37616.8 = 37665.3 over 414 frames.
FSI337 taay ireu poosxaakkaana unxaweu 
LOG (lattice-best-path[5.5.1139~1-67548]:main():lattice-best-path.cc:99) For utterance FSI338, best cost 56.4366 + 27911.4 = 27967.8 over 307 frames.
FSI338 widiyai rambam paccai waliyadeu 
LOG (lattice-best-path[5.5.1139~1-67548]:main():lattice-best-path.cc:99) For utterance FSI339, best cost 21.8441 + 26058.3 = 26080.1 over 294 frames.
FSI339 etxtxeukkaali oreu puucci 
LOG (lattice-best-path[5.5.1139~1-67548]:main():lattice-best-path.cc:99) For utterance FSI340, best cost 82.7131 + 39954.8 = 40037.5 over 450 frames.
FSI340 ndaatxtxeu mazhai jenma waa widiyai injji 
LOG (lattice-best-path[5.5.1139~1-67548]:main():lattice-best-path.cc:99) For utterance FSI341, best cost 37.9753 + 31459.7 = 31497.6 over 354 frames.
FSI341 peyar kanxnxeukkeu ndalladeu 
LOG (lattice-best-path[5.5.1139~1-67548]:main():lattice-best-path.cc:99) For utterance FSI342, best cost 23.037 + 29307.6 = 29330.6 over 330 frames.
FSI342 muulxai illaadawan mutxtxaalx 
LOG (lattice-best-path[5.5.1139~1-67548]:main():lattice-best-path.cc:99) For utterance FSI343, best cost 29.5353 + 35142.4 = 35171.9 over 385 frames.
FSI343 tozhilil muuladanam poodxa weenxdxum 
LOG (lattice-best-path[5.5.1139~1-67548]:main():lattice-best-path.cc:99) For utterance FSI344, best cost 54.9563 + 26258.1 = 26313.1 over 292 frames.
FSI344 eetxtxeu enggalx wiidxeu inggeu 
LOG (lattice-best-path[5.5.1139~1-67548]:main():lattice-best-path.cc:99) For utterance FSI345, best cost 25.9317 + 28076.6 = 28102.5 over 301 frames.
FSI345 indda maiyanggalx enggeu ulxlxadeu 
LOG (lattice-best-path[5.5.1139~1-67548]:main():lattice-best-path.cc:99) For utterance FSI346, best cost 23.7332 + 28441.7 = 28465.5 over 313 frames.
FSI346 makkalx raajjiyam weenxdxum 
LOG (lattice-best-path[5.5.1139~1-67548]:main():lattice-best-path.cc:99) For utterance FSI347, best cost 26.5629 + 34540.1 = 34566.6 over 367 frames.
FSI347 risxikkeu roosxam adigam 
LOG (lattice-best-path[5.5.1139~1-67548]:main():lattice-best-path.cc:99) For utterance FSI348, best cost 57.391 + 25899.7 = 25957.1 over 290 frames.
FSI348 ndacceup teriyum taazha koobam 
LOG (lattice-best-path[5.5.1139~1-67548]:main():lattice-best-path.cc:99) For utterance FSI349, best cost 23.1871 + 26445.4 = 26468.6 over 290 frames.
FSI349 tuukkam udxaleukkeu ndalladeu 
LOG (lattice-best-path[5.5.1139~1-67548]:main():lattice-best-path.cc:99) For utterance FSI350, best cost 69.6582 + 44228 = 44297.7 over 489 frames.
FSI350 igazhcci miideu koobam laksxanxam ulxlxa perxeu 
LOG (lattice-best-path[5.5.1139~1-67548]:main():lattice-best-path.cc:99) For utterance FSI351, best cost 29.0843 + 42905.7 = 42934.8 over 477 frames.
FSI351 widxaa muyarxci walxarcci tarum 
LOG (lattice-best-path[5.5.1139~1-67548]:main():lattice-best-path.cc:99) For utterance FSI352, best cost 24.201 + 33034.9 = 33059.1 over 375 frames.
FSI352 wiitxtxil wiseesxam unxdxeu 
LOG (lattice-best-path[5.5.1139~1-67548]:main():lattice-best-path.cc:99) For utterance FSI353, best cost 46.1364 + 22680.7 = 22726.8 over 243 frames.
FSI353 manjjalx teeytteuk uurwadeu 
LOG (lattice-best-path[5.5.1139~1-67548]:main():lattice-best-path.cc:99) For utterance FSI354, best cost 46.5561 + 44755.6 = 44802.2 over 481 frames.
FSI354 jalam wiidi wazhiyaaga sellum peerunddeu 
LOG (lattice-best-path[5.5.1139~1-67548]:main():lattice-best-path.cc:99) For utterance FSI355, best cost 56.8917 + 27550.1 = 27607 over 300 frames.
FSI355 tirxanddeu pinni ilawasam poodxeu 
LOG (lattice-best-path[5.5.1139~1-67548]:main():lattice-best-path.cc:99) For utterance FSI356, best cost 22.7627 + 22981.8 = 23004.6 over 249 frames.
FSI356 janawari mudal maadam 
LOG (lattice-best-path[5.5.1139~1-67548]:main():lattice-best-path.cc:99) For utterance FSI357, best cost 21.7006 + 21711.5 = 21733.2 over 253 frames.
FSI357 janamee ndam balam 
LOG (lattice-best-path[5.5.1139~1-67548]:main():lattice-best-path.cc:99) For utterance FSI358, best cost 22.0955 + 26589.6 = 26611.7 over 278 frames.
FSI358 jaadi illaiyadxi paappaa 
LOG (lattice-best-path[5.5.1139~1-67548]:main():lattice-best-path.cc:99) For utterance FSI359, best cost 25.8789 + 28706.1 = 28732 over 307 frames.
FSI359 waay jaalam kaatxtxum manidan 
LOG (lattice-best-path[5.5.1139~1-67548]:main():lattice-best-path.cc:99) For utterance FSI360, best cost 45.9526 + 26312.8 = 26358.7 over 292 frames.
FSI360 jaalraa padxar eetxrxam 
LOG (lattice-best-path[5.5.1139~1-67548]:main():lattice-best-path.cc:99) For utterance FSI361, best cost 20.8461 + 24300.9 = 24321.8 over 267 frames.
FSI361 ajiiranxak koolxaarxeu 
LOG (lattice-best-path[5.5.1139~1-67548]:main():lattice-best-path.cc:99) For utterance FSI362, best cost 71.9249 + 35431.7 = 35503.6 over 394 frames.
FSI362 matxtxam waay eenddeu tanxnxiir injji 
LOG (lattice-best-path[5.5.1139~1-67548]:main():lattice-best-path.cc:99) For utterance FSI363, best cost 67.8768 + 33766.3 = 33834.2 over 369 frames.
FSI363 tirundda sidambaram mazhai iiyam enggalx 
LOG (lattice-best-path[5.5.1139~1-67548]:main():lattice-best-path.cc:99) For utterance FSI364, best cost 39.6454 + 29722.9 = 29762.5 over 327 frames.
FSI364 togudi hetx sanddippeu ndam 
LOG (lattice-best-path[5.5.1139~1-67548]:main():lattice-best-path.cc:99) For utterance FSI365, best cost 51.3733 + 39145.6 = 39197 over 452 frames.
FSI365 wilai awan walxarcci ndaatxtxeu walxarcci 
LOG (lattice-best-path[5.5.1139~1-67548]:main():lattice-best-path.cc:99) For utterance FVP293, best cost 24.9506 + 33170.5 = 33195.5 over 360 frames.
FVP293 guruwai sisxyan wanxangginaan 
LOG (lattice-best-path[5.5.1139~1-67548]:main():lattice-best-path.cc:99) For utterance FVP294, best cost 23.6075 + 28874.4 = 28898 over 310 frames.
FVP294 siikkiram eerxpaadxeu sey 
LOG (lattice-best-path[5.5.1139~1-67548]:main():lattice-best-path.cc:99) For utterance FVP295, best cost 22.918 + 30061.4 = 30084.3 over 330 frames.
FVP295 siirxum paambai ndambaadee 
LOG (lattice-best-path[5.5.1139~1-67548]:main():lattice-best-path.cc:99) For utterance FVP296, best cost 55.764 + 50746.3 = 50802 over 544 frames.
FVP296 eelakkaay biins suzhi sirxuwan seetxtxai seywaan 
LOG (lattice-best-path[5.5.1139~1-67548]:main():lattice-best-path.cc:99) For utterance FVP297, best cost 27.3502 + 42141.8 = 42169.1 over 465 frames.
FVP297 suutxcamam arxinddeu seyalpadxeu 
LOG (lattice-best-path[5.5.1139~1-67548]:main():lattice-best-path.cc:99) For utterance FVP298, best cost 24.3272 + 30777.7 = 30802 over 327 frames.
FVP298 asuran tawam irunddaan 
LOG (lattice-best-path[5.5.1139~1-67548]:main():lattice-best-path.cc:99) For utterance FVP299, best cost 22.2369 + 29348.3 = 29370.6 over 320 frames.
FVP299 kaalxi suulam eenddinaan 
LOG (lattice-best-path[5.5.1139~1-67548]:main():lattice-best-path.cc:99) For utterance FVP300, best cost 31.1994 + 44375.6 = 44406.8 over 458 frames.
FVP300 sutxrxeu suuzhal sugaadaaram pinpatxrxeu 
LOG (lattice-best-path[5.5.1139~1-67548]:main():lattice-best-path.cc:99) For utterance FVP301, best cost 31.4383 + 42130.8 = 42162.2 over 464 frames.
FVP301 seewalin kuuwalil pozhudeu widxiyum 
LOG (lattice-best-path[5.5.1139~1-67548]:main():lattice-best-path.cc:99) For utterance FVP302, best cost 61.5688 + 37653.1 = 37714.7 over 396 frames.
FVP302 enakkeu ndaappazhakkam maadattil irunddadeu 
LOG (lattice-best-path[5.5.1139~1-67548]:main():lattice-best-path.cc:99) For utterance FVP303, best cost 49.961 + 35677.8 = 35727.7 over 383 frames.
FVP303 ndaay ireu widxumurxai kadxai adxaippeu 
LOG (lattice-best-path[5.5.1139~1-67548]:main():lattice-best-path.cc:99) For utterance FVP304, best cost 52.6777 + 43437.6 = 43490.2 over 476 frames.
FVP304 tanggalx udxaimai idxeu gawanam selutteu 
LOG (lattice-best-path[5.5.1139~1-67548]:main():lattice-best-path.cc:99) For utterance FVP305, best cost 82.338 + 56289.3 = 56371.6 over 617 frames.
FVP305 kasxtxam waa ammaa muga ndadxitteuk kaatxtxa njaanam teewai 
LOG (lattice-best-path[5.5.1139~1-67548]:main():lattice-best-path.cc:99) For utterance FVP306, best cost 67.2044 + 46529.4 = 46596.6 over 508 frames.
FVP306 tii muutxtxi kiizhee kuurnddeu petxtxiyai ndadxanddadeu 
LOG (lattice-best-path[5.5.1139~1-67548]:main():lattice-best-path.cc:99) For utterance FVP307, best cost 25.4388 + 30199.4 = 30224.8 over 329 frames.
FVP307 un seyaleukkeut tiirweu kaanxeu 
LOG (lattice-best-path[5.5.1139~1-67548]:main():lattice-best-path.cc:99) For utterance FVP308, best cost 22.9858 + 31518 = 31541 over 352 frames.
FVP308 malar tuuwi waazhtteu 
LOG (lattice-best-path[5.5.1139~1-67548]:main():lattice-best-path.cc:99) For utterance FVP309, best cost 27.1556 + 37069.6 = 37096.7 over 407 frames.
FVP309 iranxdxeu pal puunxdxeu ndalladeu 
LOG (lattice-best-path[5.5.1139~1-67548]:main():lattice-best-path.cc:99) For utterance FVP310, best cost 52.8407 + 39206.6 = 39259.4 over 409 frames.
FVP310 biins seyal tusxtxa seyal seywaan 
LOG (lattice-best-path[5.5.1139~1-67548]:main():lattice-best-path.cc:99) For utterance FVP311, best cost 59.2439 + 53640.8 = 53700.1 over 568 frames.
FVP311 pooraay sutxrxeu anuppa tolai duuram parxanddadeu 
LOG (lattice-best-path[5.5.1139~1-67548]:main():lattice-best-path.cc:99) For utterance FVP312, best cost 36.4788 + 48872.5 = 48909 over 528 frames.
FVP312 manjjalx tuulx maruttuwa gunxam ndirxainddadeu 
LOG (lattice-best-path[5.5.1139~1-67548]:main():lattice-best-path.cc:99) For utterance FVP313, best cost 24.6379 + 29574.3 = 29599 over 326 frames.
FVP313 kutxtxaiyil tanxnxiir teenggiyadeu 
LOG (lattice-best-path[5.5.1139~1-67548]:main():lattice-best-path.cc:99) For utterance FVP314, best cost 25.9157 + 34230.6 = 34256.5 over 372 frames.
FVP314 toonrxiya pugazhin toonrxuga 
LOG (lattice-best-path[5.5.1139~1-67548]:main():lattice-best-path.cc:99) For utterance FVP315, best cost 24.6906 + 29999.4 = 30024.1 over 318 frames.
FVP315 toosxattirxkeu parigaaram sey 
LOG (lattice-best-path[5.5.1139~1-67548]:main():lattice-best-path.cc:99) For utterance FVP316, best cost 69.6933 + 36727.3 = 36797 over 377 frames.
FVP316 ndacceup uuree koosxam uzhai baadikkum 
LOG (lattice-best-path[5.5.1139~1-67548]:main():lattice-best-path.cc:99) For utterance FVP317, best cost 23.2218 + 27739.9 = 27763.1 over 304 frames.
FVP317 paambin ndanjjeu kodxiyadeu 
LOG (lattice-best-path[5.5.1139~1-67548]:main():lattice-best-path.cc:99) For utterance FVP318, best cost 20.6341 + 22490.7 = 22511.3 over 241 frames.
FVP318 inrxeu mazhai ndiidxikkum 
LOG (lattice-best-path[5.5.1139~1-67548]:main():lattice-best-path.cc:99) For utterance FVP319, best cost 25.8486 + 29652.3 = 29678.1 over 323 frames.
FVP319 saalaiyil ndiir ndirambiyadeu 
LOG (lattice-best-path[5.5.1139~1-67548]:main():lattice-best-path.cc:99) For utterance FVP320, best cost 43.7774 + 27978 = 28021.8 over 309 frames.
FVP320 banggalxaadeesx sutxrxeu ndaadxeu 
LOG (lattice-best-path[5.5.1139~1-67548]:main():lattice-best-path.cc:99) For utterance FVP321, best cost 30.31 + 43700.8 = 43731.1 over 467 frames.
FVP321 een ippadxi ndoonjjaanaaga ireukkaan 
LOG (lattice-best-path[5.5.1139~1-67548]:main():lattice-best-path.cc:99) For utterance FVP322, best cost 44.9707 + 26512.4 = 26557.3 over 279 frames.
FVP322 biins iiyam panggeu uyarnddadeu 
LOG (lattice-best-path[5.5.1139~1-67548]:main():lattice-best-path.cc:99) For utterance FVP323, best cost 31.3929 + 45863.7 = 45895.1 over 494 frames.
FVP323 ndaatxtxil tanxnxiir panjjam ndilawiyadeu 
LOG (lattice-best-path[5.5.1139~1-67548]:main():lattice-best-path.cc:99) For utterance FVP324, best cost 30.3245 + 35983.8 = 36014.1 over 387 frames.
FVP324 panjjaayatteu wazhakkeu mudxiweukkeu wanddadeu 
LOG (lattice-best-path[5.5.1139~1-67548]:main():lattice-best-path.cc:99) For utterance FVP325, best cost 48.272 + 34588.6 = 34636.9 over 374 frames.
FVP325 panjjeu nderuppil kuurnddeu idxeu 
LOG (lattice-best-path[5.5.1139~1-67548]:main():lattice-best-path.cc:99) For utterance FVP326, best cost 91.2857 + 40088.9 = 40180.2 over 438 frames.
FVP326 pazham kuudxi maarc kal kanrxeu sirxeu perxeu 
LOG (lattice-best-path[5.5.1139~1-67548]:main():lattice-best-path.cc:99) For utterance FVP327, best cost 30.0085 + 39412.2 = 39442.2 over 412 frames.
FVP327 kaalai bajanai migawum pirabalam 
LOG (lattice-best-path[5.5.1139~1-67548]:main():lattice-best-path.cc:99) For utterance FVP328, best cost 72.9697 + 35103.3 = 35176.3 over 373 frames.
FVP328 indda raajaa endda paar sey pidxi ndam 
LOG (lattice-best-path[5.5.1139~1-67548]:main():lattice-best-path.cc:99) For utterance FVP329, best cost 23.6084 + 29851 = 29874.6 over 317 frames.
FVP329 en purusxan balasaali 
LOG (lattice-best-path[5.5.1139~1-67548]:main():lattice-best-path.cc:99) For utterance FVP330, best cost 48.7511 + 37043.8 = 37092.5 over 400 frames.
FVP330 muulxai seyal uuril puugambam 
LOG (lattice-best-path[5.5.1139~1-67548]:main():lattice-best-path.cc:99) For utterance FVP331, best cost 55.7081 + 27454 = 27509.8 over 287 frames.
FVP331 pooraay anjjal manx banddam 
LOG (lattice-best-path[5.5.1139~1-67548]:main():lattice-best-path.cc:99) For utterance FVP332, best cost 24.8777 + 30446.1 = 30471 over 324 frames.
FVP332 inrxeu puujaiyil kalanddeu kolx 
LOG (lattice-best-path[5.5.1139~1-67548]:main():lattice-best-path.cc:99) For utterance FVP333, best cost 25.204 + 29454.6 = 29479.8 over 315 frames.
FVP333 pon porulx paartteu pazhagaadee 
LOG (lattice-best-path[5.5.1139~1-67548]:main():lattice-best-path.cc:99) For utterance FVP334, best cost 26.846 + 30553.8 = 30580.6 over 327 frames.
FVP334 un mugam poliwaaga ulxlxadeu 
LOG (lattice-best-path[5.5.1139~1-67548]:main():lattice-best-path.cc:99) For utterance FVP335, best cost 23.0074 + 31112.2 = 31135.2 over 342 frames.
FVP335 petxtxiyai kiizhee poodxeu 
LOG (lattice-best-path[5.5.1139~1-67548]:main():lattice-best-path.cc:99) For utterance FVP336, best cost 21.7242 + 23383.5 = 23405.3 over 252 frames.
FVP336 pooliyaana waazhkkai tawir 
LOG (lattice-best-path[5.5.1139~1-67548]:main():lattice-best-path.cc:99) For utterance FVP337, best cost 36.7847 + 34681.8 = 34718.5 over 368 frames.
FVP337 ndaatxtxil poosxaakkaana unxaweu 
LOG (lattice-best-path[5.5.1139~1-67548]:main():lattice-best-path.cc:99) For utterance FVP338, best cost 26.5455 + 33324.3 = 33350.8 over 353 frames.
FVP338 elumbeu majjai waliyadeu 
LOG (lattice-best-path[5.5.1139~1-67548]:main():lattice-best-path.cc:99) For utterance FVP339, best cost 21.8678 + 28826.8 = 28848.7 over 319 frames.
FVP339 etxtxeukkaali oreu puucci 
LOG (lattice-best-path[5.5.1139~1-67548]:main():lattice-best-path.cc:99) For utterance FVP340, best cost 91.0881 + 40224 = 40315.1 over 427 frames.
FVP340 waasanai maadattil ammaa biins en tii ireu 
LOG (lattice-best-path[5.5.1139~1-67548]:main():lattice-best-path.cc:99) For utterance FVP341, best cost 22.8956 + 23781.7 = 23804.6 over 261 frames.
FVP341 miin kanxnxeukkeu ndalladeu 
LOG (lattice-best-path[5.5.1139~1-67548]:main():lattice-best-path.cc:99) For utterance FVP342, best cost 23.2422 + 27496.9 = 27520.1 over 296 frames.
FVP342 muulxai illaadawan mutxtxaalx 
LOG (lattice-best-path[5.5.1139~1-67548]:main():lattice-best-path.cc:99) For utterance FVP343, best cost 29.8541 + 34325.2 = 34355.1 over 367 frames.
FVP343 tozhilil muuladanam poodxa weenxdxum 
LOG (lattice-best-path[5.5.1139~1-67548]:main():lattice-best-path.cc:99) For utterance FVP344, best cost 54.2047 + 28041.5 = 28095.7 over 303 frames.
FVP344 widiyai muulaiyil eezhai ndil 
LOG (lattice-best-path[5.5.1139~1-67548]:main():lattice-best-path.cc:99) For utterance FVP345, best cost 27.2535 + 31005.6 = 31032.8 over 328 frames.
FVP345 indda maiyanggalx enggeu ulxlxadeu 
LOG (lattice-best-path[5.5.1139~1-67548]:main():lattice-best-path.cc:99) For utterance FVP346, best cost 22.18 + 21590.9 = 21613.1 over 224 frames.
FVP346 makkalx raajjiyam weenxdxum 
LOG (lattice-best-path[5.5.1139~1-67548]:main():lattice-best-path.cc:99) For utterance FVP347, best cost 24.2018 + 28774.6 = 28798.8 over 305 frames.
FVP347 risxikkeu roosxam adigam 
LOG (lattice-best-path[5.5.1139~1-67548]:main():lattice-best-path.cc:99) For utterance FVP348, best cost 42.4874 + 23297.3 = 23339.8 over 248 frames.
FVP348 igazhcci ndalla isxtxam 
LOG (lattice-best-path[5.5.1139~1-67548]:main():lattice-best-path.cc:99) For utterance FVP349, best cost 35.3714 + 29192.1 = 29227.4 over 325 frames.
FVP349 uukkam udxaleukkeu ndalladeu 
LOG (lattice-best-path[5.5.1139~1-67548]:main():lattice-best-path.cc:99) For utterance FVP350, best cost 63.1238 + 41526.9 = 41590.1 over 451 frames.
FVP350 laksxmi iiyam mudal laksxanxam ulxlxa penx 
LOG (lattice-best-path[5.5.1139~1-67548]:main():lattice-best-path.cc:99) For utterance FVP351, best cost 28.0056 + 34417.1 = 34445.1 over 364 frames.
FVP351 widxaa muyarxci walxarcci tarum 
LOG (lattice-best-path[5.5.1139~1-67548]:main():lattice-best-path.cc:99) For utterance FVP352, best cost 24.0445 + 28077.1 = 28101.2 over 310 frames.
FVP352 wiitxtxil wiseesxam unxdxeu 
LOG (lattice-best-path[5.5.1139~1-67548]:main():lattice-best-path.cc:99) For utterance FVP353, best cost 23.3682 + 35109 = 35132.4 over 394 frames.
FVP353 wandda wisxayattaik kuurxeu 
LOG (lattice-best-path[5.5.1139~1-67548]:main():lattice-best-path.cc:99) For utterance FVP354, best cost 61.1521 + 38805.5 = 38866.7 over 429 frames.
FVP354 en mudxiyum tii wazhiyaaga sellum peerunddeu 
LOG (lattice-best-path[5.5.1139~1-67548]:main():lattice-best-path.cc:99) For utterance FVP355, best cost 25.7404 + 31019.3 = 31045 over 344 frames.
FVP355 jadxai pinni weesxam poodxeu 
LOG (lattice-best-path[5.5.1139~1-67548]:main():lattice-best-path.cc:99) For utterance FVP356, best cost 35.2005 + 28694.9 = 28730.1 over 284 frames.
FVP356 janawari mudal ndaanxam 
LOG (lattice-best-path[5.5.1139~1-67548]:main():lattice-best-path.cc:99) For utterance FVP357, best cost 31.6803 + 21402.8 = 21434.5 over 204 frames.
FVP357 janamee ndam pazham 
LOG (lattice-best-path[5.5.1139~1-67548]:main():lattice-best-path.cc:99) For utterance FVP358, best cost 33.7529 + 25324.6 = 25358.3 over 247 frames.
FVP358 ndaatxtxil illaiyadxi paappaa 
LOG (lattice-best-path[5.5.1139~1-67548]:main():lattice-best-path.cc:99) For utterance FVP359, best cost 24.6523 + 28818 = 28842.7 over 279 frames.
FVP359 waay jaalam kaatxtxum manidan 
LOG (lattice-best-path[5.5.1139~1-67548]:main():lattice-best-path.cc:99) For utterance FVP360, best cost 32.7736 + 23616.1 = 23648.9 over 234 frames.
FVP360 jalam poodxa weenxdxaam 
LOG (lattice-best-path[5.5.1139~1-67548]:main():lattice-best-path.cc:99) For utterance FVP361, best cost 20.3548 + 26103.1 = 26123.5 over 273 frames.
FVP361 ajiiranxak koolxaarxeu 
LOG (lattice-best-path[5.5.1139~1-67548]:main():lattice-best-path.cc:99) For utterance FVP362, best cost 69.3256 + 39767.9 = 39837.2 over 410 frames.
FVP362 hastam parxanddadeu kanx pidxi inxai 
LOG (lattice-best-path[5.5.1139~1-67548]:main():lattice-best-path.cc:99) For utterance FVP363, best cost 28.0998 + 35813.6 = 35841.7 over 372 frames.
FVP363 ndiinggalx sxeemamaaga irunggalx 
LOG (lattice-best-path[5.5.1139~1-67548]:main():lattice-best-path.cc:99) For utterance FVP364, best cost 22.1927 + 31708.8 = 31731 over 340 frames.
FVP364 togudi hetx sanddippeu 
LOG (lattice-best-path[5.5.1139~1-67548]:main():lattice-best-path.cc:99) For utterance FVP365, best cost 50.5662 + 29631.7 = 29682.3 over 306 frames.
FVP365 inggee alla walxarcci ndaatxtxeu walxarcci 
LOG (lattice-best-path[5.5.1139~1-67548]:main():lattice-best-path.cc:99) For utterance MAK293, best cost 28.3229 + 34182.4 = 34210.7 over 371 frames.
MAK293 guruwai sisxyan wanxangginaan 
LOG (lattice-best-path[5.5.1139~1-67548]:main():lattice-best-path.cc:99) For utterance MAK294, best cost 25.6652 + 31833.1 = 31858.7 over 332 frames.
MAK294 siikkiram eerxpaadxeu sey 
LOG (lattice-best-path[5.5.1139~1-67548]:main():lattice-best-path.cc:99) For utterance MAK295, best cost 36.3933 + 29451.7 = 29488.1 over 305 frames.
MAK295 seyyum paambai ndambaadee 
LOG (lattice-best-path[5.5.1139~1-67548]:main():lattice-best-path.cc:99) For utterance MAK296, best cost 34.6978 + 47333.9 = 47368.6 over 493 frames.
MAK296 iratxtxai suzhi sirxuwan seetxtxai seywaan 
LOG (lattice-best-path[5.5.1139~1-67548]:main():lattice-best-path.cc:99) For utterance MAK297, best cost 80.6568 + 37925.6 = 38006.2 over 392 frames.
MAK297 suuzhal janamee mazhai eenddeu seyal patxtxeu 
LOG (lattice-best-path[5.5.1139~1-67548]:main():lattice-best-path.cc:99) For utterance MAK298, best cost 56.9421 + 25563.9 = 25620.8 over 274 frames.
MAK298 siwappeu rambam ndiir idxam 
LOG (lattice-best-path[5.5.1139~1-67548]:main():lattice-best-path.cc:99) For utterance MAK299, best cost 24.7112 + 30278.5 = 30303.2 over 315 frames.
MAK299 kaalxi suulam eenddinaan 
LOG (lattice-best-path[5.5.1139~1-67548]:main():lattice-best-path.cc:99) For utterance MAK300, best cost 33.6635 + 50110.1 = 50143.8 over 510 frames.
MAK300 sutxrxeu suuzhal sugaadaaram pinpatxrxeu 
LOG (lattice-best-path[5.5.1139~1-67548]:main():lattice-best-path.cc:99) For utterance MAK301, best cost 74.0432 + 35983.5 = 36057.6 over 375 frames.
MAK301 seyyum marunddeu kuuwum ezheu oreu widxiyum 
LOG (lattice-best-path[5.5.1139~1-67548]:main():lattice-best-path.cc:99) For utterance MAK302, best cost 90.5247 + 43635.1 = 43725.6 over 452 frames.
MAK302 een adeu ndam paagam wanddadeu onrxee ireu 
LOG (lattice-best-path[5.5.1139~1-67548]:main():lattice-best-path.cc:99) For utterance MAK303, best cost 70.1033 + 37291.9 = 37362 over 390 frames.
MAK303 ndaay idxeu wiidxeu marunddeu kadxai adxaippeu 
LOG (lattice-best-path[5.5.1139~1-67548]:main():lattice-best-path.cc:99) For utterance MAK304, best cost 34.9278 + 46380.2 = 46415.1 over 481 frames.
MAK304 tanggalx udxaimai miideu gawanam selutteu 
LOG (lattice-best-path[5.5.1139~1-67548]:main():lattice-best-path.cc:99) For utterance MAK305, best cost 79.1881 + 48272.4 = 48351.6 over 506 frames.
MAK305 kadambam agal ndadxitteuk kaatxtxa ndaanxam teewai 
LOG (lattice-best-path[5.5.1139~1-67548]:main():lattice-best-path.cc:99) For utterance MAK306, best cost 54.5597 + 37553.3 = 37607.8 over 401 frames.
MAK306 iiyam mudxiyum tii wibatteu ndadxanddadeu 
LOG (lattice-best-path[5.5.1139~1-67548]:main():lattice-best-path.cc:99) For utterance MAK307, best cost 28.4544 + 31635.1 = 31663.5 over 329 frames.
MAK307 un seyaleukkeut tiirweu kaanxeu 
LOG (lattice-best-path[5.5.1139~1-67548]:main():lattice-best-path.cc:99) For utterance MAK308, best cost 23.43 + 27596 = 27619.4 over 277 frames.
MAK308 malar tuuwi waazhtteu 
LOG (lattice-best-path[5.5.1139~1-67548]:main():lattice-best-path.cc:99) For utterance MAK309, best cost 40.3411 + 35481.1 = 35521.5 over 369 frames.
MAK309 sirxandda pal puunxdxeu ndalladeu 
LOG (lattice-best-path[5.5.1139~1-67548]:main():lattice-best-path.cc:99) For utterance MAK310, best cost 52.7275 + 33726.1 = 33778.8 over 361 frames.
MAK310 purusxan wizhunddeu seyal seywaan 
LOG (lattice-best-path[5.5.1139~1-67548]:main():lattice-best-path.cc:99) For utterance MAK311, best cost 70.7385 + 51191.7 = 51262.4 over 538 frames.
MAK311 koolxaarxeu pooliyaana paar tolai duuram parxanddadeu 
LOG (lattice-best-path[5.5.1139~1-67548]:main():lattice-best-path.cc:99) For utterance MAK312, best cost 36.5958 + 44290.3 = 44326.9 over 464 frames.
MAK312 manjjalx tuulx maruttuwa gunxam ndirxainddadeu 
LOG (lattice-best-path[5.5.1139~1-67548]:main():lattice-best-path.cc:99) For utterance MAK313, best cost 27.4745 + 31746.4 = 31773.8 over 345 frames.
MAK313 kutxtxaiyil tanxnxiir teenggiyadeu 
LOG (lattice-best-path[5.5.1139~1-67548]:main():lattice-best-path.cc:99) For utterance MAK314, best cost 27.7448 + 31845.8 = 31873.6 over 327 frames.
MAK314 toonrxiya pugazhin toonrxuga 
LOG (lattice-best-path[5.5.1139~1-67548]:main():lattice-best-path.cc:99) For utterance MAK315, best cost 27.9605 + 38867.9 = 38895.8 over 394 frames.
MAK315 toosxattirxkeu parigaaram sey 
LOG (lattice-best-path[5.5.1139~1-67548]:main():lattice-best-path.cc:99) For utterance MAK316, best cost 41.7268 + 38282.9 = 38324.6 over 377 frames.
MAK316 ndaatxtxeu pugai oosoonai baadikkum 
LOG (lattice-best-path[5.5.1139~1-67548]:main():lattice-best-path.cc:99) For utterance MAK317, best cost 25.4669 + 29184.3 = 29209.7 over 314 frames.
MAK317 paambin ndanjjeu kodxiyadeu 
LOG (lattice-best-path[5.5.1139~1-67548]:main():lattice-best-path.cc:99) For utterance MAK318, best cost 22.2554 + 24227 = 24249.3 over 267 frames.
MAK318 inrxeu mazhai ndiidxikkum 
LOG (lattice-best-path[5.5.1139~1-67548]:main():lattice-best-path.cc:99) For utterance MAK319, best cost 24.3557 + 25074.3 = 25098.6 over 273 frames.
MAK319 saalaiyil ndiir ndirambiyadeu 
LOG (lattice-best-path[5.5.1139~1-67548]:main():lattice-best-path.cc:99) For utterance MAK320, best cost 54.0702 + 28007.4 = 28061.5 over 293 frames.
MAK320 pagal adeu oreu ndadxai 
LOG (lattice-best-path[5.5.1139~1-67548]:main():lattice-best-path.cc:99) For utterance MAK321, best cost 41.5972 + 38338.8 = 38380.4 over 411 frames.
MAK321 enxnxey ippadxi ndoonjjaanaaga ireukkaan 
LOG (lattice-best-path[5.5.1139~1-67548]:main():lattice-best-path.cc:99) For utterance MAK322, best cost 36.1242 + 28198.1 = 28234.3 over 310 frames.
MAK322 deesiya panggeu sirxanddadeu 
LOG (lattice-best-path[5.5.1139~1-67548]:main():lattice-best-path.cc:99) For utterance MAK323, best cost 53.682 + 38290.4 = 38344.1 over 411 frames.
MAK323 ndaatxtxil tanxnxiir iruppadeu ndilawiyadeu 
LOG (lattice-best-path[5.5.1139~1-67548]:main():lattice-best-path.cc:99) For utterance MAK324, best cost 35.5767 + 47404.8 = 47440.4 over 494 frames.
MAK324 panjjaayatteu wazhakkeu mudxiweukkeu wanddadeu 
LOG (lattice-best-path[5.5.1139~1-67548]:main():lattice-best-path.cc:99) For utterance MAK325, best cost 27.4164 + 30323.2 = 30350.6 over 325 frames.
MAK325 panjjeu nderuppil karugiyadeu 
LOG (lattice-best-path[5.5.1139~1-67548]:main():lattice-best-path.cc:99) For utterance MAK326, best cost 51.1738 + 36252.3 = 36303.5 over 374 frames.
MAK326 pazhanggudxi makkalx paambeu sirxappeu 
LOG (lattice-best-path[5.5.1139~1-67548]:main():lattice-best-path.cc:99) For utterance MAK327, best cost 79.4758 + 35693.7 = 35773.2 over 375 frames.
MAK327 kaalai palxlxi inxai migawum waa pazham 
LOG (lattice-best-path[5.5.1139~1-67548]:main():lattice-best-path.cc:99) For utterance MAK328, best cost 31.5933 + 41384.6 = 41416.2 over 431 frames.
MAK328 indda raajaa endda baasxai peesinaar 
LOG (lattice-best-path[5.5.1139~1-67548]:main():lattice-best-path.cc:99) For utterance MAK329, best cost 24.6945 + 29418.3 = 29443 over 305 frames.
MAK329 en purusxan balasaali 
LOG (lattice-best-path[5.5.1139~1-67548]:main():lattice-best-path.cc:99) For utterance MAK330, best cost 59.8991 + 37545.4 = 37605.3 over 387 frames.
MAK330 puunai sirxeu pozhudeu puugambam 
LOG (lattice-best-path[5.5.1139~1-67548]:main():lattice-best-path.cc:99) For utterance MAK331, best cost 35.64 + 27794.3 = 27829.9 over 298 frames.
MAK331 poodxa jenma banddam 
LOG (lattice-best-path[5.5.1139~1-67548]:main():lattice-best-path.cc:99) For utterance MAK332, best cost 30.0594 + 42472.3 = 42502.4 over 449 frames.
MAK332 inrxeu puujaiyil kalanddeu kolx 
LOG (lattice-best-path[5.5.1139~1-67548]:main():lattice-best-path.cc:99) For utterance MAK333, best cost 28.18 + 34921.9 = 34950 over 368 frames.
MAK333 pon porulx paartteu pazhagaadee 
LOG (lattice-best-path[5.5.1139~1-67548]:main():lattice-best-path.cc:99) For utterance MAK334, best cost 41.9236 + 38342.1 = 38384 over 414 frames.
MAK334 pon mugam poliwaaga ulxlxadeu 
LOG (lattice-best-path[5.5.1139~1-67548]:main():lattice-best-path.cc:99) For utterance MAK335, best cost 23.396 + 29526.6 = 29550 over 314 frames.
MAK335 petxtxiyai kiizhee poodxeu 
LOG (lattice-best-path[5.5.1139~1-67548]:main():lattice-best-path.cc:99) For utterance MAK336, best cost 28.3608 + 38532.4 = 38560.7 over 417 frames.
MAK336 pooliyaana waazhkkai tawir 
LOG (lattice-best-path[5.5.1139~1-67548]:main():lattice-best-path.cc:99) For utterance MAK337, best cost 37.559 + 33950.2 = 33987.8 over 365 frames.
MAK337 kadai poosxaakkaana unxaweu 
LOG (lattice-best-path[5.5.1139~1-67548]:main():lattice-best-path.cc:99) For utterance MAK338, best cost 24.8549 + 25835.4 = 25860.3 over 272 frames.
MAK338 elumbeu majjai waliyadeu 
LOG (lattice-best-path[5.5.1139~1-67548]:main():lattice-best-path.cc:99) For utterance MAK339, best cost 76.8886 + 35928.7 = 36005.6 over 375 frames.
MAK339 eetxtxeu kal eezhai pozhudeu puujai ireu 
LOG (lattice-best-path[5.5.1139~1-67548]:main():lattice-best-path.cc:99) For utterance MAK340, best cost 48.5839 + 46224.9 = 46273.5 over 481 frames.
MAK340 maarc maadattil mahaawiir jeyanddi inxai 
LOG (lattice-best-path[5.5.1139~1-67548]:main():lattice-best-path.cc:99) For utterance MAK341, best cost 34.1862 + 22512.4 = 22546.6 over 230 frames.
MAK341 biins kanxnxeukkeu ndalladeu 
LOG (lattice-best-path[5.5.1139~1-67548]:main():lattice-best-path.cc:99) For utterance MAK342, best cost 28.1926 + 36453.8 = 36482 over 388 frames.
MAK342 muulxai illaadawan mutxtxaalx 
LOG (lattice-best-path[5.5.1139~1-67548]:main():lattice-best-path.cc:99) For utterance MAK343, best cost 55.8071 + 40914.6 = 40970.4 over 401 frames.
MAK343 tozhilil muuladanam waanam aidiigam 
LOG (lattice-best-path[5.5.1139~1-67548]:main():lattice-best-path.cc:99) For utterance MAK344, best cost 35.5913 + 25022.5 = 25058.1 over 255 frames.
MAK344 seydanar eerxi ndil 
LOG (lattice-best-path[5.5.1139~1-67548]:main():lattice-best-path.cc:99) For utterance MAK345, best cost 25.4314 + 26155.4 = 26180.8 over 261 frames.
MAK345 indda maiyanggalx enggeu ulxlxadeu 
LOG (lattice-best-path[5.5.1139~1-67548]:main():lattice-best-path.cc:99) For utterance MAK346, best cost 25.0537 + 23914.2 = 23939.2 over 245 frames.
MAK346 makkalx raajjiyam weenxdxum 
LOG (lattice-best-path[5.5.1139~1-67548]:main():lattice-best-path.cc:99) For utterance MAK347, best cost 57.6923 + 34689 = 34746.7 over 369 frames.
MAK347 widiyai keedxeu kawasam adigam 
LOG (lattice-best-path[5.5.1139~1-67548]:main():lattice-best-path.cc:99) For utterance MAK348, best cost 36.4869 + 28438.8 = 28475.3 over 294 frames.
MAK348 kadai enrxaal wekkam 
LOG (lattice-best-path[5.5.1139~1-67548]:main():lattice-best-path.cc:99) For utterance MAK349, best cost 35.6571 + 26508 = 26543.7 over 268 frames.
MAK349 koobam udxaleukkeu ndalladeu 
LOG (lattice-best-path[5.5.1139~1-67548]:main():lattice-best-path.cc:99) For utterance MAK350, best cost 36.1979 + 45470.1 = 45506.3 over 478 frames.
MAK350 laksxmi muga laksxanxam ulxlxa penx 
LOG (lattice-best-path[5.5.1139~1-67548]:main():lattice-best-path.cc:99) For utterance MAK351, best cost 53.5308 + 43994.4 = 44047.9 over 452 frames.
MAK351 eetxrxam kodxiyadeu walxarcci tarum 
LOG (lattice-best-path[5.5.1139~1-67548]:main():lattice-best-path.cc:99) For utterance MAK352, best cost 26.1828 + 28897.4 = 28923.6 over 301 frames.
MAK352 wiitxtxil wiseesxam unxdxeu 
LOG (lattice-best-path[5.5.1139~1-67548]:main():lattice-best-path.cc:99) For utterance MAK353, best cost 57.9616 + 27312.3 = 27370.3 over 291 frames.
MAK353 wanddadeu eenddeu sey oreu 
LOG (lattice-best-path[5.5.1139~1-67548]:main():lattice-best-path.cc:99) For utterance MAK354, best cost 48.3712 + 48716.4 = 48764.8 over 520 frames.
MAK354 en miideu wazhiyaaga sellum peerunddeu 
LOG (lattice-best-path[5.5.1139~1-67548]:main():lattice-best-path.cc:99) For utterance MAK355, best cost 28.5495 + 32416.7 = 32445.2 over 340 frames.
MAK355 jadxai pinni weesxam poodxeu 
LOG (lattice-best-path[5.5.1139~1-67548]:main():lattice-best-path.cc:99) For utterance MAK356, best cost 26.483 + 29098.6 = 29125.1 over 307 frames.
MAK356 janawari mudal maadam 
LOG (lattice-best-path[5.5.1139~1-67548]:main():lattice-best-path.cc:99) For utterance MAK357, best cost 23.9981 + 28869.2 = 28893.2 over 314 frames.
MAK357 janamee ndam balam 
LOG (lattice-best-path[5.5.1139~1-67548]:main():lattice-best-path.cc:99) For utterance MAK358, best cost 23.9577 + 27422.7 = 27446.6 over 284 frames.
MAK358 jaadi illaiyadxi paappaa 
LOG (lattice-best-path[5.5.1139~1-67548]:main():lattice-best-path.cc:99) For utterance MAK359, best cost 41.9817 + 31905.7 = 31947.7 over 330 frames.
MAK359 waay jaalam kaatxtxum anaittum 
LOG (lattice-best-path[5.5.1139~1-67548]:main():lattice-best-path.cc:99) For utterance MAK360, best cost 22.934 + 27901.8 = 27924.8 over 294 frames.
MAK360 jaalraa poodxa weenxdxaam 
LOG (lattice-best-path[5.5.1139~1-67548]:main():lattice-best-path.cc:99) For utterance MAK361, best cost 20.8407 + 23311.5 = 23332.3 over 238 frames.
MAK361 ajiiranxak koolxaarxeu 
LOG (lattice-best-path[5.5.1139~1-67548]:main():lattice-best-path.cc:99) For utterance MAK362, best cost 70.8796 + 33412.4 = 33483.3 over 327 frames.
MAK362 hastam paar irunddadeu kaanjjipuram teewai 
LOG (lattice-best-path[5.5.1139~1-67548]:main():lattice-best-path.cc:99) For utterance MAK363, best cost 71.7887 + 36164.6 = 36236.4 over 389 frames.
MAK363 tinggalx seyal manam agal irunggalx 
LOG (lattice-best-path[5.5.1139~1-67548]:main():lattice-best-path.cc:99) For utterance MAK364, best cost 56.0218 + 28662.8 = 28718.8 over 294 frames.
MAK364 togudi eezhai eetxtxeu sanddippeu 
LOG (lattice-best-path[5.5.1139~1-67548]:main():lattice-best-path.cc:99) For utterance MAK365, best cost 49.2237 + 32228.9 = 32278.1 over 335 frames.
MAK365 en aanaar walxarcci ndaatxtxeu walxarcci 
LOG (lattice-best-path[5.5.1139~1-67548]:main():lattice-best-path.cc:99) For utterance MPA293, best cost 89.4966 + 44682.2 = 44771.7 over 503 frames.
MPA293 koowil seyyin sirxuwar waanam inggeu ooram 
LOG (lattice-best-path[5.5.1139~1-67548]:main():lattice-best-path.cc:99) For utterance MPA294, best cost 23.6738 + 25599.3 = 25623 over 272 frames.
MPA294 siikkiram eerxpaadxeu sey 
LOG (lattice-best-path[5.5.1139~1-67548]:main():lattice-best-path.cc:99) For utterance MPA295, best cost 59.5883 + 46329.8 = 46389.4 over 507 frames.
MPA295 siirxum paambai ndam paar peeseu 
LOG (lattice-best-path[5.5.1139~1-67548]:main():lattice-best-path.cc:99) For utterance MPA296, best cost 116.026 + 63972.5 = 64088.5 over 703 frames.
MPA296 ezhil seyal suwaril sirxuwan seyal tiirweu ireu waal 
LOG (lattice-best-path[5.5.1139~1-67548]:main():lattice-best-path.cc:99) For utterance MPA297, best cost 62.0083 + 49782.1 = 49844.1 over 546 frames.
MPA297 suutxcamam arunddeu oreu seyalpadxeu 
LOG (lattice-best-path[5.5.1139~1-67548]:main():lattice-best-path.cc:99) For utterance MPA298, best cost 28.2115 + 44162.2 = 44190.4 over 492 frames.
MPA298 asuran tawam irunddaan 
LOG (lattice-best-path[5.5.1139~1-67548]:main():lattice-best-path.cc:99) For utterance MPA299, best cost 27.1371 + 42510.5 = 42537.7 over 475 frames.
MPA299 kaalxi suulam eenddinaan 
LOG (lattice-best-path[5.5.1139~1-67548]:main():lattice-best-path.cc:99) For utterance MPA300, best cost 58.7413 + 57225.5 = 57284.3 over 606 frames.
MPA300 suudxeu sey suuzhal sugaadaaram pinpatxrxeu 
LOG (lattice-best-path[5.5.1139~1-67548]:main():lattice-best-path.cc:99) For utterance MPA301, best cost 39.9465 + 65873.9 = 65913.8 over 725 frames.
MPA301 seewalin kuuwalil pozhudeu widxiyum 
LOG (lattice-best-path[5.5.1139~1-67548]:main():lattice-best-path.cc:99) For utterance MPA302, best cost 74.7652 + 55945.6 = 56020.4 over 607 frames.
MPA302 siwaneukkeu taagam pagal waliyadeu ulxlxadeu 
LOG (lattice-best-path[5.5.1139~1-67548]:main():lattice-best-path.cc:99) For utterance MPA303, best cost 75.2403 + 54935.2 = 55010.4 over 614 frames.
MPA303 ndaan ireu widxumurxai kalwiyee adxaippeu 
LOG (lattice-best-path[5.5.1139~1-67548]:main():lattice-best-path.cc:99) For utterance MPA304, best cost 110.683 + 75517.5 = 75628.2 over 850 frames.
MPA304 tanggalx wiidxeu udawum widiyai miideu gawanam tirxanddeu suwai 
LOG (lattice-best-path[5.5.1139~1-67548]:main():lattice-best-path.cc:99) For utterance MPA305, best cost 85.4969 + 63024.2 = 63109.7 over 690 frames.
MPA305 sotteu uuham awan waa ndadxitteuk kaatxtxa njaanam teewai 
LOG (lattice-best-path[5.5.1139~1-67548]:main():lattice-best-path.cc:99) For utterance MPA306, best cost 106.828 + 59576 = 59682.8 over 670 frames.
MPA306 seyyum uur sirxeu tulxi iruppadeu sirxeu ndadxanddadeu oreu 
LOG (lattice-best-path[5.5.1139~1-67548]:main():lattice-best-path.cc:99) For utterance MPA307, best cost 77.843 + 59585.3 = 59663.1 over 670 frames.
MPA307 uuril tirxanddeu kuuzh ooram tiirweu kaanxeu 
LOG (lattice-best-path[5.5.1139~1-67548]:main():lattice-best-path.cc:99) For utterance MPA308, best cost 71.2715 + 40437.6 = 40508.8 over 459 frames.
MPA308 manxal suwaril ireu maarc sirxeu 
LOG (lattice-best-path[5.5.1139~1-67548]:main():lattice-best-path.cc:99) For utterance MPA309, best cost 69.7358 + 44010.1 = 44079.8 over 490 frames.
MPA309 inxai enrxeu pal toonrxiya ndalladeu 
LOG (lattice-best-path[5.5.1139~1-67548]:main():lattice-best-path.cc:99) For utterance MPA310, best cost 50.3708 + 48258.3 = 48308.7 over 534 frames.
MPA310 ndam tusxtxan tusxtxa seyal seywaan 
LOG (lattice-best-path[5.5.1139~1-67548]:main():lattice-best-path.cc:99) For utterance MPA311, best cost 96.6792 + 68062.7 = 68159.4 over 746 frames.
MPA311 pooliyaana toosxattirxkeu anuppa tolai eetxrxam gunxam parxanddadeu 
LOG (lattice-best-path[5.5.1139~1-67548]:main():lattice-best-path.cc:99) For utterance MPA312, best cost 58.9284 + 55128.1 = 55187 over 599 frames.
MPA312 manjjalx suwaril maruttuwa gunxam ndirxainddadeu 
LOG (lattice-best-path[5.5.1139~1-67548]:main():lattice-best-path.cc:99) For utterance MPA313, best cost 30.9041 + 44386.4 = 44417.3 over 482 frames.
MPA313 kutxtxaiyil tanxnxiir teenggiyadeu 
LOG (lattice-best-path[5.5.1139~1-67548]:main():lattice-best-path.cc:99) For utterance MPA314, best cost 61.0356 + 41940.1 = 42001.1 over 459 frames.
MPA314 toonxdxiyadeu pugazhin sirxeu toonrxuga 
LOG (lattice-best-path[5.5.1139~1-67548]:main():lattice-best-path.cc:99) For utterance MPA315, best cost 97.0317 + 55198.6 = 55295.6 over 609 frames.
MPA315 sol teeytteuk ireu palxlxiyil njaalam tawam sey 
LOG (lattice-best-path[5.5.1139~1-67548]:main():lattice-best-path.cc:99) For utterance MPA316, best cost 89.757 + 58520.5 = 58610.3 over 627 frames.
MPA316 waitteuk pugai uunam suzhi baasxai ooram 
LOG (lattice-best-path[5.5.1139~1-67548]:main():lattice-best-path.cc:99) For utterance MPA317, best cost 62.3474 + 39856.3 = 39918.7 over 449 frames.
MPA317 waanam pirxarai mudxiyum kodxiyadeu 
LOG (lattice-best-path[5.5.1139~1-67548]:main():lattice-best-path.cc:99) For utterance MPA318, best cost 27.332 + 43016.6 = 43043.9 over 475 frames.
MPA318 inrxeu mazhai ndiidxikkum 
LOG (lattice-best-path[5.5.1139~1-67548]:main():lattice-best-path.cc:99) For utterance MPA319, best cost 62.0355 + 45650.7 = 45712.8 over 505 frames.
MPA319 saalaiyil sirxeu illaiyadxi eenddeu 
LOG (lattice-best-path[5.5.1139~1-67548]:main():lattice-best-path.cc:99) For utterance MPA320, best cost 69.9293 + 44917.6 = 44987.5 over 497 frames.
MPA320 unggalx raamar pirxar oreu todxeu 
LOG (lattice-best-path[5.5.1139~1-67548]:main():lattice-best-path.cc:99) For utterance MPA321, best cost 36.2001 + 56686.3 = 56722.5 over 619 frames.
MPA321 een ippadxi ndoonjjaanaaga ireukkaan 
LOG (lattice-best-path[5.5.1139~1-67548]:main():lattice-best-path.cc:99) For utterance MPA322, best cost 42.3924 + 41844.9 = 41887.3 over 463 frames.
MPA322 seluttinar panggeu uyarnddadeu 
LOG (lattice-best-path[5.5.1139~1-67548]:main():lattice-best-path.cc:99) For utterance MPA323, best cost 39.0617 + 59334.7 = 59373.8 over 670 frames.
MPA323 ndaatxtxil tanxnxiir panjjam ndilawiyadeu 
LOG (lattice-best-path[5.5.1139~1-67548]:main():lattice-best-path.cc:99) For utterance MPA324, best cost 37.9121 + 60089.2 = 60127.1 over 652 frames.
MPA324 panjjaayatteu wazhakkeu mudxiweukkeu wanddadeu 
LOG (lattice-best-path[5.5.1139~1-67548]:main():lattice-best-path.cc:99) For utterance MPA325, best cost 54.9549 + 45995.9 = 46050.9 over 502 frames.
MPA325 panjjeu seyal nderuppil karugiyadeu 
LOG (lattice-best-path[5.5.1139~1-67548]:main():lattice-best-path.cc:99) For utterance MPA326, best cost 89.6697 + 46929.5 = 47019.2 over 513 frames.
MPA326 pazhanggudxi manx tozhil kambeuk sirxuwar kulam 
LOG (lattice-best-path[5.5.1139~1-67548]:main():lattice-best-path.cc:99) For utterance MPA327, best cost 46.5823 + 52404.4 = 52451 over 568 frames.
MPA327 kaasxmiir bajanai migawum pirabalam 
LOG (lattice-best-path[5.5.1139~1-67548]:main():lattice-best-path.cc:99) For utterance MPA328, best cost 113.673 + 55027 = 55140.7 over 601 frames.
MPA328 enrxa tawam ndaagam tirxanddeu ambalam sey pirxareukkeu unxaweu 
LOG (lattice-best-path[5.5.1139~1-67548]:main():lattice-best-path.cc:99) For utterance MPA329, best cost 83.9486 + 42644.6 = 42728.5 over 457 frames.
MPA329 welxlxam sotteu tarum pagal tawam ndil 
LOG (lattice-best-path[5.5.1139~1-67548]:main():lattice-best-path.cc:99) For utterance MPA330, best cost 66.6539 + 52638.6 = 52705.2 over 566 frames.
MPA330 puurwa ndari tozhil uuril puugambam 
LOG (lattice-best-path[5.5.1139~1-67548]:main():lattice-best-path.cc:99) For utterance MPA331, best cost 27.4684 + 48490.1 = 48517.6 over 541 frames.
MPA331 puurwa jenma banddam 
LOG (lattice-best-path[5.5.1139~1-67548]:main():lattice-best-path.cc:99) For utterance MPA332, best cost 42.2805 + 37783.9 = 37826.2 over 400 frames.
MPA332 inrxeu puujaiyil kalanddeu koodxi 
LOG (lattice-best-path[5.5.1139~1-67548]:main():lattice-best-path.cc:99) For utterance MPA333, best cost 30.5265 + 47113 = 47143.5 over 492 frames.
MPA333 pon porulx paartteu pazhagaadee 
LOG (lattice-best-path[5.5.1139~1-67548]:main():lattice-best-path.cc:99) For utterance MPA334, best cost 30.989 + 43685.9 = 43716.9 over 469 frames.
MPA334 un mugam poliwaaga ulxlxadeu 
LOG (lattice-best-path[5.5.1139~1-67548]:main():lattice-best-path.cc:99) For utterance MPA335, best cost 58.4539 + 32644.1 = 32702.5 over 357 frames.
MPA335 eetxtxeu wiidxeu tiirweu kuudxi 
LOG (lattice-best-path[5.5.1139~1-67548]:main():lattice-best-path.cc:99) For utterance MPA336, best cost 51.4198 + 37394.4 = 37445.9 over 405 frames.
MPA336 pooliyaana warugai suwaril 
LOG (lattice-best-path[5.5.1139~1-67548]:main():lattice-best-path.cc:99) For utterance MPA337, best cost 43.7451 + 45802.4 = 45846.2 over 504 frames.
MPA337 waaynddadeu poosxaakkaana unxaweu 
LOG (lattice-best-path[5.5.1139~1-67548]:main():lattice-best-path.cc:99) For utterance MPA338, best cost 50.1353 + 42622.8 = 42672.9 over 463 frames.
MPA338 eenggum aasaiyaik waliyadeu 
LOG (lattice-best-path[5.5.1139~1-67548]:main():lattice-best-path.cc:99) For utterance MPA339, best cost 48.1725 + 39949.4 = 39997.6 over 429 frames.
MPA339 etxtxeukkaali oreu uuham sey 
LOG (lattice-best-path[5.5.1139~1-67548]:main():lattice-best-path.cc:99) For utterance MPA340, best cost 61.8907 + 54598 = 54659.9 over 576 frames.
MPA340 maarc maadattil mahaawiir seyal sirxeu 
LOG (lattice-best-path[5.5.1139~1-67548]:main():lattice-best-path.cc:99) For utterance MPA341, best cost 37.4358 + 31666.4 = 31703.8 over 351 frames.
MPA341 ndil kanxnxeukkeu ndalladeu 
LOG (lattice-best-path[5.5.1139~1-67548]:main():lattice-best-path.cc:99) For utterance MPA342, best cost 54.1969 + 43030.4 = 43084.6 over 469 frames.
MPA342 muulxai illaadawan manam saarxeu 
LOG (lattice-best-path[5.5.1139~1-67548]:main():lattice-best-path.cc:99) For utterance MPA343, best cost 82.0517 + 58689.4 = 58771.4 over 658 frames.
MPA343 kalwiyee ndil migundda gawanam poodxa weenxdxum 
LOG (lattice-best-path[5.5.1139~1-67548]:main():lattice-best-path.cc:99) For utterance MPA344, best cost 81.7585 + 37854.3 = 37936.1 over 420 frames.
MPA344 mai seyyin sirxeu illai ezhil ndil 
LOG (lattice-best-path[5.5.1139~1-67548]:main():lattice-best-path.cc:99) For utterance MPA345, best cost 83.4948 + 51725.1 = 51808.6 over 573 frames.
MPA345 aayudam mazhai enggalx ireu inggeu ulxlxadeu 
LOG (lattice-best-path[5.5.1139~1-67548]:main():lattice-best-path.cc:99) For utterance MPA346, best cost 51.9266 + 45848.5 = 45900.4 over 495 frames.
MPA346 maarc kal raajjiyam weenxdxum 
LOG (lattice-best-path[5.5.1139~1-67548]:main():lattice-best-path.cc:99) For utterance MPA347, best cost 77.7603 + 44405.7 = 44483.5 over 472 frames.
MPA347 ezhutteup suulam kawasam wanxdxi koobam 
LOG (lattice-best-path[5.5.1139~1-67548]:main():lattice-best-path.cc:99) For utterance MPA348, best cost 48.5264 + 35771.1 = 35819.7 over 400 frames.
MPA348 njaalam jeyhindd enrxaal wekkam 
LOG (lattice-best-path[5.5.1139~1-67548]:main():lattice-best-path.cc:99) For utterance MPA349, best cost 28.3669 + 39711 = 39739.3 over 429 frames.
MPA349 tuukkam udxaleukkeu ndalladeu 
LOG (lattice-best-path[5.5.1139~1-67548]:main():lattice-best-path.cc:99) For utterance MPA350, best cost 88.0844 + 50177.9 = 50266 over 542 frames.
MPA350 kaasxmiir unxaweukkeu agal ndam ulxlxa kanrxeu 
LOG (lattice-best-path[5.5.1139~1-67548]:main():lattice-best-path.cc:99) For utterance MPA351, best cost 31.3041 + 47782.7 = 47814 over 522 frames.
MPA351 widxaa muyarxci walxarcci tarum 
LOG (lattice-best-path[5.5.1139~1-67548]:main():lattice-best-path.cc:99) For utterance MPA352, best cost 51.5558 + 42013.3 = 42064.8 over 456 frames.
MPA352 idxeu sirxeu wiseesxam unxdxeu 
LOG (lattice-best-path[5.5.1139~1-67548]:main():lattice-best-path.cc:99) For utterance MPA353, best cost 69.5274 + 34871.3 = 34940.8 over 371 frames.
MPA353 wandda ndil teriyum ireu koolxaarxeu 
LOG (lattice-best-path[5.5.1139~1-67548]:main():lattice-best-path.cc:99) For utterance MPA354, best cost 53.2633 + 57553.9 = 57607.2 over 627 frames.
MPA354 ireu wiidi wazhiyaaga sellum peerunddeu 
LOG (lattice-best-path[5.5.1139~1-67548]:main():lattice-best-path.cc:99) For utterance MPA355, best cost 85.4584 + 43987.1 = 44072.6 over 488 frames.
MPA355 taay sirxeu penx ndil wekkam uurwadeu 
LOG (lattice-best-path[5.5.1139~1-67548]:main():lattice-best-path.cc:99) For utterance MPA356, best cost 51.503 + 38329.4 = 38380.9 over 432 frames.
MPA356 janawari ezhil mudal maadam 
LOG (lattice-best-path[5.5.1139~1-67548]:main():lattice-best-path.cc:99) For utterance MPA357, best cost 63.3742 + 34548.3 = 34611.7 over 396 frames.
MPA357 seydanar widiyai ndam ambalam 
LOG (lattice-best-path[5.5.1139~1-67548]:main():lattice-best-path.cc:99) For utterance MPA358, best cost 71.094 + 53027.6 = 53098.7 over 598 frames.
MPA358 njaalam sirxeu inrxeu idxeu paappaa 
LOG (lattice-best-path[5.5.1139~1-67548]:main():lattice-best-path.cc:99) For utterance MPA359, best cost 64.3944 + 47979.4 = 48043.8 over 528 frames.
MPA359 pooraay tawam kawasam manidan 
LOG (lattice-best-path[5.5.1139~1-67548]:main():lattice-best-path.cc:99) For utterance MPA360, best cost 57.8577 + 38267.1 = 38325 over 413 frames.
MPA360 todxeu ooram muga eenggum 
LOG (lattice-best-path[5.5.1139~1-67548]:main():lattice-best-path.cc:99) For utterance MPA361, best cost 48.1084 + 29133.3 = 29181.4 over 319 frames.
MPA361 anjjal gawanam koowil 
LOG (lattice-best-path[5.5.1139~1-67548]:main():lattice-best-path.cc:99) For utterance MPA362, best cost 92.8114 + 58816.7 = 58909.5 over 652 frames.
MPA362 pal toguppeu arunddeu ndaanjjil sirxeu sirxeu 
LOG (lattice-best-path[5.5.1139~1-67548]:main():lattice-best-path.cc:99) For utterance MPA363, best cost 75.9227 + 48021.5 = 48097.4 over 535 frames.
MPA363 tinggalx sirxeu ndam awasara irunggalx 
LOG (lattice-best-path[5.5.1139~1-67548]:main():lattice-best-path.cc:99) For utterance MPA364, best cost 61.1176 + 37460.5 = 37521.6 over 396 frames.
MPA364 togudi peyar tanxnxiir uuham 
LOG (lattice-best-path[5.5.1139~1-67548]:main():lattice-best-path.cc:99) For utterance MPA365, best cost 86.226 + 49020.8 = 49107 over 533 frames.
MPA365 endda mannan kaalxai sirxeu unxaweukkeu walxarcci 
LOG (lattice-best-path[5.5.1139~1-67548]:main():lattice-best-path.cc:99) For utterance MPK293, best cost 27.7548 + 37292.5 = 37320.3 over 400 frames.
MPK293 guruwai sisxyan wanxangginaan 
LOG (lattice-best-path[5.5.1139~1-67548]:main():lattice-best-path.cc:99) For utterance MPK294, best cost 52.5286 + 33076.8 = 33129.3 over 350 frames.
MPK294 siikkiram eepral ireu sey 
LOG (lattice-best-path[5.5.1139~1-67548]:main():lattice-best-path.cc:99) For utterance MPK295, best cost 56.478 + 34880.3 = 34936.8 over 361 frames.
MPK295 sey hetx arunddeu amaraadee 
LOG (lattice-best-path[5.5.1139~1-67548]:main():lattice-best-path.cc:99) For utterance MPK296, best cost 99.6901 + 43473.7 = 43573.4 over 459 frames.
MPK296 uur eerikkeu izhuppadeu eenggum selutteu seyyum awan 
LOG (lattice-best-path[5.5.1139~1-67548]:main():lattice-best-path.cc:99) For utterance MPK297, best cost 57.4994 + 38555.1 = 38612.6 over 417 frames.
MPK297 uccam arunddeu ndil seyalpadxeu 
LOG (lattice-best-path[5.5.1139~1-67548]:main():lattice-best-path.cc:99) For utterance MPK298, best cost 43.1541 + 27663.1 = 27706.3 over 296 frames.
MPK298 asuran saarxeu idxam 
LOG (lattice-best-path[5.5.1139~1-67548]:main():lattice-best-path.cc:99) For utterance MPK299, best cost 44.0774 + 30734.6 = 30778.7 over 333 frames.
MPK299 saalaiyil suwaril eenddinaan 
LOG (lattice-best-path[5.5.1139~1-67548]:main():lattice-best-path.cc:99) For utterance MPK300, best cost 74.2044 + 43779.2 = 43853.4 over 464 frames.
MPK300 selutteu suwaril suwaril karam pinpatxrxeu 
LOG (lattice-best-path[5.5.1139~1-67548]:main():lattice-best-path.cc:99) For utterance MPK301, best cost 57.7589 + 37089.3 = 37147.1 over 402 frames.
MPK301 sirxeu kuudxi koodxi iiyam 
LOG (lattice-best-path[5.5.1139~1-67548]:main():lattice-best-path.cc:99) For utterance MPK302, best cost 62.2519 + 38728.7 = 38791 over 410 frames.
MPK302 enakkeu abaraadam aayinum kuurnddeu 
LOG (lattice-best-path[5.5.1139~1-67548]:main():lattice-best-path.cc:99) For utterance MPK303, best cost 60.6139 + 37459.2 = 37519.8 over 409 frames.
MPK303 saalaiyil mai kadxai adxaippeu uur 
LOG (lattice-best-path[5.5.1139~1-67548]:main():lattice-best-path.cc:99) For utterance MPK304, best cost 103.362 + 43628 = 43731.4 over 459 frames.
MPK304 tanggam otxrxumaiyee wiidi ireu taay ndil sey perxeu 
LOG (lattice-best-path[5.5.1139~1-67548]:main():lattice-best-path.cc:99) For utterance MPK305, best cost 89.8431 + 52504.8 = 52594.6 over 558 frames.
MPK305 paartteu waa manxal ndadxitteuk kaatxtxa ndalladeu teewai 
LOG (lattice-best-path[5.5.1139~1-67548]:main():lattice-best-path.cc:99) For utterance MPK306, best cost 84.2238 + 40781.3 = 40865.5 over 452 frames.
MPK306 tii ireu puucci sirxuwar alxaweukkeu arxinddeu 
LOG (lattice-best-path[5.5.1139~1-67548]:main():lattice-best-path.cc:99) For utterance MPK307, best cost 68.4782 + 35019.6 = 35088.1 over 376 frames.
MPK307 pool wisxam eerikkeu tiirweu aanaar 
LOG (lattice-best-path[5.5.1139~1-67548]:main():lattice-best-path.cc:99) For utterance MPK308, best cost 48.3974 + 31449.7 = 31498.1 over 346 frames.
MPK308 maadattil olxi paartteu 
LOG (lattice-best-path[5.5.1139~1-67548]:main():lattice-best-path.cc:99) For utterance MPK309, best cost 59.6064 + 37133.7 = 37193.3 over 390 frames.
MPK309 pidxi idxam palxlxi puunxdxeu ndalladeu 
LOG (lattice-best-path[5.5.1139~1-67548]:main():lattice-best-path.cc:99) For utterance MPK310, best cost 28.3866 + 35293.9 = 35322.3 over 366 frames.
MPK310 tusxtxan tusxtxa seyal seywaan 
LOG (lattice-best-path[5.5.1139~1-67548]:main():lattice-best-path.cc:99) For utterance MPK311, best cost 101.471 + 49843.4 = 49944.9 over 535 frames.
MPK311 uzhai aajar suudxeu anuppa tolai idxeu usxnxam adeu 
LOG (lattice-best-path[5.5.1139~1-67548]:main():lattice-best-path.cc:99) For utterance MPK312, best cost 72.3218 + 39088 = 39160.3 over 416 frames.
MPK312 manjjalx tozhil pappadxam uunam ndirxainddadeu 
LOG (lattice-best-path[5.5.1139~1-67548]:main():lattice-best-path.cc:99) For utterance MPK313, best cost 29.4189 + 37769.7 = 37799.1 over 418 frames.
MPK313 kutxtxaiyil tanxnxiir teenggiyadeu 
LOG (lattice-best-path[5.5.1139~1-67548]:main():lattice-best-path.cc:99) For utterance MPK314, best cost 56.7971 + 29732.9 = 29789.7 over 318 frames.
MPK314 toonrxiya puli ndil toonrxuga 
LOG (lattice-best-path[5.5.1139~1-67548]:main():lattice-best-path.cc:99) For utterance MPK315, best cost 26.8215 + 33491.2 = 33518 over 349 frames.
MPK315 toosxattirxkeu parigaaram sey 
LOG (lattice-best-path[5.5.1139~1-67548]:main():lattice-best-path.cc:99) For utterance MPK316, best cost 71.0029 + 36829.1 = 36900.1 over 392 frames.
MPK316 roosxam pozhudeu koosxam seyyum aayudam 
LOG (lattice-best-path[5.5.1139~1-67548]:main():lattice-best-path.cc:99) For utterance MPK317, best cost 45.8213 + 30418.1 = 30464 over 332 frames.
MPK317 paambin kanjji kodxiyadeu 
LOG (lattice-best-path[5.5.1139~1-67548]:main():lattice-best-path.cc:99) For utterance MPK318, best cost 33.4392 + 29789.9 = 29823.3 over 332 frames.
MPK318 inrxeu mazhai inikkum 
LOG (lattice-best-path[5.5.1139~1-67548]:main():lattice-best-path.cc:99) For utterance MPK319, best cost 56.8592 + 34698.7 = 34755.5 over 383 frames.
MPK319 aadxaiyil biins eenddeu eenddeu 
LOG (lattice-best-path[5.5.1139~1-67548]:main():lattice-best-path.cc:99) For utterance MPK320, best cost 65.476 + 29447 = 29512.4 over 318 frames.
MPK320 pagal ezheu isxtxam kurxi ndaadxeu 
LOG (lattice-best-path[5.5.1139~1-67548]:main():lattice-best-path.cc:99) For utterance MPK321, best cost 41.8532 + 39295.3 = 39337.2 over 411 frames.
MPK321 endda ippadxi ndoonjjaanaaga ireukkaan 
LOG (lattice-best-path[5.5.1139~1-67548]:main():lattice-best-path.cc:99) For utterance MPK322, best cost 72.4867 + 36780.2 = 36852.7 over 411 frames.
MPK322 sey seyyum panggeu mudxiyum enrxeu 
LOG (lattice-best-path[5.5.1139~1-67548]:main():lattice-best-path.cc:99) For utterance MPK323, best cost 31.5959 + 38979.3 = 39010.9 over 425 frames.
MPK323 ndaatxtxil tanxnxiir panjjam ndilawiyadeu 
LOG (lattice-best-path[5.5.1139~1-67548]:main():lattice-best-path.cc:99) For utterance MPK324, best cost 31.8013 + 36652.2 = 36684 over 395 frames.
MPK324 panjjaayatteu wazhakkeu mudxiweukkeu wanddadeu 
LOG (lattice-best-path[5.5.1139~1-67548]:main():lattice-best-path.cc:99) For utterance MPK325, best cost 25.8341 + 31079.8 = 31105.6 over 337 frames.
MPK325 panjjeu nderuppil karugiyadeu 
LOG (lattice-best-path[5.5.1139~1-67548]:main():lattice-best-path.cc:99) For utterance MPK326, best cost 83.9558 + 39161.2 = 39245.2 over 423 frames.
MPK326 waay ammaa kal rambam tii eppozhudum 
LOG (lattice-best-path[5.5.1139~1-67548]:main():lattice-best-path.cc:99) For utterance MPK327, best cost 62.9306 + 31901.4 = 31964.3 over 349 frames.
MPK327 kari pal inxai singgam kadambam 
LOG (lattice-best-path[5.5.1139~1-67548]:main():lattice-best-path.cc:99) For utterance MPK328, best cost 52.3108 + 37607.4 = 37659.8 over 399 frames.
MPK328 indda raajaa taa endda baasxai peesinaar 
LOG (lattice-best-path[5.5.1139~1-67548]:main():lattice-best-path.cc:99) For utterance MPK329, best cost 34.7974 + 28214 = 28248.8 over 304 frames.
MPK329 idxam purusxan balasaali 
LOG (lattice-best-path[5.5.1139~1-67548]:main():lattice-best-path.cc:99) For utterance MPK330, best cost 61.9893 + 32617.6 = 32679.6 over 354 frames.
MPK330 kuzhi ndilawiyadeu koobam kawasam 
LOG (lattice-best-path[5.5.1139~1-67548]:main():lattice-best-path.cc:99) For utterance MPK331, best cost 34.3892 + 22840.2 = 22874.6 over 237 frames.
MPK331 kuzhi jenma banddam 
LOG (lattice-best-path[5.5.1139~1-67548]:main():lattice-best-path.cc:99) For utterance MPK332, best cost 40.7655 + 32313.9 = 32354.7 over 328 frames.
MPK332 inrxeu puujaiyil kalanddeu kuzhi 
LOG (lattice-best-path[5.5.1139~1-67548]:main():lattice-best-path.cc:99) For utterance MPK333, best cost 60.5449 + 33159.4 = 33219.9 over 343 frames.
MPK333 pullum porulx paartteu kaip kaalxai 
LOG (lattice-best-path[5.5.1139~1-67548]:main():lattice-best-path.cc:99) For utterance MPK334, best cost 54.2677 + 28191.3 = 28245.6 over 303 frames.
MPK334 uuham banddam pazham ulxlxadeu 
LOG (lattice-best-path[5.5.1139~1-67548]:main():lattice-best-path.cc:99) For utterance MPK335, best cost 41.3319 + 24223.8 = 24265.2 over 263 frames.
MPK335 otxtxeuk iiyam kurxai 
LOG (lattice-best-path[5.5.1139~1-67548]:main():lattice-best-path.cc:99) For utterance MPK336, best cost 55.9089 + 24484.7 = 24540.6 over 257 frames.
MPK336 wazhiyaip ndam taay kariim 
LOG (lattice-best-path[5.5.1139~1-67548]:main():lattice-best-path.cc:99) For utterance MPK337, best cost 76.3782 + 31002.2 = 31078.6 over 332 frames.
MPK337 taay injji koosxam awan uur mazhai 
LOG (lattice-best-path[5.5.1139~1-67548]:main():lattice-best-path.cc:99) For utterance MPK338, best cost 55.9466 + 27977.6 = 28033.6 over 304 frames.
MPK338 taraadaram indda inxai waliyadeu 
LOG (lattice-best-path[5.5.1139~1-67548]:main():lattice-best-path.cc:99) For utterance MPK339, best cost 23.0739 + 28168.9 = 28192 over 298 frames.
MPK339 etxtxeukkaali oreu puucci 
LOG (lattice-best-path[5.5.1139~1-67548]:main():lattice-best-path.cc:99) For utterance MPK340, best cost 92.1657 + 33431.9 = 33524.1 over 361 frames.
MPK340 maarc sirxeu mazhai seewalin malar en singgam 
LOG (lattice-best-path[5.5.1139~1-67548]:main():lattice-best-path.cc:99) For utterance MPK341, best cost 33.8508 + 22097.9 = 22131.7 over 239 frames.
MPK341 inggeu kanxnxeukkeu ndalladeu 
LOG (lattice-best-path[5.5.1139~1-67548]:main():lattice-best-path.cc:99) For utterance MPK342, best cost 45.1986 + 26512.7 = 26557.9 over 291 frames.
MPK342 muga irunddadeu patxtxam 
LOG (lattice-best-path[5.5.1139~1-67548]:main():lattice-best-path.cc:99) For utterance MPK343, best cost 44.9145 + 37357.8 = 37402.7 over 408 frames.
MPK343 kodxiyadeu muuladanam poodxa weenxdxum 
LOG (lattice-best-path[5.5.1139~1-67548]:main():lattice-best-path.cc:99) For utterance MPK344, best cost 42.763 + 26211 = 26253.8 over 298 frames.
MPK344 enxnxey ndil erinddadeu 
LOG (lattice-best-path[5.5.1139~1-67548]:main():lattice-best-path.cc:99) For utterance MPK345, best cost 66.3917 + 32502.7 = 32569.1 over 356 frames.
MPK345 idxa mazhai anjjal ireu enggeu ulxlxadeu 
LOG (lattice-best-path[5.5.1139~1-67548]:main():lattice-best-path.cc:99) For utterance MPK346, best cost 47.6201 + 29351.4 = 29399 over 310 frames.
MPK346 maarc kalanddeu raajjiyam weenxdxum 
LOG (lattice-best-path[5.5.1139~1-67548]:main():lattice-best-path.cc:99) For utterance MPK347, best cost 54.9572 + 24704.4 = 24759.4 over 257 frames.
MPK347 teeytteuk sirxeu koosxam aayudam 
LOG (lattice-best-path[5.5.1139~1-67548]:main():lattice-best-path.cc:99) For utterance MPK348, best cost 53.9349 + 24385.7 = 24439.6 over 255 frames.
MPK348 anjjal lanjja manx hastam 
LOG (lattice-best-path[5.5.1139~1-67548]:main():lattice-best-path.cc:99) For utterance MPK349, best cost 24.5577 + 30755.8 = 30780.4 over 324 frames.
MPK349 tuukkam udxaleukkeu ndalladeu 
LOG (lattice-best-path[5.5.1139~1-67548]:main():lattice-best-path.cc:99) For utterance MPK350, best cost 50.392 + 33611.6 = 33662 over 347 frames.
MPK350 kaasxmiir mudal laksxanxam ulxlxa penx 
LOG (lattice-best-path[5.5.1139~1-67548]:main():lattice-best-path.cc:99) For utterance MPK351, best cost 55.6633 + 30723 = 30778.6 over 325 frames.
MPK351 ndiyaayam mozhi walxarcci saram 
LOG (lattice-best-path[5.5.1139~1-67548]:main():lattice-best-path.cc:99) For utterance MPK352, best cost 35.8695 + 35564.2 = 35600.1 over 382 frames.
MPK352 wiitxtxil wiseesxam wanddadeu 
LOG (lattice-best-path[5.5.1139~1-67548]:main():lattice-best-path.cc:99) For utterance MPK353, best cost 60.3731 + 35186.2 = 35246.6 over 376 frames.
MPK353 wandda sisxyan taay kuurnddeu 
LOG (lattice-best-path[5.5.1139~1-67548]:main():lattice-best-path.cc:99) For utterance MPK354, best cost 86.1087 + 43920.2 = 44006.3 over 466 frames.
MPK354 iranxdxeu wiidi tiirweu talaindagaram wellam peerunddeu 
LOG (lattice-best-path[5.5.1139~1-67548]:main():lattice-best-path.cc:99) For utterance MPK355, best cost 38.9057 + 35209 = 35247.9 over 378 frames.
MPK355 jalam pinni weesxam poodxeu 
LOG (lattice-best-path[5.5.1139~1-67548]:main():lattice-best-path.cc:99) For utterance MPK356, best cost 23.3156 + 30277.1 = 30300.5 over 318 frames.
MPK356 janawari mudal maadam 
LOG (lattice-best-path[5.5.1139~1-67548]:main():lattice-best-path.cc:99) For utterance MPK357, best cost 43.9786 + 24001.8 = 24045.8 over 255 frames.
MPK357 janamee inxai ndam balam 
LOG (lattice-best-path[5.5.1139~1-67548]:main():lattice-best-path.cc:99) For utterance MPK358, best cost 53.4141 + 26121.3 = 26174.7 over 269 frames.
MPK358 ndaay kuzhi widiyai paar paar 
LOG (lattice-best-path[5.5.1139~1-67548]:main():lattice-best-path.cc:99) For utterance MPK359, best cost 46.9683 + 30900.2 = 30947.2 over 317 frames.
MPK359 karuttaranggam kaatxtxa marunddeu 
LOG (lattice-best-path[5.5.1139~1-67548]:main():lattice-best-path.cc:99) For utterance MPK360, best cost 45.1992 + 27310.2 = 27355.4 over 291 frames.
MPK360 ndalla appaal irunddaan 
LOG (lattice-best-path[5.5.1139~1-67548]:main():lattice-best-path.cc:99) For utterance MPK361, best cost 46.7688 + 27610.4 = 27657.2 over 306 frames.
MPK361 raajjiyam kolxlxaadee ireu 
LOG (lattice-best-path[5.5.1139~1-67548]:main():lattice-best-path.cc:99) For utterance MPK362, best cost 81.5145 + 36766.7 = 36848.2 over 396 frames.
MPK362 hastam pozhudeu eenddeu kanjji tii injji 
LOG (lattice-best-path[5.5.1139~1-67548]:main():lattice-best-path.cc:99) For utterance MPK363, best cost 56.0789 + 31062.5 = 31118.6 over 329 frames.
MPK363 tinggalx eepral mazhai tinggalx 
LOG (lattice-best-path[5.5.1139~1-67548]:main():lattice-best-path.cc:99) For utterance MPK364, best cost 46.3786 + 28887.1 = 28933.5 over 309 frames.
MPK364 toonxdxiyadeu sanddippeu kuuwum 
LOG (lattice-best-path[5.5.1139~1-67548]:main():lattice-best-path.cc:99) For utterance MPK365, best cost 47.0232 + 29275 = 29322 over 311 frames.
MPK365 indda inrxeu walxarcci ndaatxtxeu walxarcci 
LOG (lattice-best-path[5.5.1139~1-67548]:main():lattice-best-path.cc:99) For utterance MPR293, best cost 25.6061 + 28737.7 = 28763.3 over 306 frames.
MPR293 guruwai sisxyan wanxangginaan 
LOG (lattice-best-path[5.5.1139~1-67548]:main():lattice-best-path.cc:99) For utterance MPR294, best cost 21.448 + 20574.8 = 20596.3 over 218 frames.
MPR294 siikkiram eerxpaadxeu sey 
LOG (lattice-best-path[5.5.1139~1-67548]:main():lattice-best-path.cc:99) For utterance MPR295, best cost 21.748 + 19466.1 = 19487.8 over 208 frames.
MPR295 siirxum paambai ndambaadee 
LOG (lattice-best-path[5.5.1139~1-67548]:main():lattice-best-path.cc:99) For utterance MPR296, best cost 39.8797 + 30658.7 = 30698.6 over 329 frames.
MPR296 patxtxeu suzhi sirxuwan seetxtxai seywaan 
LOG (lattice-best-path[5.5.1139~1-67548]:main():lattice-best-path.cc:99) For utterance MPR297, best cost 23.7921 + 22267.5 = 22291.3 over 237 frames.
MPR297 suutxcamam arxinddeu seyalpadxeu 
LOG (lattice-best-path[5.5.1139~1-67548]:main():lattice-best-path.cc:99) For utterance MPR298, best cost 22.9252 + 22124.1 = 22147 over 235 frames.
MPR298 asuran tawam irunddaan 
LOG (lattice-best-path[5.5.1139~1-67548]:main():lattice-best-path.cc:99) For utterance MPR299, best cost 21.5437 + 19993.4 = 20014.9 over 212 frames.
MPR299 kaalxi suulam eenddinaan 
LOG (lattice-best-path[5.5.1139~1-67548]:main():lattice-best-path.cc:99) For utterance MPR300, best cost 29.6445 + 30907 = 30936.7 over 321 frames.
MPR300 sutxrxeu suuzhal sugaadaaram pinpatxrxeu 
LOG (lattice-best-path[5.5.1139~1-67548]:main():lattice-best-path.cc:99) For utterance MPR301, best cost 37.5194 + 27586.7 = 27624.2 over 294 frames.
MPR301 seewalin kuuwalil pozhudeu idxeu 
LOG (lattice-best-path[5.5.1139~1-67548]:main():lattice-best-path.cc:99) For utterance MPR302, best cost 53.6698 + 21813.2 = 21866.8 over 228 frames.
MPR302 enakkeu waa paagam marxadi unxdxeu 
LOG (lattice-best-path[5.5.1139~1-67548]:main():lattice-best-path.cc:99) For utterance MPR303, best cost 48.4943 + 28658.5 = 28707 over 311 frames.
MPR303 ndaay ireu widxumurxai kadxai adxaippeu 
LOG (lattice-best-path[5.5.1139~1-67548]:main():lattice-best-path.cc:99) For utterance MPR304, best cost 30.3896 + 32466.3 = 32496.7 over 347 frames.
MPR304 tanggalx udxaimai miideu gawanam selutteu 
LOG (lattice-best-path[5.5.1139~1-67548]:main():lattice-best-path.cc:99) For utterance MPR305, best cost 32.5335 + 34579.5 = 34612.1 over 362 frames.
MPR305 tatruubamaaga ndadxitteuk kaatxtxa njaanam teewai 
LOG (lattice-best-path[5.5.1139~1-67548]:main():lattice-best-path.cc:99) For utterance MPR306, best cost 27.9437 + 25503.4 = 25531.3 over 276 frames.
MPR306 tii muutxtxi tii wibatteu ndadxanddadeu 
LOG (lattice-best-path[5.5.1139~1-67548]:main():lattice-best-path.cc:99) For utterance MPR307, best cost 24.467 + 20702.8 = 20727.2 over 227 frames.
MPR307 un seyaleukkeut tiirweu kaanxeu 
LOG (lattice-best-path[5.5.1139~1-67548]:main():lattice-best-path.cc:99) For utterance MPR308, best cost 40.4245 + 16545.5 = 16585.9 over 180 frames.
MPR308 malar tudi waazhtteu 
LOG (lattice-best-path[5.5.1139~1-67548]:main():lattice-best-path.cc:99) For utterance MPR309, best cost 24.0212 + 22537.1 = 22561.1 over 240 frames.
MPR309 iranxdxeu pal puunxdxeu ndalladeu 
LOG (lattice-best-path[5.5.1139~1-67548]:main():lattice-best-path.cc:99) For utterance MPR310, best cost 25.1107 + 23187.6 = 23212.8 over 239 frames.
MPR310 tusxtxan tusxtxa seyal seywaan 
LOG (lattice-best-path[5.5.1139~1-67548]:main():lattice-best-path.cc:99) For utterance MPR311, best cost 31.537 + 29301.9 = 29333.4 over 312 frames.
MPR311 purxaa tuudeu anuppa tolai duuram parxanddadeu 
LOG (lattice-best-path[5.5.1139~1-67548]:main():lattice-best-path.cc:99) For utterance MPR312, best cost 31.7982 + 27573 = 27604.8 over 298 frames.
MPR312 manjjalx tuulx maruttuwa gunxam ndirxainddadeu 
LOG (lattice-best-path[5.5.1139~1-67548]:main():lattice-best-path.cc:99) For utterance MPR313, best cost 24.3781 + 20554.4 = 20578.7 over 227 frames.
MPR313 kutxtxaiyil tanxnxiir teenggiyadeu 
LOG (lattice-best-path[5.5.1139~1-67548]:main():lattice-best-path.cc:99) For utterance MPR314, best cost 24.0677 + 19901.2 = 19925.3 over 208 frames.
MPR314 toonrxiya pugazhin toonrxuga 
LOG (lattice-best-path[5.5.1139~1-67548]:main():lattice-best-path.cc:99) For utterance MPR315, best cost 24.3443 + 23136.9 = 23161.3 over 245 frames.
MPR315 toosxattirxkeu parigaaram sey 
LOG (lattice-best-path[5.5.1139~1-67548]:main():lattice-best-path.cc:99) For utterance MPR316, best cost 47.3353 + 25456 = 25503.3 over 261 frames.
MPR316 paccai puujaiyil oosoonai baadikkum 
LOG (lattice-best-path[5.5.1139~1-67548]:main():lattice-best-path.cc:99) For utterance MPR317, best cost 21.1495 + 16155.9 = 16177 over 174 frames.
MPR317 paambin ndanjjeu kodxiyadeu 
LOG (lattice-best-path[5.5.1139~1-67548]:main():lattice-best-path.cc:99) For utterance MPR318, best cost 19.9925 + 16102.2 = 16122.2 over 176 frames.
MPR318 inrxeu mazhai ndiidxikkum 
LOG (lattice-best-path[5.5.1139~1-67548]:main():lattice-best-path.cc:99) For utterance MPR319, best cost 24.3668 + 21700.3 = 21724.7 over 240 frames.
MPR319 saalaiyil ndiir ndirambiyadeu 
LOG (lattice-best-path[5.5.1139~1-67548]:main():lattice-best-path.cc:99) For utterance MPR320, best cost 33.3114 + 20921.5 = 20954.8 over 222 frames.
MPR320 paarkkaadee oreu ndaadxeu 
LOG (lattice-best-path[5.5.1139~1-67548]:main():lattice-best-path.cc:99) For utterance MPR321, best cost 26.0774 + 25262 = 25288 over 249 frames.
MPR321 een ippadxi ndoonjjaanaaga ireukkaan 
LOG (lattice-best-path[5.5.1139~1-67548]:main():lattice-best-path.cc:99) For utterance MPR322, best cost 24.03 + 22734.8 = 22758.8 over 252 frames.
MPR322 deesiya panggeu uyarnddadeu 
LOG (lattice-best-path[5.5.1139~1-67548]:main():lattice-best-path.cc:99) For utterance MPR323, best cost 48.977 + 27199.5 = 27248.5 over 295 frames.
MPR323 aatxrxil tanxnxiir panjjam irunddadeu 
LOG (lattice-best-path[5.5.1139~1-67548]:main():lattice-best-path.cc:99) For utterance MPR324, best cost 31.0539 + 32827.9 = 32858.9 over 373 frames.
MPR324 panjjaayatteu wazhakkeu mudxiweukkeu wanddadeu 
LOG (lattice-best-path[5.5.1139~1-67548]:main():lattice-best-path.cc:99) For utterance MPR325, best cost 25.4186 + 25214.2 = 25239.7 over 277 frames.
MPR325 panjjeu nderuppil karugiyadeu 
LOG (lattice-best-path[5.5.1139~1-67548]:main():lattice-best-path.cc:99) For utterance MPR326, best cost 26.9654 + 25760 = 25787 over 259 frames.
MPR326 pazhanggudxi makkalx panxbeu sirxappeu 
LOG (lattice-best-path[5.5.1139~1-67548]:main():lattice-best-path.cc:99) For utterance MPR327, best cost 40.4899 + 29042.2 = 29082.7 over 313 frames.
MPR327 kaalai bajanai migawum ndam balam 
LOG (lattice-best-path[5.5.1139~1-67548]:main():lattice-best-path.cc:99) For utterance MPR328, best cost 29.5802 + 31392.6 = 31422.2 over 337 frames.
MPR328 indda raajaa endda baasxai peesinaar 
LOG (lattice-best-path[5.5.1139~1-67548]:main():lattice-best-path.cc:99) For utterance MPR329, best cost 20.2428 + 18106.6 = 18126.8 over 195 frames.
MPR329 en purusxan balasaali 
LOG (lattice-best-path[5.5.1139~1-67548]:main():lattice-best-path.cc:99) For utterance MPR330, best cost 47.6122 + 26173.5 = 26221.1 over 284 frames.
MPR330 puunai sirxeu uuril puugambam 
LOG (lattice-best-path[5.5.1139~1-67548]:main():lattice-best-path.cc:99) For utterance MPR331, best cost 30.9058 + 16907.2 = 16938.1 over 166 frames.
MPR331 kuuzh jenma banddam 
LOG (lattice-best-path[5.5.1139~1-67548]:main():lattice-best-path.cc:99) For utterance MPR332, best cost 24.5088 + 23469.5 = 23494 over 251 frames.
MPR332 inrxeu puujaiyil kalanddeu kolx 
LOG (lattice-best-path[5.5.1139~1-67548]:main():lattice-best-path.cc:99) For utterance MPR333, best cost 25.297 + 24630.2 = 24655.4 over 261 frames.
MPR333 pon porulx paartteu pazhagaadee 
LOG (lattice-best-path[5.5.1139~1-67548]:main():lattice-best-path.cc:99) For utterance MPR334, best cost 24.4409 + 19866.1 = 19890.5 over 219 frames.
MPR334 un mugam poliwaaga ulxlxadeu 
LOG (lattice-best-path[5.5.1139~1-67548]:main():lattice-best-path.cc:99) For utterance MPR335, best cost 21.9887 + 19216 = 19238 over 206 frames.
MPR335 petxtxiyai kiizhee poodxeu 
LOG (lattice-best-path[5.5.1139~1-67548]:main():lattice-best-path.cc:99) For utterance MPR336, best cost 21.4999 + 19392.3 = 19413.8 over 210 frames.
MPR336 pooliyaana waazhkkai tawir 
LOG (lattice-best-path[5.5.1139~1-67548]:main():lattice-best-path.cc:99) For utterance MPR337, best cost 45.9991 + 20335.8 = 20381.8 over 212 frames.
MPR337 kaay iiyam poosxaakkaana unxaweu 
LOG (lattice-best-path[5.5.1139~1-67548]:main():lattice-best-path.cc:99) For utterance MPR338, best cost 23.3869 + 22058.5 = 22081.9 over 238 frames.
MPR338 elumbeu majjai waliyadeu 
LOG (lattice-best-path[5.5.1139~1-67548]:main():lattice-best-path.cc:99) For utterance MPR339, best cost 19.7692 + 16221.3 = 16241.1 over 167 frames.
MPR339 etxtxeukkaali oreu puucci 
LOG (lattice-best-path[5.5.1139~1-67548]:main():lattice-best-path.cc:99) For utterance MPR340, best cost 70.1497 + 30264.3 = 30334.4 over 316 frames.
MPR340 paartteu maadattil paartteu ezheu teeytteuk 
LOG (lattice-best-path[5.5.1139~1-67548]:main():lattice-best-path.cc:99) For utterance MPR341, best cost 21.308 + 17182.5 = 17203.8 over 186 frames.
MPR341 miin kanxnxeukkeu ndalladeu 
LOG (lattice-best-path[5.5.1139~1-67548]:main():lattice-best-path.cc:99) For utterance MPR342, best cost 20.8016 + 16330.6 = 16351.4 over 181 frames.
MPR342 muulxai illaadawan mutxtxaalx 
LOG (lattice-best-path[5.5.1139~1-67548]:main():lattice-best-path.cc:99) For utterance MPR343, best cost 27.1175 + 23762.7 = 23789.8 over 258 frames.
MPR343 tozhilil muuladanam poodxa weenxdxum 
LOG (lattice-best-path[5.5.1139~1-67548]:main():lattice-best-path.cc:99) For utterance MPR344, best cost 42.3408 + 16512.6 = 16554.9 over 187 frames.
MPR344 widiyai pirxarai eerxi ndil 
LOG (lattice-best-path[5.5.1139~1-67548]:main():lattice-best-path.cc:99) For utterance MPR345, best cost 26.0624 + 21629.8 = 21655.8 over 237 frames.
MPR345 indda maiyanggalx enggeu ulxlxadeu 
LOG (lattice-best-path[5.5.1139~1-67548]:main():lattice-best-path.cc:99) For utterance MPR346, best cost 22.3732 + 17064.4 = 17086.7 over 180 frames.
MPR346 makkalx raajjiyam weenxdxum 
LOG (lattice-best-path[5.5.1139~1-67548]:main():lattice-best-path.cc:99) For utterance MPR347, best cost 34.5949 + 18716.1 = 18750.6 over 197 frames.
MPR347 risxikkeu roosxam adeu 
LOG (lattice-best-path[5.5.1139~1-67548]:main():lattice-best-path.cc:99) For utterance MPR348, best cost 19.7877 + 15673.4 = 15693.2 over 168 frames.
MPR348 lajjai enrxaal wekkam 
LOG (lattice-best-path[5.5.1139~1-67548]:main():lattice-best-path.cc:99) For utterance MPR349, best cost 22.5958 + 20290.9 = 20313.5 over 213 frames.
MPR349 tuukkam udxaleukkeu ndalladeu 
LOG (lattice-best-path[5.5.1139~1-67548]:main():lattice-best-path.cc:99) For utterance MPR350, best cost 42.3734 + 31562.3 = 31604.6 over 321 frames.
MPR350 laksxanxam muga laksxanxam ulxlxa penx 
LOG (lattice-best-path[5.5.1139~1-67548]:main():lattice-best-path.cc:99) For utterance MPR351, best cost 23.6081 + 18518.9 = 18542.5 over 190 frames.
MPR351 widxaa muyarxci walxarcci tarum 
LOG (lattice-best-path[5.5.1139~1-67548]:main():lattice-best-path.cc:99) For utterance MPR352, best cost 20.6264 + 16478.3 = 16499 over 170 frames.
MPR352 wiitxtxil wiseesxam unxdxeu 
LOG (lattice-best-path[5.5.1139~1-67548]:main():lattice-best-path.cc:99) For utterance MPR353, best cost 34.5452 + 21464.5 = 21499 over 229 frames.
MPR353 manjjalx wisxayattaik kuurxeu 
LOG (lattice-best-path[5.5.1139~1-67548]:main():lattice-best-path.cc:99) For utterance MPR354, best cost 40.6231 + 27038.4 = 27079 over 291 frames.
MPR354 en miideu wazhiyaaga sellum peerunddeu 
LOG (lattice-best-path[5.5.1139~1-67548]:main():lattice-best-path.cc:99) For utterance MPR355, best cost 23.4384 + 20111.9 = 20135.3 over 214 frames.
MPR355 jadxai pinni weesxam poodxeu 
LOG (lattice-best-path[5.5.1139~1-67548]:main():lattice-best-path.cc:99) For utterance MPR356, best cost 21.3854 + 17227.6 = 17249 over 179 frames.
MPR356 janawari mudal maadam 
LOG (lattice-best-path[5.5.1139~1-67548]:main():lattice-best-path.cc:99) For utterance MPR357, best cost 20.718 + 18398.1 = 18418.8 over 206 frames.
MPR357 janamee ndam balam 
LOG (lattice-best-path[5.5.1139~1-67548]:main():lattice-best-path.cc:99) For utterance MPR358, best cost 41.9315 + 19497.7 = 19539.7 over 204 frames.
MPR358 paartteu pidxi paappaa 
LOG (lattice-best-path[5.5.1139~1-67548]:main():lattice-best-path.cc:99) For utterance MPR359, best cost 39.385 + 21811.5 = 21850.9 over 231 frames.
MPR359 waay jaalam kaatxtxum padxiwadeu 
LOG (lattice-best-path[5.5.1139~1-67548]:main():lattice-best-path.cc:99) For utterance MPR360, best cost 39.5196 + 15468 = 15507.6 over 159 frames.
MPR360 taagam poodxeu taa 
LOG (lattice-best-path[5.5.1139~1-67548]:main():lattice-best-path.cc:99) For utterance MPR361, best cost 18.5996 + 14561.9 = 14580.5 over 150 frames.
MPR361 ajiiranxak koolxaarxeu 
LOG (lattice-best-path[5.5.1139~1-67548]:main():lattice-best-path.cc:99) For utterance MPR362, best cost 71.8844 + 26754.5 = 26826.4 over 279 frames.
MPR362 paar tawarxeu iranxdxeu kanjji injji 
LOG (lattice-best-path[5.5.1139~1-67548]:main():lattice-best-path.cc:99) For utterance MPR363, best cost 23.9075 + 21872.5 = 21896.4 over 232 frames.
MPR363 ndiinggalx sxeemamaaga irunggalx 
LOG (lattice-best-path[5.5.1139~1-67548]:main():lattice-best-path.cc:99) For utterance MPR364, best cost 41.9434 + 20159.3 = 20201.2 over 208 frames.
MPR364 togudi iratxtxai sanddippeu 
LOG (lattice-best-path[5.5.1139~1-67548]:main():lattice-best-path.cc:99) For utterance MPR365, best cost 37.4193 + 24674.9 = 24712.3 over 259 frames.
MPR365 jadxai walxarcci ndaatxtxeu walxarcci 
LOG (lattice-best-path[5.5.1139~1-67548]:main():lattice-best-path.cc:99) For utterance MRA293, best cost 26.2429 + 36678.9 = 36705.1 over 399 frames.
MRA293 guruwai sisxyan wanxangginaan 
LOG (lattice-best-path[5.5.1139~1-67548]:main():lattice-best-path.cc:99) For utterance MRA294, best cost 53.3463 + 28640.3 = 28693.7 over 310 frames.
MRA294 siikkiram eepral adeu sey 
LOG (lattice-best-path[5.5.1139~1-67548]:main():lattice-best-path.cc:99) For utterance MRA295, best cost 22.9871 + 24703.5 = 24726.5 over 272 frames.
MRA295 siirxum paambai ndambaadee 
LOG (lattice-best-path[5.5.1139~1-67548]:main():lattice-best-path.cc:99) For utterance MRA296, best cost 31.9481 + 39337.8 = 39369.8 over 422 frames.
MRA296 iratxtxai suzhi sirxuwan seetxtxai seywaan 
LOG (lattice-best-path[5.5.1139~1-67548]:main():lattice-best-path.cc:99) For utterance MRA297, best cost 49.7092 + 31313.4 = 31363.1 over 358 frames.
MRA297 sol sirxuwar arxinddeu seyalpadxeu 
LOG (lattice-best-path[5.5.1139~1-67548]:main():lattice-best-path.cc:99) For utterance MRA298, best cost 23.7512 + 26686.7 = 26710.5 over 305 frames.
MRA298 asuran tawam irunddaan 
LOG (lattice-best-path[5.5.1139~1-67548]:main():lattice-best-path.cc:99) For utterance MRA299, best cost 22.9378 + 27417.4 = 27440.4 over 314 frames.
MRA299 kaalxi suulam eenddinaan 
LOG (lattice-best-path[5.5.1139~1-67548]:main():lattice-best-path.cc:99) For utterance MRA300, best cost 29.8571 + 35123.8 = 35153.6 over 380 frames.
MRA300 sutxrxeu suuzhal sugaadaaram pinpatxrxeu 
LOG (lattice-best-path[5.5.1139~1-67548]:main():lattice-best-path.cc:99) For utterance MRA301, best cost 28.3572 + 29815 = 29843.4 over 328 frames.
MRA301 seewalin kuuwalil pozhudeu widxiyum 
LOG (lattice-best-path[5.5.1139~1-67548]:main():lattice-best-path.cc:99) For utterance MRA302, best cost 56.8607 + 29445.1 = 29501.9 over 307 frames.
MRA302 ezhutteup ndalla marunddeu arunddeu 
LOG (lattice-best-path[5.5.1139~1-67548]:main():lattice-best-path.cc:99) For utterance MRA303, best cost 39.4139 + 35842.7 = 35882.1 over 399 frames.
MRA303 daaniyam widxumurxai kadxai adxaippeu 
LOG (lattice-best-path[5.5.1139~1-67548]:main():lattice-best-path.cc:99) For utterance MRA304, best cost 52.9943 + 41378.3 = 41431.3 over 441 frames.
MRA304 tanggalx udxaimai wiidxeu gawanam selutteu 
LOG (lattice-best-path[5.5.1139~1-67548]:main():lattice-best-path.cc:99) For utterance MRA305, best cost 83.0926 + 45609.1 = 45692.2 over 508 frames.
MRA305 taay tara waaraa ndadxitteuk kaatxtxa ndaanxam pirxarai 
LOG (lattice-best-path[5.5.1139~1-67548]:main():lattice-best-path.cc:99) For utterance MRA306, best cost 71.7268 + 37656.6 = 37728.3 over 428 frames.
MRA306 teriyum ndam pereu siwappeu ndadxanddadeu 
LOG (lattice-best-path[5.5.1139~1-67548]:main():lattice-best-path.cc:99) For utterance MRA307, best cost 25.7633 + 32636.2 = 32662 over 358 frames.
MRA307 un seyaleukkeut tiirweu kaanxeu 
LOG (lattice-best-path[5.5.1139~1-67548]:main():lattice-best-path.cc:99) For utterance MRA308, best cost 43.3394 + 24632.5 = 24675.8 over 275 frames.
MRA308 malar tawarxeu waazhtteu 
LOG (lattice-best-path[5.5.1139~1-67548]:main():lattice-best-path.cc:99) For utterance MRA309, best cost 54.891 + 30226.5 = 30281.4 over 325 frames.
MRA309 tirxanddeu pal kuurnddeu ndalladeu 
LOG (lattice-best-path[5.5.1139~1-67548]:main():lattice-best-path.cc:99) For utterance MRA310, best cost 26.9781 + 28660.7 = 28687.7 over 303 frames.
MRA310 tusxtxan tusxtxa seyal seywaan 
LOG (lattice-best-path[5.5.1139~1-67548]:main():lattice-best-path.cc:99) For utterance MRA311, best cost 79.6055 + 44606.6 = 44686.2 over 480 frames.
MRA311 pooraay tuudeu anuppa pirxareukkeu ooram parxanddadeu 
LOG (lattice-best-path[5.5.1139~1-67548]:main():lattice-best-path.cc:99) For utterance MRA312, best cost 51.6025 + 31537.2 = 31588.8 over 319 frames.
MRA312 manjjalx pool maruttuwa gunxam ndirxainddadeu 
LOG (lattice-best-path[5.5.1139~1-67548]:main():lattice-best-path.cc:99) For utterance MRA313, best cost 24.4985 + 23077.2 = 23101.7 over 254 frames.
MRA313 kutxtxaiyil tanxnxiir teenggiyadeu 
LOG (lattice-best-path[5.5.1139~1-67548]:main():lattice-best-path.cc:99) For utterance MRA314, best cost 42.8612 + 22636.3 = 22679.2 over 245 frames.
MRA314 kanrxeu uurwadeu wanddadeu 
LOG (lattice-best-path[5.5.1139~1-67548]:main():lattice-best-path.cc:99) For utterance MRA315, best cost 60.0232 + 35581.2 = 35641.2 over 390 frames.
MRA315 roosxam tiidum wazhiyaaga sey 
LOG (lattice-best-path[5.5.1139~1-67548]:main():lattice-best-path.cc:99) For utterance MRA316, best cost 29.6155 + 36782.8 = 36812.4 over 387 frames.
MRA316 ndacceup pugai oosoonai baadikkum 
LOG (lattice-best-path[5.5.1139~1-67548]:main():lattice-best-path.cc:99) For utterance MRA317, best cost 25.0382 + 38616 = 38641 over 449 frames.
MRA317 paambin ndanjjeu kodxiyadeu 
LOG (lattice-best-path[5.5.1139~1-67548]:main():lattice-best-path.cc:99) For utterance MRA318, best cost 23.6412 + 26644 = 26667.6 over 286 frames.
MRA318 inrxeu mazhai ndiidxikkum 
LOG (lattice-best-path[5.5.1139~1-67548]:main():lattice-best-path.cc:99) For utterance MRA319, best cost 24.1483 + 25195.2 = 25219.4 over 284 frames.
MRA319 saalaiyil ndiir ndirambiyadeu 
LOG (lattice-best-path[5.5.1139~1-67548]:main():lattice-best-path.cc:99) For utterance MRA320, best cost 53.8627 + 20731.2 = 20785.1 over 222 frames.
MRA320 manxal adeu gunxam adeu 
LOG (lattice-best-path[5.5.1139~1-67548]:main():lattice-best-path.cc:99) For utterance MRA321, best cost 28.3564 + 33093.5 = 33121.9 over 354 frames.
MRA321 een ippadxi ndoonjjaanaaga ireukkaan 
LOG (lattice-best-path[5.5.1139~1-67548]:main():lattice-best-path.cc:99) For utterance MRA322, best cost 24.663 + 28095.8 = 28120.5 over 307 frames.
MRA322 deesiya panggeu uyarnddadeu 
LOG (lattice-best-path[5.5.1139~1-67548]:main():lattice-best-path.cc:99) For utterance MRA323, best cost 62.8126 + 27857.9 = 27920.7 over 309 frames.
MRA323 ndaatxtxil tanxnxiir banddam seyal alxanddeu 
LOG (lattice-best-path[5.5.1139~1-67548]:main():lattice-best-path.cc:99) For utterance MRA324, best cost 30.7038 + 29517.2 = 29547.9 over 319 frames.
MRA324 panjjaayatteu wazhakkeu mudxiweukkeu wanddadeu 
LOG (lattice-best-path[5.5.1139~1-67548]:main():lattice-best-path.cc:99) For utterance MRA325, best cost 25.7568 + 27210.9 = 27236.6 over 283 frames.
MRA325 panjjeu nderuppil karugiyadeu 
LOG (lattice-best-path[5.5.1139~1-67548]:main():lattice-best-path.cc:99) For utterance MRA326, best cost 71.2401 + 39763.7 = 39835 over 434 frames.
MRA326 pazhanggudxi manx kal kanrxeu sirxappeu 
LOG (lattice-best-path[5.5.1139~1-67548]:main():lattice-best-path.cc:99) For utterance MRA327, best cost 41.0101 + 32443.7 = 32484.7 over 343 frames.
MRA327 kaalai bajanai migawum sakkaram 
LOG (lattice-best-path[5.5.1139~1-67548]:main():lattice-best-path.cc:99) For utterance MRA328, best cost 29.9708 + 36149.6 = 36179.6 over 384 frames.
MRA328 indda raajaa endda baasxai peesinaar 
LOG (lattice-best-path[5.5.1139~1-67548]:main():lattice-best-path.cc:99) For utterance MRA329, best cost 22.1833 + 21968 = 21990.2 over 226 frames.
MRA329 en purusxan balasaali 
LOG (lattice-best-path[5.5.1139~1-67548]:main():lattice-best-path.cc:99) For utterance MRA330, best cost 26.1553 + 31613.1 = 31639.3 over 342 frames.
MRA330 buwaneesxwar uuril puugambam 
LOG (lattice-best-path[5.5.1139~1-67548]:main():lattice-best-path.cc:99) For utterance MRA331, best cost 22.3467 + 23382.7 = 23405 over 241 frames.
MRA331 puurwa jenma banddam 
LOG (lattice-best-path[5.5.1139~1-67548]:main():lattice-best-path.cc:99) For utterance MRA332, best cost 24.0986 + 25478.1 = 25502.2 over 266 frames.
MRA332 inrxeu puujaiyil kalanddeu kolx 
LOG (lattice-best-path[5.5.1139~1-67548]:main():lattice-best-path.cc:99) For utterance MRA333, best cost 26.8308 + 30374.9 = 30401.7 over 327 frames.
MRA333 pon porulx paartteu pazhagaadee 
LOG (lattice-best-path[5.5.1139~1-67548]:main():lattice-best-path.cc:99) For utterance MRA334, best cost 50.6164 + 26046.6 = 26097.2 over 297 frames.
MRA334 muuladanam pooliyaana onbadeu 
LOG (lattice-scale[5.5.1139~1-67548]:main():lattice-scale.cc:107) Done 511 lattices.
LOG (lattice-best-path[5.5.1139~1-67548]:main():lattice-best-path.cc:99) For utterance MRA335, best cost 23.9128 + 17640.1 = 17664 over 179 frames.
MRA335 otxtxeuk keetxpadeu 
LOG (lattice-best-path[5.5.1139~1-67548]:main():lattice-best-path.cc:99) For utterance MRA336, best cost 38.0199 + 25527.5 = 25565.5 over 266 frames.
MRA336 pooliyaana waazhkkai awan 
LOG (lattice-best-path[5.5.1139~1-67548]:main():lattice-best-path.cc:99) For utterance MRA337, best cost 38.2888 + 31757.9 = 31796.1 over 346 frames.
MRA337 ndaay kuzhi poosxaakkaana unxaweu 
LOG (lattice-best-path[5.5.1139~1-67548]:main():lattice-best-path.cc:99) For utterance MRA338, best cost 34.1561 + 20343.4 = 20377.5 over 232 frames.
MRA338 endda majjai waliyadeu 
LOG (lattice-best-path[5.5.1139~1-67548]:main():lattice-best-path.cc:99) For utterance MRA339, best cost 20.7174 + 20103.5 = 20124.2 over 213 frames.
MRA339 etxtxeukkaali oreu puucci 
LOG (lattice-best-path[5.5.1139~1-67548]:main():lattice-best-path.cc:99) For utterance MRA340, best cost 75.147 + 28983.5 = 29058.6 over 319 frames.
MRA340 maarc waarattin pal alxanddeu een sey 
LOG (lattice-best-path[5.5.1139~1-67548]:main():lattice-best-path.cc:99) For utterance MRA341, best cost 35.8673 + 21488.3 = 21524.2 over 230 frames.
MRA341 ndiyaayam kanxnxeukkeu ndalladeu 
LOG (lattice-best-path[5.5.1139~1-67548]:main():lattice-best-path.cc:99) For utterance MRA342, best cost 21.5221 + 18959 = 18980.5 over 201 frames.
MRA342 muulxai illaadawan mutxtxaalx 
LOG (lattice-best-path[5.5.1139~1-67548]:main():lattice-best-path.cc:99) For utterance MRA343, best cost 50.8283 + 26601.5 = 26652.3 over 299 frames.
MRA343 sol ezhil muuladanam poodxa weenxdxum 
LOG (lattice-best-path[5.5.1139~1-67548]:main():lattice-best-path.cc:99) For utterance MRA344, best cost 40.1893 + 17036.8 = 17077 over 191 frames.
MRA344 inddiyaawin wiidxeu ndil 
LOG (lattice-best-path[5.5.1139~1-67548]:main():lattice-best-path.cc:99) For utterance MRA345, best cost 38.4611 + 23549.4 = 23587.8 over 257 frames.
MRA345 enrxa maiyanggalx enggeu ulxlxadeu 
LOG (lattice-best-path[5.5.1139~1-67548]:main():lattice-best-path.cc:99) For utterance MRA346, best cost 24.0306 + 23149.8 = 23173.8 over 242 frames.
MRA346 makkalx raajjiyam weenxdxum 
LOG (lattice-best-path[5.5.1139~1-67548]:main():lattice-best-path.cc:99) For utterance MRA347, best cost 24.2597 + 24736.4 = 24760.6 over 254 frames.
MRA347 risxikkeu roosxam adigam 
LOG (lattice-best-path[5.5.1139~1-67548]:main():lattice-best-path.cc:99) For utterance MRA348, best cost 33.269 + 23414.8 = 23448.1 over 258 frames.
MRA348 lanjja enrxaal wekkam 
LOG (lattice-best-path[5.5.1139~1-67548]:main():lattice-best-path.cc:99) For utterance MRA349, best cost 22.716 + 21791 = 21813.7 over 235 frames.
MRA349 tuukkam udxaleukkeu ndalladeu 
LOG (lattice-best-path[5.5.1139~1-67548]:main():lattice-best-path.cc:99) For utterance MRA350, best cost 28.8111 + 30821.4 = 30850.2 over 330 frames.
MRA350 laksxmi muga laksxanxam ulxlxa penx 
LOG (lattice-best-path[5.5.1139~1-67548]:main():lattice-best-path.cc:99) For utterance MRA351, best cost 26.5172 + 27539.5 = 27566 over 294 frames.
MRA351 widxaa muyarxci walxarcci tarum 
LOG (lattice-best-path[5.5.1139~1-67548]:main():lattice-best-path.cc:99) For utterance MRA352, best cost 35.164 + 24924.3 = 24959.5 over 264 frames.
MRA352 waitteuk wiseesxam unxdxeu 
LOG (lattice-best-path[5.5.1139~1-67548]:main():lattice-best-path.cc:99) For utterance MRA353, best cost 59.9782 + 24621.7 = 24681.6 over 281 frames.
MRA353 anjjali teeytteuk ooram sirxeu 
LOG (lattice-best-path[5.5.1139~1-67548]:main():lattice-best-path.cc:99) For utterance MRA354, best cost 52.8265 + 35385 = 35437.9 over 387 frames.
MRA354 en miideu waliyadeu sellum peerunddeu 
LOG (lattice-best-path[5.5.1139~1-67548]:main():lattice-best-path.cc:99) For utterance MRA355, best cost 54.3139 + 24344.8 = 24399.1 over 264 frames.
MRA355 jadxai pinni eezhai isxtxam ulxlxadeu 
LOG (lattice-best-path[5.5.1139~1-67548]:main():lattice-best-path.cc:99) For utterance MRA356, best cost 24.598 + 24594.3 = 24618.9 over 271 frames.
MRA356 janawari mudal maadam 
LOG (lattice-best-path[5.5.1139~1-67548]:main():lattice-best-path.cc:99) For utterance MRA357, best cost 20.839 + 20868.6 = 20889.4 over 233 frames.
MRA357 janamee ndam balam 
LOG (lattice-best-path[5.5.1139~1-67548]:main():lattice-best-path.cc:99) For utterance MRA358, best cost 42.7424 + 24170.4 = 24213.1 over 264 frames.
MRA358 taay tii illaiyadxi paappaa 
LOG (lattice-add-penalty[5.5.1139~1-67548]:main():lattice-add-penalty.cc:62) Done adding word insertion penalty to 511 lattices.
LOG (lattice-best-path[5.5.1139~1-67548]:main():lattice-best-path.cc:99) For utterance MRA359, best cost 27.4128 + 28993.5 = 29020.9 over 309 frames.
MRA359 waay jaalam kaatxtxum manidan 
LOG (lattice-best-path[5.5.1139~1-67548]:main():lattice-best-path.cc:99) For utterance MRA360, best cost 44.4344 + 26346.2 = 26390.7 over 278 frames.
MRA360 taazha ooram banddam 
LOG (lattice-best-path[5.5.1139~1-67548]:main():lattice-best-path.cc:99) For utterance MRA361, best cost 32.3383 + 19194.5 = 19226.8 over 218 frames.
MRA361 bajanai koolxaarxeu 
LOG (lattice-best-path[5.5.1139~1-67548]:main():lattice-best-path.cc:99) For utterance MRA362, best cost 86.6685 + 39642.1 = 39728.8 over 418 frames.
MRA362 udawum pal iranxdxeu kanxnxiir seyyin eezhai 
LOG (lattice-best-path[5.5.1139~1-67548]:main():lattice-best-path.cc:99) For utterance MRA363, best cost 56.6387 + 26052.3 = 26109 over 294 frames.
MRA363 inggeu suuranxam waazhalaam irunggalx 
LOG (lattice-best-path[5.5.1139~1-67548]:main():lattice-best-path.cc:99) For utterance MRA364, best cost 33.0462 + 19557.9 = 19591 over 208 frames.
MRA364 pagudiyil sanddippeu 
LOG (lattice-best-path[5.5.1139~1-67548]:main():lattice-best-path.cc:99) For utterance MRA365, best cost 57.179 + 28012.4 = 28069.5 over 311 frames.
MRA365 enxnxey azhageu sirxeu ndaatxtxeu walxarcci 
LOG (lattice-best-path[5.5.1139~1-67548]:main():lattice-best-path.cc:124) Overall cost per frame is 92.9016 = 0.122898 [graph] + 92.7787 [acoustic] over 182890 frames.
LOG (lattice-best-path[5.5.1139~1-67548]:main():lattice-best-path.cc:128) Done 511 lattices, failed for 0
# Accounting: time=0 threads=1
# Ended (code 0) at Mon Jul  8 11:11:48 IST 2024, elapsed time 0 seconds
