# lattice-scale --inv-acoustic-scale=16 "ark:gunzip -c exp_FG/tri_8_2000/decode/lat.*.gz|" ark:- | lattice-add-penalty --word-ins-penalty=0.0 ark:- ark:- | lattice-best-path --word-symbol-table=exp_FG/tri_8_2000/graph/words.txt ark:- ark,t:exp_FG/tri_8_2000/decode/scoring/16.tra 
# Started at Mon Jul  8 11:11:49 IST 2024
#
lattice-best-path --word-symbol-table=exp_FG/tri_8_2000/graph/words.txt ark:- ark,t:exp_FG/tri_8_2000/decode/scoring/16.tra 
lattice-scale --inv-acoustic-scale=16 'ark:gunzip -c exp_FG/tri_8_2000/decode/lat.*.gz|' ark:- 
lattice-add-penalty --word-ins-penalty=0.0 ark:- ark:- 
LOG (lattice-best-path[5.5.1139~1-67548]:main():lattice-best-path.cc:99) For utterance FSI293, best cost 25.5329 + 1837.08 = 1862.62 over 317 frames.
FSI293 guruwai sisxyan wanxangginaan 
LOG (lattice-best-path[5.5.1139~1-67548]:main():lattice-best-path.cc:99) For utterance FSI294, best cost 43.4126 + 1382.72 = 1426.13 over 240 frames.
FSI294 sey jadxai eerxpaadxeu sey 
LOG (lattice-best-path[5.5.1139~1-67548]:main():lattice-best-path.cc:99) For utterance FSI295, best cost 33.9266 + 1621.24 = 1655.16 over 301 frames.
FSI295 sidambaram uyaramaanadeu 
LOG (lattice-best-path[5.5.1139~1-67548]:main():lattice-best-path.cc:99) For utterance FSI296, best cost 31.3271 + 2106.68 = 2138 over 359 frames.
FSI296 iratxtxai suzhi sirxuwan seetxtxai seywaan 
LOG (lattice-best-path[5.5.1139~1-67548]:main():lattice-best-path.cc:99) For utterance FSI297, best cost 26.3728 + 1813.42 = 1839.8 over 314 frames.
FSI297 suutxcamam arxinddeu seyalpadxeu 
LOG (lattice-best-path[5.5.1139~1-67548]:main():lattice-best-path.cc:99) For utterance FSI298, best cost 43.9771 + 1790.86 = 1834.84 over 307 frames.
FSI298 asuran kuyil taagam 
LOG (lattice-best-path[5.5.1139~1-67548]:main():lattice-best-path.cc:99) For utterance FSI299, best cost 42.1473 + 1747.85 = 1790 over 320 frames.
FSI299 kaalxi suwai eenddinaan 
LOG (lattice-best-path[5.5.1139~1-67548]:main():lattice-best-path.cc:99) For utterance FSI300, best cost 31.0951 + 2789.9 = 2821 over 478 frames.
FSI300 sutxrxeu suuzhal sugaadaaram pinpatxrxeu 
LOG (lattice-best-path[5.5.1139~1-67548]:main():lattice-best-path.cc:99) For utterance FSI301, best cost 30.6231 + 2350.55 = 2381.17 over 411 frames.
FSI301 seewalin kuuwalil pozhudeu widxiyum 
LOG (lattice-best-path[5.5.1139~1-67548]:main():lattice-best-path.cc:99) For utterance FSI302, best cost 69.1267 + 2408.3 = 2477.43 over 424 frames.
FSI302 enakkeu paanam uurwadeu kuurnddeu ireu 
LOG (lattice-best-path[5.5.1139~1-67548]:main():lattice-best-path.cc:99) For utterance FSI303, best cost 49.3279 + 2066.35 = 2115.68 over 362 frames.
FSI303 ndaay eepral widxumurxai kadxai adxaippeu 
LOG (lattice-best-path[5.5.1139~1-67548]:main():lattice-best-path.cc:99) For utterance FSI304, best cost 48.0643 + 2049.37 = 2097.43 over 356 frames.
FSI304 tanggam uurwadeu gawanam selutteu 
LOG (lattice-best-path[5.5.1139~1-67548]:main():lattice-best-path.cc:99) For utterance FSI305, best cost 72.5776 + 2730.06 = 2802.64 over 475 frames.
FSI305 sarppam ooram ndadxitteuk kaatxtxa manam tirxanddeu 
LOG (lattice-best-path[5.5.1139~1-67548]:main():lattice-best-path.cc:99) For utterance FSI306, best cost 42.2804 + 2421.05 = 2463.33 over 427 frames.
FSI306 seyal muutxtxi tii wibatteu ndadxanddadeu 
LOG (lattice-best-path[5.5.1139~1-67548]:main():lattice-best-path.cc:99) For utterance FSI307, best cost 37.5566 + 1836.48 = 1874.04 over 327 frames.
FSI307 kuuzh seyaleukkeut tiirweu kaanxeu 
LOG (lattice-best-path[5.5.1139~1-67548]:main():lattice-best-path.cc:99) For utterance FSI308, best cost 53.8659 + 1857.34 = 1911.21 over 340 frames.
FSI308 yaadum sirxeu waanam perxeu 
LOG (lattice-best-path[5.5.1139~1-67548]:main():lattice-best-path.cc:99) For utterance FSI309, best cost 25.0387 + 1784.26 = 1809.3 over 317 frames.
FSI309 iranxdxeu pal puunxdxeu ndalladeu 
LOG (lattice-best-path[5.5.1139~1-67548]:main():lattice-best-path.cc:99) For utterance FSI310, best cost 26.6827 + 1924.93 = 1951.62 over 326 frames.
FSI310 tusxtxan tusxtxa seyal seywaan 
LOG (lattice-best-path[5.5.1139~1-67548]:main():lattice-best-path.cc:99) For utterance FSI311, best cost 81.2023 + 3609.14 = 3690.34 over 624 frames.
FSI311 pooraay tuudeu anuppa oppudal sirxuwar parxanddadeu 
LOG (lattice-best-path[5.5.1139~1-67548]:main():lattice-best-path.cc:99) For utterance FSI312, best cost 51.5932 + 2405.64 = 2457.23 over 414 frames.
FSI312 manjjalx tuulx matxtxam gunxam ndirxainddadeu 
LOG (lattice-best-path[5.5.1139~1-67548]:main():lattice-best-path.cc:99) For utterance FSI313, best cost 26.2815 + 2026.15 = 2052.43 over 355 frames.
FSI313 kutxtxaiyil tanxnxiir teenggiyadeu 
LOG (lattice-best-path[5.5.1139~1-67548]:main():lattice-best-path.cc:99) For utterance FSI314, best cost 47.0399 + 1654.36 = 1701.4 over 270 frames.
FSI314 suuriyan pirxar pugazhin toonrxuga 
LOG (lattice-best-path[5.5.1139~1-67548]:main():lattice-best-path.cc:99) For utterance FSI315, best cost 24.8717 + 1799.04 = 1823.92 over 313 frames.
FSI315 toosxattirxkeu parigaaram sey 
LOG (lattice-best-path[5.5.1139~1-67548]:main():lattice-best-path.cc:99) For utterance FSI316, best cost 66.9569 + 2395.77 = 2462.73 over 410 frames.
FSI316 anaittum koolxgalx koosxam ezhuppaadee ndam 
LOG (lattice-best-path[5.5.1139~1-67548]:main():lattice-best-path.cc:99) For utterance FSI317, best cost 46.6789 + 2323.63 = 2370.31 over 426 frames.
FSI317 paanam penx ndanjjeu kodxiyadeu 
LOG (lattice-best-path[5.5.1139~1-67548]:main():lattice-best-path.cc:99) For utterance FSI318, best cost 22.8532 + 1695.61 = 1718.46 over 310 frames.
FSI318 inrxeu mazhai ndiidxikkum 
LOG (lattice-best-path[5.5.1139~1-67548]:main():lattice-best-path.cc:99) For utterance FSI319, best cost 27.2015 + 2280.3 = 2307.5 over 414 frames.
FSI319 saalaiyil ndiir ndirambiyadeu 
LOG (lattice-best-path[5.5.1139~1-67548]:main():lattice-best-path.cc:99) For utterance FSI320, best cost 24.8636 + 1930.52 = 1955.39 over 351 frames.
FSI320 banggalxaadeesx oreu ndaadxeu 
LOG (lattice-best-path[5.5.1139~1-67548]:main():lattice-best-path.cc:99) For utterance FSI321, best cost 50.5204 + 2027.69 = 2078.21 over 353 frames.
FSI321 yaawarum kulxir ndoonjjaanaaga ireukkaan 
LOG (lattice-best-path[5.5.1139~1-67548]:main():lattice-best-path.cc:99) For utterance FSI322, best cost 25.5367 + 2147.67 = 2173.21 over 380 frames.
FSI322 deesiya panggeu uyarnddadeu 
LOG (lattice-best-path[5.5.1139~1-67548]:main():lattice-best-path.cc:99) For utterance FSI323, best cost 33.0214 + 2693.36 = 2726.38 over 461 frames.
FSI323 ndaatxtxil tanxnxiir panjjam ndilawiyadeu 
LOG (lattice-best-path[5.5.1139~1-67548]:main():lattice-best-path.cc:99) For utterance FSI324, best cost 30.6937 + 2451.19 = 2481.88 over 435 frames.
FSI324 panjjaayatteu wazhakkeu mudxiweukkeu wanddadeu 
LOG (lattice-best-path[5.5.1139~1-67548]:main():lattice-best-path.cc:99) For utterance FSI325, best cost 26.4547 + 2111.5 = 2137.96 over 361 frames.
FSI325 panjjeu nderuppil karugiyadeu 
LOG (lattice-best-path[5.5.1139~1-67548]:main():lattice-best-path.cc:99) For utterance FSI326, best cost 43.2526 + 2594.22 = 2637.47 over 443 frames.
FSI326 paagam kurxi makkalx panxbeu sirxappeu 
LOG (lattice-best-path[5.5.1139~1-67548]:main():lattice-best-path.cc:99) For utterance FSI327, best cost 61.8221 + 2446.96 = 2508.78 over 452 frames.
FSI327 saalaiyil padxippadeu kuuwum ooram 
LOG (lattice-best-path[5.5.1139~1-67548]:main():lattice-best-path.cc:99) For utterance FSI328, best cost 29.0873 + 2174.51 = 2203.6 over 380 frames.
FSI328 indda raajaa endda baasxai peesinaar 
LOG (lattice-best-path[5.5.1139~1-67548]:main():lattice-best-path.cc:99) For utterance FSI329, best cost 24.3849 + 2171.8 = 2196.19 over 384 frames.
FSI329 en purusxan balasaali 
LOG (lattice-best-path[5.5.1139~1-67548]:main():lattice-best-path.cc:99) For utterance FSI330, best cost 26.2017 + 2121.51 = 2147.71 over 380 frames.
FSI330 buwaneesxwar uuril puugambam 
LOG (lattice-best-path[5.5.1139~1-67548]:main():lattice-best-path.cc:99) For utterance FSI331, best cost 21.8069 + 1323.02 = 1344.82 over 230 frames.
FSI331 puurwa jenma banddam 
LOG (lattice-best-path[5.5.1139~1-67548]:main():lattice-best-path.cc:99) For utterance FSI332, best cost 25.4734 + 1781.37 = 1806.84 over 309 frames.
FSI332 inrxeu puujaiyil kalanddeu kolx 
LOG (lattice-best-path[5.5.1139~1-67548]:main():lattice-best-path.cc:99) For utterance FSI333, best cost 25.9112 + 1837.31 = 1863.22 over 313 frames.
FSI333 pon porulx paartteu pazhagaadee 
LOG (lattice-best-path[5.5.1139~1-67548]:main():lattice-best-path.cc:99) For utterance FSI334, best cost 26.4053 + 1915.19 = 1941.6 over 357 frames.
FSI334 un mugam poliwaaga ulxlxadeu 
LOG (lattice-best-path[5.5.1139~1-67548]:main():lattice-best-path.cc:99) For utterance FSI335, best cost 22.0525 + 1576.44 = 1598.49 over 290 frames.
FSI335 petxtxiyai kiizhee poodxeu 
LOG (lattice-best-path[5.5.1139~1-67548]:main():lattice-best-path.cc:99) For utterance FSI336, best cost 34.7945 + 1855.97 = 1890.76 over 315 frames.
FSI336 pooliyaana waazhkkai kariim 
LOG (lattice-best-path[5.5.1139~1-67548]:main():lattice-best-path.cc:99) For utterance FSI337, best cost 48.5254 + 2351.05 = 2399.57 over 414 frames.
FSI337 taay ireu poosxaakkaana unxaweu 
LOG (lattice-best-path[5.5.1139~1-67548]:main():lattice-best-path.cc:99) For utterance FSI338, best cost 56.4366 + 1744.46 = 1800.9 over 307 frames.
FSI338 widiyai rambam paccai waliyadeu 
LOG (lattice-best-path[5.5.1139~1-67548]:main():lattice-best-path.cc:99) For utterance FSI339, best cost 21.8441 + 1628.64 = 1650.49 over 294 frames.
FSI339 etxtxeukkaali oreu puucci 
LOG (lattice-best-path[5.5.1139~1-67548]:main():lattice-best-path.cc:99) For utterance FSI340, best cost 72.7795 + 2502.17 = 2574.95 over 450 frames.
FSI340 ndaatxtxeu marxadi paagam widiyai injji 
LOG (lattice-best-path[5.5.1139~1-67548]:main():lattice-best-path.cc:99) For utterance FSI341, best cost 37.9753 + 1966.23 = 2004.2 over 354 frames.
FSI341 peyar kanxnxeukkeu ndalladeu 
LOG (lattice-best-path[5.5.1139~1-67548]:main():lattice-best-path.cc:99) For utterance FSI342, best cost 23.037 + 1831.72 = 1854.76 over 330 frames.
FSI342 muulxai illaadawan mutxtxaalx 
LOG (lattice-best-path[5.5.1139~1-67548]:main():lattice-best-path.cc:99) For utterance FSI343, best cost 29.5353 + 2196.4 = 2225.94 over 385 frames.
FSI343 tozhilil muuladanam poodxa weenxdxum 
LOG (lattice-best-path[5.5.1139~1-67548]:main():lattice-best-path.cc:99) For utterance FSI344, best cost 31.6369 + 1658.55 = 1690.19 over 292 frames.
FSI344 eetxtxeu ndilawiyadeu 
LOG (lattice-best-path[5.5.1139~1-67548]:main():lattice-best-path.cc:99) For utterance FSI345, best cost 25.9317 + 1754.79 = 1780.72 over 301 frames.
FSI345 indda maiyanggalx enggeu ulxlxadeu 
LOG (lattice-best-path[5.5.1139~1-67548]:main():lattice-best-path.cc:99) For utterance FSI346, best cost 23.7332 + 1777.61 = 1801.34 over 313 frames.
FSI346 makkalx raajjiyam weenxdxum 
LOG (lattice-best-path[5.5.1139~1-67548]:main():lattice-best-path.cc:99) For utterance FSI347, best cost 26.5629 + 2158.75 = 2185.32 over 367 frames.
FSI347 risxikkeu roosxam adigam 
LOG (lattice-best-path[5.5.1139~1-67548]:main():lattice-best-path.cc:99) For utterance FSI348, best cost 46.6389 + 1624.51 = 1671.15 over 290 frames.
FSI348 ndaatxtxeu taazha koobam 
LOG (lattice-best-path[5.5.1139~1-67548]:main():lattice-best-path.cc:99) For utterance FSI349, best cost 23.1871 + 1652.84 = 1676.02 over 290 frames.
FSI349 tuukkam udxaleukkeu ndalladeu 
LOG (lattice-best-path[5.5.1139~1-67548]:main():lattice-best-path.cc:99) For utterance FSI350, best cost 32.3816 + 2785.92 = 2818.3 over 489 frames.
FSI350 laksxmi muga laksxanxam ulxlxa penx 
LOG (lattice-best-path[5.5.1139~1-67548]:main():lattice-best-path.cc:99) For utterance FSI351, best cost 29.0843 + 2681.61 = 2710.69 over 477 frames.
FSI351 widxaa muyarxci walxarcci tarum 
LOG (lattice-best-path[5.5.1139~1-67548]:main():lattice-best-path.cc:99) For utterance FSI352, best cost 24.201 + 2064.68 = 2088.88 over 375 frames.
FSI352 wiitxtxil wiseesxam unxdxeu 
LOG (lattice-best-path[5.5.1139~1-67548]:main():lattice-best-path.cc:99) For utterance FSI353, best cost 41.1965 + 1421.55 = 1462.74 over 243 frames.
FSI353 manjjalx teeytteuk kuurxeu 
LOG (lattice-best-path[5.5.1139~1-67548]:main():lattice-best-path.cc:99) For utterance FSI354, best cost 46.5561 + 2797.23 = 2843.78 over 481 frames.
FSI354 jalam wiidi wazhiyaaga sellum peerunddeu 
LOG (lattice-best-path[5.5.1139~1-67548]:main():lattice-best-path.cc:99) For utterance FSI355, best cost 39.0805 + 1731.18 = 1770.26 over 300 frames.
FSI355 tirxanddeu pinni weesxam poodxeu 
LOG (lattice-best-path[5.5.1139~1-67548]:main():lattice-best-path.cc:99) For utterance FSI356, best cost 22.7627 + 1436.36 = 1459.13 over 249 frames.
FSI356 janawari mudal maadam 
LOG (lattice-best-path[5.5.1139~1-67548]:main():lattice-best-path.cc:99) For utterance FSI357, best cost 21.7006 + 1356.97 = 1378.67 over 253 frames.
FSI357 janamee ndam balam 
LOG (lattice-best-path[5.5.1139~1-67548]:main():lattice-best-path.cc:99) For utterance FSI358, best cost 22.0955 + 1661.85 = 1683.94 over 278 frames.
FSI358 jaadi illaiyadxi paappaa 
LOG (lattice-best-path[5.5.1139~1-67548]:main():lattice-best-path.cc:99) For utterance FSI359, best cost 25.8789 + 1794.13 = 1820.01 over 307 frames.
FSI359 waay jaalam kaatxtxum manidan 
LOG (lattice-best-path[5.5.1139~1-67548]:main():lattice-best-path.cc:99) For utterance FSI360, best cost 21.871 + 1663.52 = 1685.39 over 292 frames.
FSI360 jaalraa poodxa weenxdxaam 
LOG (lattice-best-path[5.5.1139~1-67548]:main():lattice-best-path.cc:99) For utterance FSI361, best cost 20.8461 + 1518.81 = 1539.66 over 267 frames.
FSI361 ajiiranxak koolxaarxeu 
LOG (lattice-best-path[5.5.1139~1-67548]:main():lattice-best-path.cc:99) For utterance FSI362, best cost 60.8822 + 2220.28 = 2281.16 over 394 frames.
FSI362 matxtxam waliyadeu tanxnxiir injji 
LOG (lattice-best-path[5.5.1139~1-67548]:main():lattice-best-path.cc:99) For utterance FSI363, best cost 56.4283 + 2114.27 = 2170.7 over 369 frames.
FSI363 indda sidambaram aadxaiyil enggalx 
LOG (lattice-best-path[5.5.1139~1-67548]:main():lattice-best-path.cc:99) For utterance FSI364, best cost 23.3643 + 1870.86 = 1894.23 over 327 frames.
FSI364 togudi hetx sanddippeu 
LOG (lattice-best-path[5.5.1139~1-67548]:main():lattice-best-path.cc:99) For utterance FSI365, best cost 51.3733 + 2446.6 = 2497.97 over 452 frames.
FSI365 wilai awan walxarcci ndaatxtxeu walxarcci 
LOG (lattice-best-path[5.5.1139~1-67548]:main():lattice-best-path.cc:99) For utterance FVP293, best cost 24.9506 + 2073.16 = 2098.11 over 360 frames.
FVP293 guruwai sisxyan wanxangginaan 
LOG (lattice-best-path[5.5.1139~1-67548]:main():lattice-best-path.cc:99) For utterance FVP294, best cost 23.6075 + 1804.65 = 1828.26 over 310 frames.
FVP294 siikkiram eerxpaadxeu sey 
LOG (lattice-best-path[5.5.1139~1-67548]:main():lattice-best-path.cc:99) For utterance FVP295, best cost 22.918 + 1878.84 = 1901.76 over 330 frames.
FVP295 siirxum paambai ndambaadee 
LOG (lattice-best-path[5.5.1139~1-67548]:main():lattice-best-path.cc:99) For utterance FVP296, best cost 44.0687 + 3178.36 = 3222.43 over 544 frames.
FVP296 eelakkaay suzhi sirxuwan seetxtxai seywaan 
LOG (lattice-best-path[5.5.1139~1-67548]:main():lattice-best-path.cc:99) For utterance FVP297, best cost 27.3502 + 2633.86 = 2661.21 over 465 frames.
FVP297 suutxcamam arxinddeu seyalpadxeu 
LOG (lattice-best-path[5.5.1139~1-67548]:main():lattice-best-path.cc:99) For utterance FVP298, best cost 24.3272 + 1923.61 = 1947.93 over 327 frames.
FVP298 asuran tawam irunddaan 
LOG (lattice-best-path[5.5.1139~1-67548]:main():lattice-best-path.cc:99) For utterance FVP299, best cost 22.2369 + 1834.27 = 1856.51 over 320 frames.
FVP299 kaalxi suulam eenddinaan 
LOG (lattice-best-path[5.5.1139~1-67548]:main():lattice-best-path.cc:99) For utterance FVP300, best cost 31.1994 + 2773.48 = 2804.68 over 458 frames.
FVP300 sutxrxeu suuzhal sugaadaaram pinpatxrxeu 
LOG (lattice-best-path[5.5.1139~1-67548]:main():lattice-best-path.cc:99) For utterance FVP301, best cost 31.4383 + 2633.18 = 2664.61 over 464 frames.
FVP301 seewalin kuuwalil pozhudeu widxiyum 
LOG (lattice-best-path[5.5.1139~1-67548]:main():lattice-best-path.cc:99) For utterance FVP302, best cost 61.5688 + 2353.32 = 2414.89 over 396 frames.
FVP302 enakkeu ndaappazhakkam maadattil irunddadeu 
LOG (lattice-best-path[5.5.1139~1-67548]:main():lattice-best-path.cc:99) For utterance FVP303, best cost 49.961 + 2229.86 = 2279.82 over 383 frames.
FVP303 ndaay ireu widxumurxai kadxai adxaippeu 
LOG (lattice-best-path[5.5.1139~1-67548]:main():lattice-best-path.cc:99) For utterance FVP304, best cost 52.6777 + 2714.85 = 2767.53 over 476 frames.
FVP304 tanggalx udxaimai idxeu gawanam selutteu 
LOG (lattice-best-path[5.5.1139~1-67548]:main():lattice-best-path.cc:99) For utterance FVP305, best cost 70.2952 + 3524.15 = 3594.45 over 617 frames.
FVP305 kasxtxam waa maada ndadxitteuk kaatxtxa njaanam teewai 
LOG (lattice-best-path[5.5.1139~1-67548]:main():lattice-best-path.cc:99) For utterance FVP306, best cost 67.2044 + 2908.09 = 2975.29 over 508 frames.
FVP306 tii muutxtxi kiizhee kuurnddeu petxtxiyai ndadxanddadeu 
LOG (lattice-best-path[5.5.1139~1-67548]:main():lattice-best-path.cc:99) For utterance FVP307, best cost 25.4388 + 1887.46 = 1912.9 over 329 frames.
FVP307 un seyaleukkeut tiirweu kaanxeu 
LOG (lattice-best-path[5.5.1139~1-67548]:main():lattice-best-path.cc:99) For utterance FVP308, best cost 22.9858 + 1969.88 = 1992.86 over 352 frames.
FVP308 malar tuuwi waazhtteu 
LOG (lattice-best-path[5.5.1139~1-67548]:main():lattice-best-path.cc:99) For utterance FVP309, best cost 27.1556 + 2316.85 = 2344 over 407 frames.
FVP309 iranxdxeu pal puunxdxeu ndalladeu 
LOG (lattice-best-path[5.5.1139~1-67548]:main():lattice-best-path.cc:99) For utterance FVP310, best cost 52.8407 + 2450.41 = 2503.25 over 409 frames.
FVP310 biins seyal tusxtxa seyal seywaan 
LOG (lattice-best-path[5.5.1139~1-67548]:main():lattice-best-path.cc:99) For utterance FVP311, best cost 59.2439 + 3352.55 = 3411.8 over 568 frames.
FVP311 pooraay sutxrxeu anuppa tolai duuram parxanddadeu 
LOG (lattice-best-path[5.5.1139~1-67548]:main():lattice-best-path.cc:99) For utterance FVP312, best cost 36.4788 + 3054.53 = 3091.01 over 528 frames.
FVP312 manjjalx tuulx maruttuwa gunxam ndirxainddadeu 
LOG (lattice-best-path[5.5.1139~1-67548]:main():lattice-best-path.cc:99) For utterance FVP313, best cost 24.6379 + 1848.4 = 1873.03 over 326 frames.
FVP313 kutxtxaiyil tanxnxiir teenggiyadeu 
LOG (lattice-best-path[5.5.1139~1-67548]:main():lattice-best-path.cc:99) For utterance FVP314, best cost 25.9157 + 2139.41 = 2165.33 over 372 frames.
FVP314 toonrxiya pugazhin toonrxuga 
LOG (lattice-best-path[5.5.1139~1-67548]:main():lattice-best-path.cc:99) For utterance FVP315, best cost 24.6906 + 1874.96 = 1899.65 over 318 frames.
FVP315 toosxattirxkeu parigaaram sey 
LOG (lattice-best-path[5.5.1139~1-67548]:main():lattice-best-path.cc:99) For utterance FVP316, best cost 29.762 + 2325.3 = 2355.06 over 377 frames.
FVP316 ndacceup pugai oosoonai baadikkum 
LOG (lattice-best-path[5.5.1139~1-67548]:main():lattice-best-path.cc:99) For utterance FVP317, best cost 23.2218 + 1733.74 = 1756.96 over 304 frames.
FVP317 paambin ndanjjeu kodxiyadeu 
LOG (lattice-best-path[5.5.1139~1-67548]:main():lattice-best-path.cc:99) For utterance FVP318, best cost 20.6341 + 1405.67 = 1426.3 over 241 frames.
FVP318 inrxeu mazhai ndiidxikkum 
LOG (lattice-best-path[5.5.1139~1-67548]:main():lattice-best-path.cc:99) For utterance FVP319, best cost 25.8486 + 1853.27 = 1879.11 over 323 frames.
FVP319 saalaiyil ndiir ndirambiyadeu 
LOG (lattice-best-path[5.5.1139~1-67548]:main():lattice-best-path.cc:99) For utterance FVP320, best cost 26.6057 + 1757.59 = 1784.2 over 309 frames.
FVP320 banggalxaadeesx oreu ndaadxeu 
LOG (lattice-best-path[5.5.1139~1-67548]:main():lattice-best-path.cc:99) For utterance FVP321, best cost 30.31 + 2731.3 = 2761.61 over 467 frames.
FVP321 een ippadxi ndoonjjaanaaga ireukkaan 
LOG (lattice-best-path[5.5.1139~1-67548]:main():lattice-best-path.cc:99) For utterance FVP322, best cost 44.9707 + 1657.02 = 1701.99 over 279 frames.
FVP322 biins iiyam panggeu uyarnddadeu 
LOG (lattice-best-path[5.5.1139~1-67548]:main():lattice-best-path.cc:99) For utterance FVP323, best cost 31.3929 + 2866.48 = 2897.87 over 494 frames.
FVP323 ndaatxtxil tanxnxiir panjjam ndilawiyadeu 
LOG (lattice-best-path[5.5.1139~1-67548]:main():lattice-best-path.cc:99) For utterance FVP324, best cost 30.3245 + 2248.99 = 2279.31 over 387 frames.
FVP324 panjjaayatteu wazhakkeu mudxiweukkeu wanddadeu 
LOG (lattice-best-path[5.5.1139~1-67548]:main():lattice-best-path.cc:99) For utterance FVP325, best cost 27.3118 + 2177.53 = 2204.84 over 374 frames.
FVP325 panjjeu nderuppil karugiyadeu 
LOG (lattice-best-path[5.5.1139~1-67548]:main():lattice-best-path.cc:99) For utterance FVP326, best cost 81.4391 + 2515.11 = 2596.55 over 438 frames.
FVP326 pazham kuudxi maarc kal kanrxeu seyalpadxeu 
LOG (lattice-best-path[5.5.1139~1-67548]:main():lattice-best-path.cc:99) For utterance FVP327, best cost 30.0085 + 2463.26 = 2493.27 over 412 frames.
FVP327 kaalai bajanai migawum pirabalam 
LOG (lattice-best-path[5.5.1139~1-67548]:main():lattice-best-path.cc:99) For utterance FVP328, best cost 72.9697 + 2193.96 = 2266.93 over 373 frames.
FVP328 indda raajaa endda paar sey pidxi ndam 
LOG (lattice-best-path[5.5.1139~1-67548]:main():lattice-best-path.cc:99) For utterance FVP329, best cost 23.6084 + 1865.69 = 1889.29 over 317 frames.
FVP329 en purusxan balasaali 
LOG (lattice-best-path[5.5.1139~1-67548]:main():lattice-best-path.cc:99) For utterance FVP330, best cost 48.7511 + 2315.24 = 2363.99 over 400 frames.
FVP330 muulxai seyal uuril puugambam 
LOG (lattice-best-path[5.5.1139~1-67548]:main():lattice-best-path.cc:99) For utterance FVP331, best cost 55.7081 + 1715.88 = 1771.59 over 287 frames.
FVP331 pooraay anjjal manx banddam 
LOG (lattice-best-path[5.5.1139~1-67548]:main():lattice-best-path.cc:99) For utterance FVP332, best cost 24.8777 + 1902.88 = 1927.76 over 324 frames.
FVP332 inrxeu puujaiyil kalanddeu kolx 
LOG (lattice-best-path[5.5.1139~1-67548]:main():lattice-best-path.cc:99) For utterance FVP333, best cost 25.204 + 1840.91 = 1866.12 over 315 frames.
FVP333 pon porulx paartteu pazhagaadee 
LOG (lattice-best-path[5.5.1139~1-67548]:main():lattice-best-path.cc:99) For utterance FVP334, best cost 26.846 + 1909.61 = 1936.46 over 327 frames.
FVP334 un mugam poliwaaga ulxlxadeu 
LOG (lattice-best-path[5.5.1139~1-67548]:main():lattice-best-path.cc:99) For utterance FVP335, best cost 23.0074 + 1944.51 = 1967.52 over 342 frames.
FVP335 petxtxiyai kiizhee poodxeu 
LOG (lattice-best-path[5.5.1139~1-67548]:main():lattice-best-path.cc:99) For utterance FVP336, best cost 21.7242 + 1461.47 = 1483.19 over 252 frames.
FVP336 pooliyaana waazhkkai tawir 
LOG (lattice-best-path[5.5.1139~1-67548]:main():lattice-best-path.cc:99) For utterance FVP337, best cost 36.7847 + 2167.61 = 2204.39 over 368 frames.
FVP337 ndaatxtxil poosxaakkaana unxaweu 
LOG (lattice-best-path[5.5.1139~1-67548]:main():lattice-best-path.cc:99) For utterance FVP338, best cost 26.5455 + 2082.77 = 2109.31 over 353 frames.
FVP338 elumbeu majjai waliyadeu 
LOG (lattice-best-path[5.5.1139~1-67548]:main():lattice-best-path.cc:99) For utterance FVP339, best cost 21.8678 + 1801.68 = 1823.54 over 319 frames.
FVP339 etxtxeukkaali oreu puucci 
LOG (lattice-best-path[5.5.1139~1-67548]:main():lattice-best-path.cc:99) For utterance FVP340, best cost 73.0382 + 2528 = 2601.04 over 427 frames.
FVP340 waasanai maadattil ammaa biins widxiyum 
LOG (lattice-best-path[5.5.1139~1-67548]:main():lattice-best-path.cc:99) For utterance FVP341, best cost 22.8956 + 1486.36 = 1509.25 over 261 frames.
FVP341 miin kanxnxeukkeu ndalladeu 
LOG (lattice-best-path[5.5.1139~1-67548]:main():lattice-best-path.cc:99) For utterance FVP342, best cost 23.2422 + 1718.55 = 1741.8 over 296 frames.
FVP342 muulxai illaadawan mutxtxaalx 
LOG (lattice-best-path[5.5.1139~1-67548]:main():lattice-best-path.cc:99) For utterance FVP343, best cost 29.8541 + 2145.33 = 2175.18 over 367 frames.
FVP343 tozhilil muuladanam poodxa weenxdxum 
LOG (lattice-best-path[5.5.1139~1-67548]:main():lattice-best-path.cc:99) For utterance FVP344, best cost 54.2047 + 1752.6 = 1806.8 over 303 frames.
FVP344 widiyai muulaiyil eezhai ndil 
LOG (lattice-best-path[5.5.1139~1-67548]:main():lattice-best-path.cc:99) For utterance FVP345, best cost 27.2535 + 1937.85 = 1965.1 over 328 frames.
FVP345 indda maiyanggalx enggeu ulxlxadeu 
LOG (lattice-best-path[5.5.1139~1-67548]:main():lattice-best-path.cc:99) For utterance FVP346, best cost 22.18 + 1349.43 = 1371.61 over 224 frames.
FVP346 makkalx raajjiyam weenxdxum 
LOG (lattice-best-path[5.5.1139~1-67548]:main():lattice-best-path.cc:99) For utterance FVP347, best cost 24.2018 + 1798.41 = 1822.62 over 305 frames.
FVP347 risxikkeu roosxam adigam 
LOG (lattice-best-path[5.5.1139~1-67548]:main():lattice-best-path.cc:99) For utterance FVP348, best cost 21.5793 + 1467.42 = 1489 over 248 frames.
FVP348 lajjai enrxaal wekkam 
LOG (lattice-best-path[5.5.1139~1-67548]:main():lattice-best-path.cc:99) For utterance FVP349, best cost 23.9534 + 1830.45 = 1854.41 over 325 frames.
FVP349 tuukkam udxaleukkeu ndalladeu 
LOG (lattice-best-path[5.5.1139~1-67548]:main():lattice-best-path.cc:99) For utterance FVP350, best cost 32.4579 + 2615.38 = 2647.83 over 451 frames.
FVP350 laksxmi muga laksxanxam ulxlxa penx 
LOG (lattice-best-path[5.5.1139~1-67548]:main():lattice-best-path.cc:99) For utterance FVP351, best cost 28.0056 + 2151.07 = 2179.07 over 364 frames.
FVP351 widxaa muyarxci walxarcci tarum 
LOG (lattice-best-path[5.5.1139~1-67548]:main():lattice-best-path.cc:99) For utterance FVP352, best cost 24.0445 + 1754.82 = 1778.86 over 310 frames.
FVP352 wiitxtxil wiseesxam unxdxeu 
LOG (lattice-best-path[5.5.1139~1-67548]:main():lattice-best-path.cc:99) For utterance FVP353, best cost 23.3682 + 2194.31 = 2217.68 over 394 frames.
FVP353 wandda wisxayattaik kuurxeu 
LOG (lattice-best-path[5.5.1139~1-67548]:main():lattice-best-path.cc:99) For utterance FVP354, best cost 52.6632 + 2429.3 = 2481.96 over 429 frames.
FVP354 en wiidi tii wazhiyaaga sellum peerunddeu 
LOG (lattice-best-path[5.5.1139~1-67548]:main():lattice-best-path.cc:99) For utterance FVP355, best cost 25.7404 + 1938.71 = 1964.45 over 344 frames.
FVP355 jadxai pinni weesxam poodxeu 
LOG (lattice-best-path[5.5.1139~1-67548]:main():lattice-best-path.cc:99) For utterance FVP356, best cost 35.2005 + 1793.43 = 1828.63 over 284 frames.
FVP356 janawari mudal ndaanxam 
LOG (lattice-best-path[5.5.1139~1-67548]:main():lattice-best-path.cc:99) For utterance FVP357, best cost 20.5986 + 1341.61 = 1362.21 over 204 frames.
FVP357 janamee ndam balam 
LOG (lattice-best-path[5.5.1139~1-67548]:main():lattice-best-path.cc:99) For utterance FVP358, best cost 33.7529 + 1582.79 = 1616.54 over 247 frames.
FVP358 ndaatxtxil illaiyadxi paappaa 
LOG (lattice-best-path[5.5.1139~1-67548]:main():lattice-best-path.cc:99) For utterance FVP359, best cost 24.6523 + 1801.13 = 1825.78 over 279 frames.
FVP359 waay jaalam kaatxtxum manidan 
LOG (lattice-best-path[5.5.1139~1-67548]:main():lattice-best-path.cc:99) For utterance FVP360, best cost 32.7736 + 1476.01 = 1508.78 over 234 frames.
FVP360 jalam poodxa weenxdxaam 
LOG (lattice-best-path[5.5.1139~1-67548]:main():lattice-best-path.cc:99) For utterance FVP361, best cost 20.3548 + 1631.45 = 1651.8 over 273 frames.
FVP361 ajiiranxak koolxaarxeu 
LOG (lattice-best-path[5.5.1139~1-67548]:main():lattice-best-path.cc:99) For utterance FVP362, best cost 58.9563 + 2489.13 = 2548.08 over 410 frames.
FVP362 hastam parxanddadeu kanjji jeyanddi 
LOG (lattice-best-path[5.5.1139~1-67548]:main():lattice-best-path.cc:99) For utterance FVP363, best cost 28.0998 + 2238.35 = 2266.45 over 372 frames.
FVP363 ndiinggalx sxeemamaaga irunggalx 
LOG (lattice-best-path[5.5.1139~1-67548]:main():lattice-best-path.cc:99) For utterance FVP364, best cost 22.1927 + 1981.8 = 2003.99 over 340 frames.
FVP364 togudi hetx sanddippeu 
LOG (lattice-best-path[5.5.1139~1-67548]:main():lattice-best-path.cc:99) For utterance FVP365, best cost 50.5662 + 1851.98 = 1902.55 over 306 frames.
FVP365 inggee alla walxarcci ndaatxtxeu walxarcci 
LOG (lattice-best-path[5.5.1139~1-67548]:main():lattice-best-path.cc:99) For utterance MAK293, best cost 28.3229 + 2136.4 = 2164.72 over 371 frames.
MAK293 guruwai sisxyan wanxangginaan 
LOG (lattice-best-path[5.5.1139~1-67548]:main():lattice-best-path.cc:99) For utterance MAK294, best cost 25.6652 + 1989.57 = 2015.23 over 332 frames.
MAK294 siikkiram eerxpaadxeu sey 
LOG (lattice-best-path[5.5.1139~1-67548]:main():lattice-best-path.cc:99) For utterance MAK295, best cost 36.3933 + 1840.73 = 1877.13 over 305 frames.
MAK295 seyyum paambai ndambaadee 
LOG (lattice-best-path[5.5.1139~1-67548]:main():lattice-best-path.cc:99) For utterance MAK296, best cost 34.6978 + 2958.37 = 2993.07 over 493 frames.
MAK296 iratxtxai suzhi sirxuwan seetxtxai seywaan 
LOG (lattice-best-path[5.5.1139~1-67548]:main():lattice-best-path.cc:99) For utterance MAK297, best cost 50.6802 + 2386.57 = 2437.25 over 392 frames.
MAK297 poodum enrxa marunddeu seyalpadxeu 
LOG (lattice-best-path[5.5.1139~1-67548]:main():lattice-best-path.cc:99) For utterance MAK298, best cost 56.1302 + 1598.09 = 1654.22 over 274 frames.
MAK298 siwappeu taagam ndiir idxam 
LOG (lattice-best-path[5.5.1139~1-67548]:main():lattice-best-path.cc:99) For utterance MAK299, best cost 24.7112 + 1892.4 = 1917.11 over 315 frames.
MAK299 kaalxi suulam eenddinaan 
LOG (lattice-best-path[5.5.1139~1-67548]:main():lattice-best-path.cc:99) For utterance MAK300, best cost 33.6635 + 3131.88 = 3165.55 over 510 frames.
MAK300 sutxrxeu suuzhal sugaadaaram pinpatxrxeu 
LOG (lattice-best-path[5.5.1139~1-67548]:main():lattice-best-path.cc:99) For utterance MAK301, best cost 61.4645 + 2253.91 = 2315.38 over 375 frames.
MAK301 eelakkaay kuuwum ezheu pozhudeu widxiyum 
LOG (lattice-best-path[5.5.1139~1-67548]:main():lattice-best-path.cc:99) For utterance MAK302, best cost 61.7839 + 2740.95 = 2802.74 over 452 frames.
MAK302 enakkeu ndam paagam marxadi unxdxeu 
LOG (lattice-best-path[5.5.1139~1-67548]:main():lattice-best-path.cc:99) For utterance MAK303, best cost 51.2289 + 2342.07 = 2393.3 over 390 frames.
MAK303 ndaay idxeu widxumurxai kadxai adxaippeu 
LOG (lattice-best-path[5.5.1139~1-67548]:main():lattice-best-path.cc:99) For utterance MAK304, best cost 34.9278 + 2898.76 = 2933.69 over 481 frames.
MAK304 tanggalx udxaimai miideu gawanam selutteu 
LOG (lattice-best-path[5.5.1139~1-67548]:main():lattice-best-path.cc:99) For utterance MAK305, best cost 79.1881 + 3017.02 = 3096.21 over 506 frames.
MAK305 kadambam agal ndadxitteuk kaatxtxa ndaanxam teewai 
LOG (lattice-best-path[5.5.1139~1-67548]:main():lattice-best-path.cc:99) For utterance MAK306, best cost 54.5597 + 2347.08 = 2401.64 over 401 frames.
MAK306 iiyam mudxiyum tii wibatteu ndadxanddadeu 
LOG (lattice-best-path[5.5.1139~1-67548]:main():lattice-best-path.cc:99) For utterance MAK307, best cost 28.4544 + 1977.19 = 2005.65 over 329 frames.
MAK307 un seyaleukkeut tiirweu kaanxeu 
LOG (lattice-best-path[5.5.1139~1-67548]:main():lattice-best-path.cc:99) For utterance MAK308, best cost 23.43 + 1724.75 = 1748.18 over 277 frames.
MAK308 malar tuuwi waazhtteu 
LOG (lattice-best-path[5.5.1139~1-67548]:main():lattice-best-path.cc:99) For utterance MAK309, best cost 27.9161 + 2224.35 = 2252.27 over 369 frames.
MAK309 iranxdxeu pal puunxdxeu ndalladeu 
LOG (lattice-best-path[5.5.1139~1-67548]:main():lattice-best-path.cc:99) For utterance MAK310, best cost 51.7622 + 2108.45 = 2160.21 over 361 frames.
MAK310 purusxan pozhudeu seyal seywaan 
LOG (lattice-best-path[5.5.1139~1-67548]:main():lattice-best-path.cc:99) For utterance MAK311, best cost 70.7385 + 3199.48 = 3270.22 over 538 frames.
MAK311 koolxaarxeu pooliyaana paar tolai duuram parxanddadeu 
LOG (lattice-best-path[5.5.1139~1-67548]:main():lattice-best-path.cc:99) For utterance MAK312, best cost 36.5958 + 2768.14 = 2804.74 over 464 frames.
MAK312 manjjalx tuulx maruttuwa gunxam ndirxainddadeu 
LOG (lattice-best-path[5.5.1139~1-67548]:main():lattice-best-path.cc:99) For utterance MAK313, best cost 27.4745 + 1984.15 = 2011.62 over 345 frames.
MAK313 kutxtxaiyil tanxnxiir teenggiyadeu 
LOG (lattice-best-path[5.5.1139~1-67548]:main():lattice-best-path.cc:99) For utterance MAK314, best cost 27.7448 + 1990.37 = 2018.11 over 327 frames.
MAK314 toonrxiya pugazhin toonrxuga 
LOG (lattice-best-path[5.5.1139~1-67548]:main():lattice-best-path.cc:99) For utterance MAK315, best cost 27.9605 + 2429.24 = 2457.2 over 394 frames.
MAK315 toosxattirxkeu parigaaram sey 
LOG (lattice-best-path[5.5.1139~1-67548]:main():lattice-best-path.cc:99) For utterance MAK316, best cost 31.2344 + 2396.95 = 2428.18 over 377 frames.
MAK316 ndacceup pugai oosoonai baadikkum 
LOG (lattice-best-path[5.5.1139~1-67548]:main():lattice-best-path.cc:99) For utterance MAK317, best cost 25.4669 + 1824.02 = 1849.48 over 314 frames.
MAK317 paambin ndanjjeu kodxiyadeu 
LOG (lattice-best-path[5.5.1139~1-67548]:main():lattice-best-path.cc:99) For utterance MAK318, best cost 22.2554 + 1514.19 = 1536.44 over 267 frames.
MAK318 inrxeu mazhai ndiidxikkum 
LOG (lattice-best-path[5.5.1139~1-67548]:main():lattice-best-path.cc:99) For utterance MAK319, best cost 24.3557 + 1567.14 = 1591.5 over 273 frames.
MAK319 saalaiyil ndiir ndirambiyadeu 
LOG (lattice-best-path[5.5.1139~1-67548]:main():lattice-best-path.cc:99) For utterance MAK320, best cost 44.4624 + 1755.5 = 1799.96 over 293 frames.
MAK320 pagal adeu oreu ndaadxeu 
LOG (lattice-best-path[5.5.1139~1-67548]:main():lattice-best-path.cc:99) For utterance MAK321, best cost 29.4833 + 2402.47 = 2431.96 over 411 frames.
MAK321 een ippadxi ndoonjjaanaaga ireukkaan 
LOG (lattice-best-path[5.5.1139~1-67548]:main():lattice-best-path.cc:99) For utterance MAK322, best cost 36.1242 + 1762.38 = 1798.51 over 310 frames.
MAK322 deesiya panggeu sirxanddadeu 
LOG (lattice-best-path[5.5.1139~1-67548]:main():lattice-best-path.cc:99) For utterance MAK323, best cost 32.673 + 2406.44 = 2439.11 over 411 frames.
MAK323 ndaatxtxil tanxnxiir panjjam ndilawiyadeu 
LOG (lattice-best-path[5.5.1139~1-67548]:main():lattice-best-path.cc:99) For utterance MAK324, best cost 35.5767 + 2962.8 = 2998.38 over 494 frames.
MAK324 panjjaayatteu wazhakkeu mudxiweukkeu wanddadeu 
LOG (lattice-best-path[5.5.1139~1-67548]:main():lattice-best-path.cc:99) For utterance MAK325, best cost 27.4164 + 1895.2 = 1922.62 over 325 frames.
MAK325 panjjeu nderuppil karugiyadeu 
LOG (lattice-best-path[5.5.1139~1-67548]:main():lattice-best-path.cc:99) For utterance MAK326, best cost 51.1738 + 2265.77 = 2316.94 over 374 frames.
MAK326 pazhanggudxi makkalx paambeu sirxappeu 
LOG (lattice-best-path[5.5.1139~1-67548]:main():lattice-best-path.cc:99) For utterance MAK327, best cost 41.6959 + 2252.56 = 2294.26 over 375 frames.
MAK327 kaalai bajanai migawum pambaram 
LOG (lattice-best-path[5.5.1139~1-67548]:main():lattice-best-path.cc:99) For utterance MAK328, best cost 31.5933 + 2586.54 = 2618.13 over 431 frames.
MAK328 indda raajaa endda baasxai peesinaar 
LOG (lattice-best-path[5.5.1139~1-67548]:main():lattice-best-path.cc:99) For utterance MAK329, best cost 24.6945 + 1838.65 = 1863.34 over 305 frames.
MAK329 en purusxan balasaali 
LOG (lattice-best-path[5.5.1139~1-67548]:main():lattice-best-path.cc:99) For utterance MAK330, best cost 51.2054 + 2349.18 = 2400.39 over 387 frames.
MAK330 puunai sirxeu uuril puugambam 
LOG (lattice-best-path[5.5.1139~1-67548]:main():lattice-best-path.cc:99) For utterance MAK331, best cost 35.64 + 1737.14 = 1772.78 over 298 frames.
MAK331 poodxa jenma banddam 
LOG (lattice-best-path[5.5.1139~1-67548]:main():lattice-best-path.cc:99) For utterance MAK332, best cost 30.0594 + 2654.52 = 2684.58 over 449 frames.
MAK332 inrxeu puujaiyil kalanddeu kolx 
LOG (lattice-best-path[5.5.1139~1-67548]:main():lattice-best-path.cc:99) For utterance MAK333, best cost 28.18 + 2182.62 = 2210.8 over 368 frames.
MAK333 pon porulx paartteu pazhagaadee 
LOG (lattice-best-path[5.5.1139~1-67548]:main():lattice-best-path.cc:99) For utterance MAK334, best cost 30.6286 + 2402.2 = 2432.82 over 414 frames.
MAK334 un mugam poliwaaga ulxlxadeu 
LOG (lattice-best-path[5.5.1139~1-67548]:main():lattice-best-path.cc:99) For utterance MAK335, best cost 23.396 + 1845.41 = 1868.81 over 314 frames.
MAK335 petxtxiyai kiizhee poodxeu 
LOG (lattice-best-path[5.5.1139~1-67548]:main():lattice-best-path.cc:99) For utterance MAK336, best cost 28.3608 + 2408.27 = 2436.63 over 417 frames.
MAK336 pooliyaana waazhkkai tawir 
LOG (lattice-best-path[5.5.1139~1-67548]:main():lattice-best-path.cc:99) For utterance MAK337, best cost 37.559 + 2121.89 = 2159.45 over 365 frames.
MAK337 kadai poosxaakkaana unxaweu 
LOG (lattice-best-path[5.5.1139~1-67548]:main():lattice-best-path.cc:99) For utterance MAK338, best cost 24.8549 + 1614.72 = 1639.57 over 272 frames.
MAK338 elumbeu majjai waliyadeu 
LOG (lattice-best-path[5.5.1139~1-67548]:main():lattice-best-path.cc:99) For utterance MAK339, best cost 65.6047 + 2251.79 = 2317.4 over 375 frames.
MAK339 eetxtxeu kalwi pozhudeu puujai ireu 
LOG (lattice-best-path[5.5.1139~1-67548]:main():lattice-best-path.cc:99) For utterance MAK340, best cost 34.8228 + 2896.59 = 2931.42 over 481 frames.
MAK340 maarc maadattil mahaawiir jeyanddi 
LOG (lattice-best-path[5.5.1139~1-67548]:main():lattice-best-path.cc:99) For utterance MAK341, best cost 34.1862 + 1407.03 = 1441.21 over 230 frames.
MAK341 biins kanxnxeukkeu ndalladeu 
LOG (lattice-best-path[5.5.1139~1-67548]:main():lattice-best-path.cc:99) For utterance MAK342, best cost 28.1926 + 2278.36 = 2306.55 over 388 frames.
MAK342 muulxai illaadawan mutxtxaalx 
LOG (lattice-best-path[5.5.1139~1-67548]:main():lattice-best-path.cc:99) For utterance MAK343, best cost 55.8071 + 2557.16 = 2612.97 over 401 frames.
MAK343 tozhilil muuladanam waanam aidiigam 
LOG (lattice-best-path[5.5.1139~1-67548]:main():lattice-best-path.cc:99) For utterance MAK344, best cost 35.5913 + 1563.91 = 1599.5 over 255 frames.
MAK344 seydanar eerxi ndil 
LOG (lattice-best-path[5.5.1139~1-67548]:main():lattice-best-path.cc:99) For utterance MAK345, best cost 25.4314 + 1634.71 = 1660.14 over 261 frames.
MAK345 indda maiyanggalx enggeu ulxlxadeu 
LOG (lattice-best-path[5.5.1139~1-67548]:main():lattice-best-path.cc:99) For utterance MAK346, best cost 25.0537 + 1494.63 = 1519.69 over 245 frames.
MAK346 makkalx raajjiyam weenxdxum 
LOG (lattice-best-path[5.5.1139~1-67548]:main():lattice-best-path.cc:99) For utterance MAK347, best cost 26.488 + 2188.39 = 2214.88 over 369 frames.
MAK347 risxikkeu roosxam adigam 
LOG (lattice-best-path[5.5.1139~1-67548]:main():lattice-best-path.cc:99) For utterance MAK348, best cost 24.3757 + 1782.9 = 1807.28 over 294 frames.
MAK348 lajjai enrxaal wekkam 
LOG (lattice-best-path[5.5.1139~1-67548]:main():lattice-best-path.cc:99) For utterance MAK349, best cost 35.6571 + 1656.75 = 1692.41 over 268 frames.
MAK349 koobam udxaleukkeu ndalladeu 
LOG (lattice-best-path[5.5.1139~1-67548]:main():lattice-best-path.cc:99) For utterance MAK350, best cost 36.1979 + 2841.88 = 2878.08 over 478 frames.
MAK350 laksxmi muga laksxanxam ulxlxa penx 
LOG (lattice-best-path[5.5.1139~1-67548]:main():lattice-best-path.cc:99) For utterance MAK351, best cost 32.1819 + 2765.31 = 2797.49 over 452 frames.
MAK351 widxaa muyarxci walxarcci tarum 
LOG (lattice-best-path[5.5.1139~1-67548]:main():lattice-best-path.cc:99) For utterance MAK352, best cost 26.1828 + 1806.09 = 1832.27 over 301 frames.
MAK352 wiitxtxil wiseesxam unxdxeu 
LOG (lattice-best-path[5.5.1139~1-67548]:main():lattice-best-path.cc:99) For utterance MAK353, best cost 46.4524 + 1714.58 = 1761.03 over 291 frames.
MAK353 wanddadeu pozhudeu oreu 
LOG (lattice-best-path[5.5.1139~1-67548]:main():lattice-best-path.cc:99) For utterance MAK354, best cost 48.3712 + 3044.78 = 3093.15 over 520 frames.
MAK354 en miideu wazhiyaaga sellum peerunddeu 
LOG (lattice-best-path[5.5.1139~1-67548]:main():lattice-best-path.cc:99) For utterance MAK355, best cost 28.5495 + 2026.04 = 2054.59 over 340 frames.
MAK355 jadxai pinni weesxam poodxeu 
LOG (lattice-best-path[5.5.1139~1-67548]:main():lattice-best-path.cc:99) For utterance MAK356, best cost 26.483 + 1818.66 = 1845.14 over 307 frames.
MAK356 janawari mudal maadam 
LOG (lattice-best-path[5.5.1139~1-67548]:main():lattice-best-path.cc:99) For utterance MAK357, best cost 23.9981 + 1804.32 = 1828.32 over 314 frames.
MAK357 janamee ndam balam 
LOG (lattice-best-path[5.5.1139~1-67548]:main():lattice-best-path.cc:99) For utterance MAK358, best cost 23.9577 + 1713.92 = 1737.88 over 284 frames.
MAK358 jaadi illaiyadxi paappaa 
LOG (lattice-best-path[5.5.1139~1-67548]:main():lattice-best-path.cc:99) For utterance MAK359, best cost 27.4514 + 2001.55 = 2029 over 330 frames.
MAK359 waay jaalam kaatxtxum manidan 
LOG (lattice-best-path[5.5.1139~1-67548]:main():lattice-best-path.cc:99) For utterance MAK360, best cost 22.934 + 1743.86 = 1766.8 over 294 frames.
MAK360 jaalraa poodxa weenxdxaam 
LOG (lattice-best-path[5.5.1139~1-67548]:main():lattice-best-path.cc:99) For utterance MAK361, best cost 20.8407 + 1456.97 = 1477.81 over 238 frames.
MAK361 ajiiranxak koolxaarxeu 
LOG (lattice-best-path[5.5.1139~1-67548]:main():lattice-best-path.cc:99) For utterance MAK362, best cost 59.5616 + 2097.79 = 2157.35 over 327 frames.
MAK362 hastam waliyadeu kaanjjipuram teewai 
LOG (lattice-best-path[5.5.1139~1-67548]:main():lattice-best-path.cc:99) For utterance MAK363, best cost 71.1986 + 2260.75 = 2331.95 over 389 frames.
MAK363 tinggalx seyal ndam agal irunggalx 
LOG (lattice-best-path[5.5.1139~1-67548]:main():lattice-best-path.cc:99) For utterance MAK364, best cost 45.0368 + 1798.35 = 1843.39 over 294 frames.
MAK364 ahimsai eetxtxeu sanddippeu 
LOG (lattice-best-path[5.5.1139~1-67548]:main():lattice-best-path.cc:99) For utterance MAK365, best cost 41.5339 + 2021.6 = 2063.14 over 335 frames.
MAK365 tinnaadeu walxarcci ndaatxtxeu walxarcci 
LOG (lattice-best-path[5.5.1139~1-67548]:main():lattice-best-path.cc:99) For utterance MPA293, best cost 62.8694 + 2810.78 = 2873.64 over 503 frames.
MPA293 koowil sisxyan waanam ndinaippaan 
LOG (lattice-best-path[5.5.1139~1-67548]:main():lattice-best-path.cc:99) For utterance MPA294, best cost 23.6738 + 1599.96 = 1623.63 over 272 frames.
MPA294 siikkiram eerxpaadxeu sey 
LOG (lattice-best-path[5.5.1139~1-67548]:main():lattice-best-path.cc:99) For utterance MPA295, best cost 28.2969 + 2914.89 = 2943.19 over 507 frames.
MPA295 siirxum paambai ndambaadee 
LOG (lattice-best-path[5.5.1139~1-67548]:main():lattice-best-path.cc:99) For utterance MPA296, best cost 88.2728 + 4017.01 = 4105.28 over 703 frames.
MPA296 ndirxaindda suwaril sirxuwan seetxtxai risxikkeu waal 
LOG (lattice-best-path[5.5.1139~1-67548]:main():lattice-best-path.cc:99) For utterance MPA297, best cost 62.0083 + 3111.38 = 3173.39 over 546 frames.
MPA297 suutxcamam arunddeu oreu seyalpadxeu 
LOG (lattice-best-path[5.5.1139~1-67548]:main():lattice-best-path.cc:99) For utterance MPA298, best cost 28.2115 + 2760.14 = 2788.35 over 492 frames.
MPA298 asuran tawam irunddaan 
LOG (lattice-best-path[5.5.1139~1-67548]:main():lattice-best-path.cc:99) For utterance MPA299, best cost 27.1371 + 2656.91 = 2684.05 over 475 frames.
MPA299 kaalxi suulam eenddinaan 
LOG (lattice-best-path[5.5.1139~1-67548]:main():lattice-best-path.cc:99) For utterance MPA300, best cost 47.6229 + 3582.78 = 3630.4 over 606 frames.
MPA300 sisxyan suuzhal sugaadaaram pinpatxrxeu 
LOG (lattice-best-path[5.5.1139~1-67548]:main():lattice-best-path.cc:99) For utterance MPA301, best cost 39.9465 + 4117.12 = 4157.06 over 725 frames.
MPA301 seewalin kuuwalil pozhudeu widxiyum 
LOG (lattice-best-path[5.5.1139~1-67548]:main():lattice-best-path.cc:99) For utterance MPA302, best cost 74.7652 + 3496.6 = 3571.36 over 607 frames.
MPA302 siwaneukkeu taagam pagal waliyadeu ulxlxadeu 
LOG (lattice-best-path[5.5.1139~1-67548]:main():lattice-best-path.cc:99) For utterance MPA303, best cost 75.2403 + 3433.45 = 3508.69 over 614 frames.
MPA303 ndaan ireu widxumurxai kalwiyee adxaippeu 
LOG (lattice-best-path[5.5.1139~1-67548]:main():lattice-best-path.cc:99) For utterance MPA304, best cost 57.3959 + 4755.18 = 4812.57 over 850 frames.
MPA304 tanggalx udxaimai miideu gawanam selutteu suwai 
LOG (lattice-best-path[5.5.1139~1-67548]:main():lattice-best-path.cc:99) For utterance MPA305, best cost 64.748 + 3951.44 = 4016.18 over 690 frames.
MPA305 kasxtxam agal ndadxitteuk kaatxtxa njaanam teewai 
LOG (lattice-best-path[5.5.1139~1-67548]:main():lattice-best-path.cc:99) For utterance MPA306, best cost 81.5552 + 3733.83 = 3815.39 over 670 frames.
MPA306 seyyum uur sirxeu tulxi iruppadeu ndadxanddadeu 
LOG (lattice-best-path[5.5.1139~1-67548]:main():lattice-best-path.cc:99) For utterance MPA307, best cost 67.3528 + 3727.66 = 3795.02 over 670 frames.
MPA307 uuril tirxanddeu uunam tiirweu kaanxeu 
LOG (lattice-best-path[5.5.1139~1-67548]:main():lattice-best-path.cc:99) For utterance MPA308, best cost 49.4359 + 2542.98 = 2592.42 over 459 frames.
MPA308 manxal suwai paartteu 
LOG (lattice-best-path[5.5.1139~1-67548]:main():lattice-best-path.cc:99) For utterance MPA309, best cost 66.8685 + 2752.52 = 2819.39 over 490 frames.
MPA309 en enrxeu pal toonrxiya ndalladeu 
LOG (lattice-best-path[5.5.1139~1-67548]:main():lattice-best-path.cc:99) For utterance MPA310, best cost 49.2553 + 3016.93 = 3066.19 over 534 frames.
MPA310 maarc tusxtxan tusxtxa seyal seywaan 
LOG (lattice-best-path[5.5.1139~1-67548]:main():lattice-best-path.cc:99) For utterance MPA311, best cost 83.9447 + 4262.36 = 4346.3 over 746 frames.
MPA311 pooliyaana toonrxiya anuppa tolai suulam parxanddadeu 
LOG (lattice-best-path[5.5.1139~1-67548]:main():lattice-best-path.cc:99) For utterance MPA312, best cost 38.5243 + 3461.56 = 3500.09 over 599 frames.
MPA312 manjjalx tuulx maruttuwa gunxam ndirxainddadeu 
LOG (lattice-best-path[5.5.1139~1-67548]:main():lattice-best-path.cc:99) For utterance MPA313, best cost 30.9041 + 2774.15 = 2805.06 over 482 frames.
MPA313 kutxtxaiyil tanxnxiir teenggiyadeu 
LOG (lattice-best-path[5.5.1139~1-67548]:main():lattice-best-path.cc:99) For utterance MPA314, best cost 51.2955 + 2625.53 = 2676.83 over 459 frames.
MPA314 toonxdxiyadeu mugattil toonrxuga 
LOG (lattice-best-path[5.5.1139~1-67548]:main():lattice-best-path.cc:99) For utterance MPA315, best cost 85.1353 + 3456.25 = 3541.38 over 609 frames.
MPA315 toosxattirxkeu urai palxlxiyil njaalam tawam sey 
LOG (lattice-best-path[5.5.1139~1-67548]:main():lattice-best-path.cc:99) For utterance MPA316, best cost 88.9421 + 3658.25 = 3747.19 over 627 frames.
MPA316 waitteuk pugai uunam suzhi paartteu ooram 
LOG (lattice-best-path[5.5.1139~1-67548]:main():lattice-best-path.cc:99) For utterance MPA317, best cost 48.8072 + 2502.1 = 2550.91 over 449 frames.
MPA317 paambin alxanddeu kodxiyadeu 
LOG (lattice-best-path[5.5.1139~1-67548]:main():lattice-best-path.cc:99) For utterance MPA318, best cost 27.332 + 2688.54 = 2715.87 over 475 frames.
MPA318 inrxeu mazhai ndiidxikkum 
LOG (lattice-best-path[5.5.1139~1-67548]:main():lattice-best-path.cc:99) For utterance MPA319, best cost 62.0355 + 2853.17 = 2915.21 over 505 frames.
MPA319 saalaiyil sirxeu illaiyadxi eenddeu 
LOG (lattice-best-path[5.5.1139~1-67548]:main():lattice-best-path.cc:99) For utterance MPA320, best cost 57.9893 + 2817.55 = 2875.54 over 497 frames.
MPA320 unggalx raajjiyam oreu todxeu 
LOG (lattice-best-path[5.5.1139~1-67548]:main():lattice-best-path.cc:99) For utterance MPA321, best cost 36.2001 + 3542.9 = 3579.1 over 619 frames.
MPA321 een ippadxi ndoonjjaanaaga ireukkaan 
LOG (lattice-best-path[5.5.1139~1-67548]:main():lattice-best-path.cc:99) For utterance MPA322, best cost 42.3924 + 2615.3 = 2657.7 over 463 frames.
MPA322 seluttinar panggeu uyarnddadeu 
LOG (lattice-best-path[5.5.1139~1-67548]:main():lattice-best-path.cc:99) For utterance MPA323, best cost 39.0617 + 3708.42 = 3747.48 over 670 frames.
MPA323 ndaatxtxil tanxnxiir panjjam ndilawiyadeu 
LOG (lattice-best-path[5.5.1139~1-67548]:main():lattice-best-path.cc:99) For utterance MPA324, best cost 37.9121 + 3755.57 = 3793.48 over 652 frames.
MPA324 panjjaayatteu wazhakkeu mudxiweukkeu wanddadeu 
LOG (lattice-best-path[5.5.1139~1-67548]:main():lattice-best-path.cc:99) For utterance MPA325, best cost 31.0484 + 2889.34 = 2920.39 over 502 frames.
MPA325 panjjeu nderuppil karugiyadeu 
LOG (lattice-best-path[5.5.1139~1-67548]:main():lattice-best-path.cc:99) For utterance MPA326, best cost 54.7023 + 2959.22 = 3013.92 over 513 frames.
MPA326 pazhanggudxi makkalx kambeuk sirxappeu 
LOG (lattice-best-path[5.5.1139~1-67548]:main():lattice-best-path.cc:99) For utterance MPA327, best cost 46.5823 + 3275.28 = 3321.86 over 568 frames.
MPA327 kaasxmiir bajanai migawum pirabalam 
LOG (lattice-best-path[5.5.1139~1-67548]:main():lattice-best-path.cc:99) For utterance MPA328, best cost 88.7316 + 3458.91 = 3547.65 over 601 frames.
MPA328 inrxeu sanddoosxamaaga tirxanddeu ambalam sey eenddinaan 
LOG (lattice-best-path[5.5.1139~1-67548]:main():lattice-best-path.cc:99) For utterance MPA329, best cost 55.0807 + 2686.87 = 2741.95 over 457 frames.
MPA329 ezhil sutxrxeu suuzhal parxanddadeu 
LOG (lattice-best-path[5.5.1139~1-67548]:main():lattice-best-path.cc:99) For utterance MPA330, best cost 66.6539 + 3289.91 = 3356.56 over 566 frames.
MPA330 puurwa ndari tozhil uuril puugambam 
LOG (lattice-best-path[5.5.1139~1-67548]:main():lattice-best-path.cc:99) For utterance MPA331, best cost 27.4684 + 3030.63 = 3058.1 over 541 frames.
MPA331 puurwa jenma banddam 
LOG (lattice-best-path[5.5.1139~1-67548]:main():lattice-best-path.cc:99) For utterance MPA332, best cost 39.6809 + 2363.98 = 2403.66 over 400 frames.
MPA332 inrxeu puujaiyil kalanddeu kulxi 
LOG (lattice-best-path[5.5.1139~1-67548]:main():lattice-best-path.cc:99) For utterance MPA333, best cost 30.5265 + 2944.56 = 2975.09 over 492 frames.
MPA333 pon porulx paartteu pazhagaadee 
LOG (lattice-best-path[5.5.1139~1-67548]:main():lattice-best-path.cc:99) For utterance MPA334, best cost 30.989 + 2730.37 = 2761.36 over 469 frames.
MPA334 un mugam poliwaaga ulxlxadeu 
LOG (lattice-best-path[5.5.1139~1-67548]:main():lattice-best-path.cc:99) For utterance MPA335, best cost 26.9673 + 2058.53 = 2085.5 over 357 frames.
MPA335 petxtxiyai kiizhee poodxeu 
LOG (lattice-best-path[5.5.1139~1-67548]:main():lattice-best-path.cc:99) For utterance MPA336, best cost 26.5926 + 2358.45 = 2385.04 over 405 frames.
MPA336 pooliyaana waazhkkai tawir 
LOG (lattice-best-path[5.5.1139~1-67548]:main():lattice-best-path.cc:99) For utterance MPA337, best cost 43.7451 + 2862.65 = 2906.4 over 504 frames.
MPA337 waaynddadeu poosxaakkaana unxaweu 
LOG (lattice-best-path[5.5.1139~1-67548]:main():lattice-best-path.cc:99) For utterance MPA338, best cost 50.1353 + 2663.92 = 2714.06 over 463 frames.
MPA338 eenggum aasaiyaik waliyadeu 
LOG (lattice-best-path[5.5.1139~1-67548]:main():lattice-best-path.cc:99) For utterance MPA339, best cost 26.9236 + 2509.83 = 2536.76 over 429 frames.
MPA339 etxtxeukkaali oreu puucci 
LOG (lattice-best-path[5.5.1139~1-67548]:main():lattice-best-path.cc:99) For utterance MPA340, best cost 36.9601 + 3429.54 = 3466.5 over 576 frames.
MPA340 maarc maadattil mahaawiir jeyanddi 
LOG (lattice-best-path[5.5.1139~1-67548]:main():lattice-best-path.cc:99) For utterance MPA341, best cost 37.4358 + 1979.15 = 2016.58 over 351 frames.
MPA341 ndil kanxnxeukkeu ndalladeu 
LOG (lattice-best-path[5.5.1139~1-67548]:main():lattice-best-path.cc:99) For utterance MPA342, best cost 28.14 + 2707.85 = 2735.99 over 469 frames.
MPA342 muulxai illaadawan mutxtxaalx 
LOG (lattice-best-path[5.5.1139~1-67548]:main():lattice-best-path.cc:99) For utterance MPA343, best cost 72.1026 + 3672.34 = 3744.44 over 658 frames.
MPA343 kalwi ezhil migundda gawanam poodxa weenxdxum 
LOG (lattice-best-path[5.5.1139~1-67548]:main():lattice-best-path.cc:99) For utterance MPA344, best cost 46.9502 + 2387.17 = 2434.12 over 420 frames.
MPA344 mai sirxeu ndirxainddadeu 
LOG (lattice-best-path[5.5.1139~1-67548]:main():lattice-best-path.cc:99) For utterance MPA345, best cost 64.7602 + 3242.6 = 3307.36 over 573 frames.
MPA345 aayudam mazhai enggalx enggeu ulxlxadeu 
LOG (lattice-best-path[5.5.1139~1-67548]:main():lattice-best-path.cc:99) For utterance MPA346, best cost 51.9266 + 2865.53 = 2917.46 over 495 frames.
MPA346 maarc kal raajjiyam weenxdxum 
LOG (lattice-best-path[5.5.1139~1-67548]:main():lattice-best-path.cc:99) For utterance MPA347, best cost 65.932 + 2781.06 = 2846.99 over 472 frames.
MPA347 isxtxam pool kawasam wanxdxi koobam 
LOG (lattice-best-path[5.5.1139~1-67548]:main():lattice-best-path.cc:99) For utterance MPA348, best cost 37.3726 + 2242.28 = 2279.65 over 400 frames.
MPA348 enrxeu enrxaal wekkam 
LOG (lattice-best-path[5.5.1139~1-67548]:main():lattice-best-path.cc:99) For utterance MPA349, best cost 28.3669 + 2481.93 = 2510.3 over 429 frames.
MPA349 tuukkam udxaleukkeu ndalladeu 
LOG (lattice-best-path[5.5.1139~1-67548]:main():lattice-best-path.cc:99) For utterance MPA350, best cost 74.2633 + 3145.52 = 3219.78 over 542 frames.
MPA350 kaasxmiir mugam ellaam ndam ulxlxa penx 
LOG (lattice-best-path[5.5.1139~1-67548]:main():lattice-best-path.cc:99) For utterance MPA351, best cost 31.3041 + 2986.42 = 3017.72 over 522 frames.
MPA351 widxaa muyarxci walxarcci tarum 
LOG (lattice-best-path[5.5.1139~1-67548]:main():lattice-best-path.cc:99) For utterance MPA352, best cost 39.0645 + 2634.38 = 2673.44 over 456 frames.
MPA352 isxtxam wiseesxam unxdxeu 
LOG (lattice-best-path[5.5.1139~1-67548]:main():lattice-best-path.cc:99) For utterance MPA353, best cost 69.5274 + 2179.46 = 2248.98 over 371 frames.
MPA353 wandda ndil teriyum ireu koolxaarxeu 
LOG (lattice-best-path[5.5.1139~1-67548]:main():lattice-best-path.cc:99) For utterance MPA354, best cost 53.2633 + 3597.12 = 3650.38 over 627 frames.
MPA354 ireu wiidi wazhiyaaga sellum peerunddeu 
LOG (lattice-best-path[5.5.1139~1-67548]:main():lattice-best-path.cc:99) For utterance MPA355, best cost 71.0183 + 2756.97 = 2827.99 over 488 frames.
MPA355 tanddai penx ndil wekkam uudxagam 
LOG (lattice-best-path[5.5.1139~1-67548]:main():lattice-best-path.cc:99) For utterance MPA356, best cost 29.2431 + 2409.16 = 2438.41 over 432 frames.
MPA356 janawari mudal maadam 
LOG (lattice-best-path[5.5.1139~1-67548]:main():lattice-best-path.cc:99) For utterance MPA357, best cost 47.5103 + 2167.57 = 2215.08 over 396 frames.
MPA357 seywana miideu ndam balam 
LOG (lattice-best-path[5.5.1139~1-67548]:main():lattice-best-path.cc:99) For utterance MPA358, best cost 71.094 + 3314.22 = 3385.32 over 598 frames.
MPA358 njaalam sirxeu inrxeu idxeu paappaa 
LOG (lattice-best-path[5.5.1139~1-67548]:main():lattice-best-path.cc:99) For utterance MPA359, best cost 54.3201 + 3007.68 = 3062 over 528 frames.
MPA359 pooraay tawam kaatxtxum manidan 
LOG (lattice-best-path[5.5.1139~1-67548]:main():lattice-best-path.cc:99) For utterance MPA360, best cost 47.6954 + 2401.59 = 2449.28 over 413 frames.
MPA360 tarum muga eenggum 
LOG (lattice-best-path[5.5.1139~1-67548]:main():lattice-best-path.cc:99) For utterance MPA361, best cost 44.8517 + 1822.57 = 1867.42 over 319 frames.
MPA361 anjjal gawanam koolxaarxeu 
LOG (lattice-best-path[5.5.1139~1-67548]:main():lattice-best-path.cc:99) For utterance MPA362, best cost 85.3679 + 3679.87 = 3765.24 over 652 frames.
MPA362 pal toguppeu arunddeu ndaanjjil sirxeu tulxi 
LOG (lattice-best-path[5.5.1139~1-67548]:main():lattice-best-path.cc:99) For utterance MPA363, best cost 63.8411 + 3006.05 = 3069.89 over 535 frames.
MPA363 tinggalx selwam awasara irunggalx 
LOG (lattice-best-path[5.5.1139~1-67548]:main():lattice-best-path.cc:99) For utterance MPA364, best cost 57.8323 + 2343.82 = 2401.65 over 396 frames.
MPA364 togudi peyar tanxnxiir kuuwum 
LOG (lattice-best-path[5.5.1139~1-67548]:main():lattice-best-path.cc:99) For utterance MPA365, best cost 74.9059 + 3071.26 = 3146.17 over 533 frames.
MPA365 endda mannan ndalladeu unxaweukkeu walxarcci 
LOG (lattice-best-path[5.5.1139~1-67548]:main():lattice-best-path.cc:99) For utterance MPK293, best cost 27.7548 + 2330.78 = 2358.54 over 400 frames.
MPK293 guruwai sisxyan wanxangginaan 
LOG (lattice-best-path[5.5.1139~1-67548]:main():lattice-best-path.cc:99) For utterance MPK294, best cost 42.4481 + 2071.25 = 2113.69 over 350 frames.
MPK294 siikkiram keetxpadeu sey 
LOG (lattice-best-path[5.5.1139~1-67548]:main():lattice-best-path.cc:99) For utterance MPK295, best cost 45.5402 + 2187.3 = 2232.84 over 361 frames.
MPK295 siikkiram arunddeu amaraadee 
LOG (lattice-best-path[5.5.1139~1-67548]:main():lattice-best-path.cc:99) For utterance MPK296, best cost 75.8713 + 2731.02 = 2806.89 over 459 frames.
MPK296 eerikkeu izhuppadeu selutteu seyyum awan 
LOG (lattice-best-path[5.5.1139~1-67548]:main():lattice-best-path.cc:99) For utterance MPK297, best cost 27.2799 + 2428.59 = 2455.87 over 417 frames.
MPK297 suutxcamam arxinddeu seyalpadxeu 
LOG (lattice-best-path[5.5.1139~1-67548]:main():lattice-best-path.cc:99) For utterance MPK298, best cost 43.1541 + 1728.94 = 1772.1 over 296 frames.
MPK298 asuran saarxeu idxam 
LOG (lattice-best-path[5.5.1139~1-67548]:main():lattice-best-path.cc:99) For utterance MPK299, best cost 44.0774 + 1920.91 = 1964.99 over 333 frames.
MPK299 saalaiyil suwaril eenddinaan 
LOG (lattice-best-path[5.5.1139~1-67548]:main():lattice-best-path.cc:99) For utterance MPK300, best cost 74.2044 + 2736.2 = 2810.41 over 464 frames.
MPK300 selutteu suwaril suwaril karam pinpatxrxeu 
LOG (lattice-best-path[5.5.1139~1-67548]:main():lattice-best-path.cc:99) For utterance MPK301, best cost 57.7589 + 2318.08 = 2375.84 over 402 frames.
MPK301 sirxeu kuudxi koodxi iiyam 
LOG (lattice-best-path[5.5.1139~1-67548]:main():lattice-best-path.cc:99) For utterance MPK302, best cost 28.2622 + 2444.59 = 2472.85 over 410 frames.
MPK302 enakkeu njaabaga marxadi unxdxeu 
LOG (lattice-best-path[5.5.1139~1-67548]:main():lattice-best-path.cc:99) For utterance MPK303, best cost 47.3165 + 2348.28 = 2395.6 over 409 frames.
MPK303 saalaiyil mai kadxai adxaippeu 
LOG (lattice-best-path[5.5.1139~1-67548]:main():lattice-best-path.cc:99) For utterance MPK304, best cost 70.7844 + 2745.27 = 2816.06 over 459 frames.
MPK304 tanggam otxrxumaiyee wiidxeu arxinddeu selutteu 
LOG (lattice-best-path[5.5.1139~1-67548]:main():lattice-best-path.cc:99) For utterance MPK305, best cost 69.1391 + 3293.69 = 3362.83 over 558 frames.
MPK305 paartteu waa manxal ndadxitteuk kaatxtxa njaanam teewai 
LOG (lattice-best-path[5.5.1139~1-67548]:main():lattice-best-path.cc:99) For utterance MPK306, best cost 69.2594 + 2554.21 = 2623.47 over 452 frames.
MPK306 tii puucci sirxuwar alxaweukkeu arunddeu 
LOG (lattice-best-path[5.5.1139~1-67548]:main():lattice-best-path.cc:99) For utterance MPK307, best cost 27.974 + 2216.16 = 2244.13 over 376 frames.
MPK307 un seyaleukkeut tiirweu kaanxeu 
LOG (lattice-best-path[5.5.1139~1-67548]:main():lattice-best-path.cc:99) For utterance MPK308, best cost 48.3974 + 1965.6 = 2014 over 346 frames.
MPK308 maadattil olxi paartteu 
LOG (lattice-best-path[5.5.1139~1-67548]:main():lattice-best-path.cc:99) For utterance MPK309, best cost 39.6765 + 2329.72 = 2369.4 over 390 frames.
MPK309 idxam pal puunxdxeu ndalladeu 
LOG (lattice-best-path[5.5.1139~1-67548]:main():lattice-best-path.cc:99) For utterance MPK310, best cost 28.3866 + 2205.87 = 2234.26 over 366 frames.
MPK310 tusxtxan tusxtxa seyal seywaan 
LOG (lattice-best-path[5.5.1139~1-67548]:main():lattice-best-path.cc:99) For utterance MPK311, best cost 57.8501 + 3145.86 = 3203.71 over 535 frames.
MPK311 pooraay suudxeu anuppa tolai duuram parxanddadeu 
LOG (lattice-best-path[5.5.1139~1-67548]:main():lattice-best-path.cc:99) For utterance MPK312, best cost 62.7416 + 2445.86 = 2508.6 over 416 frames.
MPK312 anjjal tozhil pappadxam gunxam ndirxainddadeu 
LOG (lattice-best-path[5.5.1139~1-67548]:main():lattice-best-path.cc:99) For utterance MPK313, best cost 29.4189 + 2360.6 = 2390.02 over 418 frames.
MPK313 kutxtxaiyil tanxnxiir teenggiyadeu 
LOG (lattice-best-path[5.5.1139~1-67548]:main():lattice-best-path.cc:99) For utterance MPK314, best cost 36.8461 + 1875.85 = 1912.69 over 318 frames.
MPK314 toonrxiya kuzhi toonxdxiyadeu 
LOG (lattice-best-path[5.5.1139~1-67548]:main():lattice-best-path.cc:99) For utterance MPK315, best cost 26.8215 + 2093.2 = 2120.02 over 349 frames.
MPK315 toosxattirxkeu parigaaram sey 
LOG (lattice-best-path[5.5.1139~1-67548]:main():lattice-best-path.cc:99) For utterance MPK316, best cost 66.7364 + 2305.33 = 2372.06 over 392 frames.
MPK316 isxtxam pozhudeu oreu seyyum aayudam 
LOG (lattice-best-path[5.5.1139~1-67548]:main():lattice-best-path.cc:99) For utterance MPK317, best cost 45.8213 + 1901.13 = 1946.96 over 332 frames.
MPK317 paambin kanjji kodxiyadeu 
LOG (lattice-best-path[5.5.1139~1-67548]:main():lattice-best-path.cc:99) For utterance MPK318, best cost 33.4392 + 1861.87 = 1895.31 over 332 frames.
MPK318 inrxeu mazhai inikkum 
LOG (lattice-best-path[5.5.1139~1-67548]:main():lattice-best-path.cc:99) For utterance MPK319, best cost 45.9816 + 2173.57 = 2219.55 over 383 frames.
MPK319 aadxaiyil biins ndirxainddadeu 
LOG (lattice-best-path[5.5.1139~1-67548]:main():lattice-best-path.cc:99) For utterance MPK320, best cost 35.9971 + 1866.98 = 1902.98 over 318 frames.
MPK320 maargazhik kulxir ndaadxeu 
LOG (lattice-best-path[5.5.1139~1-67548]:main():lattice-best-path.cc:99) For utterance MPK321, best cost 41.8532 + 2455.96 = 2497.81 over 411 frames.
MPK321 endda ippadxi ndoonjjaanaaga ireukkaan 
LOG (lattice-best-path[5.5.1139~1-67548]:main():lattice-best-path.cc:99) For utterance MPK322, best cost 49.0427 + 2317.77 = 2366.81 over 411 frames.
MPK322 sey seyyum panggeu uyarnddadeu 
LOG (lattice-best-path[5.5.1139~1-67548]:main():lattice-best-path.cc:99) For utterance MPK323, best cost 31.5959 + 2436.2 = 2467.8 over 425 frames.
MPK323 ndaatxtxil tanxnxiir panjjam ndilawiyadeu 
LOG (lattice-best-path[5.5.1139~1-67548]:main():lattice-best-path.cc:99) For utterance MPK324, best cost 31.8013 + 2290.76 = 2322.56 over 395 frames.
MPK324 panjjaayatteu wazhakkeu mudxiweukkeu wanddadeu 
LOG (lattice-best-path[5.5.1139~1-67548]:main():lattice-best-path.cc:99) For utterance MPK325, best cost 25.8341 + 1942.49 = 1968.32 over 337 frames.
MPK325 panjjeu nderuppil karugiyadeu 
LOG (lattice-best-path[5.5.1139~1-67548]:main():lattice-best-path.cc:99) For utterance MPK326, best cost 69.6845 + 2454.9 = 2524.59 over 423 frames.
MPK326 waay ammaa kal rambam sirxappeu 
LOG (lattice-best-path[5.5.1139~1-67548]:main():lattice-best-path.cc:99) For utterance MPK327, best cost 62.9306 + 1993.83 = 2056.77 over 349 frames.
MPK327 kari pal inxai singgam kadambam 
LOG (lattice-best-path[5.5.1139~1-67548]:main():lattice-best-path.cc:99) For utterance MPK328, best cost 29.8958 + 2363.62 = 2393.51 over 399 frames.
MPK328 indda raajaa endda baasxai peesinaar 
LOG (lattice-best-path[5.5.1139~1-67548]:main():lattice-best-path.cc:99) For utterance MPK329, best cost 34.7974 + 1763.38 = 1798.17 over 304 frames.
MPK329 idxam purusxan balasaali 
LOG (lattice-best-path[5.5.1139~1-67548]:main():lattice-best-path.cc:99) For utterance MPK330, best cost 49.5158 + 2043.69 = 2093.21 over 354 frames.
MPK330 kuzhi ndilawiyadeu koobam 
LOG (lattice-best-path[5.5.1139~1-67548]:main():lattice-best-path.cc:99) For utterance MPK331, best cost 32.2304 + 1428.3 = 1460.53 over 237 frames.
MPK331 oreu jenma banddam 
LOG (lattice-best-path[5.5.1139~1-67548]:main():lattice-best-path.cc:99) For utterance MPK332, best cost 37.3893 + 2021.33 = 2058.72 over 328 frames.
MPK332 inrxeu puujaiyil kalanddeu kulxi 
LOG (lattice-best-path[5.5.1139~1-67548]:main():lattice-best-path.cc:99) For utterance MPK333, best cost 26.9167 + 2090.82 = 2117.74 over 343 frames.
MPK333 pon porulx paartteu pazhagaadee 
LOG (lattice-best-path[5.5.1139~1-67548]:main():lattice-best-path.cc:99) For utterance MPK334, best cost 43.0694 + 1771.58 = 1814.65 over 303 frames.
MPK334 pambaram pazham ulxlxadeu 
LOG (lattice-best-path[5.5.1139~1-67548]:main():lattice-best-path.cc:99) For utterance MPK335, best cost 41.3319 + 1513.99 = 1555.32 over 263 frames.
MPK335 otxtxeuk iiyam kurxai 
LOG (lattice-best-path[5.5.1139~1-67548]:main():lattice-best-path.cc:99) For utterance MPK336, best cost 44.3377 + 1538.67 = 1583.01 over 257 frames.
MPK336 pooliyaana taay kariim 
LOG (lattice-best-path[5.5.1139~1-67548]:main():lattice-best-path.cc:99) For utterance MPK337, best cost 68.7966 + 1939.89 = 2008.69 over 332 frames.
MPK337 taay injji koosxam awan amaraadee 
LOG (lattice-best-path[5.5.1139~1-67548]:main():lattice-best-path.cc:99) For utterance MPK338, best cost 45.8945 + 1752.98 = 1798.88 over 304 frames.
MPK338 taraadaram anjjali waliyadeu 
LOG (lattice-best-path[5.5.1139~1-67548]:main():lattice-best-path.cc:99) For utterance MPK339, best cost 23.0739 + 1760.56 = 1783.63 over 298 frames.
MPK339 etxtxeukkaali oreu puucci 
LOG (lattice-best-path[5.5.1139~1-67548]:main():lattice-best-path.cc:99) For utterance MPK340, best cost 70.7001 + 2101.38 = 2172.08 over 361 frames.
MPK340 maadattil mazhai seewalin malar eenddinaan 
LOG (lattice-best-path[5.5.1139~1-67548]:main():lattice-best-path.cc:99) For utterance MPK341, best cost 33.8508 + 1381.12 = 1414.97 over 239 frames.
MPK341 inggeu kanxnxeukkeu ndalladeu 
LOG (lattice-best-path[5.5.1139~1-67548]:main():lattice-best-path.cc:99) For utterance MPK342, best cost 45.1986 + 1657.04 = 1702.24 over 291 frames.
MPK342 muga irunddadeu patxtxam 
LOG (lattice-best-path[5.5.1139~1-67548]:main():lattice-best-path.cc:99) For utterance MPK343, best cost 44.9145 + 2334.86 = 2379.78 over 408 frames.
MPK343 kodxiyadeu muuladanam poodxa weenxdxum 
LOG (lattice-best-path[5.5.1139~1-67548]:main():lattice-best-path.cc:99) For utterance MPK344, best cost 41.2308 + 1639.56 = 1680.79 over 298 frames.
MPK344 enxnxey ndil eenddeu 
LOG (lattice-best-path[5.5.1139~1-67548]:main():lattice-best-path.cc:99) For utterance MPK345, best cost 27.6671 + 2056.18 = 2083.84 over 356 frames.
MPK345 indda maiyanggalx enggeu ulxlxadeu 
LOG (lattice-best-path[5.5.1139~1-67548]:main():lattice-best-path.cc:99) For utterance MPK346, best cost 47.6201 + 1834.46 = 1882.08 over 310 frames.
MPK346 maarc kalanddeu raajjiyam weenxdxum 
LOG (lattice-best-path[5.5.1139~1-67548]:main():lattice-best-path.cc:99) For utterance MPK347, best cost 22.3703 + 1567.28 = 1589.65 over 257 frames.
MPK347 risxikkeu roosxam adigam 
LOG (lattice-best-path[5.5.1139~1-67548]:main():lattice-best-path.cc:99) For utterance MPK348, best cost 33.4351 + 1537.82 = 1571.25 over 255 frames.
MPK348 jenma hastam 
LOG (lattice-best-path[5.5.1139~1-67548]:main():lattice-best-path.cc:99) For utterance MPK349, best cost 24.5577 + 1922.24 = 1946.8 over 324 frames.
MPK349 tuukkam udxaleukkeu ndalladeu 
LOG (lattice-best-path[5.5.1139~1-67548]:main():lattice-best-path.cc:99) For utterance MPK350, best cost 42.0093 + 2102.85 = 2144.86 over 347 frames.
MPK350 kaasxmiir muga laksxanxam ulxlxa penx 
LOG (lattice-best-path[5.5.1139~1-67548]:main():lattice-best-path.cc:99) For utterance MPK351, best cost 47.727 + 1921.86 = 1969.59 over 325 frames.
MPK351 ndiyaayam mozhi walxarcci tarum 
LOG (lattice-best-path[5.5.1139~1-67548]:main():lattice-best-path.cc:99) For utterance MPK352, best cost 35.8695 + 2222.76 = 2258.63 over 382 frames.
MPK352 wiitxtxil wiseesxam wanddadeu 
LOG (lattice-best-path[5.5.1139~1-67548]:main():lattice-best-path.cc:99) For utterance MPK353, best cost 55.8839 + 2200.43 = 2256.31 over 376 frames.
MPK353 wandda sisxyan taay kuurxeu 
LOG (lattice-best-path[5.5.1139~1-67548]:main():lattice-best-path.cc:99) For utterance MPK354, best cost 67.1614 + 2756.48 = 2823.64 over 466 frames.
MPK354 iranxdxeu wiidi tiirweu wazhiyaaga sellum peerunddeu 
LOG (lattice-best-path[5.5.1139~1-67548]:main():lattice-best-path.cc:99) For utterance MPK355, best cost 27.2803 + 2205.7 = 2232.98 over 378 frames.
MPK355 jadxai pinni weesxam poodxeu 
LOG (lattice-best-path[5.5.1139~1-67548]:main():lattice-best-path.cc:99) For utterance MPK356, best cost 23.3156 + 1892.32 = 1915.64 over 318 frames.
MPK356 janawari mudal maadam 
LOG (lattice-best-path[5.5.1139~1-67548]:main():lattice-best-path.cc:99) For utterance MPK357, best cost 35.2637 + 1506.38 = 1541.64 over 255 frames.
MPK357 janamee ndam ndam balam 
LOG (lattice-best-path[5.5.1139~1-67548]:main():lattice-best-path.cc:99) For utterance MPK358, best cost 45.9434 + 1638.18 = 1684.12 over 269 frames.
MPK358 ndaay kuzhi widiyai padxam paar 
LOG (lattice-best-path[5.5.1139~1-67548]:main():lattice-best-path.cc:99) For utterance MPK359, best cost 46.9683 + 1931.26 = 1978.23 over 317 frames.
MPK359 karuttaranggam kaatxtxa marunddeu 
LOG (lattice-best-path[5.5.1139~1-67548]:main():lattice-best-path.cc:99) For utterance MPK360, best cost 45.1992 + 1706.89 = 1752.08 over 291 frames.
MPK360 ndalla appaal irunddaan 
LOG (lattice-best-path[5.5.1139~1-67548]:main():lattice-best-path.cc:99) For utterance MPK361, best cost 36.2919 + 1729.72 = 1766.01 over 306 frames.
MPK361 raajjiyam kolxlxaadee 
LOG (lattice-best-path[5.5.1139~1-67548]:main():lattice-best-path.cc:99) For utterance MPK362, best cost 70.9393 + 2306.52 = 2377.46 over 396 frames.
MPK362 hastam pozhudeu kanjji tii injji 
LOG (lattice-best-path[5.5.1139~1-67548]:main():lattice-best-path.cc:99) For utterance MPK363, best cost 46.893 + 1949.36 = 1996.25 over 329 frames.
MPK363 tinnaadeu eewuganxai tinggalx 
LOG (lattice-best-path[5.5.1139~1-67548]:main():lattice-best-path.cc:99) For utterance MPK364, best cost 46.3786 + 1805.44 = 1851.82 over 309 frames.
MPK364 toonxdxiyadeu sanddippeu kuuwum 
LOG (lattice-best-path[5.5.1139~1-67548]:main():lattice-best-path.cc:99) For utterance MPK365, best cost 40.1397 + 1834.48 = 1874.62 over 311 frames.
MPK365 irunddadeu walxarcci ndaatxtxeu walxarcci 
LOG (lattice-best-path[5.5.1139~1-67548]:main():lattice-best-path.cc:99) For utterance MPR293, best cost 25.6061 + 1796.11 = 1821.71 over 306 frames.
MPR293 guruwai sisxyan wanxangginaan 
LOG (lattice-best-path[5.5.1139~1-67548]:main():lattice-best-path.cc:99) For utterance MPR294, best cost 21.448 + 1285.93 = 1307.38 over 218 frames.
MPR294 siikkiram eerxpaadxeu sey 
LOG (lattice-best-path[5.5.1139~1-67548]:main():lattice-best-path.cc:99) For utterance MPR295, best cost 21.748 + 1216.63 = 1238.38 over 208 frames.
MPR295 siirxum paambai ndambaadee 
LOG (lattice-best-path[5.5.1139~1-67548]:main():lattice-best-path.cc:99) For utterance MPR296, best cost 39.8797 + 1916.17 = 1956.05 over 329 frames.
MPR296 patxtxeu suzhi sirxuwan seetxtxai seywaan 
LOG (lattice-best-path[5.5.1139~1-67548]:main():lattice-best-path.cc:99) For utterance MPR297, best cost 23.7921 + 1391.72 = 1415.51 over 237 frames.
MPR297 suutxcamam arxinddeu seyalpadxeu 
LOG (lattice-best-path[5.5.1139~1-67548]:main():lattice-best-path.cc:99) For utterance MPR298, best cost 22.9252 + 1382.76 = 1405.68 over 235 frames.
MPR298 asuran tawam irunddaan 
LOG (lattice-best-path[5.5.1139~1-67548]:main():lattice-best-path.cc:99) For utterance MPR299, best cost 21.5437 + 1249.59 = 1271.13 over 212 frames.
MPR299 kaalxi suulam eenddinaan 
LOG (lattice-best-path[5.5.1139~1-67548]:main():lattice-best-path.cc:99) For utterance MPR300, best cost 29.6445 + 1931.69 = 1961.33 over 321 frames.
MPR300 sutxrxeu suuzhal sugaadaaram pinpatxrxeu 
LOG (lattice-best-path[5.5.1139~1-67548]:main():lattice-best-path.cc:99) For utterance MPR301, best cost 27.6701 + 1727.65 = 1755.32 over 294 frames.
MPR301 seewalin kuuwalil pozhudeu widxiyum 
LOG (lattice-best-path[5.5.1139~1-67548]:main():lattice-best-path.cc:99) For utterance MPR302, best cost 44.5306 + 1370.48 = 1415.01 over 228 frames.
MPR302 enakkeu raamar marxadi unxdxeu 
LOG (lattice-best-path[5.5.1139~1-67548]:main():lattice-best-path.cc:99) For utterance MPR303, best cost 48.4943 + 1791.16 = 1839.65 over 311 frames.
MPR303 ndaay ireu widxumurxai kadxai adxaippeu 
LOG (lattice-best-path[5.5.1139~1-67548]:main():lattice-best-path.cc:99) For utterance MPR304, best cost 30.3896 + 2029.15 = 2059.54 over 347 frames.
MPR304 tanggalx udxaimai miideu gawanam selutteu 
LOG (lattice-best-path[5.5.1139~1-67548]:main():lattice-best-path.cc:99) For utterance MPR305, best cost 32.5335 + 2161.22 = 2193.75 over 362 frames.
MPR305 tatruubamaaga ndadxitteuk kaatxtxa njaanam teewai 
LOG (lattice-best-path[5.5.1139~1-67548]:main():lattice-best-path.cc:99) For utterance MPR306, best cost 27.9437 + 1593.96 = 1621.91 over 276 frames.
MPR306 tii muutxtxi tii wibatteu ndadxanddadeu 
LOG (lattice-best-path[5.5.1139~1-67548]:main():lattice-best-path.cc:99) For utterance MPR307, best cost 24.467 + 1293.92 = 1318.39 over 227 frames.
MPR307 un seyaleukkeut tiirweu kaanxeu 
LOG (lattice-best-path[5.5.1139~1-67548]:main():lattice-best-path.cc:99) For utterance MPR308, best cost 20.2253 + 1045.62 = 1065.84 over 180 frames.
MPR308 malar tuuwi waazhtteu 
LOG (lattice-best-path[5.5.1139~1-67548]:main():lattice-best-path.cc:99) For utterance MPR309, best cost 24.0212 + 1408.57 = 1432.59 over 240 frames.
MPR309 iranxdxeu pal puunxdxeu ndalladeu 
LOG (lattice-best-path[5.5.1139~1-67548]:main():lattice-best-path.cc:99) For utterance MPR310, best cost 25.1107 + 1449.23 = 1474.34 over 239 frames.
MPR310 tusxtxan tusxtxa seyal seywaan 
LOG (lattice-best-path[5.5.1139~1-67548]:main():lattice-best-path.cc:99) For utterance MPR311, best cost 31.537 + 1831.37 = 1862.9 over 312 frames.
MPR311 purxaa tuudeu anuppa tolai duuram parxanddadeu 
LOG (lattice-best-path[5.5.1139~1-67548]:main():lattice-best-path.cc:99) For utterance MPR312, best cost 31.7982 + 1723.31 = 1755.11 over 298 frames.
MPR312 manjjalx tuulx maruttuwa gunxam ndirxainddadeu 
LOG (lattice-best-path[5.5.1139~1-67548]:main():lattice-best-path.cc:99) For utterance MPR313, best cost 24.3781 + 1284.65 = 1309.03 over 227 frames.
MPR313 kutxtxaiyil tanxnxiir teenggiyadeu 
LOG (lattice-best-path[5.5.1139~1-67548]:main():lattice-best-path.cc:99) For utterance MPR314, best cost 24.0677 + 1243.83 = 1267.89 over 208 frames.
MPR314 toonrxiya pugazhin toonrxuga 
LOG (lattice-best-path[5.5.1139~1-67548]:main():lattice-best-path.cc:99) For utterance MPR315, best cost 24.3443 + 1446.06 = 1470.4 over 245 frames.
MPR315 toosxattirxkeu parigaaram sey 
LOG (lattice-best-path[5.5.1139~1-67548]:main():lattice-best-path.cc:99) For utterance MPR316, best cost 36.7676 + 1594.54 = 1631.31 over 261 frames.
MPR316 katti pugai oosoonai baadikkum 
LOG (lattice-best-path[5.5.1139~1-67548]:main():lattice-best-path.cc:99) For utterance MPR317, best cost 21.1495 + 1009.74 = 1030.89 over 174 frames.
MPR317 paambin ndanjjeu kodxiyadeu 
LOG (lattice-best-path[5.5.1139~1-67548]:main():lattice-best-path.cc:99) For utterance MPR318, best cost 19.9925 + 1006.39 = 1026.38 over 176 frames.
MPR318 inrxeu mazhai ndiidxikkum 
LOG (lattice-best-path[5.5.1139~1-67548]:main():lattice-best-path.cc:99) For utterance MPR319, best cost 24.3668 + 1356.27 = 1380.63 over 240 frames.
MPR319 saalaiyil ndiir ndirambiyadeu 
LOG (lattice-best-path[5.5.1139~1-67548]:main():lattice-best-path.cc:99) For utterance MPR320, best cost 33.3114 + 1307.59 = 1340.91 over 222 frames.
MPR320 paarkkaadee oreu ndaadxeu 
LOG (lattice-best-path[5.5.1139~1-67548]:main():lattice-best-path.cc:99) For utterance MPR321, best cost 26.0774 + 1578.87 = 1604.95 over 249 frames.
MPR321 een ippadxi ndoonjjaanaaga ireukkaan 
LOG (lattice-best-path[5.5.1139~1-67548]:main():lattice-best-path.cc:99) For utterance MPR322, best cost 24.03 + 1420.93 = 1444.96 over 252 frames.
MPR322 deesiya panggeu uyarnddadeu 
LOG (lattice-best-path[5.5.1139~1-67548]:main():lattice-best-path.cc:99) For utterance MPR323, best cost 38.1305 + 1704.67 = 1742.8 over 295 frames.
MPR323 aatxrxil tanxnxiir panjjam ndilawiyadeu 
LOG (lattice-best-path[5.5.1139~1-67548]:main():lattice-best-path.cc:99) For utterance MPR324, best cost 31.0539 + 2051.74 = 2082.79 over 373 frames.
MPR324 panjjaayatteu wazhakkeu mudxiweukkeu wanddadeu 
LOG (lattice-best-path[5.5.1139~1-67548]:main():lattice-best-path.cc:99) For utterance MPR325, best cost 25.4186 + 1575.89 = 1601.31 over 277 frames.
MPR325 panjjeu nderuppil karugiyadeu 
LOG (lattice-best-path[5.5.1139~1-67548]:main():lattice-best-path.cc:99) For utterance MPR326, best cost 26.9654 + 1610 = 1636.97 over 259 frames.
MPR326 pazhanggudxi makkalx panxbeu sirxappeu 
LOG (lattice-best-path[5.5.1139~1-67548]:main():lattice-best-path.cc:99) For utterance MPR327, best cost 28.3948 + 1826.51 = 1854.9 over 313 frames.
MPR327 kaalai bajanai migawum pirabalam 
LOG (lattice-best-path[5.5.1139~1-67548]:main():lattice-best-path.cc:99) For utterance MPR328, best cost 29.5802 + 1962.04 = 1991.62 over 337 frames.
MPR328 indda raajaa endda baasxai peesinaar 
LOG (lattice-best-path[5.5.1139~1-67548]:main():lattice-best-path.cc:99) For utterance MPR329, best cost 20.2428 + 1131.66 = 1151.91 over 195 frames.
MPR329 en purusxan balasaali 
LOG (lattice-best-path[5.5.1139~1-67548]:main():lattice-best-path.cc:99) For utterance MPR330, best cost 47.6122 + 1635.85 = 1683.46 over 284 frames.
MPR330 puunai sirxeu uuril puugambam 
LOG (lattice-best-path[5.5.1139~1-67548]:main():lattice-best-path.cc:99) For utterance MPR331, best cost 19.8732 + 1063.58 = 1083.45 over 166 frames.
MPR331 puurwa jenma banddam 
LOG (lattice-best-path[5.5.1139~1-67548]:main():lattice-best-path.cc:99) For utterance MPR332, best cost 24.5088 + 1466.84 = 1491.35 over 251 frames.
MPR332 inrxeu puujaiyil kalanddeu kolx 
LOG (lattice-best-path[5.5.1139~1-67548]:main():lattice-best-path.cc:99) For utterance MPR333, best cost 25.297 + 1539.38 = 1564.68 over 261 frames.
MPR333 pon porulx paartteu pazhagaadee 
LOG (lattice-best-path[5.5.1139~1-67548]:main():lattice-best-path.cc:99) For utterance MPR334, best cost 24.4409 + 1241.63 = 1266.07 over 219 frames.
MPR334 un mugam poliwaaga ulxlxadeu 
LOG (lattice-best-path[5.5.1139~1-67548]:main():lattice-best-path.cc:99) For utterance MPR335, best cost 21.9887 + 1201 = 1222.99 over 206 frames.
MPR335 petxtxiyai kiizhee poodxeu 
LOG (lattice-best-path[5.5.1139~1-67548]:main():lattice-best-path.cc:99) For utterance MPR336, best cost 21.4999 + 1212.02 = 1233.52 over 210 frames.
MPR336 pooliyaana waazhkkai tawir 
LOG (lattice-best-path[5.5.1139~1-67548]:main():lattice-best-path.cc:99) For utterance MPR337, best cost 34.2141 + 1275.85 = 1310.06 over 212 frames.
MPR337 ndaanjjil poosxaakkaana unxaweu 
LOG (lattice-best-path[5.5.1139~1-67548]:main():lattice-best-path.cc:99) For utterance MPR338, best cost 23.3869 + 1378.66 = 1402.04 over 238 frames.
MPR338 elumbeu majjai waliyadeu 
LOG (lattice-best-path[5.5.1139~1-67548]:main():lattice-best-path.cc:99) For utterance MPR339, best cost 19.7692 + 1013.83 = 1033.6 over 167 frames.
MPR339 etxtxeukkaali oreu puucci 
LOG (lattice-best-path[5.5.1139~1-67548]:main():lattice-best-path.cc:99) For utterance MPR340, best cost 43.0244 + 1906.18 = 1949.2 over 316 frames.
MPR340 maarc maadattil mahaawiir teeytteuk 
LOG (lattice-best-path[5.5.1139~1-67548]:main():lattice-best-path.cc:99) For utterance MPR341, best cost 21.308 + 1073.9 = 1095.21 over 186 frames.
MPR341 miin kanxnxeukkeu ndalladeu 
LOG (lattice-best-path[5.5.1139~1-67548]:main():lattice-best-path.cc:99) For utterance MPR342, best cost 20.8016 + 1020.66 = 1041.46 over 181 frames.
MPR342 muulxai illaadawan mutxtxaalx 
LOG (lattice-best-path[5.5.1139~1-67548]:main():lattice-best-path.cc:99) For utterance MPR343, best cost 27.1175 + 1485.17 = 1512.28 over 258 frames.
MPR343 tozhilil muuladanam poodxa weenxdxum 
LOG (lattice-best-path[5.5.1139~1-67548]:main():lattice-best-path.cc:99) For utterance MPR344, best cost 42.3408 + 1032.04 = 1074.38 over 187 frames.
MPR344 widiyai pirxarai eerxi ndil 
LOG (lattice-best-path[5.5.1139~1-67548]:main():lattice-best-path.cc:99) For utterance MPR345, best cost 26.0624 + 1351.86 = 1377.92 over 237 frames.
MPR345 indda maiyanggalx enggeu ulxlxadeu 
LOG (lattice-best-path[5.5.1139~1-67548]:main():lattice-best-path.cc:99) For utterance MPR346, best cost 22.3732 + 1066.52 = 1088.9 over 180 frames.
MPR346 makkalx raajjiyam weenxdxum 
LOG (lattice-best-path[5.5.1139~1-67548]:main():lattice-best-path.cc:99) For utterance MPR347, best cost 20.8974 + 1179.54 = 1200.43 over 197 frames.
MPR347 risxikkeu roosxam adigam 
LOG (lattice-best-path[5.5.1139~1-67548]:main():lattice-best-path.cc:99) For utterance MPR348, best cost 19.7877 + 979.587 = 999.375 over 168 frames.
MPR348 lajjai enrxaal wekkam 
LOG (lattice-best-path[5.5.1139~1-67548]:main():lattice-best-path.cc:99) For utterance MPR349, best cost 22.5958 + 1268.18 = 1290.78 over 213 frames.
MPR349 tuukkam udxaleukkeu ndalladeu 
LOG (lattice-best-path[5.5.1139~1-67548]:main():lattice-best-path.cc:99) For utterance MPR350, best cost 29.3067 + 1980.97 = 2010.28 over 321 frames.
MPR350 laksxmi muga laksxanxam ulxlxa penx 
LOG (lattice-best-path[5.5.1139~1-67548]:main():lattice-best-path.cc:99) For utterance MPR351, best cost 23.6081 + 1157.43 = 1181.04 over 190 frames.
MPR351 widxaa muyarxci walxarcci tarum 
LOG (lattice-best-path[5.5.1139~1-67548]:main():lattice-best-path.cc:99) For utterance MPR352, best cost 20.6264 + 1029.9 = 1050.52 over 170 frames.
MPR352 wiitxtxil wiseesxam unxdxeu 
LOG (lattice-best-path[5.5.1139~1-67548]:main():lattice-best-path.cc:99) For utterance MPR353, best cost 22.6745 + 1351.16 = 1373.83 over 229 frames.
MPR353 wandda wisxayattaik kuurxeu 
LOG (lattice-best-path[5.5.1139~1-67548]:main():lattice-best-path.cc:99) For utterance MPR354, best cost 29.2759 + 1698.24 = 1727.52 over 291 frames.
MPR354 en wiidi wazhiyaaga sellum peerunddeu 
LOG (lattice-best-path[5.5.1139~1-67548]:main():lattice-best-path.cc:99) For utterance MPR355, best cost 23.4384 + 1256.99 = 1280.43 over 214 frames.
MPR355 jadxai pinni weesxam poodxeu 
LOG (lattice-best-path[5.5.1139~1-67548]:main():lattice-best-path.cc:99) For utterance MPR356, best cost 21.3854 + 1076.73 = 1098.11 over 179 frames.
MPR356 janawari mudal maadam 
LOG (lattice-best-path[5.5.1139~1-67548]:main():lattice-best-path.cc:99) For utterance MPR357, best cost 20.718 + 1149.88 = 1170.6 over 206 frames.
MPR357 janamee ndam balam 
LOG (lattice-best-path[5.5.1139~1-67548]:main():lattice-best-path.cc:99) For utterance MPR358, best cost 41.9315 + 1218.61 = 1260.54 over 204 frames.
MPR358 paartteu pidxi paappaa 
LOG (lattice-best-path[5.5.1139~1-67548]:main():lattice-best-path.cc:99) For utterance MPR359, best cost 24.6122 + 1370.05 = 1394.67 over 231 frames.
MPR359 waay jaalam kaatxtxum manidan 
LOG (lattice-best-path[5.5.1139~1-67548]:main():lattice-best-path.cc:99) For utterance MPR360, best cost 20.0189 + 977.68 = 997.699 over 159 frames.
MPR360 jaalraa poodxa weenxdxaam 
LOG (lattice-best-path[5.5.1139~1-67548]:main():lattice-best-path.cc:99) For utterance MPR361, best cost 18.5996 + 910.121 = 928.721 over 150 frames.
MPR361 ajiiranxak koolxaarxeu 
LOG (lattice-best-path[5.5.1139~1-67548]:main():lattice-best-path.cc:99) For utterance MPR362, best cost 68.9304 + 1674.16 = 1743.09 over 279 frames.
MPR362 hastam pal iranxdxeu kanjji injji 
LOG (lattice-best-path[5.5.1139~1-67548]:main():lattice-best-path.cc:99) For utterance MPR363, best cost 23.9075 + 1367.03 = 1390.94 over 232 frames.
MPR363 ndiinggalx sxeemamaaga irunggalx 
LOG (lattice-best-path[5.5.1139~1-67548]:main():lattice-best-path.cc:99) For utterance MPR364, best cost 41.9434 + 1259.95 = 1301.9 over 208 frames.
MPR364 togudi iratxtxai sanddippeu 
LOG (lattice-best-path[5.5.1139~1-67548]:main():lattice-best-path.cc:99) For utterance MPR365, best cost 37.4193 + 1542.18 = 1579.6 over 259 frames.
MPR365 jadxai walxarcci ndaatxtxeu walxarcci 
LOG (lattice-best-path[5.5.1139~1-67548]:main():lattice-best-path.cc:99) For utterance MRA293, best cost 26.2429 + 2292.43 = 2318.67 over 399 frames.
MRA293 guruwai sisxyan wanxangginaan 
LOG (lattice-best-path[5.5.1139~1-67548]:main():lattice-best-path.cc:99) For utterance MRA294, best cost 43.5741 + 1796.96 = 1840.54 over 310 frames.
MRA294 siikkiram keetxpadeu sey 
LOG (lattice-best-path[5.5.1139~1-67548]:main():lattice-best-path.cc:99) For utterance MRA295, best cost 22.9871 + 1543.97 = 1566.95 over 272 frames.
MRA295 siirxum paambai ndambaadee 
LOG (lattice-best-path[5.5.1139~1-67548]:main():lattice-best-path.cc:99) For utterance MRA296, best cost 31.9481 + 2458.61 = 2490.56 over 422 frames.
MRA296 iratxtxai suzhi sirxuwan seetxtxai seywaan 
LOG (lattice-best-path[5.5.1139~1-67548]:main():lattice-best-path.cc:99) For utterance MRA297, best cost 49.7092 + 1957.09 = 2006.8 over 358 frames.
MRA297 sol sirxuwar arxinddeu seyalpadxeu 
LOG (lattice-best-path[5.5.1139~1-67548]:main():lattice-best-path.cc:99) For utterance MRA298, best cost 23.7512 + 1667.92 = 1691.67 over 305 frames.
MRA298 asuran tawam irunddaan 
LOG (lattice-best-path[5.5.1139~1-67548]:main():lattice-best-path.cc:99) For utterance MRA299, best cost 22.9378 + 1713.59 = 1736.53 over 314 frames.
MRA299 kaalxi suulam eenddinaan 
LOG (lattice-best-path[5.5.1139~1-67548]:main():lattice-best-path.cc:99) For utterance MRA300, best cost 29.8571 + 2195.24 = 2225.09 over 380 frames.
MRA300 sutxrxeu suuzhal sugaadaaram pinpatxrxeu 
LOG (lattice-best-path[5.5.1139~1-67548]:main():lattice-best-path.cc:99) For utterance MRA301, best cost 28.3572 + 1863.44 = 1891.8 over 328 frames.
MRA301 seewalin kuuwalil pozhudeu widxiyum 
LOG (lattice-best-path[5.5.1139~1-67548]:main():lattice-best-path.cc:99) For utterance MRA302, best cost 46.2391 + 1849.3 = 1895.54 over 307 frames.
MRA302 eerikkeu ndalamalxikkum arunddeu 
LOG (lattice-best-path[5.5.1139~1-67548]:main():lattice-best-path.cc:99) For utterance MRA303, best cost 39.4139 + 2240.17 = 2279.58 over 399 frames.
MRA303 daaniyam widxumurxai kadxai adxaippeu 
LOG (lattice-best-path[5.5.1139~1-67548]:main():lattice-best-path.cc:99) For utterance MRA304, best cost 33.4214 + 2596.84 = 2630.27 over 441 frames.
MRA304 tanggalx udxaimai miideu gawanam selutteu 
LOG (lattice-best-path[5.5.1139~1-67548]:main():lattice-best-path.cc:99) For utterance MRA305, best cost 83.0926 + 2850.57 = 2933.66 over 508 frames.
MRA305 taay tara waaraa ndadxitteuk kaatxtxa ndaanxam pirxarai 
LOG (lattice-best-path[5.5.1139~1-67548]:main():lattice-best-path.cc:99) For utterance MRA306, best cost 61.0932 + 2357.17 = 2418.26 over 428 frames.
MRA306 teriyum pereu siwappeu ndadxanddadeu 
LOG (lattice-best-path[5.5.1139~1-67548]:main():lattice-best-path.cc:99) For utterance MRA307, best cost 25.7633 + 2039.77 = 2065.53 over 358 frames.
MRA307 un seyaleukkeut tiirweu kaanxeu 
LOG (lattice-best-path[5.5.1139~1-67548]:main():lattice-best-path.cc:99) For utterance MRA308, best cost 43.3394 + 1539.53 = 1582.87 over 275 frames.
MRA308 malar tawarxeu waazhtteu 
LOG (lattice-best-path[5.5.1139~1-67548]:main():lattice-best-path.cc:99) For utterance MRA309, best cost 25.8722 + 1907.25 = 1933.12 over 325 frames.
MRA309 iranxdxeu pal puunxdxeu ndalladeu 
LOG (lattice-best-path[5.5.1139~1-67548]:main():lattice-best-path.cc:99) For utterance MRA310, best cost 26.9781 + 1791.29 = 1818.27 over 303 frames.
MRA310 tusxtxan tusxtxa seyal seywaan 
LOG (lattice-best-path[5.5.1139~1-67548]:main():lattice-best-path.cc:99) For utterance MRA311, best cost 65.6745 + 2794.12 = 2859.8 over 480 frames.
MRA311 purxaa tuudeu anuppa ulxlxadeu ooram parxanddadeu 
LOG (lattice-best-path[5.5.1139~1-67548]:main():lattice-best-path.cc:99) For utterance MRA312, best cost 31.96 + 1986.92 = 2018.88 over 319 frames.
MRA312 manjjalx tuulx maruttuwa gunxam ndirxainddadeu 
LOG (lattice-best-path[5.5.1139~1-67548]:main():lattice-best-path.cc:99) For utterance MRA313, best cost 24.4985 + 1442.33 = 1466.82 over 254 frames.
MRA313 kutxtxaiyil tanxnxiir teenggiyadeu 
LOG (lattice-best-path[5.5.1139~1-67548]:main():lattice-best-path.cc:99) For utterance MRA314, best cost 23.7036 + 1429.21 = 1452.91 over 245 frames.
MRA314 toonrxiya pugazhin toonrxuga 
LOG (lattice-best-path[5.5.1139~1-67548]:main():lattice-best-path.cc:99) For utterance MRA315, best cost 60.0232 + 2223.82 = 2283.85 over 390 frames.
MRA315 roosxam tiidum wazhiyaaga sey 
LOG (lattice-best-path[5.5.1139~1-67548]:main():lattice-best-path.cc:99) For utterance MRA316, best cost 29.6155 + 2298.92 = 2328.54 over 387 frames.
MRA316 ndacceup pugai oosoonai baadikkum 
LOG (lattice-best-path[5.5.1139~1-67548]:main():lattice-best-path.cc:99) For utterance MRA317, best cost 25.0382 + 2413.5 = 2438.54 over 449 frames.
MRA317 paambin ndanjjeu kodxiyadeu 
LOG (lattice-best-path[5.5.1139~1-67548]:main():lattice-best-path.cc:99) For utterance MRA318, best cost 23.6412 + 1665.25 = 1688.89 over 286 frames.
MRA318 inrxeu mazhai ndiidxikkum 
LOG (lattice-best-path[5.5.1139~1-67548]:main():lattice-best-path.cc:99) For utterance MRA319, best cost 24.1483 + 1574.7 = 1598.85 over 284 frames.
MRA319 saalaiyil ndiir ndirambiyadeu 
LOG (lattice-best-path[5.5.1139~1-67548]:main():lattice-best-path.cc:99) For utterance MRA320, best cost 31.4447 + 1312.39 = 1343.83 over 222 frames.
MRA320 iratxtxai suzhi ndaadxeu 
LOG (lattice-best-path[5.5.1139~1-67548]:main():lattice-best-path.cc:99) For utterance MRA321, best cost 28.3564 + 2068.35 = 2096.7 over 354 frames.
MRA321 een ippadxi ndoonjjaanaaga ireukkaan 
LOG (lattice-best-path[5.5.1139~1-67548]:main():lattice-best-path.cc:99) For utterance MRA322, best cost 24.663 + 1755.99 = 1780.65 over 307 frames.
MRA322 deesiya panggeu uyarnddadeu 
LOG (lattice-best-path[5.5.1139~1-67548]:main():lattice-best-path.cc:99) For utterance MRA323, best cost 40.9565 + 1754.98 = 1795.94 over 309 frames.
MRA323 ndaatxtxil tanxnxiir panjjam sirxanddadeu 
LOG (lattice-best-path[5.5.1139~1-67548]:main():lattice-best-path.cc:99) For utterance MRA324, best cost 30.7038 + 1844.82 = 1875.53 over 319 frames.
MRA324 panjjaayatteu wazhakkeu mudxiweukkeu wanddadeu 
LOG (lattice-best-path[5.5.1139~1-67548]:main():lattice-best-path.cc:99) For utterance MRA325, best cost 25.7568 + 1700.68 = 1726.44 over 283 frames.
MRA325 panjjeu nderuppil karugiyadeu 
LOG (lattice-best-path[5.5.1139~1-67548]:main():lattice-best-path.cc:99) For utterance MRA326, best cost 71.2401 + 2485.23 = 2556.47 over 434 frames.
MRA326 pazhanggudxi manx kal kanrxeu sirxappeu 
LOG (lattice-best-path[5.5.1139~1-67548]:main():lattice-best-path.cc:99) For utterance MRA327, best cost 41.0101 + 2027.73 = 2068.74 over 343 frames.
MRA327 kaalai bajanai migawum sakkaram 
LOG (lattice-best-path[5.5.1139~1-67548]:main():lattice-best-path.cc:99) For utterance MRA328, best cost 29.9708 + 2259.35 = 2289.32 over 384 frames.
MRA328 indda raajaa endda baasxai peesinaar 
LOG (lattice-best-path[5.5.1139~1-67548]:main():lattice-best-path.cc:99) For utterance MRA329, best cost 22.1833 + 1373 = 1395.18 over 226 frames.
MRA329 en purusxan balasaali 
LOG (lattice-best-path[5.5.1139~1-67548]:main():lattice-best-path.cc:99) For utterance MRA330, best cost 26.1553 + 1975.82 = 2001.97 over 342 frames.
MRA330 buwaneesxwar uuril puugambam 
LOG (lattice-best-path[5.5.1139~1-67548]:main():lattice-best-path.cc:99) For utterance MRA331, best cost 22.3467 + 1461.42 = 1483.76 over 241 frames.
MRA331 puurwa jenma banddam 
LOG (lattice-best-path[5.5.1139~1-67548]:main():lattice-best-path.cc:99) For utterance MRA332, best cost 24.0986 + 1592.38 = 1616.48 over 266 frames.
MRA332 inrxeu puujaiyil kalanddeu kolx 
LOG (lattice-best-path[5.5.1139~1-67548]:main():lattice-best-path.cc:99) For utterance MRA333, best cost 26.8308 + 1898.43 = 1925.26 over 327 frames.
MRA333 pon porulx paartteu pazhagaadee 
LOG (lattice-best-path[5.5.1139~1-67548]:main():lattice-best-path.cc:99) For utterance MRA334, best cost 45.4648 + 1628.98 = 1674.44 over 297 frames.
MRA334 muuladanam pooliyaana ulxlxadeu 
LOG (lattice-best-path[5.5.1139~1-67548]:main():lattice-best-path.cc:99) For utterance MRA335, best cost 23.9128 + 1102.5 = 1126.42 over 179 frames.
MRA335 otxtxeuk keetxpadeu 
LOG (lattice-best-path[5.5.1139~1-67548]:main():lattice-best-path.cc:99) For utterance MRA336, best cost 35.2298 + 1596.3 = 1631.53 over 266 frames.
MRA336 pooliyaana waazhkkai uudxagam 
LOG (lattice-best-path[5.5.1139~1-67548]:main():lattice-best-path.cc:99) For utterance MRA337, best cost 38.2888 + 1984.87 = 2023.15 over 346 frames.
MRA337 ndaay kuzhi poosxaakkaana unxaweu 
LOG (lattice-best-path[5.5.1139~1-67548]:main():lattice-best-path.cc:99) For utterance MRA338, best cost 32.8712 + 1272.51 = 1305.38 over 232 frames.
MRA338 indda majjai waliyadeu 
LOG (lattice-best-path[5.5.1139~1-67548]:main():lattice-best-path.cc:99) For utterance MRA339, best cost 20.7174 + 1256.47 = 1277.19 over 213 frames.
MRA339 etxtxeukkaali oreu puucci 
LOG (lattice-best-path[5.5.1139~1-67548]:main():lattice-best-path.cc:99) For utterance MRA340, best cost 29.446 + 1844.61 = 1874.05 over 319 frames.
MRA340 maarc maadattil mahaawiir jeyanddi 
LOG (lattice-best-path[5.5.1139~1-67548]:main():lattice-best-path.cc:99) For utterance MRA341, best cost 35.3533 + 1343.39 = 1378.74 over 230 frames.
MRA341 migundda kanxnxeukkeu ndalladeu 
LOG (lattice-best-path[5.5.1139~1-67548]:main():lattice-best-path.cc:99) For utterance MRA342, best cost 21.5221 + 1184.94 = 1206.46 over 201 frames.
MRA342 muulxai illaadawan mutxtxaalx 
LOG (lattice-best-path[5.5.1139~1-67548]:main():lattice-best-path.cc:99) For utterance MRA343, best cost 39.783 + 1667.63 = 1707.41 over 299 frames.
MRA343 mozhi muuladanam poodxa weenxdxum 
LOG (lattice-best-path[5.5.1139~1-67548]:main():lattice-best-path.cc:99) For utterance MRA344, best cost 31.2186 + 1072.75 = 1103.97 over 191 frames.
MRA344 inddiyaawin widxiyum 
LOG (lattice-best-path[5.5.1139~1-67548]:main():lattice-best-path.cc:99) For utterance MRA345, best cost 25.9698 + 1479.55 = 1505.52 over 257 frames.
MRA345 indda maiyanggalx enggeu ulxlxadeu 
LOG (lattice-best-path[5.5.1139~1-67548]:main():lattice-best-path.cc:99) For utterance MRA346, best cost 24.0306 + 1446.86 = 1470.89 over 242 frames.
MRA346 makkalx raajjiyam weenxdxum 
LOG (lattice-best-path[5.5.1139~1-67548]:main():lattice-best-path.cc:99) For utterance MRA347, best cost 24.2597 + 1546.02 = 1570.28 over 254 frames.
MRA347 risxikkeu roosxam adigam 
LOG (lattice-best-path[5.5.1139~1-67548]:main():lattice-best-path.cc:99) For utterance MRA348, best cost 21.8978 + 1469.7 = 1491.59 over 258 frames.
MRA348 lajjai enrxaal wekkam 
LOG (lattice-best-path[5.5.1139~1-67548]:main():lattice-best-path.cc:99) For utterance MRA349, best cost 22.716 + 1361.94 = 1384.65 over 235 frames.
MRA349 tuukkam udxaleukkeu ndalladeu 
LOG (lattice-best-path[5.5.1139~1-67548]:main():lattice-best-path.cc:99) For utterance MRA350, best cost 28.8111 + 1926.34 = 1955.15 over 330 frames.
MRA350 laksxmi muga laksxanxam ulxlxa penx 
LOG (lattice-best-path[5.5.1139~1-67548]:main():lattice-best-path.cc:99) For utterance MRA351, best cost 26.5172 + 1721.22 = 1747.73 over 294 frames.
MRA351 widxaa muyarxci walxarcci tarum 
LOG (lattice-best-path[5.5.1139~1-67548]:main():lattice-best-path.cc:99) For utterance MRA352, best cost 35.164 + 1557.77 = 1592.93 over 264 frames.
MRA352 waitteuk wiseesxam unxdxeu 
LOG (lattice-best-path[5.5.1139~1-67548]:main():lattice-best-path.cc:99) For utterance MRA353, best cost 43.1726 + 1548.15 = 1591.32 over 281 frames.
MRA353 manjjalx teeytteuk koolxaarxeu 
LOG (lattice-scale[5.5.1139~1-67548]:main():lattice-scale.cc:107) Done 511 lattices.
LOG (lattice-best-path[5.5.1139~1-67548]:main():lattice-best-path.cc:99) For utterance MRA354, best cost 43.6131 + 2214.32 = 2257.93 over 387 frames.
MRA354 en miideu wazhiyaaga sellum peerunddeu 
LOG (lattice-best-path[5.5.1139~1-67548]:main():lattice-best-path.cc:99) For utterance MRA355, best cost 24.3529 + 1539.96 = 1564.31 over 264 frames.
MRA355 jadxai pinni weesxam poodxeu 
LOG (lattice-best-path[5.5.1139~1-67548]:main():lattice-best-path.cc:99) For utterance MRA356, best cost 24.598 + 1537.15 = 1561.74 over 271 frames.
MRA356 janawari mudal maadam 
LOG (lattice-best-path[5.5.1139~1-67548]:main():lattice-best-path.cc:99) For utterance MRA357, best cost 20.839 + 1304.29 = 1325.13 over 233 frames.
MRA357 janamee ndam balam 
LOG (lattice-best-path[5.5.1139~1-67548]:main():lattice-best-path.cc:99) For utterance MRA358, best cost 42.7424 + 1510.65 = 1553.39 over 264 frames.
MRA358 taay tii illaiyadxi paappaa 
LOG (lattice-best-path[5.5.1139~1-67548]:main():lattice-best-path.cc:99) For utterance MRA359, best cost 27.4128 + 1812.09 = 1839.51 over 309 frames.
MRA359 waay jaalam kaatxtxum manidan 
LOG (lattice-best-path[5.5.1139~1-67548]:main():lattice-best-path.cc:99) For utterance MRA360, best cost 44.4344 + 1646.64 = 1691.07 over 278 frames.
MRA360 taazha ooram banddam 
LOG (lattice-best-path[5.5.1139~1-67548]:main():lattice-best-path.cc:99) For utterance MRA361, best cost 19.8815 + 1206.48 = 1226.36 over 218 frames.
MRA361 ajiiranxak koolxaarxeu 
LOG (lattice-best-path[5.5.1139~1-67548]:main():lattice-best-path.cc:99) For utterance MRA362, best cost 44.3479 + 2507.93 = 2552.28 over 418 frames.
MRA362 rambam iranxdxeu gaanddi jeyanddi 
LOG (lattice-add-penalty[5.5.1139~1-67548]:main():lattice-add-penalty.cc:62) Done adding word insertion penalty to 511 lattices.
LOG (lattice-best-path[5.5.1139~1-67548]:main():lattice-best-path.cc:99) For utterance MRA363, best cost 56.352 + 1628.41 = 1684.77 over 294 frames.
MRA363 inggeu saram waazhalaam irunggalx 
LOG (lattice-best-path[5.5.1139~1-67548]:main():lattice-best-path.cc:99) For utterance MRA364, best cost 33.0462 + 1222.37 = 1255.42 over 208 frames.
MRA364 pagudiyil sanddippeu 
LOG (lattice-best-path[5.5.1139~1-67548]:main():lattice-best-path.cc:99) For utterance MRA365, best cost 47.5181 + 1758.39 = 1805.91 over 311 frames.
MRA365 enxnxey aaranjjeu ndaatxtxeu walxarcci 
LOG (lattice-best-path[5.5.1139~1-67548]:main():lattice-best-path.cc:124) Overall cost per frame is 5.91501 = 0.105455 [graph] + 5.80956 [acoustic] over 182890 frames.
LOG (lattice-best-path[5.5.1139~1-67548]:main():lattice-best-path.cc:128) Done 511 lattices, failed for 0
# Accounting: time=0 threads=1
# Ended (code 0) at Mon Jul  8 11:11:49 IST 2024, elapsed time 0 seconds
