# gmm-acc-stats-ali exp_FG/tri_8_2000/20.mdl "ark,s,cs:apply-cmvn  --utt2spk=ark:data/train/split4/4/utt2spk scp:data/train/split4/4/cmvn.scp scp:data/train/split4/4/feats.scp ark:- | add-deltas  ark:- ark:- |" "ark,s,cs:gunzip -c exp_FG/tri_8_2000/ali.4.gz|" exp_FG/tri_8_2000/20.4.acc 
# Started at Wed Aug 28 00:10:33 IST 2024
#
gmm-acc-stats-ali exp_FG/tri_8_2000/20.mdl 'ark,s,cs:apply-cmvn  --utt2spk=ark:data/train/split4/4/utt2spk scp:data/train/split4/4/cmvn.scp scp:data/train/split4/4/feats.scp ark:- | add-deltas  ark:- ark:- |' 'ark,s,cs:gunzip -c exp_FG/tri_8_2000/ali.4.gz|' exp_FG/tri_8_2000/20.4.acc 
add-deltas ark:- ark:- 
apply-cmvn --utt2spk=ark:data/train/split4/4/utt2spk scp:data/train/split4/4/cmvn.scp scp:data/train/split4/4/feats.scp ark:- 
LOG (gmm-acc-stats-ali[5.5.1137~1-51744]:main():gmm-acc-stats-ali.cc:105) Processed 50 utterances; for utterance MSU1042 avg. like is -88.2174 over 492 frames.
LOG (gmm-acc-stats-ali[5.5.1137~1-51744]:main():gmm-acc-stats-ali.cc:105) Processed 100 utterances; for utterance MSU1088 avg. like is -84.7476 over 806 frames.
LOG (gmm-acc-stats-ali[5.5.1137~1-51744]:main():gmm-acc-stats-ali.cc:105) Processed 150 utterances; for utterance MSU1132 avg. like is -89.4537 over 618 frames.
LOG (gmm-acc-stats-ali[5.5.1137~1-51744]:main():gmm-acc-stats-ali.cc:105) Processed 200 utterances; for utterance MSU1178 avg. like is -85.1912 over 461 frames.
LOG (gmm-acc-stats-ali[5.5.1137~1-51744]:main():gmm-acc-stats-ali.cc:105) Processed 250 utterances; for utterance MSU1222 avg. like is -87.5504 over 301 frames.
LOG (gmm-acc-stats-ali[5.5.1137~1-51744]:main():gmm-acc-stats-ali.cc:105) Processed 300 utterances; for utterance MSU1268 avg. like is -86.7242 over 327 frames.
LOG (gmm-acc-stats-ali[5.5.1137~1-51744]:main():gmm-acc-stats-ali.cc:105) Processed 350 utterances; for utterance MSU1312 avg. like is -87.641 over 269 frames.
LOG (gmm-acc-stats-ali[5.5.1137~1-51744]:main():gmm-acc-stats-ali.cc:105) Processed 400 utterances; for utterance MSU1358 avg. like is -86.6943 over 193 frames.
LOG (gmm-acc-stats-ali[5.5.1137~1-51744]:main():gmm-acc-stats-ali.cc:105) Processed 450 utterances; for utterance MSU160 avg. like is -83.9309 over 156 frames.
LOG (gmm-acc-stats-ali[5.5.1137~1-51744]:main():gmm-acc-stats-ali.cc:105) Processed 500 utterances; for utterance MSU1777 avg. like is -79.9887 over 301 frames.
WARNING (gmm-acc-stats-ali[5.5.1137~1-51744]:main():gmm-acc-stats-ali.cc:79) No alignment for utterance MSU1802
LOG (gmm-acc-stats-ali[5.5.1137~1-51744]:main():gmm-acc-stats-ali.cc:105) Processed 550 utterances; for utterance MSU1822 avg. like is -81.8682 over 273 frames.
WARNING (gmm-acc-stats-ali[5.5.1137~1-51744]:main():gmm-acc-stats-ali.cc:79) No alignment for utterance MSU1825
LOG (gmm-acc-stats-ali[5.5.1137~1-51744]:main():gmm-acc-stats-ali.cc:105) Processed 600 utterances; for utterance MSU1869 avg. like is -75.11 over 86 frames.
LOG (gmm-acc-stats-ali[5.5.1137~1-51744]:main():gmm-acc-stats-ali.cc:105) Processed 650 utterances; for utterance MSU1913 avg. like is -77.4922 over 111 frames.
LOG (gmm-acc-stats-ali[5.5.1137~1-51744]:main():gmm-acc-stats-ali.cc:105) Processed 700 utterances; for utterance MSU1959 avg. like is -78.1735 over 236 frames.
LOG (gmm-acc-stats-ali[5.5.1137~1-51744]:main():gmm-acc-stats-ali.cc:105) Processed 750 utterances; for utterance MSU2002 avg. like is -78.3771 over 173 frames.
WARNING (gmm-acc-stats-ali[5.5.1137~1-51744]:main():gmm-acc-stats-ali.cc:79) No alignment for utterance MSU2008
LOG (gmm-acc-stats-ali[5.5.1137~1-51744]:main():gmm-acc-stats-ali.cc:105) Processed 800 utterances; for utterance MSU2114 avg. like is -72.747 over 148 frames.
LOG (gmm-acc-stats-ali[5.5.1137~1-51744]:main():gmm-acc-stats-ali.cc:105) Processed 850 utterances; for utterance MSU2162 avg. like is -79.5855 over 592 frames.
LOG (gmm-acc-stats-ali[5.5.1137~1-51744]:main():gmm-acc-stats-ali.cc:105) Processed 900 utterances; for utterance MSU2208 avg. like is -78.232 over 211 frames.
WARNING (gmm-acc-stats-ali[5.5.1137~1-51744]:main():gmm-acc-stats-ali.cc:79) No alignment for utterance MSU2240
LOG (gmm-acc-stats-ali[5.5.1137~1-51744]:main():gmm-acc-stats-ali.cc:105) Processed 950 utterances; for utterance MSU2255 avg. like is -78.0268 over 298 frames.
WARNING (gmm-acc-stats-ali[5.5.1137~1-51744]:main():gmm-acc-stats-ali.cc:79) No alignment for utterance MSU2295
LOG (gmm-acc-stats-ali[5.5.1137~1-51744]:main():gmm-acc-stats-ali.cc:105) Processed 1000 utterances; for utterance MSU2300 avg. like is -78.171 over 169 frames.
WARNING (gmm-acc-stats-ali[5.5.1137~1-51744]:main():gmm-acc-stats-ali.cc:79) No alignment for utterance MSU2311
LOG (gmm-acc-stats-ali[5.5.1137~1-51744]:main():gmm-acc-stats-ali.cc:105) Processed 1050 utterances; for utterance MSU2347 avg. like is -77.7993 over 136 frames.
LOG (gmm-acc-stats-ali[5.5.1137~1-51744]:main():gmm-acc-stats-ali.cc:105) Processed 1100 utterances; for utterance MSU2392 avg. like is -79.5887 over 282 frames.
LOG (gmm-acc-stats-ali[5.5.1137~1-51744]:main():gmm-acc-stats-ali.cc:105) Processed 1150 utterances; for utterance MSU2437 avg. like is -78.2718 over 486 frames.
WARNING (gmm-acc-stats-ali[5.5.1137~1-51744]:main():gmm-acc-stats-ali.cc:79) No alignment for utterance MSU2467
LOG (gmm-acc-stats-ali[5.5.1137~1-51744]:main():gmm-acc-stats-ali.cc:105) Processed 1200 utterances; for utterance MSU2483 avg. like is -78.8482 over 481 frames.
LOG (gmm-acc-stats-ali[5.5.1137~1-51744]:main():gmm-acc-stats-ali.cc:105) Processed 1250 utterances; for utterance MSU2528 avg. like is -78.9035 over 404 frames.
LOG (gmm-acc-stats-ali[5.5.1137~1-51744]:main():gmm-acc-stats-ali.cc:105) Processed 1300 utterances; for utterance MSU2573 avg. like is -79.8305 over 678 frames.
LOG (gmm-acc-stats-ali[5.5.1137~1-51744]:main():gmm-acc-stats-ali.cc:105) Processed 1350 utterances; for utterance MSU2618 avg. like is -79.9447 over 268 frames.
LOG (gmm-acc-stats-ali[5.5.1137~1-51744]:main():gmm-acc-stats-ali.cc:105) Processed 1400 utterances; for utterance MSU2663 avg. like is -80.2148 over 334 frames.
LOG (gmm-acc-stats-ali[5.5.1137~1-51744]:main():gmm-acc-stats-ali.cc:105) Processed 1450 utterances; for utterance MSU2708 avg. like is -80.8566 over 678 frames.
LOG (gmm-acc-stats-ali[5.5.1137~1-51744]:main():gmm-acc-stats-ali.cc:105) Processed 1500 utterances; for utterance MSU2753 avg. like is -78.7956 over 558 frames.
LOG (gmm-acc-stats-ali[5.5.1137~1-51744]:main():gmm-acc-stats-ali.cc:105) Processed 1550 utterances; for utterance MSU38 avg. like is -88.5384 over 201 frames.
LOG (gmm-acc-stats-ali[5.5.1137~1-51744]:main():gmm-acc-stats-ali.cc:105) Processed 1600 utterances; for utterance MSU424 avg. like is -83.8049 over 196 frames.
LOG (gmm-acc-stats-ali[5.5.1137~1-51744]:main():gmm-acc-stats-ali.cc:105) Processed 1650 utterances; for utterance MSU47 avg. like is -86.495 over 184 frames.
LOG (gmm-acc-stats-ali[5.5.1137~1-51744]:main():gmm-acc-stats-ali.cc:105) Processed 1700 utterances; for utterance MSU514 avg. like is -82.8378 over 89 frames.
LOG (gmm-acc-stats-ali[5.5.1137~1-51744]:main():gmm-acc-stats-ali.cc:105) Processed 1750 utterances; for utterance MSU56 avg. like is -87.6568 over 223 frames.
LOG (gmm-acc-stats-ali[5.5.1137~1-51744]:main():gmm-acc-stats-ali.cc:105) Processed 1800 utterances; for utterance MSU604 avg. like is -84.5433 over 176 frames.
LOG (gmm-acc-stats-ali[5.5.1137~1-51744]:main():gmm-acc-stats-ali.cc:105) Processed 1850 utterances; for utterance MSU65 avg. like is -85.5944 over 236 frames.
LOG (gmm-acc-stats-ali[5.5.1137~1-51744]:main():gmm-acc-stats-ali.cc:105) Processed 1900 utterances; for utterance MSU763 avg. like is -80.8851 over 259 frames.
LOG (gmm-acc-stats-ali[5.5.1137~1-51744]:main():gmm-acc-stats-ali.cc:105) Processed 1950 utterances; for utterance MSU808 avg. like is -89.0495 over 341 frames.
LOG (gmm-acc-stats-ali[5.5.1137~1-51744]:main():gmm-acc-stats-ali.cc:105) Processed 2000 utterances; for utterance MSU854 avg. like is -87.2161 over 382 frames.
LOG (gmm-acc-stats-ali[5.5.1137~1-51744]:main():gmm-acc-stats-ali.cc:105) Processed 2050 utterances; for utterance MSU90 avg. like is -91.7704 over 448 frames.
LOG (gmm-acc-stats-ali[5.5.1137~1-51744]:main():gmm-acc-stats-ali.cc:105) Processed 2100 utterances; for utterance MSU945 avg. like is -87.0779 over 242 frames.
LOG (gmm-acc-stats-ali[5.5.1137~1-51744]:main():gmm-acc-stats-ali.cc:105) Processed 2150 utterances; for utterance MSU990 avg. like is -88.6623 over 351 frames.
LOG (gmm-acc-stats-ali[5.5.1137~1-51744]:main():gmm-acc-stats-ali.cc:105) Processed 2200 utterances; for utterance MVI1034 avg. like is -89.8952 over 261 frames.
LOG (gmm-acc-stats-ali[5.5.1137~1-51744]:main():gmm-acc-stats-ali.cc:105) Processed 2250 utterances; for utterance MVI108 avg. like is -101.012 over 55 frames.
LOG (gmm-acc-stats-ali[5.5.1137~1-51744]:main():gmm-acc-stats-ali.cc:105) Processed 2300 utterances; for utterance MVI1124 avg. like is -91.507 over 414 frames.
LOG (gmm-acc-stats-ali[5.5.1137~1-51744]:main():gmm-acc-stats-ali.cc:105) Processed 2350 utterances; for utterance MVI117 avg. like is -95.5639 over 117 frames.
LOG (gmm-acc-stats-ali[5.5.1137~1-51744]:main():gmm-acc-stats-ali.cc:105) Processed 2400 utterances; for utterance MVI1214 avg. like is -91.1587 over 268 frames.
LOG (gmm-acc-stats-ali[5.5.1137~1-51744]:main():gmm-acc-stats-ali.cc:105) Processed 2450 utterances; for utterance MVI126 avg. like is -91.7779 over 82 frames.
LOG (gmm-acc-stats-ali[5.5.1137~1-51744]:main():gmm-acc-stats-ali.cc:105) Processed 2500 utterances; for utterance MVI1304 avg. like is -92.8234 over 419 frames.
LOG (gmm-acc-stats-ali[5.5.1137~1-51744]:main():gmm-acc-stats-ali.cc:105) Processed 2550 utterances; for utterance MVI135 avg. like is -96.0077 over 67 frames.
LOG (gmm-acc-stats-ali[5.5.1137~1-51744]:main():gmm-acc-stats-ali.cc:105) Processed 2600 utterances; for utterance MVI152 avg. like is -87.5808 over 111 frames.
LOG (gmm-acc-stats-ali[5.5.1137~1-51744]:main():gmm-acc-stats-ali.cc:105) Processed 2650 utterances; for utterance MVI1769 avg. like is -85.5966 over 149 frames.
LOG (gmm-acc-stats-ali[5.5.1137~1-51744]:main():gmm-acc-stats-ali.cc:105) Processed 2700 utterances; for utterance MVI1813 avg. like is -86.7378 over 266 frames.
LOG (gmm-acc-stats-ali[5.5.1137~1-51744]:main():gmm-acc-stats-ali.cc:105) Processed 2750 utterances; for utterance MVI1859 avg. like is -89.2241 over 111 frames.
LOG (gmm-acc-stats-ali[5.5.1137~1-51744]:main():gmm-acc-stats-ali.cc:105) Processed 2800 utterances; for utterance MVI1903 avg. like is -83.2316 over 59 frames.
LOG (gmm-acc-stats-ali[5.5.1137~1-51744]:main():gmm-acc-stats-ali.cc:105) Processed 2850 utterances; for utterance MVI1949 avg. like is -81.8533 over 94 frames.
LOG (gmm-acc-stats-ali[5.5.1137~1-51744]:main():gmm-acc-stats-ali.cc:105) Processed 2900 utterances; for utterance MVI1994 avg. like is -83.2667 over 206 frames.
LOG (gmm-acc-stats-ali[5.5.1137~1-51744]:main():gmm-acc-stats-ali.cc:105) Processed 2950 utterances; for utterance MVI204 avg. like is -88.2833 over 221 frames.
LOG (gmm-acc-stats-ali[5.5.1137~1-51744]:main():gmm-acc-stats-ali.cc:105) Processed 3000 utterances; for utterance MVI2151 avg. like is -88.2101 over 308 frames.
LOG (gmm-acc-stats-ali[5.5.1137~1-51744]:main():gmm-acc-stats-ali.cc:105) Processed 3050 utterances; for utterance MVI2198 avg. like is -85.4069 over 311 frames.
LOG (gmm-acc-stats-ali[5.5.1137~1-51744]:main():gmm-acc-stats-ali.cc:105) Processed 3100 utterances; for utterance MVI2243 avg. like is -84.5352 over 233 frames.
LOG (gmm-acc-stats-ali[5.5.1137~1-51744]:main():gmm-acc-stats-ali.cc:105) Processed 3150 utterances; for utterance MVI2289 avg. like is -86.0834 over 209 frames.
LOG (gmm-acc-stats-ali[5.5.1137~1-51744]:main():gmm-acc-stats-ali.cc:105) Processed 3200 utterances; for utterance MVI2333 avg. like is -85.0272 over 267 frames.
LOG (gmm-acc-stats-ali[5.5.1137~1-51744]:main():gmm-acc-stats-ali.cc:105) Processed 3250 utterances; for utterance MVI2379 avg. like is -86.4635 over 607 frames.
LOG (gmm-acc-stats-ali[5.5.1137~1-51744]:main():gmm-acc-stats-ali.cc:105) Processed 3300 utterances; for utterance MVI2423 avg. like is -81.9863 over 269 frames.
LOG (gmm-acc-stats-ali[5.5.1137~1-51744]:main():gmm-acc-stats-ali.cc:105) Processed 3350 utterances; for utterance MVI2469 avg. like is -85.3383 over 583 frames.
LOG (gmm-acc-stats-ali[5.5.1137~1-51744]:main():gmm-acc-stats-ali.cc:105) Processed 3400 utterances; for utterance MVI2513 avg. like is -84.7251 over 402 frames.
LOG (gmm-acc-stats-ali[5.5.1137~1-51744]:main():gmm-acc-stats-ali.cc:105) Processed 3450 utterances; for utterance MVI2559 avg. like is -85.3182 over 342 frames.
LOG (gmm-acc-stats-ali[5.5.1137~1-51744]:main():gmm-acc-stats-ali.cc:105) Processed 3500 utterances; for utterance MVI2603 avg. like is -85.6379 over 327 frames.
LOG (gmm-acc-stats-ali[5.5.1137~1-51744]:main():gmm-acc-stats-ali.cc:105) Processed 3550 utterances; for utterance MVI2649 avg. like is -86.6221 over 341 frames.
LOG (gmm-acc-stats-ali[5.5.1137~1-51744]:main():gmm-acc-stats-ali.cc:105) Processed 3600 utterances; for utterance MVI2694 avg. like is -83.6534 over 236 frames.
LOG (gmm-acc-stats-ali[5.5.1137~1-51744]:main():gmm-acc-stats-ali.cc:105) Processed 3650 utterances; for utterance MVI2739 avg. like is -84.4551 over 618 frames.
LOG (gmm-acc-stats-ali[5.5.1137~1-51744]:main():gmm-acc-stats-ali.cc:105) Processed 3700 utterances; for utterance MVI36 avg. like is -93.3934 over 179 frames.
LOG (gmm-acc-stats-ali[5.5.1137~1-51744]:main():gmm-acc-stats-ali.cc:105) Processed 3750 utterances; for utterance MVI41 avg. like is -93.4929 over 353 frames.
LOG (gmm-acc-stats-ali[5.5.1137~1-51744]:main():gmm-acc-stats-ali.cc:105) Processed 3800 utterances; for utterance MVI455 avg. like is -95.34 over 263 frames.
LOG (gmm-acc-stats-ali[5.5.1137~1-51744]:main():gmm-acc-stats-ali.cc:105) Processed 3850 utterances; for utterance MVI50 avg. like is -94.221 over 203 frames.
LOG (gmm-acc-stats-ali[5.5.1137~1-51744]:main():gmm-acc-stats-ali.cc:105) Processed 3900 utterances; for utterance MVI545 avg. like is -86.1143 over 86 frames.
LOG (gmm-acc-stats-ali[5.5.1137~1-51744]:main():gmm-acc-stats-ali.cc:105) Processed 3950 utterances; for utterance MVI590 avg. like is -90.6397 over 166 frames.
LOG (gmm-acc-stats-ali[5.5.1137~1-51744]:main():gmm-acc-stats-ali.cc:105) Processed 4000 utterances; for utterance MVI635 avg. like is -89.9975 over 184 frames.
LOG (gmm-acc-stats-ali[5.5.1137~1-51744]:main():gmm-acc-stats-ali.cc:105) Processed 4050 utterances; for utterance MVI747 avg. like is -92.0693 over 258 frames.
LOG (gmm-acc-stats-ali[5.5.1137~1-51744]:main():gmm-acc-stats-ali.cc:105) Processed 4100 utterances; for utterance MVI794 avg. like is -88.9618 over 188 frames.
LOG (gmm-acc-stats-ali[5.5.1137~1-51744]:main():gmm-acc-stats-ali.cc:105) Processed 4150 utterances; for utterance MVI84 avg. like is -97.8196 over 233 frames.
LOG (gmm-acc-stats-ali[5.5.1137~1-51744]:main():gmm-acc-stats-ali.cc:105) Processed 4200 utterances; for utterance MVI886 avg. like is -92.4618 over 254 frames.
LOG (gmm-acc-stats-ali[5.5.1137~1-51744]:main():gmm-acc-stats-ali.cc:105) Processed 4250 utterances; for utterance MVI930 avg. like is -93.4032 over 184 frames.
LOG (gmm-acc-stats-ali[5.5.1137~1-51744]:main():gmm-acc-stats-ali.cc:105) Processed 4300 utterances; for utterance MVI976 avg. like is -89.6026 over 191 frames.
LOG (apply-cmvn[5.5.1137~1-51744]:main():apply-cmvn.cc:162) Applied cepstral mean normalization to 4332 utterances, errors on 0
LOG (gmm-acc-stats-ali[5.5.1137~1-51744]:main():gmm-acc-stats-ali.cc:112) Done 4325 files, 7 with errors.
LOG (gmm-acc-stats-ali[5.5.1137~1-51744]:main():gmm-acc-stats-ali.cc:115) Overall avg like per frame (Gaussian only) = -85.6738 over 1204581 frames.
LOG (gmm-acc-stats-ali[5.5.1137~1-51744]:main():gmm-acc-stats-ali.cc:123) Written accs.
# Accounting: time=6 threads=1
# Ended (code 0) at Wed Aug 28 00:10:39 IST 2024, elapsed time 6 seconds
