# gmm-acc-stats-ali exp_FG/tri_8_2000/6.mdl "ark,s,cs:apply-cmvn  --utt2spk=ark:data/train/split4/1/utt2spk scp:data/train/split4/1/cmvn.scp scp:data/train/split4/1/feats.scp ark:- | add-deltas  ark:- ark:- |" "ark,s,cs:gunzip -c exp_FG/tri_8_2000/ali.1.gz|" exp_FG/tri_8_2000/6.1.acc 
# Started at Wed Aug 28 00:06:29 IST 2024
#
gmm-acc-stats-ali exp_FG/tri_8_2000/6.mdl 'ark,s,cs:apply-cmvn  --utt2spk=ark:data/train/split4/1/utt2spk scp:data/train/split4/1/cmvn.scp scp:data/train/split4/1/feats.scp ark:- | add-deltas  ark:- ark:- |' 'ark,s,cs:gunzip -c exp_FG/tri_8_2000/ali.1.gz|' exp_FG/tri_8_2000/6.1.acc 
apply-cmvn --utt2spk=ark:data/train/split4/1/utt2spk scp:data/train/split4/1/cmvn.scp scp:data/train/split4/1/feats.scp ark:- 
add-deltas ark:- ark:- 
LOG (gmm-acc-stats-ali[5.5.1137~1-51744]:main():gmm-acc-stats-ali.cc:105) Processed 50 utterances; for utterance FAM1042 avg. like is -95.5956 over 466 frames.
LOG (gmm-acc-stats-ali[5.5.1137~1-51744]:main():gmm-acc-stats-ali.cc:105) Processed 100 utterances; for utterance FAM1088 avg. like is -96.3101 over 716 frames.
LOG (gmm-acc-stats-ali[5.5.1137~1-51744]:main():gmm-acc-stats-ali.cc:105) Processed 150 utterances; for utterance FAM1132 avg. like is -94.857 over 517 frames.
LOG (gmm-acc-stats-ali[5.5.1137~1-51744]:main():gmm-acc-stats-ali.cc:105) Processed 200 utterances; for utterance FAM1178 avg. like is -95.6297 over 381 frames.
LOG (gmm-acc-stats-ali[5.5.1137~1-51744]:main():gmm-acc-stats-ali.cc:105) Processed 250 utterances; for utterance FAM1222 avg. like is -91.0996 over 279 frames.
LOG (gmm-acc-stats-ali[5.5.1137~1-51744]:main():gmm-acc-stats-ali.cc:105) Processed 300 utterances; for utterance FAM1268 avg. like is -92.2675 over 316 frames.
LOG (gmm-acc-stats-ali[5.5.1137~1-51744]:main():gmm-acc-stats-ali.cc:105) Processed 350 utterances; for utterance FAM1312 avg. like is -94.7811 over 287 frames.
LOG (gmm-acc-stats-ali[5.5.1137~1-51744]:main():gmm-acc-stats-ali.cc:105) Processed 400 utterances; for utterance FAM1358 avg. like is -93.5172 over 187 frames.
LOG (gmm-acc-stats-ali[5.5.1137~1-51744]:main():gmm-acc-stats-ali.cc:105) Processed 450 utterances; for utterance FAM160 avg. like is -99.3902 over 90 frames.
LOG (gmm-acc-stats-ali[5.5.1137~1-51744]:main():gmm-acc-stats-ali.cc:105) Processed 500 utterances; for utterance FAM1777 avg. like is -82.6955 over 386 frames.
LOG (gmm-acc-stats-ali[5.5.1137~1-51744]:main():gmm-acc-stats-ali.cc:105) Processed 550 utterances; for utterance FAM1821 avg. like is -83.2368 over 273 frames.
LOG (gmm-acc-stats-ali[5.5.1137~1-51744]:main():gmm-acc-stats-ali.cc:105) Processed 600 utterances; for utterance FAM1867 avg. like is -84.4123 over 123 frames.
LOG (gmm-acc-stats-ali[5.5.1137~1-51744]:main():gmm-acc-stats-ali.cc:105) Processed 650 utterances; for utterance FAM1911 avg. like is -82.6828 over 86 frames.
LOG (gmm-acc-stats-ali[5.5.1137~1-51744]:main():gmm-acc-stats-ali.cc:105) Processed 700 utterances; for utterance FAM1957 avg. like is -80.2885 over 173 frames.
LOG (gmm-acc-stats-ali[5.5.1137~1-51744]:main():gmm-acc-stats-ali.cc:105) Processed 750 utterances; for utterance FAM2000 avg. like is -82.4528 over 298 frames.
LOG (gmm-acc-stats-ali[5.5.1137~1-51744]:main():gmm-acc-stats-ali.cc:105) Processed 800 utterances; for utterance FAM2111 avg. like is -85.3671 over 221 frames.
LOG (gmm-acc-stats-ali[5.5.1137~1-51744]:main():gmm-acc-stats-ali.cc:105) Processed 850 utterances; for utterance FAM216 avg. like is -94.5781 over 250 frames.
LOG (gmm-acc-stats-ali[5.5.1137~1-51744]:main():gmm-acc-stats-ali.cc:105) Processed 900 utterances; for utterance FAM2205 avg. like is -83.3946 over 333 frames.
LOG (gmm-acc-stats-ali[5.5.1137~1-51744]:main():gmm-acc-stats-ali.cc:105) Processed 950 utterances; for utterance FAM2251 avg. like is -83.233 over 161 frames.
LOG (gmm-acc-stats-ali[5.5.1137~1-51744]:main():gmm-acc-stats-ali.cc:105) Processed 1000 utterances; for utterance FAM2297 avg. like is -87.3784 over 363 frames.
LOG (gmm-acc-stats-ali[5.5.1137~1-51744]:main():gmm-acc-stats-ali.cc:105) Processed 1050 utterances; for utterance FAM2341 avg. like is -84.4839 over 182 frames.
LOG (gmm-acc-stats-ali[5.5.1137~1-51744]:main():gmm-acc-stats-ali.cc:105) Processed 1100 utterances; for utterance FAM2387 avg. like is -82.3612 over 399 frames.
LOG (gmm-acc-stats-ali[5.5.1137~1-51744]:main():gmm-acc-stats-ali.cc:105) Processed 1150 utterances; for utterance FAM2431 avg. like is -86.8361 over 288 frames.
LOG (gmm-acc-stats-ali[5.5.1137~1-51744]:main():gmm-acc-stats-ali.cc:105) Processed 1200 utterances; for utterance FAM2477 avg. like is -85.4653 over 203 frames.
LOG (gmm-acc-stats-ali[5.5.1137~1-51744]:main():gmm-acc-stats-ali.cc:105) Processed 1250 utterances; for utterance FAM2521 avg. like is -88.5934 over 564 frames.
LOG (gmm-acc-stats-ali[5.5.1137~1-51744]:main():gmm-acc-stats-ali.cc:105) Processed 1300 utterances; for utterance FAM2567 avg. like is -89.2974 over 816 frames.
LOG (gmm-acc-stats-ali[5.5.1137~1-51744]:main():gmm-acc-stats-ali.cc:105) Processed 1350 utterances; for utterance FAM2611 avg. like is -87.3386 over 399 frames.
LOG (gmm-acc-stats-ali[5.5.1137~1-51744]:main():gmm-acc-stats-ali.cc:105) Processed 1400 utterances; for utterance FAM2657 avg. like is -86.0664 over 329 frames.
LOG (gmm-acc-stats-ali[5.5.1137~1-51744]:main():gmm-acc-stats-ali.cc:105) Processed 1450 utterances; for utterance FAM2701 avg. like is -84.4475 over 316 frames.
LOG (gmm-acc-stats-ali[5.5.1137~1-51744]:main():gmm-acc-stats-ali.cc:105) Processed 1500 utterances; for utterance FAM2747 avg. like is -86.6312 over 306 frames.
LOG (gmm-acc-stats-ali[5.5.1137~1-51744]:main():gmm-acc-stats-ali.cc:105) Processed 1550 utterances; for utterance FAM373 avg. like is -88.5895 over 147 frames.
LOG (gmm-acc-stats-ali[5.5.1137~1-51744]:main():gmm-acc-stats-ali.cc:105) Processed 1600 utterances; for utterance FAM418 avg. like is -90.4228 over 222 frames.
LOG (gmm-acc-stats-ali[5.5.1137~1-51744]:main():gmm-acc-stats-ali.cc:105) Processed 1650 utterances; for utterance FAM463 avg. like is -98.3179 over 234 frames.
LOG (gmm-acc-stats-ali[5.5.1137~1-51744]:main():gmm-acc-stats-ali.cc:105) Processed 1700 utterances; for utterance FAM508 avg. like is -92.7042 over 74 frames.
LOG (gmm-acc-stats-ali[5.5.1137~1-51744]:main():gmm-acc-stats-ali.cc:105) Processed 1750 utterances; for utterance FAM553 avg. like is -94.0839 over 61 frames.
LOG (gmm-acc-stats-ali[5.5.1137~1-51744]:main():gmm-acc-stats-ali.cc:105) Processed 1800 utterances; for utterance FAM599 avg. like is -88.0617 over 283 frames.
LOG (gmm-acc-stats-ali[5.5.1137~1-51744]:main():gmm-acc-stats-ali.cc:105) Processed 1850 utterances; for utterance FAM643 avg. like is -90.7176 over 298 frames.
LOG (gmm-acc-stats-ali[5.5.1137~1-51744]:main():gmm-acc-stats-ali.cc:105) Processed 1900 utterances; for utterance FAM757 avg. like is -88.8175 over 286 frames.
LOG (gmm-acc-stats-ali[5.5.1137~1-51744]:main():gmm-acc-stats-ali.cc:105) Processed 1950 utterances; for utterance FAM801 avg. like is -93.8938 over 278 frames.
LOG (gmm-acc-stats-ali[5.5.1137~1-51744]:main():gmm-acc-stats-ali.cc:105) Processed 2000 utterances; for utterance FAM848 avg. like is -90.4445 over 141 frames.
LOG (gmm-acc-stats-ali[5.5.1137~1-51744]:main():gmm-acc-stats-ali.cc:105) Processed 2050 utterances; for utterance FAM894 avg. like is -91.2333 over 241 frames.
LOG (gmm-acc-stats-ali[5.5.1137~1-51744]:main():gmm-acc-stats-ali.cc:105) Processed 2100 utterances; for utterance FAM939 avg. like is -93.1132 over 196 frames.
LOG (gmm-acc-stats-ali[5.5.1137~1-51744]:main():gmm-acc-stats-ali.cc:105) Processed 2150 utterances; for utterance FAM984 avg. like is -88.5149 over 176 frames.
LOG (gmm-acc-stats-ali[5.5.1137~1-51744]:main():gmm-acc-stats-ali.cc:105) Processed 2200 utterances; for utterance FBL1028 avg. like is -100.178 over 192 frames.
LOG (gmm-acc-stats-ali[5.5.1137~1-51744]:main():gmm-acc-stats-ali.cc:105) Processed 2250 utterances; for utterance FBL1073 avg. like is -91.01 over 269 frames.
LOG (gmm-acc-stats-ali[5.5.1137~1-51744]:main():gmm-acc-stats-ali.cc:105) Processed 2300 utterances; for utterance FBL1118 avg. like is -91.1772 over 646 frames.
LOG (gmm-acc-stats-ali[5.5.1137~1-51744]:main():gmm-acc-stats-ali.cc:105) Processed 2350 utterances; for utterance FBL1163 avg. like is -96.8179 over 651 frames.
LOG (gmm-acc-stats-ali[5.5.1137~1-51744]:main():gmm-acc-stats-ali.cc:105) Processed 2400 utterances; for utterance FBL1208 avg. like is -98.1366 over 689 frames.
LOG (gmm-acc-stats-ali[5.5.1137~1-51744]:main():gmm-acc-stats-ali.cc:105) Processed 2450 utterances; for utterance FBL1253 avg. like is -94.6416 over 556 frames.
LOG (gmm-acc-stats-ali[5.5.1137~1-51744]:main():gmm-acc-stats-ali.cc:105) Processed 2500 utterances; for utterance FBL1299 avg. like is -90.5679 over 544 frames.
LOG (gmm-acc-stats-ali[5.5.1137~1-51744]:main():gmm-acc-stats-ali.cc:105) Processed 2550 utterances; for utterance FBL1343 avg. like is -91.6443 over 412 frames.
LOG (gmm-acc-stats-ali[5.5.1137~1-51744]:main():gmm-acc-stats-ali.cc:105) Processed 2600 utterances; for utterance FBL146 avg. like is -97.3086 over 80 frames.
LOG (gmm-acc-stats-ali[5.5.1137~1-51744]:main():gmm-acc-stats-ali.cc:105) Processed 2650 utterances; for utterance FBL1762 avg. like is -87.5508 over 323 frames.
LOG (gmm-acc-stats-ali[5.5.1137~1-51744]:main():gmm-acc-stats-ali.cc:105) Processed 2700 utterances; for utterance FBL1807 avg. like is -90.5615 over 148 frames.
WARNING (gmm-acc-stats-ali[5.5.1137~1-51744]:main():gmm-acc-stats-ali.cc:79) No alignment for utterance FBL1845
LOG (gmm-acc-stats-ali[5.5.1137~1-51744]:main():gmm-acc-stats-ali.cc:105) Processed 2750 utterances; for utterance FBL1853 avg. like is -88.8744 over 86 frames.
LOG (gmm-acc-stats-ali[5.5.1137~1-51744]:main():gmm-acc-stats-ali.cc:105) Processed 2800 utterances; for utterance FBL1899 avg. like is -88.9935 over 111 frames.
LOG (gmm-acc-stats-ali[5.5.1137~1-51744]:main():gmm-acc-stats-ali.cc:105) Processed 2850 utterances; for utterance FBL1943 avg. like is -82.1907 over 136 frames.
WARNING (gmm-acc-stats-ali[5.5.1137~1-51744]:main():gmm-acc-stats-ali.cc:79) No alignment for utterance FBL1975
WARNING (gmm-acc-stats-ali[5.5.1137~1-51744]:main():gmm-acc-stats-ali.cc:79) No alignment for utterance FBL1981
LOG (gmm-acc-stats-ali[5.5.1137~1-51744]:main():gmm-acc-stats-ali.cc:105) Processed 2900 utterances; for utterance FBL1990 avg. like is -88.669 over 261 frames.
WARNING (gmm-acc-stats-ali[5.5.1137~1-51744]:main():gmm-acc-stats-ali.cc:79) No alignment for utterance FBL2027
WARNING (gmm-acc-stats-ali[5.5.1137~1-51744]:main():gmm-acc-stats-ali.cc:79) No alignment for utterance FBL2028
LOG (gmm-acc-stats-ali[5.5.1137~1-51744]:main():gmm-acc-stats-ali.cc:105) Processed 2950 utterances; for utterance FBL2036 avg. like is -88.793 over 348 frames.
LOG (gmm-acc-stats-ali[5.5.1137~1-51744]:main():gmm-acc-stats-ali.cc:105) Processed 3000 utterances; for utterance FBL215 avg. like is -108.51 over 325 frames.
WARNING (gmm-acc-stats-ali[5.5.1137~1-51744]:main():gmm-acc-stats-ali.cc:79) No alignment for utterance FBL2154
WARNING (gmm-acc-stats-ali[5.5.1137~1-51744]:main():gmm-acc-stats-ali.cc:79) No alignment for utterance FBL2168
WARNING (gmm-acc-stats-ali[5.5.1137~1-51744]:main():gmm-acc-stats-ali.cc:79) No alignment for utterance FBL2190
LOG (gmm-acc-stats-ali[5.5.1137~1-51744]:main():gmm-acc-stats-ali.cc:105) Processed 3050 utterances; for utterance FBL2199 avg. like is -89.0316 over 436 frames.
WARNING (gmm-acc-stats-ali[5.5.1137~1-51744]:main():gmm-acc-stats-ali.cc:79) No alignment for utterance FBL2231
LOG (gmm-acc-stats-ali[5.5.1137~1-51744]:main():gmm-acc-stats-ali.cc:105) Processed 3100 utterances; for utterance FBL2245 avg. like is -90.1593 over 286 frames.
LOG (gmm-acc-stats-ali[5.5.1137~1-51744]:main():gmm-acc-stats-ali.cc:105) Processed 3150 utterances; for utterance FBL2290 avg. like is -90.0435 over 248 frames.
WARNING (gmm-acc-stats-ali[5.5.1137~1-51744]:main():gmm-acc-stats-ali.cc:79) No alignment for utterance FBL2294
WARNING (gmm-acc-stats-ali[5.5.1137~1-51744]:main():gmm-acc-stats-ali.cc:79) No alignment for utterance FBL2322
LOG (gmm-acc-stats-ali[5.5.1137~1-51744]:main():gmm-acc-stats-ali.cc:105) Processed 3200 utterances; for utterance FBL2337 avg. like is -90.5257 over 286 frames.
WARNING (gmm-acc-stats-ali[5.5.1137~1-51744]:main():gmm-acc-stats-ali.cc:79) No alignment for utterance FBL2379
LOG (gmm-acc-stats-ali[5.5.1137~1-51744]:main():gmm-acc-stats-ali.cc:105) Processed 3250 utterances; for utterance FBL2383 avg. like is -89.0767 over 536 frames.
WARNING (gmm-acc-stats-ali[5.5.1137~1-51744]:main():gmm-acc-stats-ali.cc:79) No alignment for utterance FBL2385
WARNING (gmm-acc-stats-ali[5.5.1137~1-51744]:main():gmm-acc-stats-ali.cc:79) No alignment for utterance FBL2414
WARNING (gmm-acc-stats-ali[5.5.1137~1-51744]:main():gmm-acc-stats-ali.cc:79) No alignment for utterance FBL2422
WARNING (gmm-acc-stats-ali[5.5.1137~1-51744]:main():gmm-acc-stats-ali.cc:79) No alignment for utterance FBL2426
LOG (gmm-acc-stats-ali[5.5.1137~1-51744]:main():gmm-acc-stats-ali.cc:105) Processed 3300 utterances; for utterance FBL2431 avg. like is -89.8024 over 348 frames.
WARNING (gmm-acc-stats-ali[5.5.1137~1-51744]:main():gmm-acc-stats-ali.cc:79) No alignment for utterance FBL2437
WARNING (gmm-acc-stats-ali[5.5.1137~1-51744]:main():gmm-acc-stats-ali.cc:79) No alignment for utterance FBL2443
WARNING (gmm-acc-stats-ali[5.5.1137~1-51744]:main():gmm-acc-stats-ali.cc:79) No alignment for utterance FBL2444
WARNING (gmm-acc-stats-ali[5.5.1137~1-51744]:main():gmm-acc-stats-ali.cc:79) No alignment for utterance FBL2476
WARNING (gmm-acc-stats-ali[5.5.1137~1-51744]:main():gmm-acc-stats-ali.cc:79) No alignment for utterance FBL2480
LOG (gmm-acc-stats-ali[5.5.1137~1-51744]:main():gmm-acc-stats-ali.cc:105) Processed 3350 utterances; for utterance FBL2481 avg. like is -90.9278 over 698 frames.
WARNING (gmm-acc-stats-ali[5.5.1137~1-51744]:main():gmm-acc-stats-ali.cc:79) No alignment for utterance FBL2489
WARNING (gmm-acc-stats-ali[5.5.1137~1-51744]:main():gmm-acc-stats-ali.cc:79) No alignment for utterance FBL2491
WARNING (gmm-acc-stats-ali[5.5.1137~1-51744]:main():gmm-acc-stats-ali.cc:79) No alignment for utterance FBL2492
WARNING (gmm-acc-stats-ali[5.5.1137~1-51744]:main():gmm-acc-stats-ali.cc:79) No alignment for utterance FBL2498
LOG (gmm-acc-stats-ali[5.5.1137~1-51744]:main():gmm-acc-stats-ali.cc:105) Processed 3400 utterances; for utterance FBL253 avg. like is -99.158 over 359 frames.
WARNING (gmm-acc-stats-ali[5.5.1137~1-51744]:main():gmm-acc-stats-ali.cc:79) No alignment for utterance FBL2532
WARNING (gmm-acc-stats-ali[5.5.1137~1-51744]:main():gmm-acc-stats-ali.cc:79) No alignment for utterance FBL2554
WARNING (gmm-acc-stats-ali[5.5.1137~1-51744]:main():gmm-acc-stats-ali.cc:79) No alignment for utterance FBL2572
LOG (gmm-acc-stats-ali[5.5.1137~1-51744]:main():gmm-acc-stats-ali.cc:105) Processed 3450 utterances; for utterance FBL2578 avg. like is -91.6501 over 436 frames.
WARNING (gmm-acc-stats-ali[5.5.1137~1-51744]:main():gmm-acc-stats-ali.cc:79) No alignment for utterance FBL2579
WARNING (gmm-acc-stats-ali[5.5.1137~1-51744]:main():gmm-acc-stats-ali.cc:79) No alignment for utterance FBL2585
WARNING (gmm-acc-stats-ali[5.5.1137~1-51744]:main():gmm-acc-stats-ali.cc:79) No alignment for utterance FBL2607
WARNING (gmm-acc-stats-ali[5.5.1137~1-51744]:main():gmm-acc-stats-ali.cc:79) No alignment for utterance FBL2609
LOG (gmm-acc-stats-ali[5.5.1137~1-51744]:main():gmm-acc-stats-ali.cc:105) Processed 3500 utterances; for utterance FBL2626 avg. like is -89.6077 over 423 frames.
WARNING (gmm-acc-stats-ali[5.5.1137~1-51744]:main():gmm-acc-stats-ali.cc:79) No alignment for utterance FBL2641
WARNING (gmm-acc-stats-ali[5.5.1137~1-51744]:main():gmm-acc-stats-ali.cc:79) No alignment for utterance FBL2647
WARNING (gmm-acc-stats-ali[5.5.1137~1-51744]:main():gmm-acc-stats-ali.cc:79) No alignment for utterance FBL2661
WARNING (gmm-acc-stats-ali[5.5.1137~1-51744]:main():gmm-acc-stats-ali.cc:79) No alignment for utterance FBL2666
LOG (gmm-acc-stats-ali[5.5.1137~1-51744]:main():gmm-acc-stats-ali.cc:105) Processed 3550 utterances; for utterance FBL2675 avg. like is -86.3607 over 148 frames.
WARNING (gmm-acc-stats-ali[5.5.1137~1-51744]:main():gmm-acc-stats-ali.cc:79) No alignment for utterance FBL2684
WARNING (gmm-acc-stats-ali[5.5.1137~1-51744]:main():gmm-acc-stats-ali.cc:79) No alignment for utterance FBL2686
WARNING (gmm-acc-stats-ali[5.5.1137~1-51744]:main():gmm-acc-stats-ali.cc:79) No alignment for utterance FBL2708
WARNING (gmm-acc-stats-ali[5.5.1137~1-51744]:main():gmm-acc-stats-ali.cc:79) No alignment for utterance FBL2713
WARNING (gmm-acc-stats-ali[5.5.1137~1-51744]:main():gmm-acc-stats-ali.cc:79) No alignment for utterance FBL2714
LOG (gmm-acc-stats-ali[5.5.1137~1-51744]:main():gmm-acc-stats-ali.cc:105) Processed 3600 utterances; for utterance FBL2724 avg. like is -87.7573 over 598 frames.
WARNING (gmm-acc-stats-ali[5.5.1137~1-51744]:main():gmm-acc-stats-ali.cc:79) No alignment for utterance FBL2729
WARNING (gmm-acc-stats-ali[5.5.1137~1-51744]:main():gmm-acc-stats-ali.cc:79) No alignment for utterance FBL2760
LOG (gmm-acc-stats-ali[5.5.1137~1-51744]:main():gmm-acc-stats-ali.cc:105) Processed 3650 utterances; for utterance FBL287 avg. like is -98.5109 over 416 frames.
LOG (gmm-acc-stats-ali[5.5.1137~1-51744]:main():gmm-acc-stats-ali.cc:105) Processed 3700 utterances; for utterance FBL398 avg. like is -91.387 over 363 frames.
LOG (gmm-acc-stats-ali[5.5.1137~1-51744]:main():gmm-acc-stats-ali.cc:105) Processed 3750 utterances; for utterance FBL442 avg. like is -93.6462 over 346 frames.
LOG (gmm-acc-stats-ali[5.5.1137~1-51744]:main():gmm-acc-stats-ali.cc:105) Processed 3800 utterances; for utterance FBL488 avg. like is -89.9253 over 92 frames.
LOG (gmm-acc-stats-ali[5.5.1137~1-51744]:main():gmm-acc-stats-ali.cc:105) Processed 3850 utterances; for utterance FBL532 avg. like is -87.7444 over 141 frames.
LOG (gmm-acc-stats-ali[5.5.1137~1-51744]:main():gmm-acc-stats-ali.cc:105) Processed 3900 utterances; for utterance FBL578 avg. like is -97.1639 over 349 frames.
LOG (gmm-acc-stats-ali[5.5.1137~1-51744]:main():gmm-acc-stats-ali.cc:105) Processed 3950 utterances; for utterance FBL622 avg. like is -86.3011 over 334 frames.
LOG (gmm-acc-stats-ali[5.5.1137~1-51744]:main():gmm-acc-stats-ali.cc:105) Processed 4000 utterances; for utterance FBL733 avg. like is -93.9302 over 234 frames.
LOG (gmm-acc-stats-ali[5.5.1137~1-51744]:main():gmm-acc-stats-ali.cc:105) Processed 4050 utterances; for utterance FBL781 avg. like is -92.3382 over 319 frames.
LOG (gmm-acc-stats-ali[5.5.1137~1-51744]:main():gmm-acc-stats-ali.cc:105) Processed 4100 utterances; for utterance FBL827 avg. like is -95.1915 over 261 frames.
LOG (gmm-acc-stats-ali[5.5.1137~1-51744]:main():gmm-acc-stats-ali.cc:105) Processed 4150 utterances; for utterance FBL873 avg. like is -93.6262 over 384 frames.
LOG (gmm-acc-stats-ali[5.5.1137~1-51744]:main():gmm-acc-stats-ali.cc:105) Processed 4200 utterances; for utterance FBL918 avg. like is -96.1223 over 157 frames.
LOG (gmm-acc-stats-ali[5.5.1137~1-51744]:main():gmm-acc-stats-ali.cc:105) Processed 4250 utterances; for utterance FBL963 avg. like is -96.587 over 268 frames.
LOG (gmm-acc-stats-ali[5.5.1137~1-51744]:main():gmm-acc-stats-ali.cc:105) Processed 4300 utterances; for utterance FDH1007 avg. like is -86.8735 over 403 frames.
LOG (gmm-acc-stats-ali[5.5.1137~1-51744]:main():gmm-acc-stats-ali.cc:105) Processed 4350 utterances; for utterance FDH1052 avg. like is -88.1128 over 587 frames.
LOG (gmm-acc-stats-ali[5.5.1137~1-51744]:main():gmm-acc-stats-ali.cc:105) Processed 4400 utterances; for utterance FDH1098 avg. like is -86.6894 over 333 frames.
LOG (gmm-acc-stats-ali[5.5.1137~1-51744]:main():gmm-acc-stats-ali.cc:105) Processed 4450 utterances; for utterance FDH1142 avg. like is -88.6114 over 293 frames.
LOG (gmm-acc-stats-ali[5.5.1137~1-51744]:main():gmm-acc-stats-ali.cc:105) Processed 4500 utterances; for utterance FDH1188 avg. like is -89.5809 over 234 frames.
LOG (gmm-acc-stats-ali[5.5.1137~1-51744]:main():gmm-acc-stats-ali.cc:105) Processed 4550 utterances; for utterance FDH1232 avg. like is -89.8084 over 599 frames.
LOG (gmm-acc-stats-ali[5.5.1137~1-51744]:main():gmm-acc-stats-ali.cc:105) Processed 4600 utterances; for utterance FDH1278 avg. like is -89.0168 over 287 frames.
LOG (gmm-acc-stats-ali[5.5.1137~1-51744]:main():gmm-acc-stats-ali.cc:105) Processed 4650 utterances; for utterance FDH1322 avg. like is -87.4361 over 259 frames.
LOG (gmm-acc-stats-ali[5.5.1137~1-51744]:main():gmm-acc-stats-ali.cc:105) Processed 4700 utterances; for utterance FDH1368 avg. like is -89.3568 over 612 frames.
LOG (gmm-acc-stats-ali[5.5.1137~1-51744]:main():gmm-acc-stats-ali.cc:105) Processed 4750 utterances; for utterance FDH170 avg. like is -90.5382 over 145 frames.
LOG (gmm-acc-stats-ali[5.5.1137~1-51744]:main():gmm-acc-stats-ali.cc:105) Processed 4800 utterances; for utterance FDH1787 avg. like is -85.5431 over 173 frames.
LOG (gmm-acc-stats-ali[5.5.1137~1-51744]:main():gmm-acc-stats-ali.cc:105) Processed 4850 utterances; for utterance FDH1831 avg. like is -85.838 over 248 frames.
LOG (gmm-acc-stats-ali[5.5.1137~1-51744]:main():gmm-acc-stats-ali.cc:105) Processed 4900 utterances; for utterance FDH1877 avg. like is -81.3531 over 98 frames.
LOG (gmm-acc-stats-ali[5.5.1137~1-51744]:main():gmm-acc-stats-ali.cc:105) Processed 4950 utterances; for utterance FDH1921 avg. like is -83.9175 over 98 frames.
LOG (gmm-acc-stats-ali[5.5.1137~1-51744]:main():gmm-acc-stats-ali.cc:105) Processed 5000 utterances; for utterance FDH1967 avg. like is -82.8169 over 211 frames.
LOG (gmm-acc-stats-ali[5.5.1137~1-51744]:main():gmm-acc-stats-ali.cc:105) Processed 5050 utterances; for utterance FDH2010 avg. like is -83.6305 over 211 frames.
LOG (gmm-acc-stats-ali[5.5.1137~1-51744]:main():gmm-acc-stats-ali.cc:105) Processed 5100 utterances; for utterance FDH2121 avg. like is -84.035 over 248 frames.
LOG (gmm-acc-stats-ali[5.5.1137~1-51744]:main():gmm-acc-stats-ali.cc:105) Processed 5150 utterances; for utterance FDH217 avg. like is -90.3063 over 362 frames.
LOG (gmm-acc-stats-ali[5.5.1137~1-51744]:main():gmm-acc-stats-ali.cc:105) Processed 5200 utterances; for utterance FDH2215 avg. like is -84.5683 over 248 frames.
LOG (gmm-acc-stats-ali[5.5.1137~1-51744]:main():gmm-acc-stats-ali.cc:105) Processed 5250 utterances; for utterance FDH2261 avg. like is -86.3859 over 323 frames.
LOG (gmm-acc-stats-ali[5.5.1137~1-51744]:main():gmm-acc-stats-ali.cc:105) Processed 5300 utterances; for utterance FDH2306 avg. like is -84.5506 over 361 frames.
LOG (gmm-acc-stats-ali[5.5.1137~1-51744]:main():gmm-acc-stats-ali.cc:105) Processed 5350 utterances; for utterance FDH2351 avg. like is -86.6731 over 323 frames.
WARNING (gmm-acc-stats-ali[5.5.1137~1-51744]:main():gmm-acc-stats-ali.cc:79) No alignment for utterance FDH2393
LOG (gmm-acc-stats-ali[5.5.1137~1-51744]:main():gmm-acc-stats-ali.cc:105) Processed 5400 utterances; for utterance FDH2398 avg. like is -86.1739 over 607 frames.
LOG (gmm-acc-stats-ali[5.5.1137~1-51744]:main():gmm-acc-stats-ali.cc:105) Processed 5450 utterances; for utterance FDH2442 avg. like is -86.2762 over 561 frames.
LOG (gmm-acc-stats-ali[5.5.1137~1-51744]:main():gmm-acc-stats-ali.cc:105) Processed 5500 utterances; for utterance FDH2488 avg. like is -86.2908 over 373 frames.
WARNING (gmm-acc-stats-ali[5.5.1137~1-51744]:main():gmm-acc-stats-ali.cc:79) No alignment for utterance FDH2509
LOG (gmm-acc-stats-ali[5.5.1137~1-51744]:main():gmm-acc-stats-ali.cc:105) Processed 5550 utterances; for utterance FDH2533 avg. like is -84.8199 over 348 frames.
LOG (gmm-acc-stats-ali[5.5.1137~1-51744]:main():gmm-acc-stats-ali.cc:105) Processed 5600 utterances; for utterance FDH2579 avg. like is -87.4195 over 761 frames.
LOG (gmm-acc-stats-ali[5.5.1137~1-51744]:main():gmm-acc-stats-ali.cc:105) Processed 5650 utterances; for utterance FDH2623 avg. like is -82.7135 over 361 frames.
LOG (gmm-acc-stats-ali[5.5.1137~1-51744]:main():gmm-acc-stats-ali.cc:105) Processed 5700 utterances; for utterance FDH2669 avg. like is -84.4991 over 573 frames.
LOG (gmm-acc-stats-ali[5.5.1137~1-51744]:main():gmm-acc-stats-ali.cc:105) Processed 5750 utterances; for utterance FDH2713 avg. like is -86.8835 over 523 frames.
WARNING (gmm-acc-stats-ali[5.5.1137~1-51744]:main():gmm-acc-stats-ali.cc:79) No alignment for utterance FDH2754
LOG (gmm-acc-stats-ali[5.5.1137~1-51744]:main():gmm-acc-stats-ali.cc:105) Processed 5800 utterances; for utterance FDH276 avg. like is -93.3407 over 349 frames.
LOG (gmm-acc-stats-ali[5.5.1137~1-51744]:main():gmm-acc-stats-ali.cc:105) Processed 5850 utterances; for utterance FDH386 avg. like is -84.5296 over 266 frames.
LOG (gmm-acc-stats-ali[5.5.1137~1-51744]:main():gmm-acc-stats-ali.cc:105) Processed 5900 utterances; for utterance FDH430 avg. like is -89.4261 over 174 frames.
LOG (gmm-acc-stats-ali[5.5.1137~1-51744]:main():gmm-acc-stats-ali.cc:105) Processed 5950 utterances; for utterance FDH476 avg. like is -86.6765 over 97 frames.
LOG (gmm-acc-stats-ali[5.5.1137~1-51744]:main():gmm-acc-stats-ali.cc:105) Processed 6000 utterances; for utterance FDH520 avg. like is -85.4041 over 126 frames.
LOG (gmm-acc-stats-ali[5.5.1137~1-51744]:main():gmm-acc-stats-ali.cc:105) Processed 6050 utterances; for utterance FDH566 avg. like is -89.7727 over 109 frames.
LOG (gmm-acc-stats-ali[5.5.1137~1-51744]:main():gmm-acc-stats-ali.cc:105) Processed 6100 utterances; for utterance FDH610 avg. like is -92.3561 over 274 frames.
LOG (gmm-acc-stats-ali[5.5.1137~1-51744]:main():gmm-acc-stats-ali.cc:105) Processed 6150 utterances; for utterance FDH656 avg. like is -90.9311 over 392 frames.
LOG (gmm-acc-stats-ali[5.5.1137~1-51744]:main():gmm-acc-stats-ali.cc:105) Processed 6200 utterances; for utterance FDH77 avg. like is -91.2254 over 349 frames.
LOG (gmm-acc-stats-ali[5.5.1137~1-51744]:main():gmm-acc-stats-ali.cc:105) Processed 6250 utterances; for utterance FDH815 avg. like is -88.3897 over 289 frames.
LOG (gmm-acc-stats-ali[5.5.1137~1-51744]:main():gmm-acc-stats-ali.cc:105) Processed 6300 utterances; for utterance FDH861 avg. like is -88.875 over 208 frames.
LOG (gmm-acc-stats-ali[5.5.1137~1-51744]:main():gmm-acc-stats-ali.cc:105) Processed 6350 utterances; for utterance FDH906 avg. like is -87.0652 over 313 frames.
LOG (gmm-acc-stats-ali[5.5.1137~1-51744]:main():gmm-acc-stats-ali.cc:105) Processed 6400 utterances; for utterance FDH951 avg. like is -90.1729 over 279 frames.
LOG (apply-cmvn[5.5.1137~1-51744]:main():apply-cmvn.cc:162) Applied cepstral mean normalization to 6498 utterances, errors on 0
LOG (gmm-acc-stats-ali[5.5.1137~1-51744]:main():gmm-acc-stats-ali.cc:105) Processed 6450 utterances; for utterance FDH997 avg. like is -86.9893 over 212 frames.
LOG (gmm-acc-stats-ali[5.5.1137~1-51744]:main():gmm-acc-stats-ali.cc:112) Done 6452 files, 46 with errors.
LOG (gmm-acc-stats-ali[5.5.1137~1-51744]:main():gmm-acc-stats-ali.cc:115) Overall avg like per frame (Gaussian only) = -90.01 over 2094128 frames.
LOG (gmm-acc-stats-ali[5.5.1137~1-51744]:main():gmm-acc-stats-ali.cc:123) Written accs.
# Accounting: time=8 threads=1
# Ended (code 0) at Wed Aug 28 00:06:37 IST 2024, elapsed time 8 seconds
