# gmm-latgen-faster --max-active=7000 --beam=13.0 --lattice-beam=6.0 --acoustic-scale=0.083333 --allow-partial=true --word-symbol-table=exp_FG/tri_8_2000/graph/words.txt exp_FG/tri_8_2000/final.mdl exp_FG/tri_8_2000/graph/HCLG.fst "ark,s,cs:apply-cmvn  --utt2spk=ark:data/test/split4/1/utt2spk scp:data/test/split4/1/cmvn.scp scp:data/test/split4/1/feats.scp ark:- | add-deltas  ark:- ark:- |" "ark:|gzip -c > exp_FG/tri_8_2000/decode/lat.1.gz" 
# Started at Wed Aug 28 02:25:51 IST 2024
#
gmm-latgen-faster --max-active=7000 --beam=13.0 --lattice-beam=6.0 --acoustic-scale=0.083333 --allow-partial=true --word-symbol-table=exp_FG/tri_8_2000/graph/words.txt exp_FG/tri_8_2000/final.mdl exp_FG/tri_8_2000/graph/HCLG.fst 'ark,s,cs:apply-cmvn  --utt2spk=ark:data/test/split4/1/utt2spk scp:data/test/split4/1/cmvn.scp scp:data/test/split4/1/feats.scp ark:- | add-deltas  ark:- ark:- |' 'ark:|gzip -c > exp_FG/tri_8_2000/decode/lat.1.gz' 
apply-cmvn --utt2spk=ark:data/test/split4/1/utt2spk scp:data/test/split4/1/cmvn.scp scp:data/test/split4/1/feats.scp ark:- 
add-deltas ark:- ark:- 
FAM293 guruwai sisxyan wanxangginaan 
LOG (gmm-latgen-faster[5.5.1137~1-51744]:DecodeUtteranceLatticeFaster():decoder-wrappers.cc:375) Log-like per frame for utterance FAM293 is -8.09115 over 301 frames.
FAM294 siikkiram eerxpaadxeu sey 
LOG (gmm-latgen-faster[5.5.1137~1-51744]:DecodeUtteranceLatticeFaster():decoder-wrappers.cc:375) Log-like per frame for utterance FAM294 is -7.94383 over 355 frames.
FAM295 siirxum paambai ndambaadee 
LOG (gmm-latgen-faster[5.5.1137~1-51744]:DecodeUtteranceLatticeFaster():decoder-wrappers.cc:375) Log-like per frame for utterance FAM295 is -7.76796 over 325 frames.
FAM296 iratxtxai suzhi sirxuwan seetxtxai seywaan 
LOG (gmm-latgen-faster[5.5.1137~1-51744]:DecodeUtteranceLatticeFaster():decoder-wrappers.cc:375) Log-like per frame for utterance FAM296 is -8.05781 over 448 frames.
FAM297 suutxcamam arxinddeu seyalpadxeu 
LOG (gmm-latgen-faster[5.5.1137~1-51744]:DecodeUtteranceLatticeFaster():decoder-wrappers.cc:375) Log-like per frame for utterance FAM297 is -8.04082 over 399 frames.
FAM298 asuran tawam irunddaan 
LOG (gmm-latgen-faster[5.5.1137~1-51744]:DecodeUtteranceLatticeFaster():decoder-wrappers.cc:375) Log-like per frame for utterance FAM298 is -7.88793 over 379 frames.
FAM299 kaalxi suulam eenddinaan 
LOG (gmm-latgen-faster[5.5.1137~1-51744]:DecodeUtteranceLatticeFaster():decoder-wrappers.cc:375) Log-like per frame for utterance FAM299 is -7.85072 over 358 frames.
FAM300 sutxrxeu suuzhal sugaadaaram pinpatxrxeu 
LOG (gmm-latgen-faster[5.5.1137~1-51744]:DecodeUtteranceLatticeFaster():decoder-wrappers.cc:375) Log-like per frame for utterance FAM300 is -8.19287 over 409 frames.
FAM301 seewalin kuuwalil pozhudeu widxiyum 
LOG (gmm-latgen-faster[5.5.1137~1-51744]:DecodeUtteranceLatticeFaster():decoder-wrappers.cc:375) Log-like per frame for utterance FAM301 is -8.02245 over 456 frames.
FAM302 enakkeu yaar ndambar toonxdxiyadeu 
LOG (gmm-latgen-faster[5.5.1137~1-51744]:DecodeUtteranceLatticeFaster():decoder-wrappers.cc:375) Log-like per frame for utterance FAM302 is -7.86272 over 401 frames.
FAM303 njaayirxeu widxumurxai kadxai adxaippeu 
LOG (gmm-latgen-faster[5.5.1137~1-51744]:DecodeUtteranceLatticeFaster():decoder-wrappers.cc:375) Log-like per frame for utterance FAM303 is -7.92152 over 401 frames.
FAM304 tanggalx udxaimai miideu gawanam selutteu 
LOG (gmm-latgen-faster[5.5.1137~1-51744]:DecodeUtteranceLatticeFaster():decoder-wrappers.cc:375) Log-like per frame for utterance FAM304 is -8.12414 over 489 frames.
FAM305 saasxtxaanggam magan ndadxitteuk kaatxtxa njaanam teewai 
LOG (gmm-latgen-faster[5.5.1137~1-51744]:DecodeUtteranceLatticeFaster():decoder-wrappers.cc:375) Log-like per frame for utterance FAM305 is -8.22217 over 467 frames.
FAM306 seywana tirundda sey watxtxam azhageu 
LOG (gmm-latgen-faster[5.5.1137~1-51744]:DecodeUtteranceLatticeFaster():decoder-wrappers.cc:375) Log-like per frame for utterance FAM306 is -8.69501 over 287 frames.
FAM307 pon seyaleukkeut tiirweu kaanxeu 
LOG (gmm-latgen-faster[5.5.1137~1-51744]:DecodeUtteranceLatticeFaster():decoder-wrappers.cc:375) Log-like per frame for utterance FAM307 is -8.42216 over 277 frames.
FAM308 malar tuuwi waazhtteu 
LOG (gmm-latgen-faster[5.5.1137~1-51744]:DecodeUtteranceLatticeFaster():decoder-wrappers.cc:375) Log-like per frame for utterance FAM308 is -8.60319 over 208 frames.
FAM309 iranxdxeu pal puunxdxeu ndalladeu 
LOG (gmm-latgen-faster[5.5.1137~1-51744]:DecodeUtteranceLatticeFaster():decoder-wrappers.cc:375) Log-like per frame for utterance FAM309 is -8.66214 over 240 frames.
FAM310 dusxtxan dusxtxa seyal seywaan 
LOG (gmm-latgen-faster[5.5.1137~1-51744]:DecodeUtteranceLatticeFaster():decoder-wrappers.cc:375) Log-like per frame for utterance FAM310 is -8.57428 over 327 frames.
FAM311 purxaa tuudeu anuppa tolai duuram parxanddadeu 
LOG (gmm-latgen-faster[5.5.1137~1-51744]:DecodeUtteranceLatticeFaster():decoder-wrappers.cc:375) Log-like per frame for utterance FAM311 is -8.24519 over 448 frames.
FAM312 manjjalx tuulx maruttuwa gunxam ndirxainddadeu 
LOG (gmm-latgen-faster[5.5.1137~1-51744]:DecodeUtteranceLatticeFaster():decoder-wrappers.cc:375) Log-like per frame for utterance FAM312 is -8.41093 over 402 frames.
FAM313 kutxtxaiyil tanxnxiir teenggiyadeu 
LOG (gmm-latgen-faster[5.5.1137~1-51744]:DecodeUtteranceLatticeFaster():decoder-wrappers.cc:375) Log-like per frame for utterance FAM313 is -8.24171 over 279 frames.
FAM314 toonrxiya pugazhin toonrxuga 
LOG (gmm-latgen-faster[5.5.1137~1-51744]:DecodeUtteranceLatticeFaster():decoder-wrappers.cc:375) Log-like per frame for utterance FAM314 is -8.7281 over 250 frames.
FAM315 toosxattirxkeu parigaaram sey 
LOG (gmm-latgen-faster[5.5.1137~1-51744]:DecodeUtteranceLatticeFaster():decoder-wrappers.cc:375) Log-like per frame for utterance FAM315 is -8.38237 over 264 frames.
FAM316 ndacceup pugai oosoonai baadikkum 
LOG (gmm-latgen-faster[5.5.1137~1-51744]:DecodeUtteranceLatticeFaster():decoder-wrappers.cc:375) Log-like per frame for utterance FAM316 is -8.28558 over 370 frames.
FAM317 paambin ndanjjeu kodxiyadeu 
LOG (gmm-latgen-faster[5.5.1137~1-51744]:DecodeUtteranceLatticeFaster():decoder-wrappers.cc:375) Log-like per frame for utterance FAM317 is -7.96367 over 445 frames.
FAM318 inrxeu mazhai ndiidxikkum 
LOG (gmm-latgen-faster[5.5.1137~1-51744]:DecodeUtteranceLatticeFaster():decoder-wrappers.cc:375) Log-like per frame for utterance FAM318 is -8.00907 over 339 frames.
FAM319 saalaiyil ndiir ndirambiyadeu 
LOG (gmm-latgen-faster[5.5.1137~1-51744]:DecodeUtteranceLatticeFaster():decoder-wrappers.cc:375) Log-like per frame for utterance FAM319 is -7.74916 over 403 frames.
FAM320 banggalxaadeesx oreu ndaadxeu 
LOG (gmm-latgen-faster[5.5.1137~1-51744]:DecodeUtteranceLatticeFaster():decoder-wrappers.cc:375) Log-like per frame for utterance FAM320 is -7.87349 over 383 frames.
FAM321 een ippadxi ndoonjjaanaaga ireukkaan 
LOG (gmm-latgen-faster[5.5.1137~1-51744]:DecodeUtteranceLatticeFaster():decoder-wrappers.cc:375) Log-like per frame for utterance FAM321 is -8.25763 over 352 frames.
FAM322 igazhcci tanmai irunddadeu 
LOG (gmm-latgen-faster[5.5.1137~1-51744]:DecodeUtteranceLatticeFaster():decoder-wrappers.cc:375) Log-like per frame for utterance FAM322 is -8.03206 over 271 frames.
FAM323 ndaatxtxil tanxnxiir panjjam ndilawiyadeu 
LOG (gmm-latgen-faster[5.5.1137~1-51744]:DecodeUtteranceLatticeFaster():decoder-wrappers.cc:375) Log-like per frame for utterance FAM323 is -8.057 over 403 frames.
FAM324 panjjaayatteu wazhakkeu mudxiweukkeu wanddadeu 
LOG (gmm-latgen-faster[5.5.1137~1-51744]:DecodeUtteranceLatticeFaster():decoder-wrappers.cc:375) Log-like per frame for utterance FAM324 is -8.40766 over 313 frames.
FAM325 panjjeu nderuppil karugiyadeu 
LOG (gmm-latgen-faster[5.5.1137~1-51744]:DecodeUtteranceLatticeFaster():decoder-wrappers.cc:375) Log-like per frame for utterance FAM325 is -7.95771 over 315 frames.
FAM326 pazhanggudxi makkalx panxbeu sirxappeu 
LOG (gmm-latgen-faster[5.5.1137~1-51744]:DecodeUtteranceLatticeFaster():decoder-wrappers.cc:375) Log-like per frame for utterance FAM326 is -8.8532 over 288 frames.
FAM327 kaalai bajanai migawum pirabalam 
LOG (gmm-latgen-faster[5.5.1137~1-51744]:DecodeUtteranceLatticeFaster():decoder-wrappers.cc:375) Log-like per frame for utterance FAM327 is -8.10618 over 347 frames.
FAM328 jaalraa talaigalx baasxai peesinaar 
LOG (gmm-latgen-faster[5.5.1137~1-51744]:DecodeUtteranceLatticeFaster():decoder-wrappers.cc:375) Log-like per frame for utterance FAM328 is -8.31839 over 345 frames.
FAM329 en purusxan balasaali 
LOG (gmm-latgen-faster[5.5.1137~1-51744]:DecodeUtteranceLatticeFaster():decoder-wrappers.cc:375) Log-like per frame for utterance FAM329 is -8.30851 over 297 frames.
FAM330 oolaiccuwadxi uuril puugambam 
LOG (gmm-latgen-faster[5.5.1137~1-51744]:DecodeUtteranceLatticeFaster():decoder-wrappers.cc:375) Log-like per frame for utterance FAM330 is -8.23613 over 333 frames.
FAM331 puurwa jenma banddam 
LOG (gmm-latgen-faster[5.5.1137~1-51744]:DecodeUtteranceLatticeFaster():decoder-wrappers.cc:375) Log-like per frame for utterance FAM331 is -8.05181 over 244 frames.
FAM332 inrxeu puujaiyil kalanddeu kolx 
LOG (gmm-latgen-faster[5.5.1137~1-51744]:DecodeUtteranceLatticeFaster():decoder-wrappers.cc:375) Log-like per frame for utterance FAM332 is -8.05164 over 257 frames.
FAM333 pon porulx paartteu pazhagaadee 
LOG (gmm-latgen-faster[5.5.1137~1-51744]:DecodeUtteranceLatticeFaster():decoder-wrappers.cc:375) Log-like per frame for utterance FAM333 is -8.04193 over 265 frames.
FAM334 un mugam poliwaaga ulxlxadeu 
LOG (gmm-latgen-faster[5.5.1137~1-51744]:DecodeUtteranceLatticeFaster():decoder-wrappers.cc:375) Log-like per frame for utterance FAM334 is -8.12589 over 272 frames.
FAM335 petxtxiyai kiizhee poodxeu 
LOG (gmm-latgen-faster[5.5.1137~1-51744]:DecodeUtteranceLatticeFaster():decoder-wrappers.cc:375) Log-like per frame for utterance FAM335 is -8.42482 over 226 frames.
FAM336 pooliyaana waazhkkai tawir 
LOG (gmm-latgen-faster[5.5.1137~1-51744]:DecodeUtteranceLatticeFaster():decoder-wrappers.cc:375) Log-like per frame for utterance FAM336 is -8.32438 over 209 frames.
FAM337 raagi poosxaakkaana unxaweu 
LOG (gmm-latgen-faster[5.5.1137~1-51744]:DecodeUtteranceLatticeFaster():decoder-wrappers.cc:375) Log-like per frame for utterance FAM337 is -8.19744 over 315 frames.
FAM338 elumbeu majjai waliyadeu 
LOG (gmm-latgen-faster[5.5.1137~1-51744]:DecodeUtteranceLatticeFaster():decoder-wrappers.cc:375) Log-like per frame for utterance FAM338 is -8.09593 over 264 frames.
FAM339 etxtxeukkaali oreu puucci 
LOG (gmm-latgen-faster[5.5.1137~1-51744]:DecodeUtteranceLatticeFaster():decoder-wrappers.cc:375) Log-like per frame for utterance FAM339 is -8.14725 over 272 frames.
FAM340 maatxtxeukkeu maadattil mahaawiir jeyanddi 
LOG (gmm-latgen-faster[5.5.1137~1-51744]:DecodeUtteranceLatticeFaster():decoder-wrappers.cc:375) Log-like per frame for utterance FAM340 is -8.31729 over 383 frames.
FAM341 miin kanxnxeukkeu ndalladeu 
LOG (gmm-latgen-faster[5.5.1137~1-51744]:DecodeUtteranceLatticeFaster():decoder-wrappers.cc:375) Log-like per frame for utterance FAM341 is -8.21301 over 265 frames.
FAM342 muulxai illaadawan mutxtxaalx 
LOG (gmm-latgen-faster[5.5.1137~1-51744]:DecodeUtteranceLatticeFaster():decoder-wrappers.cc:375) Log-like per frame for utterance FAM342 is -8.03086 over 270 frames.
FAM343 tozhilil muuladanam poodxa weenxdxum 
LOG (gmm-latgen-faster[5.5.1137~1-51744]:DecodeUtteranceLatticeFaster():decoder-wrappers.cc:375) Log-like per frame for utterance FAM343 is -8.08085 over 310 frames.
FAM344 meejai meel eerxi ndil 
LOG (gmm-latgen-faster[5.5.1137~1-51744]:DecodeUtteranceLatticeFaster():decoder-wrappers.cc:375) Log-like per frame for utterance FAM344 is -8.02637 over 263 frames.
FAM345 indda maiyanggalx enggeu ulxlxadeu 
LOG (gmm-latgen-faster[5.5.1137~1-51744]:DecodeUtteranceLatticeFaster():decoder-wrappers.cc:375) Log-like per frame for utterance FAM345 is -7.92616 over 291 frames.
FAM346 makkalx raajjiyam weenxdxum 
LOG (gmm-latgen-faster[5.5.1137~1-51744]:DecodeUtteranceLatticeFaster():decoder-wrappers.cc:375) Log-like per frame for utterance FAM346 is -8.10893 over 251 frames.
FAM347 ndiccayam kuuzh roosxam adigam 
LOG (gmm-latgen-faster[5.5.1137~1-51744]:DecodeUtteranceLatticeFaster():decoder-wrappers.cc:375) Log-like per frame for utterance FAM347 is -8.52326 over 301 frames.
FAM348 lajjai enrxaal wekkam 
LOG (gmm-latgen-faster[5.5.1137~1-51744]:DecodeUtteranceLatticeFaster():decoder-wrappers.cc:375) Log-like per frame for utterance FAM348 is -8.03896 over 220 frames.
FAM349 tuukkam udxaleukkeu ndalladeu 
LOG (gmm-latgen-faster[5.5.1137~1-51744]:DecodeUtteranceLatticeFaster():decoder-wrappers.cc:375) Log-like per frame for utterance FAM349 is -8.56867 over 274 frames.
FAM350 laksxmi muga laksxanxam ulxlxa penx 
LOG (gmm-latgen-faster[5.5.1137~1-51744]:DecodeUtteranceLatticeFaster():decoder-wrappers.cc:375) Log-like per frame for utterance FAM350 is -8.04189 over 455 frames.
FAM351 widxaa muyarxci walxarcci tarum 
LOG (gmm-latgen-faster[5.5.1137~1-51744]:DecodeUtteranceLatticeFaster():decoder-wrappers.cc:375) Log-like per frame for utterance FAM351 is -8.41776 over 295 frames.
FAM352 wiitxtxil wiseesxam unxdxeu 
LOG (gmm-latgen-faster[5.5.1137~1-51744]:DecodeUtteranceLatticeFaster():decoder-wrappers.cc:375) Log-like per frame for utterance FAM352 is -8.04401 over 267 frames.
FAM353 wandda wisxayattaik kuurxeu 
LOG (gmm-latgen-faster[5.5.1137~1-51744]:DecodeUtteranceLatticeFaster():decoder-wrappers.cc:375) Log-like per frame for utterance FAM353 is -8.28141 over 270 frames.
FAM354 ezhil migundda eemaatxrxattai um peerunddeu 
LOG (gmm-latgen-faster[5.5.1137~1-51744]:DecodeUtteranceLatticeFaster():decoder-wrappers.cc:375) Log-like per frame for utterance FAM354 is -8.31408 over 377 frames.
FAM355 jadxai pinni weesxam poodxeu 
LOG (gmm-latgen-faster[5.5.1137~1-51744]:DecodeUtteranceLatticeFaster():decoder-wrappers.cc:375) Log-like per frame for utterance FAM355 is -8.21401 over 286 frames.
FAM356 janawari mudal maadam 
LOG (gmm-latgen-faster[5.5.1137~1-51744]:DecodeUtteranceLatticeFaster():decoder-wrappers.cc:375) Log-like per frame for utterance FAM356 is -7.96892 over 236 frames.
FAM357 janamee ndam balam 
LOG (gmm-latgen-faster[5.5.1137~1-51744]:DecodeUtteranceLatticeFaster():decoder-wrappers.cc:375) Log-like per frame for utterance FAM357 is -8.3171 over 208 frames.
FAM358 jaadi illaiyadxi paappaa 
LOG (gmm-latgen-faster[5.5.1137~1-51744]:DecodeUtteranceLatticeFaster():decoder-wrappers.cc:375) Log-like per frame for utterance FAM358 is -8.31791 over 184 frames.
FAM359 waay jaalam kaatxtxum manidan 
LOG (gmm-latgen-faster[5.5.1137~1-51744]:DecodeUtteranceLatticeFaster():decoder-wrappers.cc:375) Log-like per frame for utterance FAM359 is -8.28362 over 300 frames.
FAM360 jaalraa poodxa weenxdxaam 
LOG (gmm-latgen-faster[5.5.1137~1-51744]:DecodeUtteranceLatticeFaster():decoder-wrappers.cc:375) Log-like per frame for utterance FAM360 is -7.85882 over 280 frames.
FAM361 ajiiranxak koolxaarxeu 
LOG (gmm-latgen-faster[5.5.1137~1-51744]:DecodeUtteranceLatticeFaster():decoder-wrappers.cc:375) Log-like per frame for utterance FAM361 is -8.09702 over 203 frames.
FAM362 tatxtxaamee igazhnddeu kaanxeu teenggiyadeu 
LOG (gmm-latgen-faster[5.5.1137~1-51744]:DecodeUtteranceLatticeFaster():decoder-wrappers.cc:375) Log-like per frame for utterance FAM362 is -8.47563 over 309 frames.
FAM363 ndiinggalx sxeemamaaga irunggalx 
LOG (gmm-latgen-faster[5.5.1137~1-51744]:DecodeUtteranceLatticeFaster():decoder-wrappers.cc:375) Log-like per frame for utterance FAM363 is -8.35157 over 290 frames.
FAM364 kalagam pirxanddaal sanddippeu 
LOG (gmm-latgen-faster[5.5.1137~1-51744]:DecodeUtteranceLatticeFaster():decoder-wrappers.cc:375) Log-like per frame for utterance FAM364 is -8.08395 over 239 frames.
FAM365 winjnjaana walxarcci ndaatxtxeu walxarcci 
LOG (gmm-latgen-faster[5.5.1137~1-51744]:DecodeUtteranceLatticeFaster():decoder-wrappers.cc:375) Log-like per frame for utterance FAM365 is -8.27115 over 315 frames.
FBL293 guruwai sisxyan wanxangginaan 
LOG (gmm-latgen-faster[5.5.1137~1-51744]:DecodeUtteranceLatticeFaster():decoder-wrappers.cc:375) Log-like per frame for utterance FBL293 is -8.49839 over 357 frames.
FBL294 siikkiram eerxpaadxeu sey 
LOG (gmm-latgen-faster[5.5.1137~1-51744]:DecodeUtteranceLatticeFaster():decoder-wrappers.cc:375) Log-like per frame for utterance FBL294 is -8.25549 over 296 frames.
FBL295 siirxum paambai ndambaadee 
LOG (gmm-latgen-faster[5.5.1137~1-51744]:DecodeUtteranceLatticeFaster():decoder-wrappers.cc:375) Log-like per frame for utterance FBL295 is -8.08143 over 369 frames.
FBL296 iratxtxai suzhi sirxuwan seetxtxai irunddaan 
LOG (gmm-latgen-faster[5.5.1137~1-51744]:DecodeUtteranceLatticeFaster():decoder-wrappers.cc:375) Log-like per frame for utterance FBL296 is -8.34723 over 483 frames.
FBL297 oreu jalam kalanddeu ezhuppaadee 
LOG (gmm-latgen-faster[5.5.1137~1-51744]:DecodeUtteranceLatticeFaster():decoder-wrappers.cc:375) Log-like per frame for utterance FBL297 is -8.14972 over 416 frames.
FBL298 harisxtxam kadambam weenxdxaamee 
LOG (gmm-latgen-faster[5.5.1137~1-51744]:DecodeUtteranceLatticeFaster():decoder-wrappers.cc:375) Log-like per frame for utterance FBL298 is -7.89783 over 489 frames.
FBL299 kaalxi suulam eenddinaan 
LOG (gmm-latgen-faster[5.5.1137~1-51744]:DecodeUtteranceLatticeFaster():decoder-wrappers.cc:375) Log-like per frame for utterance FBL299 is -8.17514 over 379 frames.
FBL300 otxtxeuk sutxtxuraip paagam pinbeu patxtxeu 
LOG (gmm-latgen-faster[5.5.1137~1-51744]:DecodeUtteranceLatticeFaster():decoder-wrappers.cc:375) Log-like per frame for utterance FBL300 is -8.24237 over 529 frames.
FBL301 miidxiyaawil kulxir kulxirudeu mudxiyum 
LOG (gmm-latgen-faster[5.5.1137~1-51744]:DecodeUtteranceLatticeFaster():decoder-wrappers.cc:375) Log-like per frame for utterance FBL301 is -8.21738 over 476 frames.
FBL302 wizhunddeu aagum waazha marunddeu onrxee 
LOG (gmm-latgen-faster[5.5.1137~1-51744]:DecodeUtteranceLatticeFaster():decoder-wrappers.cc:375) Log-like per frame for utterance FBL302 is -8.02216 over 499 frames.
FBL303 yaaraiyum udawi maada madippeu 
LOG (gmm-latgen-faster[5.5.1137~1-51744]:DecodeUtteranceLatticeFaster():decoder-wrappers.cc:375) Log-like per frame for utterance FBL303 is -7.99857 over 476 frames.
FBL304 tanggalx udxaimai miideu waaram welxiyitxtxeu 
LOG (gmm-latgen-faster[5.5.1137~1-51744]:DecodeUtteranceLatticeFaster():decoder-wrappers.cc:375) Log-like per frame for utterance FBL304 is -8.13721 over 547 frames.
FBL305 patxtxeu sonnaan maruttuwa aatxtxam gooburam petxrxawai 
LOG (gmm-latgen-faster[5.5.1137~1-51744]:DecodeUtteranceLatticeFaster():decoder-wrappers.cc:375) Log-like per frame for utterance FBL305 is -8.1311 over 689 frames.
FBL306 tii muutxtxi kiizhee wiizhcci marunddeu 
LOG (gmm-latgen-faster[5.5.1137~1-51744]:DecodeUtteranceLatticeFaster():decoder-wrappers.cc:375) Log-like per frame for utterance FBL306 is -8.3068 over 528 frames.
FBL307 tozhilil keelxwiyaik kai kiirai kaalai 
LOG (gmm-latgen-faster[5.5.1137~1-51744]:DecodeUtteranceLatticeFaster():decoder-wrappers.cc:375) Log-like per frame for utterance FBL307 is -8.02641 over 480 frames.
FBL308 paagam kurxi waazhtteu 
LOG (gmm-latgen-faster[5.5.1137~1-51744]:DecodeUtteranceLatticeFaster():decoder-wrappers.cc:375) Log-like per frame for utterance FBL308 is -8.37287 over 274 frames.
FBL309 siwaneukkeu arunddeu puunxdxeu ndalladeu 
LOG (gmm-latgen-faster[5.5.1137~1-51744]:DecodeUtteranceLatticeFaster():decoder-wrappers.cc:375) Log-like per frame for utterance FBL309 is -8.87884 over 351 frames.
FBL310 harisxtxam kurxitteu anjjal eerxuwaan 
LOG (gmm-latgen-faster[5.5.1137~1-51744]:DecodeUtteranceLatticeFaster():decoder-wrappers.cc:375) Log-like per frame for utterance FBL310 is -8.88738 over 380 frames.
FBL311 koolxaarxeu pudeu padxattai kurxai ooram aaranjjeu 
LOG (gmm-latgen-faster[5.5.1137~1-51744]:DecodeUtteranceLatticeFaster():decoder-wrappers.cc:375) Log-like per frame for utterance FBL311 is -8.50648 over 696 frames.
FBL312 waazhnddaal uuril taalxitteu warum peerunddeu 
LOG (gmm-latgen-faster[5.5.1137~1-51744]:DecodeUtteranceLatticeFaster():decoder-wrappers.cc:375) Log-like per frame for utterance FBL312 is -8.62723 over 581 frames.
FBL313 kutxtxaiyil tanxnxiir teenggiyadeu 
LOG (gmm-latgen-faster[5.5.1137~1-51744]:DecodeUtteranceLatticeFaster():decoder-wrappers.cc:375) Log-like per frame for utterance FBL313 is -8.41437 over 369 frames.
FBL314 kadxandda puli kolxlxaadee 
LOG (gmm-latgen-faster[5.5.1137~1-51744]:DecodeUtteranceLatticeFaster():decoder-wrappers.cc:375) Log-like per frame for utterance FBL314 is -8.5592 over 375 frames.
FBL315 paas kutxtxaiyil kanxidam sey 
LOG (gmm-latgen-faster[5.5.1137~1-51744]:DecodeUtteranceLatticeFaster():decoder-wrappers.cc:375) Log-like per frame for utterance FBL315 is -8.35824 over 359 frames.
FBL316 ndacceup pugai oosoonai maats kasxtxam 
LOG (gmm-latgen-faster[5.5.1137~1-51744]:DecodeUtteranceLatticeFaster():decoder-wrappers.cc:375) Log-like per frame for utterance FBL316 is -8.78699 over 467 frames.
FBL317 paambin ndanjjeu kodxiyadeu 
LOG (gmm-latgen-faster[5.5.1137~1-51744]:DecodeUtteranceLatticeFaster():decoder-wrappers.cc:375) Log-like per frame for utterance FBL317 is -8.58641 over 350 frames.
FBL318 inrxeu mazhai ndiidxikkum 
LOG (gmm-latgen-faster[5.5.1137~1-51744]:DecodeUtteranceLatticeFaster():decoder-wrappers.cc:375) Log-like per frame for utterance FBL318 is -8.45194 over 334 frames.
FBL319 kaalaiyil anrxeu teriyawillai 
LOG (gmm-latgen-faster[5.5.1137~1-51744]:DecodeUtteranceLatticeFaster():decoder-wrappers.cc:375) Log-like per frame for utterance FBL319 is -8.06573 over 323 frames.
FBL320 marunddai keeli oreu aacceu 
LOG (gmm-latgen-faster[5.5.1137~1-51744]:DecodeUtteranceLatticeFaster():decoder-wrappers.cc:375) Log-like per frame for utterance FBL320 is -8.16264 over 419 frames.
FBL321 mai kiptx dxeyli pooy txaas anggee kiizhee taan 
LOG (gmm-latgen-faster[5.5.1137~1-51744]:DecodeUtteranceLatticeFaster():decoder-wrappers.cc:375) Log-like per frame for utterance FBL321 is -8.9212 over 463 frames.
FBL322 deesiya panggeu uyarnddadeu 
LOG (gmm-latgen-faster[5.5.1137~1-51744]:DecodeUtteranceLatticeFaster():decoder-wrappers.cc:375) Log-like per frame for utterance FBL322 is -8.27213 over 389 frames.
FBL323 ndaatxtxil tanxnxiir panjjam wiidxeu 
LOG (gmm-latgen-faster[5.5.1137~1-51744]:DecodeUtteranceLatticeFaster():decoder-wrappers.cc:375) Log-like per frame for utterance FBL323 is -8.26707 over 437 frames.
FBL324 mannaa sutxrxeu mudxiweukkeu wanddadeu 
LOG (gmm-latgen-faster[5.5.1137~1-51744]:DecodeUtteranceLatticeFaster():decoder-wrappers.cc:375) Log-like per frame for utterance FBL324 is -8.15055 over 464 frames.
FBL325 panjjeu nderuppil karugiyadeu 
LOG (gmm-latgen-faster[5.5.1137~1-51744]:DecodeUtteranceLatticeFaster():decoder-wrappers.cc:375) Log-like per frame for utterance FBL325 is -8.2016 over 330 frames.
FBL326 paaynddaal puli patxtxeu ndaanjjil suzhatxrxeu 
LOG (gmm-latgen-faster[5.5.1137~1-51744]:DecodeUtteranceLatticeFaster():decoder-wrappers.cc:375) Log-like per frame for utterance FBL326 is -8.58157 over 488 frames.
FBL327 aarxudal patxtxanai rambam baaradam 
LOG (gmm-latgen-faster[5.5.1137~1-51744]:DecodeUtteranceLatticeFaster():decoder-wrappers.cc:375) Log-like per frame for utterance FBL327 is -8.41865 over 349 frames.
FBL328 dxenggeu raajaa endda baasxai engga taay 
LOG (gmm-latgen-faster[5.5.1137~1-51744]:DecodeUtteranceLatticeFaster():decoder-wrappers.cc:375) Log-like per frame for utterance FBL328 is -8.56119 over 427 frames.
FBL329 renxdxeu pudxittaal maada mazhai 
LOG (gmm-latgen-faster[5.5.1137~1-51744]:DecodeUtteranceLatticeFaster():decoder-wrappers.cc:375) Log-like per frame for utterance FBL329 is -8.61188 over 348 frames.
FBL330 purusxan uuril puugambam 
LOG (gmm-latgen-faster[5.5.1137~1-51744]:DecodeUtteranceLatticeFaster():decoder-wrappers.cc:375) Log-like per frame for utterance FBL330 is -8.53226 over 309 frames.
FBL331 uurwadeu paambai banddam 
LOG (gmm-latgen-faster[5.5.1137~1-51744]:DecodeUtteranceLatticeFaster():decoder-wrappers.cc:375) Log-like per frame for utterance FBL331 is -8.50497 over 258 frames.
FBL332 inrxeu puujaiyil kalanddeu kolx 
LOG (gmm-latgen-faster[5.5.1137~1-51744]:DecodeUtteranceLatticeFaster():decoder-wrappers.cc:375) Log-like per frame for utterance FBL332 is -8.38235 over 349 frames.
FBL333 pon porulx paartteu pazhagaadee 
LOG (gmm-latgen-faster[5.5.1137~1-51744]:DecodeUtteranceLatticeFaster():decoder-wrappers.cc:375) Log-like per frame for utterance FBL333 is -8.26728 over 361 frames.
FBL334 pon porulx malaiyaalxa ulxlxadeu 
LOG (gmm-latgen-faster[5.5.1137~1-51744]:DecodeUtteranceLatticeFaster():decoder-wrappers.cc:375) Log-like per frame for utterance FBL334 is -8.14218 over 362 frames.
FBL335 petxtxiyai kiizhee poodxeu 
LOG (gmm-latgen-faster[5.5.1137~1-51744]:DecodeUtteranceLatticeFaster():decoder-wrappers.cc:375) Log-like per frame for utterance FBL335 is -8.3489 over 281 frames.
FBL336 pooliyaana waazhkkai tawir 
LOG (gmm-latgen-faster[5.5.1137~1-51744]:DecodeUtteranceLatticeFaster():decoder-wrappers.cc:375) Log-like per frame for utterance FBL336 is -7.90963 over 366 frames.
FBL337 ndaay kuzhi paarttaal waangga ulxlxadeu 
LOG (gmm-latgen-faster[5.5.1137~1-51744]:DecodeUtteranceLatticeFaster():decoder-wrappers.cc:375) Log-like per frame for utterance FBL337 is -8.20555 over 406 frames.
FBL338 elumbeu majjai waliyadeu 
LOG (gmm-latgen-faster[5.5.1137~1-51744]:DecodeUtteranceLatticeFaster():decoder-wrappers.cc:375) Log-like per frame for utterance FBL338 is -8.2657 over 298 frames.
FBL339 etxtxeukkaali oreu puucci 
LOG (gmm-latgen-faster[5.5.1137~1-51744]:DecodeUtteranceLatticeFaster():decoder-wrappers.cc:375) Log-like per frame for utterance FBL339 is -8.61562 over 278 frames.
FBL340 aacceu aatxtxam samaalxikka itxli 
LOG (gmm-latgen-faster[5.5.1137~1-51744]:DecodeUtteranceLatticeFaster():decoder-wrappers.cc:375) Log-like per frame for utterance FBL340 is -8.22868 over 494 frames.
FBL341 miin kanxnxeukkeu ndalladeu 
LOG (gmm-latgen-faster[5.5.1137~1-51744]:DecodeUtteranceLatticeFaster():decoder-wrappers.cc:375) Log-like per frame for utterance FBL341 is -8.53719 over 269 frames.
FBL342 muulxai iiyam illaadawan mutxtxaalx 
LOG (gmm-latgen-faster[5.5.1137~1-51744]:DecodeUtteranceLatticeFaster():decoder-wrappers.cc:375) Log-like per frame for utterance FBL342 is -8.29773 over 435 frames.
FBL343 kuzhanddai tozhilaalxar poolaweetaan 
LOG (gmm-latgen-faster[5.5.1137~1-51744]:DecodeUtteranceLatticeFaster():decoder-wrappers.cc:375) Log-like per frame for utterance FBL343 is -8.14126 over 367 frames.
FBL344 kuzhanddai seyal weerxillai 
LOG (gmm-latgen-faster[5.5.1137~1-51744]:DecodeUtteranceLatticeFaster():decoder-wrappers.cc:375) Log-like per frame for utterance FBL344 is -8.14686 over 282 frames.
FBL345 sirxandda mayil enggeu ulxlxadeu 
LOG (gmm-latgen-faster[5.5.1137~1-51744]:DecodeUtteranceLatticeFaster():decoder-wrappers.cc:375) Log-like per frame for utterance FBL345 is -8.32845 over 384 frames.
FBL346 patxtxaam selwam meegam 
LOG (gmm-latgen-faster[5.5.1137~1-51744]:DecodeUtteranceLatticeFaster():decoder-wrappers.cc:375) Log-like per frame for utterance FBL346 is -8.42414 over 308 frames.
FBL347 dxisain perxeu pon baadikkum 
LOG (gmm-latgen-faster[5.5.1137~1-51744]:DecodeUtteranceLatticeFaster():decoder-wrappers.cc:375) Log-like per frame for utterance FBL347 is -8.72214 over 285 frames.
FBL348 anjjali enrxaal wekkam 
LOG (gmm-latgen-faster[5.5.1137~1-51744]:DecodeUtteranceLatticeFaster():decoder-wrappers.cc:375) Log-like per frame for utterance FBL348 is -8.70358 over 241 frames.
FBL349 tuukkam wizhunddeu wanxanggeu 
LOG (gmm-latgen-faster[5.5.1137~1-51744]:DecodeUtteranceLatticeFaster():decoder-wrappers.cc:375) Log-like per frame for utterance FBL349 is -7.88658 over 346 frames.
FBL350 sarkkarai mayakkam waazhnddaal peerunddeu 
LOG (gmm-latgen-faster[5.5.1137~1-51744]:DecodeUtteranceLatticeFaster():decoder-wrappers.cc:375) Log-like per frame for utterance FBL350 is -8.63376 over 378 frames.
FBL351 keetxtxaan urxinjji adirsxtxam tarum 
LOG (gmm-latgen-faster[5.5.1137~1-51744]:DecodeUtteranceLatticeFaster():decoder-wrappers.cc:375) Log-like per frame for utterance FBL351 is -8.38114 over 411 frames.
FBL352 isxtxam kasxtxam ulxunddeu 
LOG (gmm-latgen-faster[5.5.1137~1-51744]:DecodeUtteranceLatticeFaster():decoder-wrappers.cc:375) Log-like per frame for utterance FBL352 is -8.44975 over 300 frames.
FBL353 wandda isai puli 
LOG (gmm-latgen-faster[5.5.1137~1-51744]:DecodeUtteranceLatticeFaster():decoder-wrappers.cc:375) Log-like per frame for utterance FBL353 is -8.23902 over 309 frames.
FBL354 wiral wiidi wazhiyaaga sellum peerunddeu 
LOG (gmm-latgen-faster[5.5.1137~1-51744]:DecodeUtteranceLatticeFaster():decoder-wrappers.cc:375) Log-like per frame for utterance FBL354 is -8.08645 over 495 frames.
FBL355 jadxai pinni weesxam poodxeu 
LOG (gmm-latgen-faster[5.5.1137~1-51744]:DecodeUtteranceLatticeFaster():decoder-wrappers.cc:375) Log-like per frame for utterance FBL355 is -8.3656 over 353 frames.
FBL356 kaalxi suulam paagam 
LOG (gmm-latgen-faster[5.5.1137~1-51744]:DecodeUtteranceLatticeFaster():decoder-wrappers.cc:375) Log-like per frame for utterance FBL356 is -8.12463 over 269 frames.
FBL357 janamee ndam balam 
LOG (gmm-latgen-faster[5.5.1137~1-51744]:DecodeUtteranceLatticeFaster():decoder-wrappers.cc:375) Log-like per frame for utterance FBL357 is -8.34635 over 201 frames.
FBL358 kaalxi aaranjjeu paappaa 
LOG (gmm-latgen-faster[5.5.1137~1-51744]:DecodeUtteranceLatticeFaster():decoder-wrappers.cc:375) Log-like per frame for utterance FBL358 is -8.1347 over 307 frames.
FBL359 waay jaalam kaatxtxum manidan 
LOG (gmm-latgen-faster[5.5.1137~1-51744]:DecodeUtteranceLatticeFaster():decoder-wrappers.cc:375) Log-like per frame for utterance FBL359 is -8.27001 over 352 frames.
FBL360 aarxudal kooldxaa paappaa 
LOG (gmm-latgen-faster[5.5.1137~1-51744]:DecodeUtteranceLatticeFaster():decoder-wrappers.cc:375) Log-like per frame for utterance FBL360 is -8.55162 over 240 frames.
FBL361 kaalaiyila toonxdxiyadeu 
LOG (gmm-latgen-faster[5.5.1137~1-51744]:DecodeUtteranceLatticeFaster():decoder-wrappers.cc:375) Log-like per frame for utterance FBL361 is -7.92172 over 290 frames.
FBL362 appadawiyil iranxdxeu gaanddi jeyanddi 
LOG (gmm-latgen-faster[5.5.1137~1-51744]:DecodeUtteranceLatticeFaster():decoder-wrappers.cc:375) Log-like per frame for utterance FBL362 is -8.4211 over 423 frames.
FBL363 ndiinggalx idaip taazha erinddadeu 
LOG (gmm-latgen-faster[5.5.1137~1-51744]:DecodeUtteranceLatticeFaster():decoder-wrappers.cc:375) Log-like per frame for utterance FBL363 is -8.17796 over 308 frames.
FBL364 kulxircci keetxtxeuk mazhai dusxtxan 
LOG (gmm-latgen-faster[5.5.1137~1-51744]:DecodeUtteranceLatticeFaster():decoder-wrappers.cc:375) Log-like per frame for utterance FBL364 is -8.26619 over 380 frames.
FBL365 senddamizhum kazhicceu paarkkanxum ndalla tiirweu 
LOG (gmm-latgen-faster[5.5.1137~1-51744]:DecodeUtteranceLatticeFaster():decoder-wrappers.cc:375) Log-like per frame for utterance FBL365 is -8.23271 over 433 frames.
FDH293 guruwai sisxyan wanxangginaan 
LOG (gmm-latgen-faster[5.5.1137~1-51744]:DecodeUtteranceLatticeFaster():decoder-wrappers.cc:375) Log-like per frame for utterance FDH293 is -7.66741 over 349 frames.
FDH294 siikkiram eerxpaadxeu sey 
LOG (gmm-latgen-faster[5.5.1137~1-51744]:DecodeUtteranceLatticeFaster():decoder-wrappers.cc:375) Log-like per frame for utterance FDH294 is -7.74589 over 303 frames.
FDH295 siirxum paambai ndambaadee 
LOG (gmm-latgen-faster[5.5.1137~1-51744]:DecodeUtteranceLatticeFaster():decoder-wrappers.cc:375) Log-like per frame for utterance FDH295 is -7.56005 over 551 frames.
FDH296 igazhcci suzhi sirxuwan seetxtxai seywaan 
LOG (gmm-latgen-faster[5.5.1137~1-51744]:DecodeUtteranceLatticeFaster():decoder-wrappers.cc:375) Log-like per frame for utterance FDH296 is -7.69934 over 535 frames.
FDH297 suutxcamam arxinddeu seyalpadxeu 
LOG (gmm-latgen-faster[5.5.1137~1-51744]:DecodeUtteranceLatticeFaster():decoder-wrappers.cc:375) Log-like per frame for utterance FDH297 is -7.5074 over 415 frames.
FDH298 pambaram suzhatxrxeu kazhuwanxum irunddaan 
LOG (gmm-latgen-faster[5.5.1137~1-51744]:DecodeUtteranceLatticeFaster():decoder-wrappers.cc:375) Log-like per frame for utterance FDH298 is -7.42438 over 444 frames.
FDH299 kaalxi suulam eenddinaan 
LOG (gmm-latgen-faster[5.5.1137~1-51744]:DecodeUtteranceLatticeFaster():decoder-wrappers.cc:375) Log-like per frame for utterance FDH299 is -7.66486 over 336 frames.
FDH300 sutxrxeu suuzhal sugaadaaram pinpatxrxeu 
LOG (gmm-latgen-faster[5.5.1137~1-51744]:DecodeUtteranceLatticeFaster():decoder-wrappers.cc:375) Log-like per frame for utterance FDH300 is -7.75545 over 520 frames.
FDH301 sutxrxeu suuzhal pozhudeu widxiyum 
LOG (gmm-latgen-faster[5.5.1137~1-51744]:DecodeUtteranceLatticeFaster():decoder-wrappers.cc:375) Log-like per frame for utterance FDH301 is -7.30043 over 491 frames.
FDH302 enakkeu muunxeu ndaalx orkka marxadi unxdxeu 
LOG (gmm-latgen-faster[5.5.1137~1-51744]:DecodeUtteranceLatticeFaster():decoder-wrappers.cc:375) Log-like per frame for utterance FDH302 is -7.61745 over 512 frames.
FDH303 njaayirxeu widxumurxai kadxai adxaippeu 
LOG (gmm-latgen-faster[5.5.1137~1-51744]:DecodeUtteranceLatticeFaster():decoder-wrappers.cc:375) Log-like per frame for utterance FDH303 is -7.76083 over 426 frames.
FDH304 tanggalx udxaimai miideu gawanam selutteu 
LOG (gmm-latgen-faster[5.5.1137~1-51744]:DecodeUtteranceLatticeFaster():decoder-wrappers.cc:375) Log-like per frame for utterance FDH304 is -7.34632 over 491 frames.
FDH305 kasxtxamum ozhippeu satxtxam ndalla tawir 
LOG (gmm-latgen-faster[5.5.1137~1-51744]:DecodeUtteranceLatticeFaster():decoder-wrappers.cc:375) Log-like per frame for utterance FDH305 is -7.70916 over 504 frames.
FDH306 kiizhoor siikkirattil ndadxanddadeu 
LOG (gmm-latgen-faster[5.5.1137~1-51744]:DecodeUtteranceLatticeFaster():decoder-wrappers.cc:375) Log-like per frame for utterance FDH306 is -7.61115 over 381 frames.
FDH307 suwaril seyaleukkeut tiirweu kaanxeu 
LOG (gmm-latgen-faster[5.5.1137~1-51744]:DecodeUtteranceLatticeFaster():decoder-wrappers.cc:375) Log-like per frame for utterance FDH307 is -7.67991 over 397 frames.
FDH308 malar tuuwi waaynddadeu 
LOG (gmm-latgen-faster[5.5.1137~1-51744]:DecodeUtteranceLatticeFaster():decoder-wrappers.cc:375) Log-like per frame for utterance FDH308 is -7.51173 over 327 frames.
FDH309 telunggeu saarxeu puunxdxeu ndalladeu 
LOG (gmm-latgen-faster[5.5.1137~1-51744]:DecodeUtteranceLatticeFaster():decoder-wrappers.cc:375) Log-like per frame for utterance FDH309 is -7.83847 over 391 frames.
FDH310 dxiras kalar dxiras kalar seyal seywaan 
LOG (gmm-latgen-faster[5.5.1137~1-51744]:DecodeUtteranceLatticeFaster():decoder-wrappers.cc:375) Log-like per frame for utterance FDH310 is -7.86757 over 405 frames.
FDH311 onrxaam paagam paar talaiyil suwadxeu parxanddadeu 
LOG (gmm-latgen-faster[5.5.1137~1-51744]:DecodeUtteranceLatticeFaster():decoder-wrappers.cc:375) Log-like per frame for utterance FDH311 is -8.13465 over 517 frames.
FDH312 manjjalx tuulx maruttuwa gunxam ndirxainddadeu 
LOG (gmm-latgen-faster[5.5.1137~1-51744]:DecodeUtteranceLatticeFaster():decoder-wrappers.cc:375) Log-like per frame for utterance FDH312 is -7.89795 over 437 frames.
FDH313 kattiyait tanxnxiir teenggiyadeu 
LOG (gmm-latgen-faster[5.5.1137~1-51744]:DecodeUtteranceLatticeFaster():decoder-wrappers.cc:375) Log-like per frame for utterance FDH313 is -7.90143 over 342 frames.
FDH314 toonrxiya pugazhin toonrxuga 
LOG (gmm-latgen-faster[5.5.1137~1-51744]:DecodeUtteranceLatticeFaster():decoder-wrappers.cc:375) Log-like per frame for utterance FDH314 is -7.81717 over 396 frames.
FDH315 baasxai tanggam tagawalum sey 
LOG (gmm-latgen-faster[5.5.1137~1-51744]:DecodeUtteranceLatticeFaster():decoder-wrappers.cc:375) Log-like per frame for utterance FDH315 is -8.05954 over 312 frames.
FDH316 ndacceup pugai oosoonai baadikkum 
LOG (gmm-latgen-faster[5.5.1137~1-51744]:DecodeUtteranceLatticeFaster():decoder-wrappers.cc:375) Log-like per frame for utterance FDH316 is -7.94333 over 495 frames.
FDH317 paambin ndanjjeu kodxiyadeu 
LOG (gmm-latgen-faster[5.5.1137~1-51744]:DecodeUtteranceLatticeFaster():decoder-wrappers.cc:375) Log-like per frame for utterance FDH317 is -7.98703 over 411 frames.
FDH318 inrxeu mazhai ndiidxikkum 
LOG (gmm-latgen-faster[5.5.1137~1-51744]:DecodeUtteranceLatticeFaster():decoder-wrappers.cc:375) Log-like per frame for utterance FDH318 is -7.59231 over 339 frames.
FDH319 saarxeu urxinjji muyarxsiyai 
LOG (gmm-latgen-faster[5.5.1137~1-51744]:DecodeUtteranceLatticeFaster():decoder-wrappers.cc:375) Log-like per frame for utterance FDH319 is -7.51641 over 466 frames.
FDH320 banggalxaadeesx oreu ndaadxeu 
LOG (gmm-latgen-faster[5.5.1137~1-51744]:DecodeUtteranceLatticeFaster():decoder-wrappers.cc:375) Log-like per frame for utterance FDH320 is -7.52037 over 337 frames.
FDH321 widiyai miirxinaal janawari inikkum 
LOG (gmm-latgen-faster[5.5.1137~1-51744]:DecodeUtteranceLatticeFaster():decoder-wrappers.cc:375) Log-like per frame for utterance FDH321 is -7.82182 over 472 frames.
FDH322 deesiya panggeu uyarnddadeu 
LOG (gmm-latgen-faster[5.5.1137~1-51744]:DecodeUtteranceLatticeFaster():decoder-wrappers.cc:375) Log-like per frame for utterance FDH322 is -7.70175 over 397 frames.
FDH323 ndaatxtxil tanxnxiir panjjam ndilawiyadeu 
LOG (gmm-latgen-faster[5.5.1137~1-51744]:DecodeUtteranceLatticeFaster():decoder-wrappers.cc:375) Log-like per frame for utterance FDH323 is -7.67841 over 491 frames.
FDH324 panjjaayatteu wazhakkeu mudxiweukkeu wanddadeu 
LOG (gmm-latgen-faster[5.5.1137~1-51744]:DecodeUtteranceLatticeFaster():decoder-wrappers.cc:375) Log-like per frame for utterance FDH324 is -7.63093 over 421 frames.
FDH325 panjjeu nderuppil karugiyadeu 
LOG (gmm-latgen-faster[5.5.1137~1-51744]:DecodeUtteranceLatticeFaster():decoder-wrappers.cc:375) Log-like per frame for utterance FDH325 is -7.5714 over 429 frames.
FDH326 pazhanggudxi makkalx panxbeu sirxappeu 
LOG (gmm-latgen-faster[5.5.1137~1-51744]:DecodeUtteranceLatticeFaster():decoder-wrappers.cc:375) Log-like per frame for utterance FDH326 is -7.8483 over 431 frames.
FDH327 kaalai bajanai migawum pirabalam 
LOG (gmm-latgen-faster[5.5.1137~1-51744]:DecodeUtteranceLatticeFaster():decoder-wrappers.cc:375) Log-like per frame for utterance FDH327 is -7.9199 over 426 frames.
FDH328 piridal raajaa endda baasxai peesinaar 
LOG (gmm-latgen-faster[5.5.1137~1-51744]:DecodeUtteranceLatticeFaster():decoder-wrappers.cc:375) Log-like per frame for utterance FDH328 is -7.75228 over 355 frames.
FDH329 saami purusxan balasaali 
LOG (gmm-latgen-faster[5.5.1137~1-51744]:DecodeUtteranceLatticeFaster():decoder-wrappers.cc:375) Log-like per frame for utterance FDH329 is -7.73674 over 413 frames.
FDH330 buwaneesxwar uuril puugambam 
LOG (gmm-latgen-faster[5.5.1137~1-51744]:DecodeUtteranceLatticeFaster():decoder-wrappers.cc:375) Log-like per frame for utterance FDH330 is -7.82106 over 387 frames.
FDH331 suuranxam jenma banddam 
LOG (gmm-latgen-faster[5.5.1137~1-51744]:DecodeUtteranceLatticeFaster():decoder-wrappers.cc:375) Log-like per frame for utterance FDH331 is -7.78497 over 327 frames.
FDH332 pirenjjeu mozhi tiirweu kalanddeu kolx 
LOG (gmm-latgen-faster[5.5.1137~1-51744]:DecodeUtteranceLatticeFaster():decoder-wrappers.cc:375) Log-like per frame for utterance FDH332 is -8.02247 over 322 frames.
FDH333 pon porulx paartteu pazhagaadee 
LOG (gmm-latgen-faster[5.5.1137~1-51744]:DecodeUtteranceLatticeFaster():decoder-wrappers.cc:375) Log-like per frame for utterance FDH333 is -7.84506 over 357 frames.
FDH334 padxam oreu poliwaaga ulxlxadeu 
LOG (gmm-latgen-faster[5.5.1137~1-51744]:DecodeUtteranceLatticeFaster():decoder-wrappers.cc:375) Log-like per frame for utterance FDH334 is -7.57085 over 353 frames.
FDH335 petxtxiyai kiizhee poodxeu 
LOG (gmm-latgen-faster[5.5.1137~1-51744]:DecodeUtteranceLatticeFaster():decoder-wrappers.cc:375) Log-like per frame for utterance FDH335 is -7.46329 over 367 frames.
FDH336 suwaiyaanadeu waazhkkai tawir 
LOG (gmm-latgen-faster[5.5.1137~1-51744]:DecodeUtteranceLatticeFaster():decoder-wrappers.cc:375) Log-like per frame for utterance FDH336 is -7.86122 over 393 frames.
FDH337 taay ndiir poosxaakkaana unxaweu 
LOG (gmm-latgen-faster[5.5.1137~1-51744]:DecodeUtteranceLatticeFaster():decoder-wrappers.cc:375) Log-like per frame for utterance FDH337 is -7.8735 over 394 frames.
FDH338 elumbeu majjai waliyadeu 
LOG (gmm-latgen-faster[5.5.1137~1-51744]:DecodeUtteranceLatticeFaster():decoder-wrappers.cc:375) Log-like per frame for utterance FDH338 is -7.69219 over 294 frames.
FDH339 etxtxeukkaali oreu puucci 
LOG (gmm-latgen-faster[5.5.1137~1-51744]:DecodeUtteranceLatticeFaster():decoder-wrappers.cc:375) Log-like per frame for utterance FDH339 is -7.63361 over 332 frames.
FDH340 ndaan aacceu maats sais waruwadeu jeyanddi 
LOG (gmm-latgen-faster[5.5.1137~1-51744]:DecodeUtteranceLatticeFaster():decoder-wrappers.cc:375) Log-like per frame for utterance FDH340 is -7.92152 over 489 frames.
FDH341 welxiyila suudxaa ireukkeu ndalladeu 
LOG (gmm-latgen-faster[5.5.1137~1-51744]:DecodeUtteranceLatticeFaster():decoder-wrappers.cc:375) Log-like per frame for utterance FDH341 is -7.712 over 316 frames.
FDH342 nduraiyiiral um saram 
LOG (gmm-latgen-faster[5.5.1137~1-51744]:DecodeUtteranceLatticeFaster():decoder-wrappers.cc:375) Log-like per frame for utterance FDH342 is -7.27411 over 404 frames.
FDH343 tozhilil muuladanam poodxa weenxdxum 
LOG (gmm-latgen-faster[5.5.1137~1-51744]:DecodeUtteranceLatticeFaster():decoder-wrappers.cc:375) Log-like per frame for utterance FDH343 is -7.36159 over 441 frames.
FDH344 meejai meel eerxi ndil 
LOG (gmm-latgen-faster[5.5.1137~1-51744]:DecodeUtteranceLatticeFaster():decoder-wrappers.cc:375) Log-like per frame for utterance FDH344 is -7.34907 over 305 frames.
FDH345 tirundda adeu malaiyaalxa seydeu kuranggeu 
LOG (gmm-latgen-faster[5.5.1137~1-51744]:DecodeUtteranceLatticeFaster():decoder-wrappers.cc:375) Log-like per frame for utterance FDH345 is -7.80284 over 451 frames.
FDH346 manx kanrxeu unxaweukkeu eenggum 
LOG (gmm-latgen-faster[5.5.1137~1-51744]:DecodeUtteranceLatticeFaster():decoder-wrappers.cc:375) Log-like per frame for utterance FDH346 is -7.69958 over 319 frames.
FDH347 risxikkeu roosxam adigam 
LOG (gmm-latgen-faster[5.5.1137~1-51744]:DecodeUtteranceLatticeFaster():decoder-wrappers.cc:375) Log-like per frame for utterance FDH347 is -7.81858 over 294 frames.
FDH348 panjjeu irundduwarum kuuwum 
LOG (gmm-latgen-faster[5.5.1137~1-51744]:DecodeUtteranceLatticeFaster():decoder-wrappers.cc:375) Log-like per frame for utterance FDH348 is -7.50478 over 342 frames.
FDH349 kaagidam udxambeukkeu ndalladeu 
LOG (gmm-latgen-faster[5.5.1137~1-51744]:DecodeUtteranceLatticeFaster():decoder-wrappers.cc:375) Log-like per frame for utterance FDH349 is -7.54821 over 431 frames.
FDH350 laksxmi muga laksxanxam ulxlxa penx 
LOG (gmm-latgen-faster[5.5.1137~1-51744]:DecodeUtteranceLatticeFaster():decoder-wrappers.cc:375) Log-like per frame for utterance FDH350 is -8.15502 over 389 frames.
FDH351 widxaa muyarxci walxarcci tarum 
LOG (gmm-latgen-faster[5.5.1137~1-51744]:DecodeUtteranceLatticeFaster():decoder-wrappers.cc:375) Log-like per frame for utterance FDH351 is -7.62931 over 379 frames.
FDH352 wiitxtxilum wiseesxam unxdxeu 
LOG (gmm-latgen-faster[5.5.1137~1-51744]:DecodeUtteranceLatticeFaster():decoder-wrappers.cc:375) Log-like per frame for utterance FDH352 is -7.72613 over 395 frames.
FDH353 kuzhanddaigalx seetxrxil seydadeu 
LOG (gmm-latgen-faster[5.5.1137~1-51744]:DecodeUtteranceLatticeFaster():decoder-wrappers.cc:375) Log-like per frame for utterance FDH353 is -7.79553 over 331 frames.
FDH354 ndanniiril wazhiyaaga sellum peerunddeu 
LOG (gmm-latgen-faster[5.5.1137~1-51744]:DecodeUtteranceLatticeFaster():decoder-wrappers.cc:375) Log-like per frame for utterance FDH354 is -7.69415 over 565 frames.
FDH355 sanxdxai pinni weesxam poodxeu 
LOG (gmm-latgen-faster[5.5.1137~1-51744]:DecodeUtteranceLatticeFaster():decoder-wrappers.cc:375) Log-like per frame for utterance FDH355 is -7.58041 over 418 frames.
FDH356 janawari mudal maadam 
LOG (gmm-latgen-faster[5.5.1137~1-51744]:DecodeUtteranceLatticeFaster():decoder-wrappers.cc:375) Log-like per frame for utterance FDH356 is -7.56048 over 336 frames.
FDH357 janamee ndam balam 
LOG (gmm-latgen-faster[5.5.1137~1-51744]:DecodeUtteranceLatticeFaster():decoder-wrappers.cc:375) Log-like per frame for utterance FDH357 is -7.33386 over 319 frames.
FDH358 jaadi illaiyadxi paappaa 
LOG (gmm-latgen-faster[5.5.1137~1-51744]:DecodeUtteranceLatticeFaster():decoder-wrappers.cc:375) Log-like per frame for utterance FDH358 is -7.44149 over 342 frames.
FDH359 waay jaalam kaatxtxum manidan 
LOG (gmm-latgen-faster[5.5.1137~1-51744]:DecodeUtteranceLatticeFaster():decoder-wrappers.cc:375) Log-like per frame for utterance FDH359 is -7.64305 over 361 frames.
LOG (apply-cmvn[5.5.1137~1-51744]:main():apply-cmvn.cc:162) Applied cepstral mean normalization to 219 utterances, errors on 0
FDH360 jaalam puugambam 
LOG (gmm-latgen-faster[5.5.1137~1-51744]:DecodeUtteranceLatticeFaster():decoder-wrappers.cc:375) Log-like per frame for utterance FDH360 is -7.55249 over 335 frames.
FDH361 pazhagaadee 
LOG (gmm-latgen-faster[5.5.1137~1-51744]:DecodeUtteranceLatticeFaster():decoder-wrappers.cc:375) Log-like per frame for utterance FDH361 is -7.51931 over 246 frames.
FDH362 katxtxiyawar iranxdxeu gaanddi jeyanddi 
LOG (gmm-latgen-faster[5.5.1137~1-51744]:DecodeUtteranceLatticeFaster():decoder-wrappers.cc:375) Log-like per frame for utterance FDH362 is -7.81581 over 411 frames.
FDH363 ndiinggalx sxeemamaaga irunggalx 
LOG (gmm-latgen-faster[5.5.1137~1-51744]:DecodeUtteranceLatticeFaster():decoder-wrappers.cc:375) Log-like per frame for utterance FDH363 is -7.56313 over 350 frames.
FDH364 jagattinai welxiyitxtxa seytikkurxippeu 
LOG (gmm-latgen-faster[5.5.1137~1-51744]:DecodeUtteranceLatticeFaster():decoder-wrappers.cc:375) Log-like per frame for utterance FDH364 is -7.88947 over 352 frames.
FDH365 wiwaram kiizh ndagarppurxa ulxlxaatxci 
LOG (gmm-latgen-faster[5.5.1137~1-51744]:DecodeUtteranceLatticeFaster():decoder-wrappers.cc:375) Log-like per frame for utterance FDH365 is -7.56755 over 392 frames.
LOG (gmm-latgen-faster[5.5.1137~1-51744]:main():gmm-latgen-faster.cc:176) Time taken 96.4089s: real-time factor assuming 100 frames/sec is 0.120424
LOG (gmm-latgen-faster[5.5.1137~1-51744]:main():gmm-latgen-faster.cc:179) Done 219 utterances, failed for 0
LOG (gmm-latgen-faster[5.5.1137~1-51744]:main():gmm-latgen-faster.cc:181) Overall log-likelihood per frame is -8.05364 over 80058 frames.
# Accounting: time=97 threads=1
# Ended (code 0) at Wed Aug 28 02:27:28 IST 2024, elapsed time 97 seconds
