# gmm-latgen-faster --max-active=7000 --beam=13.0 --lattice-beam=6.0 --acoustic-scale=0.083333 --allow-partial=true --word-symbol-table=exp_FG/tri_8_2000/graph/words.txt exp_FG/tri_8_2000/final.mdl exp_FG/tri_8_2000/graph/HCLG.fst "ark,s,cs:apply-cmvn  --utt2spk=ark:data/test/split4/2/utt2spk scp:data/test/split4/2/cmvn.scp scp:data/test/split4/2/feats.scp ark:- | add-deltas  ark:- ark:- |" "ark:|gzip -c > exp_FG/tri_8_2000/decode/lat.2.gz" 
# Started at Wed Aug 28 02:25:51 IST 2024
#
gmm-latgen-faster --max-active=7000 --beam=13.0 --lattice-beam=6.0 --acoustic-scale=0.083333 --allow-partial=true --word-symbol-table=exp_FG/tri_8_2000/graph/words.txt exp_FG/tri_8_2000/final.mdl exp_FG/tri_8_2000/graph/HCLG.fst 'ark,s,cs:apply-cmvn  --utt2spk=ark:data/test/split4/2/utt2spk scp:data/test/split4/2/cmvn.scp scp:data/test/split4/2/feats.scp ark:- | add-deltas  ark:- ark:- |' 'ark:|gzip -c > exp_FG/tri_8_2000/decode/lat.2.gz' 
add-deltas ark:- ark:- 
apply-cmvn --utt2spk=ark:data/test/split4/2/utt2spk scp:data/test/split4/2/cmvn.scp scp:data/test/split4/2/feats.scp ark:- 
FGA293 guruwai sisxyan wanxangginaan 
LOG (gmm-latgen-faster[5.5.1137~1-51744]:DecodeUtteranceLatticeFaster():decoder-wrappers.cc:375) Log-like per frame for utterance FGA293 is -8.08324 over 336 frames.
FGA294 sirxiya appaa sey 
LOG (gmm-latgen-faster[5.5.1137~1-51744]:DecodeUtteranceLatticeFaster():decoder-wrappers.cc:375) Log-like per frame for utterance FGA294 is -8.15057 over 265 frames.
FGA295 siirxum paambai ndambaadee 
LOG (gmm-latgen-faster[5.5.1137~1-51744]:DecodeUtteranceLatticeFaster():decoder-wrappers.cc:375) Log-like per frame for utterance FGA295 is -7.90333 over 384 frames.
FGA296 iratxtxai suzhi sirxuwan seetxtxai seywaan 
LOG (gmm-latgen-faster[5.5.1137~1-51744]:DecodeUtteranceLatticeFaster():decoder-wrappers.cc:375) Log-like per frame for utterance FGA296 is -7.91497 over 555 frames.
FGA297 saram saalaiyil seyalpadxeu 
LOG (gmm-latgen-faster[5.5.1137~1-51744]:DecodeUtteranceLatticeFaster():decoder-wrappers.cc:375) Log-like per frame for utterance FGA297 is -8.38351 over 372 frames.
FGA298 asuran tawam waazhwee ndaanxam 
LOG (gmm-latgen-faster[5.5.1137~1-51744]:DecodeUtteranceLatticeFaster():decoder-wrappers.cc:375) Log-like per frame for utterance FGA298 is -8.01112 over 381 frames.
FGA299 kaalxi suulam eenddinaan 
LOG (gmm-latgen-faster[5.5.1137~1-51744]:DecodeUtteranceLatticeFaster():decoder-wrappers.cc:375) Log-like per frame for utterance FGA299 is -7.57461 over 421 frames.
FGA300 sutxrxeu suuzhal sugaadaaram seyalpatxtxadeu 
LOG (gmm-latgen-faster[5.5.1137~1-51744]:DecodeUtteranceLatticeFaster():decoder-wrappers.cc:375) Log-like per frame for utterance FGA300 is -7.87267 over 587 frames.
FGA301 eksaam koowaa eppozhudum irunggalx 
LOG (gmm-latgen-faster[5.5.1137~1-51744]:DecodeUtteranceLatticeFaster():decoder-wrappers.cc:375) Log-like per frame for utterance FGA301 is -7.95814 over 545 frames.
FGA302 enakkeu ndaan wari kuurnddeu 
LOG (gmm-latgen-faster[5.5.1137~1-51744]:DecodeUtteranceLatticeFaster():decoder-wrappers.cc:375) Log-like per frame for utterance FGA302 is -7.72584 over 446 frames.
FGA303 ndaay udxaimai kadxai adxaippeu 
LOG (gmm-latgen-faster[5.5.1137~1-51744]:DecodeUtteranceLatticeFaster():decoder-wrappers.cc:375) Log-like per frame for utterance FGA303 is -7.87467 over 398 frames.
FGA304 tanggalx udxaimai miideu gawanam selutteu 
LOG (gmm-latgen-faster[5.5.1137~1-51744]:DecodeUtteranceLatticeFaster():decoder-wrappers.cc:375) Log-like per frame for utterance FGA304 is -7.83107 over 659 frames.
FGA305 katxtxam amaiccagattai ndaan aduwarai 
LOG (gmm-latgen-faster[5.5.1137~1-51744]:DecodeUtteranceLatticeFaster():decoder-wrappers.cc:375) Log-like per frame for utterance FGA305 is -8.03047 over 549 frames.
FGA306 siirxum ootxtxeukkeu tiiraakkoobam odeukkiidxeu ndallaa irunddadeu 
LOG (gmm-latgen-faster[5.5.1137~1-51744]:DecodeUtteranceLatticeFaster():decoder-wrappers.cc:375) Log-like per frame for utterance FGA306 is -7.81052 over 614 frames.
FGA307 poola seydadeu tiirweu kaanxeu 
LOG (gmm-latgen-faster[5.5.1137~1-51744]:DecodeUtteranceLatticeFaster():decoder-wrappers.cc:375) Log-like per frame for utterance FGA307 is -7.68952 over 371 frames.
FGA308 malar tuuwi waazhtteu 
LOG (gmm-latgen-faster[5.5.1137~1-51744]:DecodeUtteranceLatticeFaster():decoder-wrappers.cc:375) Log-like per frame for utterance FGA308 is -7.82771 over 355 frames.
FGA309 wizhunddeu pal puunxdxeu ndalladeu 
LOG (gmm-latgen-faster[5.5.1137~1-51744]:DecodeUtteranceLatticeFaster():decoder-wrappers.cc:375) Log-like per frame for utterance FGA309 is -7.61887 over 465 frames.
FGA310 dusxtxan dusxtxa seyal seywaan 
LOG (gmm-latgen-faster[5.5.1137~1-51744]:DecodeUtteranceLatticeFaster():decoder-wrappers.cc:375) Log-like per frame for utterance FGA310 is -7.74988 over 568 frames.
FGA311 eksaam sugaadaaram pala oppudal tawarxaaga parxanddadeu 
LOG (gmm-latgen-faster[5.5.1137~1-51744]:DecodeUtteranceLatticeFaster():decoder-wrappers.cc:375) Log-like per frame for utterance FGA311 is -7.96683 over 686 frames.
FGA312 manjjalx tuulx maruttuwa gunxam ndirxainddadeu 
LOG (gmm-latgen-faster[5.5.1137~1-51744]:DecodeUtteranceLatticeFaster():decoder-wrappers.cc:375) Log-like per frame for utterance FGA312 is -7.74589 over 616 frames.
FGA313 kutxtxaiyil tanxnxiir teenggiyadeu 
LOG (gmm-latgen-faster[5.5.1137~1-51744]:DecodeUtteranceLatticeFaster():decoder-wrappers.cc:375) Log-like per frame for utterance FGA313 is -7.82367 over 503 frames.
FGA314 toonxdxiyadeu poodee toolwi illa 
LOG (gmm-latgen-faster[5.5.1137~1-51744]:DecodeUtteranceLatticeFaster():decoder-wrappers.cc:375) Log-like per frame for utterance FGA314 is -7.90677 over 460 frames.
FGA315 toosxattirxkeu parigaaram sey 
LOG (gmm-latgen-faster[5.5.1137~1-51744]:DecodeUtteranceLatticeFaster():decoder-wrappers.cc:375) Log-like per frame for utterance FGA315 is -7.8969 over 428 frames.
FGA316 ndacceup pugai oosoonai baadikkum 
LOG (gmm-latgen-faster[5.5.1137~1-51744]:DecodeUtteranceLatticeFaster():decoder-wrappers.cc:375) Log-like per frame for utterance FGA316 is -7.86717 over 492 frames.
FGA317 paambin ndanjjeu kodxiyadeu 
LOG (gmm-latgen-faster[5.5.1137~1-51744]:DecodeUtteranceLatticeFaster():decoder-wrappers.cc:375) Log-like per frame for utterance FGA317 is -7.56066 over 401 frames.
FGA318 inrxeu mazhai ndiidxikkum 
LOG (gmm-latgen-faster[5.5.1137~1-51744]:DecodeUtteranceLatticeFaster():decoder-wrappers.cc:375) Log-like per frame for utterance FGA318 is -7.60281 over 283 frames.
FGA319 saalaiyil ndiir ndirambiyadeu 
LOG (gmm-latgen-faster[5.5.1137~1-51744]:DecodeUtteranceLatticeFaster():decoder-wrappers.cc:375) Log-like per frame for utterance FGA319 is -7.5309 over 525 frames.
FGA320 banggalxaadeesx oreu ndaadxeu 
LOG (gmm-latgen-faster[5.5.1137~1-51744]:DecodeUtteranceLatticeFaster():decoder-wrappers.cc:375) Log-like per frame for utterance FGA320 is -7.8633 over 412 frames.
FGA321 eezhai ippadxi ndoonjjaanaaga ireukkaan 
LOG (gmm-latgen-faster[5.5.1137~1-51744]:DecodeUtteranceLatticeFaster():decoder-wrappers.cc:375) Log-like per frame for utterance FGA321 is -7.92987 over 487 frames.
FGA322 inddiyasiina panggeu uyarnddadeu 
LOG (gmm-latgen-faster[5.5.1137~1-51744]:DecodeUtteranceLatticeFaster():decoder-wrappers.cc:375) Log-like per frame for utterance FGA322 is -7.80921 over 449 frames.
FGA323 ndaan peesaadee panxnxa ndirxainddadeu 
LOG (gmm-latgen-faster[5.5.1137~1-51744]:DecodeUtteranceLatticeFaster():decoder-wrappers.cc:375) Log-like per frame for utterance FGA323 is -8.09833 over 518 frames.
FGA324 panjjaayatteu wazhakkeu mudxiweukkeu wanddadeu 
LOG (gmm-latgen-faster[5.5.1137~1-51744]:DecodeUtteranceLatticeFaster():decoder-wrappers.cc:375) Log-like per frame for utterance FGA324 is -7.97879 over 548 frames.
FGA325 panjjeu nderuppil karugiyadeu 
LOG (gmm-latgen-faster[5.5.1137~1-51744]:DecodeUtteranceLatticeFaster():decoder-wrappers.cc:375) Log-like per frame for utterance FGA325 is -7.47857 over 439 frames.
FGA326 pazhanggudxi makkalx panxbeu sirxappeu 
LOG (gmm-latgen-faster[5.5.1137~1-51744]:DecodeUtteranceLatticeFaster():decoder-wrappers.cc:375) Log-like per frame for utterance FGA326 is -8.09203 over 520 frames.
FGA327 kaalai bajanai migawum pirabalam 
LOG (gmm-latgen-faster[5.5.1137~1-51744]:DecodeUtteranceLatticeFaster():decoder-wrappers.cc:375) Log-like per frame for utterance FGA327 is -7.86606 over 519 frames.
FGA328 indda raajaa endda baasxai peesinaar kaanxeu 
LOG (gmm-latgen-faster[5.5.1137~1-51744]:DecodeUtteranceLatticeFaster():decoder-wrappers.cc:375) Log-like per frame for utterance FGA328 is -7.92004 over 506 frames.
FGA329 meelum purusxan balasaali 
LOG (gmm-latgen-faster[5.5.1137~1-51744]:DecodeUtteranceLatticeFaster():decoder-wrappers.cc:375) Log-like per frame for utterance FGA329 is -7.87206 over 439 frames.
FGA330 buwaneesxwar uuril puugambam 
LOG (gmm-latgen-faster[5.5.1137~1-51744]:DecodeUtteranceLatticeFaster():decoder-wrappers.cc:375) Log-like per frame for utterance FGA330 is -7.98002 over 458 frames.
FGA331 pooraay andda ambalam banddam 
LOG (gmm-latgen-faster[5.5.1137~1-51744]:DecodeUtteranceLatticeFaster():decoder-wrappers.cc:375) Log-like per frame for utterance FGA331 is -7.89315 over 320 frames.
FGA332 inrxeu puujaiyil kalanddeu kolx 
LOG (gmm-latgen-faster[5.5.1137~1-51744]:DecodeUtteranceLatticeFaster():decoder-wrappers.cc:375) Log-like per frame for utterance FGA332 is -8.31133 over 349 frames.
FGA333 pon porulx paartteu pazhagaadee 
LOG (gmm-latgen-faster[5.5.1137~1-51744]:DecodeUtteranceLatticeFaster():decoder-wrappers.cc:375) Log-like per frame for utterance FGA333 is -7.86513 over 429 frames.
FGA334 koowil gooburam poliwaaga ulxlxadeu 
LOG (gmm-latgen-faster[5.5.1137~1-51744]:DecodeUtteranceLatticeFaster():decoder-wrappers.cc:375) Log-like per frame for utterance FGA334 is -7.91406 over 373 frames.
FGA335 petxtxiyai kiizhee poodxeu 
LOG (gmm-latgen-faster[5.5.1137~1-51744]:DecodeUtteranceLatticeFaster():decoder-wrappers.cc:375) Log-like per frame for utterance FGA335 is -7.82077 over 308 frames.
FGA336 pooliyaana waazhkkai tawir 
LOG (gmm-latgen-faster[5.5.1137~1-51744]:DecodeUtteranceLatticeFaster():decoder-wrappers.cc:375) Log-like per frame for utterance FGA336 is -7.7698 over 377 frames.
FGA337 jaadi poosxaakkaana unxaweu 
LOG (gmm-latgen-faster[5.5.1137~1-51744]:DecodeUtteranceLatticeFaster():decoder-wrappers.cc:375) Log-like per frame for utterance FGA337 is -7.94462 over 413 frames.
FGA338 eerxuwaan waanam kiizhee manxal kayirxeu 
LOG (gmm-latgen-faster[5.5.1137~1-51744]:DecodeUtteranceLatticeFaster():decoder-wrappers.cc:375) Log-like per frame for utterance FGA338 is -7.66695 over 377 frames.
FGA339 eetxtxeu kaalaiyil oreu puucci 
LOG (gmm-latgen-faster[5.5.1137~1-51744]:DecodeUtteranceLatticeFaster():decoder-wrappers.cc:375) Log-like per frame for utterance FGA339 is -8.33257 over 301 frames.
FGA340 eksaam aajar waarattin amaanusxiyam ndirxaindda idxam 
LOG (gmm-latgen-faster[5.5.1137~1-51744]:DecodeUtteranceLatticeFaster():decoder-wrappers.cc:375) Log-like per frame for utterance FGA340 is -7.75644 over 462 frames.
FGA341 miin kanxnxeukkeu ndalladeu 
LOG (gmm-latgen-faster[5.5.1137~1-51744]:DecodeUtteranceLatticeFaster():decoder-wrappers.cc:375) Log-like per frame for utterance FGA341 is -7.86541 over 361 frames.
FGA342 kiizhoor arxiyaamai agawum paar 
LOG (gmm-latgen-faster[5.5.1137~1-51744]:DecodeUtteranceLatticeFaster():decoder-wrappers.cc:375) Log-like per frame for utterance FGA342 is -7.85071 over 385 frames.
FGA343 tozhilil muuladanam poodxa weenxdxum 
LOG (gmm-latgen-faster[5.5.1137~1-51744]:DecodeUtteranceLatticeFaster():decoder-wrappers.cc:375) Log-like per frame for utterance FGA343 is -7.90791 over 425 frames.
FGA344 meejai meel eerxi idxeu 
LOG (gmm-latgen-faster[5.5.1137~1-51744]:DecodeUtteranceLatticeFaster():decoder-wrappers.cc:375) Log-like per frame for utterance FGA344 is -7.55244 over 317 frames.
FGA345 indda maiyanggalx enggeu ulxlxadeu 
LOG (gmm-latgen-faster[5.5.1137~1-51744]:DecodeUtteranceLatticeFaster():decoder-wrappers.cc:375) Log-like per frame for utterance FGA345 is -7.62325 over 413 frames.
FGA346 ndaan kalar anjjeu weenxdxum 
LOG (gmm-latgen-faster[5.5.1137~1-51744]:DecodeUtteranceLatticeFaster():decoder-wrappers.cc:375) Log-like per frame for utterance FGA346 is -8.02202 over 369 frames.
FGA347 risxikkeu roosxam adigam 
LOG (gmm-latgen-faster[5.5.1137~1-51744]:DecodeUtteranceLatticeFaster():decoder-wrappers.cc:375) Log-like per frame for utterance FGA347 is -7.88814 over 405 frames.
FGA348 lajjai enrxaal wekkam 
LOG (gmm-latgen-faster[5.5.1137~1-51744]:DecodeUtteranceLatticeFaster():decoder-wrappers.cc:375) Log-like per frame for utterance FGA348 is -7.92954 over 353 frames.
FGA349 tuukkam udxaleukkeu ndalladeu 
LOG (gmm-latgen-faster[5.5.1137~1-51744]:DecodeUtteranceLatticeFaster():decoder-wrappers.cc:375) Log-like per frame for utterance FGA349 is -8.01477 over 377 frames.
FGA350 yuuniyan siwil magan idoodxa panxnxeu 
LOG (gmm-latgen-faster[5.5.1137~1-51744]:DecodeUtteranceLatticeFaster():decoder-wrappers.cc:375) Log-like per frame for utterance FGA350 is -8.10239 over 474 frames.
FGA351 bayam aacceu walxarcci tarum 
LOG (gmm-latgen-faster[5.5.1137~1-51744]:DecodeUtteranceLatticeFaster():decoder-wrappers.cc:375) Log-like per frame for utterance FGA351 is -8.03236 over 345 frames.
FGA352 wiitxtxil wiseesxam unxdxeu 
LOG (gmm-latgen-faster[5.5.1137~1-51744]:DecodeUtteranceLatticeFaster():decoder-wrappers.cc:375) Log-like per frame for utterance FGA352 is -7.59723 over 432 frames.
FGA353 wandda wisxayattaik kunggumam 
LOG (gmm-latgen-faster[5.5.1137~1-51744]:DecodeUtteranceLatticeFaster():decoder-wrappers.cc:375) Log-like per frame for utterance FGA353 is -8.58995 over 345 frames.
FGA354 iiwining wiidi wazhiyaaga sellum peerunddeu 
LOG (gmm-latgen-faster[5.5.1137~1-51744]:DecodeUtteranceLatticeFaster():decoder-wrappers.cc:375) Log-like per frame for utterance FGA354 is -7.73185 over 740 frames.
FGA355 onrxee pinni weesxam poodee ireukkeu 
LOG (gmm-latgen-faster[5.5.1137~1-51744]:DecodeUtteranceLatticeFaster():decoder-wrappers.cc:375) Log-like per frame for utterance FGA355 is -7.70458 over 589 frames.
FGA356 onrxee mudal maadam 
LOG (gmm-latgen-faster[5.5.1137~1-51744]:DecodeUtteranceLatticeFaster():decoder-wrappers.cc:375) Log-like per frame for utterance FGA356 is -7.53287 over 498 frames.
FGA357 janamee ndam balam 
LOG (gmm-latgen-faster[5.5.1137~1-51744]:DecodeUtteranceLatticeFaster():decoder-wrappers.cc:375) Log-like per frame for utterance FGA357 is -7.53643 over 471 frames.
FGA358 jaadi illaiyadxi paappaa aacceu 
LOG (gmm-latgen-faster[5.5.1137~1-51744]:DecodeUtteranceLatticeFaster():decoder-wrappers.cc:375) Log-like per frame for utterance FGA358 is -7.53926 over 509 frames.
FGA359 waay jaalam kaatxtxum manidan 
LOG (gmm-latgen-faster[5.5.1137~1-51744]:DecodeUtteranceLatticeFaster():decoder-wrappers.cc:375) Log-like per frame for utterance FGA359 is -7.86017 over 471 frames.
FGA360 jaalraa poodxa weenxdxaam 
LOG (gmm-latgen-faster[5.5.1137~1-51744]:DecodeUtteranceLatticeFaster():decoder-wrappers.cc:375) Log-like per frame for utterance FGA360 is -7.83037 over 380 frames.
FGA361 ajiiranxak koolxaarxeu 
LOG (gmm-latgen-faster[5.5.1137~1-51744]:DecodeUtteranceLatticeFaster():decoder-wrappers.cc:375) Log-like per frame for utterance FGA361 is -7.48604 over 391 frames.
FGA362 aacceu awarai ndiikki jaadi inxai 
LOG (gmm-latgen-faster[5.5.1137~1-51744]:DecodeUtteranceLatticeFaster():decoder-wrappers.cc:375) Log-like per frame for utterance FGA362 is -7.59356 over 642 frames.
FGA363 ndiinggalx sxeemamaaga irunggalx eksaam 
LOG (gmm-latgen-faster[5.5.1137~1-51744]:DecodeUtteranceLatticeFaster():decoder-wrappers.cc:375) Log-like per frame for utterance FGA363 is -7.5384 over 540 frames.
FGA364 tozhil sanddippeu 
LOG (gmm-latgen-faster[5.5.1137~1-51744]:DecodeUtteranceLatticeFaster():decoder-wrappers.cc:375) Log-like per frame for utterance FGA364 is -7.67718 over 481 frames.
FGA365 wella adeep enrxaan tawarxeu sey 
LOG (gmm-latgen-faster[5.5.1137~1-51744]:DecodeUtteranceLatticeFaster():decoder-wrappers.cc:375) Log-like per frame for utterance FGA365 is -7.90799 over 491 frames.
FSP293 guruwai sisxyan wanxangginaan 
LOG (gmm-latgen-faster[5.5.1137~1-51744]:DecodeUtteranceLatticeFaster():decoder-wrappers.cc:375) Log-like per frame for utterance FSP293 is -7.86091 over 412 frames.
FSP294 siikkiram eerxpaadxeu sey 
LOG (gmm-latgen-faster[5.5.1137~1-51744]:DecodeUtteranceLatticeFaster():decoder-wrappers.cc:375) Log-like per frame for utterance FSP294 is -7.93975 over 291 frames.
FSP295 siirxum paambai ndambaadee 
LOG (gmm-latgen-faster[5.5.1137~1-51744]:DecodeUtteranceLatticeFaster():decoder-wrappers.cc:375) Log-like per frame for utterance FSP295 is -7.78152 over 310 frames.
FSP296 iratxtxai suzhi sirxuwan seetxtxai seywaan 
LOG (gmm-latgen-faster[5.5.1137~1-51744]:DecodeUtteranceLatticeFaster():decoder-wrappers.cc:375) Log-like per frame for utterance FSP296 is -8.27884 over 404 frames.
FSP297 roosxam arxinddeu seyalpadxeu 
LOG (gmm-latgen-faster[5.5.1137~1-51744]:DecodeUtteranceLatticeFaster():decoder-wrappers.cc:375) Log-like per frame for utterance FSP297 is -8.09601 over 357 frames.
FSP298 asuran tawam irunddaan 
LOG (gmm-latgen-faster[5.5.1137~1-51744]:DecodeUtteranceLatticeFaster():decoder-wrappers.cc:375) Log-like per frame for utterance FSP298 is -7.97863 over 230 frames.
FSP299 kaalxi suulam eenddinaan 
LOG (gmm-latgen-faster[5.5.1137~1-51744]:DecodeUtteranceLatticeFaster():decoder-wrappers.cc:375) Log-like per frame for utterance FSP299 is -7.76743 over 300 frames.
FSP300 sutxrxeu suuzhal sugaadaaram pinpatxrxeu 
LOG (gmm-latgen-faster[5.5.1137~1-51744]:DecodeUtteranceLatticeFaster():decoder-wrappers.cc:375) Log-like per frame for utterance FSP300 is -8.08294 over 383 frames.
FSP301 seewalin kuuwalil pozhudeu widxiyum 
LOG (gmm-latgen-faster[5.5.1137~1-51744]:DecodeUtteranceLatticeFaster():decoder-wrappers.cc:375) Log-like per frame for utterance FSP301 is -8.35909 over 384 frames.
FSP302 enakkeu njaabaga marxadi unxdxeu 
LOG (gmm-latgen-faster[5.5.1137~1-51744]:DecodeUtteranceLatticeFaster():decoder-wrappers.cc:375) Log-like per frame for utterance FSP302 is -7.65919 over 356 frames.
FSP303 ndaay um widxumurxai kadxai adxaippeu 
LOG (gmm-latgen-faster[5.5.1137~1-51744]:DecodeUtteranceLatticeFaster():decoder-wrappers.cc:375) Log-like per frame for utterance FSP303 is -7.85686 over 340 frames.
FSP304 tanggalx udxaimai miideu gawanam selutteu 
LOG (gmm-latgen-faster[5.5.1137~1-51744]:DecodeUtteranceLatticeFaster():decoder-wrappers.cc:375) Log-like per frame for utterance FSP304 is -7.79973 over 472 frames.
FSP305 tatruubamaaga ndadxitteuk kaatxtxa njaanam teewai 
LOG (gmm-latgen-faster[5.5.1137~1-51744]:DecodeUtteranceLatticeFaster():decoder-wrappers.cc:375) Log-like per frame for utterance FSP305 is -7.98688 over 497 frames.
FSP306 tii muutxtxi tii wibatteu ndadxanddadeu 
LOG (gmm-latgen-faster[5.5.1137~1-51744]:DecodeUtteranceLatticeFaster():decoder-wrappers.cc:375) Log-like per frame for utterance FSP306 is -8.0276 over 400 frames.
FSP307 ndunggeu seyaleukkeut tiirweu kaanxeu 
LOG (gmm-latgen-faster[5.5.1137~1-51744]:DecodeUtteranceLatticeFaster():decoder-wrappers.cc:375) Log-like per frame for utterance FSP307 is -8.05841 over 341 frames.
FSP308 malar tuuwi waazhtteu 
LOG (gmm-latgen-faster[5.5.1137~1-51744]:DecodeUtteranceLatticeFaster():decoder-wrappers.cc:375) Log-like per frame for utterance FSP308 is -8.21532 over 270 frames.
FSP309 iranxdxeu pal puunxdxeu ndalladeu 
LOG (gmm-latgen-faster[5.5.1137~1-51744]:DecodeUtteranceLatticeFaster():decoder-wrappers.cc:375) Log-like per frame for utterance FSP309 is -7.63083 over 325 frames.
FSP310 dusxtxan dusxtxa seyal seywaan 
LOG (gmm-latgen-faster[5.5.1137~1-51744]:DecodeUtteranceLatticeFaster():decoder-wrappers.cc:375) Log-like per frame for utterance FSP310 is -8.16472 over 226 frames.
FSP311 purxaa tuudeu anuppa tolai duuram parxanddadeu 
LOG (gmm-latgen-faster[5.5.1137~1-51744]:DecodeUtteranceLatticeFaster():decoder-wrappers.cc:375) Log-like per frame for utterance FSP311 is -7.90358 over 465 frames.
FSP312 manjjalx tuulx maruttuwa gunxam ndirxainddadeu 
LOG (gmm-latgen-faster[5.5.1137~1-51744]:DecodeUtteranceLatticeFaster():decoder-wrappers.cc:375) Log-like per frame for utterance FSP312 is -8.04776 over 428 frames.
FSP313 kutxtxaiyil tanxnxiir teenggiyadeu 
LOG (gmm-latgen-faster[5.5.1137~1-51744]:DecodeUtteranceLatticeFaster():decoder-wrappers.cc:375) Log-like per frame for utterance FSP313 is -8.26135 over 253 frames.
FSP314 toonrxiya pugazhin toonrxuga 
LOG (gmm-latgen-faster[5.5.1137~1-51744]:DecodeUtteranceLatticeFaster():decoder-wrappers.cc:375) Log-like per frame for utterance FSP314 is -8.37722 over 280 frames.
FSP315 toosxattirxkeu parigaaram sey 
LOG (gmm-latgen-faster[5.5.1137~1-51744]:DecodeUtteranceLatticeFaster():decoder-wrappers.cc:375) Log-like per frame for utterance FSP315 is -7.96612 over 314 frames.
FSP316 ndacceup pugai oosoonai baadikkum 
LOG (gmm-latgen-faster[5.5.1137~1-51744]:DecodeUtteranceLatticeFaster():decoder-wrappers.cc:375) Log-like per frame for utterance FSP316 is -8.03918 over 350 frames.
FSP317 paambin ndanjjeu kodxiyadeu 
LOG (gmm-latgen-faster[5.5.1137~1-51744]:DecodeUtteranceLatticeFaster():decoder-wrappers.cc:375) Log-like per frame for utterance FSP317 is -7.77412 over 353 frames.
FSP318 inrxeu mazhai ndiidxikkum 
LOG (gmm-latgen-faster[5.5.1137~1-51744]:DecodeUtteranceLatticeFaster():decoder-wrappers.cc:375) Log-like per frame for utterance FSP318 is -7.75122 over 273 frames.
FSP319 saalaiyil ndiir ndirambiyadeu 
LOG (gmm-latgen-faster[5.5.1137~1-51744]:DecodeUtteranceLatticeFaster():decoder-wrappers.cc:375) Log-like per frame for utterance FSP319 is -8.50111 over 270 frames.
FSP320 banggalxaadeesx oreu ndaadxeu 
LOG (gmm-latgen-faster[5.5.1137~1-51744]:DecodeUtteranceLatticeFaster():decoder-wrappers.cc:375) Log-like per frame for utterance FSP320 is -7.88248 over 317 frames.
FSP321 een ippadxi ndoonjjaanaaga ireukkaan 
LOG (gmm-latgen-faster[5.5.1137~1-51744]:DecodeUtteranceLatticeFaster():decoder-wrappers.cc:375) Log-like per frame for utterance FSP321 is -7.89351 over 351 frames.
FSP322 deesiya panggeu uyarnddadeu 
LOG (gmm-latgen-faster[5.5.1137~1-51744]:DecodeUtteranceLatticeFaster():decoder-wrappers.cc:375) Log-like per frame for utterance FSP322 is -7.69315 over 272 frames.
FSP323 ndaatxtxil tanxnxiir panjjam ndilawiyadeu 
LOG (gmm-latgen-faster[5.5.1137~1-51744]:DecodeUtteranceLatticeFaster():decoder-wrappers.cc:375) Log-like per frame for utterance FSP323 is -7.70777 over 465 frames.
FSP324 panjjaayatteu wazhakkeu mudxiweukkeu wanddadeu 
LOG (gmm-latgen-faster[5.5.1137~1-51744]:DecodeUtteranceLatticeFaster():decoder-wrappers.cc:375) Log-like per frame for utterance FSP324 is -7.93537 over 348 frames.
FSP325 panjjeu nderuppil karugiyadeu 
LOG (gmm-latgen-faster[5.5.1137~1-51744]:DecodeUtteranceLatticeFaster():decoder-wrappers.cc:375) Log-like per frame for utterance FSP325 is -8.01403 over 265 frames.
FSP326 pazhanggudxi makkalx panxbeu sirxappeu 
LOG (gmm-latgen-faster[5.5.1137~1-51744]:DecodeUtteranceLatticeFaster():decoder-wrappers.cc:375) Log-like per frame for utterance FSP326 is -8.10501 over 269 frames.
FSP327 kaalai bajanai migawum pirabalam 
LOG (gmm-latgen-faster[5.5.1137~1-51744]:DecodeUtteranceLatticeFaster():decoder-wrappers.cc:375) Log-like per frame for utterance FSP327 is -7.87477 over 357 frames.
FSP328 indda raajaa endda baasxai peesinaar 
LOG (gmm-latgen-faster[5.5.1137~1-51744]:DecodeUtteranceLatticeFaster():decoder-wrappers.cc:375) Log-like per frame for utterance FSP328 is -7.99014 over 395 frames.
FSP329 en purusxan balasaali 
LOG (gmm-latgen-faster[5.5.1137~1-51744]:DecodeUtteranceLatticeFaster():decoder-wrappers.cc:375) Log-like per frame for utterance FSP329 is -7.67573 over 275 frames.
FSP330 buwaneesxwar uuril puugambam 
LOG (gmm-latgen-faster[5.5.1137~1-51744]:DecodeUtteranceLatticeFaster():decoder-wrappers.cc:375) Log-like per frame for utterance FSP330 is -8.6327 over 307 frames.
FSP331 puurwa jenma banddam 
LOG (gmm-latgen-faster[5.5.1137~1-51744]:DecodeUtteranceLatticeFaster():decoder-wrappers.cc:375) Log-like per frame for utterance FSP331 is -8.35378 over 251 frames.
FSP332 inrxeu puujaiyil kalanddeu kolx 
LOG (gmm-latgen-faster[5.5.1137~1-51744]:DecodeUtteranceLatticeFaster():decoder-wrappers.cc:375) Log-like per frame for utterance FSP332 is -8.11868 over 330 frames.
FSP333 pon porulx paartteu pazhagaadee 
LOG (gmm-latgen-faster[5.5.1137~1-51744]:DecodeUtteranceLatticeFaster():decoder-wrappers.cc:375) Log-like per frame for utterance FSP333 is -7.76831 over 394 frames.
FSP334 un mugam poliwaaga ulxlxadeu 
LOG (gmm-latgen-faster[5.5.1137~1-51744]:DecodeUtteranceLatticeFaster():decoder-wrappers.cc:375) Log-like per frame for utterance FSP334 is -7.48062 over 267 frames.
FSP335 petxtxiyai kiizhee poodxeu 
LOG (gmm-latgen-faster[5.5.1137~1-51744]:DecodeUtteranceLatticeFaster():decoder-wrappers.cc:375) Log-like per frame for utterance FSP335 is -7.88652 over 278 frames.
FSP336 pooliyaana waazhkkai tawir 
LOG (gmm-latgen-faster[5.5.1137~1-51744]:DecodeUtteranceLatticeFaster():decoder-wrappers.cc:375) Log-like per frame for utterance FSP336 is -7.72119 over 308 frames.
FSP337 raagi poosxaakkaana unxaweu 
LOG (gmm-latgen-faster[5.5.1137~1-51744]:DecodeUtteranceLatticeFaster():decoder-wrappers.cc:375) Log-like per frame for utterance FSP337 is -7.75831 over 324 frames.
FSP338 elumbeu majjai waliyadeu 
LOG (gmm-latgen-faster[5.5.1137~1-51744]:DecodeUtteranceLatticeFaster():decoder-wrappers.cc:375) Log-like per frame for utterance FSP338 is -8.12756 over 280 frames.
FSP339 etxtxeukkaali oreu puucci 
LOG (gmm-latgen-faster[5.5.1137~1-51744]:DecodeUtteranceLatticeFaster():decoder-wrappers.cc:375) Log-like per frame for utterance FSP339 is -8.4691 over 272 frames.
FSP340 maatxrxeu maadattil mahaawiir jeyanddi 
LOG (gmm-latgen-faster[5.5.1137~1-51744]:DecodeUtteranceLatticeFaster():decoder-wrappers.cc:375) Log-like per frame for utterance FSP340 is -7.75288 over 404 frames.
FSP341 miin kanxnxeukkeu ndalladeu 
LOG (gmm-latgen-faster[5.5.1137~1-51744]:DecodeUtteranceLatticeFaster():decoder-wrappers.cc:375) Log-like per frame for utterance FSP341 is -8.13619 over 227 frames.
FSP342 muulxai illaadawan mutxtxaalx 
LOG (gmm-latgen-faster[5.5.1137~1-51744]:DecodeUtteranceLatticeFaster():decoder-wrappers.cc:375) Log-like per frame for utterance FSP342 is -7.8875 over 310 frames.
FSP343 tozhilil muuladanam poodxa weenxdxum 
LOG (gmm-latgen-faster[5.5.1137~1-51744]:DecodeUtteranceLatticeFaster():decoder-wrappers.cc:375) Log-like per frame for utterance FSP343 is -7.86422 over 339 frames.
FSP344 meejai meel eerxi ndil 
LOG (gmm-latgen-faster[5.5.1137~1-51744]:DecodeUtteranceLatticeFaster():decoder-wrappers.cc:375) Log-like per frame for utterance FSP344 is -7.81486 over 241 frames.
FSP345 indda maiyanggalx enggeu ulxlxadeu 
LOG (gmm-latgen-faster[5.5.1137~1-51744]:DecodeUtteranceLatticeFaster():decoder-wrappers.cc:375) Log-like per frame for utterance FSP345 is -7.62793 over 326 frames.
FSP346 makkalx raajjiyam weenxdxum 
LOG (gmm-latgen-faster[5.5.1137~1-51744]:DecodeUtteranceLatticeFaster():decoder-wrappers.cc:375) Log-like per frame for utterance FSP346 is -7.91355 over 353 frames.
FSP347 risxikkeu roosxam adigam 
LOG (gmm-latgen-faster[5.5.1137~1-51744]:DecodeUtteranceLatticeFaster():decoder-wrappers.cc:375) Log-like per frame for utterance FSP347 is -8.14679 over 284 frames.
FSP348 lajjai enrxaal wekkam 
LOG (gmm-latgen-faster[5.5.1137~1-51744]:DecodeUtteranceLatticeFaster():decoder-wrappers.cc:375) Log-like per frame for utterance FSP348 is -7.97181 over 280 frames.
FSP349 tuukkam udxaleukkeu ndalladeu 
LOG (gmm-latgen-faster[5.5.1137~1-51744]:DecodeUtteranceLatticeFaster():decoder-wrappers.cc:375) Log-like per frame for utterance FSP349 is -7.79285 over 329 frames.
FSP350 laksxmi muga laksxanxam ulxlxa penx 
LOG (gmm-latgen-faster[5.5.1137~1-51744]:DecodeUtteranceLatticeFaster():decoder-wrappers.cc:375) Log-like per frame for utterance FSP350 is -7.92316 over 346 frames.
FSP351 widxaa muyarxci walxarcci tarum 
LOG (gmm-latgen-faster[5.5.1137~1-51744]:DecodeUtteranceLatticeFaster():decoder-wrappers.cc:375) Log-like per frame for utterance FSP351 is -8.08423 over 281 frames.
FSP352 wiitxtxil wiseesxam unxdxeu 
LOG (gmm-latgen-faster[5.5.1137~1-51744]:DecodeUtteranceLatticeFaster():decoder-wrappers.cc:375) Log-like per frame for utterance FSP352 is -7.98063 over 217 frames.
FSP353 wandda wisxayattaik kuurxeu 
LOG (gmm-latgen-faster[5.5.1137~1-51744]:DecodeUtteranceLatticeFaster():decoder-wrappers.cc:375) Log-like per frame for utterance FSP353 is -8.26169 over 285 frames.
FSP354 peerunddeu idil wazhiyaaga sellum peerunddeu 
LOG (gmm-latgen-faster[5.5.1137~1-51744]:DecodeUtteranceLatticeFaster():decoder-wrappers.cc:375) Log-like per frame for utterance FSP354 is -8.07123 over 436 frames.
FSP355 jadxai pinni weesxam poodxeu 
LOG (gmm-latgen-faster[5.5.1137~1-51744]:DecodeUtteranceLatticeFaster():decoder-wrappers.cc:375) Log-like per frame for utterance FSP355 is -7.99344 over 300 frames.
FSP356 janawari mudal maadam 
LOG (gmm-latgen-faster[5.5.1137~1-51744]:DecodeUtteranceLatticeFaster():decoder-wrappers.cc:375) Log-like per frame for utterance FSP356 is -8.3213 over 217 frames.
FSP357 janamee ndam balam 
LOG (gmm-latgen-faster[5.5.1137~1-51744]:DecodeUtteranceLatticeFaster():decoder-wrappers.cc:375) Log-like per frame for utterance FSP357 is -7.99686 over 175 frames.
FSP358 jaadi illaiyadxi paappaa 
LOG (gmm-latgen-faster[5.5.1137~1-51744]:DecodeUtteranceLatticeFaster():decoder-wrappers.cc:375) Log-like per frame for utterance FSP358 is -8.09681 over 272 frames.
FSP359 waay jaalam kaatxtxum manidan 
LOG (gmm-latgen-faster[5.5.1137~1-51744]:DecodeUtteranceLatticeFaster():decoder-wrappers.cc:375) Log-like per frame for utterance FSP359 is -7.79466 over 307 frames.
LOG (apply-cmvn[5.5.1137~1-51744]:main():apply-cmvn.cc:162) Applied cepstral mean normalization to 146 utterances, errors on 0
FSP360 jaalraa poodxa weenxdxaam 
LOG (gmm-latgen-faster[5.5.1137~1-51744]:DecodeUtteranceLatticeFaster():decoder-wrappers.cc:375) Log-like per frame for utterance FSP360 is -8.11192 over 282 frames.
FSP361 ajiiranxak koolxaarxeu 
LOG (gmm-latgen-faster[5.5.1137~1-51744]:DecodeUtteranceLatticeFaster():decoder-wrappers.cc:375) Log-like per frame for utterance FSP361 is -8.08522 over 191 frames.
FSP362 aktxoobar iranxdxeu gaanddi jeyanddi 
LOG (gmm-latgen-faster[5.5.1137~1-51744]:DecodeUtteranceLatticeFaster():decoder-wrappers.cc:375) Log-like per frame for utterance FSP362 is -8.16562 over 358 frames.
FSP363 unggalxeukkeu seyyalaam mudal kal 
LOG (gmm-latgen-faster[5.5.1137~1-51744]:DecodeUtteranceLatticeFaster():decoder-wrappers.cc:375) Log-like per frame for utterance FSP363 is -7.86842 over 350 frames.
FSP364 togudi hetx sanddippeu 
LOG (gmm-latgen-faster[5.5.1137~1-51744]:DecodeUtteranceLatticeFaster():decoder-wrappers.cc:375) Log-like per frame for utterance FSP364 is -8.11651 over 304 frames.
FSP365 winjnjaana walxarcci ndaatxtxeu walxarcci 
LOG (gmm-latgen-faster[5.5.1137~1-51744]:DecodeUtteranceLatticeFaster():decoder-wrappers.cc:375) Log-like per frame for utterance FSP365 is -8.20549 over 312 frames.
LOG (gmm-latgen-faster[5.5.1137~1-51744]:main():gmm-latgen-faster.cc:176) Time taken 58.1434s: real-time factor assuming 100 frames/sec is 0.103443
LOG (gmm-latgen-faster[5.5.1137~1-51744]:main():gmm-latgen-faster.cc:179) Done 146 utterances, failed for 0
LOG (gmm-latgen-faster[5.5.1137~1-51744]:main():gmm-latgen-faster.cc:181) Overall log-likelihood per frame is -7.89713 over 56208 frames.
# Accounting: time=58 threads=1
# Ended (code 0) at Wed Aug 28 02:26:49 IST 2024, elapsed time 58 seconds
