# lattice-depth-per-frame "ark:gunzip -c exp_FG/tri_8_2000/decode/lat.3.gz|" "ark,t:|gzip -c > exp_FG/tri_8_2000/decode/depth_tmp.3.gz" ark:- | lattice-best-path --acoustic-scale=0.1 ark:- ark:/dev/null "ark,t:|gzip -c >exp_FG/tri_8_2000/decode/ali_tmp.3.gz" 
# Started at Wed Aug 28 02:27:28 IST 2024
#
lattice-depth-per-frame 'ark:gunzip -c exp_FG/tri_8_2000/decode/lat.3.gz|' 'ark,t:|gzip -c > exp_FG/tri_8_2000/decode/depth_tmp.3.gz' ark:- 
lattice-best-path --acoustic-scale=0.1 ark:- ark:/dev/null 'ark,t:|gzip -c >exp_FG/tri_8_2000/decode/ali_tmp.3.gz' 
LOG (lattice-best-path[5.5.1137~1-51744]:main():lattice-best-path.cc:99) For utterance MGN293, best cost 56.4626 + 3674.11 = 3730.57 over 406 frames.
LOG (lattice-best-path[5.5.1137~1-51744]:main():lattice-best-path.cc:99) For utterance MGN294, best cost 25.1112 + 2766.01 = 2791.12 over 301 frames.
LOG (lattice-best-path[5.5.1137~1-51744]:main():lattice-best-path.cc:99) For utterance MGN295, best cost 26.3256 + 3025.4 = 3051.72 over 319 frames.
LOG (lattice-best-path[5.5.1137~1-51744]:main():lattice-best-path.cc:99) For utterance MGN296, best cost 35.7358 + 4563.04 = 4598.77 over 487 frames.
LOG (lattice-best-path[5.5.1137~1-51744]:main():lattice-best-path.cc:99) For utterance MGN297, best cost 47.0804 + 3710.69 = 3757.77 over 411 frames.
LOG (lattice-best-path[5.5.1137~1-51744]:main():lattice-best-path.cc:99) For utterance MGN298, best cost 54.1876 + 2813.78 = 2867.97 over 316 frames.
LOG (lattice-best-path[5.5.1137~1-51744]:main():lattice-best-path.cc:99) For utterance MGN299, best cost 59.8725 + 2843.31 = 2903.18 over 331 frames.
LOG (lattice-best-path[5.5.1137~1-51744]:main():lattice-best-path.cc:99) For utterance MGN300, best cost 53.07 + 4634.07 = 4687.14 over 505 frames.
LOG (lattice-best-path[5.5.1137~1-51744]:main():lattice-best-path.cc:99) For utterance MGN301, best cost 64.0354 + 4213.74 = 4277.78 over 478 frames.
LOG (lattice-best-path[5.5.1137~1-51744]:main():lattice-best-path.cc:99) For utterance MGN302, best cost 76.725 + 4036.66 = 4113.38 over 423 frames.
LOG (lattice-best-path[5.5.1137~1-51744]:main():lattice-best-path.cc:99) For utterance MGN303, best cost 66.1201 + 3746.32 = 3812.44 over 404 frames.
LOG (lattice-best-path[5.5.1137~1-51744]:main():lattice-best-path.cc:99) For utterance MGN304, best cost 89.148 + 4392.27 = 4481.42 over 471 frames.
LOG (lattice-best-path[5.5.1137~1-51744]:main():lattice-best-path.cc:99) For utterance MGN305, best cost 75.5238 + 4668.16 = 4743.69 over 491 frames.
LOG (lattice-best-path[5.5.1137~1-51744]:main():lattice-best-path.cc:99) For utterance MGN306, best cost 73.8785 + 4050.17 = 4124.04 over 441 frames.
LOG (lattice-best-path[5.5.1137~1-51744]:main():lattice-best-path.cc:99) For utterance MGN307, best cost 68.8848 + 3061.66 = 3130.54 over 327 frames.
LOG (lattice-best-path[5.5.1137~1-51744]:main():lattice-best-path.cc:99) For utterance MGN308, best cost 37.4307 + 2673.06 = 2710.49 over 284 frames.
LOG (lattice-best-path[5.5.1137~1-51744]:main():lattice-best-path.cc:99) For utterance MGN309, best cost 31.3557 + 4557.77 = 4589.13 over 499 frames.
LOG (lattice-best-path[5.5.1137~1-51744]:main():lattice-best-path.cc:99) For utterance MGN310, best cost 72.3881 + 3470.11 = 3542.49 over 374 frames.
LOG (lattice-best-path[5.5.1137~1-51744]:main():lattice-best-path.cc:99) For utterance MGN311, best cost 65.9209 + 5814.96 = 5880.88 over 631 frames.
LOG (lattice-best-path[5.5.1137~1-51744]:main():lattice-best-path.cc:99) For utterance MGN312, best cost 36.9975 + 4338.8 = 4375.8 over 458 frames.
LOG (lattice-best-path[5.5.1137~1-51744]:main():lattice-best-path.cc:99) For utterance MGN313, best cost 27.909 + 3314.91 = 3342.82 over 365 frames.
LOG (lattice-best-path[5.5.1137~1-51744]:main():lattice-best-path.cc:99) For utterance MGN314, best cost 56.2085 + 3372.69 = 3428.9 over 362 frames.
LOG (lattice-best-path[5.5.1137~1-51744]:main():lattice-best-path.cc:99) For utterance MGN315, best cost 52.5689 + 3223.32 = 3275.89 over 354 frames.
LOG (lattice-best-path[5.5.1137~1-51744]:main():lattice-best-path.cc:99) For utterance MGN316, best cost 34.1076 + 4298.45 = 4332.56 over 455 frames.
LOG (lattice-best-path[5.5.1137~1-51744]:main():lattice-best-path.cc:99) For utterance MGN317, best cost 28.4831 + 3158.06 = 3186.54 over 343 frames.
LOG (lattice-best-path[5.5.1137~1-51744]:main():lattice-best-path.cc:99) For utterance MGN318, best cost 45.7359 + 3077.95 = 3123.69 over 326 frames.
LOG (lattice-best-path[5.5.1137~1-51744]:main():lattice-best-path.cc:99) For utterance MGN319, best cost 27.7354 + 3176.34 = 3204.08 over 350 frames.
LOG (lattice-best-path[5.5.1137~1-51744]:main():lattice-best-path.cc:99) For utterance MGN320, best cost 39.0912 + 2832.31 = 2871.4 over 305 frames.
LOG (lattice-best-path[5.5.1137~1-51744]:main():lattice-best-path.cc:99) For utterance MGN321, best cost 57.8564 + 3832.95 = 3890.81 over 413 frames.
LOG (lattice-best-path[5.5.1137~1-51744]:main():lattice-best-path.cc:99) For utterance MGN322, best cost 29.2122 + 3460.93 = 3490.14 over 367 frames.
LOG (lattice-best-path[5.5.1137~1-51744]:main():lattice-best-path.cc:99) For utterance MGN323, best cost 33.7487 + 4380.41 = 4414.16 over 454 frames.
LOG (lattice-best-path[5.5.1137~1-51744]:main():lattice-best-path.cc:99) For utterance MGN324, best cost 40.4611 + 5447.41 = 5487.87 over 580 frames.
LOG (lattice-best-path[5.5.1137~1-51744]:main():lattice-best-path.cc:99) For utterance MGN325, best cost 33.2003 + 4792.97 = 4826.17 over 516 frames.
LOG (lattice-best-path[5.5.1137~1-51744]:main():lattice-best-path.cc:99) For utterance MGN326, best cost 48.2701 + 4170.27 = 4218.54 over 450 frames.
LOG (lattice-best-path[5.5.1137~1-51744]:main():lattice-best-path.cc:99) For utterance MGN327, best cost 73.0704 + 4172.12 = 4245.19 over 452 frames.
LOG (lattice-best-path[5.5.1137~1-51744]:main():lattice-best-path.cc:99) For utterance MGN328, best cost 31.6451 + 4025.24 = 4056.89 over 419 frames.
LOG (lattice-best-path[5.5.1137~1-51744]:main():lattice-best-path.cc:99) For utterance MGN329, best cost 50.6998 + 2654.57 = 2705.27 over 272 frames.
LOG (lattice-best-path[5.5.1137~1-51744]:main():lattice-best-path.cc:99) For utterance MGN330, best cost 59.342 + 3818.73 = 3878.07 over 413 frames.
LOG (lattice-best-path[5.5.1137~1-51744]:main():lattice-best-path.cc:99) For utterance MGN331, best cost 28.9493 + 3562.29 = 3591.24 over 383 frames.
LOG (lattice-best-path[5.5.1137~1-51744]:main():lattice-best-path.cc:99) For utterance MGN332, best cost 30.8466 + 3584.66 = 3615.5 over 383 frames.
LOG (lattice-best-path[5.5.1137~1-51744]:main():lattice-best-path.cc:99) For utterance MGN333, best cost 32.0698 + 3758.07 = 3790.14 over 418 frames.
LOG (lattice-best-path[5.5.1137~1-51744]:main():lattice-best-path.cc:99) For utterance MGN334, best cost 49.3678 + 3980.8 = 4030.17 over 443 frames.
LOG (lattice-best-path[5.5.1137~1-51744]:main():lattice-best-path.cc:99) For utterance MGN335, best cost 23.8658 + 3081.73 = 3105.59 over 340 frames.
LOG (lattice-best-path[5.5.1137~1-51744]:main():lattice-best-path.cc:99) For utterance MGN336, best cost 41.5049 + 3396.11 = 3437.62 over 381 frames.
LOG (lattice-best-path[5.5.1137~1-51744]:main():lattice-best-path.cc:99) For utterance MGN337, best cost 56.8235 + 3318.62 = 3375.45 over 354 frames.
LOG (lattice-best-path[5.5.1137~1-51744]:main():lattice-best-path.cc:99) For utterance MGN338, best cost 25.7283 + 2969 = 2994.73 over 314 frames.
LOG (lattice-best-path[5.5.1137~1-51744]:main():lattice-best-path.cc:99) For utterance MGN339, best cost 23.5639 + 2670.79 = 2694.35 over 275 frames.
LOG (lattice-best-path[5.5.1137~1-51744]:main():lattice-best-path.cc:99) For utterance MGN340, best cost 60.2384 + 4079.8 = 4140.04 over 427 frames.
LOG (lattice-best-path[5.5.1137~1-51744]:main():lattice-best-path.cc:99) For utterance MGN341, best cost 25.9947 + 3080.6 = 3106.59 over 321 frames.
LOG (lattice-best-path[5.5.1137~1-51744]:main():lattice-best-path.cc:99) For utterance MGN342, best cost 24.6605 + 2859.31 = 2883.97 over 301 frames.
LOG (lattice-best-path[5.5.1137~1-51744]:main():lattice-best-path.cc:99) For utterance MGN343, best cost 64.0764 + 4654.38 = 4718.45 over 518 frames.
LOG (lattice-best-path[5.5.1137~1-51744]:main():lattice-best-path.cc:99) For utterance MGN344, best cost 52.5762 + 2994.91 = 3047.48 over 330 frames.
LOG (lattice-best-path[5.5.1137~1-51744]:main():lattice-best-path.cc:99) For utterance MGN345, best cost 54.795 + 3722.1 = 3776.89 over 399 frames.
LOG (lattice-best-path[5.5.1137~1-51744]:main():lattice-best-path.cc:99) For utterance MGN346, best cost 52.0527 + 3409.73 = 3461.78 over 365 frames.
LOG (lattice-best-path[5.5.1137~1-51744]:main():lattice-best-path.cc:99) For utterance MGN347, best cost 60.1487 + 3852.66 = 3912.81 over 411 frames.
LOG (lattice-best-path[5.5.1137~1-51744]:main():lattice-best-path.cc:99) For utterance MGN348, best cost 27.9012 + 3641.69 = 3669.59 over 385 frames.
LOG (lattice-best-path[5.5.1137~1-51744]:main():lattice-best-path.cc:99) For utterance MGN349, best cost 30.2946 + 3972.09 = 4002.38 over 424 frames.
LOG (lattice-best-path[5.5.1137~1-51744]:main():lattice-best-path.cc:99) For utterance MGN350, best cost 61.9663 + 4154.97 = 4216.93 over 441 frames.
LOG (lattice-best-path[5.5.1137~1-51744]:main():lattice-best-path.cc:99) For utterance MGN351, best cost 68.2604 + 3976.51 = 4044.77 over 425 frames.
LOG (lattice-best-path[5.5.1137~1-51744]:main():lattice-best-path.cc:99) For utterance MGN352, best cost 28.5655 + 4008.86 = 4037.42 over 414 frames.
LOG (lattice-best-path[5.5.1137~1-51744]:main():lattice-best-path.cc:99) For utterance MGN353, best cost 55.21 + 2732.24 = 2787.45 over 295 frames.
LOG (lattice-best-path[5.5.1137~1-51744]:main():lattice-best-path.cc:99) For utterance MGN354, best cost 68.1863 + 4302.11 = 4370.3 over 485 frames.
LOG (lattice-best-path[5.5.1137~1-51744]:main():lattice-best-path.cc:99) For utterance MGN355, best cost 79.3113 + 5303.84 = 5383.15 over 579 frames.
LOG (lattice-best-path[5.5.1137~1-51744]:main():lattice-best-path.cc:99) For utterance MGN356, best cost 28.5037 + 3577.56 = 3606.06 over 399 frames.
LOG (lattice-best-path[5.5.1137~1-51744]:main():lattice-best-path.cc:99) For utterance MGN357, best cost 53.2398 + 2913.25 = 2966.49 over 311 frames.
LOG (lattice-best-path[5.5.1137~1-51744]:main():lattice-best-path.cc:99) For utterance MGN358, best cost 26.9297 + 3336.64 = 3363.57 over 374 frames.
LOG (lattice-best-path[5.5.1137~1-51744]:main():lattice-best-path.cc:99) For utterance MGN359, best cost 47.5638 + 4197.4 = 4244.96 over 456 frames.
LOG (lattice-best-path[5.5.1137~1-51744]:main():lattice-best-path.cc:99) For utterance MGN360, best cost 28.9673 + 3933.36 = 3962.33 over 432 frames.
LOG (lattice-best-path[5.5.1137~1-51744]:main():lattice-best-path.cc:99) For utterance MGN361, best cost 25.082 + 3307.56 = 3332.64 over 367 frames.
LOG (lattice-best-path[5.5.1137~1-51744]:main():lattice-best-path.cc:99) For utterance MGN362, best cost 84.7597 + 5513.25 = 5598.01 over 605 frames.
LOG (lattice-best-path[5.5.1137~1-51744]:main():lattice-best-path.cc:99) For utterance MGN363, best cost 35.0766 + 4355.36 = 4390.44 over 486 frames.
LOG (lattice-best-path[5.5.1137~1-51744]:main():lattice-best-path.cc:99) For utterance MGN364, best cost 62.3843 + 3634.42 = 3696.8 over 399 frames.
LOG (lattice-best-path[5.5.1137~1-51744]:main():lattice-best-path.cc:99) For utterance MGN365, best cost 56.4386 + 3307.32 = 3363.76 over 356 frames.
LOG (lattice-best-path[5.5.1137~1-51744]:main():lattice-best-path.cc:99) For utterance MKA293, best cost 27.9411 + 3624.38 = 3652.32 over 390 frames.
LOG (lattice-best-path[5.5.1137~1-51744]:main():lattice-best-path.cc:99) For utterance MKA294, best cost 24.7072 + 3363.33 = 3388.04 over 353 frames.
LOG (lattice-best-path[5.5.1137~1-51744]:main():lattice-best-path.cc:99) For utterance MKA295, best cost 24.0254 + 2525.43 = 2549.45 over 271 frames.
LOG (lattice-best-path[5.5.1137~1-51744]:main():lattice-best-path.cc:99) For utterance MKA296, best cost 36.5149 + 5019.74 = 5056.25 over 526 frames.
LOG (lattice-best-path[5.5.1137~1-51744]:main():lattice-best-path.cc:99) For utterance MKA297, best cost 27.5978 + 3379.36 = 3406.96 over 357 frames.
LOG (lattice-best-path[5.5.1137~1-51744]:main():lattice-best-path.cc:99) For utterance MKA298, best cost 52.6058 + 2480.75 = 2533.35 over 273 frames.
LOG (lattice-best-path[5.5.1137~1-51744]:main():lattice-best-path.cc:99) For utterance MKA299, best cost 24.7182 + 3265.65 = 3290.37 over 356 frames.
LOG (lattice-best-path[5.5.1137~1-51744]:main():lattice-best-path.cc:99) For utterance MKA300, best cost 32.7084 + 3924.12 = 3956.83 over 420 frames.
LOG (lattice-best-path[5.5.1137~1-51744]:main():lattice-best-path.cc:99) For utterance MKA301, best cost 31.9541 + 3878.62 = 3910.57 over 411 frames.
LOG (lattice-best-path[5.5.1137~1-51744]:main():lattice-best-path.cc:99) For utterance MKA302, best cost 28.527 + 3325.3 = 3353.83 over 351 frames.
LOG (lattice-best-path[5.5.1137~1-51744]:main():lattice-best-path.cc:99) For utterance MKA303, best cost 57.2229 + 3464.75 = 3521.97 over 362 frames.
LOG (lattice-best-path[5.5.1137~1-51744]:main():lattice-best-path.cc:99) For utterance MKA304, best cost 50.1969 + 4787.66 = 4837.86 over 505 frames.
LOG (lattice-best-path[5.5.1137~1-51744]:main():lattice-best-path.cc:99) For utterance MKA305, best cost 35.5744 + 5221.11 = 5256.69 over 558 frames.
LOG (lattice-best-path[5.5.1137~1-51744]:main():lattice-best-path.cc:99) For utterance MKA306, best cost 43.3976 + 3624.83 = 3668.23 over 391 frames.
LOG (lattice-best-path[5.5.1137~1-51744]:main():lattice-best-path.cc:99) For utterance MKA307, best cost 86.8323 + 3643.52 = 3730.35 over 388 frames.
LOG (lattice-best-path[5.5.1137~1-51744]:main():lattice-best-path.cc:99) For utterance MKA308, best cost 23.4554 + 2659.74 = 2683.19 over 283 frames.
LOG (lattice-best-path[5.5.1137~1-51744]:main():lattice-best-path.cc:99) For utterance MKA309, best cost 24.8952 + 2372.85 = 2397.74 over 256 frames.
LOG (lattice-best-path[5.5.1137~1-51744]:main():lattice-best-path.cc:99) For utterance MKA310, best cost 26.4856 + 3016.39 = 3042.87 over 312 frames.
LOG (lattice-best-path[5.5.1137~1-51744]:main():lattice-best-path.cc:99) For utterance MKA311, best cost 97.4896 + 4620.91 = 4718.4 over 502 frames.
LOG (lattice-best-path[5.5.1137~1-51744]:main():lattice-best-path.cc:99) For utterance MKA312, best cost 35.2838 + 4129.83 = 4165.11 over 434 frames.
LOG (lattice-best-path[5.5.1137~1-51744]:main():lattice-best-path.cc:99) For utterance MKA313, best cost 27.8506 + 3746.99 = 3774.84 over 405 frames.
LOG (lattice-best-path[5.5.1137~1-51744]:main():lattice-best-path.cc:99) For utterance MKA314, best cost 46.3705 + 3689.69 = 3736.06 over 406 frames.
LOG (lattice-best-path[5.5.1137~1-51744]:main():lattice-best-path.cc:99) For utterance MKA315, best cost 53.8358 + 3306.82 = 3360.66 over 355 frames.
LOG (lattice-best-path[5.5.1137~1-51744]:main():lattice-best-path.cc:99) For utterance MKA316, best cost 30.0783 + 3908.46 = 3938.54 over 405 frames.
LOG (lattice-best-path[5.5.1137~1-51744]:main():lattice-best-path.cc:99) For utterance MKA317, best cost 25.3059 + 2978.2 = 3003.5 over 323 frames.
LOG (lattice-best-path[5.5.1137~1-51744]:main():lattice-best-path.cc:99) For utterance MKA318, best cost 26.0634 + 3530.02 = 3556.09 over 383 frames.
LOG (lattice-best-path[5.5.1137~1-51744]:main():lattice-best-path.cc:99) For utterance MKA319, best cost 27.1461 + 3357.13 = 3384.27 over 367 frames.
LOG (lattice-best-path[5.5.1137~1-51744]:main():lattice-best-path.cc:99) For utterance MKA320, best cost 24.9843 + 3113.08 = 3138.06 over 331 frames.
LOG (lattice-best-path[5.5.1137~1-51744]:main():lattice-best-path.cc:99) For utterance MKA321, best cost 63.6868 + 3939.62 = 4003.31 over 417 frames.
LOG (lattice-best-path[5.5.1137~1-51744]:main():lattice-best-path.cc:99) For utterance MKA322, best cost 28.1861 + 3621.05 = 3649.23 over 397 frames.
LOG (lattice-best-path[5.5.1137~1-51744]:main():lattice-best-path.cc:99) For utterance MKA323, best cost 48.6705 + 4255.08 = 4303.75 over 466 frames.
LOG (lattice-best-path[5.5.1137~1-51744]:main():lattice-best-path.cc:99) For utterance MKA324, best cost 34.4967 + 4422.38 = 4456.88 over 480 frames.
LOG (lattice-best-path[5.5.1137~1-51744]:main():lattice-best-path.cc:99) For utterance MKA325, best cost 55.0654 + 3217.94 = 3273 over 344 frames.
LOG (lattice-best-path[5.5.1137~1-51744]:main():lattice-best-path.cc:99) For utterance MKA326, best cost 33.1355 + 4414.44 = 4447.57 over 472 frames.
LOG (lattice-best-path[5.5.1137~1-51744]:main():lattice-best-path.cc:99) For utterance MKA327, best cost 31.2455 + 4054.02 = 4085.26 over 437 frames.
LOG (lattice-best-path[5.5.1137~1-51744]:main():lattice-best-path.cc:99) For utterance MKA328, best cost 78.3211 + 4675 = 4753.32 over 505 frames.
LOG (lattice-best-path[5.5.1137~1-51744]:main():lattice-best-path.cc:99) For utterance MKA329, best cost 26.2566 + 3519.5 = 3545.76 over 365 frames.
LOG (lattice-best-path[5.5.1137~1-51744]:main():lattice-best-path.cc:99) For utterance MKA330, best cost 57.7902 + 3755.12 = 3812.91 over 402 frames.
LOG (lattice-best-path[5.5.1137~1-51744]:main():lattice-best-path.cc:99) For utterance MKA331, best cost 23.6681 + 2896.84 = 2920.51 over 313 frames.
LOG (lattice-best-path[5.5.1137~1-51744]:main():lattice-best-path.cc:99) For utterance MKA332, best cost 56.2751 + 3079.25 = 3135.52 over 319 frames.
LOG (lattice-best-path[5.5.1137~1-51744]:main():lattice-best-path.cc:99) For utterance MKA333, best cost 29.4614 + 3688.51 = 3717.97 over 393 frames.
LOG (lattice-best-path[5.5.1137~1-51744]:main():lattice-best-path.cc:99) For utterance MKA334, best cost 31.7349 + 3070.94 = 3102.67 over 329 frames.
LOG (lattice-best-path[5.5.1137~1-51744]:main():lattice-best-path.cc:99) For utterance MKA335, best cost 39.0579 + 2471.24 = 2510.3 over 260 frames.
LOG (lattice-best-path[5.5.1137~1-51744]:main():lattice-best-path.cc:99) For utterance MKA336, best cost 26.4573 + 3283.9 = 3310.36 over 360 frames.
LOG (lattice-best-path[5.5.1137~1-51744]:main():lattice-best-path.cc:99) For utterance MKA337, best cost 40.4438 + 3075.15 = 3115.59 over 323 frames.
LOG (lattice-best-path[5.5.1137~1-51744]:main():lattice-best-path.cc:99) For utterance MKA338, best cost 25.6332 + 2965.93 = 2991.57 over 324 frames.
LOG (lattice-best-path[5.5.1137~1-51744]:main():lattice-best-path.cc:99) For utterance MKA339, best cost 25.3262 + 3389.65 = 3414.97 over 359 frames.
LOG (lattice-best-path[5.5.1137~1-51744]:main():lattice-best-path.cc:99) For utterance MKA340, best cost 35.3194 + 4594.93 = 4630.25 over 476 frames.
LOG (lattice-best-path[5.5.1137~1-51744]:main():lattice-best-path.cc:99) For utterance MKA341, best cost 22.2505 + 2399.02 = 2421.27 over 263 frames.
LOG (lattice-best-path[5.5.1137~1-51744]:main():lattice-best-path.cc:99) For utterance MKA342, best cost 42.0876 + 3488.53 = 3530.62 over 379 frames.
LOG (lattice-best-path[5.5.1137~1-51744]:main():lattice-best-path.cc:99) For utterance MKA343, best cost 48.5399 + 4059.01 = 4107.55 over 439 frames.
LOG (lattice-best-path[5.5.1137~1-51744]:main():lattice-best-path.cc:99) For utterance MKA344, best cost 41.7345 + 3232.07 = 3273.81 over 350 frames.
LOG (lattice-best-path[5.5.1137~1-51744]:main():lattice-best-path.cc:99) For utterance MKA345, best cost 62.3689 + 3659.49 = 3721.86 over 401 frames.
LOG (lattice-best-path[5.5.1137~1-51744]:main():lattice-best-path.cc:99) For utterance MKA346, best cost 24.2526 + 2755.13 = 2779.38 over 290 frames.
LOG (lattice-best-path[5.5.1137~1-51744]:main():lattice-best-path.cc:99) For utterance MKA347, best cost 24.0743 + 2354.65 = 2378.72 over 234 frames.
LOG (lattice-best-path[5.5.1137~1-51744]:main():lattice-best-path.cc:99) For utterance MKA348, best cost 39.7063 + 2617.82 = 2657.53 over 275 frames.
LOG (lattice-best-path[5.5.1137~1-51744]:main():lattice-best-path.cc:99) For utterance MKA349, best cost 25.6915 + 2650.85 = 2676.54 over 282 frames.
LOG (lattice-best-path[5.5.1137~1-51744]:main():lattice-best-path.cc:99) For utterance MKA350, best cost 29.9289 + 3336.56 = 3366.49 over 335 frames.
LOG (lattice-best-path[5.5.1137~1-51744]:main():lattice-best-path.cc:99) For utterance MKA351, best cost 27.3497 + 3067.73 = 3095.08 over 304 frames.
LOG (lattice-best-path[5.5.1137~1-51744]:main():lattice-best-path.cc:99) For utterance MKA352, best cost 25.1856 + 2804.97 = 2830.16 over 289 frames.
LOG (lattice-best-path[5.5.1137~1-51744]:main():lattice-best-path.cc:99) For utterance MKA353, best cost 24.4761 + 2970.47 = 2994.95 over 313 frames.
LOG (lattice-best-path[5.5.1137~1-51744]:main():lattice-best-path.cc:99) For utterance MKA354, best cost 35.5105 + 4225.52 = 4261.03 over 464 frames.
LOG (lattice-best-path[5.5.1137~1-51744]:main():lattice-best-path.cc:99) For utterance MKA355, best cost 26.9115 + 3262.84 = 3289.75 over 351 frames.
LOG (lattice-best-path[5.5.1137~1-51744]:main():lattice-best-path.cc:99) For utterance MKA356, best cost 25.2054 + 2728.81 = 2754.01 over 309 frames.
LOG (lattice-best-path[5.5.1137~1-51744]:main():lattice-best-path.cc:99) For utterance MKA357, best cost 23.8025 + 2736.34 = 2760.14 over 295 frames.
LOG (lattice-best-path[5.5.1137~1-51744]:main():lattice-best-path.cc:99) For utterance MKA358, best cost 25.1782 + 3364.93 = 3390.11 over 369 frames.
LOG (lattice-best-path[5.5.1137~1-51744]:main():lattice-best-path.cc:99) For utterance MKA359, best cost 28.9307 + 3416.31 = 3445.24 over 377 frames.
LOG (lattice-best-path[5.5.1137~1-51744]:main():lattice-best-path.cc:99) For utterance MKA360, best cost 23.9745 + 2963.84 = 2987.81 over 328 frames.
LOG (lattice-best-path[5.5.1137~1-51744]:main():lattice-best-path.cc:99) For utterance MKA361, best cost 22.101 + 2206.21 = 2228.31 over 234 frames.
LOG (lattice-best-path[5.5.1137~1-51744]:main():lattice-best-path.cc:99) For utterance MKA362, best cost 28.9076 + 3287.98 = 3316.89 over 353 frames.
LOG (lattice-best-path[5.5.1137~1-51744]:main():lattice-best-path.cc:99) For utterance MKA363, best cost 27.1545 + 3336.25 = 3363.4 over 360 frames.
LOG (lattice-best-path[5.5.1137~1-51744]:main():lattice-best-path.cc:99) For utterance MKA364, best cost 50.9364 + 2882.66 = 2933.59 over 313 frames.
LOG (lattice-best-path[5.5.1137~1-51744]:main():lattice-best-path.cc:99) For utterance MKA365, best cost 27.3421 + 2823.48 = 2850.83 over 300 frames.
LOG (lattice-best-path[5.5.1137~1-51744]:main():lattice-best-path.cc:99) For utterance MMU293, best cost 27.9701 + 3484.54 = 3512.51 over 393 frames.
LOG (lattice-best-path[5.5.1137~1-51744]:main():lattice-best-path.cc:99) For utterance MMU294, best cost 21.8755 + 2123.02 = 2144.89 over 230 frames.
LOG (lattice-best-path[5.5.1137~1-51744]:main():lattice-best-path.cc:99) For utterance MMU295, best cost 42.2798 + 3357.38 = 3399.66 over 380 frames.
LOG (lattice-best-path[5.5.1137~1-51744]:main():lattice-best-path.cc:99) For utterance MMU296, best cost 35.2073 + 4121.77 = 4156.97 over 450 frames.
LOG (lattice-best-path[5.5.1137~1-51744]:main():lattice-best-path.cc:99) For utterance MMU297, best cost 42.3224 + 3244.91 = 3287.23 over 353 frames.
LOG (lattice-best-path[5.5.1137~1-51744]:main():lattice-best-path.cc:99) For utterance MMU298, best cost 39.6425 + 2553.75 = 2593.39 over 280 frames.
LOG (lattice-best-path[5.5.1137~1-51744]:main():lattice-best-path.cc:99) For utterance MMU299, best cost 35.9628 + 3294.73 = 3330.69 over 374 frames.
LOG (lattice-best-path[5.5.1137~1-51744]:main():lattice-best-path.cc:99) For utterance MMU300, best cost 31.3688 + 3652.69 = 3684.06 over 395 frames.
LOG (lattice-best-path[5.5.1137~1-51744]:main():lattice-best-path.cc:99) For utterance MMU301, best cost 47.7984 + 4137.85 = 4185.65 over 465 frames.
LOG (lattice-best-path[5.5.1137~1-51744]:main():lattice-best-path.cc:99) For utterance MMU302, best cost 52.1639 + 2469.13 = 2521.3 over 268 frames.
LOG (lattice-best-path[5.5.1137~1-51744]:main():lattice-best-path.cc:99) For utterance MMU303, best cost 30.2687 + 3887.57 = 3917.84 over 428 frames.
LOG (lattice-best-path[5.5.1137~1-51744]:main():lattice-best-path.cc:99) For utterance MMU304, best cost 62.78 + 4525.93 = 4588.71 over 505 frames.
LOG (lattice-best-path[5.5.1137~1-51744]:main():lattice-best-path.cc:99) For utterance MMU305, best cost 78.9827 + 4769.83 = 4848.82 over 519 frames.
LOG (lattice-best-path[5.5.1137~1-51744]:main():lattice-best-path.cc:99) For utterance MMU306, best cost 77.357 + 3686.15 = 3763.5 over 425 frames.
LOG (lattice-best-path[5.5.1137~1-51744]:main():lattice-best-path.cc:99) For utterance MMU307, best cost 60.1733 + 3741.84 = 3802.01 over 414 frames.
LOG (lattice-best-path[5.5.1137~1-51744]:main():lattice-best-path.cc:99) For utterance MMU308, best cost 22.1113 + 2592.88 = 2614.99 over 293 frames.
LOG (lattice-best-path[5.5.1137~1-51744]:main():lattice-best-path.cc:99) For utterance MMU309, best cost 46.3115 + 3210.26 = 3256.57 over 361 frames.
LOG (lattice-best-path[5.5.1137~1-51744]:main():lattice-best-path.cc:99) For utterance MMU310, best cost 29.5822 + 4475.38 = 4504.96 over 520 frames.
LOG (lattice-best-path[5.5.1137~1-51744]:main():lattice-best-path.cc:99) For utterance MMU311, best cost 34.3806 + 4090.59 = 4124.97 over 420 frames.
LOG (lattice-best-path[5.5.1137~1-51744]:main():lattice-best-path.cc:99) For utterance MMU312, best cost 98.2502 + 4536.44 = 4634.69 over 502 frames.
LOG (lattice-best-path[5.5.1137~1-51744]:main():lattice-best-path.cc:99) For utterance MMU313, best cost 26.2895 + 3465.56 = 3491.85 over 390 frames.
LOG (lattice-best-path[5.5.1137~1-51744]:main():lattice-best-path.cc:99) For utterance MMU314, best cost 52.3338 + 2905.46 = 2957.79 over 328 frames.
LOG (lattice-best-path[5.5.1137~1-51744]:main():lattice-best-path.cc:99) For utterance MMU315, best cost 27.5345 + 2566.19 = 2593.72 over 279 frames.
LOG (lattice-best-path[5.5.1137~1-51744]:main():lattice-best-path.cc:99) For utterance MMU316, best cost 31.0267 + 4362.21 = 4393.24 over 478 frames.
LOG (lattice-best-path[5.5.1137~1-51744]:main():lattice-best-path.cc:99) For utterance MMU317, best cost 25.7467 + 3283.46 = 3309.21 over 368 frames.
LOG (lattice-best-path[5.5.1137~1-51744]:main():lattice-best-path.cc:99) For utterance MMU318, best cost 24.7236 + 3600.45 = 3625.17 over 417 frames.
LOG (lattice-best-path[5.5.1137~1-51744]:main():lattice-best-path.cc:99) For utterance MMU319, best cost 52.0848 + 3876.36 = 3928.44 over 442 frames.
LOG (lattice-best-path[5.5.1137~1-51744]:main():lattice-best-path.cc:99) For utterance MMU320, best cost 24.3822 + 2969.34 = 2993.72 over 321 frames.
LOG (lattice-best-path[5.5.1137~1-51744]:main():lattice-best-path.cc:99) For utterance MMU321, best cost 31.1727 + 4891.88 = 4923.05 over 537 frames.
LOG (lattice-best-path[5.5.1137~1-51744]:main():lattice-best-path.cc:99) For utterance MMU322, best cost 24.2254 + 2928.42 = 2952.65 over 323 frames.
LOG (lattice-best-path[5.5.1137~1-51744]:main():lattice-best-path.cc:99) For utterance MMU323, best cost 31.7741 + 4014.91 = 4046.69 over 444 frames.
LOG (lattice-best-path[5.5.1137~1-51744]:main():lattice-best-path.cc:99) For utterance MMU324, best cost 48.3565 + 3947.03 = 3995.38 over 441 frames.
LOG (lattice-best-path[5.5.1137~1-51744]:main():lattice-best-path.cc:99) For utterance MMU325, best cost 25.1073 + 2607.63 = 2632.73 over 288 frames.
LOG (lattice-best-path[5.5.1137~1-51744]:main():lattice-best-path.cc:99) For utterance MMU326, best cost 70.1136 + 3816.69 = 3886.8 over 408 frames.
LOG (lattice-best-path[5.5.1137~1-51744]:main():lattice-best-path.cc:99) For utterance MMU327, best cost 29.1374 + 3320.56 = 3349.7 over 357 frames.
LOG (lattice-best-path[5.5.1137~1-51744]:main():lattice-best-path.cc:99) For utterance MMU328, best cost 29.9475 + 3711.76 = 3741.71 over 398 frames.
LOG (lattice-best-path[5.5.1137~1-51744]:main():lattice-best-path.cc:99) For utterance MMU329, best cost 23.5932 + 2920.54 = 2944.13 over 319 frames.
LOG (lattice-best-path[5.5.1137~1-51744]:main():lattice-best-path.cc:99) For utterance MMU330, best cost 25.717 + 3054.66 = 3080.38 over 331 frames.
LOG (lattice-best-path[5.5.1137~1-51744]:main():lattice-best-path.cc:99) For utterance MMU331, best cost 23.695 + 2944.14 = 2967.83 over 339 frames.
LOG (lattice-best-path[5.5.1137~1-51744]:main():lattice-best-path.cc:99) For utterance MMU332, best cost 28.0178 + 3534.28 = 3562.29 over 395 frames.
LOG (lattice-best-path[5.5.1137~1-51744]:main():lattice-best-path.cc:99) For utterance MMU333, best cost 27.6501 + 3543.63 = 3571.28 over 387 frames.
LOG (lattice-best-path[5.5.1137~1-51744]:main():lattice-best-path.cc:99) For utterance MMU334, best cost 41.3656 + 2794.17 = 2835.53 over 304 frames.
LOG (lattice-best-path[5.5.1137~1-51744]:main():lattice-best-path.cc:99) For utterance MMU335, best cost 26.8861 + 1967.34 = 1994.22 over 218 frames.
LOG (lattice-best-path[5.5.1137~1-51744]:main():lattice-best-path.cc:99) For utterance MMU336, best cost 24.4008 + 2508.11 = 2532.51 over 283 frames.
LOG (lattice-best-path[5.5.1137~1-51744]:main():lattice-best-path.cc:99) For utterance MMU337, best cost 42.7439 + 3716.69 = 3759.43 over 409 frames.
LOG (lattice-best-path[5.5.1137~1-51744]:main():lattice-best-path.cc:99) For utterance MMU338, best cost 30.3767 + 4080.05 = 4110.42 over 468 frames.
LOG (lattice-best-path[5.5.1137~1-51744]:main():lattice-best-path.cc:99) For utterance MMU339, best cost 24.5276 + 3154.48 = 3179.01 over 346 frames.
LOG (lattice-best-path[5.5.1137~1-51744]:main():lattice-best-path.cc:99) For utterance MMU340, best cost 68.1541 + 3596.72 = 3664.87 over 389 frames.
LOG (lattice-best-path[5.5.1137~1-51744]:main():lattice-best-path.cc:99) For utterance MMU341, best cost 25.1036 + 3326.47 = 3351.57 over 371 frames.
LOG (lattice-best-path[5.5.1137~1-51744]:main():lattice-best-path.cc:99) For utterance MMU342, best cost 22.4277 + 2348.24 = 2370.67 over 258 frames.
LOG (lattice-best-path[5.5.1137~1-51744]:main():lattice-best-path.cc:99) For utterance MMU343, best cost 45.5623 + 3479.79 = 3525.35 over 364 frames.
LOG (lattice-best-path[5.5.1137~1-51744]:main():lattice-best-path.cc:99) For utterance MMU344, best cost 22.7171 + 2342.53 = 2365.24 over 245 frames.
LOG (lattice-best-path[5.5.1137~1-51744]:main():lattice-best-path.cc:99) For utterance MMU345, best cost 44.1021 + 2984.97 = 3029.07 over 329 frames.
LOG (lattice-best-path[5.5.1137~1-51744]:main():lattice-best-path.cc:99) For utterance MMU346, best cost 24.0455 + 3141.4 = 3165.45 over 360 frames.
LOG (lattice-best-path[5.5.1137~1-51744]:main():lattice-best-path.cc:99) For utterance MMU347, best cost 52.4045 + 3524.05 = 3576.45 over 384 frames.
LOG (lattice-best-path[5.5.1137~1-51744]:main():lattice-best-path.cc:99) For utterance MMU348, best cost 49.3021 + 3038.27 = 3087.57 over 345 frames.
LOG (lattice-best-path[5.5.1137~1-51744]:main():lattice-best-path.cc:99) For utterance MMU349, best cost 25.5639 + 3216.09 = 3241.66 over 341 frames.
LOG (lattice-best-path[5.5.1137~1-51744]:main():lattice-best-path.cc:99) For utterance MMU350, best cost 32.3143 + 4295.85 = 4328.16 over 479 frames.
LOG (lattice-best-path[5.5.1137~1-51744]:main():lattice-best-path.cc:99) For utterance MMU351, best cost 28.4684 + 3114.7 = 3143.17 over 330 frames.
LOG (lattice-best-path[5.5.1137~1-51744]:main():lattice-best-path.cc:99) For utterance MMU352, best cost 53.3025 + 2291.69 = 2345 over 254 frames.
LOG (lattice-best-path[5.5.1137~1-51744]:main():lattice-best-path.cc:99) For utterance MMU353, best cost 53.3923 + 3196.21 = 3249.6 over 337 frames.
LOG (lattice-best-path[5.5.1137~1-51744]:main():lattice-best-path.cc:99) For utterance MMU354, best cost 75.1945 + 4824.63 = 4899.82 over 524 frames.
LOG (lattice-best-path[5.5.1137~1-51744]:main():lattice-best-path.cc:99) For utterance MMU355, best cost 28.0943 + 3695.44 = 3723.53 over 426 frames.
LOG (lattice-best-path[5.5.1137~1-51744]:main():lattice-best-path.cc:99) For utterance MMU356, best cost 24.4844 + 2964.77 = 2989.25 over 330 frames.
LOG (lattice-best-path[5.5.1137~1-51744]:main():lattice-best-path.cc:99) For utterance MMU357, best cost 21.0361 + 2072.74 = 2093.78 over 227 frames.
LOG (lattice-best-path[5.5.1137~1-51744]:main():lattice-best-path.cc:99) For utterance MMU358, best cost 25.1353 + 3593.35 = 3618.49 over 403 frames.
LOG (lattice-best-path[5.5.1137~1-51744]:main():lattice-best-path.cc:99) For utterance MMU359, best cost 26.998 + 3358.86 = 3385.86 over 375 frames.
LOG (lattice-best-path[5.5.1137~1-51744]:main():lattice-best-path.cc:99) For utterance MMU360, best cost 49.8706 + 3147.35 = 3197.22 over 345 frames.
LOG (lattice-depth-per-frame[5.5.1137~1-51744]:main():lattice-depth-per-frame.cc:82) Done 219 lattices.
LOG (lattice-best-path[5.5.1137~1-51744]:main():lattice-best-path.cc:99) For utterance MMU361, best cost 48.879 + 2198.51 = 2247.39 over 226 frames.
LOG (lattice-best-path[5.5.1137~1-51744]:main():lattice-best-path.cc:99) For utterance MMU362, best cost 95.6092 + 4430.59 = 4526.2 over 481 frames.
LOG (lattice-best-path[5.5.1137~1-51744]:main():lattice-best-path.cc:99) For utterance MMU363, best cost 28.1708 + 4093.57 = 4121.74 over 458 frames.
LOG (lattice-best-path[5.5.1137~1-51744]:main():lattice-best-path.cc:99) For utterance MMU364, best cost 37.4542 + 2401.23 = 2438.68 over 256 frames.
LOG (lattice-best-path[5.5.1137~1-51744]:main():lattice-best-path.cc:99) For utterance MMU365, best cost 58.8433 + 3933.51 = 3992.35 over 434 frames.
LOG (lattice-best-path[5.5.1137~1-51744]:main():lattice-best-path.cc:124) Overall cost per frame is 9.32927 = 0.107215 [graph] + 9.22206 [acoustic] over 83435 frames.
LOG (lattice-best-path[5.5.1137~1-51744]:main():lattice-best-path.cc:128) Done 219 lattices, failed for 0
# Accounting: time=0 threads=1
# Ended (code 0) at Wed Aug 28 02:27:28 IST 2024, elapsed time 0 seconds
