# lattice-depth-per-frame "ark:gunzip -c exp_FG/tri_8_2000/decode/lat.1.gz|" "ark,t:|gzip -c > exp_FG/tri_8_2000/decode/depth_tmp.1.gz" ark:- | lattice-best-path --acoustic-scale=0.1 ark:- ark:/dev/null "ark,t:|gzip -c >exp_FG/tri_8_2000/decode/ali_tmp.1.gz" 
# Started at Wed Aug 28 02:27:28 IST 2024
#
lattice-depth-per-frame 'ark:gunzip -c exp_FG/tri_8_2000/decode/lat.1.gz|' 'ark,t:|gzip -c > exp_FG/tri_8_2000/decode/depth_tmp.1.gz' ark:- 
lattice-best-path --acoustic-scale=0.1 ark:- ark:/dev/null 'ark,t:|gzip -c >exp_FG/tri_8_2000/decode/ali_tmp.1.gz' 
LOG (lattice-best-path[5.5.1137~1-51744]:main():lattice-best-path.cc:99) For utterance FAM293, best cost 24.6322 + 2892.98 = 2917.61 over 301 frames.
LOG (lattice-best-path[5.5.1137~1-51744]:main():lattice-best-path.cc:99) For utterance FAM294, best cost 23.9543 + 3355.34 = 3379.29 over 355 frames.
LOG (lattice-best-path[5.5.1137~1-51744]:main():lattice-best-path.cc:99) For utterance FAM295, best cost 22.8864 + 3002.06 = 3024.94 over 325 frames.
LOG (lattice-best-path[5.5.1137~1-51744]:main():lattice-best-path.cc:99) For utterance FAM296, best cost 32.0247 + 4293.46 = 4325.49 over 448 frames.
LOG (lattice-best-path[5.5.1137~1-51744]:main():lattice-best-path.cc:99) For utterance FAM297, best cost 27.1476 + 3817.38 = 3844.53 over 399 frames.
LOG (lattice-best-path[5.5.1137~1-51744]:main():lattice-best-path.cc:99) For utterance FAM298, best cost 26.2795 + 3555.91 = 3582.19 over 379 frames.
LOG (lattice-best-path[5.5.1137~1-51744]:main():lattice-best-path.cc:99) For utterance FAM299, best cost 23.2432 + 3344.79 = 3368.03 over 358 frames.
LOG (lattice-best-path[5.5.1137~1-51744]:main():lattice-best-path.cc:99) For utterance FAM300, best cost 28.844 + 3986.47 = 4015.31 over 409 frames.
LOG (lattice-best-path[5.5.1137~1-51744]:main():lattice-best-path.cc:99) For utterance FAM301, best cost 31.4375 + 4352.18 = 4383.61 over 456 frames.
LOG (lattice-best-path[5.5.1137~1-51744]:main():lattice-best-path.cc:99) For utterance FAM302, best cost 67.504 + 3704.04 = 3771.55 over 401 frames.
LOG (lattice-best-path[5.5.1137~1-51744]:main():lattice-best-path.cc:99) For utterance FAM303, best cost 28.4013 + 3777.77 = 3806.17 over 401 frames.
LOG (lattice-best-path[5.5.1137~1-51744]:main():lattice-best-path.cc:99) For utterance FAM304, best cost 49.1939 + 4711.25 = 4760.44 over 489 frames.
LOG (lattice-best-path[5.5.1137~1-51744]:main():lattice-best-path.cc:99) For utterance FAM305, best cost 61.5705 + 4533.84 = 4595.41 over 467 frames.
LOG (lattice-best-path[5.5.1137~1-51744]:main():lattice-best-path.cc:99) For utterance FAM306, best cost 90.9026 + 2888.51 = 2979.42 over 287 frames.
LOG (lattice-best-path[5.5.1137~1-51744]:main():lattice-best-path.cc:99) For utterance FAM307, best cost 40.0891 + 2751.43 = 2791.52 over 277 frames.
LOG (lattice-best-path[5.5.1137~1-51744]:main():lattice-best-path.cc:99) For utterance FAM308, best cost 21.5028 + 2121.56 = 2143.06 over 208 frames.
LOG (lattice-best-path[5.5.1137~1-51744]:main():lattice-best-path.cc:99) For utterance FAM309, best cost 24.6281 + 2465.15 = 2489.78 over 240 frames.
LOG (lattice-best-path[5.5.1137~1-51744]:main():lattice-best-path.cc:99) For utterance FAM310, best cost 27.8306 + 3331.16 = 3359 over 327 frames.
LOG (lattice-best-path[5.5.1137~1-51744]:main():lattice-best-path.cc:99) For utterance FAM311, best cost 49.4033 + 4375.9 = 4425.3 over 448 frames.
LOG (lattice-best-path[5.5.1137~1-51744]:main():lattice-best-path.cc:99) For utterance FAM312, best cost 34.123 + 4016.5 = 4050.62 over 402 frames.
LOG (lattice-best-path[5.5.1137~1-51744]:main():lattice-best-path.cc:99) For utterance FAM313, best cost 24.7806 + 2729.6 = 2754.38 over 279 frames.
LOG (lattice-best-path[5.5.1137~1-51744]:main():lattice-best-path.cc:99) For utterance FAM314, best cost 23.6198 + 2590.1 = 2613.72 over 250 frames.
LOG (lattice-best-path[5.5.1137~1-51744]:main():lattice-best-path.cc:99) For utterance FAM315, best cost 23.7932 + 2626.99 = 2650.79 over 264 frames.
LOG (lattice-best-path[5.5.1137~1-51744]:main():lattice-best-path.cc:99) For utterance FAM316, best cost 27.5674 + 3645.73 = 3673.3 over 370 frames.
LOG (lattice-best-path[5.5.1137~1-51744]:main():lattice-best-path.cc:99) For utterance FAM317, best cost 27.133 + 4220.05 = 4247.19 over 445 frames.
LOG (lattice-best-path[5.5.1137~1-51744]:main():lattice-best-path.cc:99) For utterance FAM318, best cost 25.0548 + 3228.04 = 3253.09 over 339 frames.
LOG (lattice-best-path[5.5.1137~1-51744]:main():lattice-best-path.cc:99) For utterance FAM319, best cost 27.7415 + 3714.22 = 3741.96 over 403 frames.
LOG (lattice-best-path[5.5.1137~1-51744]:main():lattice-best-path.cc:99) For utterance FAM320, best cost 23.4525 + 3590.53 = 3613.98 over 383 frames.
LOG (lattice-best-path[5.5.1137~1-51744]:main():lattice-best-path.cc:99) For utterance FAM321, best cost 28.1558 + 3454.25 = 3482.4 over 352 frames.
LOG (lattice-best-path[5.5.1137~1-51744]:main():lattice-best-path.cc:99) For utterance FAM322, best cost 48.5857 + 2553.73 = 2602.32 over 271 frames.
LOG (lattice-best-path[5.5.1137~1-51744]:main():lattice-best-path.cc:99) For utterance FAM323, best cost 32.1771 + 3857.77 = 3889.95 over 403 frames.
LOG (lattice-best-path[5.5.1137~1-51744]:main():lattice-best-path.cc:99) For utterance FAM324, best cost 28.6965 + 3123.49 = 3152.19 over 313 frames.
LOG (lattice-best-path[5.5.1137~1-51744]:main():lattice-best-path.cc:99) For utterance FAM325, best cost 27.2157 + 2975.37 = 3002.58 over 315 frames.
LOG (lattice-best-path[5.5.1137~1-51744]:main():lattice-best-path.cc:99) For utterance FAM326, best cost 26.8523 + 3027.46 = 3054.31 over 288 frames.
LOG (lattice-best-path[5.5.1137~1-51744]:main():lattice-best-path.cc:99) For utterance FAM327, best cost 28.4096 + 3341.33 = 3369.74 over 347 frames.
LOG (lattice-best-path[5.5.1137~1-51744]:main():lattice-best-path.cc:99) For utterance FAM328, best cost 54.8114 + 3378.05 = 3432.87 over 345 frames.
LOG (lattice-best-path[5.5.1137~1-51744]:main():lattice-best-path.cc:99) For utterance FAM329, best cost 22.8101 + 2933.8 = 2956.61 over 297 frames.
LOG (lattice-best-path[5.5.1137~1-51744]:main():lattice-best-path.cc:99) For utterance FAM330, best cost 41.1219 + 3241.82 = 3282.94 over 333 frames.
LOG (lattice-best-path[5.5.1137~1-51744]:main():lattice-best-path.cc:99) For utterance FAM331, best cost 22.2036 + 2330.94 = 2353.14 over 244 frames.
LOG (lattice-best-path[5.5.1137~1-51744]:main():lattice-best-path.cc:99) For utterance FAM332, best cost 24.1302 + 2454.18 = 2478.31 over 257 frames.
LOG (lattice-best-path[5.5.1137~1-51744]:main():lattice-best-path.cc:99) For utterance FAM333, best cost 23.8037 + 2528.78 = 2552.58 over 265 frames.
LOG (lattice-best-path[5.5.1137~1-51744]:main():lattice-best-path.cc:99) For utterance FAM334, best cost 25.2856 + 2621.96 = 2647.24 over 272 frames.
LOG (lattice-best-path[5.5.1137~1-51744]:main():lattice-best-path.cc:99) For utterance FAM335, best cost 22.5833 + 2257.72 = 2280.3 over 226 frames.
LOG (lattice-best-path[5.5.1137~1-51744]:main():lattice-best-path.cc:99) For utterance FAM336, best cost 23.0906 + 2060.06 = 2083.15 over 209 frames.
LOG (lattice-best-path[5.5.1137~1-51744]:main():lattice-best-path.cc:99) For utterance FAM337, best cost 24.1874 + 3069.62 = 3093.81 over 315 frames.
LOG (lattice-best-path[5.5.1137~1-51744]:main():lattice-best-path.cc:99) For utterance FAM338, best cost 24.056 + 2535.93 = 2559.99 over 264 frames.
LOG (lattice-best-path[5.5.1137~1-51744]:main():lattice-best-path.cc:99) For utterance FAM339, best cost 22.15 + 2632.69 = 2654.84 over 272 frames.
LOG (lattice-best-path[5.5.1137~1-51744]:main():lattice-best-path.cc:99) For utterance FAM340, best cost 45.3575 + 3768.21 = 3813.57 over 383 frames.
LOG (lattice-best-path[5.5.1137~1-51744]:main():lattice-best-path.cc:99) For utterance FAM341, best cost 23.1557 + 2583.96 = 2607.12 over 265 frames.
LOG (lattice-best-path[5.5.1137~1-51744]:main():lattice-best-path.cc:99) For utterance FAM342, best cost 23.2852 + 2574.07 = 2597.35 over 270 frames.
LOG (lattice-best-path[5.5.1137~1-51744]:main():lattice-best-path.cc:99) For utterance FAM343, best cost 27.6434 + 2972.92 = 3000.56 over 310 frames.
LOG (lattice-best-path[5.5.1137~1-51744]:main():lattice-best-path.cc:99) For utterance FAM344, best cost 22.8811 + 2505.67 = 2528.55 over 263 frames.
LOG (lattice-best-path[5.5.1137~1-51744]:main():lattice-best-path.cc:99) For utterance FAM345, best cost 26.0785 + 2736.53 = 2762.61 over 291 frames.
LOG (lattice-best-path[5.5.1137~1-51744]:main():lattice-best-path.cc:99) For utterance FAM346, best cost 23.4525 + 2414.28 = 2437.73 over 251 frames.
LOG (lattice-best-path[5.5.1137~1-51744]:main():lattice-best-path.cc:99) For utterance FAM347, best cost 55.1656 + 3012.42 = 3067.58 over 301 frames.
LOG (lattice-best-path[5.5.1137~1-51744]:main():lattice-best-path.cc:99) For utterance FAM348, best cost 21.6736 + 2096.29 = 2117.96 over 220 frames.
LOG (lattice-best-path[5.5.1137~1-51744]:main():lattice-best-path.cc:99) For utterance FAM349, best cost 25.065 + 2787.31 = 2812.37 over 274 frames.
LOG (lattice-best-path[5.5.1137~1-51744]:main():lattice-best-path.cc:99) For utterance FAM350, best cost 32.1433 + 4352.32 = 4384.46 over 455 frames.
LOG (lattice-best-path[5.5.1137~1-51744]:main():lattice-best-path.cc:99) For utterance FAM351, best cost 26.1676 + 2948.5 = 2974.67 over 295 frames.
LOG (lattice-best-path[5.5.1137~1-51744]:main():lattice-best-path.cc:99) For utterance FAM352, best cost 23.839 + 2548.7 = 2572.54 over 267 frames.
LOG (lattice-best-path[5.5.1137~1-51744]:main():lattice-best-path.cc:99) For utterance FAM353, best cost 23.4706 + 2655.02 = 2678.49 over 270 frames.
LOG (lattice-best-path[5.5.1137~1-51744]:main():lattice-best-path.cc:99) For utterance FAM354, best cost 63.245 + 3685.41 = 3748.66 over 377 frames.
LOG (lattice-best-path[5.5.1137~1-51744]:main():lattice-best-path.cc:99) For utterance FAM355, best cost 24.6695 + 2789.46 = 2814.12 over 286 frames.
LOG (lattice-best-path[5.5.1137~1-51744]:main():lattice-best-path.cc:99) For utterance FAM356, best cost 21.961 + 2230.45 = 2252.41 over 236 frames.
LOG (lattice-best-path[5.5.1137~1-51744]:main():lattice-best-path.cc:99) For utterance FAM357, best cost 21.4524 + 2050.21 = 2071.67 over 208 frames.
LOG (lattice-best-path[5.5.1137~1-51744]:main():lattice-best-path.cc:99) For utterance FAM358, best cost 20.1322 + 1812.44 = 1832.57 over 184 frames.
LOG (lattice-best-path[5.5.1137~1-51744]:main():lattice-best-path.cc:99) For utterance FAM359, best cost 26.819 + 2949.93 = 2976.75 over 300 frames.
LOG (lattice-best-path[5.5.1137~1-51744]:main():lattice-best-path.cc:99) For utterance FAM360, best cost 22.2788 + 2613.84 = 2636.12 over 280 frames.
LOG (lattice-best-path[5.5.1137~1-51744]:main():lattice-best-path.cc:99) For utterance FAM361, best cost 20.4265 + 1947.93 = 1968.36 over 203 frames.
LOG (lattice-best-path[5.5.1137~1-51744]:main():lattice-best-path.cc:99) For utterance FAM362, best cost 67.6155 + 3061.64 = 3129.25 over 309 frames.
LOG (lattice-best-path[5.5.1137~1-51744]:main():lattice-best-path.cc:99) For utterance FAM363, best cost 25.633 + 2875.6 = 2901.23 over 290 frames.
LOG (lattice-best-path[5.5.1137~1-51744]:main():lattice-best-path.cc:99) For utterance FAM364, best cost 38.4781 + 2272.31 = 2310.79 over 239 frames.
LOG (lattice-best-path[5.5.1137~1-51744]:main():lattice-best-path.cc:99) For utterance FAM365, best cost 27.9571 + 3092.96 = 3120.92 over 315 frames.
LOG (lattice-best-path[5.5.1137~1-51744]:main():lattice-best-path.cc:99) For utterance FBL293, best cost 30.1172 + 3604.58 = 3634.7 over 357 frames.
LOG (lattice-best-path[5.5.1137~1-51744]:main():lattice-best-path.cc:99) For utterance FBL294, best cost 24.4282 + 2903.05 = 2927.48 over 296 frames.
LOG (lattice-best-path[5.5.1137~1-51744]:main():lattice-best-path.cc:99) For utterance FBL295, best cost 26.6178 + 3546.53 = 3573.15 over 369 frames.
LOG (lattice-best-path[5.5.1137~1-51744]:main():lattice-best-path.cc:99) For utterance FBL296, best cost 85.6309 + 4735.9 = 4821.53 over 483 frames.
LOG (lattice-best-path[5.5.1137~1-51744]:main():lattice-best-path.cc:99) For utterance FBL297, best cost 71.4303 + 3983.08 = 4054.51 over 416 frames.
LOG (lattice-best-path[5.5.1137~1-51744]:main():lattice-best-path.cc:99) For utterance FBL298, best cost 61.2705 + 4560.94 = 4622.21 over 489 frames.
LOG (lattice-best-path[5.5.1137~1-51744]:main():lattice-best-path.cc:99) For utterance FBL299, best cost 27.9095 + 3684.58 = 3712.49 over 379 frames.
LOG (lattice-best-path[5.5.1137~1-51744]:main():lattice-best-path.cc:99) For utterance FBL300, best cost 86.0325 + 5129.33 = 5215.36 over 529 frames.
LOG (lattice-best-path[5.5.1137~1-51744]:main():lattice-best-path.cc:99) For utterance FBL301, best cost 74.534 + 4604.35 = 4678.88 over 476 frames.
LOG (lattice-best-path[5.5.1137~1-51744]:main():lattice-best-path.cc:99) For utterance FBL302, best cost 89.5494 + 4696.23 = 4785.77 over 499 frames.
LOG (lattice-best-path[5.5.1137~1-51744]:main():lattice-best-path.cc:99) For utterance FBL303, best cost 70.4928 + 4484.21 = 4554.7 over 476 frames.
LOG (lattice-best-path[5.5.1137~1-51744]:main():lattice-best-path.cc:99) For utterance FBL304, best cost 68.2821 + 5259.35 = 5327.63 over 547 frames.
LOG (lattice-best-path[5.5.1137~1-51744]:main():lattice-best-path.cc:99) For utterance FBL305, best cost 108.581 + 6592.53 = 6701.11 over 689 frames.
LOG (lattice-best-path[5.5.1137~1-51744]:main():lattice-best-path.cc:99) For utterance FBL306, best cost 74.3643 + 5173.97 = 5248.34 over 528 frames.
LOG (lattice-best-path[5.5.1137~1-51744]:main():lattice-best-path.cc:99) For utterance FBL307, best cost 82.8273 + 4523.84 = 4606.66 over 480 frames.
LOG (lattice-best-path[5.5.1137~1-51744]:main():lattice-best-path.cc:99) For utterance FBL308, best cost 50.7716 + 2693.58 = 2744.35 over 274 frames.
LOG (lattice-best-path[5.5.1137~1-51744]:main():lattice-best-path.cc:99) For utterance FBL309, best cost 56.3465 + 3672.16 = 3728.51 over 351 frames.
LOG (lattice-best-path[5.5.1137~1-51744]:main():lattice-best-path.cc:99) For utterance FBL310, best cost 67.8328 + 3971.26 = 4039.1 over 380 frames.
LOG (lattice-best-path[5.5.1137~1-51744]:main():lattice-best-path.cc:99) For utterance FBL311, best cost 112.76 + 6969.33 = 7082.09 over 696 frames.
LOG (lattice-best-path[5.5.1137~1-51744]:main():lattice-best-path.cc:99) For utterance FBL312, best cost 92.4903 + 5903.94 = 5996.43 over 581 frames.
LOG (lattice-best-path[5.5.1137~1-51744]:main():lattice-best-path.cc:99) For utterance FBL313, best cost 29.1127 + 3690.96 = 3720.07 over 369 frames.
LOG (lattice-best-path[5.5.1137~1-51744]:main():lattice-best-path.cc:99) For utterance FBL314, best cost 52.5412 + 3788.6 = 3841.14 over 375 frames.
LOG (lattice-best-path[5.5.1137~1-51744]:main():lattice-best-path.cc:99) For utterance FBL315, best cost 65.2458 + 3522.45 = 3587.69 over 359 frames.
LOG (lattice-best-path[5.5.1137~1-51744]:main():lattice-best-path.cc:99) For utterance FBL316, best cost 66.3315 + 4844.65 = 4910.98 over 467 frames.
LOG (lattice-best-path[5.5.1137~1-51744]:main():lattice-best-path.cc:99) For utterance FBL317, best cost 28.5309 + 3572.07 = 3600.6 over 350 frames.
LOG (lattice-best-path[5.5.1137~1-51744]:main():lattice-best-path.cc:99) For utterance FBL318, best cost 25.4345 + 3357.03 = 3382.46 over 334 frames.
LOG (lattice-best-path[5.5.1137~1-51744]:main():lattice-best-path.cc:99) For utterance FBL319, best cost 56.0648 + 3059.01 = 3115.08 over 323 frames.
LOG (lattice-best-path[5.5.1137~1-51744]:main():lattice-best-path.cc:99) For utterance FBL320, best cost 66.9463 + 4023.86 = 4090.8 over 419 frames.
LOG (lattice-best-path[5.5.1137~1-51744]:main():lattice-best-path.cc:99) For utterance FBL321, best cost 117.922 + 4815.13 = 4933.05 over 463 frames.
LOG (lattice-best-path[5.5.1137~1-51744]:main():lattice-best-path.cc:99) For utterance FBL322, best cost 49.1779 + 3804.35 = 3853.53 over 389 frames.
LOG (lattice-best-path[5.5.1137~1-51744]:main():lattice-best-path.cc:99) For utterance FBL323, best cost 45.9888 + 4280.08 = 4326.07 over 437 frames.
LOG (lattice-best-path[5.5.1137~1-51744]:main():lattice-best-path.cc:99) For utterance FBL324, best cost 61.6537 + 4464.26 = 4525.91 over 464 frames.
LOG (lattice-best-path[5.5.1137~1-51744]:main():lattice-best-path.cc:99) For utterance FBL325, best cost 27.5775 + 3214.75 = 3242.33 over 330 frames.
LOG (lattice-best-path[5.5.1137~1-51744]:main():lattice-best-path.cc:99) For utterance FBL326, best cost 79.1317 + 4930.43 = 5009.56 over 488 frames.
LOG (lattice-best-path[5.5.1137~1-51744]:main():lattice-best-path.cc:99) For utterance FBL327, best cost 67.7999 + 3444.38 = 3512.18 over 349 frames.
LOG (lattice-best-path[5.5.1137~1-51744]:main():lattice-best-path.cc:99) For utterance FBL328, best cost 77.363 + 4294.41 = 4371.77 over 427 frames.
LOG (lattice-best-path[5.5.1137~1-51744]:main():lattice-best-path.cc:99) For utterance FBL329, best cost 71.2598 + 3514.08 = 3585.34 over 348 frames.
LOG (lattice-best-path[5.5.1137~1-51744]:main():lattice-best-path.cc:99) For utterance FBL330, best cost 43.352 + 3111.75 = 3155.1 over 309 frames.
LOG (lattice-best-path[5.5.1137~1-51744]:main():lattice-best-path.cc:99) For utterance FBL331, best cost 51.9635 + 2570.79 = 2622.76 over 258 frames.
LOG (lattice-best-path[5.5.1137~1-51744]:main():lattice-best-path.cc:99) For utterance FBL332, best cost 26.8859 + 3478.28 = 3505.17 over 349 frames.
LOG (lattice-best-path[5.5.1137~1-51744]:main():lattice-best-path.cc:99) For utterance FBL333, best cost 28.1047 + 3547.67 = 3575.78 over 361 frames.
LOG (lattice-best-path[5.5.1137~1-51744]:main():lattice-best-path.cc:99) For utterance FBL334, best cost 53.7346 + 3472.5 = 3526.23 over 362 frames.
LOG (lattice-best-path[5.5.1137~1-51744]:main():lattice-best-path.cc:99) For utterance FBL335, best cost 23.2352 + 2787.38 = 2810.61 over 281 frames.
LOG (lattice-best-path[5.5.1137~1-51744]:main():lattice-best-path.cc:99) For utterance FBL336, best cost 27.3844 + 3441.06 = 3468.45 over 366 frames.
LOG (lattice-best-path[5.5.1137~1-51744]:main():lattice-best-path.cc:99) For utterance FBL337, best cost 68.1452 + 3915.99 = 3984.13 over 406 frames.
LOG (lattice-best-path[5.5.1137~1-51744]:main():lattice-best-path.cc:99) For utterance FBL338, best cost 25.1209 + 2925.68 = 2950.8 over 298 frames.
LOG (lattice-best-path[5.5.1137~1-51744]:main():lattice-best-path.cc:99) For utterance FBL339, best cost 24.1285 + 2845.23 = 2869.36 over 278 frames.
LOG (lattice-best-path[5.5.1137~1-51744]:main():lattice-best-path.cc:99) For utterance FBL340, best cost 72.3549 + 4791.16 = 4863.51 over 494 frames.
LOG (lattice-best-path[5.5.1137~1-51744]:main():lattice-best-path.cc:99) For utterance FBL341, best cost 23.1003 + 2728.1 = 2751.2 over 269 frames.
LOG (lattice-best-path[5.5.1137~1-51744]:main():lattice-best-path.cc:99) For utterance FBL342, best cost 58.708 + 4260.99 = 4319.69 over 435 frames.
LOG (lattice-best-path[5.5.1137~1-51744]:main():lattice-best-path.cc:99) For utterance FBL343, best cost 49.8846 + 3525.56 = 3575.45 over 367 frames.
LOG (lattice-best-path[5.5.1137~1-51744]:main():lattice-best-path.cc:99) For utterance FBL344, best cost 51.042 + 2695.66 = 2746.7 over 282 frames.
LOG (lattice-best-path[5.5.1137~1-51744]:main():lattice-best-path.cc:99) For utterance FBL345, best cost 56.6827 + 3769.75 = 3826.43 over 384 frames.
LOG (lattice-best-path[5.5.1137~1-51744]:main():lattice-best-path.cc:99) For utterance FBL346, best cost 51.3348 + 3051.97 = 3103.31 over 308 frames.
LOG (lattice-best-path[5.5.1137~1-51744]:main():lattice-best-path.cc:99) For utterance FBL347, best cost 64.0899 + 2906.08 = 2970.17 over 285 frames.
LOG (lattice-best-path[5.5.1137~1-51744]:main():lattice-best-path.cc:99) For utterance FBL348, best cost 39.9406 + 2469.16 = 2509.1 over 241 frames.
LOG (lattice-best-path[5.5.1137~1-51744]:main():lattice-best-path.cc:99) For utterance FBL349, best cost 42.2905 + 3223.77 = 3266.06 over 346 frames.
LOG (lattice-best-path[5.5.1137~1-51744]:main():lattice-best-path.cc:99) For utterance FBL350, best cost 69.7498 + 3832.59 = 3902.34 over 378 frames.
LOG (lattice-best-path[5.5.1137~1-51744]:main():lattice-best-path.cc:99) For utterance FBL351, best cost 60.7099 + 4060.74 = 4121.45 over 411 frames.
LOG (lattice-best-path[5.5.1137~1-51744]:main():lattice-best-path.cc:99) For utterance FBL352, best cost 56.3159 + 2974.34 = 3030.66 over 300 frames.
LOG (lattice-best-path[5.5.1137~1-51744]:main():lattice-best-path.cc:99) For utterance FBL353, best cost 50.4493 + 2994.5 = 3044.95 over 309 frames.
LOG (lattice-best-path[5.5.1137~1-51744]:main():lattice-best-path.cc:99) For utterance FBL354, best cost 86.9255 + 4700.52 = 4787.44 over 495 frames.
LOG (lattice-best-path[5.5.1137~1-51744]:main():lattice-best-path.cc:99) For utterance FBL355, best cost 28.2707 + 3509.76 = 3538.03 over 353 frames.
LOG (lattice-best-path[5.5.1137~1-51744]:main():lattice-best-path.cc:99) For utterance FBL356, best cost 52.4115 + 2561.98 = 2614.4 over 269 frames.
LOG (lattice-best-path[5.5.1137~1-51744]:main():lattice-best-path.cc:99) For utterance FBL357, best cost 21.6959 + 1987.11 = 2008.81 over 201 frames.
LOG (lattice-best-path[5.5.1137~1-51744]:main():lattice-best-path.cc:99) For utterance FBL358, best cost 52.9504 + 2933.3 = 2986.25 over 307 frames.
LOG (lattice-best-path[5.5.1137~1-51744]:main():lattice-best-path.cc:99) For utterance FBL359, best cost 28.4126 + 3459.17 = 3487.58 over 352 frames.
LOG (lattice-best-path[5.5.1137~1-51744]:main():lattice-best-path.cc:99) For utterance FBL360, best cost 49.6952 + 2403.34 = 2453.04 over 240 frames.
LOG (lattice-best-path[5.5.1137~1-51744]:main():lattice-best-path.cc:99) For utterance FBL361, best cost 50.3996 + 2698.06 = 2748.46 over 290 frames.
LOG (lattice-best-path[5.5.1137~1-51744]:main():lattice-best-path.cc:99) For utterance FBL362, best cost 47.1459 + 4217.99 = 4265.14 over 423 frames.
LOG (lattice-best-path[5.5.1137~1-51744]:main():lattice-best-path.cc:99) For utterance FBL363, best cost 53.4959 + 2958.39 = 3011.89 over 308 frames.
LOG (lattice-best-path[5.5.1137~1-51744]:main():lattice-best-path.cc:99) For utterance FBL364, best cost 72.4585 + 3682.45 = 3754.91 over 380 frames.
LOG (lattice-best-path[5.5.1137~1-51744]:main():lattice-best-path.cc:99) For utterance FBL365, best cost 104.677 + 4156.34 = 4261.01 over 433 frames.
LOG (lattice-best-path[5.5.1137~1-51744]:main():lattice-best-path.cc:99) For utterance FDH293, best cost 27.9207 + 3177.62 = 3205.54 over 349 frames.
LOG (lattice-best-path[5.5.1137~1-51744]:main():lattice-best-path.cc:99) For utterance FDH294, best cost 24.3403 + 2787.21 = 2811.55 over 303 frames.
LOG (lattice-best-path[5.5.1137~1-51744]:main():lattice-best-path.cc:99) For utterance FDH295, best cost 30.3303 + 4962.33 = 4992.66 over 551 frames.
LOG (lattice-best-path[5.5.1137~1-51744]:main():lattice-best-path.cc:99) For utterance FDH296, best cost 52.5175 + 4879.97 = 4932.49 over 535 frames.
LOG (lattice-best-path[5.5.1137~1-51744]:main():lattice-best-path.cc:99) For utterance FDH297, best cost 28.7718 + 3704.17 = 3732.94 over 415 frames.
LOG (lattice-best-path[5.5.1137~1-51744]:main():lattice-best-path.cc:99) For utterance FDH298, best cost 59.5012 + 3884.32 = 3943.83 over 444 frames.
LOG (lattice-best-path[5.5.1137~1-51744]:main():lattice-best-path.cc:99) For utterance FDH299, best cost 25.3476 + 3060.07 = 3085.42 over 336 frames.
LOG (lattice-best-path[5.5.1137~1-51744]:main():lattice-best-path.cc:99) For utterance FDH300, best cost 35.2625 + 4797.1 = 4832.37 over 520 frames.
LOG (lattice-best-path[5.5.1137~1-51744]:main():lattice-best-path.cc:99) For utterance FDH301, best cost 48.458 + 4243.28 = 4291.74 over 491 frames.
LOG (lattice-best-path[5.5.1137~1-51744]:main():lattice-best-path.cc:99) For utterance FDH302, best cost 62.1097 + 4605.65 = 4667.76 over 512 frames.
LOG (lattice-best-path[5.5.1137~1-51744]:main():lattice-best-path.cc:99) For utterance FDH303, best cost 31.6366 + 3929.39 = 3961.02 over 426 frames.
LOG (lattice-best-path[5.5.1137~1-51744]:main():lattice-best-path.cc:99) For utterance FDH304, best cost 59.6166 + 4257.67 = 4317.28 over 491 frames.
LOG (lattice-best-path[5.5.1137~1-51744]:main():lattice-best-path.cc:99) For utterance FDH305, best cost 88.9382 + 4558.58 = 4647.52 over 504 frames.
LOG (lattice-best-path[5.5.1137~1-51744]:main():lattice-best-path.cc:99) For utterance FDH306, best cost 55.4397 + 3413.3 = 3468.74 over 381 frames.
LOG (lattice-best-path[5.5.1137~1-51744]:main():lattice-best-path.cc:99) For utterance FDH307, best cost 44.6798 + 3605.11 = 3649.79 over 397 frames.
LOG (lattice-best-path[5.5.1137~1-51744]:main():lattice-best-path.cc:99) For utterance FDH308, best cost 41.7549 + 2897.51 = 2939.26 over 327 frames.
LOG (lattice-best-path[5.5.1137~1-51744]:main():lattice-best-path.cc:99) For utterance FDH309, best cost 58.375 + 3607.77 = 3666.15 over 391 frames.
LOG (lattice-best-path[5.5.1137~1-51744]:main():lattice-best-path.cc:99) For utterance FDH310, best cost 60.6004 + 3750.94 = 3811.54 over 405 frames.
LOG (lattice-best-path[5.5.1137~1-51744]:main():lattice-best-path.cc:99) For utterance FDH311, best cost 103.095 + 4923.9 = 5027 over 517 frames.
LOG (lattice-best-path[5.5.1137~1-51744]:main():lattice-best-path.cc:99) For utterance FDH312, best cost 37.5426 + 4096.65 = 4134.19 over 437 frames.
LOG (lattice-best-path[5.5.1137~1-51744]:main():lattice-best-path.cc:99) For utterance FDH313, best cost 41.6419 + 3192.79 = 3234.43 over 342 frames.
LOG (lattice-best-path[5.5.1137~1-51744]:main():lattice-best-path.cc:99) For utterance FDH314, best cost 27.9026 + 3681.25 = 3709.15 over 396 frames.
LOG (lattice-best-path[5.5.1137~1-51744]:main():lattice-best-path.cc:99) For utterance FDH315, best cost 63.8772 + 2940.85 = 3004.73 over 312 frames.
LOG (lattice-best-path[5.5.1137~1-51744]:main():lattice-best-path.cc:99) For utterance FDH316, best cost 34.554 + 4676.89 = 4711.44 over 495 frames.
LOG (lattice-best-path[5.5.1137~1-51744]:main():lattice-best-path.cc:99) For utterance FDH317, best cost 28.652 + 3904.83 = 3933.49 over 411 frames.
LOG (lattice-best-path[5.5.1137~1-51744]:main():lattice-best-path.cc:99) For utterance FDH318, best cost 25.3806 + 3058.11 = 3083.49 over 339 frames.
LOG (lattice-best-path[5.5.1137~1-51744]:main():lattice-best-path.cc:99) For utterance FDH319, best cost 46.9367 + 4146.87 = 4193.81 over 466 frames.
LOG (lattice-best-path[5.5.1137~1-51744]:main():lattice-best-path.cc:99) For utterance FDH320, best cost 24.4215 + 3011.95 = 3036.37 over 337 frames.
LOG (lattice-best-path[5.5.1137~1-51744]:main():lattice-best-path.cc:99) For utterance FDH321, best cost 58.4024 + 4360.21 = 4418.62 over 472 frames.
LOG (lattice-best-path[5.5.1137~1-51744]:main():lattice-best-path.cc:99) For utterance FDH322, best cost 25.7491 + 3638.23 = 3663.98 over 397 frames.
LOG (lattice-best-path[5.5.1137~1-51744]:main():lattice-best-path.cc:99) For utterance FDH323, best cost 47.9854 + 4468.39 = 4516.38 over 491 frames.
LOG (lattice-best-path[5.5.1137~1-51744]:main():lattice-best-path.cc:99) For utterance FDH324, best cost 33.042 + 3815.51 = 3848.55 over 421 frames.
LOG (lattice-best-path[5.5.1137~1-51744]:main():lattice-best-path.cc:99) For utterance FDH325, best cost 31.7835 + 3859.63 = 3891.42 over 429 frames.
LOG (lattice-best-path[5.5.1137~1-51744]:main():lattice-best-path.cc:99) For utterance FDH326, best cost 32.8379 + 4019.75 = 4052.59 over 431 frames.
LOG (lattice-best-path[5.5.1137~1-51744]:main():lattice-best-path.cc:99) For utterance FDH327, best cost 31.5879 + 4010.76 = 4042.35 over 426 frames.
LOG (lattice-best-path[5.5.1137~1-51744]:main():lattice-best-path.cc:99) For utterance FDH328, best cost 43.94 + 3249.76 = 3293.7 over 355 frames.
LOG (lattice-best-path[5.5.1137~1-51744]:main():lattice-best-path.cc:99) For utterance FDH329, best cost 41.3328 + 3784.74 = 3826.08 over 413 frames.
LOG (lattice-best-path[5.5.1137~1-51744]:main():lattice-best-path.cc:99) For utterance FDH330, best cost 28.7532 + 3597.61 = 3626.36 over 387 frames.
LOG (lattice-best-path[5.5.1137~1-51744]:main():lattice-best-path.cc:99) For utterance FDH331, best cost 41.142 + 3005.47 = 3046.61 over 327 frames.
LOG (lattice-best-path[5.5.1137~1-51744]:main():lattice-best-path.cc:99) For utterance FDH332, best cost 54.9798 + 3033.92 = 3088.9 over 322 frames.
LOG (lattice-best-path[5.5.1137~1-51744]:main():lattice-best-path.cc:99) For utterance FDH333, best cost 27.7568 + 3327.53 = 3355.28 over 357 frames.
LOG (lattice-best-path[5.5.1137~1-51744]:main():lattice-best-path.cc:99) For utterance FDH334, best cost 41.9426 + 3156.69 = 3198.64 over 353 frames.
LOG (lattice-best-path[5.5.1137~1-51744]:main():lattice-best-path.cc:99) For utterance FDH335, best cost 24.0125 + 3258.03 = 3282.04 over 367 frames.
LOG (lattice-best-path[5.5.1137~1-51744]:main():lattice-best-path.cc:99) For utterance FDH336, best cost 46.4976 + 3651.57 = 3698.07 over 393 frames.
LOG (lattice-best-path[5.5.1137~1-51744]:main():lattice-best-path.cc:99) For utterance FDH337, best cost 52.0775 + 3660.11 = 3712.19 over 394 frames.
LOG (lattice-best-path[5.5.1137~1-51744]:main():lattice-best-path.cc:99) For utterance FDH338, best cost 25.1784 + 2683.6 = 2708.78 over 294 frames.
LOG (lattice-best-path[5.5.1137~1-51744]:main():lattice-best-path.cc:99) For utterance FDH339, best cost 23.4087 + 3013.15 = 3036.56 over 332 frames.
LOG (lattice-best-path[5.5.1137~1-51744]:main():lattice-best-path.cc:99) For utterance FDH340, best cost 91.338 + 4538.76 = 4630.1 over 489 frames.
LOG (lattice-best-path[5.5.1137~1-51744]:main():lattice-best-path.cc:99) For utterance FDH341, best cost 41.624 + 2874.45 = 2916.08 over 316 frames.
LOG (lattice-best-path[5.5.1137~1-51744]:main():lattice-best-path.cc:99) For utterance FDH342, best cost 52.4787 + 3463.53 = 3516.01 over 404 frames.
LOG (lattice-best-path[5.5.1137~1-51744]:main():lattice-best-path.cc:99) For utterance FDH343, best cost 34.3728 + 3854.52 = 3888.89 over 441 frames.
LOG (lattice-best-path[5.5.1137~1-51744]:main():lattice-best-path.cc:99) For utterance FDH344, best cost 23.6849 + 2661.35 = 2685.03 over 305 frames.
LOG (lattice-best-path[5.5.1137~1-51744]:main():lattice-best-path.cc:99) For utterance FDH345, best cost 81.8261 + 4124.72 = 4206.54 over 451 frames.
LOG (lattice-best-path[5.5.1137~1-51744]:main():lattice-best-path.cc:99) For utterance FDH346, best cost 62.8794 + 2876.08 = 2938.96 over 319 frames.
LOG (lattice-best-path[5.5.1137~1-51744]:main():lattice-best-path.cc:99) For utterance FDH347, best cost 63.7121 + 2686.96 = 2750.67 over 294 frames.
LOG (lattice-best-path[5.5.1137~1-51744]:main():lattice-best-path.cc:99) For utterance FDH348, best cost 53.2095 + 3016.12 = 3069.33 over 342 frames.
LOG (lattice-best-path[5.5.1137~1-51744]:main():lattice-best-path.cc:99) For utterance FDH349, best cost 43.901 + 3851.27 = 3895.17 over 431 frames.
LOG (lattice-best-path[5.5.1137~1-51744]:main():lattice-best-path.cc:99) For utterance FDH350, best cost 32.0592 + 3768.3 = 3800.36 over 389 frames.
LOG (lattice-best-path[5.5.1137~1-51744]:main():lattice-best-path.cc:99) For utterance FDH351, best cost 27.5061 + 3436.82 = 3464.32 over 379 frames.
LOG (lattice-best-path[5.5.1137~1-51744]:main():lattice-best-path.cc:99) For utterance FDH352, best cost 44.0971 + 3609.28 = 3653.38 over 395 frames.
LOG (lattice-best-path[5.5.1137~1-51744]:main():lattice-best-path.cc:99) For utterance FDH353, best cost 52.0903 + 3033.89 = 3085.98 over 331 frames.
LOG (lattice-best-path[5.5.1137~1-51744]:main():lattice-best-path.cc:99) For utterance FDH354, best cost 54.062 + 5151.78 = 5205.84 over 565 frames.
LOG (lattice-best-path[5.5.1137~1-51744]:main():lattice-best-path.cc:99) For utterance FDH355, best cost 43.8729 + 3749.7 = 3793.57 over 418 frames.
LOG (lattice-best-path[5.5.1137~1-51744]:main():lattice-best-path.cc:99) For utterance FDH356, best cost 25.5321 + 3017.76 = 3043.29 over 336 frames.
LOG (lattice-best-path[5.5.1137~1-51744]:main():lattice-best-path.cc:99) For utterance FDH357, best cost 23.4895 + 2779.23 = 2802.72 over 319 frames.
LOG (lattice-best-path[5.5.1137~1-51744]:main():lattice-best-path.cc:99) For utterance FDH358, best cost 24.4148 + 3024.7 = 3049.12 over 342 frames.
LOG (lattice-best-path[5.5.1137~1-51744]:main():lattice-best-path.cc:99) For utterance FDH359, best cost 28.7459 + 3276.49 = 3305.23 over 361 frames.
LOG (lattice-depth-per-frame[5.5.1137~1-51744]:main():lattice-depth-per-frame.cc:82) Done 219 lattices.
LOG (lattice-best-path[5.5.1137~1-51744]:main():lattice-best-path.cc:99) For utterance FDH360, best cost 39.1273 + 2989.16 = 3028.29 over 335 frames.
LOG (lattice-best-path[5.5.1137~1-51744]:main():lattice-best-path.cc:99) For utterance FDH361, best cost 37.4246 + 2176.43 = 2213.85 over 246 frames.
LOG (lattice-best-path[5.5.1137~1-51744]:main():lattice-best-path.cc:99) For utterance FDH362, best cost 84.1366 + 3760.41 = 3844.55 over 411 frames.
LOG (lattice-best-path[5.5.1137~1-51744]:main():lattice-best-path.cc:99) For utterance FDH363, best cost 28.6284 + 3142.17 = 3170.8 over 350 frames.
LOG (lattice-best-path[5.5.1137~1-51744]:main():lattice-best-path.cc:99) For utterance FDH364, best cost 55.9408 + 3267.54 = 3323.48 over 352 frames.
LOG (lattice-best-path[5.5.1137~1-51744]:main():lattice-best-path.cc:99) For utterance FDH365, best cost 55.3893 + 3493.32 = 3548.71 over 392 frames.
LOG (lattice-best-path[5.5.1137~1-51744]:main():lattice-best-path.cc:124) Overall cost per frame is 9.64116 = 0.119592 [graph] + 9.52157 [acoustic] over 80058 frames.
LOG (lattice-best-path[5.5.1137~1-51744]:main():lattice-best-path.cc:128) Done 219 lattices, failed for 0
# Accounting: time=0 threads=1
# Ended (code 0) at Wed Aug 28 02:27:28 IST 2024, elapsed time 0 seconds
