# nnet-combine-fast --use-gpu=no --num-threads=16 --verbose=3 --minibatch-size=512 exp_FG/DNN_tri_8_2000_aligned_layer3_nodes256/62.mdl exp_FG/DNN_tri_8_2000_aligned_layer3_nodes256/63.mdl exp_FG/DNN_tri_8_2000_aligned_layer3_nodes256/64.mdl exp_FG/DNN_tri_8_2000_aligned_layer3_nodes256/65.mdl exp_FG/DNN_tri_8_2000_aligned_layer3_nodes256/66.mdl exp_FG/DNN_tri_8_2000_aligned_layer3_nodes256/67.mdl exp_FG/DNN_tri_8_2000_aligned_layer3_nodes256/68.mdl exp_FG/DNN_tri_8_2000_aligned_layer3_nodes256/69.mdl exp_FG/DNN_tri_8_2000_aligned_layer3_nodes256/70.mdl exp_FG/DNN_tri_8_2000_aligned_layer3_nodes256/71.mdl exp_FG/DNN_tri_8_2000_aligned_layer3_nodes256/72.mdl exp_FG/DNN_tri_8_2000_aligned_layer3_nodes256/73.mdl exp_FG/DNN_tri_8_2000_aligned_layer3_nodes256/74.mdl exp_FG/DNN_tri_8_2000_aligned_layer3_nodes256/75.mdl exp_FG/DNN_tri_8_2000_aligned_layer3_nodes256/76.mdl exp_FG/DNN_tri_8_2000_aligned_layer3_nodes256/77.mdl exp_FG/DNN_tri_8_2000_aligned_layer3_nodes256/78.mdl exp_FG/DNN_tri_8_2000_aligned_layer3_nodes256/79.mdl exp_FG/DNN_tri_8_2000_aligned_layer3_nodes256/80.mdl exp_FG/DNN_tri_8_2000_aligned_layer3_nodes256/81.mdl ark:exp_FG/DNN_tri_8_2000_aligned_layer3_nodes256/egs/combine.egs exp_FG/DNN_tri_8_2000_aligned_layer3_nodes256/final.mdl 
# Started at Wed Aug 28 02:22:33 IST 2024
#
nnet-combine-fast --use-gpu=no --num-threads=16 --verbose=3 --minibatch-size=512 exp_FG/DNN_tri_8_2000_aligned_layer3_nodes256/62.mdl exp_FG/DNN_tri_8_2000_aligned_layer3_nodes256/63.mdl exp_FG/DNN_tri_8_2000_aligned_layer3_nodes256/64.mdl exp_FG/DNN_tri_8_2000_aligned_layer3_nodes256/65.mdl exp_FG/DNN_tri_8_2000_aligned_layer3_nodes256/66.mdl exp_FG/DNN_tri_8_2000_aligned_layer3_nodes256/67.mdl exp_FG/DNN_tri_8_2000_aligned_layer3_nodes256/68.mdl exp_FG/DNN_tri_8_2000_aligned_layer3_nodes256/69.mdl exp_FG/DNN_tri_8_2000_aligned_layer3_nodes256/70.mdl exp_FG/DNN_tri_8_2000_aligned_layer3_nodes256/71.mdl exp_FG/DNN_tri_8_2000_aligned_layer3_nodes256/72.mdl exp_FG/DNN_tri_8_2000_aligned_layer3_nodes256/73.mdl exp_FG/DNN_tri_8_2000_aligned_layer3_nodes256/74.mdl exp_FG/DNN_tri_8_2000_aligned_layer3_nodes256/75.mdl exp_FG/DNN_tri_8_2000_aligned_layer3_nodes256/76.mdl exp_FG/DNN_tri_8_2000_aligned_layer3_nodes256/77.mdl exp_FG/DNN_tri_8_2000_aligned_layer3_nodes256/78.mdl exp_FG/DNN_tri_8_2000_aligned_layer3_nodes256/79.mdl exp_FG/DNN_tri_8_2000_aligned_layer3_nodes256/80.mdl exp_FG/DNN_tri_8_2000_aligned_layer3_nodes256/81.mdl ark:exp_FG/DNN_tri_8_2000_aligned_layer3_nodes256/egs/combine.egs exp_FG/DNN_tri_8_2000_aligned_layer3_nodes256/final.mdl 
LOG (nnet-combine-fast[5.5.1137~1-51744]:main():nnet-combine-fast.cc:108) Read 10000 examples from the validation set.
VLOG[3] (nnet-combine-fast[5.5.1137~1-51744]:Propagate():nnet-update.cc:114) Stddev of data for component 0 for this minibatch is 190.584
VLOG[3] (nnet-combine-fast[5.5.1137~1-51744]:Propagate():nnet-update.cc:114) Stddev of data for component 0 for this minibatch is 183.966
VLOG[3] (nnet-combine-fast[5.5.1137~1-51744]:Propagate():nnet-update.cc:114) Stddev of data for component 0 for this minibatch is 186.21
VLOG[3] (nnet-combine-fast[5.5.1137~1-51744]:Propagate():nnet-update.cc:114) Stddev of data for component 0 for this minibatch is 181.651
VLOG[3] (nnet-combine-fast[5.5.1137~1-51744]:Propagate():nnet-update.cc:114) Stddev of data for component 1 for this minibatch is 190.584
VLOG[3] (nnet-combine-fast[5.5.1137~1-51744]:Propagate():nnet-update.cc:114) Stddev of data for component 1 for this minibatch is 181.652
VLOG[3] (nnet-combine-fast[5.5.1137~1-51744]:Propagate():nnet-update.cc:114) Stddev of data for component 0 for this minibatch is 186.519
VLOG[3] (nnet-combine-fast[5.5.1137~1-51744]:Propagate():nnet-update.cc:114) Stddev of data for component 1 for this minibatch is 186.519
VLOG[3] (nnet-combine-fast[5.5.1137~1-51744]:Propagate():nnet-update.cc:114) Stddev of data for component 2 for this minibatch is 0.106559
VLOG[3] (nnet-combine-fast[5.5.1137~1-51744]:Propagate():nnet-update.cc:114) Stddev of data for component 0 for this minibatch is 189.201
VLOG[3] (nnet-combine-fast[5.5.1137~1-51744]:Propagate():nnet-update.cc:114) Stddev of data for component 1 for this minibatch is 183.966
VLOG[3] (nnet-combine-fast[5.5.1137~1-51744]:Propagate():nnet-update.cc:114) Stddev of data for component 3 for this minibatch is 3.57897
VLOG[3] (nnet-combine-fast[5.5.1137~1-51744]:Propagate():nnet-update.cc:114) Stddev of data for component 1 for this minibatch is 189.201
VLOG[3] (nnet-combine-fast[5.5.1137~1-51744]:Propagate():nnet-update.cc:114) Stddev of data for component 2 for this minibatch is 0.110491
VLOG[3] (nnet-combine-fast[5.5.1137~1-51744]:Propagate():nnet-update.cc:114) Stddev of data for component 1 for this minibatch is 186.21
VLOG[3] (nnet-combine-fast[5.5.1137~1-51744]:Propagate():nnet-update.cc:114) Stddev of data for component 0 for this minibatch is 186.984
VLOG[3] (nnet-combine-fast[5.5.1137~1-51744]:Propagate():nnet-update.cc:114) Stddev of data for component 2 for this minibatch is 0.106047
VLOG[3] (nnet-combine-fast[5.5.1137~1-51744]:Propagate():nnet-update.cc:114) Stddev of data for component 1 for this minibatch is 186.984
VLOG[3] (nnet-combine-fast[5.5.1137~1-51744]:Propagate():nnet-update.cc:114) Stddev of data for component 2 for this minibatch is 0.106878
VLOG[3] (nnet-combine-fast[5.5.1137~1-51744]:Propagate():nnet-update.cc:114) Stddev of data for component 2 for this minibatch is 0.110324
VLOG[3] (nnet-combine-fast[5.5.1137~1-51744]:Propagate():nnet-update.cc:114) Stddev of data for component 4 for this minibatch is 0.620474
VLOG[3] (nnet-combine-fast[5.5.1137~1-51744]:Propagate():nnet-update.cc:114) Stddev of data for component 5 for this minibatch is 6.01781
VLOG[3] (nnet-combine-fast[5.5.1137~1-51744]:Propagate():nnet-update.cc:114) Stddev of data for component 3 for this minibatch is 3.58243
VLOG[3] (nnet-combine-fast[5.5.1137~1-51744]:Propagate():nnet-update.cc:114) Stddev of data for component 2 for this minibatch is 0.102179
VLOG[3] (nnet-combine-fast[5.5.1137~1-51744]:Propagate():nnet-update.cc:114) Stddev of data for component 6 for this minibatch is 0.73216
VLOG[3] (nnet-combine-fast[5.5.1137~1-51744]:Propagate():nnet-update.cc:114) Stddev of data for component 3 for this minibatch is 3.50308
VLOG[3] (nnet-combine-fast[5.5.1137~1-51744]:Propagate():nnet-update.cc:114) Stddev of data for component 0 for this minibatch is 183.025
VLOG[3] (nnet-combine-fast[5.5.1137~1-51744]:Propagate():nnet-update.cc:114) Stddev of data for component 0 for this minibatch is 187.254
VLOG[3] (nnet-combine-fast[5.5.1137~1-51744]:Propagate():nnet-update.cc:114) Stddev of data for component 7 for this minibatch is 3.97088
VLOG[3] (nnet-combine-fast[5.5.1137~1-51744]:Propagate():nnet-update.cc:114) Stddev of data for component 1 for this minibatch is 183.026
VLOG[3] (nnet-combine-fast[5.5.1137~1-51744]:Propagate():nnet-update.cc:114) Stddev of data for component 1 for this minibatch is 187.254
VLOG[3] (nnet-combine-fast[5.5.1137~1-51744]:Propagate():nnet-update.cc:114) Stddev of data for component 3 for this minibatch is 3.62518
VLOG[3] (nnet-combine-fast[5.5.1137~1-51744]:Propagate():nnet-update.cc:114) Stddev of data for component 4 for this minibatch is 0.615582
VLOG[3] (nnet-combine-fast[5.5.1137~1-51744]:Propagate():nnet-update.cc:114) Stddev of data for component 2 for this minibatch is 0.10568
VLOG[3] (nnet-combine-fast[5.5.1137~1-51744]:Propagate():nnet-update.cc:114) Stddev of data for component 3 for this minibatch is 3.4688
VLOG[3] (nnet-combine-fast[5.5.1137~1-51744]:Propagate():nnet-update.cc:114) Stddev of data for component 4 for this minibatch is 0.621346
VLOG[3] (nnet-combine-fast[5.5.1137~1-51744]:Propagate():nnet-update.cc:114) Stddev of data for component 3 for this minibatch is 3.47882
VLOG[3] (nnet-combine-fast[5.5.1137~1-51744]:Propagate():nnet-update.cc:114) Stddev of data for component 3 for this minibatch is 3.49736
VLOG[3] (nnet-combine-fast[5.5.1137~1-51744]:Propagate():nnet-update.cc:114) Stddev of data for component 5 for this minibatch is 5.98722
VLOG[3] (nnet-combine-fast[5.5.1137~1-51744]:Propagate():nnet-update.cc:114) Stddev of data for component 4 for this minibatch is 0.616659
VLOG[3] (nnet-combine-fast[5.5.1137~1-51744]:Propagate():nnet-update.cc:114) Stddev of data for component 0 for this minibatch is 190.258
VLOG[3] (nnet-combine-fast[5.5.1137~1-51744]:Propagate():nnet-update.cc:114) Stddev of data for component 4 for this minibatch is 0.61938
VLOG[3] (nnet-combine-fast[5.5.1137~1-51744]:Propagate():nnet-update.cc:114) Stddev of data for component 1 for this minibatch is 190.258
VLOG[3] (nnet-combine-fast[5.5.1137~1-51744]:Propagate():nnet-update.cc:114) Stddev of data for component 5 for this minibatch is 6.00461
VLOG[3] (nnet-combine-fast[5.5.1137~1-51744]:Propagate():nnet-update.cc:114) Stddev of data for component 2 for this minibatch is 0.103087
VLOG[3] (nnet-combine-fast[5.5.1137~1-51744]:Propagate():nnet-update.cc:114) Stddev of data for component 6 for this minibatch is 0.729768
VLOG[3] (nnet-combine-fast[5.5.1137~1-51744]:Propagate():nnet-update.cc:114) Stddev of data for component 4 for this minibatch is 0.621781
VLOG[3] (nnet-combine-fast[5.5.1137~1-51744]:Propagate():nnet-update.cc:114) Stddev of data for component 2 for this minibatch is 0.103668
VLOG[3] (nnet-combine-fast[5.5.1137~1-51744]:Propagate():nnet-update.cc:114) Stddev of data for component 5 for this minibatch is 5.99562
VLOG[3] (nnet-combine-fast[5.5.1137~1-51744]:Propagate():nnet-update.cc:114) Stddev of data for component 0 for this minibatch is 191.688
VLOG[3] (nnet-combine-fast[5.5.1137~1-51744]:Propagate():nnet-update.cc:114) Stddev of data for component 2 for this minibatch is 0.105729
VLOG[3] (nnet-combine-fast[5.5.1137~1-51744]:Propagate():nnet-update.cc:114) Stddev of data for component 3 for this minibatch is 3.46788
VLOG[3] (nnet-combine-fast[5.5.1137~1-51744]:Propagate():nnet-update.cc:114) Stddev of data for component 3 for this minibatch is 3.48279
VLOG[3] (nnet-combine-fast[5.5.1137~1-51744]:Propagate():nnet-update.cc:114) Stddev of data for component 1 for this minibatch is 191.688
VLOG[3] (nnet-combine-fast[5.5.1137~1-51744]:Propagate():nnet-update.cc:114) Stddev of data for component 3 for this minibatch is 3.54677
VLOG[3] (nnet-combine-fast[5.5.1137~1-51744]:Propagate():nnet-update.cc:114) Stddev of data for component 4 for this minibatch is 0.6161
VLOG[3] (nnet-combine-fast[5.5.1137~1-51744]:Propagate():nnet-update.cc:114) Stddev of data for component 6 for this minibatch is 0.73044
VLOG[3] (nnet-combine-fast[5.5.1137~1-51744]:Propagate():nnet-update.cc:114) Stddev of data for component 5 for this minibatch is 5.93364
VLOG[3] (nnet-combine-fast[5.5.1137~1-51744]:Propagate():nnet-update.cc:114) Stddev of data for component 7 for this minibatch is 3.95075
VLOG[3] (nnet-combine-fast[5.5.1137~1-51744]:Propagate():nnet-update.cc:114) Stddev of data for component 5 for this minibatch is 5.98116
VLOG[3] (nnet-combine-fast[5.5.1137~1-51744]:Propagate():nnet-update.cc:114) Stddev of data for component 6 for this minibatch is 0.731219
VLOG[3] (nnet-combine-fast[5.5.1137~1-51744]:Propagate():nnet-update.cc:114) Stddev of data for component 0 for this minibatch is 184.147
VLOG[3] (nnet-combine-fast[5.5.1137~1-51744]:Propagate():nnet-update.cc:114) Stddev of data for component 1 for this minibatch is 184.147
VLOG[3] (nnet-combine-fast[5.5.1137~1-51744]:Propagate():nnet-update.cc:114) Stddev of data for component 7 for this minibatch is 4.00477
VLOG[3] (nnet-combine-fast[5.5.1137~1-51744]:Propagate():nnet-update.cc:114) Stddev of data for component 6 for this minibatch is 0.733074
VLOG[3] (nnet-combine-fast[5.5.1137~1-51744]:Propagate():nnet-update.cc:114) Stddev of data for component 5 for this minibatch is 5.98304
VLOG[3] (nnet-combine-fast[5.5.1137~1-51744]:Propagate():nnet-update.cc:114) Stddev of data for component 4 for this minibatch is 0.617667
VLOG[3] (nnet-combine-fast[5.5.1137~1-51744]:Propagate():nnet-update.cc:114) Stddev of data for component 6 for this minibatch is 0.729736
VLOG[3] (nnet-combine-fast[5.5.1137~1-51744]:Propagate():nnet-update.cc:114) Stddev of data for component 6 for this minibatch is 0.730589
VLOG[3] (nnet-combine-fast[5.5.1137~1-51744]:Propagate():nnet-update.cc:114) Stddev of data for component 4 for this minibatch is 0.61871
VLOG[3] (nnet-combine-fast[5.5.1137~1-51744]:Propagate():nnet-update.cc:114) Stddev of data for component 7 for this minibatch is 3.98536
VLOG[3] (nnet-combine-fast[5.5.1137~1-51744]:Propagate():nnet-update.cc:114) Stddev of data for component 0 for this minibatch is 183.773
VLOG[3] (nnet-combine-fast[5.5.1137~1-51744]:Propagate():nnet-update.cc:114) Stddev of data for component 4 for this minibatch is 0.617893
VLOG[3] (nnet-combine-fast[5.5.1137~1-51744]:Propagate():nnet-update.cc:114) Stddev of data for component 1 for this minibatch is 183.773
VLOG[3] (nnet-combine-fast[5.5.1137~1-51744]:Propagate():nnet-update.cc:114) Stddev of data for component 5 for this minibatch is 6.03266
VLOG[3] (nnet-combine-fast[5.5.1137~1-51744]:Propagate():nnet-update.cc:114) Stddev of data for component 7 for this minibatch is 3.95803
VLOG[3] (nnet-combine-fast[5.5.1137~1-51744]:Propagate():nnet-update.cc:114) Stddev of data for component 2 for this minibatch is 0.103973
VLOG[3] (nnet-combine-fast[5.5.1137~1-51744]:Propagate():nnet-update.cc:114) Stddev of data for component 7 for this minibatch is 3.90732
VLOG[3] (nnet-combine-fast[5.5.1137~1-51744]:Propagate():nnet-update.cc:114) Stddev of data for component 5 for this minibatch is 5.91902
VLOG[3] (nnet-combine-fast[5.5.1137~1-51744]:Propagate():nnet-update.cc:114) Stddev of data for component 0 for this minibatch is 187.513
VLOG[3] (nnet-combine-fast[5.5.1137~1-51744]:Propagate():nnet-update.cc:114) Stddev of data for component 3 for this minibatch is 3.49656
VLOG[3] (nnet-combine-fast[5.5.1137~1-51744]:Propagate():nnet-update.cc:114) Stddev of data for component 1 for this minibatch is 187.513
VLOG[3] (nnet-combine-fast[5.5.1137~1-51744]:Propagate():nnet-update.cc:114) Stddev of data for component 5 for this minibatch is 5.9464
VLOG[3] (nnet-combine-fast[5.5.1137~1-51744]:Propagate():nnet-update.cc:114) Stddev of data for component 6 for this minibatch is 0.730578
VLOG[3] (nnet-combine-fast[5.5.1137~1-51744]:Propagate():nnet-update.cc:114) Stddev of data for component 2 for this minibatch is 0.107228
VLOG[3] (nnet-combine-fast[5.5.1137~1-51744]:Propagate():nnet-update.cc:114) Stddev of data for component 0 for this minibatch is 180.067
VLOG[3] (nnet-combine-fast[5.5.1137~1-51744]:Propagate():nnet-update.cc:114) Stddev of data for component 6 for this minibatch is 0.731664
VLOG[3] (nnet-combine-fast[5.5.1137~1-51744]:Propagate():nnet-update.cc:114) Stddev of data for component 3 for this minibatch is 3.62849
VLOG[3] (nnet-combine-fast[5.5.1137~1-51744]:Propagate():nnet-update.cc:114) Stddev of data for component 1 for this minibatch is 180.067
VLOG[3] (nnet-combine-fast[5.5.1137~1-51744]:Propagate():nnet-update.cc:114) Stddev of data for component 7 for this minibatch is 3.95241
VLOG[3] (nnet-combine-fast[5.5.1137~1-51744]:Propagate():nnet-update.cc:114) Stddev of data for component 6 for this minibatch is 0.731846
VLOG[3] (nnet-combine-fast[5.5.1137~1-51744]:Propagate():nnet-update.cc:114) Stddev of data for component 0 for this minibatch is 189.226
VLOG[3] (nnet-combine-fast[5.5.1137~1-51744]:Propagate():nnet-update.cc:114) Stddev of data for component 7 for this minibatch is 3.94801
VLOG[3] (nnet-combine-fast[5.5.1137~1-51744]:Propagate():nnet-update.cc:114) Stddev of data for component 7 for this minibatch is 3.89056
VLOG[3] (nnet-combine-fast[5.5.1137~1-51744]:Propagate():nnet-update.cc:114) Stddev of data for component 7 for this minibatch is 3.92848
VLOG[3] (nnet-combine-fast[5.5.1137~1-51744]:Propagate():nnet-update.cc:114) Stddev of data for component 2 for this minibatch is 0.106099
VLOG[3] (nnet-combine-fast[5.5.1137~1-51744]:Propagate():nnet-update.cc:114) Stddev of data for component 4 for this minibatch is 0.617517
VLOG[3] (nnet-combine-fast[5.5.1137~1-51744]:Propagate():nnet-update.cc:114) Stddev of data for component 3 for this minibatch is 3.4942
VLOG[3] (nnet-combine-fast[5.5.1137~1-51744]:Propagate():nnet-update.cc:114) Stddev of data for component 5 for this minibatch is 5.94694
VLOG[3] (nnet-combine-fast[5.5.1137~1-51744]:Propagate():nnet-update.cc:114) Stddev of data for component 2 for this minibatch is 0.105985
VLOG[2] (nnet-combine-fast[5.5.1137~1-51744]:DoBackpropParallel():nnet-update-parallel.cc:264) Did backprop on 10000 examples, average log-prob per frame is -2.67977
VLOG[2] (nnet-combine-fast[5.5.1137~1-51744]:DoBackpropParallel():nnet-update-parallel.cc:264) Did backprop on 10000 examples, average log-prob per frame is -2.67745
VLOG[2] (nnet-combine-fast[5.5.1137~1-51744]:DoBackpropParallel():nnet-update-parallel.cc:264) Did backprop on 10000 examples, average log-prob per frame is -2.67369
VLOG[2] (nnet-combine-fast[5.5.1137~1-51744]:DoBackpropParallel():nnet-update-parallel.cc:264) Did backprop on 10000 examples, average log-prob per frame is -2.6722
VLOG[2] (nnet-combine-fast[5.5.1137~1-51744]:DoBackpropParallel():nnet-update-parallel.cc:264) Did backprop on 10000 examples, average log-prob per frame is -2.66756
VLOG[2] (nnet-combine-fast[5.5.1137~1-51744]:DoBackpropParallel():nnet-update-parallel.cc:264) Did backprop on 10000 examples, average log-prob per frame is -2.67158
VLOG[2] (nnet-combine-fast[5.5.1137~1-51744]:DoBackpropParallel():nnet-update-parallel.cc:264) Did backprop on 10000 examples, average log-prob per frame is -2.66997
VLOG[2] (nnet-combine-fast[5.5.1137~1-51744]:DoBackpropParallel():nnet-update-parallel.cc:264) Did backprop on 10000 examples, average log-prob per frame is -2.66807
VLOG[2] (nnet-combine-fast[5.5.1137~1-51744]:DoBackpropParallel():nnet-update-parallel.cc:264) Did backprop on 10000 examples, average log-prob per frame is -2.66835
VLOG[2] (nnet-combine-fast[5.5.1137~1-51744]:DoBackpropParallel():nnet-update-parallel.cc:264) Did backprop on 10000 examples, average log-prob per frame is -2.66832
VLOG[2] (nnet-combine-fast[5.5.1137~1-51744]:DoBackpropParallel():nnet-update-parallel.cc:264) Did backprop on 10000 examples, average log-prob per frame is -2.6695
VLOG[2] (nnet-combine-fast[5.5.1137~1-51744]:DoBackpropParallel():nnet-update-parallel.cc:264) Did backprop on 10000 examples, average log-prob per frame is -2.66649
VLOG[2] (nnet-combine-fast[5.5.1137~1-51744]:DoBackpropParallel():nnet-update-parallel.cc:264) Did backprop on 10000 examples, average log-prob per frame is -2.66538
VLOG[2] (nnet-combine-fast[5.5.1137~1-51744]:DoBackpropParallel():nnet-update-parallel.cc:264) Did backprop on 10000 examples, average log-prob per frame is -2.6641
VLOG[2] (nnet-combine-fast[5.5.1137~1-51744]:DoBackpropParallel():nnet-update-parallel.cc:264) Did backprop on 10000 examples, average log-prob per frame is -2.66195
VLOG[2] (nnet-combine-fast[5.5.1137~1-51744]:DoBackpropParallel():nnet-update-parallel.cc:264) Did backprop on 10000 examples, average log-prob per frame is -2.66297
VLOG[2] (nnet-combine-fast[5.5.1137~1-51744]:DoBackpropParallel():nnet-update-parallel.cc:264) Did backprop on 10000 examples, average log-prob per frame is -2.66145
VLOG[2] (nnet-combine-fast[5.5.1137~1-51744]:DoBackpropParallel():nnet-update-parallel.cc:264) Did backprop on 10000 examples, average log-prob per frame is -2.66134
VLOG[2] (nnet-combine-fast[5.5.1137~1-51744]:DoBackpropParallel():nnet-update-parallel.cc:264) Did backprop on 10000 examples, average log-prob per frame is -2.66453
VLOG[2] (nnet-combine-fast[5.5.1137~1-51744]:DoBackpropParallel():nnet-update-parallel.cc:264) Did backprop on 10000 examples, average log-prob per frame is -2.65993
LOG (nnet-combine-fast[5.5.1137~1-51744]:GetInitialModel():combine-nnet-fast.cc:403) Objective functions for the source neural nets are  [ -2.67977 -2.67745 -2.67369 -2.6722 -2.66756 -2.67158 -2.66997 -2.66807 -2.66835 -2.66832 -2.6695 -2.66649 -2.66538 -2.6641 -2.66195 -2.66297 -2.66145 -2.66134 -2.66453 -2.65993 ]

VLOG[2] (nnet-combine-fast[5.5.1137~1-51744]:DoBackpropParallel():nnet-update-parallel.cc:264) Did backprop on 10000 examples, average log-prob per frame is -2.63851
LOG (nnet-combine-fast[5.5.1137~1-51744]:GetInitialModel():combine-nnet-fast.cc:419) Objf with all neural nets averaged is -2.63851
LOG (nnet-combine-fast[5.5.1137~1-51744]:GetInitialParams():combine-nnet-fast.cc:291) Initializing with all neural nets averaged.
VLOG[2] (nnet-combine-fast[5.5.1137~1-51744]:DoBackpropParallel():nnet-update-parallel.cc:264) Did backprop on 10000 examples, average log-prob per frame is -2.63851
VLOG[2] (nnet-combine-fast[5.5.1137~1-51744]:ComputeObjfAndGradient():combine-nnet-fast.cc:347) Objf is -2.63851, raw gradient is  [ -0.0158775 -0.0303912 -0.0180073 -0.0180652 -0.0167289 -0.0296742 -0.0172801 -0.0172762 -0.0126448 -0.0273413 -0.0179991 -0.0169165 -0.0117189 -0.027826 -0.0141862 -0.015495 -0.0123984 -0.0230448 -0.0134148 -0.0157421 -0.0125656 -0.0240451 -0.0160227 -0.0150819 -0.0126879 -0.0232924 -0.0154316 -0.0148076 -0.0120622 -0.0255479 -0.0142291 -0.0145845 -0.0125226 -0.0277288 -0.0141709 -0.0130435 -0.0145277 -0.0268246 -0.0152761 -0.0128844 -0.016062 -0.0273732 -0.0158753 -0.0121764 -0.011926 -0.0252896 -0.0174056 -0.0117824 -0.010979 -0.0260367 -0.0137426 -0.0103348 -0.0118382 -0.0233153 -0.0146861 -0.0102806 -0.0117388 -0.0213649 -0.0140202 -0.00948401 -0.0125283 -0.0216198 -0.0149054 -0.00930776 -0.0118179 -0.0238582 -0.0138372 -0.00911535 -0.0122102 -0.0257445 -0.0140563 -0.007598 -0.0144376 -0.0271765 -0.0166778 -0.0072692 -0.015368 -0.0248395 -0.0143696 -0.00643288 ]

VLOG[2] (nnet-combine-fast[5.5.1137~1-51744]:DoBackpropParallel():nnet-update-parallel.cc:264) Did backprop on 10000 examples, average log-prob per frame is -2.62974
VLOG[2] (nnet-combine-fast[5.5.1137~1-51744]:ComputeObjfAndGradient():combine-nnet-fast.cc:347) Objf is -2.62974, raw gradient is  [ -0.00628615 -0.0122656 -0.00309846 -0.00580718 -0.00669731 -0.0114339 -0.00161987 -0.00501735 -0.00406521 -0.0101069 -0.00104019 -0.00455663 -0.00366434 -0.00966988 0.00150165 -0.00323855 -0.00362307 -0.00833972 0.00145786 -0.00327564 -0.00406349 -0.00907967 0.000384688 -0.00265183 -0.00400884 -0.00942025 0.000419406 -0.00248854 -0.00349764 -0.00990284 0.000497112 -0.00235739 -0.00356779 -0.0115212 1.00662e-05 -0.000933133 -0.00435672 -0.0101314 -0.00123045 -0.000534837 -0.00534764 -0.0101186 -0.000261424 0.000253686 -0.00271343 -0.0090085 -0.000450871 0.000763257 -0.00230795 -0.00874894 0.00200677 0.00211999 -0.00220901 -0.00812766 0.00238412 0.00220352 -0.00251892 -0.00786812 0.00145786 0.0030057 -0.00305317 -0.00867628 0.000859207 0.00315043 -0.00255297 -0.00912046 0.000924827 0.00325947 -0.00254451 -0.0103931 0.000194709 0.00467319 -0.00355372 -0.0100836 -0.000986294 0.00514076 -0.00425673 -0.00896191 0.000487477 0.00594999 ]

VLOG[3] (nnet-combine-fast[5.5.1137~1-51744]:StepSizeIteration():optimization.cc:240) In step size iteration, function value changed -2.63851 to -2.62974
VLOG[3] (nnet-combine-fast[5.5.1137~1-51744]:StepSizeIteration():optimization.cc:323) d = 2, iter = 0, action = accept
VLOG[3] (nnet-combine-fast[5.5.1137~1-51744]:AcceptStep():optimization.cc:194) Accepted step; length was 0.10773, prod was -0.00265622
VLOG[2] (nnet-combine-fast[5.5.1137~1-51744]:DoBackpropParallel():nnet-update-parallel.cc:264) Did backprop on 10000 examples, average log-prob per frame is -2.64751
VLOG[2] (nnet-combine-fast[5.5.1137~1-51744]:ComputeObjfAndGradient():combine-nnet-fast.cc:347) Objf is -2.64751, raw gradient is  [ 0.0676018 0.207836 0.0593837 0.0191035 0.0688158 0.207974 0.0548304 0.0184963 0.0645211 0.198731 0.056876 0.0183161 0.0624752 0.20551 0.0467651 0.0166476 0.0611181 0.184643 0.0464675 0.0155178 0.0581783 0.190646 0.0599894 0.0139676 0.0599042 0.188498 0.056309 0.0115345 0.0587214 0.192776 0.0528906 0.00902357 0.0617062 0.206205 0.0557426 0.00735518 0.0707816 0.192129 0.0527183 0.00584603 0.072674 0.197464 0.0562826 0.00504316 0.0681297 0.187959 0.0584151 0.00423275 0.0660203 0.195874 0.0489362 0.00156832 0.0665642 0.191763 0.0559358 0.00029455 0.0625304 0.174953 0.0533836 -0.00293828 0.0644592 0.178347 0.0578418 -0.0048644 0.0620394 0.183203 0.0551741 -0.00772085 0.065264 0.197534 0.0582291 -0.00966781 0.0742576 0.197956 0.0619904 -0.0115151 0.0738977 0.182727 0.0518806 -0.0126497 ]

VLOG[3] (nnet-combine-fast[5.5.1137~1-51744]:StepSizeIteration():optimization.cc:240) In step size iteration, function value changed -2.62974 to -2.64751
VLOG[3] (nnet-combine-fast[5.5.1137~1-51744]:StepSizeIteration():optimization.cc:323) d = 2, iter = 1, action = decrease
VLOG[2] (nnet-combine-fast[5.5.1137~1-51744]:DoBackpropParallel():nnet-update-parallel.cc:264) Did backprop on 10000 examples, average log-prob per frame is -2.61421
VLOG[2] (nnet-combine-fast[5.5.1137~1-51744]:ComputeObjfAndGradient():combine-nnet-fast.cc:347) Objf is -2.61421, raw gradient is  [ 0.0156603 0.0423617 0.0222809 0.000421561 0.0161983 0.0425718 0.021945 0.000981451 0.0156684 0.039387 0.023973 0.0016252 0.0149433 0.0422565 0.0211055 0.00216252 0.0152224 0.0366065 0.0207741 0.00187131 0.0138648 0.0380395 0.0254202 0.00193409 0.0143988 0.0367727 0.0248986 0.00142064 0.0141401 0.0394619 0.0239171 0.000879041 0.0150477 0.0419581 0.0241752 0.00155181 0.0181737 0.0397704 0.0219207 0.00188194 0.0184952 0.0407453 0.0235484 0.00253553 0.0178841 0.0374206 0.0250242 0.00317064 0.017135 0.0405056 0.0223022 0.00361932 0.0179601 0.0382752 0.0252772 0.00347876 0.0163807 0.0348345 0.0243367 0.0033489 0.0165857 0.0347873 0.0257406 0.00307192 0.0160083 0.0375909 0.025057 0.00248054 0.0170203 0.0406225 0.0252085 0.00317601 0.0199451 0.041121 0.0257318 0.00355923 0.0198264 0.0377685 0.0229549 0.00413666 ]

VLOG[3] (nnet-combine-fast[5.5.1137~1-51744]:StepSizeIteration():optimization.cc:240) In step size iteration, function value changed -2.62974 to -2.61421
VLOG[3] (nnet-combine-fast[5.5.1137~1-51744]:StepSizeIteration():optimization.cc:323) d = 2, iter = 1, action = accept
VLOG[3] (nnet-combine-fast[5.5.1137~1-51744]:AcceptStep():optimization.cc:194) Accepted step; length was 0.319392, prod was -0.0245372
VLOG[2] (nnet-combine-fast[5.5.1137~1-51744]:DoBackpropParallel():nnet-update-parallel.cc:264) Did backprop on 10000 examples, average log-prob per frame is -2.61906
VLOG[2] (nnet-combine-fast[5.5.1137~1-51744]:ComputeObjfAndGradient():combine-nnet-fast.cc:347) Objf is -2.61906, raw gradient is  [ 0.0461628 -0.022775 0.0291265 0.0328628 0.0475502 -0.0222364 0.0275387 0.0328417 0.0418111 -0.0254551 0.0321946 0.0330692 0.0395386 -0.0251926 0.0287089 0.0327136 0.0400918 -0.0248357 0.0261978 0.0322631 0.041481 -0.0283197 0.0288781 0.0316319 0.041314 -0.0281369 0.0277939 0.0305562 0.0414357 -0.0227726 0.0235791 0.0292739 0.0404596 -0.0256528 0.0238709 0.0289914 0.0453 -0.0205146 0.0253782 0.0287131 0.0465381 -0.0198754 0.0257073 0.0285921 0.0406843 -0.0233302 0.0300284 0.0285899 0.0385344 -0.0229576 0.0267243 0.0278514 0.0402531 -0.0246004 0.0283772 0.0270989 0.0411789 -0.0260777 0.0257938 0.02607 0.040761 -0.0256344 0.026248 0.0253846 0.0406996 -0.0204353 0.0221879 0.0240472 0.0398611 -0.0230458 0.0224503 0.0238119 0.0446001 -0.0199251 0.0271521 0.0232978 0.0447497 -0.0177302 0.0233999 0.023086 ]

VLOG[3] (nnet-combine-fast[5.5.1137~1-51744]:StepSizeIteration():optimization.cc:240) In step size iteration, function value changed -2.61421 to -2.61906
VLOG[3] (nnet-combine-fast[5.5.1137~1-51744]:StepSizeIteration():optimization.cc:323) d = 2, iter = 2, action = decrease
VLOG[2] (nnet-combine-fast[5.5.1137~1-51744]:DoBackpropParallel():nnet-update-parallel.cc:264) Did backprop on 10000 examples, average log-prob per frame is -2.61199
VLOG[2] (nnet-combine-fast[5.5.1137~1-51744]:ComputeObjfAndGradient():combine-nnet-fast.cc:347) Objf is -2.61199, raw gradient is  [ 0.0247237 0.00192335 0.0227526 0.0137629 0.0256439 0.00222833 0.0218607 0.014088 0.0226733 -0.000908868 0.0252313 0.0145911 0.0211931 0.000509555 0.0220101 0.0147631 0.0217617 -0.00154943 0.02092 0.0143983 0.021736 -0.00308641 0.0243673 0.0141744 0.0218732 -0.00349776 0.0237049 0.013458 0.0217937 0.000901712 0.0211464 0.0126231 0.0217783 1.62781e-05 0.0212894 0.0129157 0.0256789 0.00217617 0.0211076 0.0130421 0.0263715 0.00274823 0.0219159 0.0133851 0.0233114 -0.000561284 0.0248204 0.0138037 0.0218778 0.000997275 0.0217477 0.0137855 0.0231299 -0.00100907 0.0240287 0.0134028 0.0228327 -0.00306392 0.0226564 0.0129329 0.0226541 -0.00292193 0.02348 0.0125273 0.02235 0.00142002 0.0211296 0.0116531 0.0224576 0.000912659 0.021194 0.0119985 0.0261876 0.00281298 0.0237011 0.0120752 0.0263101 0.00278878 0.0207546 0.012355 ]

VLOG[3] (nnet-combine-fast[5.5.1137~1-51744]:StepSizeIteration():optimization.cc:240) In step size iteration, function value changed -2.61421 to -2.61199
VLOG[3] (nnet-combine-fast[5.5.1137~1-51744]:StepSizeIteration():optimization.cc:323) d = 2, iter = 2, action = accept
VLOG[3] (nnet-combine-fast[5.5.1137~1-51744]:AcceptStep():optimization.cc:194) Accepted step; length was 0.0987157, prod was -0.00897782
VLOG[2] (nnet-combine-fast[5.5.1137~1-51744]:DoBackpropParallel():nnet-update-parallel.cc:264) Did backprop on 10000 examples, average log-prob per frame is -2.60951
VLOG[2] (nnet-combine-fast[5.5.1137~1-51744]:ComputeObjfAndGradient():combine-nnet-fast.cc:347) Objf is -2.60951, raw gradient is  [ 0.00592706 -0.0032462 0.00191953 0.00273741 0.00635094 -0.00338646 0.000977444 0.00313054 0.00507859 -0.00538598 0.00250222 0.00364716 0.00439826 -0.004361 0.0014976 0.00406173 0.00491699 -0.00491707 0.00182279 0.00363339 0.00497798 -0.00510845 0.00285549 0.00348883 0.00507465 -0.00583542 0.00190326 0.00291662 0.0049912 -0.00345199 0.00161103 0.00231419 0.00475698 -0.00416307 0.00177747 0.00279298 0.00699565 -0.00288302 0.00196129 0.00290376 0.00713627 -0.00301838 0.0018941 0.00328282 0.00580004 -0.00515376 0.00281997 0.00374337 0.00516283 -0.00404259 0.00190757 0.00402311 0.00590301 -0.0048553 0.00283849 0.00373804 0.00588665 -0.00499774 0.00274836 0.00342382 0.00564217 -0.00544525 0.00242229 0.00306164 0.00541824 -0.00308422 0.00224805 0.00242254 0.00530703 -0.0034159 0.00226075 0.0029512 0.00732518 -0.00279306 0.00297077 0.00311793 0.0074209 -0.002858 0.00194908 0.00354168 ]

VLOG[3] (nnet-combine-fast[5.5.1137~1-51744]:StepSizeIteration():optimization.cc:240) In step size iteration, function value changed -2.61199 to -2.60951
VLOG[3] (nnet-combine-fast[5.5.1137~1-51744]:StepSizeIteration():optimization.cc:323) d = 2, iter = 3, action = accept
VLOG[3] (nnet-combine-fast[5.5.1137~1-51744]:AcceptStep():optimization.cc:194) Accepted step; length was 0.0501568, prod was -0.00269438
VLOG[2] (nnet-combine-fast[5.5.1137~1-51744]:DoBackpropParallel():nnet-update-parallel.cc:264) Did backprop on 10000 examples, average log-prob per frame is -2.60842
VLOG[2] (nnet-combine-fast[5.5.1137~1-51744]:ComputeObjfAndGradient():combine-nnet-fast.cc:347) Objf is -2.60842, raw gradient is  [ -0.000999799 0.00564908 -0.00435373 -0.00294942 -0.000957532 0.00483078 -0.00565057 -0.00273316 -0.00108904 0.00466672 -0.00557654 -0.00235962 -0.000981964 0.00495546 -0.00517821 -0.00207245 -0.000856659 0.00497447 -0.00449551 -0.00259413 -0.000635919 0.00560883 -0.00474815 -0.00277353 -0.000173743 0.00433091 -0.00548534 -0.0033493 -0.000332965 0.00481067 -0.00482056 -0.00397873 -0.000688818 0.00501426 -0.00449356 -0.00370367 -2.1228e-05 0.00491064 -0.00438204 -0.00389709 -0.000196399 0.00433875 -0.00466602 -0.00373691 -0.00037785 0.00408181 -0.00520013 -0.00345919 -0.000222272 0.00448778 -0.00467279 -0.00336909 -2.24487e-05 0.00516171 -0.00430783 -0.00364194 0.000192755 0.00477843 -0.00476864 -0.00415502 0.00035943 0.00390006 -0.00478237 -0.0045138 2.42554e-05 0.00441025 -0.00404909 -0.00519379 -0.000191858 0.00502891 -0.00386096 -0.00487766 0.000237976 0.00488071 -0.00389998 -0.00497444 0.000180566 0.00366654 -0.00458813 -0.00473615 ]

VLOG[3] (nnet-combine-fast[5.5.1137~1-51744]:StepSizeIteration():optimization.cc:240) In step size iteration, function value changed -2.60951 to -2.60842
VLOG[3] (nnet-combine-fast[5.5.1137~1-51744]:StepSizeIteration():optimization.cc:323) d = 2, iter = 4, action = accept
VLOG[3] (nnet-combine-fast[5.5.1137~1-51744]:AcceptStep():optimization.cc:194) Accepted step; length was 0.0560252, prod was -0.00217536
VLOG[2] (nnet-combine-fast[5.5.1137~1-51744]:DoBackpropParallel():nnet-update-parallel.cc:264) Did backprop on 10000 examples, average log-prob per frame is -2.60797
VLOG[2] (nnet-combine-fast[5.5.1137~1-51744]:ComputeObjfAndGradient():combine-nnet-fast.cc:347) Objf is -2.60797, raw gradient is  [ -0.00180732 -0.00232587 -0.00212245 -0.00142374 -0.00172239 -0.00254269 -0.00305206 -0.00122815 -0.00138109 -0.00179458 -0.00301044 -0.000899573 -0.0011089 -0.0024478 -0.00235884 -0.000522012 -0.0013743 -0.001451 -0.00240749 -0.000876146 -0.000927863 -0.00140245 -0.00310677 -0.000808154 -0.000544415 -0.00217225 -0.00297019 -0.001086 -0.000456586 -0.00210935 -0.00252266 -0.00149467 -0.000854443 -0.00271284 -0.00232756 -0.00109621 -0.00131495 -0.00227378 -0.00239378 -0.00121642 -0.00147599 -0.00241685 -0.00258439 -0.0010551 -0.00114951 -0.00174883 -0.00315324 -0.000787766 -0.000810547 -0.00233273 -0.00237858 -0.000557774 -0.00101978 -0.00127301 -0.00247588 -0.000691235 -0.000535406 -0.00137568 -0.00331952 -0.000864819 -0.000454083 -0.00201878 -0.00273655 -0.00093642 -0.000487189 -0.00198801 -0.00227605 -0.00137631 -0.000747357 -0.0022019 -0.00220997 -0.000922676 -0.00143571 -0.00234333 -0.00224342 -0.000955986 -0.00142965 -0.00235725 -0.00278122 -0.000733226 ]

VLOG[3] (nnet-combine-fast[5.5.1137~1-51744]:StepSizeIteration():optimization.cc:240) In step size iteration, function value changed -2.60842 to -2.60797
VLOG[3] (nnet-combine-fast[5.5.1137~1-51744]:StepSizeIteration():optimization.cc:323) d = 2, iter = 5, action = accept
VLOG[3] (nnet-combine-fast[5.5.1137~1-51744]:AcceptStep():optimization.cc:194) Accepted step; length was 0.0349555, prod was -0.000781635
VLOG[2] (nnet-combine-fast[5.5.1137~1-51744]:DoBackpropParallel():nnet-update-parallel.cc:264) Did backprop on 10000 examples, average log-prob per frame is -2.60762
VLOG[2] (nnet-combine-fast[5.5.1137~1-51744]:ComputeObjfAndGradient():combine-nnet-fast.cc:347) Objf is -2.60762, raw gradient is  [ -0.00256852 -0.00415166 -0.00356718 -0.00151336 -0.00226399 -0.00383021 -0.00405195 -0.0014412 -0.00202092 -0.00367076 -0.00365902 -0.00122214 -0.00198724 -0.00435911 -0.00365946 -0.000936133 -0.00229094 -0.00400634 -0.00381527 -0.001256 -0.00216555 -0.00342727 -0.00419726 -0.00108392 -0.00218334 -0.00356336 -0.00445048 -0.0012554 -0.00201074 -0.00386645 -0.0044118 -0.00155593 -0.00200369 -0.00435172 -0.00424147 -0.00118644 -0.00241453 -0.0040383 -0.00379905 -0.00135793 -0.00234752 -0.00370064 -0.00367672 -0.00133057 -0.00210698 -0.00361147 -0.00387804 -0.00117755 -0.0019994 -0.00422808 -0.003767 -0.00104247 -0.00228401 -0.00404896 -0.00416711 -0.00113162 -0.00213356 -0.00328335 -0.00432074 -0.00119876 -0.00240876 -0.00336844 -0.00428082 -0.0011634 -0.00233008 -0.00372901 -0.00425929 -0.00148945 -0.00218495 -0.00383386 -0.00419256 -0.00105975 -0.00281557 -0.00421704 -0.00387633 -0.00114159 -0.00254819 -0.00355189 -0.00382921 -0.00104405 ]

VLOG[3] (nnet-combine-fast[5.5.1137~1-51744]:StepSizeIteration():optimization.cc:240) In step size iteration, function value changed -2.60797 to -2.60762
VLOG[3] (nnet-combine-fast[5.5.1137~1-51744]:StepSizeIteration():optimization.cc:323) d = 2, iter = 6, action = accept
VLOG[3] (nnet-combine-fast[5.5.1137~1-51744]:AcceptStep():optimization.cc:194) Accepted step; length was 0.0312889, prod was -0.000310999
LOG (nnet-combine-fast[5.5.1137~1-51744]:ComputeCurrentNnet():combine-nnet-fast.cc:373) Scale parameters are  [
  -0.798964 -0.864586 -0.556782 -0.56943 
  -0.627379 -0.458929 -0.794852 -0.413833 
  -0.122805 -0.129353 -0.19698 -0.347354 
  -0.219287 -0.162291 -0.0560934 -0.149072 
  -0.345437 -0.274071 -0.358719 -0.241368 
  -0.455319 -0.0341077 0.107171 -0.190494 
  -0.0937695 -0.161964 -0.193118 -0.213359 
  -0.0329464 -0.0319248 -0.207935 -0.317335 
  -0.0779538 -0.508527 -0.0709734 -0.0833184 
  0.390453 0.331859 -0.00105722 -0.0247167 
  0.0233012 0.310363 0.459158 0.11895 
  0.496981 0.243146 0.170604 0.178027 
  0.471764 0.213737 0.260897 0.346862 
  0.507269 0.397362 0.428837 0.295884 
  0.455895 0.135735 0.0247674 0.324333 
  0.246724 0.30804 0.307058 0.335742 
  0.166057 0.103286 0.314939 0.228868 
  0.302311 0.613601 0.200616 0.466507 
  0.446061 0.598287 0.625831 0.540946 
  0.262423 0.28946 0.498917 0.70337 ]

LOG (nnet-combine-fast[5.5.1137~1-51744]:FastNnetCombiner():combine-nnet-fast.cc:152) Combining nnets, objf per frame changed from -2.63851 to -2.60762
LOG (nnet-combine-fast[5.5.1137~1-51744]:main():nnet-combine-fast.cc:124) Finished combining neural nets, wrote model to exp_FG/DNN_tri_8_2000_aligned_layer3_nodes256/final.mdl
# Accounting: time=29 threads=1
# Ended (code 0) at Wed Aug 28 02:23:02 IST 2024, elapsed time 29 seconds
