# nnet-subset-egs --n=2000 --randomize-order=true --srand=25 ark:exp_FG/DNN_tri_8_2000_aligned_layer3_nodes256/egs/train_diagnostic.egs ark:- | nnet-combine-fast --use-gpu=no --num-threads=16 --verbose=3 --minibatch-size=125 exp_FG/DNN_tri_8_2000_aligned_layer3_nodes256/26.mdl ark:- exp_FG/DNN_tri_8_2000_aligned_layer3_nodes256/26.mdl 
# Started at Wed Aug 28 00:43:52 IST 2024
#
nnet-subset-egs --n=2000 --randomize-order=true --srand=25 ark:exp_FG/DNN_tri_8_2000_aligned_layer3_nodes256/egs/train_diagnostic.egs ark:- 
nnet-combine-fast --use-gpu=no --num-threads=16 --verbose=3 --minibatch-size=125 exp_FG/DNN_tri_8_2000_aligned_layer3_nodes256/26.mdl ark:- exp_FG/DNN_tri_8_2000_aligned_layer3_nodes256/26.mdl 
LOG (nnet-subset-egs[5.5.1137~1-51744]:main():nnet-subset-egs.cc:93) Selected a subset of 2000 out of 4000 neural-network training examples 
LOG (nnet-combine-fast[5.5.1137~1-51744]:main():nnet-combine-fast.cc:108) Read 2000 examples from the validation set.
VLOG[3] (nnet-combine-fast[5.5.1137~1-51744]:Propagate():nnet-update.cc:114) Stddev of data for component 0 for this minibatch is 172.154
VLOG[3] (nnet-combine-fast[5.5.1137~1-51744]:Propagate():nnet-update.cc:114) Stddev of data for component 0 for this minibatch is 185.811
VLOG[3] (nnet-combine-fast[5.5.1137~1-51744]:Propagate():nnet-update.cc:114) Stddev of data for component 0 for this minibatch is 196.652
VLOG[3] (nnet-combine-fast[5.5.1137~1-51744]:Propagate():nnet-update.cc:114) Stddev of data for component 0 for this minibatch is 181.599
VLOG[3] (nnet-combine-fast[5.5.1137~1-51744]:Propagate():nnet-update.cc:114) Stddev of data for component 0 for this minibatch is 184.076
VLOG[3] (nnet-combine-fast[5.5.1137~1-51744]:Propagate():nnet-update.cc:114) Stddev of data for component 1 for this minibatch is 185.81
VLOG[3] (nnet-combine-fast[5.5.1137~1-51744]:Propagate():nnet-update.cc:114) Stddev of data for component 1 for this minibatch is 181.599
VLOG[3] (nnet-combine-fast[5.5.1137~1-51744]:Propagate():nnet-update.cc:114) Stddev of data for component 0 for this minibatch is 194.717
VLOG[3] (nnet-combine-fast[5.5.1137~1-51744]:Propagate():nnet-update.cc:114) Stddev of data for component 0 for this minibatch is 176.269
VLOG[3] (nnet-combine-fast[5.5.1137~1-51744]:Propagate():nnet-update.cc:114) Stddev of data for component 1 for this minibatch is 194.717
VLOG[3] (nnet-combine-fast[5.5.1137~1-51744]:Propagate():nnet-update.cc:114) Stddev of data for component 0 for this minibatch is 189.55
VLOG[3] (nnet-combine-fast[5.5.1137~1-51744]:Propagate():nnet-update.cc:114) Stddev of data for component 2 for this minibatch is 0.116605
VLOG[3] (nnet-combine-fast[5.5.1137~1-51744]:Propagate():nnet-update.cc:114) Stddev of data for component 2 for this minibatch is 0.10701
VLOG[3] (nnet-combine-fast[5.5.1137~1-51744]:Propagate():nnet-update.cc:114) Stddev of data for component 0 for this minibatch is 183.537
VLOG[3] (nnet-combine-fast[5.5.1137~1-51744]:Propagate():nnet-update.cc:114) Stddev of data for component 1 for this minibatch is 189.55
VLOG[3] (nnet-combine-fast[5.5.1137~1-51744]:Propagate():nnet-update.cc:114) Stddev of data for component 2 for this minibatch is 0.103818
VLOG[3] (nnet-combine-fast[5.5.1137~1-51744]:Propagate():nnet-update.cc:114) Stddev of data for component 3 for this minibatch is 4.39204
VLOG[3] (nnet-combine-fast[5.5.1137~1-51744]:Propagate():nnet-update.cc:114) Stddev of data for component 1 for this minibatch is 183.537
VLOG[3] (nnet-combine-fast[5.5.1137~1-51744]:Propagate():nnet-update.cc:114) Stddev of data for component 2 for this minibatch is 0.108828
VLOG[3] (nnet-combine-fast[5.5.1137~1-51744]:Propagate():nnet-update.cc:114) Stddev of data for component 3 for this minibatch is 4.27023
VLOG[3] (nnet-combine-fast[5.5.1137~1-51744]:Propagate():nnet-update.cc:114) Stddev of data for component 2 for this minibatch is 0.103522
VLOG[3] (nnet-combine-fast[5.5.1137~1-51744]:Propagate():nnet-update.cc:114) Stddev of data for component 3 for this minibatch is 4.34317
VLOG[3] (nnet-combine-fast[5.5.1137~1-51744]:Propagate():nnet-update.cc:114) Stddev of data for component 4 for this minibatch is 0.643258
VLOG[3] (nnet-combine-fast[5.5.1137~1-51744]:Propagate():nnet-update.cc:114) Stddev of data for component 3 for this minibatch is 4.13768
VLOG[3] (nnet-combine-fast[5.5.1137~1-51744]:Propagate():nnet-update.cc:114) Stddev of data for component 5 for this minibatch is 9.85443
VLOG[3] (nnet-combine-fast[5.5.1137~1-51744]:Propagate():nnet-update.cc:114) Stddev of data for component 4 for this minibatch is 0.653156
VLOG[3] (nnet-combine-fast[5.5.1137~1-51744]:Propagate():nnet-update.cc:114) Stddev of data for component 4 for this minibatch is 0.655248
VLOG[3] (nnet-combine-fast[5.5.1137~1-51744]:Propagate():nnet-update.cc:114) Stddev of data for component 5 for this minibatch is 9.64818
VLOG[3] (nnet-combine-fast[5.5.1137~1-51744]:Propagate():nnet-update.cc:114) Stddev of data for component 6 for this minibatch is 0.790914
VLOG[3] (nnet-combine-fast[5.5.1137~1-51744]:Propagate():nnet-update.cc:114) Stddev of data for component 4 for this minibatch is 0.642919
VLOG[3] (nnet-combine-fast[5.5.1137~1-51744]:Propagate():nnet-update.cc:114) Stddev of data for component 5 for this minibatch is 9.54362
VLOG[3] (nnet-combine-fast[5.5.1137~1-51744]:Propagate():nnet-update.cc:114) Stddev of data for component 5 for this minibatch is 9.55457
VLOG[3] (nnet-combine-fast[5.5.1137~1-51744]:Propagate():nnet-update.cc:114) Stddev of data for component 6 for this minibatch is 0.795672
VLOG[3] (nnet-combine-fast[5.5.1137~1-51744]:Propagate():nnet-update.cc:114) Stddev of data for component 1 for this minibatch is 184.076
VLOG[3] (nnet-combine-fast[5.5.1137~1-51744]:Propagate():nnet-update.cc:114) Stddev of data for component 6 for this minibatch is 0.797444
VLOG[3] (nnet-combine-fast[5.5.1137~1-51744]:Propagate():nnet-update.cc:114) Stddev of data for component 7 for this minibatch is 6.9963
VLOG[3] (nnet-combine-fast[5.5.1137~1-51744]:Propagate():nnet-update.cc:114) Stddev of data for component 1 for this minibatch is 176.269
VLOG[3] (nnet-combine-fast[5.5.1137~1-51744]:Propagate():nnet-update.cc:114) Stddev of data for component 6 for this minibatch is 0.792874
VLOG[3] (nnet-combine-fast[5.5.1137~1-51744]:Propagate():nnet-update.cc:114) Stddev of data for component 7 for this minibatch is 6.49393
VLOG[3] (nnet-combine-fast[5.5.1137~1-51744]:Propagate():nnet-update.cc:114) Stddev of data for component 7 for this minibatch is 6.62337
VLOG[3] (nnet-combine-fast[5.5.1137~1-51744]:Propagate():nnet-update.cc:114) Stddev of data for component 2 for this minibatch is 0.110992
VLOG[3] (nnet-combine-fast[5.5.1137~1-51744]:Propagate():nnet-update.cc:114) Stddev of data for component 3 for this minibatch is 4.32548
VLOG[3] (nnet-combine-fast[5.5.1137~1-51744]:Propagate():nnet-update.cc:114) Stddev of data for component 3 for this minibatch is 4.30607
VLOG[3] (nnet-combine-fast[5.5.1137~1-51744]:Propagate():nnet-update.cc:114) Stddev of data for component 4 for this minibatch is 0.652513
VLOG[3] (nnet-combine-fast[5.5.1137~1-51744]:Propagate():nnet-update.cc:114) Stddev of data for component 4 for this minibatch is 0.649529
VLOG[3] (nnet-combine-fast[5.5.1137~1-51744]:Propagate():nnet-update.cc:114) Stddev of data for component 5 for this minibatch is 9.84446
VLOG[3] (nnet-combine-fast[5.5.1137~1-51744]:Propagate():nnet-update.cc:114) Stddev of data for component 5 for this minibatch is 9.50784
VLOG[3] (nnet-combine-fast[5.5.1137~1-51744]:Propagate():nnet-update.cc:114) Stddev of data for component 6 for this minibatch is 0.795589
VLOG[3] (nnet-combine-fast[5.5.1137~1-51744]:Propagate():nnet-update.cc:114) Stddev of data for component 6 for this minibatch is 0.791924
VLOG[3] (nnet-combine-fast[5.5.1137~1-51744]:Propagate():nnet-update.cc:114) Stddev of data for component 7 for this minibatch is 6.84267
VLOG[3] (nnet-combine-fast[5.5.1137~1-51744]:Propagate():nnet-update.cc:114) Stddev of data for component 7 for this minibatch is 6.71351
VLOG[3] (nnet-combine-fast[5.5.1137~1-51744]:Propagate():nnet-update.cc:114) Stddev of data for component 7 for this minibatch is 6.66938
VLOG[3] (nnet-combine-fast[5.5.1137~1-51744]:Propagate():nnet-update.cc:114) Stddev of data for component 1 for this minibatch is 196.652
VLOG[3] (nnet-combine-fast[5.5.1137~1-51744]:Propagate():nnet-update.cc:114) Stddev of data for component 8 for this minibatch is 0.746223
VLOG[3] (nnet-combine-fast[5.5.1137~1-51744]:Propagate():nnet-update.cc:114) Stddev of data for component 2 for this minibatch is 0.107337
VLOG[3] (nnet-combine-fast[5.5.1137~1-51744]:Propagate():nnet-update.cc:114) Stddev of data for component 3 for this minibatch is 4.25971
VLOG[3] (nnet-combine-fast[5.5.1137~1-51744]:Propagate():nnet-update.cc:114) Stddev of data for component 4 for this minibatch is 0.656084
VLOG[3] (nnet-combine-fast[5.5.1137~1-51744]:Propagate():nnet-update.cc:114) Stddev of data for component 5 for this minibatch is 9.54129
VLOG[3] (nnet-combine-fast[5.5.1137~1-51744]:Propagate():nnet-update.cc:114) Stddev of data for component 6 for this minibatch is 0.797338
VLOG[3] (nnet-combine-fast[5.5.1137~1-51744]:Propagate():nnet-update.cc:114) Stddev of data for component 7 for this minibatch is 6.50112
VLOG[3] (nnet-combine-fast[5.5.1137~1-51744]:Propagate():nnet-update.cc:114) Stddev of data for component 2 for this minibatch is 0.103705
VLOG[3] (nnet-combine-fast[5.5.1137~1-51744]:Propagate():nnet-update.cc:114) Stddev of data for component 0 for this minibatch is 185.379
VLOG[3] (nnet-combine-fast[5.5.1137~1-51744]:Propagate():nnet-update.cc:114) Stddev of data for component 3 for this minibatch is 4.11913
VLOG[3] (nnet-combine-fast[5.5.1137~1-51744]:Propagate():nnet-update.cc:114) Stddev of data for component 1 for this minibatch is 172.154
VLOG[3] (nnet-combine-fast[5.5.1137~1-51744]:Propagate():nnet-update.cc:114) Stddev of data for component 1 for this minibatch is 185.38
VLOG[3] (nnet-combine-fast[5.5.1137~1-51744]:Propagate():nnet-update.cc:114) Stddev of data for component 0 for this minibatch is 180.531
VLOG[3] (nnet-combine-fast[5.5.1137~1-51744]:Propagate():nnet-update.cc:114) Stddev of data for component 8 for this minibatch is 0.747752
VLOG[3] (nnet-combine-fast[5.5.1137~1-51744]:Propagate():nnet-update.cc:114) Stddev of data for component 9 for this minibatch is 6.70077
VLOG[3] (nnet-combine-fast[5.5.1137~1-51744]:Propagate():nnet-update.cc:114) Stddev of data for component 0 for this minibatch is 186.246
VLOG[3] (nnet-combine-fast[5.5.1137~1-51744]:Propagate():nnet-update.cc:114) Stddev of data for component 4 for this minibatch is 0.644924
VLOG[3] (nnet-combine-fast[5.5.1137~1-51744]:Propagate():nnet-update.cc:114) Stddev of data for component 0 for this minibatch is 184.077
VLOG[3] (nnet-combine-fast[5.5.1137~1-51744]:Propagate():nnet-update.cc:114) Stddev of data for component 5 for this minibatch is 9.6454
VLOG[3] (nnet-combine-fast[5.5.1137~1-51744]:Propagate():nnet-update.cc:114) Stddev of data for component 1 for this minibatch is 184.077
VLOG[3] (nnet-combine-fast[5.5.1137~1-51744]:Propagate():nnet-update.cc:114) Stddev of data for component 2 for this minibatch is 0.106676
VLOG[3] (nnet-combine-fast[5.5.1137~1-51744]:Propagate():nnet-update.cc:114) Stddev of data for component 6 for this minibatch is 0.791427
VLOG[3] (nnet-combine-fast[5.5.1137~1-51744]:Propagate():nnet-update.cc:114) Stddev of data for component 8 for this minibatch is 0.750947
VLOG[3] (nnet-combine-fast[5.5.1137~1-51744]:Propagate():nnet-update.cc:114) Stddev of data for component 3 for this minibatch is 4.26593
VLOG[3] (nnet-combine-fast[5.5.1137~1-51744]:Propagate():nnet-update.cc:114) Stddev of data for component 7 for this minibatch is 6.76938
VLOG[3] (nnet-combine-fast[5.5.1137~1-51744]:Propagate():nnet-update.cc:114) Stddev of data for component 8 for this minibatch is 0.748382
VLOG[3] (nnet-combine-fast[5.5.1137~1-51744]:Propagate():nnet-update.cc:114) Stddev of data for component 4 for this minibatch is 0.65087
VLOG[3] (nnet-combine-fast[5.5.1137~1-51744]:Propagate():nnet-update.cc:114) Stddev of data for component 5 for this minibatch is 9.53701
VLOG[3] (nnet-combine-fast[5.5.1137~1-51744]:Propagate():nnet-update.cc:114) Stddev of data for component 6 for this minibatch is 0.792005
VLOG[3] (nnet-combine-fast[5.5.1137~1-51744]:Propagate():nnet-update.cc:114) Stddev of data for component 8 for this minibatch is 0.748191
VLOG[3] (nnet-combine-fast[5.5.1137~1-51744]:Propagate():nnet-update.cc:114) Stddev of data for component 7 for this minibatch is 6.64596
VLOG[3] (nnet-combine-fast[5.5.1137~1-51744]:Propagate():nnet-update.cc:114) Stddev of data for component 8 for this minibatch is 0.7504
VLOG[3] (nnet-combine-fast[5.5.1137~1-51744]:Propagate():nnet-update.cc:114) Stddev of data for component 9 for this minibatch is 7.11234
VLOG[3] (nnet-combine-fast[5.5.1137~1-51744]:Propagate():nnet-update.cc:114) Stddev of data for component 2 for this minibatch is 0.0968863
VLOG[3] (nnet-combine-fast[5.5.1137~1-51744]:Propagate():nnet-update.cc:114) Stddev of data for component 0 for this minibatch is 177.357
VLOG[3] (nnet-combine-fast[5.5.1137~1-51744]:Propagate():nnet-update.cc:114) Stddev of data for component 3 for this minibatch is 3.8988
VLOG[3] (nnet-combine-fast[5.5.1137~1-51744]:Propagate():nnet-update.cc:114) Stddev of data for component 1 for this minibatch is 177.357
VLOG[3] (nnet-combine-fast[5.5.1137~1-51744]:Propagate():nnet-update.cc:114) Stddev of data for component 9 for this minibatch is 7.49016
VLOG[3] (nnet-combine-fast[5.5.1137~1-51744]:Propagate():nnet-update.cc:114) Stddev of data for component 2 for this minibatch is 0.111107
VLOG[3] (nnet-combine-fast[5.5.1137~1-51744]:Propagate():nnet-update.cc:114) Stddev of data for component 4 for this minibatch is 0.636156
VLOG[3] (nnet-combine-fast[5.5.1137~1-51744]:Propagate():nnet-update.cc:114) Stddev of data for component 3 for this minibatch is 4.20974
VLOG[3] (nnet-combine-fast[5.5.1137~1-51744]:Propagate():nnet-update.cc:114) Stddev of data for component 5 for this minibatch is 9.48318
VLOG[3] (nnet-combine-fast[5.5.1137~1-51744]:Propagate():nnet-update.cc:114) Stddev of data for component 6 for this minibatch is 0.79222
VLOG[3] (nnet-combine-fast[5.5.1137~1-51744]:Propagate():nnet-update.cc:114) Stddev of data for component 4 for this minibatch is 0.650413
VLOG[3] (nnet-combine-fast[5.5.1137~1-51744]:Propagate():nnet-update.cc:114) Stddev of data for component 8 for this minibatch is 0.750774
VLOG[3] (nnet-combine-fast[5.5.1137~1-51744]:Propagate():nnet-update.cc:114) Stddev of data for component 7 for this minibatch is 6.71339
VLOG[3] (nnet-combine-fast[5.5.1137~1-51744]:Propagate():nnet-update.cc:114) Stddev of data for component 5 for this minibatch is 9.67904
VLOG[3] (nnet-combine-fast[5.5.1137~1-51744]:Propagate():nnet-update.cc:114) Stddev of data for component 2 for this minibatch is 0.112924
VLOG[2] (nnet-combine-fast[5.5.1137~1-51744]:DoBackpropParallel():nnet-update-parallel.cc:264) Did backprop on 2000 examples, average log-prob per frame is -2.75106
LOG (nnet-combine-fast[5.5.1137~1-51744]:GetInitialModel():combine-nnet-fast.cc:403) Objective functions for the source neural nets are  [ -2.75106 ]

LOG (nnet-combine-fast[5.5.1137~1-51744]:GetInitialParams():combine-nnet-fast.cc:282) Initializing with neural net with index 0
VLOG[2] (nnet-combine-fast[5.5.1137~1-51744]:DoBackpropParallel():nnet-update-parallel.cc:264) Did backprop on 2000 examples, average log-prob per frame is -2.75106
VLOG[2] (nnet-combine-fast[5.5.1137~1-51744]:ComputeObjfAndGradient():combine-nnet-fast.cc:347) Objf is -2.75106, raw gradient is  [ -0.0228952 -0.0310265 -0.0247153 -0.0334353 ]

VLOG[2] (nnet-combine-fast[5.5.1137~1-51744]:DoBackpropParallel():nnet-update-parallel.cc:264) Did backprop on 2000 examples, average log-prob per frame is -2.74857
VLOG[2] (nnet-combine-fast[5.5.1137~1-51744]:ComputeObjfAndGradient():combine-nnet-fast.cc:347) Objf is -2.74857, raw gradient is  [ 0.00571083 0.0358226 0.0132638 0.0483248 ]

VLOG[3] (nnet-combine-fast[5.5.1137~1-51744]:StepSizeIteration():optimization.cc:240) In step size iteration, function value changed -2.75106 to -2.74857
VLOG[3] (nnet-combine-fast[5.5.1137~1-51744]:StepSizeIteration():optimization.cc:323) d = 2, iter = 0, action = accept
VLOG[3] (nnet-combine-fast[5.5.1137~1-51744]:AcceptStep():optimization.cc:194) Accepted step; length was 0.116503, prod was -0.0203635
VLOG[2] (nnet-combine-fast[5.5.1137~1-51744]:DoBackpropParallel():nnet-update-parallel.cc:264) Did backprop on 2000 examples, average log-prob per frame is -2.74725
VLOG[2] (nnet-combine-fast[5.5.1137~1-51744]:ComputeObjfAndGradient():combine-nnet-fast.cc:347) Objf is -2.74725, raw gradient is  [ -0.00876645 -0.0127046 -0.00437232 0.00557446 ]

VLOG[3] (nnet-combine-fast[5.5.1137~1-51744]:StepSizeIteration():optimization.cc:240) In step size iteration, function value changed -2.74857 to -2.74725
VLOG[3] (nnet-combine-fast[5.5.1137~1-51744]:StepSizeIteration():optimization.cc:323) d = 2, iter = 1, action = accept
VLOG[3] (nnet-combine-fast[5.5.1137~1-51744]:AcceptStep():optimization.cc:194) Accepted step; length was 0.0566413, prod was -0.0075523
VLOG[2] (nnet-combine-fast[5.5.1137~1-51744]:DoBackpropParallel():nnet-update-parallel.cc:264) Did backprop on 2000 examples, average log-prob per frame is -2.74688
VLOG[2] (nnet-combine-fast[5.5.1137~1-51744]:ComputeObjfAndGradient():combine-nnet-fast.cc:347) Objf is -2.74688, raw gradient is  [ -0.00503619 -0.00464664 -0.000497245 0.00921111 ]

VLOG[3] (nnet-combine-fast[5.5.1137~1-51744]:StepSizeIteration():optimization.cc:240) In step size iteration, function value changed -2.74725 to -2.74688
VLOG[3] (nnet-combine-fast[5.5.1137~1-51744]:StepSizeIteration():optimization.cc:323) d = 2, iter = 2, action = accept
VLOG[3] (nnet-combine-fast[5.5.1137~1-51744]:AcceptStep():optimization.cc:194) Accepted step; length was 0.0153221, prod was -0.000323308
VLOG[2] (nnet-combine-fast[5.5.1137~1-51744]:DoBackpropParallel():nnet-update-parallel.cc:264) Did backprop on 2000 examples, average log-prob per frame is -2.7468
VLOG[2] (nnet-combine-fast[5.5.1137~1-51744]:ComputeObjfAndGradient():combine-nnet-fast.cc:347) Objf is -2.7468, raw gradient is  [ -0.00178236 0.00126284 0.00040185 0.00325675 ]

VLOG[3] (nnet-combine-fast[5.5.1137~1-51744]:StepSizeIteration():optimization.cc:240) In step size iteration, function value changed -2.74688 to -2.7468
VLOG[3] (nnet-combine-fast[5.5.1137~1-51744]:StepSizeIteration():optimization.cc:323) d = 2, iter = 3, action = accept
VLOG[3] (nnet-combine-fast[5.5.1137~1-51744]:AcceptStep():optimization.cc:194) Accepted step; length was 0.0117045, prod was -0.000181444
VLOG[2] (nnet-combine-fast[5.5.1137~1-51744]:DoBackpropParallel():nnet-update-parallel.cc:264) Did backprop on 2000 examples, average log-prob per frame is -2.74679
VLOG[2] (nnet-combine-fast[5.5.1137~1-51744]:ComputeObjfAndGradient():combine-nnet-fast.cc:347) Objf is -2.74679, raw gradient is  [ -0.00134021 0.000284029 0.000347782 0.00150972 ]

VLOG[3] (nnet-combine-fast[5.5.1137~1-51744]:StepSizeIteration():optimization.cc:240) In step size iteration, function value changed -2.7468 to -2.74679
VLOG[3] (nnet-combine-fast[5.5.1137~1-51744]:StepSizeIteration():optimization.cc:323) d = 2, iter = 4, action = accept
VLOG[3] (nnet-combine-fast[5.5.1137~1-51744]:AcceptStep():optimization.cc:194) Accepted step; length was 0.00245519, prod was -7.45616e-06
VLOG[2] (nnet-combine-fast[5.5.1137~1-51744]:DoBackpropParallel():nnet-update-parallel.cc:264) Did backprop on 2000 examples, average log-prob per frame is -2.74679
VLOG[2] (nnet-combine-fast[5.5.1137~1-51744]:ComputeObjfAndGradient():combine-nnet-fast.cc:347) Objf is -2.74679, raw gradient is  [ -0.000574081 -9.19533e-05 0.000142495 -0.000438156 ]

VLOG[3] (nnet-combine-fast[5.5.1137~1-51744]:StepSizeIteration():optimization.cc:240) In step size iteration, function value changed -2.74679 to -2.74679
VLOG[3] (nnet-combine-fast[5.5.1137~1-51744]:StepSizeIteration():optimization.cc:323) d = 2, iter = 5, action = accept
VLOG[3] (nnet-combine-fast[5.5.1137~1-51744]:AcceptStep():optimization.cc:194) Accepted step; length was 0.00243665, prod was -4.31286e-06
VLOG[2] (nnet-combine-fast[5.5.1137~1-51744]:DoBackpropParallel():nnet-update-parallel.cc:264) Did backprop on 2000 examples, average log-prob per frame is -2.74679
VLOG[2] (nnet-combine-fast[5.5.1137~1-51744]:ComputeObjfAndGradient():combine-nnet-fast.cc:347) Objf is -2.74679, raw gradient is  [ -0.000221024 -7.29785e-05 3.33362e-05 -0.00031489 ]

VLOG[3] (nnet-combine-fast[5.5.1137~1-51744]:StepSizeIteration():optimization.cc:240) In step size iteration, function value changed -2.74679 to -2.74679
VLOG[3] (nnet-combine-fast[5.5.1137~1-51744]:StepSizeIteration():optimization.cc:323) d = 2, iter = 6, action = accept
VLOG[3] (nnet-combine-fast[5.5.1137~1-51744]:AcceptStep():optimization.cc:194) Accepted step; length was 0.000846138, prod was -3.49464e-07
VLOG[2] (nnet-combine-fast[5.5.1137~1-51744]:DoBackpropParallel():nnet-update-parallel.cc:264) Did backprop on 2000 examples, average log-prob per frame is -2.74679
VLOG[2] (nnet-combine-fast[5.5.1137~1-51744]:ComputeObjfAndGradient():combine-nnet-fast.cc:347) Objf is -2.74679, raw gradient is  [ 2.70195e-05 1.18647e-05 5.34368e-05 0.000120327 ]

VLOG[3] (nnet-combine-fast[5.5.1137~1-51744]:StepSizeIteration():optimization.cc:240) In step size iteration, function value changed -2.74679 to -2.74679
VLOG[3] (nnet-combine-fast[5.5.1137~1-51744]:StepSizeIteration():optimization.cc:323) d = 2, iter = 7, action = accept
VLOG[3] (nnet-combine-fast[5.5.1137~1-51744]:AcceptStep():optimization.cc:194) Accepted step; length was 0.000570776, prod was -1.91315e-07
VLOG[2] (nnet-combine-fast[5.5.1137~1-51744]:DoBackpropParallel():nnet-update-parallel.cc:264) Did backprop on 2000 examples, average log-prob per frame is -2.74679
VLOG[2] (nnet-combine-fast[5.5.1137~1-51744]:ComputeObjfAndGradient():combine-nnet-fast.cc:347) Objf is -2.74679, raw gradient is  [ -5.70297e-06 -2.51245e-06 -5.04708e-05 -8.7533e-05 ]

VLOG[3] (nnet-combine-fast[5.5.1137~1-51744]:StepSizeIteration():optimization.cc:240) In step size iteration, function value changed -2.74679 to -2.74679
VLOG[3] (nnet-combine-fast[5.5.1137~1-51744]:StepSizeIteration():optimization.cc:323) d = 2, iter = 8, action = decrease
LOG (nnet-combine-fast[5.5.1137~1-51744]:ComputeCurrentNnet():combine-nnet-fast.cc:373) Scale parameters are  [
  0.98006 0.836723 0.906414 1.01603 ]

LOG (nnet-combine-fast[5.5.1137~1-51744]:FastNnetCombiner():combine-nnet-fast.cc:152) Combining nnets, objf per frame changed from -2.75106 to -2.74679
LOG (nnet-combine-fast[5.5.1137~1-51744]:main():nnet-combine-fast.cc:124) Finished combining neural nets, wrote model to exp_FG/DNN_tri_8_2000_aligned_layer3_nodes256/26.mdl
# Accounting: time=1 threads=1
# Ended (code 0) at Wed Aug 28 00:43:53 IST 2024, elapsed time 1 seconds
