# nnet-subset-egs --n=2000 --randomize-order=true --srand=15 ark:exp_FG/DNN_tri_8_2000_aligned_layer3_nodes256/egs/train_diagnostic.egs ark:- | nnet-combine-fast --use-gpu=no --num-threads=16 --verbose=3 --minibatch-size=125 exp_FG/DNN_tri_8_2000_aligned_layer3_nodes256/16.mdl ark:- exp_FG/DNN_tri_8_2000_aligned_layer3_nodes256/16.mdl 
# Started at Wed Aug 28 00:33:24 IST 2024
#
nnet-subset-egs --n=2000 --randomize-order=true --srand=15 ark:exp_FG/DNN_tri_8_2000_aligned_layer3_nodes256/egs/train_diagnostic.egs ark:- 
nnet-combine-fast --use-gpu=no --num-threads=16 --verbose=3 --minibatch-size=125 exp_FG/DNN_tri_8_2000_aligned_layer3_nodes256/16.mdl ark:- exp_FG/DNN_tri_8_2000_aligned_layer3_nodes256/16.mdl 
LOG (nnet-subset-egs[5.5.1137~1-51744]:main():nnet-subset-egs.cc:93) Selected a subset of 2000 out of 4000 neural-network training examples 
LOG (nnet-combine-fast[5.5.1137~1-51744]:main():nnet-combine-fast.cc:108) Read 2000 examples from the validation set.
VLOG[3] (nnet-combine-fast[5.5.1137~1-51744]:Propagate():nnet-update.cc:114) Stddev of data for component 0 for this minibatch is 182.163
VLOG[3] (nnet-combine-fast[5.5.1137~1-51744]:Propagate():nnet-update.cc:114) Stddev of data for component 0 for this minibatch is 198.762
VLOG[3] (nnet-combine-fast[5.5.1137~1-51744]:Propagate():nnet-update.cc:114) Stddev of data for component 0 for this minibatch is 193.181
VLOG[3] (nnet-combine-fast[5.5.1137~1-51744]:Propagate():nnet-update.cc:114) Stddev of data for component 0 for this minibatch is 191.799
VLOG[3] (nnet-combine-fast[5.5.1137~1-51744]:Propagate():nnet-update.cc:114) Stddev of data for component 0 for this minibatch is 192.36
VLOG[3] (nnet-combine-fast[5.5.1137~1-51744]:Propagate():nnet-update.cc:114) Stddev of data for component 0 for this minibatch is 199.701
VLOG[3] (nnet-combine-fast[5.5.1137~1-51744]:Propagate():nnet-update.cc:114) Stddev of data for component 0 for this minibatch is 169.702
VLOG[3] (nnet-combine-fast[5.5.1137~1-51744]:Propagate():nnet-update.cc:114) Stddev of data for component 1 for this minibatch is 192.36
VLOG[3] (nnet-combine-fast[5.5.1137~1-51744]:Propagate():nnet-update.cc:114) Stddev of data for component 1 for this minibatch is 169.702
VLOG[3] (nnet-combine-fast[5.5.1137~1-51744]:Propagate():nnet-update.cc:114) Stddev of data for component 1 for this minibatch is 198.762
VLOG[3] (nnet-combine-fast[5.5.1137~1-51744]:Propagate():nnet-update.cc:114) Stddev of data for component 0 for this minibatch is 197.505
VLOG[3] (nnet-combine-fast[5.5.1137~1-51744]:Propagate():nnet-update.cc:114) Stddev of data for component 2 for this minibatch is 0.110513
VLOG[3] (nnet-combine-fast[5.5.1137~1-51744]:Propagate():nnet-update.cc:114) Stddev of data for component 1 for this minibatch is 191.799
VLOG[3] (nnet-combine-fast[5.5.1137~1-51744]:Propagate():nnet-update.cc:114) Stddev of data for component 2 for this minibatch is 0.0957515
VLOG[3] (nnet-combine-fast[5.5.1137~1-51744]:Propagate():nnet-update.cc:114) Stddev of data for component 1 for this minibatch is 193.181
VLOG[3] (nnet-combine-fast[5.5.1137~1-51744]:Propagate():nnet-update.cc:114) Stddev of data for component 2 for this minibatch is 0.110459
VLOG[3] (nnet-combine-fast[5.5.1137~1-51744]:Propagate():nnet-update.cc:114) Stddev of data for component 1 for this minibatch is 199.701
VLOG[3] (nnet-combine-fast[5.5.1137~1-51744]:Propagate():nnet-update.cc:114) Stddev of data for component 2 for this minibatch is 0.117666
VLOG[3] (nnet-combine-fast[5.5.1137~1-51744]:Propagate():nnet-update.cc:114) Stddev of data for component 0 for this minibatch is 175.169
VLOG[3] (nnet-combine-fast[5.5.1137~1-51744]:Propagate():nnet-update.cc:114) Stddev of data for component 3 for this minibatch is 4.72666
VLOG[3] (nnet-combine-fast[5.5.1137~1-51744]:Propagate():nnet-update.cc:114) Stddev of data for component 2 for this minibatch is 0.111051
VLOG[3] (nnet-combine-fast[5.5.1137~1-51744]:Propagate():nnet-update.cc:114) Stddev of data for component 1 for this minibatch is 175.169
VLOG[3] (nnet-combine-fast[5.5.1137~1-51744]:Propagate():nnet-update.cc:114) Stddev of data for component 3 for this minibatch is 4.82467
VLOG[3] (nnet-combine-fast[5.5.1137~1-51744]:Propagate():nnet-update.cc:114) Stddev of data for component 3 for this minibatch is 4.69189
VLOG[3] (nnet-combine-fast[5.5.1137~1-51744]:Propagate():nnet-update.cc:114) Stddev of data for component 2 for this minibatch is 0.100096
VLOG[3] (nnet-combine-fast[5.5.1137~1-51744]:Propagate():nnet-update.cc:114) Stddev of data for component 4 for this minibatch is 0.661156
VLOG[3] (nnet-combine-fast[5.5.1137~1-51744]:Propagate():nnet-update.cc:114) Stddev of data for component 4 for this minibatch is 0.665979
VLOG[3] (nnet-combine-fast[5.5.1137~1-51744]:Propagate():nnet-update.cc:114) Stddev of data for component 3 for this minibatch is 4.24838
VLOG[3] (nnet-combine-fast[5.5.1137~1-51744]:Propagate():nnet-update.cc:114) Stddev of data for component 5 for this minibatch is 15.0005
VLOG[3] (nnet-combine-fast[5.5.1137~1-51744]:Propagate():nnet-update.cc:114) Stddev of data for component 4 for this minibatch is 0.664829
VLOG[3] (nnet-combine-fast[5.5.1137~1-51744]:Propagate():nnet-update.cc:114) Stddev of data for component 5 for this minibatch is 14.8297
VLOG[3] (nnet-combine-fast[5.5.1137~1-51744]:Propagate():nnet-update.cc:114) Stddev of data for component 5 for this minibatch is 14.8978
VLOG[3] (nnet-combine-fast[5.5.1137~1-51744]:Propagate():nnet-update.cc:114) Stddev of data for component 6 for this minibatch is 0.840036
VLOG[3] (nnet-combine-fast[5.5.1137~1-51744]:Propagate():nnet-update.cc:114) Stddev of data for component 4 for this minibatch is 0.644457
VLOG[3] (nnet-combine-fast[5.5.1137~1-51744]:Propagate():nnet-update.cc:114) Stddev of data for component 6 for this minibatch is 0.840525
VLOG[3] (nnet-combine-fast[5.5.1137~1-51744]:Propagate():nnet-update.cc:114) Stddev of data for component 7 for this minibatch is 9.63323
VLOG[3] (nnet-combine-fast[5.5.1137~1-51744]:Propagate():nnet-update.cc:114) Stddev of data for component 5 for this minibatch is 14.3286
VLOG[3] (nnet-combine-fast[5.5.1137~1-51744]:Propagate():nnet-update.cc:114) Stddev of data for component 6 for this minibatch is 0.838076
VLOG[3] (nnet-combine-fast[5.5.1137~1-51744]:Propagate():nnet-update.cc:114) Stddev of data for component 7 for this minibatch is 9.41886
VLOG[3] (nnet-combine-fast[5.5.1137~1-51744]:Propagate():nnet-update.cc:114) Stddev of data for component 7 for this minibatch is 9.5754
VLOG[3] (nnet-combine-fast[5.5.1137~1-51744]:Propagate():nnet-update.cc:114) Stddev of data for component 6 for this minibatch is 0.832874
VLOG[3] (nnet-combine-fast[5.5.1137~1-51744]:Propagate():nnet-update.cc:114) Stddev of data for component 1 for this minibatch is 197.504
VLOG[3] (nnet-combine-fast[5.5.1137~1-51744]:Propagate():nnet-update.cc:114) Stddev of data for component 3 for this minibatch is 4.57552
VLOG[3] (nnet-combine-fast[5.5.1137~1-51744]:Propagate():nnet-update.cc:114) Stddev of data for component 0 for this minibatch is 183.074
VLOG[3] (nnet-combine-fast[5.5.1137~1-51744]:Propagate():nnet-update.cc:114) Stddev of data for component 0 for this minibatch is 164.674
VLOG[3] (nnet-combine-fast[5.5.1137~1-51744]:Propagate():nnet-update.cc:114) Stddev of data for component 2 for this minibatch is 0.109368
VLOG[3] (nnet-combine-fast[5.5.1137~1-51744]:Propagate():nnet-update.cc:114) Stddev of data for component 1 for this minibatch is 183.074
VLOG[3] (nnet-combine-fast[5.5.1137~1-51744]:Propagate():nnet-update.cc:114) Stddev of data for component 1 for this minibatch is 164.674
VLOG[3] (nnet-combine-fast[5.5.1137~1-51744]:Propagate():nnet-update.cc:114) Stddev of data for component 3 for this minibatch is 4.65146
VLOG[3] (nnet-combine-fast[5.5.1137~1-51744]:Propagate():nnet-update.cc:114) Stddev of data for component 2 for this minibatch is 0.104283
VLOG[3] (nnet-combine-fast[5.5.1137~1-51744]:Propagate():nnet-update.cc:114) Stddev of data for component 2 for this minibatch is 0.106767
VLOG[3] (nnet-combine-fast[5.5.1137~1-51744]:Propagate():nnet-update.cc:114) Stddev of data for component 3 for this minibatch is 4.3107
VLOG[3] (nnet-combine-fast[5.5.1137~1-51744]:Propagate():nnet-update.cc:114) Stddev of data for component 3 for this minibatch is 4.35421
VLOG[3] (nnet-combine-fast[5.5.1137~1-51744]:Propagate():nnet-update.cc:114) Stddev of data for component 4 for this minibatch is 0.665326
VLOG[3] (nnet-combine-fast[5.5.1137~1-51744]:Propagate():nnet-update.cc:114) Stddev of data for component 5 for this minibatch is 15.0248
VLOG[3] (nnet-combine-fast[5.5.1137~1-51744]:Propagate():nnet-update.cc:114) Stddev of data for component 4 for this minibatch is 0.65018
VLOG[3] (nnet-combine-fast[5.5.1137~1-51744]:Propagate():nnet-update.cc:114) Stddev of data for component 4 for this minibatch is 0.648548
VLOG[3] (nnet-combine-fast[5.5.1137~1-51744]:Propagate():nnet-update.cc:114) Stddev of data for component 5 for this minibatch is 14.6784
VLOG[3] (nnet-combine-fast[5.5.1137~1-51744]:Propagate():nnet-update.cc:114) Stddev of data for component 6 for this minibatch is 0.839648
VLOG[3] (nnet-combine-fast[5.5.1137~1-51744]:Propagate():nnet-update.cc:114) Stddev of data for component 5 for this minibatch is 14.9397
VLOG[3] (nnet-combine-fast[5.5.1137~1-51744]:Propagate():nnet-update.cc:114) Stddev of data for component 7 for this minibatch is 9.80472
VLOG[3] (nnet-combine-fast[5.5.1137~1-51744]:Propagate():nnet-update.cc:114) Stddev of data for component 6 for this minibatch is 0.832763
VLOG[3] (nnet-combine-fast[5.5.1137~1-51744]:Propagate():nnet-update.cc:114) Stddev of data for component 6 for this minibatch is 0.835005
VLOG[3] (nnet-combine-fast[5.5.1137~1-51744]:Propagate():nnet-update.cc:114) Stddev of data for component 3 for this minibatch is 4.1612
VLOG[3] (nnet-combine-fast[5.5.1137~1-51744]:Propagate():nnet-update.cc:114) Stddev of data for component 2 for this minibatch is 0.10923
VLOG[3] (nnet-combine-fast[5.5.1137~1-51744]:Propagate():nnet-update.cc:114) Stddev of data for component 1 for this minibatch is 182.163
VLOG[3] (nnet-combine-fast[5.5.1137~1-51744]:Propagate():nnet-update.cc:114) Stddev of data for component 7 for this minibatch is 9.73727
VLOG[3] (nnet-combine-fast[5.5.1137~1-51744]:Propagate():nnet-update.cc:114) Stddev of data for component 4 for this minibatch is 0.657473
VLOG[3] (nnet-combine-fast[5.5.1137~1-51744]:Propagate():nnet-update.cc:114) Stddev of data for component 8 for this minibatch is 0.797272
VLOG[3] (nnet-combine-fast[5.5.1137~1-51744]:Propagate():nnet-update.cc:114) Stddev of data for component 0 for this minibatch is 172.366
VLOG[3] (nnet-combine-fast[5.5.1137~1-51744]:Propagate():nnet-update.cc:114) Stddev of data for component 5 for this minibatch is 15.266
VLOG[3] (nnet-combine-fast[5.5.1137~1-51744]:Propagate():nnet-update.cc:114) Stddev of data for component 1 for this minibatch is 172.366
VLOG[3] (nnet-combine-fast[5.5.1137~1-51744]:Propagate():nnet-update.cc:114) Stddev of data for component 6 for this minibatch is 0.837154
VLOG[3] (nnet-combine-fast[5.5.1137~1-51744]:Propagate():nnet-update.cc:114) Stddev of data for component 2 for this minibatch is 0.106183
VLOG[3] (nnet-combine-fast[5.5.1137~1-51744]:Propagate():nnet-update.cc:114) Stddev of data for component 7 for this minibatch is 9.86512
VLOG[3] (nnet-combine-fast[5.5.1137~1-51744]:Propagate():nnet-update.cc:114) Stddev of data for component 3 for this minibatch is 4.35649
VLOG[3] (nnet-combine-fast[5.5.1137~1-51744]:Propagate():nnet-update.cc:114) Stddev of data for component 4 for this minibatch is 0.653852
VLOG[3] (nnet-combine-fast[5.5.1137~1-51744]:Propagate():nnet-update.cc:114) Stddev of data for component 5 for this minibatch is 14.5627
VLOG[3] (nnet-combine-fast[5.5.1137~1-51744]:Propagate():nnet-update.cc:114) Stddev of data for component 7 for this minibatch is 9.72738
VLOG[3] (nnet-combine-fast[5.5.1137~1-51744]:Propagate():nnet-update.cc:114) Stddev of data for component 0 for this minibatch is 188.424
VLOG[3] (nnet-combine-fast[5.5.1137~1-51744]:Propagate():nnet-update.cc:114) Stddev of data for component 1 for this minibatch is 188.424
VLOG[3] (nnet-combine-fast[5.5.1137~1-51744]:Propagate():nnet-update.cc:114) Stddev of data for component 2 for this minibatch is 0.106601
VLOG[3] (nnet-combine-fast[5.5.1137~1-51744]:Propagate():nnet-update.cc:114) Stddev of data for component 3 for this minibatch is 4.64125
VLOG[3] (nnet-combine-fast[5.5.1137~1-51744]:Propagate():nnet-update.cc:114) Stddev of data for component 9 for this minibatch is 6.0012
VLOG[3] (nnet-combine-fast[5.5.1137~1-51744]:Propagate():nnet-update.cc:114) Stddev of data for component 4 for this minibatch is 0.663016
VLOG[3] (nnet-combine-fast[5.5.1137~1-51744]:Propagate():nnet-update.cc:114) Stddev of data for component 0 for this minibatch is 185.684
VLOG[3] (nnet-combine-fast[5.5.1137~1-51744]:Propagate():nnet-update.cc:114) Stddev of data for component 6 for this minibatch is 0.841988
VLOG[3] (nnet-combine-fast[5.5.1137~1-51744]:Propagate():nnet-update.cc:114) Stddev of data for component 5 for this minibatch is 14.983
VLOG[3] (nnet-combine-fast[5.5.1137~1-51744]:Propagate():nnet-update.cc:114) Stddev of data for component 1 for this minibatch is 185.684
VLOG[3] (nnet-combine-fast[5.5.1137~1-51744]:Propagate():nnet-update.cc:114) Stddev of data for component 7 for this minibatch is 9.5555
VLOG[3] (nnet-combine-fast[5.5.1137~1-51744]:Propagate():nnet-update.cc:114) Stddev of data for component 2 for this minibatch is 0.110165
VLOG[3] (nnet-combine-fast[5.5.1137~1-51744]:Propagate():nnet-update.cc:114) Stddev of data for component 6 for this minibatch is 0.841575
VLOG[3] (nnet-combine-fast[5.5.1137~1-51744]:Propagate():nnet-update.cc:114) Stddev of data for component 3 for this minibatch is 4.7203
VLOG[3] (nnet-combine-fast[5.5.1137~1-51744]:Propagate():nnet-update.cc:114) Stddev of data for component 7 for this minibatch is 9.98317
VLOG[3] (nnet-combine-fast[5.5.1137~1-51744]:Propagate():nnet-update.cc:114) Stddev of data for component 8 for this minibatch is 0.796173
VLOG[3] (nnet-combine-fast[5.5.1137~1-51744]:Propagate():nnet-update.cc:114) Stddev of data for component 4 for this minibatch is 0.6651
VLOG[3] (nnet-combine-fast[5.5.1137~1-51744]:Propagate():nnet-update.cc:114) Stddev of data for component 8 for this minibatch is 0.798284
VLOG[3] (nnet-combine-fast[5.5.1137~1-51744]:Propagate():nnet-update.cc:114) Stddev of data for component 5 for this minibatch is 14.8462
VLOG[3] (nnet-combine-fast[5.5.1137~1-51744]:Propagate():nnet-update.cc:114) Stddev of data for component 6 for this minibatch is 0.835357
VLOG[3] (nnet-combine-fast[5.5.1137~1-51744]:Propagate():nnet-update.cc:114) Stddev of data for component 7 for this minibatch is 9.7294
VLOG[2] (nnet-combine-fast[5.5.1137~1-51744]:DoBackpropParallel():nnet-update-parallel.cc:264) Did backprop on 2000 examples, average log-prob per frame is -2.86362
LOG (nnet-combine-fast[5.5.1137~1-51744]:GetInitialModel():combine-nnet-fast.cc:403) Objective functions for the source neural nets are  [ -2.86362 ]

LOG (nnet-combine-fast[5.5.1137~1-51744]:GetInitialParams():combine-nnet-fast.cc:282) Initializing with neural net with index 0
VLOG[2] (nnet-combine-fast[5.5.1137~1-51744]:DoBackpropParallel():nnet-update-parallel.cc:264) Did backprop on 2000 examples, average log-prob per frame is -2.86362
VLOG[2] (nnet-combine-fast[5.5.1137~1-51744]:ComputeObjfAndGradient():combine-nnet-fast.cc:347) Objf is -2.86362, raw gradient is  [ -0.0219778 -0.0362092 -0.0467282 -0.0571292 ]

VLOG[2] (nnet-combine-fast[5.5.1137~1-51744]:DoBackpropParallel():nnet-update-parallel.cc:264) Did backprop on 2000 examples, average log-prob per frame is -2.8542
VLOG[2] (nnet-combine-fast[5.5.1137~1-51744]:ComputeObjfAndGradient():combine-nnet-fast.cc:347) Objf is -2.8542, raw gradient is  [ -0.0211993 -0.0316804 -0.0353368 -0.0221766 ]

VLOG[3] (nnet-combine-fast[5.5.1137~1-51744]:StepSizeIteration():optimization.cc:240) In step size iteration, function value changed -2.86362 to -2.8542
VLOG[3] (nnet-combine-fast[5.5.1137~1-51744]:StepSizeIteration():optimization.cc:323) d = 2, iter = 0, action = accept
VLOG[3] (nnet-combine-fast[5.5.1137~1-51744]:AcceptStep():optimization.cc:194) Accepted step; length was 0.075914, prod was -0.00163704
VLOG[2] (nnet-combine-fast[5.5.1137~1-51744]:DoBackpropParallel():nnet-update-parallel.cc:264) Did backprop on 2000 examples, average log-prob per frame is -9.55306
VLOG[2] (nnet-combine-fast[5.5.1137~1-51744]:ComputeObjfAndGradient():combine-nnet-fast.cc:347) Objf is -9.55306, raw gradient is  [ -0.373738 2.13794 -35.1127 -2.03883 ]

VLOG[3] (nnet-combine-fast[5.5.1137~1-51744]:StepSizeIteration():optimization.cc:240) In step size iteration, function value changed -2.8542 to -9.55306
VLOG[3] (nnet-combine-fast[5.5.1137~1-51744]:StepSizeIteration():optimization.cc:323) d = 2, iter = 1, action = decrease
VLOG[2] (nnet-combine-fast[5.5.1137~1-51744]:DoBackpropParallel():nnet-update-parallel.cc:264) Did backprop on 2000 examples, average log-prob per frame is -3.18762
VLOG[2] (nnet-combine-fast[5.5.1137~1-51744]:ComputeObjfAndGradient():combine-nnet-fast.cc:347) Objf is -3.18762, raw gradient is  [ 0.459426 2.85797 1.1155 0.484187 ]

VLOG[3] (nnet-combine-fast[5.5.1137~1-51744]:StepSizeIteration():optimization.cc:240) In step size iteration, function value changed -2.8542 to -3.18762
VLOG[3] (nnet-combine-fast[5.5.1137~1-51744]:StepSizeIteration():optimization.cc:323) d = 2, iter = 1, action = decrease
VLOG[2] (nnet-combine-fast[5.5.1137~1-51744]:DoBackpropParallel():nnet-update-parallel.cc:264) Did backprop on 2000 examples, average log-prob per frame is -2.85411
VLOG[2] (nnet-combine-fast[5.5.1137~1-51744]:ComputeObjfAndGradient():combine-nnet-fast.cc:347) Objf is -2.85411, raw gradient is  [ 0.0329961 0.0938753 0.0573557 0.0633489 ]

VLOG[3] (nnet-combine-fast[5.5.1137~1-51744]:StepSizeIteration():optimization.cc:240) In step size iteration, function value changed -2.8542 to -2.85411
VLOG[3] (nnet-combine-fast[5.5.1137~1-51744]:StepSizeIteration():optimization.cc:323) d = 2, iter = 1, action = accept
VLOG[3] (nnet-combine-fast[5.5.1137~1-51744]:AcceptStep():optimization.cc:194) Accepted step; length was 0.155958, prod was -0.0563632
VLOG[2] (nnet-combine-fast[5.5.1137~1-51744]:DoBackpropParallel():nnet-update-parallel.cc:264) Did backprop on 2000 examples, average log-prob per frame is -2.84945
VLOG[2] (nnet-combine-fast[5.5.1137~1-51744]:ComputeObjfAndGradient():combine-nnet-fast.cc:347) Objf is -2.84945, raw gradient is  [ -0.00958946 -0.0228682 -0.0208844 -0.0166106 ]

VLOG[3] (nnet-combine-fast[5.5.1137~1-51744]:StepSizeIteration():optimization.cc:240) In step size iteration, function value changed -2.85411 to -2.84945
VLOG[3] (nnet-combine-fast[5.5.1137~1-51744]:StepSizeIteration():optimization.cc:323) d = 2, iter = 2, action = accept
VLOG[3] (nnet-combine-fast[5.5.1137~1-51744]:AcceptStep():optimization.cc:194) Accepted step; length was 0.103924, prod was -0.0356166
VLOG[2] (nnet-combine-fast[5.5.1137~1-51744]:DoBackpropParallel():nnet-update-parallel.cc:264) Did backprop on 2000 examples, average log-prob per frame is -2.84812
VLOG[2] (nnet-combine-fast[5.5.1137~1-51744]:ComputeObjfAndGradient():combine-nnet-fast.cc:347) Objf is -2.84812, raw gradient is  [ -0.00430555 -0.0143212 -0.00875688 -0.0041722 ]

VLOG[3] (nnet-combine-fast[5.5.1137~1-51744]:StepSizeIteration():optimization.cc:240) In step size iteration, function value changed -2.84945 to -2.84812
VLOG[3] (nnet-combine-fast[5.5.1137~1-51744]:StepSizeIteration():optimization.cc:323) d = 2, iter = 3, action = accept
VLOG[3] (nnet-combine-fast[5.5.1137~1-51744]:AcceptStep():optimization.cc:194) Accepted step; length was 0.0237436, prod was -0.000747101
VLOG[2] (nnet-combine-fast[5.5.1137~1-51744]:DoBackpropParallel():nnet-update-parallel.cc:264) Did backprop on 2000 examples, average log-prob per frame is -2.84786
VLOG[2] (nnet-combine-fast[5.5.1137~1-51744]:ComputeObjfAndGradient():combine-nnet-fast.cc:347) Objf is -2.84786, raw gradient is  [ 0.00507458 0.0140514 0.00504001 0.00917173 ]

VLOG[3] (nnet-combine-fast[5.5.1137~1-51744]:StepSizeIteration():optimization.cc:240) In step size iteration, function value changed -2.84812 to -2.84786
VLOG[3] (nnet-combine-fast[5.5.1137~1-51744]:StepSizeIteration():optimization.cc:323) d = 2, iter = 4, action = accept
VLOG[3] (nnet-combine-fast[5.5.1137~1-51744]:AcceptStep():optimization.cc:194) Accepted step; length was 0.035417, prod was -0.00297269
VLOG[2] (nnet-combine-fast[5.5.1137~1-51744]:DoBackpropParallel():nnet-update-parallel.cc:264) Did backprop on 2000 examples, average log-prob per frame is -2.84761
VLOG[2] (nnet-combine-fast[5.5.1137~1-51744]:ComputeObjfAndGradient():combine-nnet-fast.cc:347) Objf is -2.84761, raw gradient is  [ -0.000155878 -0.00270318 -0.000485688 0.00229854 ]

VLOG[3] (nnet-combine-fast[5.5.1137~1-51744]:StepSizeIteration():optimization.cc:240) In step size iteration, function value changed -2.84786 to -2.84761
VLOG[3] (nnet-combine-fast[5.5.1137~1-51744]:StepSizeIteration():optimization.cc:323) d = 2, iter = 5, action = accept
VLOG[3] (nnet-combine-fast[5.5.1137~1-51744]:AcceptStep():optimization.cc:194) Accepted step; length was 0.0167114, prod was -0.000849537
VLOG[2] (nnet-combine-fast[5.5.1137~1-51744]:DoBackpropParallel():nnet-update-parallel.cc:264) Did backprop on 2000 examples, average log-prob per frame is -2.8476
VLOG[2] (nnet-combine-fast[5.5.1137~1-51744]:ComputeObjfAndGradient():combine-nnet-fast.cc:347) Objf is -2.8476, raw gradient is  [ 0.000428131 -0.000346676 0.000220291 0.00256661 ]

VLOG[3] (nnet-combine-fast[5.5.1137~1-51744]:StepSizeIteration():optimization.cc:240) In step size iteration, function value changed -2.84761 to -2.8476
VLOG[3] (nnet-combine-fast[5.5.1137~1-51744]:StepSizeIteration():optimization.cc:323) d = 2, iter = 6, action = accept
VLOG[3] (nnet-combine-fast[5.5.1137~1-51744]:AcceptStep():optimization.cc:194) Accepted step; length was 0.00301048, prod was -2.10546e-05
LOG (nnet-combine-fast[5.5.1137~1-51744]:ComputeCurrentNnet():combine-nnet-fast.cc:373) Scale parameters are  [
  0.967681 0.688461 0.733965 1.04536 ]

LOG (nnet-combine-fast[5.5.1137~1-51744]:FastNnetCombiner():combine-nnet-fast.cc:152) Combining nnets, objf per frame changed from -2.86362 to -2.8476
LOG (nnet-combine-fast[5.5.1137~1-51744]:main():nnet-combine-fast.cc:124) Finished combining neural nets, wrote model to exp_FG/DNN_tri_8_2000_aligned_layer3_nodes256/16.mdl
# Accounting: time=2 threads=1
# Ended (code 0) at Wed Aug 28 00:33:26 IST 2024, elapsed time 2 seconds
