# nnet-shuffle-egs --buffer-size=5000 --srand=1 ark:exp_FG/DNN_tri_8_2000_aligned_layer3_nodes256/egs/egs.3.1.ark ark:- | nnet-train-parallel --num-threads=16 --minibatch-size=128 --srand=1 "nnet-init --srand=1 exp_FG/DNN_tri_8_2000_aligned_layer3_nodes256/hidden.config - | nnet-insert exp_FG/DNN_tri_8_2000_aligned_layer3_nodes256/1.mdl - - |" ark:- exp_FG/DNN_tri_8_2000_aligned_layer3_nodes256/2.3.mdl 
# Started at Wed Aug 28 00:18:04 IST 2024
#
nnet-shuffle-egs --buffer-size=5000 --srand=1 ark:exp_FG/DNN_tri_8_2000_aligned_layer3_nodes256/egs/egs.3.1.ark ark:- 
nnet-train-parallel --num-threads=16 --minibatch-size=128 --srand=1 'nnet-init --srand=1 exp_FG/DNN_tri_8_2000_aligned_layer3_nodes256/hidden.config - | nnet-insert exp_FG/DNN_tri_8_2000_aligned_layer3_nodes256/1.mdl - - |' ark:- exp_FG/DNN_tri_8_2000_aligned_layer3_nodes256/2.3.mdl 
nnet-init --srand=1 exp_FG/DNN_tri_8_2000_aligned_layer3_nodes256/hidden.config - 
nnet-insert exp_FG/DNN_tri_8_2000_aligned_layer3_nodes256/1.mdl - - 
LOG (nnet-init[5.5.1137~1-51744]:main():nnet-init.cc:69) Initialized raw neural net and wrote it to -
LOG (nnet-insert[5.5.1137~1-51744]:main():nnet-insert.cc:106) Inserted 2 components at position 4
LOG (nnet-insert[5.5.1137~1-51744]:main():nnet-insert.cc:122) Randomized component index 6 with stddev 0.00625
LOG (nnet-insert[5.5.1137~1-51744]:main():nnet-insert.cc:132) Write neural-net acoustic model to -
LOG (nnet-train-parallel[5.5.1137~1-51744]:GetScalingFactor():nnet-component.cc:1536) Limiting step size to 10 using scaling factor 0.974072, for component index 6
LOG (nnet-train-parallel[5.5.1137~1-51744]:GetScalingFactor():nnet-component.cc:1536) Limiting step size to 10 using scaling factor 0.978724, for component index 6
LOG (nnet-train-parallel[5.5.1137~1-51744]:GetScalingFactor():nnet-component.cc:1536) Limiting step size to 10 using scaling factor 0.993766, for component index 6
LOG (nnet-train-parallel[5.5.1137~1-51744]:GetScalingFactor():nnet-component.cc:1536) Limiting step size to 10 using scaling factor 0.998266, for component index 6
LOG (nnet-train-parallel[5.5.1137~1-51744]:GetScalingFactor():nnet-component.cc:1536) Limiting step size to 10 using scaling factor 0.99813, for component index 6
LOG (nnet-train-parallel[5.5.1137~1-51744]:GetScalingFactor():nnet-component.cc:1536) Limiting step size to 10 using scaling factor 0.99889, for component index 6
LOG (nnet-train-parallel[5.5.1137~1-51744]:GetScalingFactor():nnet-component.cc:1536) Limiting step size to 10 using scaling factor 0.999206, for component index 6
LOG (nnet-train-parallel[5.5.1137~1-51744]:GetScalingFactor():nnet-component.cc:1536) Limiting step size to 10 using scaling factor 0.995784, for component index 6
LOG (nnet-train-parallel[5.5.1137~1-51744]:GetScalingFactor():nnet-component.cc:1536) Limiting step size to 10 using scaling factor 0.994563, for component index 6
LOG (nnet-train-parallel[5.5.1137~1-51744]:GetScalingFactor():nnet-component.cc:1536) Limiting step size to 10 using scaling factor 0.997074, for component index 6
LOG (nnet-shuffle-egs[5.5.1137~1-51744]:main():nnet-shuffle-egs.cc:104) Shuffled order of 182943 neural-network training examples using a buffer (partial randomization)
LOG (nnet-train-parallel[5.5.1137~1-51744]:DoBackpropParallel():nnet-update-parallel.cc:194) Did backprop on 182943 examples, average log-prob per frame is -3.93225
LOG (nnet-train-parallel[5.5.1137~1-51744]:DoBackpropParallel():nnet-update-parallel.cc:196) [this line is to be parsed by a script:] log-prob-per-frame=-3.93225
LOG (nnet-train-parallel[5.5.1137~1-51744]:main():nnet-train-parallel.cc:102) Finished training, processed 182943 training examples (weighted).  Wrote model to exp_FG/DNN_tri_8_2000_aligned_layer3_nodes256/2.3.mdl
# Accounting: time=54 threads=1
# Ended (code 0) at Wed Aug 28 00:18:58 IST 2024, elapsed time 54 seconds
