# nnet-shuffle-egs --buffer-size=5000 --srand=2 ark:exp_FG/DNN_tri_8_2000_aligned_layer3_nodes256/egs/egs.4.2.ark ark:- | nnet-train-parallel --num-threads=16 --minibatch-size=128 --srand=2 exp_FG/DNN_tri_8_2000_aligned_layer3_nodes256/2.mdl ark:- exp_FG/DNN_tri_8_2000_aligned_layer3_nodes256/3.4.mdl 
# Started at Wed Aug 28 00:18:58 IST 2024
#
nnet-shuffle-egs --buffer-size=5000 --srand=2 ark:exp_FG/DNN_tri_8_2000_aligned_layer3_nodes256/egs/egs.4.2.ark ark:- 
nnet-train-parallel --num-threads=16 --minibatch-size=128 --srand=2 exp_FG/DNN_tri_8_2000_aligned_layer3_nodes256/2.mdl ark:- exp_FG/DNN_tri_8_2000_aligned_layer3_nodes256/3.4.mdl 
LOG (nnet-train-parallel[5.5.1137~1-51744]:GetScalingFactor():nnet-component.cc:1536) Limiting step size to 10 using scaling factor 0.945708, for component index 6
LOG (nnet-train-parallel[5.5.1137~1-51744]:GetScalingFactor():nnet-component.cc:1536) Limiting step size to 10 using scaling factor 0.985925, for component index 6
LOG (nnet-train-parallel[5.5.1137~1-51744]:GetScalingFactor():nnet-component.cc:1536) Limiting step size to 10 using scaling factor 0.974281, for component index 6
LOG (nnet-train-parallel[5.5.1137~1-51744]:GetScalingFactor():nnet-component.cc:1536) Limiting step size to 10 using scaling factor 0.973711, for component index 6
LOG (nnet-train-parallel[5.5.1137~1-51744]:GetScalingFactor():nnet-component.cc:1536) Limiting step size to 10 using scaling factor 0.978861, for component index 6
LOG (nnet-train-parallel[5.5.1137~1-51744]:GetScalingFactor():nnet-component.cc:1536) Limiting step size to 10 using scaling factor 0.98102, for component index 6
LOG (nnet-train-parallel[5.5.1137~1-51744]:GetScalingFactor():nnet-component.cc:1536) Limiting step size to 10 using scaling factor 0.96646, for component index 6
LOG (nnet-train-parallel[5.5.1137~1-51744]:GetScalingFactor():nnet-component.cc:1536) Limiting step size to 10 using scaling factor 0.998658, for component index 6
LOG (nnet-train-parallel[5.5.1137~1-51744]:GetScalingFactor():nnet-component.cc:1536) Limiting step size to 10 using scaling factor 0.991572, for component index 6
LOG (nnet-train-parallel[5.5.1137~1-51744]:GetScalingFactor():nnet-component.cc:1536) Limiting step size to 10 using scaling factor 0.986167, for component index 6
LOG (nnet-shuffle-egs[5.5.1137~1-51744]:main():nnet-shuffle-egs.cc:104) Shuffled order of 182942 neural-network training examples using a buffer (partial randomization)
LOG (nnet-train-parallel[5.5.1137~1-51744]:DoBackpropParallel():nnet-update-parallel.cc:194) Did backprop on 182942 examples, average log-prob per frame is -3.44203
LOG (nnet-train-parallel[5.5.1137~1-51744]:DoBackpropParallel():nnet-update-parallel.cc:196) [this line is to be parsed by a script:] log-prob-per-frame=-3.44203
LOG (nnet-train-parallel[5.5.1137~1-51744]:main():nnet-train-parallel.cc:102) Finished training, processed 182942 training examples (weighted).  Wrote model to exp_FG/DNN_tri_8_2000_aligned_layer3_nodes256/3.4.mdl
# Accounting: time=53 threads=1
# Ended (code 0) at Wed Aug 28 00:19:51 IST 2024, elapsed time 53 seconds
