# nnet-shuffle-egs --buffer-size=5000 --srand=3 ark:exp_FG/DNN_tri_8_2000_aligned_layer3_nodes256/egs/egs.4.3.ark ark:- | nnet-train-parallel --num-threads=16 --minibatch-size=128 --srand=3 "nnet-init --srand=3 exp_FG/DNN_tri_8_2000_aligned_layer3_nodes256/hidden.config - | nnet-insert exp_FG/DNN_tri_8_2000_aligned_layer3_nodes256/3.mdl - - |" ark:- exp_FG/DNN_tri_8_2000_aligned_layer3_nodes256/4.4.mdl 
# Started at Wed Aug 28 00:19:52 IST 2024
#
nnet-train-parallel --num-threads=16 --minibatch-size=128 --srand=3 'nnet-init --srand=3 exp_FG/DNN_tri_8_2000_aligned_layer3_nodes256/hidden.config - | nnet-insert exp_FG/DNN_tri_8_2000_aligned_layer3_nodes256/3.mdl - - |' ark:- exp_FG/DNN_tri_8_2000_aligned_layer3_nodes256/4.4.mdl 
nnet-shuffle-egs --buffer-size=5000 --srand=3 ark:exp_FG/DNN_tri_8_2000_aligned_layer3_nodes256/egs/egs.4.3.ark ark:- 
nnet-init --srand=3 exp_FG/DNN_tri_8_2000_aligned_layer3_nodes256/hidden.config - 
nnet-insert exp_FG/DNN_tri_8_2000_aligned_layer3_nodes256/3.mdl - - 
LOG (nnet-init[5.5.1137~1-51744]:main():nnet-init.cc:69) Initialized raw neural net and wrote it to -
LOG (nnet-insert[5.5.1137~1-51744]:main():nnet-insert.cc:106) Inserted 2 components at position 6
LOG (nnet-insert[5.5.1137~1-51744]:main():nnet-insert.cc:122) Randomized component index 8 with stddev 0.00625
LOG (nnet-insert[5.5.1137~1-51744]:main():nnet-insert.cc:132) Write neural-net acoustic model to -
LOG (nnet-train-parallel[5.5.1137~1-51744]:GetScalingFactor():nnet-component.cc:1536) Limiting step size to 10 using scaling factor 0.999868, for component index 8
LOG (nnet-train-parallel[5.5.1137~1-51744]:GetScalingFactor():nnet-component.cc:1536) Limiting step size to 10 using scaling factor 0.984857, for component index 8
LOG (nnet-train-parallel[5.5.1137~1-51744]:GetScalingFactor():nnet-component.cc:1536) Limiting step size to 10 using scaling factor 0.99655, for component index 8
LOG (nnet-train-parallel[5.5.1137~1-51744]:GetScalingFactor():nnet-component.cc:1536) Limiting step size to 10 using scaling factor 0.99114, for component index 8
LOG (nnet-train-parallel[5.5.1137~1-51744]:GetScalingFactor():nnet-component.cc:1536) Limiting step size to 10 using scaling factor 0.976044, for component index 8
LOG (nnet-train-parallel[5.5.1137~1-51744]:GetScalingFactor():nnet-component.cc:1536) Limiting step size to 10 using scaling factor 0.971435, for component index 8
LOG (nnet-train-parallel[5.5.1137~1-51744]:GetScalingFactor():nnet-component.cc:1536) Limiting step size to 10 using scaling factor 0.995641, for component index 8
LOG (nnet-train-parallel[5.5.1137~1-51744]:GetScalingFactor():nnet-component.cc:1536) Limiting step size to 10 using scaling factor 0.971096, for component index 8
LOG (nnet-train-parallel[5.5.1137~1-51744]:GetScalingFactor():nnet-component.cc:1536) Limiting step size to 10 using scaling factor 0.997509, for component index 8
LOG (nnet-train-parallel[5.5.1137~1-51744]:GetScalingFactor():nnet-component.cc:1536) Limiting step size to 10 using scaling factor 0.997505, for component index 8
LOG (nnet-shuffle-egs[5.5.1137~1-51744]:main():nnet-shuffle-egs.cc:104) Shuffled order of 182942 neural-network training examples using a buffer (partial randomization)
LOG (nnet-train-parallel[5.5.1137~1-51744]:DoBackpropParallel():nnet-update-parallel.cc:194) Did backprop on 182942 examples, average log-prob per frame is -3.85249
LOG (nnet-train-parallel[5.5.1137~1-51744]:DoBackpropParallel():nnet-update-parallel.cc:196) [this line is to be parsed by a script:] log-prob-per-frame=-3.85249
LOG (nnet-train-parallel[5.5.1137~1-51744]:main():nnet-train-parallel.cc:102) Finished training, processed 182942 training examples (weighted).  Wrote model to exp_FG/DNN_tri_8_2000_aligned_layer3_nodes256/4.4.mdl
# Accounting: time=61 threads=1
# Ended (code 0) at Wed Aug 28 00:20:53 IST 2024, elapsed time 61 seconds
