# gmm-acc-stats-ali exp_FG/tri_8_2000/7.mdl "ark,s,cs:apply-cmvn  --utt2spk=ark:data/train/split2/2/utt2spk scp:data/train/split2/2/cmvn.scp scp:data/train/split2/2/feats.scp ark:- | add-deltas  ark:- ark:- |" "ark,s,cs:gunzip -c exp_FG/tri_8_2000/ali.2.gz|" exp_FG/tri_8_2000/7.2.acc 
# Started at Mon Jul  8 09:44:06 IST 2024
#
gmm-acc-stats-ali exp_FG/tri_8_2000/7.mdl 'ark,s,cs:apply-cmvn  --utt2spk=ark:data/train/split2/2/utt2spk scp:data/train/split2/2/cmvn.scp scp:data/train/split2/2/feats.scp ark:- | add-deltas  ark:- ark:- |' 'ark,s,cs:gunzip -c exp_FG/tri_8_2000/ali.2.gz|' exp_FG/tri_8_2000/7.2.acc 
apply-cmvn --utt2spk=ark:data/train/split2/2/utt2spk scp:data/train/split2/2/cmvn.scp scp:data/train/split2/2/feats.scp ark:- 
add-deltas ark:- ark:- 
LOG (gmm-acc-stats-ali[5.5.1139~1-67548]:main():gmm-acc-stats-ali.cc:105) Processed 50 utterances; for utterance MPK143 avg. like is -87.5342 over 120 frames.
LOG (gmm-acc-stats-ali[5.5.1139~1-67548]:main():gmm-acc-stats-ali.cc:105) Processed 100 utterances; for utterance MPK189 avg. like is -86.3217 over 109 frames.
LOG (gmm-acc-stats-ali[5.5.1139~1-67548]:main():gmm-acc-stats-ali.cc:105) Processed 150 utterances; for utterance MPK233 avg. like is -90.7141 over 282 frames.
LOG (gmm-acc-stats-ali[5.5.1139~1-67548]:main():gmm-acc-stats-ali.cc:105) Processed 200 utterances; for utterance MPK279 avg. like is -89.4193 over 248 frames.
LOG (gmm-acc-stats-ali[5.5.1139~1-67548]:main():gmm-acc-stats-ali.cc:105) Processed 250 utterances; for utterance MPK60 avg. like is -82.7852 over 235 frames.
LOG (gmm-acc-stats-ali[5.5.1139~1-67548]:main():gmm-acc-stats-ali.cc:105) Processed 300 utterances; for utterance MPR105 avg. like is -96.4641 over 232 frames.
LOG (gmm-acc-stats-ali[5.5.1139~1-67548]:main():gmm-acc-stats-ali.cc:105) Processed 350 utterances; for utterance MPR150 avg. like is -95.3616 over 59 frames.
LOG (gmm-acc-stats-ali[5.5.1139~1-67548]:main():gmm-acc-stats-ali.cc:105) Processed 400 utterances; for utterance MPR196 avg. like is -94.9815 over 45 frames.
LOG (gmm-acc-stats-ali[5.5.1139~1-67548]:main():gmm-acc-stats-ali.cc:105) Processed 450 utterances; for utterance MPR240 avg. like is -87.264 over 288 frames.
LOG (gmm-acc-stats-ali[5.5.1139~1-67548]:main():gmm-acc-stats-ali.cc:105) Processed 500 utterances; for utterance MPR286 avg. like is -89.7759 over 302 frames.
LOG (gmm-acc-stats-ali[5.5.1139~1-67548]:main():gmm-acc-stats-ali.cc:105) Processed 550 utterances; for utterance MPR68 avg. like is -92.383 over 327 frames.
LOG (gmm-acc-stats-ali[5.5.1139~1-67548]:main():gmm-acc-stats-ali.cc:105) Processed 600 utterances; for utterance MRA112 avg. like is -89.9528 over 70 frames.
LOG (gmm-acc-stats-ali[5.5.1139~1-67548]:main():gmm-acc-stats-ali.cc:105) Processed 650 utterances; for utterance MRA158 avg. like is -87.6181 over 60 frames.
LOG (gmm-acc-stats-ali[5.5.1139~1-67548]:main():gmm-acc-stats-ali.cc:105) Processed 700 utterances; for utterance MRA202 avg. like is -99.1222 over 71 frames.
LOG (gmm-acc-stats-ali[5.5.1139~1-67548]:main():gmm-acc-stats-ali.cc:105) Processed 750 utterances; for utterance MRA248 avg. like is -86.2727 over 264 frames.
LOG (gmm-acc-stats-ali[5.5.1139~1-67548]:main():gmm-acc-stats-ali.cc:105) Processed 800 utterances; for utterance MRA3 avg. like is -80.1618 over 213 frames.
LOG (gmm-acc-stats-ali[5.5.1139~1-67548]:main():gmm-acc-stats-ali.cc:105) Processed 850 utterances; for utterance MRA75 avg. like is -89.8385 over 408 frames.
LOG (apply-cmvn[5.5.1139~1-67548]:main():apply-cmvn.cc:162) Applied cepstral mean normalization to 876 utterances, errors on 0
LOG (gmm-acc-stats-ali[5.5.1139~1-67548]:main():gmm-acc-stats-ali.cc:112) Done 876 files, 0 with errors.
LOG (gmm-acc-stats-ali[5.5.1139~1-67548]:main():gmm-acc-stats-ali.cc:115) Overall avg like per frame (Gaussian only) = -88.2521 over 192148 frames.
LOG (gmm-acc-stats-ali[5.5.1139~1-67548]:main():gmm-acc-stats-ali.cc:123) Written accs.
# Accounting: time=0 threads=1
# Ended (code 0) at Mon Jul  8 09:44:06 IST 2024, elapsed time 0 seconds
