# gmm-acc-stats-ali exp_FG/tri_8_2000/16.mdl "ark,s,cs:apply-cmvn  --utt2spk=ark:data/train/split2/1/utt2spk scp:data/train/split2/1/cmvn.scp scp:data/train/split2/1/feats.scp ark:- | add-deltas  ark:- ark:- |" "ark,s,cs:gunzip -c exp_FG/tri_8_2000/ali.1.gz|" exp_FG/tri_8_2000/16.1.acc 
# Started at Mon Jul  8 09:44:21 IST 2024
#
gmm-acc-stats-ali exp_FG/tri_8_2000/16.mdl 'ark,s,cs:apply-cmvn  --utt2spk=ark:data/train/split2/1/utt2spk scp:data/train/split2/1/cmvn.scp scp:data/train/split2/1/feats.scp ark:- | add-deltas  ark:- ark:- |' 'ark,s,cs:gunzip -c exp_FG/tri_8_2000/ali.1.gz|' exp_FG/tri_8_2000/16.1.acc 
apply-cmvn --utt2spk=ark:data/train/split2/1/utt2spk scp:data/train/split2/1/cmvn.scp scp:data/train/split2/1/feats.scp ark:- 
add-deltas ark:- ark:- 
LOG (gmm-acc-stats-ali[5.5.1139~1-67548]:main():gmm-acc-stats-ali.cc:105) Processed 50 utterances; for utterance FSI143 avg. like is -80.7147 over 165 frames.
LOG (gmm-acc-stats-ali[5.5.1139~1-67548]:main():gmm-acc-stats-ali.cc:105) Processed 100 utterances; for utterance FSI189 avg. like is -82.1265 over 160 frames.
LOG (gmm-acc-stats-ali[5.5.1139~1-67548]:main():gmm-acc-stats-ali.cc:105) Processed 150 utterances; for utterance FSI233 avg. like is -84.5951 over 274 frames.
LOG (gmm-acc-stats-ali[5.5.1139~1-67548]:main():gmm-acc-stats-ali.cc:105) Processed 200 utterances; for utterance FSI279 avg. like is -80.6174 over 298 frames.
LOG (gmm-acc-stats-ali[5.5.1139~1-67548]:main():gmm-acc-stats-ali.cc:105) Processed 250 utterances; for utterance FSI60 avg. like is -79.0218 over 305 frames.
LOG (gmm-acc-stats-ali[5.5.1139~1-67548]:main():gmm-acc-stats-ali.cc:105) Processed 300 utterances; for utterance FVP105 avg. like is -87.3181 over 250 frames.
LOG (gmm-acc-stats-ali[5.5.1139~1-67548]:main():gmm-acc-stats-ali.cc:105) Processed 350 utterances; for utterance FVP150 avg. like is -83.971 over 126 frames.
LOG (gmm-acc-stats-ali[5.5.1139~1-67548]:main():gmm-acc-stats-ali.cc:105) Processed 400 utterances; for utterance FVP196 avg. like is -79.3133 over 98 frames.
LOG (gmm-acc-stats-ali[5.5.1139~1-67548]:main():gmm-acc-stats-ali.cc:105) Processed 450 utterances; for utterance FVP240 avg. like is -85.8252 over 357 frames.
LOG (gmm-acc-stats-ali[5.5.1139~1-67548]:main():gmm-acc-stats-ali.cc:105) Processed 500 utterances; for utterance FVP286 avg. like is -88.3214 over 368 frames.
LOG (gmm-acc-stats-ali[5.5.1139~1-67548]:main():gmm-acc-stats-ali.cc:105) Processed 550 utterances; for utterance FVP68 avg. like is -84.2841 over 355 frames.
LOG (gmm-acc-stats-ali[5.5.1139~1-67548]:main():gmm-acc-stats-ali.cc:105) Processed 600 utterances; for utterance MAK112 avg. like is -80.381 over 143 frames.
LOG (gmm-acc-stats-ali[5.5.1139~1-67548]:main():gmm-acc-stats-ali.cc:105) Processed 650 utterances; for utterance MAK158 avg. like is -82.2297 over 75 frames.
LOG (gmm-acc-stats-ali[5.5.1139~1-67548]:main():gmm-acc-stats-ali.cc:105) Processed 700 utterances; for utterance MAK202 avg. like is -91.1034 over 116 frames.
LOG (gmm-acc-stats-ali[5.5.1139~1-67548]:main():gmm-acc-stats-ali.cc:105) Processed 750 utterances; for utterance MAK248 avg. like is -85.1873 over 339 frames.
LOG (gmm-acc-stats-ali[5.5.1139~1-67548]:main():gmm-acc-stats-ali.cc:105) Processed 800 utterances; for utterance MAK3 avg. like is -86.6072 over 151 frames.
LOG (gmm-acc-stats-ali[5.5.1139~1-67548]:main():gmm-acc-stats-ali.cc:105) Processed 850 utterances; for utterance MAK75 avg. like is -80.9248 over 534 frames.
LOG (gmm-acc-stats-ali[5.5.1139~1-67548]:main():gmm-acc-stats-ali.cc:105) Processed 900 utterances; for utterance MPA12 avg. like is -81.4449 over 462 frames.
LOG (gmm-acc-stats-ali[5.5.1139~1-67548]:main():gmm-acc-stats-ali.cc:105) Processed 950 utterances; for utterance MPA165 avg. like is -83.8739 over 210 frames.
LOG (gmm-acc-stats-ali[5.5.1139~1-67548]:main():gmm-acc-stats-ali.cc:105) Processed 1000 utterances; for utterance MPA21 avg. like is -80.9683 over 286 frames.
LOG (gmm-acc-stats-ali[5.5.1139~1-67548]:main():gmm-acc-stats-ali.cc:105) Processed 1050 utterances; for utterance MPA255 avg. like is -85.3024 over 466 frames.
LOG (gmm-acc-stats-ali[5.5.1139~1-67548]:main():gmm-acc-stats-ali.cc:105) Processed 1100 utterances; for utterance MPA37 avg. like is -78.8347 over 329 frames.
LOG (gmm-acc-stats-ali[5.5.1139~1-67548]:main():gmm-acc-stats-ali.cc:105) Processed 1150 utterances; for utterance MPA82 avg. like is -80.2889 over 429 frames.
LOG (apply-cmvn[5.5.1139~1-67548]:main():apply-cmvn.cc:162) Applied cepstral mean normalization to 1168 utterances, errors on 0
LOG (gmm-acc-stats-ali[5.5.1139~1-67548]:main():gmm-acc-stats-ali.cc:112) Done 1168 files, 0 with errors.
LOG (gmm-acc-stats-ali[5.5.1139~1-67548]:main():gmm-acc-stats-ali.cc:115) Overall avg like per frame (Gaussian only) = -84.1327 over 310573 frames.
LOG (gmm-acc-stats-ali[5.5.1139~1-67548]:main():gmm-acc-stats-ali.cc:123) Written accs.
# Accounting: time=1 threads=1
# Ended (code 0) at Mon Jul  8 09:44:22 IST 2024, elapsed time 1 seconds
