# gmm-align-compiled --transition-scale=1.0 --acoustic-scale=0.1 --self-loop-scale=0.1 --beam=10 --retry-beam=40 --careful=false "gmm-boost-silence --boost=1.0 1 exp_FG/tri_8_2000/10.mdl - |" "ark:gunzip -c exp_FG/tri_8_2000/fsts.1.gz|" "ark,s,cs:apply-cmvn  --utt2spk=ark:data/train/split2/1/utt2spk scp:data/train/split2/1/cmvn.scp scp:data/train/split2/1/feats.scp ark:- | add-deltas  ark:- ark:- |" "ark:|gzip -c >exp_FG/tri_8_2000/ali.1.gz" 
# Started at Mon Jul  8 09:44:08 IST 2024
#
gmm-align-compiled --transition-scale=1.0 --acoustic-scale=0.1 --self-loop-scale=0.1 --beam=10 --retry-beam=40 --careful=false 'gmm-boost-silence --boost=1.0 1 exp_FG/tri_8_2000/10.mdl - |' 'ark:gunzip -c exp_FG/tri_8_2000/fsts.1.gz|' 'ark,s,cs:apply-cmvn  --utt2spk=ark:data/train/split2/1/utt2spk scp:data/train/split2/1/cmvn.scp scp:data/train/split2/1/feats.scp ark:- | add-deltas  ark:- ark:- |' 'ark:|gzip -c >exp_FG/tri_8_2000/ali.1.gz' 
gmm-boost-silence --boost=1.0 1 exp_FG/tri_8_2000/10.mdl - 
WARNING (gmm-boost-silence[5.5.1139~1-67548]:main():gmm-boost-silence.cc:82) The pdfs for the silence phones may be shared by other phones (note: this probably does not matter.)
LOG (gmm-boost-silence[5.5.1139~1-67548]:main():gmm-boost-silence.cc:93) Boosted weights for 3 pdfs, by factor of 1
LOG (gmm-boost-silence[5.5.1139~1-67548]:main():gmm-boost-silence.cc:103) Wrote model to -
apply-cmvn --utt2spk=ark:data/train/split2/1/utt2spk scp:data/train/split2/1/cmvn.scp scp:data/train/split2/1/feats.scp ark:- 
add-deltas ark:- ark:- 
LOG (gmm-align-compiled[5.5.1139~1-67548]:main():gmm-align-compiled.cc:127) FSI1
LOG (gmm-align-compiled[5.5.1139~1-67548]:main():gmm-align-compiled.cc:127) FSI10
LOG (gmm-align-compiled[5.5.1139~1-67548]:main():gmm-align-compiled.cc:127) FSI100
LOG (gmm-align-compiled[5.5.1139~1-67548]:main():gmm-align-compiled.cc:127) FSI101
LOG (gmm-align-compiled[5.5.1139~1-67548]:main():gmm-align-compiled.cc:127) FSI102
LOG (gmm-align-compiled[5.5.1139~1-67548]:main():gmm-align-compiled.cc:127) FSI103
LOG (gmm-align-compiled[5.5.1139~1-67548]:main():gmm-align-compiled.cc:127) FSI104
LOG (gmm-align-compiled[5.5.1139~1-67548]:main():gmm-align-compiled.cc:127) FSI105
LOG (gmm-align-compiled[5.5.1139~1-67548]:main():gmm-align-compiled.cc:127) FSI106
LOG (gmm-align-compiled[5.5.1139~1-67548]:main():gmm-align-compiled.cc:127) FSI107
LOG (gmm-align-compiled[5.5.1139~1-67548]:main():gmm-align-compiled.cc:127) FSI108
LOG (gmm-align-compiled[5.5.1139~1-67548]:main():gmm-align-compiled.cc:127) FSI109
LOG (gmm-align-compiled[5.5.1139~1-67548]:main():gmm-align-compiled.cc:127) FSI11
LOG (gmm-align-compiled[5.5.1139~1-67548]:main():gmm-align-compiled.cc:127) FSI110
LOG (gmm-align-compiled[5.5.1139~1-67548]:main():gmm-align-compiled.cc:127) FSI111
LOG (gmm-align-compiled[5.5.1139~1-67548]:main():gmm-align-compiled.cc:127) FSI112
LOG (gmm-align-compiled[5.5.1139~1-67548]:main():gmm-align-compiled.cc:127) FSI113
LOG (gmm-align-compiled[5.5.1139~1-67548]:main():gmm-align-compiled.cc:127) FSI114
LOG (gmm-align-compiled[5.5.1139~1-67548]:main():gmm-align-compiled.cc:127) FSI115
LOG (gmm-align-compiled[5.5.1139~1-67548]:main():gmm-align-compiled.cc:127) FSI116
LOG (gmm-align-compiled[5.5.1139~1-67548]:main():gmm-align-compiled.cc:127) FSI117
LOG (gmm-align-compiled[5.5.1139~1-67548]:main():gmm-align-compiled.cc:127) FSI118
LOG (gmm-align-compiled[5.5.1139~1-67548]:main():gmm-align-compiled.cc:127) FSI119
LOG (gmm-align-compiled[5.5.1139~1-67548]:main():gmm-align-compiled.cc:127) FSI12
LOG (gmm-align-compiled[5.5.1139~1-67548]:main():gmm-align-compiled.cc:127) FSI120
LOG (gmm-align-compiled[5.5.1139~1-67548]:main():gmm-align-compiled.cc:127) FSI121
LOG (gmm-align-compiled[5.5.1139~1-67548]:main():gmm-align-compiled.cc:127) FSI122
LOG (gmm-align-compiled[5.5.1139~1-67548]:main():gmm-align-compiled.cc:127) FSI123
LOG (gmm-align-compiled[5.5.1139~1-67548]:main():gmm-align-compiled.cc:127) FSI124
LOG (gmm-align-compiled[5.5.1139~1-67548]:main():gmm-align-compiled.cc:127) FSI125
LOG (gmm-align-compiled[5.5.1139~1-67548]:main():gmm-align-compiled.cc:127) FSI126
LOG (gmm-align-compiled[5.5.1139~1-67548]:main():gmm-align-compiled.cc:127) FSI127
LOG (gmm-align-compiled[5.5.1139~1-67548]:main():gmm-align-compiled.cc:127) FSI128
LOG (gmm-align-compiled[5.5.1139~1-67548]:main():gmm-align-compiled.cc:127) FSI129
LOG (gmm-align-compiled[5.5.1139~1-67548]:main():gmm-align-compiled.cc:127) FSI13
LOG (gmm-align-compiled[5.5.1139~1-67548]:main():gmm-align-compiled.cc:127) FSI130
LOG (gmm-align-compiled[5.5.1139~1-67548]:main():gmm-align-compiled.cc:127) FSI131
LOG (gmm-align-compiled[5.5.1139~1-67548]:main():gmm-align-compiled.cc:127) FSI132
LOG (gmm-align-compiled[5.5.1139~1-67548]:main():gmm-align-compiled.cc:127) FSI133
LOG (gmm-align-compiled[5.5.1139~1-67548]:main():gmm-align-compiled.cc:127) FSI134
LOG (gmm-align-compiled[5.5.1139~1-67548]:main():gmm-align-compiled.cc:127) FSI135
LOG (gmm-align-compiled[5.5.1139~1-67548]:main():gmm-align-compiled.cc:127) FSI136
LOG (gmm-align-compiled[5.5.1139~1-67548]:main():gmm-align-compiled.cc:127) FSI137
LOG (gmm-align-compiled[5.5.1139~1-67548]:main():gmm-align-compiled.cc:127) FSI138
LOG (gmm-align-compiled[5.5.1139~1-67548]:main():gmm-align-compiled.cc:127) FSI139
LOG (gmm-align-compiled[5.5.1139~1-67548]:main():gmm-align-compiled.cc:127) FSI14
LOG (gmm-align-compiled[5.5.1139~1-67548]:main():gmm-align-compiled.cc:127) FSI140
LOG (gmm-align-compiled[5.5.1139~1-67548]:main():gmm-align-compiled.cc:127) FSI141
LOG (gmm-align-compiled[5.5.1139~1-67548]:main():gmm-align-compiled.cc:127) FSI142
LOG (gmm-align-compiled[5.5.1139~1-67548]:main():gmm-align-compiled.cc:127) FSI143
LOG (gmm-align-compiled[5.5.1139~1-67548]:main():gmm-align-compiled.cc:127) FSI144
LOG (gmm-align-compiled[5.5.1139~1-67548]:main():gmm-align-compiled.cc:127) FSI145
LOG (gmm-align-compiled[5.5.1139~1-67548]:main():gmm-align-compiled.cc:127) FSI146
LOG (gmm-align-compiled[5.5.1139~1-67548]:main():gmm-align-compiled.cc:127) FSI147
LOG (gmm-align-compiled[5.5.1139~1-67548]:main():gmm-align-compiled.cc:127) FSI148
LOG (gmm-align-compiled[5.5.1139~1-67548]:main():gmm-align-compiled.cc:127) FSI149
LOG (gmm-align-compiled[5.5.1139~1-67548]:main():gmm-align-compiled.cc:127) FSI15
LOG (gmm-align-compiled[5.5.1139~1-67548]:main():gmm-align-compiled.cc:127) FSI150
LOG (gmm-align-compiled[5.5.1139~1-67548]:main():gmm-align-compiled.cc:127) FSI151
LOG (gmm-align-compiled[5.5.1139~1-67548]:main():gmm-align-compiled.cc:127) FSI152
LOG (gmm-align-compiled[5.5.1139~1-67548]:main():gmm-align-compiled.cc:127) FSI153
LOG (gmm-align-compiled[5.5.1139~1-67548]:main():gmm-align-compiled.cc:127) FSI154
LOG (gmm-align-compiled[5.5.1139~1-67548]:main():gmm-align-compiled.cc:127) FSI155
LOG (gmm-align-compiled[5.5.1139~1-67548]:main():gmm-align-compiled.cc:127) FSI156
LOG (gmm-align-compiled[5.5.1139~1-67548]:main():gmm-align-compiled.cc:127) FSI157
LOG (gmm-align-compiled[5.5.1139~1-67548]:main():gmm-align-compiled.cc:127) FSI158
LOG (gmm-align-compiled[5.5.1139~1-67548]:main():gmm-align-compiled.cc:127) FSI159
LOG (gmm-align-compiled[5.5.1139~1-67548]:main():gmm-align-compiled.cc:127) FSI16
LOG (gmm-align-compiled[5.5.1139~1-67548]:main():gmm-align-compiled.cc:127) FSI160
LOG (gmm-align-compiled[5.5.1139~1-67548]:main():gmm-align-compiled.cc:127) FSI161
LOG (gmm-align-compiled[5.5.1139~1-67548]:main():gmm-align-compiled.cc:127) FSI162
LOG (gmm-align-compiled[5.5.1139~1-67548]:main():gmm-align-compiled.cc:127) FSI163
LOG (gmm-align-compiled[5.5.1139~1-67548]:main():gmm-align-compiled.cc:127) FSI164
LOG (gmm-align-compiled[5.5.1139~1-67548]:main():gmm-align-compiled.cc:127) FSI165
LOG (gmm-align-compiled[5.5.1139~1-67548]:main():gmm-align-compiled.cc:127) FSI166
LOG (gmm-align-compiled[5.5.1139~1-67548]:main():gmm-align-compiled.cc:127) FSI167
LOG (gmm-align-compiled[5.5.1139~1-67548]:main():gmm-align-compiled.cc:127) FSI168
LOG (gmm-align-compiled[5.5.1139~1-67548]:main():gmm-align-compiled.cc:127) FSI169
LOG (gmm-align-compiled[5.5.1139~1-67548]:main():gmm-align-compiled.cc:127) FSI17
LOG (gmm-align-compiled[5.5.1139~1-67548]:main():gmm-align-compiled.cc:127) FSI170
LOG (gmm-align-compiled[5.5.1139~1-67548]:main():gmm-align-compiled.cc:127) FSI171
LOG (gmm-align-compiled[5.5.1139~1-67548]:main():gmm-align-compiled.cc:127) FSI172
LOG (gmm-align-compiled[5.5.1139~1-67548]:main():gmm-align-compiled.cc:127) FSI173
LOG (gmm-align-compiled[5.5.1139~1-67548]:main():gmm-align-compiled.cc:127) FSI174
LOG (gmm-align-compiled[5.5.1139~1-67548]:main():gmm-align-compiled.cc:127) FSI175
LOG (gmm-align-compiled[5.5.1139~1-67548]:main():gmm-align-compiled.cc:127) FSI176
LOG (gmm-align-compiled[5.5.1139~1-67548]:main():gmm-align-compiled.cc:127) FSI177
LOG (gmm-align-compiled[5.5.1139~1-67548]:main():gmm-align-compiled.cc:127) FSI178
LOG (gmm-align-compiled[5.5.1139~1-67548]:main():gmm-align-compiled.cc:127) FSI179
LOG (gmm-align-compiled[5.5.1139~1-67548]:main():gmm-align-compiled.cc:127) FSI18
LOG (gmm-align-compiled[5.5.1139~1-67548]:main():gmm-align-compiled.cc:127) FSI180
LOG (gmm-align-compiled[5.5.1139~1-67548]:main():gmm-align-compiled.cc:127) FSI181
LOG (gmm-align-compiled[5.5.1139~1-67548]:main():gmm-align-compiled.cc:127) FSI182
LOG (gmm-align-compiled[5.5.1139~1-67548]:main():gmm-align-compiled.cc:127) FSI183
LOG (gmm-align-compiled[5.5.1139~1-67548]:main():gmm-align-compiled.cc:127) FSI184
LOG (gmm-align-compiled[5.5.1139~1-67548]:main():gmm-align-compiled.cc:127) FSI185
LOG (gmm-align-compiled[5.5.1139~1-67548]:main():gmm-align-compiled.cc:127) FSI186
LOG (gmm-align-compiled[5.5.1139~1-67548]:main():gmm-align-compiled.cc:127) FSI187
LOG (gmm-align-compiled[5.5.1139~1-67548]:main():gmm-align-compiled.cc:127) FSI188
LOG (gmm-align-compiled[5.5.1139~1-67548]:main():gmm-align-compiled.cc:127) FSI189
LOG (gmm-align-compiled[5.5.1139~1-67548]:main():gmm-align-compiled.cc:127) FSI19
LOG (gmm-align-compiled[5.5.1139~1-67548]:main():gmm-align-compiled.cc:127) FSI190
LOG (gmm-align-compiled[5.5.1139~1-67548]:main():gmm-align-compiled.cc:127) FSI191
LOG (gmm-align-compiled[5.5.1139~1-67548]:main():gmm-align-compiled.cc:127) FSI192
LOG (gmm-align-compiled[5.5.1139~1-67548]:main():gmm-align-compiled.cc:127) FSI193
LOG (gmm-align-compiled[5.5.1139~1-67548]:main():gmm-align-compiled.cc:127) FSI194
LOG (gmm-align-compiled[5.5.1139~1-67548]:main():gmm-align-compiled.cc:127) FSI195
LOG (gmm-align-compiled[5.5.1139~1-67548]:main():gmm-align-compiled.cc:127) FSI196
LOG (gmm-align-compiled[5.5.1139~1-67548]:main():gmm-align-compiled.cc:127) FSI197
LOG (gmm-align-compiled[5.5.1139~1-67548]:main():gmm-align-compiled.cc:127) FSI198
LOG (gmm-align-compiled[5.5.1139~1-67548]:main():gmm-align-compiled.cc:127) FSI199
LOG (gmm-align-compiled[5.5.1139~1-67548]:main():gmm-align-compiled.cc:127) FSI2
LOG (gmm-align-compiled[5.5.1139~1-67548]:main():gmm-align-compiled.cc:127) FSI20
LOG (gmm-align-compiled[5.5.1139~1-67548]:main():gmm-align-compiled.cc:127) FSI200
LOG (gmm-align-compiled[5.5.1139~1-67548]:main():gmm-align-compiled.cc:127) FSI201
LOG (gmm-align-compiled[5.5.1139~1-67548]:main():gmm-align-compiled.cc:127) FSI202
LOG (gmm-align-compiled[5.5.1139~1-67548]:main():gmm-align-compiled.cc:127) FSI203
LOG (gmm-align-compiled[5.5.1139~1-67548]:main():gmm-align-compiled.cc:127) FSI204
LOG (gmm-align-compiled[5.5.1139~1-67548]:main():gmm-align-compiled.cc:127) FSI205
LOG (gmm-align-compiled[5.5.1139~1-67548]:main():gmm-align-compiled.cc:127) FSI206
LOG (gmm-align-compiled[5.5.1139~1-67548]:main():gmm-align-compiled.cc:127) FSI207
LOG (gmm-align-compiled[5.5.1139~1-67548]:main():gmm-align-compiled.cc:127) FSI208
LOG (gmm-align-compiled[5.5.1139~1-67548]:main():gmm-align-compiled.cc:127) FSI209
LOG (gmm-align-compiled[5.5.1139~1-67548]:main():gmm-align-compiled.cc:127) FSI21
LOG (gmm-align-compiled[5.5.1139~1-67548]:main():gmm-align-compiled.cc:127) FSI210
LOG (gmm-align-compiled[5.5.1139~1-67548]:main():gmm-align-compiled.cc:127) FSI211
LOG (gmm-align-compiled[5.5.1139~1-67548]:main():gmm-align-compiled.cc:127) FSI212
LOG (gmm-align-compiled[5.5.1139~1-67548]:main():gmm-align-compiled.cc:127) FSI213
LOG (gmm-align-compiled[5.5.1139~1-67548]:main():gmm-align-compiled.cc:127) FSI214
LOG (gmm-align-compiled[5.5.1139~1-67548]:main():gmm-align-compiled.cc:127) FSI215
LOG (gmm-align-compiled[5.5.1139~1-67548]:main():gmm-align-compiled.cc:127) FSI216
LOG (gmm-align-compiled[5.5.1139~1-67548]:main():gmm-align-compiled.cc:127) FSI217
LOG (gmm-align-compiled[5.5.1139~1-67548]:main():gmm-align-compiled.cc:127) FSI218
LOG (gmm-align-compiled[5.5.1139~1-67548]:main():gmm-align-compiled.cc:127) FSI219
LOG (gmm-align-compiled[5.5.1139~1-67548]:main():gmm-align-compiled.cc:127) FSI22
LOG (gmm-align-compiled[5.5.1139~1-67548]:main():gmm-align-compiled.cc:127) FSI220
LOG (gmm-align-compiled[5.5.1139~1-67548]:main():gmm-align-compiled.cc:127) FSI221
LOG (gmm-align-compiled[5.5.1139~1-67548]:main():gmm-align-compiled.cc:127) FSI222
LOG (gmm-align-compiled[5.5.1139~1-67548]:main():gmm-align-compiled.cc:127) FSI223
LOG (gmm-align-compiled[5.5.1139~1-67548]:main():gmm-align-compiled.cc:127) FSI224
LOG (gmm-align-compiled[5.5.1139~1-67548]:main():gmm-align-compiled.cc:127) FSI225
LOG (gmm-align-compiled[5.5.1139~1-67548]:main():gmm-align-compiled.cc:127) FSI226
LOG (gmm-align-compiled[5.5.1139~1-67548]:main():gmm-align-compiled.cc:127) FSI227
LOG (gmm-align-compiled[5.5.1139~1-67548]:main():gmm-align-compiled.cc:127) FSI228
LOG (gmm-align-compiled[5.5.1139~1-67548]:main():gmm-align-compiled.cc:127) FSI229
LOG (gmm-align-compiled[5.5.1139~1-67548]:main():gmm-align-compiled.cc:127) FSI23
LOG (gmm-align-compiled[5.5.1139~1-67548]:main():gmm-align-compiled.cc:127) FSI230
LOG (gmm-align-compiled[5.5.1139~1-67548]:main():gmm-align-compiled.cc:127) FSI231
LOG (gmm-align-compiled[5.5.1139~1-67548]:main():gmm-align-compiled.cc:127) FSI232
LOG (gmm-align-compiled[5.5.1139~1-67548]:main():gmm-align-compiled.cc:127) FSI233
LOG (gmm-align-compiled[5.5.1139~1-67548]:main():gmm-align-compiled.cc:127) FSI234
LOG (gmm-align-compiled[5.5.1139~1-67548]:main():gmm-align-compiled.cc:127) FSI235
LOG (gmm-align-compiled[5.5.1139~1-67548]:main():gmm-align-compiled.cc:127) FSI236
LOG (gmm-align-compiled[5.5.1139~1-67548]:main():gmm-align-compiled.cc:127) FSI237
LOG (gmm-align-compiled[5.5.1139~1-67548]:main():gmm-align-compiled.cc:127) FSI238
LOG (gmm-align-compiled[5.5.1139~1-67548]:main():gmm-align-compiled.cc:127) FSI239
LOG (gmm-align-compiled[5.5.1139~1-67548]:main():gmm-align-compiled.cc:127) FSI24
LOG (gmm-align-compiled[5.5.1139~1-67548]:main():gmm-align-compiled.cc:127) FSI240
LOG (gmm-align-compiled[5.5.1139~1-67548]:main():gmm-align-compiled.cc:127) FSI241
LOG (gmm-align-compiled[5.5.1139~1-67548]:main():gmm-align-compiled.cc:127) FSI242
LOG (gmm-align-compiled[5.5.1139~1-67548]:main():gmm-align-compiled.cc:127) FSI243
LOG (gmm-align-compiled[5.5.1139~1-67548]:main():gmm-align-compiled.cc:127) FSI244
LOG (gmm-align-compiled[5.5.1139~1-67548]:main():gmm-align-compiled.cc:127) FSI245
LOG (gmm-align-compiled[5.5.1139~1-67548]:main():gmm-align-compiled.cc:127) FSI246
LOG (gmm-align-compiled[5.5.1139~1-67548]:main():gmm-align-compiled.cc:127) FSI247
LOG (gmm-align-compiled[5.5.1139~1-67548]:main():gmm-align-compiled.cc:127) FSI248
LOG (gmm-align-compiled[5.5.1139~1-67548]:main():gmm-align-compiled.cc:127) FSI249
LOG (gmm-align-compiled[5.5.1139~1-67548]:main():gmm-align-compiled.cc:127) FSI25
LOG (gmm-align-compiled[5.5.1139~1-67548]:main():gmm-align-compiled.cc:127) FSI250
LOG (gmm-align-compiled[5.5.1139~1-67548]:main():gmm-align-compiled.cc:127) FSI251
LOG (gmm-align-compiled[5.5.1139~1-67548]:main():gmm-align-compiled.cc:127) FSI252
LOG (gmm-align-compiled[5.5.1139~1-67548]:main():gmm-align-compiled.cc:127) FSI253
LOG (gmm-align-compiled[5.5.1139~1-67548]:main():gmm-align-compiled.cc:127) FSI254
LOG (gmm-align-compiled[5.5.1139~1-67548]:main():gmm-align-compiled.cc:127) FSI255
LOG (gmm-align-compiled[5.5.1139~1-67548]:main():gmm-align-compiled.cc:127) FSI256
LOG (gmm-align-compiled[5.5.1139~1-67548]:main():gmm-align-compiled.cc:127) FSI257
LOG (gmm-align-compiled[5.5.1139~1-67548]:main():gmm-align-compiled.cc:127) FSI258
LOG (gmm-align-compiled[5.5.1139~1-67548]:main():gmm-align-compiled.cc:127) FSI259
LOG (gmm-align-compiled[5.5.1139~1-67548]:main():gmm-align-compiled.cc:127) FSI26
LOG (gmm-align-compiled[5.5.1139~1-67548]:main():gmm-align-compiled.cc:127) FSI260
LOG (gmm-align-compiled[5.5.1139~1-67548]:main():gmm-align-compiled.cc:127) FSI261
LOG (gmm-align-compiled[5.5.1139~1-67548]:main():gmm-align-compiled.cc:127) FSI262
LOG (gmm-align-compiled[5.5.1139~1-67548]:main():gmm-align-compiled.cc:127) FSI263
LOG (gmm-align-compiled[5.5.1139~1-67548]:main():gmm-align-compiled.cc:127) FSI264
LOG (gmm-align-compiled[5.5.1139~1-67548]:main():gmm-align-compiled.cc:127) FSI265
LOG (gmm-align-compiled[5.5.1139~1-67548]:main():gmm-align-compiled.cc:127) FSI266
LOG (gmm-align-compiled[5.5.1139~1-67548]:main():gmm-align-compiled.cc:127) FSI267
LOG (gmm-align-compiled[5.5.1139~1-67548]:main():gmm-align-compiled.cc:127) FSI268
LOG (gmm-align-compiled[5.5.1139~1-67548]:main():gmm-align-compiled.cc:127) FSI269
LOG (gmm-align-compiled[5.5.1139~1-67548]:main():gmm-align-compiled.cc:127) FSI27
LOG (gmm-align-compiled[5.5.1139~1-67548]:main():gmm-align-compiled.cc:127) FSI270
LOG (gmm-align-compiled[5.5.1139~1-67548]:main():gmm-align-compiled.cc:127) FSI271
LOG (gmm-align-compiled[5.5.1139~1-67548]:main():gmm-align-compiled.cc:127) FSI272
LOG (gmm-align-compiled[5.5.1139~1-67548]:main():gmm-align-compiled.cc:127) FSI273
LOG (gmm-align-compiled[5.5.1139~1-67548]:main():gmm-align-compiled.cc:127) FSI274
LOG (gmm-align-compiled[5.5.1139~1-67548]:main():gmm-align-compiled.cc:127) FSI275
LOG (gmm-align-compiled[5.5.1139~1-67548]:main():gmm-align-compiled.cc:127) FSI276
LOG (gmm-align-compiled[5.5.1139~1-67548]:main():gmm-align-compiled.cc:127) FSI277
LOG (gmm-align-compiled[5.5.1139~1-67548]:main():gmm-align-compiled.cc:127) FSI278
LOG (gmm-align-compiled[5.5.1139~1-67548]:main():gmm-align-compiled.cc:127) FSI279
LOG (gmm-align-compiled[5.5.1139~1-67548]:main():gmm-align-compiled.cc:127) FSI28
LOG (gmm-align-compiled[5.5.1139~1-67548]:main():gmm-align-compiled.cc:127) FSI280
LOG (gmm-align-compiled[5.5.1139~1-67548]:main():gmm-align-compiled.cc:127) FSI281
LOG (gmm-align-compiled[5.5.1139~1-67548]:main():gmm-align-compiled.cc:127) FSI282
LOG (gmm-align-compiled[5.5.1139~1-67548]:main():gmm-align-compiled.cc:127) FSI283
LOG (gmm-align-compiled[5.5.1139~1-67548]:main():gmm-align-compiled.cc:127) FSI284
LOG (gmm-align-compiled[5.5.1139~1-67548]:main():gmm-align-compiled.cc:127) FSI285
LOG (gmm-align-compiled[5.5.1139~1-67548]:main():gmm-align-compiled.cc:127) FSI286
LOG (gmm-align-compiled[5.5.1139~1-67548]:main():gmm-align-compiled.cc:127) FSI287
LOG (gmm-align-compiled[5.5.1139~1-67548]:main():gmm-align-compiled.cc:127) FSI288
LOG (gmm-align-compiled[5.5.1139~1-67548]:main():gmm-align-compiled.cc:127) FSI289
LOG (gmm-align-compiled[5.5.1139~1-67548]:main():gmm-align-compiled.cc:127) FSI29
LOG (gmm-align-compiled[5.5.1139~1-67548]:main():gmm-align-compiled.cc:127) FSI290
LOG (gmm-align-compiled[5.5.1139~1-67548]:main():gmm-align-compiled.cc:127) FSI291
LOG (gmm-align-compiled[5.5.1139~1-67548]:main():gmm-align-compiled.cc:127) FSI292
LOG (gmm-align-compiled[5.5.1139~1-67548]:main():gmm-align-compiled.cc:127) FSI3
LOG (gmm-align-compiled[5.5.1139~1-67548]:main():gmm-align-compiled.cc:127) FSI30
LOG (gmm-align-compiled[5.5.1139~1-67548]:main():gmm-align-compiled.cc:127) FSI31
LOG (gmm-align-compiled[5.5.1139~1-67548]:main():gmm-align-compiled.cc:127) FSI32
LOG (gmm-align-compiled[5.5.1139~1-67548]:main():gmm-align-compiled.cc:127) FSI33
LOG (gmm-align-compiled[5.5.1139~1-67548]:main():gmm-align-compiled.cc:127) FSI34
LOG (gmm-align-compiled[5.5.1139~1-67548]:main():gmm-align-compiled.cc:127) FSI35
LOG (gmm-align-compiled[5.5.1139~1-67548]:main():gmm-align-compiled.cc:127) FSI36
LOG (gmm-align-compiled[5.5.1139~1-67548]:main():gmm-align-compiled.cc:127) FSI37
LOG (gmm-align-compiled[5.5.1139~1-67548]:main():gmm-align-compiled.cc:127) FSI38
LOG (gmm-align-compiled[5.5.1139~1-67548]:main():gmm-align-compiled.cc:127) FSI39
LOG (gmm-align-compiled[5.5.1139~1-67548]:main():gmm-align-compiled.cc:127) FSI4
LOG (gmm-align-compiled[5.5.1139~1-67548]:main():gmm-align-compiled.cc:127) FSI40
LOG (gmm-align-compiled[5.5.1139~1-67548]:main():gmm-align-compiled.cc:127) FSI41
LOG (gmm-align-compiled[5.5.1139~1-67548]:main():gmm-align-compiled.cc:127) FSI42
LOG (gmm-align-compiled[5.5.1139~1-67548]:main():gmm-align-compiled.cc:127) FSI43
LOG (gmm-align-compiled[5.5.1139~1-67548]:main():gmm-align-compiled.cc:127) FSI44
LOG (gmm-align-compiled[5.5.1139~1-67548]:main():gmm-align-compiled.cc:127) FSI45
LOG (gmm-align-compiled[5.5.1139~1-67548]:main():gmm-align-compiled.cc:127) FSI46
LOG (gmm-align-compiled[5.5.1139~1-67548]:main():gmm-align-compiled.cc:127) FSI47
LOG (gmm-align-compiled[5.5.1139~1-67548]:main():gmm-align-compiled.cc:127) FSI48
LOG (gmm-align-compiled[5.5.1139~1-67548]:main():gmm-align-compiled.cc:127) FSI49
LOG (gmm-align-compiled[5.5.1139~1-67548]:main():gmm-align-compiled.cc:127) FSI5
LOG (gmm-align-compiled[5.5.1139~1-67548]:main():gmm-align-compiled.cc:127) FSI50
LOG (gmm-align-compiled[5.5.1139~1-67548]:main():gmm-align-compiled.cc:127) FSI51
LOG (gmm-align-compiled[5.5.1139~1-67548]:main():gmm-align-compiled.cc:127) FSI52
LOG (gmm-align-compiled[5.5.1139~1-67548]:main():gmm-align-compiled.cc:127) FSI53
LOG (gmm-align-compiled[5.5.1139~1-67548]:main():gmm-align-compiled.cc:127) FSI54
LOG (gmm-align-compiled[5.5.1139~1-67548]:main():gmm-align-compiled.cc:127) FSI55
LOG (gmm-align-compiled[5.5.1139~1-67548]:main():gmm-align-compiled.cc:127) FSI56
LOG (gmm-align-compiled[5.5.1139~1-67548]:main():gmm-align-compiled.cc:127) FSI57
LOG (gmm-align-compiled[5.5.1139~1-67548]:main():gmm-align-compiled.cc:127) FSI58
LOG (gmm-align-compiled[5.5.1139~1-67548]:main():gmm-align-compiled.cc:127) FSI59
LOG (gmm-align-compiled[5.5.1139~1-67548]:main():gmm-align-compiled.cc:127) FSI6
LOG (gmm-align-compiled[5.5.1139~1-67548]:main():gmm-align-compiled.cc:127) FSI60
LOG (gmm-align-compiled[5.5.1139~1-67548]:main():gmm-align-compiled.cc:127) FSI61
LOG (gmm-align-compiled[5.5.1139~1-67548]:main():gmm-align-compiled.cc:127) FSI62
LOG (gmm-align-compiled[5.5.1139~1-67548]:main():gmm-align-compiled.cc:127) FSI63
LOG (gmm-align-compiled[5.5.1139~1-67548]:main():gmm-align-compiled.cc:127) FSI64
LOG (gmm-align-compiled[5.5.1139~1-67548]:main():gmm-align-compiled.cc:127) FSI65
LOG (gmm-align-compiled[5.5.1139~1-67548]:main():gmm-align-compiled.cc:127) FSI66
LOG (gmm-align-compiled[5.5.1139~1-67548]:main():gmm-align-compiled.cc:127) FSI67
LOG (gmm-align-compiled[5.5.1139~1-67548]:main():gmm-align-compiled.cc:127) FSI68
LOG (gmm-align-compiled[5.5.1139~1-67548]:main():gmm-align-compiled.cc:127) FSI69
LOG (gmm-align-compiled[5.5.1139~1-67548]:main():gmm-align-compiled.cc:127) FSI7
LOG (gmm-align-compiled[5.5.1139~1-67548]:main():gmm-align-compiled.cc:127) FSI70
LOG (gmm-align-compiled[5.5.1139~1-67548]:main():gmm-align-compiled.cc:127) FSI71
LOG (gmm-align-compiled[5.5.1139~1-67548]:main():gmm-align-compiled.cc:127) FSI72
LOG (gmm-align-compiled[5.5.1139~1-67548]:main():gmm-align-compiled.cc:127) FSI73
LOG (gmm-align-compiled[5.5.1139~1-67548]:main():gmm-align-compiled.cc:127) FSI74
LOG (gmm-align-compiled[5.5.1139~1-67548]:main():gmm-align-compiled.cc:127) FSI75
LOG (gmm-align-compiled[5.5.1139~1-67548]:main():gmm-align-compiled.cc:127) FSI76
LOG (gmm-align-compiled[5.5.1139~1-67548]:main():gmm-align-compiled.cc:127) FSI77
LOG (gmm-align-compiled[5.5.1139~1-67548]:main():gmm-align-compiled.cc:127) FSI78
LOG (gmm-align-compiled[5.5.1139~1-67548]:main():gmm-align-compiled.cc:127) FSI79
LOG (gmm-align-compiled[5.5.1139~1-67548]:main():gmm-align-compiled.cc:127) FSI8
LOG (gmm-align-compiled[5.5.1139~1-67548]:main():gmm-align-compiled.cc:127) FSI80
LOG (gmm-align-compiled[5.5.1139~1-67548]:main():gmm-align-compiled.cc:127) FSI81
LOG (gmm-align-compiled[5.5.1139~1-67548]:main():gmm-align-compiled.cc:127) FSI82
LOG (gmm-align-compiled[5.5.1139~1-67548]:main():gmm-align-compiled.cc:127) FSI83
LOG (gmm-align-compiled[5.5.1139~1-67548]:main():gmm-align-compiled.cc:127) FSI84
LOG (gmm-align-compiled[5.5.1139~1-67548]:main():gmm-align-compiled.cc:127) FSI85
LOG (gmm-align-compiled[5.5.1139~1-67548]:main():gmm-align-compiled.cc:127) FSI86
LOG (gmm-align-compiled[5.5.1139~1-67548]:main():gmm-align-compiled.cc:127) FSI87
LOG (gmm-align-compiled[5.5.1139~1-67548]:main():gmm-align-compiled.cc:127) FSI88
LOG (gmm-align-compiled[5.5.1139~1-67548]:main():gmm-align-compiled.cc:127) FSI89
LOG (gmm-align-compiled[5.5.1139~1-67548]:main():gmm-align-compiled.cc:127) FSI9
LOG (gmm-align-compiled[5.5.1139~1-67548]:main():gmm-align-compiled.cc:127) FSI90
LOG (gmm-align-compiled[5.5.1139~1-67548]:main():gmm-align-compiled.cc:127) FSI91
LOG (gmm-align-compiled[5.5.1139~1-67548]:main():gmm-align-compiled.cc:127) FSI92
LOG (gmm-align-compiled[5.5.1139~1-67548]:main():gmm-align-compiled.cc:127) FSI93
LOG (gmm-align-compiled[5.5.1139~1-67548]:main():gmm-align-compiled.cc:127) FSI94
LOG (gmm-align-compiled[5.5.1139~1-67548]:main():gmm-align-compiled.cc:127) FSI95
LOG (gmm-align-compiled[5.5.1139~1-67548]:main():gmm-align-compiled.cc:127) FSI96
LOG (gmm-align-compiled[5.5.1139~1-67548]:main():gmm-align-compiled.cc:127) FSI97
LOG (gmm-align-compiled[5.5.1139~1-67548]:main():gmm-align-compiled.cc:127) FSI98
LOG (gmm-align-compiled[5.5.1139~1-67548]:main():gmm-align-compiled.cc:127) FSI99
LOG (gmm-align-compiled[5.5.1139~1-67548]:main():gmm-align-compiled.cc:127) FVP1
LOG (gmm-align-compiled[5.5.1139~1-67548]:main():gmm-align-compiled.cc:127) FVP10
LOG (gmm-align-compiled[5.5.1139~1-67548]:main():gmm-align-compiled.cc:127) FVP100
LOG (gmm-align-compiled[5.5.1139~1-67548]:main():gmm-align-compiled.cc:127) FVP101
LOG (gmm-align-compiled[5.5.1139~1-67548]:main():gmm-align-compiled.cc:127) FVP102
LOG (gmm-align-compiled[5.5.1139~1-67548]:main():gmm-align-compiled.cc:127) FVP103
LOG (gmm-align-compiled[5.5.1139~1-67548]:main():gmm-align-compiled.cc:127) FVP104
LOG (gmm-align-compiled[5.5.1139~1-67548]:main():gmm-align-compiled.cc:127) FVP105
LOG (gmm-align-compiled[5.5.1139~1-67548]:main():gmm-align-compiled.cc:127) FVP106
LOG (gmm-align-compiled[5.5.1139~1-67548]:main():gmm-align-compiled.cc:127) FVP107
LOG (gmm-align-compiled[5.5.1139~1-67548]:main():gmm-align-compiled.cc:127) FVP108
LOG (gmm-align-compiled[5.5.1139~1-67548]:main():gmm-align-compiled.cc:127) FVP109
LOG (gmm-align-compiled[5.5.1139~1-67548]:main():gmm-align-compiled.cc:127) FVP11
LOG (gmm-align-compiled[5.5.1139~1-67548]:main():gmm-align-compiled.cc:127) FVP110
LOG (gmm-align-compiled[5.5.1139~1-67548]:main():gmm-align-compiled.cc:127) FVP111
LOG (gmm-align-compiled[5.5.1139~1-67548]:main():gmm-align-compiled.cc:127) FVP112
LOG (gmm-align-compiled[5.5.1139~1-67548]:main():gmm-align-compiled.cc:127) FVP113
LOG (gmm-align-compiled[5.5.1139~1-67548]:main():gmm-align-compiled.cc:127) FVP114
LOG (gmm-align-compiled[5.5.1139~1-67548]:main():gmm-align-compiled.cc:127) FVP115
LOG (gmm-align-compiled[5.5.1139~1-67548]:main():gmm-align-compiled.cc:127) FVP116
LOG (gmm-align-compiled[5.5.1139~1-67548]:main():gmm-align-compiled.cc:127) FVP117
LOG (gmm-align-compiled[5.5.1139~1-67548]:main():gmm-align-compiled.cc:127) FVP118
LOG (gmm-align-compiled[5.5.1139~1-67548]:main():gmm-align-compiled.cc:127) FVP119
LOG (gmm-align-compiled[5.5.1139~1-67548]:main():gmm-align-compiled.cc:127) FVP12
LOG (gmm-align-compiled[5.5.1139~1-67548]:main():gmm-align-compiled.cc:127) FVP120
LOG (gmm-align-compiled[5.5.1139~1-67548]:main():gmm-align-compiled.cc:127) FVP121
LOG (gmm-align-compiled[5.5.1139~1-67548]:main():gmm-align-compiled.cc:127) FVP122
LOG (gmm-align-compiled[5.5.1139~1-67548]:main():gmm-align-compiled.cc:127) FVP123
LOG (gmm-align-compiled[5.5.1139~1-67548]:main():gmm-align-compiled.cc:127) FVP124
LOG (gmm-align-compiled[5.5.1139~1-67548]:main():gmm-align-compiled.cc:127) FVP125
LOG (gmm-align-compiled[5.5.1139~1-67548]:main():gmm-align-compiled.cc:127) FVP126
LOG (gmm-align-compiled[5.5.1139~1-67548]:main():gmm-align-compiled.cc:127) FVP127
LOG (gmm-align-compiled[5.5.1139~1-67548]:main():gmm-align-compiled.cc:127) FVP128
LOG (gmm-align-compiled[5.5.1139~1-67548]:main():gmm-align-compiled.cc:127) FVP129
LOG (gmm-align-compiled[5.5.1139~1-67548]:main():gmm-align-compiled.cc:127) FVP13
LOG (gmm-align-compiled[5.5.1139~1-67548]:main():gmm-align-compiled.cc:127) FVP130
LOG (gmm-align-compiled[5.5.1139~1-67548]:main():gmm-align-compiled.cc:127) FVP131
LOG (gmm-align-compiled[5.5.1139~1-67548]:main():gmm-align-compiled.cc:127) FVP132
LOG (gmm-align-compiled[5.5.1139~1-67548]:main():gmm-align-compiled.cc:127) FVP133
LOG (gmm-align-compiled[5.5.1139~1-67548]:main():gmm-align-compiled.cc:127) FVP134
LOG (gmm-align-compiled[5.5.1139~1-67548]:main():gmm-align-compiled.cc:127) FVP135
LOG (gmm-align-compiled[5.5.1139~1-67548]:main():gmm-align-compiled.cc:127) FVP136
LOG (gmm-align-compiled[5.5.1139~1-67548]:main():gmm-align-compiled.cc:127) FVP137
LOG (gmm-align-compiled[5.5.1139~1-67548]:main():gmm-align-compiled.cc:127) FVP138
LOG (gmm-align-compiled[5.5.1139~1-67548]:main():gmm-align-compiled.cc:127) FVP139
LOG (gmm-align-compiled[5.5.1139~1-67548]:main():gmm-align-compiled.cc:127) FVP14
LOG (gmm-align-compiled[5.5.1139~1-67548]:main():gmm-align-compiled.cc:127) FVP140
LOG (gmm-align-compiled[5.5.1139~1-67548]:main():gmm-align-compiled.cc:127) FVP141
LOG (gmm-align-compiled[5.5.1139~1-67548]:main():gmm-align-compiled.cc:127) FVP142
LOG (gmm-align-compiled[5.5.1139~1-67548]:main():gmm-align-compiled.cc:127) FVP143
LOG (gmm-align-compiled[5.5.1139~1-67548]:main():gmm-align-compiled.cc:127) FVP144
LOG (gmm-align-compiled[5.5.1139~1-67548]:main():gmm-align-compiled.cc:127) FVP145
LOG (gmm-align-compiled[5.5.1139~1-67548]:main():gmm-align-compiled.cc:127) FVP146
LOG (gmm-align-compiled[5.5.1139~1-67548]:main():gmm-align-compiled.cc:127) FVP147
LOG (gmm-align-compiled[5.5.1139~1-67548]:main():gmm-align-compiled.cc:127) FVP148
LOG (gmm-align-compiled[5.5.1139~1-67548]:main():gmm-align-compiled.cc:127) FVP149
LOG (gmm-align-compiled[5.5.1139~1-67548]:main():gmm-align-compiled.cc:127) FVP15
LOG (gmm-align-compiled[5.5.1139~1-67548]:main():gmm-align-compiled.cc:127) FVP150
LOG (gmm-align-compiled[5.5.1139~1-67548]:main():gmm-align-compiled.cc:127) FVP151
LOG (gmm-align-compiled[5.5.1139~1-67548]:main():gmm-align-compiled.cc:127) FVP152
LOG (gmm-align-compiled[5.5.1139~1-67548]:main():gmm-align-compiled.cc:127) FVP153
LOG (gmm-align-compiled[5.5.1139~1-67548]:main():gmm-align-compiled.cc:127) FVP154
LOG (gmm-align-compiled[5.5.1139~1-67548]:main():gmm-align-compiled.cc:127) FVP155
LOG (gmm-align-compiled[5.5.1139~1-67548]:main():gmm-align-compiled.cc:127) FVP156
LOG (gmm-align-compiled[5.5.1139~1-67548]:main():gmm-align-compiled.cc:127) FVP157
LOG (gmm-align-compiled[5.5.1139~1-67548]:main():gmm-align-compiled.cc:127) FVP158
LOG (gmm-align-compiled[5.5.1139~1-67548]:main():gmm-align-compiled.cc:127) FVP159
LOG (gmm-align-compiled[5.5.1139~1-67548]:main():gmm-align-compiled.cc:127) FVP16
LOG (gmm-align-compiled[5.5.1139~1-67548]:main():gmm-align-compiled.cc:127) FVP160
LOG (gmm-align-compiled[5.5.1139~1-67548]:main():gmm-align-compiled.cc:127) FVP161
LOG (gmm-align-compiled[5.5.1139~1-67548]:main():gmm-align-compiled.cc:127) FVP162
LOG (gmm-align-compiled[5.5.1139~1-67548]:main():gmm-align-compiled.cc:127) FVP163
LOG (gmm-align-compiled[5.5.1139~1-67548]:main():gmm-align-compiled.cc:127) FVP164
LOG (gmm-align-compiled[5.5.1139~1-67548]:main():gmm-align-compiled.cc:127) FVP165
LOG (gmm-align-compiled[5.5.1139~1-67548]:main():gmm-align-compiled.cc:127) FVP166
LOG (gmm-align-compiled[5.5.1139~1-67548]:main():gmm-align-compiled.cc:127) FVP167
LOG (gmm-align-compiled[5.5.1139~1-67548]:main():gmm-align-compiled.cc:127) FVP168
LOG (gmm-align-compiled[5.5.1139~1-67548]:main():gmm-align-compiled.cc:127) FVP169
LOG (gmm-align-compiled[5.5.1139~1-67548]:main():gmm-align-compiled.cc:127) FVP17
LOG (gmm-align-compiled[5.5.1139~1-67548]:main():gmm-align-compiled.cc:127) FVP170
LOG (gmm-align-compiled[5.5.1139~1-67548]:main():gmm-align-compiled.cc:127) FVP171
LOG (gmm-align-compiled[5.5.1139~1-67548]:main():gmm-align-compiled.cc:127) FVP172
LOG (gmm-align-compiled[5.5.1139~1-67548]:main():gmm-align-compiled.cc:127) FVP173
LOG (gmm-align-compiled[5.5.1139~1-67548]:main():gmm-align-compiled.cc:127) FVP174
LOG (gmm-align-compiled[5.5.1139~1-67548]:main():gmm-align-compiled.cc:127) FVP175
LOG (gmm-align-compiled[5.5.1139~1-67548]:main():gmm-align-compiled.cc:127) FVP176
LOG (gmm-align-compiled[5.5.1139~1-67548]:main():gmm-align-compiled.cc:127) FVP177
LOG (gmm-align-compiled[5.5.1139~1-67548]:main():gmm-align-compiled.cc:127) FVP178
LOG (gmm-align-compiled[5.5.1139~1-67548]:main():gmm-align-compiled.cc:127) FVP179
LOG (gmm-align-compiled[5.5.1139~1-67548]:main():gmm-align-compiled.cc:127) FVP18
LOG (gmm-align-compiled[5.5.1139~1-67548]:main():gmm-align-compiled.cc:127) FVP180
LOG (gmm-align-compiled[5.5.1139~1-67548]:main():gmm-align-compiled.cc:127) FVP181
LOG (gmm-align-compiled[5.5.1139~1-67548]:main():gmm-align-compiled.cc:127) FVP182
LOG (gmm-align-compiled[5.5.1139~1-67548]:main():gmm-align-compiled.cc:127) FVP183
LOG (gmm-align-compiled[5.5.1139~1-67548]:main():gmm-align-compiled.cc:127) FVP184
LOG (gmm-align-compiled[5.5.1139~1-67548]:main():gmm-align-compiled.cc:127) FVP185
LOG (gmm-align-compiled[5.5.1139~1-67548]:main():gmm-align-compiled.cc:127) FVP186
LOG (gmm-align-compiled[5.5.1139~1-67548]:main():gmm-align-compiled.cc:127) FVP187
LOG (gmm-align-compiled[5.5.1139~1-67548]:main():gmm-align-compiled.cc:127) FVP188
LOG (gmm-align-compiled[5.5.1139~1-67548]:main():gmm-align-compiled.cc:127) FVP189
LOG (gmm-align-compiled[5.5.1139~1-67548]:main():gmm-align-compiled.cc:127) FVP19
LOG (gmm-align-compiled[5.5.1139~1-67548]:main():gmm-align-compiled.cc:127) FVP190
LOG (gmm-align-compiled[5.5.1139~1-67548]:main():gmm-align-compiled.cc:127) FVP191
LOG (gmm-align-compiled[5.5.1139~1-67548]:main():gmm-align-compiled.cc:127) FVP192
LOG (gmm-align-compiled[5.5.1139~1-67548]:main():gmm-align-compiled.cc:127) FVP193
LOG (gmm-align-compiled[5.5.1139~1-67548]:main():gmm-align-compiled.cc:127) FVP194
LOG (gmm-align-compiled[5.5.1139~1-67548]:main():gmm-align-compiled.cc:127) FVP195
LOG (gmm-align-compiled[5.5.1139~1-67548]:main():gmm-align-compiled.cc:127) FVP196
LOG (gmm-align-compiled[5.5.1139~1-67548]:main():gmm-align-compiled.cc:127) FVP197
LOG (gmm-align-compiled[5.5.1139~1-67548]:main():gmm-align-compiled.cc:127) FVP198
LOG (gmm-align-compiled[5.5.1139~1-67548]:main():gmm-align-compiled.cc:127) FVP199
LOG (gmm-align-compiled[5.5.1139~1-67548]:main():gmm-align-compiled.cc:127) FVP2
LOG (gmm-align-compiled[5.5.1139~1-67548]:main():gmm-align-compiled.cc:127) FVP20
LOG (gmm-align-compiled[5.5.1139~1-67548]:main():gmm-align-compiled.cc:127) FVP200
LOG (gmm-align-compiled[5.5.1139~1-67548]:main():gmm-align-compiled.cc:127) FVP201
LOG (gmm-align-compiled[5.5.1139~1-67548]:main():gmm-align-compiled.cc:127) FVP202
LOG (gmm-align-compiled[5.5.1139~1-67548]:main():gmm-align-compiled.cc:127) FVP203
LOG (gmm-align-compiled[5.5.1139~1-67548]:main():gmm-align-compiled.cc:127) FVP204
LOG (gmm-align-compiled[5.5.1139~1-67548]:main():gmm-align-compiled.cc:127) FVP205
LOG (gmm-align-compiled[5.5.1139~1-67548]:main():gmm-align-compiled.cc:127) FVP206
LOG (gmm-align-compiled[5.5.1139~1-67548]:main():gmm-align-compiled.cc:127) FVP207
LOG (gmm-align-compiled[5.5.1139~1-67548]:main():gmm-align-compiled.cc:127) FVP208
LOG (gmm-align-compiled[5.5.1139~1-67548]:main():gmm-align-compiled.cc:127) FVP209
LOG (gmm-align-compiled[5.5.1139~1-67548]:main():gmm-align-compiled.cc:127) FVP21
LOG (gmm-align-compiled[5.5.1139~1-67548]:main():gmm-align-compiled.cc:127) FVP210
LOG (gmm-align-compiled[5.5.1139~1-67548]:main():gmm-align-compiled.cc:127) FVP211
LOG (gmm-align-compiled[5.5.1139~1-67548]:main():gmm-align-compiled.cc:127) FVP212
LOG (gmm-align-compiled[5.5.1139~1-67548]:main():gmm-align-compiled.cc:127) FVP213
LOG (gmm-align-compiled[5.5.1139~1-67548]:main():gmm-align-compiled.cc:127) FVP214
LOG (gmm-align-compiled[5.5.1139~1-67548]:main():gmm-align-compiled.cc:127) FVP215
LOG (gmm-align-compiled[5.5.1139~1-67548]:main():gmm-align-compiled.cc:127) FVP216
LOG (gmm-align-compiled[5.5.1139~1-67548]:main():gmm-align-compiled.cc:127) FVP217
LOG (gmm-align-compiled[5.5.1139~1-67548]:main():gmm-align-compiled.cc:127) FVP218
LOG (gmm-align-compiled[5.5.1139~1-67548]:main():gmm-align-compiled.cc:127) FVP219
LOG (gmm-align-compiled[5.5.1139~1-67548]:main():gmm-align-compiled.cc:127) FVP22
LOG (gmm-align-compiled[5.5.1139~1-67548]:main():gmm-align-compiled.cc:127) FVP220
LOG (gmm-align-compiled[5.5.1139~1-67548]:main():gmm-align-compiled.cc:127) FVP221
LOG (gmm-align-compiled[5.5.1139~1-67548]:main():gmm-align-compiled.cc:127) FVP222
LOG (gmm-align-compiled[5.5.1139~1-67548]:main():gmm-align-compiled.cc:127) FVP223
LOG (gmm-align-compiled[5.5.1139~1-67548]:main():gmm-align-compiled.cc:127) FVP224
LOG (gmm-align-compiled[5.5.1139~1-67548]:main():gmm-align-compiled.cc:127) FVP225
LOG (gmm-align-compiled[5.5.1139~1-67548]:main():gmm-align-compiled.cc:127) FVP226
LOG (gmm-align-compiled[5.5.1139~1-67548]:main():gmm-align-compiled.cc:127) FVP227
LOG (gmm-align-compiled[5.5.1139~1-67548]:main():gmm-align-compiled.cc:127) FVP228
LOG (gmm-align-compiled[5.5.1139~1-67548]:main():gmm-align-compiled.cc:127) FVP229
LOG (gmm-align-compiled[5.5.1139~1-67548]:main():gmm-align-compiled.cc:127) FVP23
LOG (gmm-align-compiled[5.5.1139~1-67548]:main():gmm-align-compiled.cc:127) FVP230
LOG (gmm-align-compiled[5.5.1139~1-67548]:main():gmm-align-compiled.cc:127) FVP231
LOG (gmm-align-compiled[5.5.1139~1-67548]:main():gmm-align-compiled.cc:127) FVP232
LOG (gmm-align-compiled[5.5.1139~1-67548]:main():gmm-align-compiled.cc:127) FVP233
LOG (gmm-align-compiled[5.5.1139~1-67548]:main():gmm-align-compiled.cc:127) FVP234
LOG (gmm-align-compiled[5.5.1139~1-67548]:main():gmm-align-compiled.cc:127) FVP235
LOG (gmm-align-compiled[5.5.1139~1-67548]:main():gmm-align-compiled.cc:127) FVP236
LOG (gmm-align-compiled[5.5.1139~1-67548]:main():gmm-align-compiled.cc:127) FVP237
LOG (gmm-align-compiled[5.5.1139~1-67548]:main():gmm-align-compiled.cc:127) FVP238
LOG (gmm-align-compiled[5.5.1139~1-67548]:main():gmm-align-compiled.cc:127) FVP239
LOG (gmm-align-compiled[5.5.1139~1-67548]:main():gmm-align-compiled.cc:127) FVP24
LOG (gmm-align-compiled[5.5.1139~1-67548]:main():gmm-align-compiled.cc:127) FVP240
LOG (gmm-align-compiled[5.5.1139~1-67548]:main():gmm-align-compiled.cc:127) FVP241
LOG (gmm-align-compiled[5.5.1139~1-67548]:main():gmm-align-compiled.cc:127) FVP242
LOG (gmm-align-compiled[5.5.1139~1-67548]:main():gmm-align-compiled.cc:127) FVP243
LOG (gmm-align-compiled[5.5.1139~1-67548]:main():gmm-align-compiled.cc:127) FVP244
LOG (gmm-align-compiled[5.5.1139~1-67548]:main():gmm-align-compiled.cc:127) FVP245
LOG (gmm-align-compiled[5.5.1139~1-67548]:main():gmm-align-compiled.cc:127) FVP246
LOG (gmm-align-compiled[5.5.1139~1-67548]:main():gmm-align-compiled.cc:127) FVP247
LOG (gmm-align-compiled[5.5.1139~1-67548]:main():gmm-align-compiled.cc:127) FVP248
LOG (gmm-align-compiled[5.5.1139~1-67548]:main():gmm-align-compiled.cc:127) FVP249
LOG (gmm-align-compiled[5.5.1139~1-67548]:main():gmm-align-compiled.cc:127) FVP25
LOG (gmm-align-compiled[5.5.1139~1-67548]:main():gmm-align-compiled.cc:127) FVP250
LOG (gmm-align-compiled[5.5.1139~1-67548]:main():gmm-align-compiled.cc:127) FVP251
LOG (gmm-align-compiled[5.5.1139~1-67548]:main():gmm-align-compiled.cc:127) FVP252
LOG (gmm-align-compiled[5.5.1139~1-67548]:main():gmm-align-compiled.cc:127) FVP253
LOG (gmm-align-compiled[5.5.1139~1-67548]:main():gmm-align-compiled.cc:127) FVP254
LOG (gmm-align-compiled[5.5.1139~1-67548]:main():gmm-align-compiled.cc:127) FVP255
LOG (gmm-align-compiled[5.5.1139~1-67548]:main():gmm-align-compiled.cc:127) FVP256
LOG (gmm-align-compiled[5.5.1139~1-67548]:main():gmm-align-compiled.cc:127) FVP257
LOG (gmm-align-compiled[5.5.1139~1-67548]:main():gmm-align-compiled.cc:127) FVP258
LOG (gmm-align-compiled[5.5.1139~1-67548]:main():gmm-align-compiled.cc:127) FVP259
LOG (gmm-align-compiled[5.5.1139~1-67548]:main():gmm-align-compiled.cc:127) FVP26
LOG (gmm-align-compiled[5.5.1139~1-67548]:main():gmm-align-compiled.cc:127) FVP260
LOG (gmm-align-compiled[5.5.1139~1-67548]:main():gmm-align-compiled.cc:127) FVP261
LOG (gmm-align-compiled[5.5.1139~1-67548]:main():gmm-align-compiled.cc:127) FVP262
LOG (gmm-align-compiled[5.5.1139~1-67548]:main():gmm-align-compiled.cc:127) FVP263
LOG (gmm-align-compiled[5.5.1139~1-67548]:main():gmm-align-compiled.cc:127) FVP264
LOG (gmm-align-compiled[5.5.1139~1-67548]:main():gmm-align-compiled.cc:127) FVP265
LOG (gmm-align-compiled[5.5.1139~1-67548]:main():gmm-align-compiled.cc:127) FVP266
LOG (gmm-align-compiled[5.5.1139~1-67548]:main():gmm-align-compiled.cc:127) FVP267
LOG (gmm-align-compiled[5.5.1139~1-67548]:main():gmm-align-compiled.cc:127) FVP268
LOG (gmm-align-compiled[5.5.1139~1-67548]:main():gmm-align-compiled.cc:127) FVP269
LOG (gmm-align-compiled[5.5.1139~1-67548]:main():gmm-align-compiled.cc:127) FVP27
LOG (gmm-align-compiled[5.5.1139~1-67548]:main():gmm-align-compiled.cc:127) FVP270
LOG (gmm-align-compiled[5.5.1139~1-67548]:main():gmm-align-compiled.cc:127) FVP271
LOG (gmm-align-compiled[5.5.1139~1-67548]:main():gmm-align-compiled.cc:127) FVP272
LOG (gmm-align-compiled[5.5.1139~1-67548]:main():gmm-align-compiled.cc:127) FVP273
LOG (gmm-align-compiled[5.5.1139~1-67548]:main():gmm-align-compiled.cc:127) FVP274
LOG (gmm-align-compiled[5.5.1139~1-67548]:main():gmm-align-compiled.cc:127) FVP275
LOG (gmm-align-compiled[5.5.1139~1-67548]:main():gmm-align-compiled.cc:127) FVP276
LOG (gmm-align-compiled[5.5.1139~1-67548]:main():gmm-align-compiled.cc:127) FVP277
LOG (gmm-align-compiled[5.5.1139~1-67548]:main():gmm-align-compiled.cc:127) FVP278
LOG (gmm-align-compiled[5.5.1139~1-67548]:main():gmm-align-compiled.cc:127) FVP279
LOG (gmm-align-compiled[5.5.1139~1-67548]:main():gmm-align-compiled.cc:127) FVP28
LOG (gmm-align-compiled[5.5.1139~1-67548]:main():gmm-align-compiled.cc:127) FVP280
LOG (gmm-align-compiled[5.5.1139~1-67548]:main():gmm-align-compiled.cc:127) FVP281
LOG (gmm-align-compiled[5.5.1139~1-67548]:main():gmm-align-compiled.cc:127) FVP282
LOG (gmm-align-compiled[5.5.1139~1-67548]:main():gmm-align-compiled.cc:127) FVP283
LOG (gmm-align-compiled[5.5.1139~1-67548]:main():gmm-align-compiled.cc:127) FVP284
LOG (gmm-align-compiled[5.5.1139~1-67548]:main():gmm-align-compiled.cc:127) FVP285
LOG (gmm-align-compiled[5.5.1139~1-67548]:main():gmm-align-compiled.cc:127) FVP286
LOG (gmm-align-compiled[5.5.1139~1-67548]:main():gmm-align-compiled.cc:127) FVP287
LOG (gmm-align-compiled[5.5.1139~1-67548]:main():gmm-align-compiled.cc:127) FVP288
LOG (gmm-align-compiled[5.5.1139~1-67548]:main():gmm-align-compiled.cc:127) FVP289
LOG (gmm-align-compiled[5.5.1139~1-67548]:main():gmm-align-compiled.cc:127) FVP29
LOG (gmm-align-compiled[5.5.1139~1-67548]:main():gmm-align-compiled.cc:127) FVP290
LOG (gmm-align-compiled[5.5.1139~1-67548]:main():gmm-align-compiled.cc:127) FVP291
LOG (gmm-align-compiled[5.5.1139~1-67548]:main():gmm-align-compiled.cc:127) FVP292
LOG (gmm-align-compiled[5.5.1139~1-67548]:main():gmm-align-compiled.cc:127) FVP3
LOG (gmm-align-compiled[5.5.1139~1-67548]:main():gmm-align-compiled.cc:127) FVP30
LOG (gmm-align-compiled[5.5.1139~1-67548]:main():gmm-align-compiled.cc:127) FVP31
LOG (gmm-align-compiled[5.5.1139~1-67548]:main():gmm-align-compiled.cc:127) FVP32
LOG (gmm-align-compiled[5.5.1139~1-67548]:main():gmm-align-compiled.cc:127) FVP33
LOG (gmm-align-compiled[5.5.1139~1-67548]:main():gmm-align-compiled.cc:127) FVP34
LOG (gmm-align-compiled[5.5.1139~1-67548]:main():gmm-align-compiled.cc:127) FVP35
LOG (gmm-align-compiled[5.5.1139~1-67548]:main():gmm-align-compiled.cc:127) FVP36
LOG (gmm-align-compiled[5.5.1139~1-67548]:main():gmm-align-compiled.cc:127) FVP37
LOG (gmm-align-compiled[5.5.1139~1-67548]:main():gmm-align-compiled.cc:127) FVP38
LOG (gmm-align-compiled[5.5.1139~1-67548]:main():gmm-align-compiled.cc:127) FVP39
LOG (gmm-align-compiled[5.5.1139~1-67548]:main():gmm-align-compiled.cc:127) FVP4
LOG (gmm-align-compiled[5.5.1139~1-67548]:main():gmm-align-compiled.cc:127) FVP40
LOG (gmm-align-compiled[5.5.1139~1-67548]:main():gmm-align-compiled.cc:127) FVP41
LOG (gmm-align-compiled[5.5.1139~1-67548]:main():gmm-align-compiled.cc:127) FVP42
LOG (gmm-align-compiled[5.5.1139~1-67548]:main():gmm-align-compiled.cc:127) FVP43
LOG (gmm-align-compiled[5.5.1139~1-67548]:main():gmm-align-compiled.cc:127) FVP44
LOG (gmm-align-compiled[5.5.1139~1-67548]:main():gmm-align-compiled.cc:127) FVP45
LOG (gmm-align-compiled[5.5.1139~1-67548]:main():gmm-align-compiled.cc:127) FVP46
LOG (gmm-align-compiled[5.5.1139~1-67548]:main():gmm-align-compiled.cc:127) FVP47
LOG (gmm-align-compiled[5.5.1139~1-67548]:main():gmm-align-compiled.cc:127) FVP48
LOG (gmm-align-compiled[5.5.1139~1-67548]:main():gmm-align-compiled.cc:127) FVP49
LOG (gmm-align-compiled[5.5.1139~1-67548]:main():gmm-align-compiled.cc:127) FVP5
LOG (gmm-align-compiled[5.5.1139~1-67548]:main():gmm-align-compiled.cc:127) FVP50
LOG (gmm-align-compiled[5.5.1139~1-67548]:main():gmm-align-compiled.cc:127) FVP51
LOG (gmm-align-compiled[5.5.1139~1-67548]:main():gmm-align-compiled.cc:127) FVP52
LOG (gmm-align-compiled[5.5.1139~1-67548]:main():gmm-align-compiled.cc:127) FVP53
LOG (gmm-align-compiled[5.5.1139~1-67548]:main():gmm-align-compiled.cc:127) FVP54
LOG (gmm-align-compiled[5.5.1139~1-67548]:main():gmm-align-compiled.cc:127) FVP55
LOG (gmm-align-compiled[5.5.1139~1-67548]:main():gmm-align-compiled.cc:127) FVP56
LOG (gmm-align-compiled[5.5.1139~1-67548]:main():gmm-align-compiled.cc:127) FVP57
LOG (gmm-align-compiled[5.5.1139~1-67548]:main():gmm-align-compiled.cc:127) FVP58
LOG (gmm-align-compiled[5.5.1139~1-67548]:main():gmm-align-compiled.cc:127) FVP59
LOG (gmm-align-compiled[5.5.1139~1-67548]:main():gmm-align-compiled.cc:127) FVP6
LOG (gmm-align-compiled[5.5.1139~1-67548]:main():gmm-align-compiled.cc:127) FVP60
LOG (gmm-align-compiled[5.5.1139~1-67548]:main():gmm-align-compiled.cc:127) FVP61
LOG (gmm-align-compiled[5.5.1139~1-67548]:main():gmm-align-compiled.cc:127) FVP62
LOG (gmm-align-compiled[5.5.1139~1-67548]:main():gmm-align-compiled.cc:127) FVP63
LOG (gmm-align-compiled[5.5.1139~1-67548]:main():gmm-align-compiled.cc:127) FVP64
LOG (gmm-align-compiled[5.5.1139~1-67548]:main():gmm-align-compiled.cc:127) FVP65
LOG (gmm-align-compiled[5.5.1139~1-67548]:main():gmm-align-compiled.cc:127) FVP66
LOG (gmm-align-compiled[5.5.1139~1-67548]:main():gmm-align-compiled.cc:127) FVP67
LOG (gmm-align-compiled[5.5.1139~1-67548]:main():gmm-align-compiled.cc:127) FVP68
LOG (gmm-align-compiled[5.5.1139~1-67548]:main():gmm-align-compiled.cc:127) FVP69
LOG (gmm-align-compiled[5.5.1139~1-67548]:main():gmm-align-compiled.cc:127) FVP7
LOG (gmm-align-compiled[5.5.1139~1-67548]:main():gmm-align-compiled.cc:127) FVP70
LOG (gmm-align-compiled[5.5.1139~1-67548]:main():gmm-align-compiled.cc:127) FVP71
LOG (gmm-align-compiled[5.5.1139~1-67548]:main():gmm-align-compiled.cc:127) FVP72
LOG (gmm-align-compiled[5.5.1139~1-67548]:main():gmm-align-compiled.cc:127) FVP73
LOG (gmm-align-compiled[5.5.1139~1-67548]:main():gmm-align-compiled.cc:127) FVP74
LOG (gmm-align-compiled[5.5.1139~1-67548]:main():gmm-align-compiled.cc:127) FVP75
LOG (gmm-align-compiled[5.5.1139~1-67548]:main():gmm-align-compiled.cc:127) FVP76
LOG (gmm-align-compiled[5.5.1139~1-67548]:main():gmm-align-compiled.cc:127) FVP77
LOG (gmm-align-compiled[5.5.1139~1-67548]:main():gmm-align-compiled.cc:127) FVP78
LOG (gmm-align-compiled[5.5.1139~1-67548]:main():gmm-align-compiled.cc:127) FVP79
LOG (gmm-align-compiled[5.5.1139~1-67548]:main():gmm-align-compiled.cc:127) FVP8
LOG (gmm-align-compiled[5.5.1139~1-67548]:main():gmm-align-compiled.cc:127) FVP80
LOG (gmm-align-compiled[5.5.1139~1-67548]:main():gmm-align-compiled.cc:127) FVP81
LOG (gmm-align-compiled[5.5.1139~1-67548]:main():gmm-align-compiled.cc:127) FVP82
LOG (gmm-align-compiled[5.5.1139~1-67548]:main():gmm-align-compiled.cc:127) FVP83
LOG (gmm-align-compiled[5.5.1139~1-67548]:main():gmm-align-compiled.cc:127) FVP84
LOG (gmm-align-compiled[5.5.1139~1-67548]:main():gmm-align-compiled.cc:127) FVP85
LOG (gmm-align-compiled[5.5.1139~1-67548]:main():gmm-align-compiled.cc:127) FVP86
LOG (gmm-align-compiled[5.5.1139~1-67548]:main():gmm-align-compiled.cc:127) FVP87
LOG (gmm-align-compiled[5.5.1139~1-67548]:main():gmm-align-compiled.cc:127) FVP88
LOG (gmm-align-compiled[5.5.1139~1-67548]:main():gmm-align-compiled.cc:127) FVP89
LOG (gmm-align-compiled[5.5.1139~1-67548]:main():gmm-align-compiled.cc:127) FVP9
LOG (gmm-align-compiled[5.5.1139~1-67548]:main():gmm-align-compiled.cc:127) FVP90
LOG (gmm-align-compiled[5.5.1139~1-67548]:main():gmm-align-compiled.cc:127) FVP91
LOG (gmm-align-compiled[5.5.1139~1-67548]:main():gmm-align-compiled.cc:127) FVP92
LOG (gmm-align-compiled[5.5.1139~1-67548]:main():gmm-align-compiled.cc:127) FVP93
LOG (gmm-align-compiled[5.5.1139~1-67548]:main():gmm-align-compiled.cc:127) FVP94
LOG (gmm-align-compiled[5.5.1139~1-67548]:main():gmm-align-compiled.cc:127) FVP95
LOG (gmm-align-compiled[5.5.1139~1-67548]:main():gmm-align-compiled.cc:127) FVP96
LOG (gmm-align-compiled[5.5.1139~1-67548]:main():gmm-align-compiled.cc:127) FVP97
LOG (gmm-align-compiled[5.5.1139~1-67548]:main():gmm-align-compiled.cc:127) FVP98
LOG (gmm-align-compiled[5.5.1139~1-67548]:main():gmm-align-compiled.cc:127) FVP99
LOG (gmm-align-compiled[5.5.1139~1-67548]:main():gmm-align-compiled.cc:127) MAK1
LOG (gmm-align-compiled[5.5.1139~1-67548]:main():gmm-align-compiled.cc:127) MAK10
LOG (gmm-align-compiled[5.5.1139~1-67548]:main():gmm-align-compiled.cc:127) MAK100
LOG (gmm-align-compiled[5.5.1139~1-67548]:main():gmm-align-compiled.cc:127) MAK101
LOG (gmm-align-compiled[5.5.1139~1-67548]:main():gmm-align-compiled.cc:127) MAK102
LOG (gmm-align-compiled[5.5.1139~1-67548]:main():gmm-align-compiled.cc:127) MAK103
LOG (gmm-align-compiled[5.5.1139~1-67548]:main():gmm-align-compiled.cc:127) MAK104
LOG (gmm-align-compiled[5.5.1139~1-67548]:main():gmm-align-compiled.cc:127) MAK105
LOG (gmm-align-compiled[5.5.1139~1-67548]:main():gmm-align-compiled.cc:127) MAK106
LOG (gmm-align-compiled[5.5.1139~1-67548]:main():gmm-align-compiled.cc:127) MAK107
LOG (gmm-align-compiled[5.5.1139~1-67548]:main():gmm-align-compiled.cc:127) MAK108
LOG (gmm-align-compiled[5.5.1139~1-67548]:main():gmm-align-compiled.cc:127) MAK109
LOG (gmm-align-compiled[5.5.1139~1-67548]:main():gmm-align-compiled.cc:127) MAK11
LOG (gmm-align-compiled[5.5.1139~1-67548]:main():gmm-align-compiled.cc:127) MAK110
LOG (gmm-align-compiled[5.5.1139~1-67548]:main():gmm-align-compiled.cc:127) MAK111
LOG (gmm-align-compiled[5.5.1139~1-67548]:main():gmm-align-compiled.cc:127) MAK112
LOG (gmm-align-compiled[5.5.1139~1-67548]:main():gmm-align-compiled.cc:127) MAK113
LOG (gmm-align-compiled[5.5.1139~1-67548]:main():gmm-align-compiled.cc:127) MAK114
LOG (gmm-align-compiled[5.5.1139~1-67548]:main():gmm-align-compiled.cc:127) MAK115
LOG (gmm-align-compiled[5.5.1139~1-67548]:main():gmm-align-compiled.cc:127) MAK116
LOG (gmm-align-compiled[5.5.1139~1-67548]:main():gmm-align-compiled.cc:127) MAK117
LOG (gmm-align-compiled[5.5.1139~1-67548]:main():gmm-align-compiled.cc:127) MAK118
LOG (gmm-align-compiled[5.5.1139~1-67548]:main():gmm-align-compiled.cc:127) MAK119
LOG (gmm-align-compiled[5.5.1139~1-67548]:main():gmm-align-compiled.cc:127) MAK12
LOG (gmm-align-compiled[5.5.1139~1-67548]:main():gmm-align-compiled.cc:127) MAK120
LOG (gmm-align-compiled[5.5.1139~1-67548]:main():gmm-align-compiled.cc:127) MAK121
LOG (gmm-align-compiled[5.5.1139~1-67548]:main():gmm-align-compiled.cc:127) MAK122
LOG (gmm-align-compiled[5.5.1139~1-67548]:main():gmm-align-compiled.cc:127) MAK123
LOG (gmm-align-compiled[5.5.1139~1-67548]:main():gmm-align-compiled.cc:127) MAK124
LOG (gmm-align-compiled[5.5.1139~1-67548]:main():gmm-align-compiled.cc:127) MAK125
LOG (gmm-align-compiled[5.5.1139~1-67548]:main():gmm-align-compiled.cc:127) MAK126
LOG (gmm-align-compiled[5.5.1139~1-67548]:main():gmm-align-compiled.cc:127) MAK127
LOG (gmm-align-compiled[5.5.1139~1-67548]:main():gmm-align-compiled.cc:127) MAK128
LOG (gmm-align-compiled[5.5.1139~1-67548]:main():gmm-align-compiled.cc:127) MAK129
LOG (gmm-align-compiled[5.5.1139~1-67548]:main():gmm-align-compiled.cc:127) MAK13
LOG (gmm-align-compiled[5.5.1139~1-67548]:main():gmm-align-compiled.cc:127) MAK130
LOG (gmm-align-compiled[5.5.1139~1-67548]:main():gmm-align-compiled.cc:127) MAK131
LOG (gmm-align-compiled[5.5.1139~1-67548]:main():gmm-align-compiled.cc:127) MAK132
LOG (gmm-align-compiled[5.5.1139~1-67548]:main():gmm-align-compiled.cc:127) MAK133
LOG (gmm-align-compiled[5.5.1139~1-67548]:main():gmm-align-compiled.cc:127) MAK134
LOG (gmm-align-compiled[5.5.1139~1-67548]:main():gmm-align-compiled.cc:127) MAK135
LOG (gmm-align-compiled[5.5.1139~1-67548]:main():gmm-align-compiled.cc:127) MAK136
LOG (gmm-align-compiled[5.5.1139~1-67548]:main():gmm-align-compiled.cc:127) MAK137
LOG (gmm-align-compiled[5.5.1139~1-67548]:main():gmm-align-compiled.cc:127) MAK138
LOG (gmm-align-compiled[5.5.1139~1-67548]:main():gmm-align-compiled.cc:127) MAK139
LOG (gmm-align-compiled[5.5.1139~1-67548]:main():gmm-align-compiled.cc:127) MAK14
LOG (gmm-align-compiled[5.5.1139~1-67548]:main():gmm-align-compiled.cc:127) MAK140
LOG (gmm-align-compiled[5.5.1139~1-67548]:main():gmm-align-compiled.cc:127) MAK141
LOG (gmm-align-compiled[5.5.1139~1-67548]:main():gmm-align-compiled.cc:127) MAK142
LOG (gmm-align-compiled[5.5.1139~1-67548]:main():gmm-align-compiled.cc:127) MAK143
LOG (gmm-align-compiled[5.5.1139~1-67548]:main():gmm-align-compiled.cc:127) MAK144
LOG (gmm-align-compiled[5.5.1139~1-67548]:main():gmm-align-compiled.cc:127) MAK145
LOG (gmm-align-compiled[5.5.1139~1-67548]:main():gmm-align-compiled.cc:127) MAK146
LOG (gmm-align-compiled[5.5.1139~1-67548]:main():gmm-align-compiled.cc:127) MAK147
LOG (gmm-align-compiled[5.5.1139~1-67548]:main():gmm-align-compiled.cc:127) MAK148
LOG (gmm-align-compiled[5.5.1139~1-67548]:main():gmm-align-compiled.cc:127) MAK149
LOG (gmm-align-compiled[5.5.1139~1-67548]:main():gmm-align-compiled.cc:127) MAK15
LOG (gmm-align-compiled[5.5.1139~1-67548]:main():gmm-align-compiled.cc:127) MAK150
LOG (gmm-align-compiled[5.5.1139~1-67548]:main():gmm-align-compiled.cc:127) MAK151
LOG (gmm-align-compiled[5.5.1139~1-67548]:main():gmm-align-compiled.cc:127) MAK152
LOG (gmm-align-compiled[5.5.1139~1-67548]:main():gmm-align-compiled.cc:127) MAK153
LOG (gmm-align-compiled[5.5.1139~1-67548]:main():gmm-align-compiled.cc:127) MAK154
LOG (gmm-align-compiled[5.5.1139~1-67548]:main():gmm-align-compiled.cc:127) MAK155
LOG (gmm-align-compiled[5.5.1139~1-67548]:main():gmm-align-compiled.cc:127) MAK156
LOG (gmm-align-compiled[5.5.1139~1-67548]:main():gmm-align-compiled.cc:127) MAK157
LOG (gmm-align-compiled[5.5.1139~1-67548]:main():gmm-align-compiled.cc:127) MAK158
LOG (gmm-align-compiled[5.5.1139~1-67548]:main():gmm-align-compiled.cc:127) MAK159
LOG (gmm-align-compiled[5.5.1139~1-67548]:main():gmm-align-compiled.cc:127) MAK16
LOG (gmm-align-compiled[5.5.1139~1-67548]:main():gmm-align-compiled.cc:127) MAK160
LOG (gmm-align-compiled[5.5.1139~1-67548]:main():gmm-align-compiled.cc:127) MAK161
LOG (gmm-align-compiled[5.5.1139~1-67548]:main():gmm-align-compiled.cc:127) MAK162
LOG (gmm-align-compiled[5.5.1139~1-67548]:main():gmm-align-compiled.cc:127) MAK163
LOG (gmm-align-compiled[5.5.1139~1-67548]:main():gmm-align-compiled.cc:127) MAK164
LOG (gmm-align-compiled[5.5.1139~1-67548]:main():gmm-align-compiled.cc:127) MAK165
LOG (gmm-align-compiled[5.5.1139~1-67548]:main():gmm-align-compiled.cc:127) MAK166
LOG (gmm-align-compiled[5.5.1139~1-67548]:main():gmm-align-compiled.cc:127) MAK167
LOG (gmm-align-compiled[5.5.1139~1-67548]:main():gmm-align-compiled.cc:127) MAK168
LOG (gmm-align-compiled[5.5.1139~1-67548]:main():gmm-align-compiled.cc:127) MAK169
LOG (gmm-align-compiled[5.5.1139~1-67548]:main():gmm-align-compiled.cc:127) MAK17
LOG (gmm-align-compiled[5.5.1139~1-67548]:main():gmm-align-compiled.cc:127) MAK170
LOG (gmm-align-compiled[5.5.1139~1-67548]:main():gmm-align-compiled.cc:127) MAK171
LOG (gmm-align-compiled[5.5.1139~1-67548]:main():gmm-align-compiled.cc:127) MAK172
LOG (gmm-align-compiled[5.5.1139~1-67548]:main():gmm-align-compiled.cc:127) MAK173
LOG (gmm-align-compiled[5.5.1139~1-67548]:main():gmm-align-compiled.cc:127) MAK174
LOG (gmm-align-compiled[5.5.1139~1-67548]:main():gmm-align-compiled.cc:127) MAK175
LOG (gmm-align-compiled[5.5.1139~1-67548]:main():gmm-align-compiled.cc:127) MAK176
LOG (gmm-align-compiled[5.5.1139~1-67548]:main():gmm-align-compiled.cc:127) MAK177
LOG (gmm-align-compiled[5.5.1139~1-67548]:main():gmm-align-compiled.cc:127) MAK178
LOG (gmm-align-compiled[5.5.1139~1-67548]:main():gmm-align-compiled.cc:127) MAK179
LOG (gmm-align-compiled[5.5.1139~1-67548]:main():gmm-align-compiled.cc:127) MAK18
LOG (gmm-align-compiled[5.5.1139~1-67548]:main():gmm-align-compiled.cc:127) MAK180
LOG (gmm-align-compiled[5.5.1139~1-67548]:main():gmm-align-compiled.cc:127) MAK181
LOG (gmm-align-compiled[5.5.1139~1-67548]:main():gmm-align-compiled.cc:127) MAK182
LOG (gmm-align-compiled[5.5.1139~1-67548]:main():gmm-align-compiled.cc:127) MAK183
LOG (gmm-align-compiled[5.5.1139~1-67548]:main():gmm-align-compiled.cc:127) MAK184
LOG (gmm-align-compiled[5.5.1139~1-67548]:main():gmm-align-compiled.cc:127) MAK185
LOG (gmm-align-compiled[5.5.1139~1-67548]:main():gmm-align-compiled.cc:127) MAK186
LOG (gmm-align-compiled[5.5.1139~1-67548]:main():gmm-align-compiled.cc:127) MAK187
LOG (gmm-align-compiled[5.5.1139~1-67548]:main():gmm-align-compiled.cc:127) MAK188
LOG (gmm-align-compiled[5.5.1139~1-67548]:main():gmm-align-compiled.cc:127) MAK189
LOG (gmm-align-compiled[5.5.1139~1-67548]:main():gmm-align-compiled.cc:127) MAK19
LOG (gmm-align-compiled[5.5.1139~1-67548]:main():gmm-align-compiled.cc:127) MAK190
LOG (gmm-align-compiled[5.5.1139~1-67548]:main():gmm-align-compiled.cc:127) MAK191
LOG (gmm-align-compiled[5.5.1139~1-67548]:main():gmm-align-compiled.cc:127) MAK192
LOG (gmm-align-compiled[5.5.1139~1-67548]:main():gmm-align-compiled.cc:127) MAK193
LOG (gmm-align-compiled[5.5.1139~1-67548]:main():gmm-align-compiled.cc:127) MAK194
LOG (gmm-align-compiled[5.5.1139~1-67548]:main():gmm-align-compiled.cc:127) MAK195
LOG (gmm-align-compiled[5.5.1139~1-67548]:main():gmm-align-compiled.cc:127) MAK196
LOG (gmm-align-compiled[5.5.1139~1-67548]:main():gmm-align-compiled.cc:127) MAK197
LOG (gmm-align-compiled[5.5.1139~1-67548]:main():gmm-align-compiled.cc:127) MAK198
LOG (gmm-align-compiled[5.5.1139~1-67548]:main():gmm-align-compiled.cc:127) MAK199
LOG (gmm-align-compiled[5.5.1139~1-67548]:main():gmm-align-compiled.cc:127) MAK2
LOG (gmm-align-compiled[5.5.1139~1-67548]:main():gmm-align-compiled.cc:127) MAK20
LOG (gmm-align-compiled[5.5.1139~1-67548]:main():gmm-align-compiled.cc:127) MAK200
LOG (gmm-align-compiled[5.5.1139~1-67548]:main():gmm-align-compiled.cc:127) MAK201
LOG (gmm-align-compiled[5.5.1139~1-67548]:main():gmm-align-compiled.cc:127) MAK202
LOG (gmm-align-compiled[5.5.1139~1-67548]:main():gmm-align-compiled.cc:127) MAK203
LOG (gmm-align-compiled[5.5.1139~1-67548]:main():gmm-align-compiled.cc:127) MAK204
LOG (gmm-align-compiled[5.5.1139~1-67548]:main():gmm-align-compiled.cc:127) MAK205
LOG (gmm-align-compiled[5.5.1139~1-67548]:main():gmm-align-compiled.cc:127) MAK206
LOG (gmm-align-compiled[5.5.1139~1-67548]:main():gmm-align-compiled.cc:127) MAK207
LOG (gmm-align-compiled[5.5.1139~1-67548]:main():gmm-align-compiled.cc:127) MAK208
LOG (gmm-align-compiled[5.5.1139~1-67548]:main():gmm-align-compiled.cc:127) MAK209
LOG (gmm-align-compiled[5.5.1139~1-67548]:main():gmm-align-compiled.cc:127) MAK21
LOG (gmm-align-compiled[5.5.1139~1-67548]:main():gmm-align-compiled.cc:127) MAK210
LOG (gmm-align-compiled[5.5.1139~1-67548]:main():gmm-align-compiled.cc:127) MAK211
LOG (gmm-align-compiled[5.5.1139~1-67548]:main():gmm-align-compiled.cc:127) MAK212
LOG (gmm-align-compiled[5.5.1139~1-67548]:main():gmm-align-compiled.cc:127) MAK213
LOG (gmm-align-compiled[5.5.1139~1-67548]:main():gmm-align-compiled.cc:127) MAK214
LOG (gmm-align-compiled[5.5.1139~1-67548]:main():gmm-align-compiled.cc:127) MAK215
LOG (gmm-align-compiled[5.5.1139~1-67548]:main():gmm-align-compiled.cc:127) MAK216
LOG (gmm-align-compiled[5.5.1139~1-67548]:main():gmm-align-compiled.cc:127) MAK217
LOG (gmm-align-compiled[5.5.1139~1-67548]:main():gmm-align-compiled.cc:127) MAK218
LOG (gmm-align-compiled[5.5.1139~1-67548]:main():gmm-align-compiled.cc:127) MAK219
LOG (gmm-align-compiled[5.5.1139~1-67548]:main():gmm-align-compiled.cc:127) MAK22
LOG (gmm-align-compiled[5.5.1139~1-67548]:main():gmm-align-compiled.cc:127) MAK220
LOG (gmm-align-compiled[5.5.1139~1-67548]:main():gmm-align-compiled.cc:127) MAK221
LOG (gmm-align-compiled[5.5.1139~1-67548]:main():gmm-align-compiled.cc:127) MAK222
LOG (gmm-align-compiled[5.5.1139~1-67548]:main():gmm-align-compiled.cc:127) MAK223
LOG (gmm-align-compiled[5.5.1139~1-67548]:main():gmm-align-compiled.cc:127) MAK224
LOG (gmm-align-compiled[5.5.1139~1-67548]:main():gmm-align-compiled.cc:127) MAK225
LOG (gmm-align-compiled[5.5.1139~1-67548]:main():gmm-align-compiled.cc:127) MAK226
LOG (gmm-align-compiled[5.5.1139~1-67548]:main():gmm-align-compiled.cc:127) MAK227
LOG (gmm-align-compiled[5.5.1139~1-67548]:main():gmm-align-compiled.cc:127) MAK228
LOG (gmm-align-compiled[5.5.1139~1-67548]:main():gmm-align-compiled.cc:127) MAK229
LOG (gmm-align-compiled[5.5.1139~1-67548]:main():gmm-align-compiled.cc:127) MAK23
LOG (gmm-align-compiled[5.5.1139~1-67548]:main():gmm-align-compiled.cc:127) MAK230
LOG (gmm-align-compiled[5.5.1139~1-67548]:main():gmm-align-compiled.cc:127) MAK231
LOG (gmm-align-compiled[5.5.1139~1-67548]:main():gmm-align-compiled.cc:127) MAK232
LOG (gmm-align-compiled[5.5.1139~1-67548]:main():gmm-align-compiled.cc:127) MAK233
LOG (gmm-align-compiled[5.5.1139~1-67548]:main():gmm-align-compiled.cc:127) MAK234
LOG (gmm-align-compiled[5.5.1139~1-67548]:main():gmm-align-compiled.cc:127) MAK235
LOG (gmm-align-compiled[5.5.1139~1-67548]:main():gmm-align-compiled.cc:127) MAK236
LOG (gmm-align-compiled[5.5.1139~1-67548]:main():gmm-align-compiled.cc:127) MAK237
LOG (gmm-align-compiled[5.5.1139~1-67548]:main():gmm-align-compiled.cc:127) MAK238
LOG (gmm-align-compiled[5.5.1139~1-67548]:main():gmm-align-compiled.cc:127) MAK239
LOG (gmm-align-compiled[5.5.1139~1-67548]:main():gmm-align-compiled.cc:127) MAK24
LOG (gmm-align-compiled[5.5.1139~1-67548]:main():gmm-align-compiled.cc:127) MAK240
LOG (gmm-align-compiled[5.5.1139~1-67548]:main():gmm-align-compiled.cc:127) MAK241
LOG (gmm-align-compiled[5.5.1139~1-67548]:main():gmm-align-compiled.cc:127) MAK242
LOG (gmm-align-compiled[5.5.1139~1-67548]:main():gmm-align-compiled.cc:127) MAK243
LOG (gmm-align-compiled[5.5.1139~1-67548]:main():gmm-align-compiled.cc:127) MAK244
LOG (gmm-align-compiled[5.5.1139~1-67548]:main():gmm-align-compiled.cc:127) MAK245
LOG (gmm-align-compiled[5.5.1139~1-67548]:main():gmm-align-compiled.cc:127) MAK246
LOG (gmm-align-compiled[5.5.1139~1-67548]:main():gmm-align-compiled.cc:127) MAK247
LOG (gmm-align-compiled[5.5.1139~1-67548]:main():gmm-align-compiled.cc:127) MAK248
LOG (gmm-align-compiled[5.5.1139~1-67548]:main():gmm-align-compiled.cc:127) MAK249
LOG (gmm-align-compiled[5.5.1139~1-67548]:main():gmm-align-compiled.cc:127) MAK25
LOG (gmm-align-compiled[5.5.1139~1-67548]:main():gmm-align-compiled.cc:127) MAK250
LOG (gmm-align-compiled[5.5.1139~1-67548]:main():gmm-align-compiled.cc:127) MAK251
LOG (gmm-align-compiled[5.5.1139~1-67548]:main():gmm-align-compiled.cc:127) MAK252
LOG (gmm-align-compiled[5.5.1139~1-67548]:main():gmm-align-compiled.cc:127) MAK253
LOG (gmm-align-compiled[5.5.1139~1-67548]:main():gmm-align-compiled.cc:127) MAK254
LOG (gmm-align-compiled[5.5.1139~1-67548]:main():gmm-align-compiled.cc:127) MAK255
LOG (gmm-align-compiled[5.5.1139~1-67548]:main():gmm-align-compiled.cc:127) MAK256
LOG (gmm-align-compiled[5.5.1139~1-67548]:main():gmm-align-compiled.cc:127) MAK257
LOG (gmm-align-compiled[5.5.1139~1-67548]:main():gmm-align-compiled.cc:127) MAK258
LOG (gmm-align-compiled[5.5.1139~1-67548]:main():gmm-align-compiled.cc:127) MAK259
LOG (gmm-align-compiled[5.5.1139~1-67548]:main():gmm-align-compiled.cc:127) MAK26
LOG (gmm-align-compiled[5.5.1139~1-67548]:main():gmm-align-compiled.cc:127) MAK260
LOG (gmm-align-compiled[5.5.1139~1-67548]:main():gmm-align-compiled.cc:127) MAK261
LOG (gmm-align-compiled[5.5.1139~1-67548]:main():gmm-align-compiled.cc:127) MAK262
LOG (gmm-align-compiled[5.5.1139~1-67548]:main():gmm-align-compiled.cc:127) MAK263
LOG (gmm-align-compiled[5.5.1139~1-67548]:main():gmm-align-compiled.cc:127) MAK264
LOG (gmm-align-compiled[5.5.1139~1-67548]:main():gmm-align-compiled.cc:127) MAK265
LOG (gmm-align-compiled[5.5.1139~1-67548]:main():gmm-align-compiled.cc:127) MAK266
LOG (gmm-align-compiled[5.5.1139~1-67548]:main():gmm-align-compiled.cc:127) MAK267
LOG (gmm-align-compiled[5.5.1139~1-67548]:main():gmm-align-compiled.cc:127) MAK268
LOG (gmm-align-compiled[5.5.1139~1-67548]:main():gmm-align-compiled.cc:127) MAK269
LOG (gmm-align-compiled[5.5.1139~1-67548]:main():gmm-align-compiled.cc:127) MAK27
LOG (gmm-align-compiled[5.5.1139~1-67548]:main():gmm-align-compiled.cc:127) MAK270
LOG (gmm-align-compiled[5.5.1139~1-67548]:main():gmm-align-compiled.cc:127) MAK271
LOG (gmm-align-compiled[5.5.1139~1-67548]:main():gmm-align-compiled.cc:127) MAK272
LOG (gmm-align-compiled[5.5.1139~1-67548]:main():gmm-align-compiled.cc:127) MAK273
LOG (gmm-align-compiled[5.5.1139~1-67548]:main():gmm-align-compiled.cc:127) MAK274
LOG (gmm-align-compiled[5.5.1139~1-67548]:main():gmm-align-compiled.cc:127) MAK275
LOG (gmm-align-compiled[5.5.1139~1-67548]:main():gmm-align-compiled.cc:127) MAK276
LOG (gmm-align-compiled[5.5.1139~1-67548]:main():gmm-align-compiled.cc:127) MAK277
LOG (gmm-align-compiled[5.5.1139~1-67548]:main():gmm-align-compiled.cc:127) MAK278
LOG (gmm-align-compiled[5.5.1139~1-67548]:main():gmm-align-compiled.cc:127) MAK279
LOG (gmm-align-compiled[5.5.1139~1-67548]:main():gmm-align-compiled.cc:127) MAK28
LOG (gmm-align-compiled[5.5.1139~1-67548]:main():gmm-align-compiled.cc:127) MAK280
LOG (gmm-align-compiled[5.5.1139~1-67548]:main():gmm-align-compiled.cc:127) MAK281
LOG (gmm-align-compiled[5.5.1139~1-67548]:main():gmm-align-compiled.cc:127) MAK282
LOG (gmm-align-compiled[5.5.1139~1-67548]:main():gmm-align-compiled.cc:127) MAK283
LOG (gmm-align-compiled[5.5.1139~1-67548]:main():gmm-align-compiled.cc:127) MAK284
LOG (gmm-align-compiled[5.5.1139~1-67548]:main():gmm-align-compiled.cc:127) MAK285
LOG (gmm-align-compiled[5.5.1139~1-67548]:main():gmm-align-compiled.cc:127) MAK286
LOG (gmm-align-compiled[5.5.1139~1-67548]:main():gmm-align-compiled.cc:127) MAK287
LOG (gmm-align-compiled[5.5.1139~1-67548]:main():gmm-align-compiled.cc:127) MAK288
LOG (gmm-align-compiled[5.5.1139~1-67548]:main():gmm-align-compiled.cc:127) MAK289
LOG (gmm-align-compiled[5.5.1139~1-67548]:main():gmm-align-compiled.cc:127) MAK29
LOG (gmm-align-compiled[5.5.1139~1-67548]:main():gmm-align-compiled.cc:127) MAK290
LOG (gmm-align-compiled[5.5.1139~1-67548]:main():gmm-align-compiled.cc:127) MAK291
LOG (gmm-align-compiled[5.5.1139~1-67548]:main():gmm-align-compiled.cc:127) MAK292
LOG (gmm-align-compiled[5.5.1139~1-67548]:main():gmm-align-compiled.cc:127) MAK3
LOG (gmm-align-compiled[5.5.1139~1-67548]:main():gmm-align-compiled.cc:127) MAK30
LOG (gmm-align-compiled[5.5.1139~1-67548]:main():gmm-align-compiled.cc:127) MAK31
LOG (gmm-align-compiled[5.5.1139~1-67548]:main():gmm-align-compiled.cc:127) MAK32
LOG (gmm-align-compiled[5.5.1139~1-67548]:main():gmm-align-compiled.cc:127) MAK33
LOG (gmm-align-compiled[5.5.1139~1-67548]:main():gmm-align-compiled.cc:127) MAK34
LOG (gmm-align-compiled[5.5.1139~1-67548]:main():gmm-align-compiled.cc:127) MAK35
LOG (gmm-align-compiled[5.5.1139~1-67548]:main():gmm-align-compiled.cc:127) MAK36
LOG (gmm-align-compiled[5.5.1139~1-67548]:main():gmm-align-compiled.cc:127) MAK37
LOG (gmm-align-compiled[5.5.1139~1-67548]:main():gmm-align-compiled.cc:127) MAK38
LOG (gmm-align-compiled[5.5.1139~1-67548]:main():gmm-align-compiled.cc:127) MAK39
LOG (gmm-align-compiled[5.5.1139~1-67548]:main():gmm-align-compiled.cc:127) MAK4
LOG (gmm-align-compiled[5.5.1139~1-67548]:main():gmm-align-compiled.cc:127) MAK40
LOG (gmm-align-compiled[5.5.1139~1-67548]:main():gmm-align-compiled.cc:127) MAK41
LOG (gmm-align-compiled[5.5.1139~1-67548]:main():gmm-align-compiled.cc:127) MAK42
LOG (gmm-align-compiled[5.5.1139~1-67548]:main():gmm-align-compiled.cc:127) MAK43
LOG (gmm-align-compiled[5.5.1139~1-67548]:main():gmm-align-compiled.cc:127) MAK44
LOG (gmm-align-compiled[5.5.1139~1-67548]:main():gmm-align-compiled.cc:127) MAK45
LOG (gmm-align-compiled[5.5.1139~1-67548]:main():gmm-align-compiled.cc:127) MAK46
LOG (gmm-align-compiled[5.5.1139~1-67548]:main():gmm-align-compiled.cc:127) MAK47
LOG (gmm-align-compiled[5.5.1139~1-67548]:main():gmm-align-compiled.cc:127) MAK48
LOG (gmm-align-compiled[5.5.1139~1-67548]:main():gmm-align-compiled.cc:127) MAK49
LOG (gmm-align-compiled[5.5.1139~1-67548]:main():gmm-align-compiled.cc:127) MAK5
LOG (gmm-align-compiled[5.5.1139~1-67548]:main():gmm-align-compiled.cc:127) MAK50
LOG (gmm-align-compiled[5.5.1139~1-67548]:main():gmm-align-compiled.cc:127) MAK51
LOG (gmm-align-compiled[5.5.1139~1-67548]:main():gmm-align-compiled.cc:127) MAK52
LOG (gmm-align-compiled[5.5.1139~1-67548]:main():gmm-align-compiled.cc:127) MAK53
LOG (gmm-align-compiled[5.5.1139~1-67548]:main():gmm-align-compiled.cc:127) MAK54
LOG (gmm-align-compiled[5.5.1139~1-67548]:main():gmm-align-compiled.cc:127) MAK55
LOG (gmm-align-compiled[5.5.1139~1-67548]:main():gmm-align-compiled.cc:127) MAK56
LOG (gmm-align-compiled[5.5.1139~1-67548]:main():gmm-align-compiled.cc:127) MAK57
LOG (gmm-align-compiled[5.5.1139~1-67548]:main():gmm-align-compiled.cc:127) MAK58
LOG (gmm-align-compiled[5.5.1139~1-67548]:main():gmm-align-compiled.cc:127) MAK59
LOG (gmm-align-compiled[5.5.1139~1-67548]:main():gmm-align-compiled.cc:127) MAK6
LOG (gmm-align-compiled[5.5.1139~1-67548]:main():gmm-align-compiled.cc:127) MAK60
LOG (gmm-align-compiled[5.5.1139~1-67548]:main():gmm-align-compiled.cc:127) MAK61
LOG (gmm-align-compiled[5.5.1139~1-67548]:main():gmm-align-compiled.cc:127) MAK62
LOG (gmm-align-compiled[5.5.1139~1-67548]:main():gmm-align-compiled.cc:127) MAK63
LOG (gmm-align-compiled[5.5.1139~1-67548]:main():gmm-align-compiled.cc:127) MAK64
LOG (gmm-align-compiled[5.5.1139~1-67548]:main():gmm-align-compiled.cc:127) MAK65
LOG (gmm-align-compiled[5.5.1139~1-67548]:main():gmm-align-compiled.cc:127) MAK66
LOG (gmm-align-compiled[5.5.1139~1-67548]:main():gmm-align-compiled.cc:127) MAK67
LOG (gmm-align-compiled[5.5.1139~1-67548]:main():gmm-align-compiled.cc:127) MAK68
LOG (gmm-align-compiled[5.5.1139~1-67548]:main():gmm-align-compiled.cc:127) MAK69
LOG (gmm-align-compiled[5.5.1139~1-67548]:main():gmm-align-compiled.cc:127) MAK7
LOG (gmm-align-compiled[5.5.1139~1-67548]:main():gmm-align-compiled.cc:127) MAK70
LOG (gmm-align-compiled[5.5.1139~1-67548]:main():gmm-align-compiled.cc:127) MAK71
LOG (gmm-align-compiled[5.5.1139~1-67548]:main():gmm-align-compiled.cc:127) MAK72
LOG (gmm-align-compiled[5.5.1139~1-67548]:main():gmm-align-compiled.cc:127) MAK73
LOG (gmm-align-compiled[5.5.1139~1-67548]:main():gmm-align-compiled.cc:127) MAK74
LOG (gmm-align-compiled[5.5.1139~1-67548]:main():gmm-align-compiled.cc:127) MAK75
LOG (gmm-align-compiled[5.5.1139~1-67548]:main():gmm-align-compiled.cc:127) MAK76
LOG (gmm-align-compiled[5.5.1139~1-67548]:main():gmm-align-compiled.cc:127) MAK77
LOG (gmm-align-compiled[5.5.1139~1-67548]:main():gmm-align-compiled.cc:127) MAK78
LOG (gmm-align-compiled[5.5.1139~1-67548]:main():gmm-align-compiled.cc:127) MAK79
LOG (gmm-align-compiled[5.5.1139~1-67548]:main():gmm-align-compiled.cc:127) MAK8
LOG (gmm-align-compiled[5.5.1139~1-67548]:main():gmm-align-compiled.cc:127) MAK80
LOG (gmm-align-compiled[5.5.1139~1-67548]:main():gmm-align-compiled.cc:127) MAK81
LOG (gmm-align-compiled[5.5.1139~1-67548]:main():gmm-align-compiled.cc:127) MAK82
LOG (gmm-align-compiled[5.5.1139~1-67548]:main():gmm-align-compiled.cc:127) MAK83
LOG (gmm-align-compiled[5.5.1139~1-67548]:main():gmm-align-compiled.cc:127) MAK84
LOG (gmm-align-compiled[5.5.1139~1-67548]:main():gmm-align-compiled.cc:127) MAK85
LOG (gmm-align-compiled[5.5.1139~1-67548]:main():gmm-align-compiled.cc:127) MAK86
LOG (gmm-align-compiled[5.5.1139~1-67548]:main():gmm-align-compiled.cc:127) MAK87
LOG (gmm-align-compiled[5.5.1139~1-67548]:main():gmm-align-compiled.cc:127) MAK88
LOG (gmm-align-compiled[5.5.1139~1-67548]:main():gmm-align-compiled.cc:127) MAK89
LOG (gmm-align-compiled[5.5.1139~1-67548]:main():gmm-align-compiled.cc:127) MAK9
LOG (gmm-align-compiled[5.5.1139~1-67548]:main():gmm-align-compiled.cc:127) MAK90
LOG (gmm-align-compiled[5.5.1139~1-67548]:main():gmm-align-compiled.cc:127) MAK91
LOG (gmm-align-compiled[5.5.1139~1-67548]:main():gmm-align-compiled.cc:127) MAK92
LOG (gmm-align-compiled[5.5.1139~1-67548]:main():gmm-align-compiled.cc:127) MAK93
LOG (gmm-align-compiled[5.5.1139~1-67548]:main():gmm-align-compiled.cc:127) MAK94
LOG (gmm-align-compiled[5.5.1139~1-67548]:main():gmm-align-compiled.cc:127) MAK95
LOG (gmm-align-compiled[5.5.1139~1-67548]:main():gmm-align-compiled.cc:127) MAK96
LOG (gmm-align-compiled[5.5.1139~1-67548]:main():gmm-align-compiled.cc:127) MAK97
LOG (gmm-align-compiled[5.5.1139~1-67548]:main():gmm-align-compiled.cc:127) MAK98
LOG (gmm-align-compiled[5.5.1139~1-67548]:main():gmm-align-compiled.cc:127) MAK99
LOG (gmm-align-compiled[5.5.1139~1-67548]:main():gmm-align-compiled.cc:127) MPA1
LOG (gmm-align-compiled[5.5.1139~1-67548]:main():gmm-align-compiled.cc:127) MPA10
LOG (gmm-align-compiled[5.5.1139~1-67548]:main():gmm-align-compiled.cc:127) MPA100
LOG (gmm-align-compiled[5.5.1139~1-67548]:main():gmm-align-compiled.cc:127) MPA101
LOG (gmm-align-compiled[5.5.1139~1-67548]:main():gmm-align-compiled.cc:127) MPA102
LOG (gmm-align-compiled[5.5.1139~1-67548]:main():gmm-align-compiled.cc:127) MPA103
LOG (gmm-align-compiled[5.5.1139~1-67548]:main():gmm-align-compiled.cc:127) MPA104
LOG (gmm-align-compiled[5.5.1139~1-67548]:main():gmm-align-compiled.cc:127) MPA105
LOG (gmm-align-compiled[5.5.1139~1-67548]:main():gmm-align-compiled.cc:127) MPA106
LOG (gmm-align-compiled[5.5.1139~1-67548]:main():gmm-align-compiled.cc:127) MPA107
LOG (gmm-align-compiled[5.5.1139~1-67548]:main():gmm-align-compiled.cc:127) MPA108
LOG (gmm-align-compiled[5.5.1139~1-67548]:main():gmm-align-compiled.cc:127) MPA109
LOG (gmm-align-compiled[5.5.1139~1-67548]:main():gmm-align-compiled.cc:127) MPA11
LOG (gmm-align-compiled[5.5.1139~1-67548]:main():gmm-align-compiled.cc:127) MPA110
LOG (gmm-align-compiled[5.5.1139~1-67548]:main():gmm-align-compiled.cc:127) MPA111
LOG (gmm-align-compiled[5.5.1139~1-67548]:main():gmm-align-compiled.cc:127) MPA112
LOG (gmm-align-compiled[5.5.1139~1-67548]:main():gmm-align-compiled.cc:127) MPA113
LOG (gmm-align-compiled[5.5.1139~1-67548]:main():gmm-align-compiled.cc:127) MPA114
LOG (gmm-align-compiled[5.5.1139~1-67548]:main():gmm-align-compiled.cc:127) MPA115
LOG (gmm-align-compiled[5.5.1139~1-67548]:main():gmm-align-compiled.cc:127) MPA116
LOG (gmm-align-compiled[5.5.1139~1-67548]:main():gmm-align-compiled.cc:127) MPA117
LOG (gmm-align-compiled[5.5.1139~1-67548]:main():gmm-align-compiled.cc:127) MPA118
LOG (gmm-align-compiled[5.5.1139~1-67548]:main():gmm-align-compiled.cc:127) MPA119
LOG (gmm-align-compiled[5.5.1139~1-67548]:main():gmm-align-compiled.cc:127) MPA12
LOG (gmm-align-compiled[5.5.1139~1-67548]:main():gmm-align-compiled.cc:127) MPA120
LOG (gmm-align-compiled[5.5.1139~1-67548]:main():gmm-align-compiled.cc:127) MPA121
LOG (gmm-align-compiled[5.5.1139~1-67548]:main():gmm-align-compiled.cc:127) MPA122
LOG (gmm-align-compiled[5.5.1139~1-67548]:main():gmm-align-compiled.cc:127) MPA123
LOG (gmm-align-compiled[5.5.1139~1-67548]:main():gmm-align-compiled.cc:127) MPA124
LOG (gmm-align-compiled[5.5.1139~1-67548]:main():gmm-align-compiled.cc:127) MPA125
LOG (gmm-align-compiled[5.5.1139~1-67548]:main():gmm-align-compiled.cc:127) MPA126
LOG (gmm-align-compiled[5.5.1139~1-67548]:main():gmm-align-compiled.cc:127) MPA127
LOG (gmm-align-compiled[5.5.1139~1-67548]:main():gmm-align-compiled.cc:127) MPA128
LOG (gmm-align-compiled[5.5.1139~1-67548]:main():gmm-align-compiled.cc:127) MPA129
LOG (gmm-align-compiled[5.5.1139~1-67548]:main():gmm-align-compiled.cc:127) MPA13
LOG (gmm-align-compiled[5.5.1139~1-67548]:main():gmm-align-compiled.cc:127) MPA130
LOG (gmm-align-compiled[5.5.1139~1-67548]:main():gmm-align-compiled.cc:127) MPA131
LOG (gmm-align-compiled[5.5.1139~1-67548]:main():gmm-align-compiled.cc:127) MPA132
LOG (gmm-align-compiled[5.5.1139~1-67548]:main():gmm-align-compiled.cc:127) MPA133
LOG (gmm-align-compiled[5.5.1139~1-67548]:main():gmm-align-compiled.cc:127) MPA134
LOG (gmm-align-compiled[5.5.1139~1-67548]:main():gmm-align-compiled.cc:127) MPA135
LOG (gmm-align-compiled[5.5.1139~1-67548]:main():gmm-align-compiled.cc:127) MPA136
LOG (gmm-align-compiled[5.5.1139~1-67548]:main():gmm-align-compiled.cc:127) MPA137
LOG (gmm-align-compiled[5.5.1139~1-67548]:main():gmm-align-compiled.cc:127) MPA138
LOG (gmm-align-compiled[5.5.1139~1-67548]:main():gmm-align-compiled.cc:127) MPA139
LOG (gmm-align-compiled[5.5.1139~1-67548]:main():gmm-align-compiled.cc:127) MPA14
LOG (gmm-align-compiled[5.5.1139~1-67548]:main():gmm-align-compiled.cc:127) MPA140
LOG (gmm-align-compiled[5.5.1139~1-67548]:main():gmm-align-compiled.cc:127) MPA141
LOG (gmm-align-compiled[5.5.1139~1-67548]:main():gmm-align-compiled.cc:127) MPA142
LOG (gmm-align-compiled[5.5.1139~1-67548]:main():gmm-align-compiled.cc:127) MPA143
LOG (gmm-align-compiled[5.5.1139~1-67548]:main():gmm-align-compiled.cc:127) MPA144
LOG (gmm-align-compiled[5.5.1139~1-67548]:main():gmm-align-compiled.cc:127) MPA145
LOG (gmm-align-compiled[5.5.1139~1-67548]:main():gmm-align-compiled.cc:127) MPA146
LOG (gmm-align-compiled[5.5.1139~1-67548]:main():gmm-align-compiled.cc:127) MPA147
LOG (gmm-align-compiled[5.5.1139~1-67548]:main():gmm-align-compiled.cc:127) MPA148
LOG (gmm-align-compiled[5.5.1139~1-67548]:main():gmm-align-compiled.cc:127) MPA149
LOG (gmm-align-compiled[5.5.1139~1-67548]:main():gmm-align-compiled.cc:127) MPA15
LOG (gmm-align-compiled[5.5.1139~1-67548]:main():gmm-align-compiled.cc:127) MPA150
LOG (gmm-align-compiled[5.5.1139~1-67548]:main():gmm-align-compiled.cc:127) MPA151
LOG (gmm-align-compiled[5.5.1139~1-67548]:main():gmm-align-compiled.cc:127) MPA152
LOG (gmm-align-compiled[5.5.1139~1-67548]:main():gmm-align-compiled.cc:127) MPA153
LOG (gmm-align-compiled[5.5.1139~1-67548]:main():gmm-align-compiled.cc:127) MPA154
LOG (gmm-align-compiled[5.5.1139~1-67548]:main():gmm-align-compiled.cc:127) MPA155
LOG (gmm-align-compiled[5.5.1139~1-67548]:main():gmm-align-compiled.cc:127) MPA156
LOG (gmm-align-compiled[5.5.1139~1-67548]:main():gmm-align-compiled.cc:127) MPA157
LOG (gmm-align-compiled[5.5.1139~1-67548]:main():gmm-align-compiled.cc:127) MPA158
LOG (gmm-align-compiled[5.5.1139~1-67548]:main():gmm-align-compiled.cc:127) MPA159
LOG (gmm-align-compiled[5.5.1139~1-67548]:main():gmm-align-compiled.cc:127) MPA16
LOG (gmm-align-compiled[5.5.1139~1-67548]:main():gmm-align-compiled.cc:127) MPA160
LOG (gmm-align-compiled[5.5.1139~1-67548]:main():gmm-align-compiled.cc:127) MPA161
LOG (gmm-align-compiled[5.5.1139~1-67548]:main():gmm-align-compiled.cc:127) MPA162
LOG (gmm-align-compiled[5.5.1139~1-67548]:main():gmm-align-compiled.cc:127) MPA163
LOG (gmm-align-compiled[5.5.1139~1-67548]:main():gmm-align-compiled.cc:127) MPA164
LOG (gmm-align-compiled[5.5.1139~1-67548]:main():gmm-align-compiled.cc:127) MPA165
LOG (gmm-align-compiled[5.5.1139~1-67548]:main():gmm-align-compiled.cc:127) MPA166
LOG (gmm-align-compiled[5.5.1139~1-67548]:main():gmm-align-compiled.cc:127) MPA167
LOG (gmm-align-compiled[5.5.1139~1-67548]:main():gmm-align-compiled.cc:127) MPA168
LOG (gmm-align-compiled[5.5.1139~1-67548]:main():gmm-align-compiled.cc:127) MPA169
LOG (gmm-align-compiled[5.5.1139~1-67548]:main():gmm-align-compiled.cc:127) MPA17
LOG (gmm-align-compiled[5.5.1139~1-67548]:main():gmm-align-compiled.cc:127) MPA170
LOG (gmm-align-compiled[5.5.1139~1-67548]:main():gmm-align-compiled.cc:127) MPA171
LOG (gmm-align-compiled[5.5.1139~1-67548]:main():gmm-align-compiled.cc:127) MPA172
LOG (gmm-align-compiled[5.5.1139~1-67548]:main():gmm-align-compiled.cc:127) MPA173
LOG (gmm-align-compiled[5.5.1139~1-67548]:main():gmm-align-compiled.cc:127) MPA174
LOG (gmm-align-compiled[5.5.1139~1-67548]:main():gmm-align-compiled.cc:127) MPA175
LOG (gmm-align-compiled[5.5.1139~1-67548]:main():gmm-align-compiled.cc:127) MPA176
LOG (gmm-align-compiled[5.5.1139~1-67548]:main():gmm-align-compiled.cc:127) MPA177
LOG (gmm-align-compiled[5.5.1139~1-67548]:main():gmm-align-compiled.cc:127) MPA178
LOG (gmm-align-compiled[5.5.1139~1-67548]:main():gmm-align-compiled.cc:127) MPA179
LOG (gmm-align-compiled[5.5.1139~1-67548]:main():gmm-align-compiled.cc:127) MPA18
LOG (gmm-align-compiled[5.5.1139~1-67548]:main():gmm-align-compiled.cc:127) MPA180
LOG (gmm-align-compiled[5.5.1139~1-67548]:main():gmm-align-compiled.cc:127) MPA181
LOG (gmm-align-compiled[5.5.1139~1-67548]:main():gmm-align-compiled.cc:127) MPA182
LOG (gmm-align-compiled[5.5.1139~1-67548]:main():gmm-align-compiled.cc:127) MPA183
LOG (gmm-align-compiled[5.5.1139~1-67548]:main():gmm-align-compiled.cc:127) MPA184
LOG (gmm-align-compiled[5.5.1139~1-67548]:main():gmm-align-compiled.cc:127) MPA185
LOG (gmm-align-compiled[5.5.1139~1-67548]:main():gmm-align-compiled.cc:127) MPA186
LOG (gmm-align-compiled[5.5.1139~1-67548]:main():gmm-align-compiled.cc:127) MPA187
LOG (gmm-align-compiled[5.5.1139~1-67548]:main():gmm-align-compiled.cc:127) MPA188
LOG (gmm-align-compiled[5.5.1139~1-67548]:main():gmm-align-compiled.cc:127) MPA189
LOG (gmm-align-compiled[5.5.1139~1-67548]:main():gmm-align-compiled.cc:127) MPA19
LOG (gmm-align-compiled[5.5.1139~1-67548]:main():gmm-align-compiled.cc:127) MPA190
LOG (gmm-align-compiled[5.5.1139~1-67548]:main():gmm-align-compiled.cc:127) MPA191
LOG (gmm-align-compiled[5.5.1139~1-67548]:main():gmm-align-compiled.cc:127) MPA192
LOG (gmm-align-compiled[5.5.1139~1-67548]:main():gmm-align-compiled.cc:127) MPA193
LOG (gmm-align-compiled[5.5.1139~1-67548]:main():gmm-align-compiled.cc:127) MPA194
LOG (gmm-align-compiled[5.5.1139~1-67548]:main():gmm-align-compiled.cc:127) MPA195
LOG (gmm-align-compiled[5.5.1139~1-67548]:main():gmm-align-compiled.cc:127) MPA196
LOG (gmm-align-compiled[5.5.1139~1-67548]:main():gmm-align-compiled.cc:127) MPA197
LOG (gmm-align-compiled[5.5.1139~1-67548]:main():gmm-align-compiled.cc:127) MPA198
LOG (gmm-align-compiled[5.5.1139~1-67548]:main():gmm-align-compiled.cc:127) MPA199
LOG (gmm-align-compiled[5.5.1139~1-67548]:main():gmm-align-compiled.cc:127) MPA2
LOG (gmm-align-compiled[5.5.1139~1-67548]:main():gmm-align-compiled.cc:127) MPA20
LOG (gmm-align-compiled[5.5.1139~1-67548]:main():gmm-align-compiled.cc:127) MPA200
LOG (gmm-align-compiled[5.5.1139~1-67548]:main():gmm-align-compiled.cc:127) MPA201
LOG (gmm-align-compiled[5.5.1139~1-67548]:main():gmm-align-compiled.cc:127) MPA202
LOG (gmm-align-compiled[5.5.1139~1-67548]:main():gmm-align-compiled.cc:127) MPA203
LOG (gmm-align-compiled[5.5.1139~1-67548]:main():gmm-align-compiled.cc:127) MPA204
LOG (gmm-align-compiled[5.5.1139~1-67548]:main():gmm-align-compiled.cc:127) MPA205
LOG (gmm-align-compiled[5.5.1139~1-67548]:main():gmm-align-compiled.cc:127) MPA206
LOG (gmm-align-compiled[5.5.1139~1-67548]:main():gmm-align-compiled.cc:127) MPA207
LOG (gmm-align-compiled[5.5.1139~1-67548]:main():gmm-align-compiled.cc:127) MPA208
LOG (gmm-align-compiled[5.5.1139~1-67548]:main():gmm-align-compiled.cc:127) MPA209
LOG (gmm-align-compiled[5.5.1139~1-67548]:main():gmm-align-compiled.cc:127) MPA21
LOG (gmm-align-compiled[5.5.1139~1-67548]:main():gmm-align-compiled.cc:127) MPA210
LOG (gmm-align-compiled[5.5.1139~1-67548]:main():gmm-align-compiled.cc:127) MPA211
LOG (gmm-align-compiled[5.5.1139~1-67548]:main():gmm-align-compiled.cc:127) MPA212
LOG (gmm-align-compiled[5.5.1139~1-67548]:main():gmm-align-compiled.cc:127) MPA213
LOG (gmm-align-compiled[5.5.1139~1-67548]:main():gmm-align-compiled.cc:127) MPA214
LOG (gmm-align-compiled[5.5.1139~1-67548]:main():gmm-align-compiled.cc:127) MPA215
LOG (gmm-align-compiled[5.5.1139~1-67548]:main():gmm-align-compiled.cc:127) MPA216
LOG (gmm-align-compiled[5.5.1139~1-67548]:main():gmm-align-compiled.cc:127) MPA217
LOG (gmm-align-compiled[5.5.1139~1-67548]:main():gmm-align-compiled.cc:127) MPA218
LOG (gmm-align-compiled[5.5.1139~1-67548]:main():gmm-align-compiled.cc:127) MPA219
LOG (gmm-align-compiled[5.5.1139~1-67548]:main():gmm-align-compiled.cc:127) MPA22
LOG (gmm-align-compiled[5.5.1139~1-67548]:main():gmm-align-compiled.cc:127) MPA220
LOG (gmm-align-compiled[5.5.1139~1-67548]:main():gmm-align-compiled.cc:127) MPA221
LOG (gmm-align-compiled[5.5.1139~1-67548]:main():gmm-align-compiled.cc:127) MPA222
LOG (gmm-align-compiled[5.5.1139~1-67548]:main():gmm-align-compiled.cc:127) MPA223
LOG (gmm-align-compiled[5.5.1139~1-67548]:main():gmm-align-compiled.cc:127) MPA224
LOG (gmm-align-compiled[5.5.1139~1-67548]:main():gmm-align-compiled.cc:127) MPA225
LOG (gmm-align-compiled[5.5.1139~1-67548]:main():gmm-align-compiled.cc:127) MPA226
LOG (gmm-align-compiled[5.5.1139~1-67548]:main():gmm-align-compiled.cc:127) MPA227
LOG (gmm-align-compiled[5.5.1139~1-67548]:main():gmm-align-compiled.cc:127) MPA228
LOG (gmm-align-compiled[5.5.1139~1-67548]:main():gmm-align-compiled.cc:127) MPA229
LOG (gmm-align-compiled[5.5.1139~1-67548]:main():gmm-align-compiled.cc:127) MPA23
LOG (gmm-align-compiled[5.5.1139~1-67548]:main():gmm-align-compiled.cc:127) MPA230
LOG (gmm-align-compiled[5.5.1139~1-67548]:main():gmm-align-compiled.cc:127) MPA231
LOG (gmm-align-compiled[5.5.1139~1-67548]:main():gmm-align-compiled.cc:127) MPA232
LOG (gmm-align-compiled[5.5.1139~1-67548]:main():gmm-align-compiled.cc:127) MPA233
LOG (gmm-align-compiled[5.5.1139~1-67548]:main():gmm-align-compiled.cc:127) MPA234
LOG (gmm-align-compiled[5.5.1139~1-67548]:main():gmm-align-compiled.cc:127) MPA235
LOG (gmm-align-compiled[5.5.1139~1-67548]:main():gmm-align-compiled.cc:127) MPA236
LOG (gmm-align-compiled[5.5.1139~1-67548]:main():gmm-align-compiled.cc:127) MPA237
LOG (gmm-align-compiled[5.5.1139~1-67548]:main():gmm-align-compiled.cc:127) MPA238
LOG (gmm-align-compiled[5.5.1139~1-67548]:main():gmm-align-compiled.cc:127) MPA239
LOG (gmm-align-compiled[5.5.1139~1-67548]:main():gmm-align-compiled.cc:127) MPA24
LOG (gmm-align-compiled[5.5.1139~1-67548]:main():gmm-align-compiled.cc:127) MPA240
LOG (gmm-align-compiled[5.5.1139~1-67548]:main():gmm-align-compiled.cc:127) MPA241
LOG (gmm-align-compiled[5.5.1139~1-67548]:main():gmm-align-compiled.cc:127) MPA242
LOG (gmm-align-compiled[5.5.1139~1-67548]:main():gmm-align-compiled.cc:127) MPA243
LOG (gmm-align-compiled[5.5.1139~1-67548]:main():gmm-align-compiled.cc:127) MPA244
LOG (gmm-align-compiled[5.5.1139~1-67548]:main():gmm-align-compiled.cc:127) MPA245
LOG (gmm-align-compiled[5.5.1139~1-67548]:main():gmm-align-compiled.cc:127) MPA246
LOG (gmm-align-compiled[5.5.1139~1-67548]:main():gmm-align-compiled.cc:127) MPA247
LOG (gmm-align-compiled[5.5.1139~1-67548]:main():gmm-align-compiled.cc:127) MPA248
LOG (gmm-align-compiled[5.5.1139~1-67548]:main():gmm-align-compiled.cc:127) MPA249
LOG (gmm-align-compiled[5.5.1139~1-67548]:main():gmm-align-compiled.cc:127) MPA25
LOG (gmm-align-compiled[5.5.1139~1-67548]:main():gmm-align-compiled.cc:127) MPA250
LOG (gmm-align-compiled[5.5.1139~1-67548]:main():gmm-align-compiled.cc:127) MPA251
LOG (gmm-align-compiled[5.5.1139~1-67548]:main():gmm-align-compiled.cc:127) MPA252
LOG (gmm-align-compiled[5.5.1139~1-67548]:main():gmm-align-compiled.cc:127) MPA253
LOG (gmm-align-compiled[5.5.1139~1-67548]:main():gmm-align-compiled.cc:127) MPA254
LOG (gmm-align-compiled[5.5.1139~1-67548]:main():gmm-align-compiled.cc:127) MPA255
LOG (gmm-align-compiled[5.5.1139~1-67548]:main():gmm-align-compiled.cc:127) MPA256
LOG (gmm-align-compiled[5.5.1139~1-67548]:main():gmm-align-compiled.cc:127) MPA257
LOG (gmm-align-compiled[5.5.1139~1-67548]:main():gmm-align-compiled.cc:127) MPA258
LOG (gmm-align-compiled[5.5.1139~1-67548]:main():gmm-align-compiled.cc:127) MPA259
LOG (gmm-align-compiled[5.5.1139~1-67548]:main():gmm-align-compiled.cc:127) MPA26
LOG (gmm-align-compiled[5.5.1139~1-67548]:main():gmm-align-compiled.cc:127) MPA260
LOG (gmm-align-compiled[5.5.1139~1-67548]:main():gmm-align-compiled.cc:127) MPA261
LOG (gmm-align-compiled[5.5.1139~1-67548]:main():gmm-align-compiled.cc:127) MPA262
LOG (gmm-align-compiled[5.5.1139~1-67548]:main():gmm-align-compiled.cc:127) MPA263
LOG (gmm-align-compiled[5.5.1139~1-67548]:main():gmm-align-compiled.cc:127) MPA264
LOG (gmm-align-compiled[5.5.1139~1-67548]:main():gmm-align-compiled.cc:127) MPA265
LOG (gmm-align-compiled[5.5.1139~1-67548]:main():gmm-align-compiled.cc:127) MPA266
LOG (gmm-align-compiled[5.5.1139~1-67548]:main():gmm-align-compiled.cc:127) MPA267
LOG (gmm-align-compiled[5.5.1139~1-67548]:main():gmm-align-compiled.cc:127) MPA268
LOG (gmm-align-compiled[5.5.1139~1-67548]:main():gmm-align-compiled.cc:127) MPA269
LOG (gmm-align-compiled[5.5.1139~1-67548]:main():gmm-align-compiled.cc:127) MPA27
LOG (gmm-align-compiled[5.5.1139~1-67548]:main():gmm-align-compiled.cc:127) MPA270
LOG (gmm-align-compiled[5.5.1139~1-67548]:main():gmm-align-compiled.cc:127) MPA271
LOG (gmm-align-compiled[5.5.1139~1-67548]:main():gmm-align-compiled.cc:127) MPA272
LOG (gmm-align-compiled[5.5.1139~1-67548]:main():gmm-align-compiled.cc:127) MPA273
LOG (gmm-align-compiled[5.5.1139~1-67548]:main():gmm-align-compiled.cc:127) MPA274
LOG (gmm-align-compiled[5.5.1139~1-67548]:main():gmm-align-compiled.cc:127) MPA275
LOG (gmm-align-compiled[5.5.1139~1-67548]:main():gmm-align-compiled.cc:127) MPA276
LOG (gmm-align-compiled[5.5.1139~1-67548]:main():gmm-align-compiled.cc:127) MPA277
LOG (gmm-align-compiled[5.5.1139~1-67548]:main():gmm-align-compiled.cc:127) MPA278
LOG (gmm-align-compiled[5.5.1139~1-67548]:main():gmm-align-compiled.cc:127) MPA279
LOG (gmm-align-compiled[5.5.1139~1-67548]:main():gmm-align-compiled.cc:127) MPA28
LOG (gmm-align-compiled[5.5.1139~1-67548]:main():gmm-align-compiled.cc:127) MPA280
LOG (gmm-align-compiled[5.5.1139~1-67548]:main():gmm-align-compiled.cc:127) MPA281
LOG (gmm-align-compiled[5.5.1139~1-67548]:main():gmm-align-compiled.cc:127) MPA282
LOG (gmm-align-compiled[5.5.1139~1-67548]:main():gmm-align-compiled.cc:127) MPA283
LOG (gmm-align-compiled[5.5.1139~1-67548]:main():gmm-align-compiled.cc:127) MPA284
LOG (gmm-align-compiled[5.5.1139~1-67548]:main():gmm-align-compiled.cc:127) MPA285
LOG (gmm-align-compiled[5.5.1139~1-67548]:main():gmm-align-compiled.cc:127) MPA286
LOG (gmm-align-compiled[5.5.1139~1-67548]:main():gmm-align-compiled.cc:127) MPA287
LOG (gmm-align-compiled[5.5.1139~1-67548]:main():gmm-align-compiled.cc:127) MPA288
LOG (gmm-align-compiled[5.5.1139~1-67548]:main():gmm-align-compiled.cc:127) MPA289
LOG (gmm-align-compiled[5.5.1139~1-67548]:main():gmm-align-compiled.cc:127) MPA29
LOG (gmm-align-compiled[5.5.1139~1-67548]:main():gmm-align-compiled.cc:127) MPA290
LOG (gmm-align-compiled[5.5.1139~1-67548]:main():gmm-align-compiled.cc:127) MPA291
LOG (gmm-align-compiled[5.5.1139~1-67548]:main():gmm-align-compiled.cc:127) MPA292
LOG (gmm-align-compiled[5.5.1139~1-67548]:main():gmm-align-compiled.cc:127) MPA3
LOG (gmm-align-compiled[5.5.1139~1-67548]:main():gmm-align-compiled.cc:127) MPA30
LOG (gmm-align-compiled[5.5.1139~1-67548]:main():gmm-align-compiled.cc:127) MPA31
LOG (gmm-align-compiled[5.5.1139~1-67548]:main():gmm-align-compiled.cc:127) MPA32
LOG (gmm-align-compiled[5.5.1139~1-67548]:main():gmm-align-compiled.cc:127) MPA33
LOG (gmm-align-compiled[5.5.1139~1-67548]:main():gmm-align-compiled.cc:127) MPA34
LOG (gmm-align-compiled[5.5.1139~1-67548]:main():gmm-align-compiled.cc:127) MPA35
LOG (gmm-align-compiled[5.5.1139~1-67548]:main():gmm-align-compiled.cc:127) MPA36
LOG (gmm-align-compiled[5.5.1139~1-67548]:main():gmm-align-compiled.cc:127) MPA37
LOG (gmm-align-compiled[5.5.1139~1-67548]:main():gmm-align-compiled.cc:127) MPA38
LOG (gmm-align-compiled[5.5.1139~1-67548]:main():gmm-align-compiled.cc:127) MPA39
LOG (gmm-align-compiled[5.5.1139~1-67548]:main():gmm-align-compiled.cc:127) MPA4
LOG (gmm-align-compiled[5.5.1139~1-67548]:main():gmm-align-compiled.cc:127) MPA40
LOG (gmm-align-compiled[5.5.1139~1-67548]:main():gmm-align-compiled.cc:127) MPA41
LOG (gmm-align-compiled[5.5.1139~1-67548]:main():gmm-align-compiled.cc:127) MPA42
LOG (gmm-align-compiled[5.5.1139~1-67548]:main():gmm-align-compiled.cc:127) MPA43
LOG (gmm-align-compiled[5.5.1139~1-67548]:main():gmm-align-compiled.cc:127) MPA44
LOG (gmm-align-compiled[5.5.1139~1-67548]:main():gmm-align-compiled.cc:127) MPA45
LOG (gmm-align-compiled[5.5.1139~1-67548]:main():gmm-align-compiled.cc:127) MPA46
LOG (gmm-align-compiled[5.5.1139~1-67548]:main():gmm-align-compiled.cc:127) MPA47
LOG (gmm-align-compiled[5.5.1139~1-67548]:main():gmm-align-compiled.cc:127) MPA48
LOG (gmm-align-compiled[5.5.1139~1-67548]:main():gmm-align-compiled.cc:127) MPA49
LOG (gmm-align-compiled[5.5.1139~1-67548]:main():gmm-align-compiled.cc:127) MPA5
LOG (gmm-align-compiled[5.5.1139~1-67548]:main():gmm-align-compiled.cc:127) MPA50
LOG (gmm-align-compiled[5.5.1139~1-67548]:main():gmm-align-compiled.cc:127) MPA51
LOG (gmm-align-compiled[5.5.1139~1-67548]:main():gmm-align-compiled.cc:127) MPA52
LOG (gmm-align-compiled[5.5.1139~1-67548]:main():gmm-align-compiled.cc:127) MPA53
LOG (gmm-align-compiled[5.5.1139~1-67548]:main():gmm-align-compiled.cc:127) MPA54
LOG (gmm-align-compiled[5.5.1139~1-67548]:main():gmm-align-compiled.cc:127) MPA55
LOG (gmm-align-compiled[5.5.1139~1-67548]:main():gmm-align-compiled.cc:127) MPA56
LOG (gmm-align-compiled[5.5.1139~1-67548]:main():gmm-align-compiled.cc:127) MPA57
LOG (gmm-align-compiled[5.5.1139~1-67548]:main():gmm-align-compiled.cc:127) MPA58
LOG (gmm-align-compiled[5.5.1139~1-67548]:main():gmm-align-compiled.cc:127) MPA59
LOG (gmm-align-compiled[5.5.1139~1-67548]:main():gmm-align-compiled.cc:127) MPA6
LOG (gmm-align-compiled[5.5.1139~1-67548]:main():gmm-align-compiled.cc:127) MPA60
LOG (gmm-align-compiled[5.5.1139~1-67548]:main():gmm-align-compiled.cc:127) MPA61
LOG (gmm-align-compiled[5.5.1139~1-67548]:main():gmm-align-compiled.cc:127) MPA62
LOG (gmm-align-compiled[5.5.1139~1-67548]:main():gmm-align-compiled.cc:127) MPA63
LOG (gmm-align-compiled[5.5.1139~1-67548]:main():gmm-align-compiled.cc:127) MPA64
LOG (gmm-align-compiled[5.5.1139~1-67548]:main():gmm-align-compiled.cc:127) MPA65
LOG (gmm-align-compiled[5.5.1139~1-67548]:main():gmm-align-compiled.cc:127) MPA66
LOG (gmm-align-compiled[5.5.1139~1-67548]:main():gmm-align-compiled.cc:127) MPA67
LOG (gmm-align-compiled[5.5.1139~1-67548]:main():gmm-align-compiled.cc:127) MPA68
LOG (gmm-align-compiled[5.5.1139~1-67548]:main():gmm-align-compiled.cc:127) MPA69
LOG (gmm-align-compiled[5.5.1139~1-67548]:main():gmm-align-compiled.cc:127) MPA7
LOG (gmm-align-compiled[5.5.1139~1-67548]:main():gmm-align-compiled.cc:127) MPA70
LOG (gmm-align-compiled[5.5.1139~1-67548]:main():gmm-align-compiled.cc:127) MPA71
LOG (gmm-align-compiled[5.5.1139~1-67548]:main():gmm-align-compiled.cc:127) MPA72
LOG (gmm-align-compiled[5.5.1139~1-67548]:main():gmm-align-compiled.cc:127) MPA73
LOG (gmm-align-compiled[5.5.1139~1-67548]:main():gmm-align-compiled.cc:127) MPA74
LOG (gmm-align-compiled[5.5.1139~1-67548]:main():gmm-align-compiled.cc:127) MPA75
LOG (gmm-align-compiled[5.5.1139~1-67548]:main():gmm-align-compiled.cc:127) MPA76
LOG (gmm-align-compiled[5.5.1139~1-67548]:main():gmm-align-compiled.cc:127) MPA77
LOG (gmm-align-compiled[5.5.1139~1-67548]:main():gmm-align-compiled.cc:127) MPA78
LOG (gmm-align-compiled[5.5.1139~1-67548]:main():gmm-align-compiled.cc:127) MPA79
LOG (gmm-align-compiled[5.5.1139~1-67548]:main():gmm-align-compiled.cc:127) MPA8
LOG (gmm-align-compiled[5.5.1139~1-67548]:main():gmm-align-compiled.cc:127) MPA80
LOG (gmm-align-compiled[5.5.1139~1-67548]:main():gmm-align-compiled.cc:127) MPA81
LOG (gmm-align-compiled[5.5.1139~1-67548]:main():gmm-align-compiled.cc:127) MPA82
LOG (gmm-align-compiled[5.5.1139~1-67548]:main():gmm-align-compiled.cc:127) MPA83
LOG (gmm-align-compiled[5.5.1139~1-67548]:main():gmm-align-compiled.cc:127) MPA84
LOG (gmm-align-compiled[5.5.1139~1-67548]:main():gmm-align-compiled.cc:127) MPA85
LOG (gmm-align-compiled[5.5.1139~1-67548]:main():gmm-align-compiled.cc:127) MPA86
LOG (gmm-align-compiled[5.5.1139~1-67548]:main():gmm-align-compiled.cc:127) MPA87
LOG (gmm-align-compiled[5.5.1139~1-67548]:main():gmm-align-compiled.cc:127) MPA88
LOG (gmm-align-compiled[5.5.1139~1-67548]:main():gmm-align-compiled.cc:127) MPA89
LOG (gmm-align-compiled[5.5.1139~1-67548]:main():gmm-align-compiled.cc:127) MPA9
LOG (gmm-align-compiled[5.5.1139~1-67548]:main():gmm-align-compiled.cc:127) MPA90
LOG (gmm-align-compiled[5.5.1139~1-67548]:main():gmm-align-compiled.cc:127) MPA91
LOG (gmm-align-compiled[5.5.1139~1-67548]:main():gmm-align-compiled.cc:127) MPA92
LOG (gmm-align-compiled[5.5.1139~1-67548]:main():gmm-align-compiled.cc:127) MPA93
LOG (gmm-align-compiled[5.5.1139~1-67548]:main():gmm-align-compiled.cc:127) MPA94
LOG (apply-cmvn[5.5.1139~1-67548]:main():apply-cmvn.cc:162) Applied cepstral mean normalization to 1168 utterances, errors on 0
LOG (gmm-align-compiled[5.5.1139~1-67548]:main():gmm-align-compiled.cc:127) MPA95
LOG (gmm-align-compiled[5.5.1139~1-67548]:main():gmm-align-compiled.cc:127) MPA96
LOG (gmm-align-compiled[5.5.1139~1-67548]:main():gmm-align-compiled.cc:127) MPA97
LOG (gmm-align-compiled[5.5.1139~1-67548]:main():gmm-align-compiled.cc:127) MPA98
LOG (gmm-align-compiled[5.5.1139~1-67548]:main():gmm-align-compiled.cc:127) MPA99
LOG (gmm-align-compiled[5.5.1139~1-67548]:main():gmm-align-compiled.cc:135) Overall log-likelihood per frame is -86.4287 over 310573 frames.
LOG (gmm-align-compiled[5.5.1139~1-67548]:main():gmm-align-compiled.cc:137) Retried 0 out of 1168 utterances.
LOG (gmm-align-compiled[5.5.1139~1-67548]:main():gmm-align-compiled.cc:139) Done 1168, errors on 0
# Accounting: time=8 threads=1
# Ended (code 0) at Mon Jul  8 09:44:16 IST 2024, elapsed time 8 seconds
