# gmm-align-compiled --transition-scale=1.0 --acoustic-scale=0.1 --self-loop-scale=0.1 --beam=10 --retry-beam=40 --careful=false "gmm-boost-silence --boost=1.0 1 exp_FG/tri_8_2000/30.mdl - |" "ark:gunzip -c exp_FG/tri_8_2000/fsts.2.gz|" "ark,s,cs:apply-cmvn  --utt2spk=ark:data/train/split2/2/utt2spk scp:data/train/split2/2/cmvn.scp scp:data/train/split2/2/feats.scp ark:- | add-deltas  ark:- ark:- |" "ark:|gzip -c >exp_FG/tri_8_2000/ali.2.gz" 
# Started at Mon Jul  8 09:44:46 IST 2024
#
gmm-align-compiled --transition-scale=1.0 --acoustic-scale=0.1 --self-loop-scale=0.1 --beam=10 --retry-beam=40 --careful=false 'gmm-boost-silence --boost=1.0 1 exp_FG/tri_8_2000/30.mdl - |' 'ark:gunzip -c exp_FG/tri_8_2000/fsts.2.gz|' 'ark,s,cs:apply-cmvn  --utt2spk=ark:data/train/split2/2/utt2spk scp:data/train/split2/2/cmvn.scp scp:data/train/split2/2/feats.scp ark:- | add-deltas  ark:- ark:- |' 'ark:|gzip -c >exp_FG/tri_8_2000/ali.2.gz' 
gmm-boost-silence --boost=1.0 1 exp_FG/tri_8_2000/30.mdl - 
WARNING (gmm-boost-silence[5.5.1139~1-67548]:main():gmm-boost-silence.cc:82) The pdfs for the silence phones may be shared by other phones (note: this probably does not matter.)
LOG (gmm-boost-silence[5.5.1139~1-67548]:main():gmm-boost-silence.cc:93) Boosted weights for 3 pdfs, by factor of 1
LOG (gmm-boost-silence[5.5.1139~1-67548]:main():gmm-boost-silence.cc:103) Wrote model to -
add-deltas ark:- ark:- 
apply-cmvn --utt2spk=ark:data/train/split2/2/utt2spk scp:data/train/split2/2/cmvn.scp scp:data/train/split2/2/feats.scp ark:- 
LOG (gmm-align-compiled[5.5.1139~1-67548]:main():gmm-align-compiled.cc:127) MPK1
LOG (gmm-align-compiled[5.5.1139~1-67548]:main():gmm-align-compiled.cc:127) MPK10
LOG (gmm-align-compiled[5.5.1139~1-67548]:main():gmm-align-compiled.cc:127) MPK100
LOG (gmm-align-compiled[5.5.1139~1-67548]:main():gmm-align-compiled.cc:127) MPK101
LOG (gmm-align-compiled[5.5.1139~1-67548]:main():gmm-align-compiled.cc:127) MPK102
LOG (gmm-align-compiled[5.5.1139~1-67548]:main():gmm-align-compiled.cc:127) MPK103
LOG (gmm-align-compiled[5.5.1139~1-67548]:main():gmm-align-compiled.cc:127) MPK104
LOG (gmm-align-compiled[5.5.1139~1-67548]:main():gmm-align-compiled.cc:127) MPK105
LOG (gmm-align-compiled[5.5.1139~1-67548]:main():gmm-align-compiled.cc:127) MPK106
LOG (gmm-align-compiled[5.5.1139~1-67548]:main():gmm-align-compiled.cc:127) MPK107
LOG (gmm-align-compiled[5.5.1139~1-67548]:main():gmm-align-compiled.cc:127) MPK108
LOG (gmm-align-compiled[5.5.1139~1-67548]:main():gmm-align-compiled.cc:127) MPK109
LOG (gmm-align-compiled[5.5.1139~1-67548]:main():gmm-align-compiled.cc:127) MPK11
LOG (gmm-align-compiled[5.5.1139~1-67548]:main():gmm-align-compiled.cc:127) MPK110
LOG (gmm-align-compiled[5.5.1139~1-67548]:main():gmm-align-compiled.cc:127) MPK111
LOG (gmm-align-compiled[5.5.1139~1-67548]:main():gmm-align-compiled.cc:127) MPK112
LOG (gmm-align-compiled[5.5.1139~1-67548]:main():gmm-align-compiled.cc:127) MPK113
LOG (gmm-align-compiled[5.5.1139~1-67548]:main():gmm-align-compiled.cc:127) MPK114
LOG (gmm-align-compiled[5.5.1139~1-67548]:main():gmm-align-compiled.cc:127) MPK115
LOG (gmm-align-compiled[5.5.1139~1-67548]:main():gmm-align-compiled.cc:127) MPK116
LOG (gmm-align-compiled[5.5.1139~1-67548]:main():gmm-align-compiled.cc:127) MPK117
LOG (gmm-align-compiled[5.5.1139~1-67548]:main():gmm-align-compiled.cc:127) MPK118
LOG (gmm-align-compiled[5.5.1139~1-67548]:main():gmm-align-compiled.cc:127) MPK119
LOG (gmm-align-compiled[5.5.1139~1-67548]:main():gmm-align-compiled.cc:127) MPK12
LOG (gmm-align-compiled[5.5.1139~1-67548]:main():gmm-align-compiled.cc:127) MPK120
LOG (gmm-align-compiled[5.5.1139~1-67548]:main():gmm-align-compiled.cc:127) MPK121
LOG (gmm-align-compiled[5.5.1139~1-67548]:main():gmm-align-compiled.cc:127) MPK122
LOG (gmm-align-compiled[5.5.1139~1-67548]:main():gmm-align-compiled.cc:127) MPK123
LOG (gmm-align-compiled[5.5.1139~1-67548]:main():gmm-align-compiled.cc:127) MPK124
LOG (gmm-align-compiled[5.5.1139~1-67548]:main():gmm-align-compiled.cc:127) MPK125
LOG (gmm-align-compiled[5.5.1139~1-67548]:main():gmm-align-compiled.cc:127) MPK126
LOG (gmm-align-compiled[5.5.1139~1-67548]:main():gmm-align-compiled.cc:127) MPK127
LOG (gmm-align-compiled[5.5.1139~1-67548]:main():gmm-align-compiled.cc:127) MPK128
LOG (gmm-align-compiled[5.5.1139~1-67548]:main():gmm-align-compiled.cc:127) MPK129
LOG (gmm-align-compiled[5.5.1139~1-67548]:main():gmm-align-compiled.cc:127) MPK13
LOG (gmm-align-compiled[5.5.1139~1-67548]:main():gmm-align-compiled.cc:127) MPK130
LOG (gmm-align-compiled[5.5.1139~1-67548]:main():gmm-align-compiled.cc:127) MPK131
LOG (gmm-align-compiled[5.5.1139~1-67548]:main():gmm-align-compiled.cc:127) MPK132
LOG (gmm-align-compiled[5.5.1139~1-67548]:main():gmm-align-compiled.cc:127) MPK133
LOG (gmm-align-compiled[5.5.1139~1-67548]:main():gmm-align-compiled.cc:127) MPK134
LOG (gmm-align-compiled[5.5.1139~1-67548]:main():gmm-align-compiled.cc:127) MPK135
LOG (gmm-align-compiled[5.5.1139~1-67548]:main():gmm-align-compiled.cc:127) MPK136
LOG (gmm-align-compiled[5.5.1139~1-67548]:main():gmm-align-compiled.cc:127) MPK137
LOG (gmm-align-compiled[5.5.1139~1-67548]:main():gmm-align-compiled.cc:127) MPK138
LOG (gmm-align-compiled[5.5.1139~1-67548]:main():gmm-align-compiled.cc:127) MPK139
LOG (gmm-align-compiled[5.5.1139~1-67548]:main():gmm-align-compiled.cc:127) MPK14
LOG (gmm-align-compiled[5.5.1139~1-67548]:main():gmm-align-compiled.cc:127) MPK140
LOG (gmm-align-compiled[5.5.1139~1-67548]:main():gmm-align-compiled.cc:127) MPK141
LOG (gmm-align-compiled[5.5.1139~1-67548]:main():gmm-align-compiled.cc:127) MPK142
LOG (gmm-align-compiled[5.5.1139~1-67548]:main():gmm-align-compiled.cc:127) MPK143
LOG (gmm-align-compiled[5.5.1139~1-67548]:main():gmm-align-compiled.cc:127) MPK144
LOG (gmm-align-compiled[5.5.1139~1-67548]:main():gmm-align-compiled.cc:127) MPK145
LOG (gmm-align-compiled[5.5.1139~1-67548]:main():gmm-align-compiled.cc:127) MPK146
LOG (gmm-align-compiled[5.5.1139~1-67548]:main():gmm-align-compiled.cc:127) MPK147
LOG (gmm-align-compiled[5.5.1139~1-67548]:main():gmm-align-compiled.cc:127) MPK148
LOG (gmm-align-compiled[5.5.1139~1-67548]:main():gmm-align-compiled.cc:127) MPK149
LOG (gmm-align-compiled[5.5.1139~1-67548]:main():gmm-align-compiled.cc:127) MPK15
LOG (gmm-align-compiled[5.5.1139~1-67548]:main():gmm-align-compiled.cc:127) MPK150
LOG (gmm-align-compiled[5.5.1139~1-67548]:main():gmm-align-compiled.cc:127) MPK151
LOG (gmm-align-compiled[5.5.1139~1-67548]:main():gmm-align-compiled.cc:127) MPK152
LOG (gmm-align-compiled[5.5.1139~1-67548]:main():gmm-align-compiled.cc:127) MPK153
LOG (gmm-align-compiled[5.5.1139~1-67548]:main():gmm-align-compiled.cc:127) MPK154
LOG (gmm-align-compiled[5.5.1139~1-67548]:main():gmm-align-compiled.cc:127) MPK155
LOG (gmm-align-compiled[5.5.1139~1-67548]:main():gmm-align-compiled.cc:127) MPK156
LOG (gmm-align-compiled[5.5.1139~1-67548]:main():gmm-align-compiled.cc:127) MPK157
LOG (gmm-align-compiled[5.5.1139~1-67548]:main():gmm-align-compiled.cc:127) MPK158
LOG (gmm-align-compiled[5.5.1139~1-67548]:main():gmm-align-compiled.cc:127) MPK159
LOG (gmm-align-compiled[5.5.1139~1-67548]:main():gmm-align-compiled.cc:127) MPK16
LOG (gmm-align-compiled[5.5.1139~1-67548]:main():gmm-align-compiled.cc:127) MPK160
LOG (gmm-align-compiled[5.5.1139~1-67548]:main():gmm-align-compiled.cc:127) MPK161
LOG (gmm-align-compiled[5.5.1139~1-67548]:main():gmm-align-compiled.cc:127) MPK162
LOG (gmm-align-compiled[5.5.1139~1-67548]:main():gmm-align-compiled.cc:127) MPK163
LOG (gmm-align-compiled[5.5.1139~1-67548]:main():gmm-align-compiled.cc:127) MPK164
LOG (gmm-align-compiled[5.5.1139~1-67548]:main():gmm-align-compiled.cc:127) MPK165
LOG (gmm-align-compiled[5.5.1139~1-67548]:main():gmm-align-compiled.cc:127) MPK166
LOG (gmm-align-compiled[5.5.1139~1-67548]:main():gmm-align-compiled.cc:127) MPK167
LOG (gmm-align-compiled[5.5.1139~1-67548]:main():gmm-align-compiled.cc:127) MPK168
LOG (gmm-align-compiled[5.5.1139~1-67548]:main():gmm-align-compiled.cc:127) MPK169
LOG (gmm-align-compiled[5.5.1139~1-67548]:main():gmm-align-compiled.cc:127) MPK17
LOG (gmm-align-compiled[5.5.1139~1-67548]:main():gmm-align-compiled.cc:127) MPK170
LOG (gmm-align-compiled[5.5.1139~1-67548]:main():gmm-align-compiled.cc:127) MPK171
LOG (gmm-align-compiled[5.5.1139~1-67548]:main():gmm-align-compiled.cc:127) MPK172
LOG (gmm-align-compiled[5.5.1139~1-67548]:main():gmm-align-compiled.cc:127) MPK173
LOG (gmm-align-compiled[5.5.1139~1-67548]:main():gmm-align-compiled.cc:127) MPK174
LOG (gmm-align-compiled[5.5.1139~1-67548]:main():gmm-align-compiled.cc:127) MPK175
LOG (gmm-align-compiled[5.5.1139~1-67548]:main():gmm-align-compiled.cc:127) MPK176
LOG (gmm-align-compiled[5.5.1139~1-67548]:main():gmm-align-compiled.cc:127) MPK177
LOG (gmm-align-compiled[5.5.1139~1-67548]:main():gmm-align-compiled.cc:127) MPK178
LOG (gmm-align-compiled[5.5.1139~1-67548]:main():gmm-align-compiled.cc:127) MPK179
LOG (gmm-align-compiled[5.5.1139~1-67548]:main():gmm-align-compiled.cc:127) MPK18
LOG (gmm-align-compiled[5.5.1139~1-67548]:main():gmm-align-compiled.cc:127) MPK180
LOG (gmm-align-compiled[5.5.1139~1-67548]:main():gmm-align-compiled.cc:127) MPK181
LOG (gmm-align-compiled[5.5.1139~1-67548]:main():gmm-align-compiled.cc:127) MPK182
LOG (gmm-align-compiled[5.5.1139~1-67548]:main():gmm-align-compiled.cc:127) MPK183
LOG (gmm-align-compiled[5.5.1139~1-67548]:main():gmm-align-compiled.cc:127) MPK184
LOG (gmm-align-compiled[5.5.1139~1-67548]:main():gmm-align-compiled.cc:127) MPK185
LOG (gmm-align-compiled[5.5.1139~1-67548]:main():gmm-align-compiled.cc:127) MPK186
LOG (gmm-align-compiled[5.5.1139~1-67548]:main():gmm-align-compiled.cc:127) MPK187
LOG (gmm-align-compiled[5.5.1139~1-67548]:main():gmm-align-compiled.cc:127) MPK188
LOG (gmm-align-compiled[5.5.1139~1-67548]:main():gmm-align-compiled.cc:127) MPK189
LOG (gmm-align-compiled[5.5.1139~1-67548]:main():gmm-align-compiled.cc:127) MPK19
LOG (gmm-align-compiled[5.5.1139~1-67548]:main():gmm-align-compiled.cc:127) MPK190
LOG (gmm-align-compiled[5.5.1139~1-67548]:main():gmm-align-compiled.cc:127) MPK191
LOG (gmm-align-compiled[5.5.1139~1-67548]:main():gmm-align-compiled.cc:127) MPK192
LOG (gmm-align-compiled[5.5.1139~1-67548]:main():gmm-align-compiled.cc:127) MPK193
LOG (gmm-align-compiled[5.5.1139~1-67548]:main():gmm-align-compiled.cc:127) MPK194
LOG (gmm-align-compiled[5.5.1139~1-67548]:main():gmm-align-compiled.cc:127) MPK195
LOG (gmm-align-compiled[5.5.1139~1-67548]:main():gmm-align-compiled.cc:127) MPK196
LOG (gmm-align-compiled[5.5.1139~1-67548]:main():gmm-align-compiled.cc:127) MPK197
LOG (gmm-align-compiled[5.5.1139~1-67548]:main():gmm-align-compiled.cc:127) MPK198
LOG (gmm-align-compiled[5.5.1139~1-67548]:main():gmm-align-compiled.cc:127) MPK199
LOG (gmm-align-compiled[5.5.1139~1-67548]:main():gmm-align-compiled.cc:127) MPK2
LOG (gmm-align-compiled[5.5.1139~1-67548]:main():gmm-align-compiled.cc:127) MPK20
LOG (gmm-align-compiled[5.5.1139~1-67548]:main():gmm-align-compiled.cc:127) MPK200
LOG (gmm-align-compiled[5.5.1139~1-67548]:main():gmm-align-compiled.cc:127) MPK201
LOG (gmm-align-compiled[5.5.1139~1-67548]:main():gmm-align-compiled.cc:127) MPK202
LOG (gmm-align-compiled[5.5.1139~1-67548]:main():gmm-align-compiled.cc:127) MPK203
LOG (gmm-align-compiled[5.5.1139~1-67548]:main():gmm-align-compiled.cc:127) MPK204
LOG (gmm-align-compiled[5.5.1139~1-67548]:main():gmm-align-compiled.cc:127) MPK205
LOG (gmm-align-compiled[5.5.1139~1-67548]:main():gmm-align-compiled.cc:127) MPK206
LOG (gmm-align-compiled[5.5.1139~1-67548]:main():gmm-align-compiled.cc:127) MPK207
LOG (gmm-align-compiled[5.5.1139~1-67548]:main():gmm-align-compiled.cc:127) MPK208
LOG (gmm-align-compiled[5.5.1139~1-67548]:main():gmm-align-compiled.cc:127) MPK209
LOG (gmm-align-compiled[5.5.1139~1-67548]:main():gmm-align-compiled.cc:127) MPK21
LOG (gmm-align-compiled[5.5.1139~1-67548]:main():gmm-align-compiled.cc:127) MPK210
LOG (gmm-align-compiled[5.5.1139~1-67548]:main():gmm-align-compiled.cc:127) MPK211
LOG (gmm-align-compiled[5.5.1139~1-67548]:main():gmm-align-compiled.cc:127) MPK212
LOG (gmm-align-compiled[5.5.1139~1-67548]:main():gmm-align-compiled.cc:127) MPK213
LOG (gmm-align-compiled[5.5.1139~1-67548]:main():gmm-align-compiled.cc:127) MPK214
LOG (gmm-align-compiled[5.5.1139~1-67548]:main():gmm-align-compiled.cc:127) MPK215
LOG (gmm-align-compiled[5.5.1139~1-67548]:main():gmm-align-compiled.cc:127) MPK216
LOG (gmm-align-compiled[5.5.1139~1-67548]:main():gmm-align-compiled.cc:127) MPK217
LOG (gmm-align-compiled[5.5.1139~1-67548]:main():gmm-align-compiled.cc:127) MPK218
LOG (gmm-align-compiled[5.5.1139~1-67548]:main():gmm-align-compiled.cc:127) MPK219
LOG (gmm-align-compiled[5.5.1139~1-67548]:main():gmm-align-compiled.cc:127) MPK22
LOG (gmm-align-compiled[5.5.1139~1-67548]:main():gmm-align-compiled.cc:127) MPK220
LOG (gmm-align-compiled[5.5.1139~1-67548]:main():gmm-align-compiled.cc:127) MPK221
LOG (gmm-align-compiled[5.5.1139~1-67548]:main():gmm-align-compiled.cc:127) MPK222
LOG (gmm-align-compiled[5.5.1139~1-67548]:main():gmm-align-compiled.cc:127) MPK223
LOG (gmm-align-compiled[5.5.1139~1-67548]:main():gmm-align-compiled.cc:127) MPK224
LOG (gmm-align-compiled[5.5.1139~1-67548]:main():gmm-align-compiled.cc:127) MPK225
LOG (gmm-align-compiled[5.5.1139~1-67548]:main():gmm-align-compiled.cc:127) MPK226
LOG (gmm-align-compiled[5.5.1139~1-67548]:main():gmm-align-compiled.cc:127) MPK227
LOG (gmm-align-compiled[5.5.1139~1-67548]:main():gmm-align-compiled.cc:127) MPK228
LOG (gmm-align-compiled[5.5.1139~1-67548]:main():gmm-align-compiled.cc:127) MPK229
LOG (gmm-align-compiled[5.5.1139~1-67548]:main():gmm-align-compiled.cc:127) MPK23
LOG (gmm-align-compiled[5.5.1139~1-67548]:main():gmm-align-compiled.cc:127) MPK230
LOG (gmm-align-compiled[5.5.1139~1-67548]:main():gmm-align-compiled.cc:127) MPK231
LOG (gmm-align-compiled[5.5.1139~1-67548]:main():gmm-align-compiled.cc:127) MPK232
LOG (gmm-align-compiled[5.5.1139~1-67548]:main():gmm-align-compiled.cc:127) MPK233
LOG (gmm-align-compiled[5.5.1139~1-67548]:main():gmm-align-compiled.cc:127) MPK234
LOG (gmm-align-compiled[5.5.1139~1-67548]:main():gmm-align-compiled.cc:127) MPK235
LOG (gmm-align-compiled[5.5.1139~1-67548]:main():gmm-align-compiled.cc:127) MPK236
LOG (gmm-align-compiled[5.5.1139~1-67548]:main():gmm-align-compiled.cc:127) MPK237
LOG (gmm-align-compiled[5.5.1139~1-67548]:main():gmm-align-compiled.cc:127) MPK238
LOG (gmm-align-compiled[5.5.1139~1-67548]:main():gmm-align-compiled.cc:127) MPK239
LOG (gmm-align-compiled[5.5.1139~1-67548]:main():gmm-align-compiled.cc:127) MPK24
LOG (gmm-align-compiled[5.5.1139~1-67548]:main():gmm-align-compiled.cc:127) MPK240
LOG (gmm-align-compiled[5.5.1139~1-67548]:main():gmm-align-compiled.cc:127) MPK241
LOG (gmm-align-compiled[5.5.1139~1-67548]:main():gmm-align-compiled.cc:127) MPK242
LOG (gmm-align-compiled[5.5.1139~1-67548]:main():gmm-align-compiled.cc:127) MPK243
LOG (gmm-align-compiled[5.5.1139~1-67548]:main():gmm-align-compiled.cc:127) MPK244
LOG (gmm-align-compiled[5.5.1139~1-67548]:main():gmm-align-compiled.cc:127) MPK245
LOG (gmm-align-compiled[5.5.1139~1-67548]:main():gmm-align-compiled.cc:127) MPK246
LOG (gmm-align-compiled[5.5.1139~1-67548]:main():gmm-align-compiled.cc:127) MPK247
LOG (gmm-align-compiled[5.5.1139~1-67548]:main():gmm-align-compiled.cc:127) MPK248
LOG (gmm-align-compiled[5.5.1139~1-67548]:main():gmm-align-compiled.cc:127) MPK249
LOG (gmm-align-compiled[5.5.1139~1-67548]:main():gmm-align-compiled.cc:127) MPK25
LOG (gmm-align-compiled[5.5.1139~1-67548]:main():gmm-align-compiled.cc:127) MPK250
LOG (gmm-align-compiled[5.5.1139~1-67548]:main():gmm-align-compiled.cc:127) MPK251
LOG (gmm-align-compiled[5.5.1139~1-67548]:main():gmm-align-compiled.cc:127) MPK252
LOG (gmm-align-compiled[5.5.1139~1-67548]:main():gmm-align-compiled.cc:127) MPK253
LOG (gmm-align-compiled[5.5.1139~1-67548]:main():gmm-align-compiled.cc:127) MPK254
LOG (gmm-align-compiled[5.5.1139~1-67548]:main():gmm-align-compiled.cc:127) MPK255
LOG (gmm-align-compiled[5.5.1139~1-67548]:main():gmm-align-compiled.cc:127) MPK256
LOG (gmm-align-compiled[5.5.1139~1-67548]:main():gmm-align-compiled.cc:127) MPK257
LOG (gmm-align-compiled[5.5.1139~1-67548]:main():gmm-align-compiled.cc:127) MPK258
LOG (gmm-align-compiled[5.5.1139~1-67548]:main():gmm-align-compiled.cc:127) MPK259
LOG (gmm-align-compiled[5.5.1139~1-67548]:main():gmm-align-compiled.cc:127) MPK26
LOG (gmm-align-compiled[5.5.1139~1-67548]:main():gmm-align-compiled.cc:127) MPK260
LOG (gmm-align-compiled[5.5.1139~1-67548]:main():gmm-align-compiled.cc:127) MPK261
LOG (gmm-align-compiled[5.5.1139~1-67548]:main():gmm-align-compiled.cc:127) MPK262
LOG (gmm-align-compiled[5.5.1139~1-67548]:main():gmm-align-compiled.cc:127) MPK263
LOG (gmm-align-compiled[5.5.1139~1-67548]:main():gmm-align-compiled.cc:127) MPK264
LOG (gmm-align-compiled[5.5.1139~1-67548]:main():gmm-align-compiled.cc:127) MPK265
LOG (gmm-align-compiled[5.5.1139~1-67548]:main():gmm-align-compiled.cc:127) MPK266
LOG (gmm-align-compiled[5.5.1139~1-67548]:main():gmm-align-compiled.cc:127) MPK267
LOG (gmm-align-compiled[5.5.1139~1-67548]:main():gmm-align-compiled.cc:127) MPK268
LOG (gmm-align-compiled[5.5.1139~1-67548]:main():gmm-align-compiled.cc:127) MPK269
LOG (gmm-align-compiled[5.5.1139~1-67548]:main():gmm-align-compiled.cc:127) MPK27
LOG (gmm-align-compiled[5.5.1139~1-67548]:main():gmm-align-compiled.cc:127) MPK270
LOG (gmm-align-compiled[5.5.1139~1-67548]:main():gmm-align-compiled.cc:127) MPK271
LOG (gmm-align-compiled[5.5.1139~1-67548]:main():gmm-align-compiled.cc:127) MPK272
LOG (gmm-align-compiled[5.5.1139~1-67548]:main():gmm-align-compiled.cc:127) MPK273
LOG (gmm-align-compiled[5.5.1139~1-67548]:main():gmm-align-compiled.cc:127) MPK274
LOG (gmm-align-compiled[5.5.1139~1-67548]:main():gmm-align-compiled.cc:127) MPK275
LOG (gmm-align-compiled[5.5.1139~1-67548]:main():gmm-align-compiled.cc:127) MPK276
LOG (gmm-align-compiled[5.5.1139~1-67548]:main():gmm-align-compiled.cc:127) MPK277
LOG (gmm-align-compiled[5.5.1139~1-67548]:main():gmm-align-compiled.cc:127) MPK278
LOG (gmm-align-compiled[5.5.1139~1-67548]:main():gmm-align-compiled.cc:127) MPK279
LOG (gmm-align-compiled[5.5.1139~1-67548]:main():gmm-align-compiled.cc:127) MPK28
LOG (gmm-align-compiled[5.5.1139~1-67548]:main():gmm-align-compiled.cc:127) MPK280
LOG (gmm-align-compiled[5.5.1139~1-67548]:main():gmm-align-compiled.cc:127) MPK281
LOG (gmm-align-compiled[5.5.1139~1-67548]:main():gmm-align-compiled.cc:127) MPK282
LOG (gmm-align-compiled[5.5.1139~1-67548]:main():gmm-align-compiled.cc:127) MPK283
LOG (gmm-align-compiled[5.5.1139~1-67548]:main():gmm-align-compiled.cc:127) MPK284
LOG (gmm-align-compiled[5.5.1139~1-67548]:main():gmm-align-compiled.cc:127) MPK285
LOG (gmm-align-compiled[5.5.1139~1-67548]:main():gmm-align-compiled.cc:127) MPK286
LOG (gmm-align-compiled[5.5.1139~1-67548]:main():gmm-align-compiled.cc:127) MPK287
LOG (gmm-align-compiled[5.5.1139~1-67548]:main():gmm-align-compiled.cc:127) MPK288
LOG (gmm-align-compiled[5.5.1139~1-67548]:main():gmm-align-compiled.cc:127) MPK289
LOG (gmm-align-compiled[5.5.1139~1-67548]:main():gmm-align-compiled.cc:127) MPK29
LOG (gmm-align-compiled[5.5.1139~1-67548]:main():gmm-align-compiled.cc:127) MPK290
LOG (gmm-align-compiled[5.5.1139~1-67548]:main():gmm-align-compiled.cc:127) MPK291
LOG (gmm-align-compiled[5.5.1139~1-67548]:main():gmm-align-compiled.cc:127) MPK292
LOG (gmm-align-compiled[5.5.1139~1-67548]:main():gmm-align-compiled.cc:127) MPK3
LOG (gmm-align-compiled[5.5.1139~1-67548]:main():gmm-align-compiled.cc:127) MPK30
LOG (gmm-align-compiled[5.5.1139~1-67548]:main():gmm-align-compiled.cc:127) MPK31
LOG (gmm-align-compiled[5.5.1139~1-67548]:main():gmm-align-compiled.cc:127) MPK32
LOG (gmm-align-compiled[5.5.1139~1-67548]:main():gmm-align-compiled.cc:127) MPK33
LOG (gmm-align-compiled[5.5.1139~1-67548]:main():gmm-align-compiled.cc:127) MPK34
LOG (gmm-align-compiled[5.5.1139~1-67548]:main():gmm-align-compiled.cc:127) MPK35
LOG (gmm-align-compiled[5.5.1139~1-67548]:main():gmm-align-compiled.cc:127) MPK36
LOG (gmm-align-compiled[5.5.1139~1-67548]:main():gmm-align-compiled.cc:127) MPK37
LOG (gmm-align-compiled[5.5.1139~1-67548]:main():gmm-align-compiled.cc:127) MPK38
LOG (gmm-align-compiled[5.5.1139~1-67548]:main():gmm-align-compiled.cc:127) MPK39
LOG (gmm-align-compiled[5.5.1139~1-67548]:main():gmm-align-compiled.cc:127) MPK4
LOG (gmm-align-compiled[5.5.1139~1-67548]:main():gmm-align-compiled.cc:127) MPK40
LOG (gmm-align-compiled[5.5.1139~1-67548]:main():gmm-align-compiled.cc:127) MPK41
LOG (gmm-align-compiled[5.5.1139~1-67548]:main():gmm-align-compiled.cc:127) MPK42
LOG (gmm-align-compiled[5.5.1139~1-67548]:main():gmm-align-compiled.cc:127) MPK43
LOG (gmm-align-compiled[5.5.1139~1-67548]:main():gmm-align-compiled.cc:127) MPK44
LOG (gmm-align-compiled[5.5.1139~1-67548]:main():gmm-align-compiled.cc:127) MPK45
LOG (gmm-align-compiled[5.5.1139~1-67548]:main():gmm-align-compiled.cc:127) MPK46
LOG (gmm-align-compiled[5.5.1139~1-67548]:main():gmm-align-compiled.cc:127) MPK47
LOG (gmm-align-compiled[5.5.1139~1-67548]:main():gmm-align-compiled.cc:127) MPK48
LOG (gmm-align-compiled[5.5.1139~1-67548]:main():gmm-align-compiled.cc:127) MPK49
LOG (gmm-align-compiled[5.5.1139~1-67548]:main():gmm-align-compiled.cc:127) MPK5
LOG (gmm-align-compiled[5.5.1139~1-67548]:main():gmm-align-compiled.cc:127) MPK50
LOG (gmm-align-compiled[5.5.1139~1-67548]:main():gmm-align-compiled.cc:127) MPK51
LOG (gmm-align-compiled[5.5.1139~1-67548]:main():gmm-align-compiled.cc:127) MPK52
LOG (gmm-align-compiled[5.5.1139~1-67548]:main():gmm-align-compiled.cc:127) MPK53
LOG (gmm-align-compiled[5.5.1139~1-67548]:main():gmm-align-compiled.cc:127) MPK54
LOG (gmm-align-compiled[5.5.1139~1-67548]:main():gmm-align-compiled.cc:127) MPK55
LOG (gmm-align-compiled[5.5.1139~1-67548]:main():gmm-align-compiled.cc:127) MPK56
LOG (gmm-align-compiled[5.5.1139~1-67548]:main():gmm-align-compiled.cc:127) MPK57
LOG (gmm-align-compiled[5.5.1139~1-67548]:main():gmm-align-compiled.cc:127) MPK58
LOG (gmm-align-compiled[5.5.1139~1-67548]:main():gmm-align-compiled.cc:127) MPK59
LOG (gmm-align-compiled[5.5.1139~1-67548]:main():gmm-align-compiled.cc:127) MPK6
LOG (gmm-align-compiled[5.5.1139~1-67548]:main():gmm-align-compiled.cc:127) MPK60
LOG (gmm-align-compiled[5.5.1139~1-67548]:main():gmm-align-compiled.cc:127) MPK61
LOG (gmm-align-compiled[5.5.1139~1-67548]:main():gmm-align-compiled.cc:127) MPK62
LOG (gmm-align-compiled[5.5.1139~1-67548]:main():gmm-align-compiled.cc:127) MPK63
LOG (gmm-align-compiled[5.5.1139~1-67548]:main():gmm-align-compiled.cc:127) MPK64
LOG (gmm-align-compiled[5.5.1139~1-67548]:main():gmm-align-compiled.cc:127) MPK65
LOG (gmm-align-compiled[5.5.1139~1-67548]:main():gmm-align-compiled.cc:127) MPK66
LOG (gmm-align-compiled[5.5.1139~1-67548]:main():gmm-align-compiled.cc:127) MPK67
LOG (gmm-align-compiled[5.5.1139~1-67548]:main():gmm-align-compiled.cc:127) MPK68
LOG (gmm-align-compiled[5.5.1139~1-67548]:main():gmm-align-compiled.cc:127) MPK69
LOG (gmm-align-compiled[5.5.1139~1-67548]:main():gmm-align-compiled.cc:127) MPK7
LOG (gmm-align-compiled[5.5.1139~1-67548]:main():gmm-align-compiled.cc:127) MPK70
LOG (gmm-align-compiled[5.5.1139~1-67548]:main():gmm-align-compiled.cc:127) MPK71
LOG (gmm-align-compiled[5.5.1139~1-67548]:main():gmm-align-compiled.cc:127) MPK72
LOG (gmm-align-compiled[5.5.1139~1-67548]:main():gmm-align-compiled.cc:127) MPK73
LOG (gmm-align-compiled[5.5.1139~1-67548]:main():gmm-align-compiled.cc:127) MPK74
LOG (gmm-align-compiled[5.5.1139~1-67548]:main():gmm-align-compiled.cc:127) MPK75
LOG (gmm-align-compiled[5.5.1139~1-67548]:main():gmm-align-compiled.cc:127) MPK76
LOG (gmm-align-compiled[5.5.1139~1-67548]:main():gmm-align-compiled.cc:127) MPK77
LOG (gmm-align-compiled[5.5.1139~1-67548]:main():gmm-align-compiled.cc:127) MPK78
LOG (gmm-align-compiled[5.5.1139~1-67548]:main():gmm-align-compiled.cc:127) MPK79
LOG (gmm-align-compiled[5.5.1139~1-67548]:main():gmm-align-compiled.cc:127) MPK8
LOG (gmm-align-compiled[5.5.1139~1-67548]:main():gmm-align-compiled.cc:127) MPK80
LOG (gmm-align-compiled[5.5.1139~1-67548]:main():gmm-align-compiled.cc:127) MPK81
LOG (gmm-align-compiled[5.5.1139~1-67548]:main():gmm-align-compiled.cc:127) MPK82
LOG (gmm-align-compiled[5.5.1139~1-67548]:main():gmm-align-compiled.cc:127) MPK83
LOG (gmm-align-compiled[5.5.1139~1-67548]:main():gmm-align-compiled.cc:127) MPK84
LOG (gmm-align-compiled[5.5.1139~1-67548]:main():gmm-align-compiled.cc:127) MPK85
LOG (gmm-align-compiled[5.5.1139~1-67548]:main():gmm-align-compiled.cc:127) MPK86
LOG (gmm-align-compiled[5.5.1139~1-67548]:main():gmm-align-compiled.cc:127) MPK87
LOG (gmm-align-compiled[5.5.1139~1-67548]:main():gmm-align-compiled.cc:127) MPK88
LOG (gmm-align-compiled[5.5.1139~1-67548]:main():gmm-align-compiled.cc:127) MPK89
LOG (gmm-align-compiled[5.5.1139~1-67548]:main():gmm-align-compiled.cc:127) MPK9
LOG (gmm-align-compiled[5.5.1139~1-67548]:main():gmm-align-compiled.cc:127) MPK90
LOG (gmm-align-compiled[5.5.1139~1-67548]:main():gmm-align-compiled.cc:127) MPK91
LOG (gmm-align-compiled[5.5.1139~1-67548]:main():gmm-align-compiled.cc:127) MPK92
LOG (gmm-align-compiled[5.5.1139~1-67548]:main():gmm-align-compiled.cc:127) MPK93
LOG (gmm-align-compiled[5.5.1139~1-67548]:main():gmm-align-compiled.cc:127) MPK94
LOG (gmm-align-compiled[5.5.1139~1-67548]:main():gmm-align-compiled.cc:127) MPK95
LOG (gmm-align-compiled[5.5.1139~1-67548]:main():gmm-align-compiled.cc:127) MPK96
LOG (gmm-align-compiled[5.5.1139~1-67548]:main():gmm-align-compiled.cc:127) MPK97
LOG (gmm-align-compiled[5.5.1139~1-67548]:main():gmm-align-compiled.cc:127) MPK98
LOG (gmm-align-compiled[5.5.1139~1-67548]:main():gmm-align-compiled.cc:127) MPK99
LOG (gmm-align-compiled[5.5.1139~1-67548]:main():gmm-align-compiled.cc:127) MPR1
LOG (gmm-align-compiled[5.5.1139~1-67548]:main():gmm-align-compiled.cc:127) MPR10
LOG (gmm-align-compiled[5.5.1139~1-67548]:main():gmm-align-compiled.cc:127) MPR100
LOG (gmm-align-compiled[5.5.1139~1-67548]:main():gmm-align-compiled.cc:127) MPR101
LOG (gmm-align-compiled[5.5.1139~1-67548]:main():gmm-align-compiled.cc:127) MPR102
LOG (gmm-align-compiled[5.5.1139~1-67548]:main():gmm-align-compiled.cc:127) MPR103
WARNING (gmm-align-compiled[5.5.1139~1-67548]:AlignUtteranceWrapper():decoder-wrappers.cc:617) Retrying utterance MPR103 with beam 40
LOG (gmm-align-compiled[5.5.1139~1-67548]:main():gmm-align-compiled.cc:127) MPR104
LOG (gmm-align-compiled[5.5.1139~1-67548]:main():gmm-align-compiled.cc:127) MPR105
LOG (gmm-align-compiled[5.5.1139~1-67548]:main():gmm-align-compiled.cc:127) MPR106
LOG (gmm-align-compiled[5.5.1139~1-67548]:main():gmm-align-compiled.cc:127) MPR107
LOG (gmm-align-compiled[5.5.1139~1-67548]:main():gmm-align-compiled.cc:127) MPR108
LOG (gmm-align-compiled[5.5.1139~1-67548]:main():gmm-align-compiled.cc:127) MPR109
LOG (gmm-align-compiled[5.5.1139~1-67548]:main():gmm-align-compiled.cc:127) MPR11
LOG (gmm-align-compiled[5.5.1139~1-67548]:main():gmm-align-compiled.cc:127) MPR110
LOG (gmm-align-compiled[5.5.1139~1-67548]:main():gmm-align-compiled.cc:127) MPR111
LOG (gmm-align-compiled[5.5.1139~1-67548]:main():gmm-align-compiled.cc:127) MPR112
LOG (gmm-align-compiled[5.5.1139~1-67548]:main():gmm-align-compiled.cc:127) MPR113
LOG (gmm-align-compiled[5.5.1139~1-67548]:main():gmm-align-compiled.cc:127) MPR114
LOG (gmm-align-compiled[5.5.1139~1-67548]:main():gmm-align-compiled.cc:127) MPR115
LOG (gmm-align-compiled[5.5.1139~1-67548]:main():gmm-align-compiled.cc:127) MPR116
LOG (gmm-align-compiled[5.5.1139~1-67548]:main():gmm-align-compiled.cc:127) MPR117
LOG (gmm-align-compiled[5.5.1139~1-67548]:main():gmm-align-compiled.cc:127) MPR118
LOG (gmm-align-compiled[5.5.1139~1-67548]:main():gmm-align-compiled.cc:127) MPR119
LOG (gmm-align-compiled[5.5.1139~1-67548]:main():gmm-align-compiled.cc:127) MPR12
LOG (gmm-align-compiled[5.5.1139~1-67548]:main():gmm-align-compiled.cc:127) MPR120
LOG (gmm-align-compiled[5.5.1139~1-67548]:main():gmm-align-compiled.cc:127) MPR121
LOG (gmm-align-compiled[5.5.1139~1-67548]:main():gmm-align-compiled.cc:127) MPR122
LOG (gmm-align-compiled[5.5.1139~1-67548]:main():gmm-align-compiled.cc:127) MPR123
LOG (gmm-align-compiled[5.5.1139~1-67548]:main():gmm-align-compiled.cc:127) MPR124
LOG (gmm-align-compiled[5.5.1139~1-67548]:main():gmm-align-compiled.cc:127) MPR125
LOG (gmm-align-compiled[5.5.1139~1-67548]:main():gmm-align-compiled.cc:127) MPR126
LOG (gmm-align-compiled[5.5.1139~1-67548]:main():gmm-align-compiled.cc:127) MPR127
LOG (gmm-align-compiled[5.5.1139~1-67548]:main():gmm-align-compiled.cc:127) MPR128
LOG (gmm-align-compiled[5.5.1139~1-67548]:main():gmm-align-compiled.cc:127) MPR129
LOG (gmm-align-compiled[5.5.1139~1-67548]:main():gmm-align-compiled.cc:127) MPR13
LOG (gmm-align-compiled[5.5.1139~1-67548]:main():gmm-align-compiled.cc:127) MPR130
LOG (gmm-align-compiled[5.5.1139~1-67548]:main():gmm-align-compiled.cc:127) MPR131
LOG (gmm-align-compiled[5.5.1139~1-67548]:main():gmm-align-compiled.cc:127) MPR132
LOG (gmm-align-compiled[5.5.1139~1-67548]:main():gmm-align-compiled.cc:127) MPR133
LOG (gmm-align-compiled[5.5.1139~1-67548]:main():gmm-align-compiled.cc:127) MPR134
LOG (gmm-align-compiled[5.5.1139~1-67548]:main():gmm-align-compiled.cc:127) MPR135
LOG (gmm-align-compiled[5.5.1139~1-67548]:main():gmm-align-compiled.cc:127) MPR136
LOG (gmm-align-compiled[5.5.1139~1-67548]:main():gmm-align-compiled.cc:127) MPR137
LOG (gmm-align-compiled[5.5.1139~1-67548]:main():gmm-align-compiled.cc:127) MPR138
LOG (gmm-align-compiled[5.5.1139~1-67548]:main():gmm-align-compiled.cc:127) MPR139
LOG (gmm-align-compiled[5.5.1139~1-67548]:main():gmm-align-compiled.cc:127) MPR14
LOG (gmm-align-compiled[5.5.1139~1-67548]:main():gmm-align-compiled.cc:127) MPR140
LOG (gmm-align-compiled[5.5.1139~1-67548]:main():gmm-align-compiled.cc:127) MPR141
LOG (gmm-align-compiled[5.5.1139~1-67548]:main():gmm-align-compiled.cc:127) MPR142
LOG (gmm-align-compiled[5.5.1139~1-67548]:main():gmm-align-compiled.cc:127) MPR143
LOG (gmm-align-compiled[5.5.1139~1-67548]:main():gmm-align-compiled.cc:127) MPR144
LOG (gmm-align-compiled[5.5.1139~1-67548]:main():gmm-align-compiled.cc:127) MPR145
LOG (gmm-align-compiled[5.5.1139~1-67548]:main():gmm-align-compiled.cc:127) MPR146
LOG (gmm-align-compiled[5.5.1139~1-67548]:main():gmm-align-compiled.cc:127) MPR147
LOG (gmm-align-compiled[5.5.1139~1-67548]:main():gmm-align-compiled.cc:127) MPR148
LOG (gmm-align-compiled[5.5.1139~1-67548]:main():gmm-align-compiled.cc:127) MPR149
LOG (gmm-align-compiled[5.5.1139~1-67548]:main():gmm-align-compiled.cc:127) MPR15
LOG (gmm-align-compiled[5.5.1139~1-67548]:main():gmm-align-compiled.cc:127) MPR150
LOG (gmm-align-compiled[5.5.1139~1-67548]:main():gmm-align-compiled.cc:127) MPR151
LOG (gmm-align-compiled[5.5.1139~1-67548]:main():gmm-align-compiled.cc:127) MPR152
LOG (gmm-align-compiled[5.5.1139~1-67548]:main():gmm-align-compiled.cc:127) MPR153
LOG (gmm-align-compiled[5.5.1139~1-67548]:main():gmm-align-compiled.cc:127) MPR154
LOG (gmm-align-compiled[5.5.1139~1-67548]:main():gmm-align-compiled.cc:127) MPR155
LOG (gmm-align-compiled[5.5.1139~1-67548]:main():gmm-align-compiled.cc:127) MPR156
LOG (gmm-align-compiled[5.5.1139~1-67548]:main():gmm-align-compiled.cc:127) MPR157
LOG (gmm-align-compiled[5.5.1139~1-67548]:main():gmm-align-compiled.cc:127) MPR158
LOG (gmm-align-compiled[5.5.1139~1-67548]:main():gmm-align-compiled.cc:127) MPR159
LOG (gmm-align-compiled[5.5.1139~1-67548]:main():gmm-align-compiled.cc:127) MPR16
LOG (gmm-align-compiled[5.5.1139~1-67548]:main():gmm-align-compiled.cc:127) MPR160
LOG (gmm-align-compiled[5.5.1139~1-67548]:main():gmm-align-compiled.cc:127) MPR161
LOG (gmm-align-compiled[5.5.1139~1-67548]:main():gmm-align-compiled.cc:127) MPR162
LOG (gmm-align-compiled[5.5.1139~1-67548]:main():gmm-align-compiled.cc:127) MPR163
LOG (gmm-align-compiled[5.5.1139~1-67548]:main():gmm-align-compiled.cc:127) MPR164
LOG (gmm-align-compiled[5.5.1139~1-67548]:main():gmm-align-compiled.cc:127) MPR165
LOG (gmm-align-compiled[5.5.1139~1-67548]:main():gmm-align-compiled.cc:127) MPR166
LOG (gmm-align-compiled[5.5.1139~1-67548]:main():gmm-align-compiled.cc:127) MPR167
LOG (gmm-align-compiled[5.5.1139~1-67548]:main():gmm-align-compiled.cc:127) MPR168
LOG (gmm-align-compiled[5.5.1139~1-67548]:main():gmm-align-compiled.cc:127) MPR169
LOG (gmm-align-compiled[5.5.1139~1-67548]:main():gmm-align-compiled.cc:127) MPR17
LOG (gmm-align-compiled[5.5.1139~1-67548]:main():gmm-align-compiled.cc:127) MPR170
LOG (gmm-align-compiled[5.5.1139~1-67548]:main():gmm-align-compiled.cc:127) MPR171
LOG (gmm-align-compiled[5.5.1139~1-67548]:main():gmm-align-compiled.cc:127) MPR172
LOG (gmm-align-compiled[5.5.1139~1-67548]:main():gmm-align-compiled.cc:127) MPR173
LOG (gmm-align-compiled[5.5.1139~1-67548]:main():gmm-align-compiled.cc:127) MPR174
LOG (gmm-align-compiled[5.5.1139~1-67548]:main():gmm-align-compiled.cc:127) MPR175
LOG (gmm-align-compiled[5.5.1139~1-67548]:main():gmm-align-compiled.cc:127) MPR176
LOG (gmm-align-compiled[5.5.1139~1-67548]:main():gmm-align-compiled.cc:127) MPR177
LOG (gmm-align-compiled[5.5.1139~1-67548]:main():gmm-align-compiled.cc:127) MPR178
LOG (gmm-align-compiled[5.5.1139~1-67548]:main():gmm-align-compiled.cc:127) MPR179
LOG (gmm-align-compiled[5.5.1139~1-67548]:main():gmm-align-compiled.cc:127) MPR18
LOG (gmm-align-compiled[5.5.1139~1-67548]:main():gmm-align-compiled.cc:127) MPR180
LOG (gmm-align-compiled[5.5.1139~1-67548]:main():gmm-align-compiled.cc:127) MPR181
LOG (gmm-align-compiled[5.5.1139~1-67548]:main():gmm-align-compiled.cc:127) MPR182
LOG (gmm-align-compiled[5.5.1139~1-67548]:main():gmm-align-compiled.cc:127) MPR183
LOG (gmm-align-compiled[5.5.1139~1-67548]:main():gmm-align-compiled.cc:127) MPR184
LOG (gmm-align-compiled[5.5.1139~1-67548]:main():gmm-align-compiled.cc:127) MPR185
LOG (gmm-align-compiled[5.5.1139~1-67548]:main():gmm-align-compiled.cc:127) MPR186
LOG (gmm-align-compiled[5.5.1139~1-67548]:main():gmm-align-compiled.cc:127) MPR187
LOG (gmm-align-compiled[5.5.1139~1-67548]:main():gmm-align-compiled.cc:127) MPR188
LOG (gmm-align-compiled[5.5.1139~1-67548]:main():gmm-align-compiled.cc:127) MPR189
LOG (gmm-align-compiled[5.5.1139~1-67548]:main():gmm-align-compiled.cc:127) MPR19
LOG (gmm-align-compiled[5.5.1139~1-67548]:main():gmm-align-compiled.cc:127) MPR190
LOG (gmm-align-compiled[5.5.1139~1-67548]:main():gmm-align-compiled.cc:127) MPR191
LOG (gmm-align-compiled[5.5.1139~1-67548]:main():gmm-align-compiled.cc:127) MPR192
LOG (gmm-align-compiled[5.5.1139~1-67548]:main():gmm-align-compiled.cc:127) MPR193
LOG (gmm-align-compiled[5.5.1139~1-67548]:main():gmm-align-compiled.cc:127) MPR194
LOG (gmm-align-compiled[5.5.1139~1-67548]:main():gmm-align-compiled.cc:127) MPR195
LOG (gmm-align-compiled[5.5.1139~1-67548]:main():gmm-align-compiled.cc:127) MPR196
LOG (gmm-align-compiled[5.5.1139~1-67548]:main():gmm-align-compiled.cc:127) MPR197
LOG (gmm-align-compiled[5.5.1139~1-67548]:main():gmm-align-compiled.cc:127) MPR198
LOG (gmm-align-compiled[5.5.1139~1-67548]:main():gmm-align-compiled.cc:127) MPR199
LOG (gmm-align-compiled[5.5.1139~1-67548]:main():gmm-align-compiled.cc:127) MPR2
LOG (gmm-align-compiled[5.5.1139~1-67548]:main():gmm-align-compiled.cc:127) MPR20
LOG (gmm-align-compiled[5.5.1139~1-67548]:main():gmm-align-compiled.cc:127) MPR200
LOG (gmm-align-compiled[5.5.1139~1-67548]:main():gmm-align-compiled.cc:127) MPR201
LOG (gmm-align-compiled[5.5.1139~1-67548]:main():gmm-align-compiled.cc:127) MPR202
LOG (gmm-align-compiled[5.5.1139~1-67548]:main():gmm-align-compiled.cc:127) MPR203
LOG (gmm-align-compiled[5.5.1139~1-67548]:main():gmm-align-compiled.cc:127) MPR204
LOG (gmm-align-compiled[5.5.1139~1-67548]:main():gmm-align-compiled.cc:127) MPR205
LOG (gmm-align-compiled[5.5.1139~1-67548]:main():gmm-align-compiled.cc:127) MPR206
LOG (gmm-align-compiled[5.5.1139~1-67548]:main():gmm-align-compiled.cc:127) MPR207
LOG (gmm-align-compiled[5.5.1139~1-67548]:main():gmm-align-compiled.cc:127) MPR208
LOG (gmm-align-compiled[5.5.1139~1-67548]:main():gmm-align-compiled.cc:127) MPR209
LOG (gmm-align-compiled[5.5.1139~1-67548]:main():gmm-align-compiled.cc:127) MPR21
LOG (gmm-align-compiled[5.5.1139~1-67548]:main():gmm-align-compiled.cc:127) MPR210
LOG (gmm-align-compiled[5.5.1139~1-67548]:main():gmm-align-compiled.cc:127) MPR211
LOG (gmm-align-compiled[5.5.1139~1-67548]:main():gmm-align-compiled.cc:127) MPR212
LOG (gmm-align-compiled[5.5.1139~1-67548]:main():gmm-align-compiled.cc:127) MPR213
LOG (gmm-align-compiled[5.5.1139~1-67548]:main():gmm-align-compiled.cc:127) MPR214
LOG (gmm-align-compiled[5.5.1139~1-67548]:main():gmm-align-compiled.cc:127) MPR215
LOG (gmm-align-compiled[5.5.1139~1-67548]:main():gmm-align-compiled.cc:127) MPR216
LOG (gmm-align-compiled[5.5.1139~1-67548]:main():gmm-align-compiled.cc:127) MPR217
LOG (gmm-align-compiled[5.5.1139~1-67548]:main():gmm-align-compiled.cc:127) MPR218
LOG (gmm-align-compiled[5.5.1139~1-67548]:main():gmm-align-compiled.cc:127) MPR219
LOG (gmm-align-compiled[5.5.1139~1-67548]:main():gmm-align-compiled.cc:127) MPR22
LOG (gmm-align-compiled[5.5.1139~1-67548]:main():gmm-align-compiled.cc:127) MPR220
LOG (gmm-align-compiled[5.5.1139~1-67548]:main():gmm-align-compiled.cc:127) MPR221
LOG (gmm-align-compiled[5.5.1139~1-67548]:main():gmm-align-compiled.cc:127) MPR222
LOG (gmm-align-compiled[5.5.1139~1-67548]:main():gmm-align-compiled.cc:127) MPR223
LOG (gmm-align-compiled[5.5.1139~1-67548]:main():gmm-align-compiled.cc:127) MPR224
LOG (gmm-align-compiled[5.5.1139~1-67548]:main():gmm-align-compiled.cc:127) MPR225
LOG (gmm-align-compiled[5.5.1139~1-67548]:main():gmm-align-compiled.cc:127) MPR226
LOG (gmm-align-compiled[5.5.1139~1-67548]:main():gmm-align-compiled.cc:127) MPR227
LOG (gmm-align-compiled[5.5.1139~1-67548]:main():gmm-align-compiled.cc:127) MPR228
LOG (gmm-align-compiled[5.5.1139~1-67548]:main():gmm-align-compiled.cc:127) MPR229
LOG (gmm-align-compiled[5.5.1139~1-67548]:main():gmm-align-compiled.cc:127) MPR23
LOG (gmm-align-compiled[5.5.1139~1-67548]:main():gmm-align-compiled.cc:127) MPR230
LOG (gmm-align-compiled[5.5.1139~1-67548]:main():gmm-align-compiled.cc:127) MPR231
LOG (gmm-align-compiled[5.5.1139~1-67548]:main():gmm-align-compiled.cc:127) MPR232
LOG (gmm-align-compiled[5.5.1139~1-67548]:main():gmm-align-compiled.cc:127) MPR233
LOG (gmm-align-compiled[5.5.1139~1-67548]:main():gmm-align-compiled.cc:127) MPR234
LOG (gmm-align-compiled[5.5.1139~1-67548]:main():gmm-align-compiled.cc:127) MPR235
LOG (gmm-align-compiled[5.5.1139~1-67548]:main():gmm-align-compiled.cc:127) MPR236
LOG (gmm-align-compiled[5.5.1139~1-67548]:main():gmm-align-compiled.cc:127) MPR237
LOG (gmm-align-compiled[5.5.1139~1-67548]:main():gmm-align-compiled.cc:127) MPR238
LOG (gmm-align-compiled[5.5.1139~1-67548]:main():gmm-align-compiled.cc:127) MPR239
LOG (gmm-align-compiled[5.5.1139~1-67548]:main():gmm-align-compiled.cc:127) MPR24
LOG (gmm-align-compiled[5.5.1139~1-67548]:main():gmm-align-compiled.cc:127) MPR240
LOG (gmm-align-compiled[5.5.1139~1-67548]:main():gmm-align-compiled.cc:127) MPR241
LOG (gmm-align-compiled[5.5.1139~1-67548]:main():gmm-align-compiled.cc:127) MPR242
LOG (gmm-align-compiled[5.5.1139~1-67548]:main():gmm-align-compiled.cc:127) MPR243
LOG (gmm-align-compiled[5.5.1139~1-67548]:main():gmm-align-compiled.cc:127) MPR244
LOG (gmm-align-compiled[5.5.1139~1-67548]:main():gmm-align-compiled.cc:127) MPR245
LOG (gmm-align-compiled[5.5.1139~1-67548]:main():gmm-align-compiled.cc:127) MPR246
LOG (gmm-align-compiled[5.5.1139~1-67548]:main():gmm-align-compiled.cc:127) MPR247
LOG (gmm-align-compiled[5.5.1139~1-67548]:main():gmm-align-compiled.cc:127) MPR248
LOG (gmm-align-compiled[5.5.1139~1-67548]:main():gmm-align-compiled.cc:127) MPR249
LOG (gmm-align-compiled[5.5.1139~1-67548]:main():gmm-align-compiled.cc:127) MPR25
LOG (gmm-align-compiled[5.5.1139~1-67548]:main():gmm-align-compiled.cc:127) MPR250
LOG (gmm-align-compiled[5.5.1139~1-67548]:main():gmm-align-compiled.cc:127) MPR251
LOG (gmm-align-compiled[5.5.1139~1-67548]:main():gmm-align-compiled.cc:127) MPR252
LOG (gmm-align-compiled[5.5.1139~1-67548]:main():gmm-align-compiled.cc:127) MPR253
LOG (gmm-align-compiled[5.5.1139~1-67548]:main():gmm-align-compiled.cc:127) MPR254
LOG (gmm-align-compiled[5.5.1139~1-67548]:main():gmm-align-compiled.cc:127) MPR255
LOG (gmm-align-compiled[5.5.1139~1-67548]:main():gmm-align-compiled.cc:127) MPR256
LOG (gmm-align-compiled[5.5.1139~1-67548]:main():gmm-align-compiled.cc:127) MPR257
LOG (gmm-align-compiled[5.5.1139~1-67548]:main():gmm-align-compiled.cc:127) MPR258
LOG (gmm-align-compiled[5.5.1139~1-67548]:main():gmm-align-compiled.cc:127) MPR259
LOG (gmm-align-compiled[5.5.1139~1-67548]:main():gmm-align-compiled.cc:127) MPR26
LOG (gmm-align-compiled[5.5.1139~1-67548]:main():gmm-align-compiled.cc:127) MPR260
LOG (gmm-align-compiled[5.5.1139~1-67548]:main():gmm-align-compiled.cc:127) MPR261
LOG (gmm-align-compiled[5.5.1139~1-67548]:main():gmm-align-compiled.cc:127) MPR262
LOG (gmm-align-compiled[5.5.1139~1-67548]:main():gmm-align-compiled.cc:127) MPR263
LOG (gmm-align-compiled[5.5.1139~1-67548]:main():gmm-align-compiled.cc:127) MPR264
LOG (gmm-align-compiled[5.5.1139~1-67548]:main():gmm-align-compiled.cc:127) MPR265
LOG (gmm-align-compiled[5.5.1139~1-67548]:main():gmm-align-compiled.cc:127) MPR266
LOG (gmm-align-compiled[5.5.1139~1-67548]:main():gmm-align-compiled.cc:127) MPR267
LOG (gmm-align-compiled[5.5.1139~1-67548]:main():gmm-align-compiled.cc:127) MPR268
LOG (gmm-align-compiled[5.5.1139~1-67548]:main():gmm-align-compiled.cc:127) MPR269
LOG (gmm-align-compiled[5.5.1139~1-67548]:main():gmm-align-compiled.cc:127) MPR27
LOG (gmm-align-compiled[5.5.1139~1-67548]:main():gmm-align-compiled.cc:127) MPR270
LOG (gmm-align-compiled[5.5.1139~1-67548]:main():gmm-align-compiled.cc:127) MPR271
LOG (gmm-align-compiled[5.5.1139~1-67548]:main():gmm-align-compiled.cc:127) MPR272
LOG (gmm-align-compiled[5.5.1139~1-67548]:main():gmm-align-compiled.cc:127) MPR273
LOG (gmm-align-compiled[5.5.1139~1-67548]:main():gmm-align-compiled.cc:127) MPR274
LOG (gmm-align-compiled[5.5.1139~1-67548]:main():gmm-align-compiled.cc:127) MPR275
LOG (gmm-align-compiled[5.5.1139~1-67548]:main():gmm-align-compiled.cc:127) MPR276
LOG (gmm-align-compiled[5.5.1139~1-67548]:main():gmm-align-compiled.cc:127) MPR277
LOG (gmm-align-compiled[5.5.1139~1-67548]:main():gmm-align-compiled.cc:127) MPR278
LOG (gmm-align-compiled[5.5.1139~1-67548]:main():gmm-align-compiled.cc:127) MPR279
LOG (gmm-align-compiled[5.5.1139~1-67548]:main():gmm-align-compiled.cc:127) MPR28
LOG (gmm-align-compiled[5.5.1139~1-67548]:main():gmm-align-compiled.cc:127) MPR280
LOG (gmm-align-compiled[5.5.1139~1-67548]:main():gmm-align-compiled.cc:127) MPR281
LOG (gmm-align-compiled[5.5.1139~1-67548]:main():gmm-align-compiled.cc:127) MPR282
LOG (gmm-align-compiled[5.5.1139~1-67548]:main():gmm-align-compiled.cc:127) MPR283
LOG (gmm-align-compiled[5.5.1139~1-67548]:main():gmm-align-compiled.cc:127) MPR284
LOG (gmm-align-compiled[5.5.1139~1-67548]:main():gmm-align-compiled.cc:127) MPR285
LOG (gmm-align-compiled[5.5.1139~1-67548]:main():gmm-align-compiled.cc:127) MPR286
LOG (gmm-align-compiled[5.5.1139~1-67548]:main():gmm-align-compiled.cc:127) MPR287
LOG (gmm-align-compiled[5.5.1139~1-67548]:main():gmm-align-compiled.cc:127) MPR288
LOG (gmm-align-compiled[5.5.1139~1-67548]:main():gmm-align-compiled.cc:127) MPR289
LOG (gmm-align-compiled[5.5.1139~1-67548]:main():gmm-align-compiled.cc:127) MPR29
LOG (gmm-align-compiled[5.5.1139~1-67548]:main():gmm-align-compiled.cc:127) MPR290
LOG (gmm-align-compiled[5.5.1139~1-67548]:main():gmm-align-compiled.cc:127) MPR291
LOG (gmm-align-compiled[5.5.1139~1-67548]:main():gmm-align-compiled.cc:127) MPR292
LOG (gmm-align-compiled[5.5.1139~1-67548]:main():gmm-align-compiled.cc:127) MPR3
LOG (gmm-align-compiled[5.5.1139~1-67548]:main():gmm-align-compiled.cc:127) MPR30
LOG (gmm-align-compiled[5.5.1139~1-67548]:main():gmm-align-compiled.cc:127) MPR31
LOG (gmm-align-compiled[5.5.1139~1-67548]:main():gmm-align-compiled.cc:127) MPR32
LOG (gmm-align-compiled[5.5.1139~1-67548]:main():gmm-align-compiled.cc:127) MPR33
LOG (gmm-align-compiled[5.5.1139~1-67548]:main():gmm-align-compiled.cc:127) MPR34
LOG (gmm-align-compiled[5.5.1139~1-67548]:main():gmm-align-compiled.cc:127) MPR35
LOG (gmm-align-compiled[5.5.1139~1-67548]:main():gmm-align-compiled.cc:127) MPR36
LOG (gmm-align-compiled[5.5.1139~1-67548]:main():gmm-align-compiled.cc:127) MPR37
LOG (gmm-align-compiled[5.5.1139~1-67548]:main():gmm-align-compiled.cc:127) MPR38
LOG (gmm-align-compiled[5.5.1139~1-67548]:main():gmm-align-compiled.cc:127) MPR39
LOG (gmm-align-compiled[5.5.1139~1-67548]:main():gmm-align-compiled.cc:127) MPR4
LOG (gmm-align-compiled[5.5.1139~1-67548]:main():gmm-align-compiled.cc:127) MPR40
LOG (gmm-align-compiled[5.5.1139~1-67548]:main():gmm-align-compiled.cc:127) MPR41
LOG (gmm-align-compiled[5.5.1139~1-67548]:main():gmm-align-compiled.cc:127) MPR42
LOG (gmm-align-compiled[5.5.1139~1-67548]:main():gmm-align-compiled.cc:127) MPR43
LOG (gmm-align-compiled[5.5.1139~1-67548]:main():gmm-align-compiled.cc:127) MPR44
LOG (gmm-align-compiled[5.5.1139~1-67548]:main():gmm-align-compiled.cc:127) MPR45
LOG (gmm-align-compiled[5.5.1139~1-67548]:main():gmm-align-compiled.cc:127) MPR46
LOG (gmm-align-compiled[5.5.1139~1-67548]:main():gmm-align-compiled.cc:127) MPR47
LOG (gmm-align-compiled[5.5.1139~1-67548]:main():gmm-align-compiled.cc:127) MPR48
LOG (gmm-align-compiled[5.5.1139~1-67548]:main():gmm-align-compiled.cc:127) MPR49
LOG (gmm-align-compiled[5.5.1139~1-67548]:main():gmm-align-compiled.cc:127) MPR5
LOG (gmm-align-compiled[5.5.1139~1-67548]:main():gmm-align-compiled.cc:127) MPR50
LOG (gmm-align-compiled[5.5.1139~1-67548]:main():gmm-align-compiled.cc:127) MPR51
LOG (gmm-align-compiled[5.5.1139~1-67548]:main():gmm-align-compiled.cc:127) MPR52
LOG (gmm-align-compiled[5.5.1139~1-67548]:main():gmm-align-compiled.cc:127) MPR53
LOG (gmm-align-compiled[5.5.1139~1-67548]:main():gmm-align-compiled.cc:127) MPR54
LOG (gmm-align-compiled[5.5.1139~1-67548]:main():gmm-align-compiled.cc:127) MPR55
LOG (gmm-align-compiled[5.5.1139~1-67548]:main():gmm-align-compiled.cc:127) MPR56
LOG (gmm-align-compiled[5.5.1139~1-67548]:main():gmm-align-compiled.cc:127) MPR57
LOG (gmm-align-compiled[5.5.1139~1-67548]:main():gmm-align-compiled.cc:127) MPR58
LOG (gmm-align-compiled[5.5.1139~1-67548]:main():gmm-align-compiled.cc:127) MPR59
LOG (gmm-align-compiled[5.5.1139~1-67548]:main():gmm-align-compiled.cc:127) MPR6
LOG (gmm-align-compiled[5.5.1139~1-67548]:main():gmm-align-compiled.cc:127) MPR60
LOG (gmm-align-compiled[5.5.1139~1-67548]:main():gmm-align-compiled.cc:127) MPR61
LOG (gmm-align-compiled[5.5.1139~1-67548]:main():gmm-align-compiled.cc:127) MPR62
LOG (gmm-align-compiled[5.5.1139~1-67548]:main():gmm-align-compiled.cc:127) MPR63
LOG (gmm-align-compiled[5.5.1139~1-67548]:main():gmm-align-compiled.cc:127) MPR64
LOG (gmm-align-compiled[5.5.1139~1-67548]:main():gmm-align-compiled.cc:127) MPR65
LOG (gmm-align-compiled[5.5.1139~1-67548]:main():gmm-align-compiled.cc:127) MPR66
LOG (gmm-align-compiled[5.5.1139~1-67548]:main():gmm-align-compiled.cc:127) MPR67
LOG (gmm-align-compiled[5.5.1139~1-67548]:main():gmm-align-compiled.cc:127) MPR68
LOG (gmm-align-compiled[5.5.1139~1-67548]:main():gmm-align-compiled.cc:127) MPR69
LOG (gmm-align-compiled[5.5.1139~1-67548]:main():gmm-align-compiled.cc:127) MPR7
LOG (gmm-align-compiled[5.5.1139~1-67548]:main():gmm-align-compiled.cc:127) MPR70
LOG (gmm-align-compiled[5.5.1139~1-67548]:main():gmm-align-compiled.cc:127) MPR71
LOG (gmm-align-compiled[5.5.1139~1-67548]:main():gmm-align-compiled.cc:127) MPR72
LOG (gmm-align-compiled[5.5.1139~1-67548]:main():gmm-align-compiled.cc:127) MPR73
LOG (gmm-align-compiled[5.5.1139~1-67548]:main():gmm-align-compiled.cc:127) MPR74
LOG (gmm-align-compiled[5.5.1139~1-67548]:main():gmm-align-compiled.cc:127) MPR75
LOG (gmm-align-compiled[5.5.1139~1-67548]:main():gmm-align-compiled.cc:127) MPR76
LOG (gmm-align-compiled[5.5.1139~1-67548]:main():gmm-align-compiled.cc:127) MPR77
LOG (gmm-align-compiled[5.5.1139~1-67548]:main():gmm-align-compiled.cc:127) MPR78
LOG (gmm-align-compiled[5.5.1139~1-67548]:main():gmm-align-compiled.cc:127) MPR79
LOG (gmm-align-compiled[5.5.1139~1-67548]:main():gmm-align-compiled.cc:127) MPR8
LOG (gmm-align-compiled[5.5.1139~1-67548]:main():gmm-align-compiled.cc:127) MPR80
LOG (gmm-align-compiled[5.5.1139~1-67548]:main():gmm-align-compiled.cc:127) MPR81
LOG (gmm-align-compiled[5.5.1139~1-67548]:main():gmm-align-compiled.cc:127) MPR82
LOG (gmm-align-compiled[5.5.1139~1-67548]:main():gmm-align-compiled.cc:127) MPR83
LOG (gmm-align-compiled[5.5.1139~1-67548]:main():gmm-align-compiled.cc:127) MPR84
LOG (gmm-align-compiled[5.5.1139~1-67548]:main():gmm-align-compiled.cc:127) MPR85
LOG (gmm-align-compiled[5.5.1139~1-67548]:main():gmm-align-compiled.cc:127) MPR86
LOG (gmm-align-compiled[5.5.1139~1-67548]:main():gmm-align-compiled.cc:127) MPR87
LOG (gmm-align-compiled[5.5.1139~1-67548]:main():gmm-align-compiled.cc:127) MPR88
LOG (gmm-align-compiled[5.5.1139~1-67548]:main():gmm-align-compiled.cc:127) MPR89
LOG (gmm-align-compiled[5.5.1139~1-67548]:main():gmm-align-compiled.cc:127) MPR9
LOG (gmm-align-compiled[5.5.1139~1-67548]:main():gmm-align-compiled.cc:127) MPR90
LOG (gmm-align-compiled[5.5.1139~1-67548]:main():gmm-align-compiled.cc:127) MPR91
LOG (gmm-align-compiled[5.5.1139~1-67548]:main():gmm-align-compiled.cc:127) MPR92
LOG (gmm-align-compiled[5.5.1139~1-67548]:main():gmm-align-compiled.cc:127) MPR93
LOG (gmm-align-compiled[5.5.1139~1-67548]:main():gmm-align-compiled.cc:127) MPR94
LOG (gmm-align-compiled[5.5.1139~1-67548]:main():gmm-align-compiled.cc:127) MPR95
LOG (gmm-align-compiled[5.5.1139~1-67548]:main():gmm-align-compiled.cc:127) MPR96
LOG (gmm-align-compiled[5.5.1139~1-67548]:main():gmm-align-compiled.cc:127) MPR97
LOG (gmm-align-compiled[5.5.1139~1-67548]:main():gmm-align-compiled.cc:127) MPR98
LOG (gmm-align-compiled[5.5.1139~1-67548]:main():gmm-align-compiled.cc:127) MPR99
LOG (gmm-align-compiled[5.5.1139~1-67548]:main():gmm-align-compiled.cc:127) MRA1
LOG (gmm-align-compiled[5.5.1139~1-67548]:main():gmm-align-compiled.cc:127) MRA10
LOG (gmm-align-compiled[5.5.1139~1-67548]:main():gmm-align-compiled.cc:127) MRA100
LOG (gmm-align-compiled[5.5.1139~1-67548]:main():gmm-align-compiled.cc:127) MRA101
LOG (gmm-align-compiled[5.5.1139~1-67548]:main():gmm-align-compiled.cc:127) MRA102
LOG (gmm-align-compiled[5.5.1139~1-67548]:main():gmm-align-compiled.cc:127) MRA103
LOG (gmm-align-compiled[5.5.1139~1-67548]:main():gmm-align-compiled.cc:127) MRA104
LOG (gmm-align-compiled[5.5.1139~1-67548]:main():gmm-align-compiled.cc:127) MRA105
LOG (gmm-align-compiled[5.5.1139~1-67548]:main():gmm-align-compiled.cc:127) MRA106
LOG (gmm-align-compiled[5.5.1139~1-67548]:main():gmm-align-compiled.cc:127) MRA107
LOG (gmm-align-compiled[5.5.1139~1-67548]:main():gmm-align-compiled.cc:127) MRA108
LOG (gmm-align-compiled[5.5.1139~1-67548]:main():gmm-align-compiled.cc:127) MRA109
LOG (gmm-align-compiled[5.5.1139~1-67548]:main():gmm-align-compiled.cc:127) MRA11
LOG (gmm-align-compiled[5.5.1139~1-67548]:main():gmm-align-compiled.cc:127) MRA110
LOG (gmm-align-compiled[5.5.1139~1-67548]:main():gmm-align-compiled.cc:127) MRA111
LOG (gmm-align-compiled[5.5.1139~1-67548]:main():gmm-align-compiled.cc:127) MRA112
LOG (gmm-align-compiled[5.5.1139~1-67548]:main():gmm-align-compiled.cc:127) MRA113
LOG (gmm-align-compiled[5.5.1139~1-67548]:main():gmm-align-compiled.cc:127) MRA114
LOG (gmm-align-compiled[5.5.1139~1-67548]:main():gmm-align-compiled.cc:127) MRA115
LOG (gmm-align-compiled[5.5.1139~1-67548]:main():gmm-align-compiled.cc:127) MRA116
LOG (gmm-align-compiled[5.5.1139~1-67548]:main():gmm-align-compiled.cc:127) MRA117
LOG (gmm-align-compiled[5.5.1139~1-67548]:main():gmm-align-compiled.cc:127) MRA118
LOG (gmm-align-compiled[5.5.1139~1-67548]:main():gmm-align-compiled.cc:127) MRA119
LOG (gmm-align-compiled[5.5.1139~1-67548]:main():gmm-align-compiled.cc:127) MRA12
LOG (gmm-align-compiled[5.5.1139~1-67548]:main():gmm-align-compiled.cc:127) MRA120
LOG (gmm-align-compiled[5.5.1139~1-67548]:main():gmm-align-compiled.cc:127) MRA121
LOG (gmm-align-compiled[5.5.1139~1-67548]:main():gmm-align-compiled.cc:127) MRA122
LOG (gmm-align-compiled[5.5.1139~1-67548]:main():gmm-align-compiled.cc:127) MRA123
LOG (gmm-align-compiled[5.5.1139~1-67548]:main():gmm-align-compiled.cc:127) MRA124
LOG (gmm-align-compiled[5.5.1139~1-67548]:main():gmm-align-compiled.cc:127) MRA125
LOG (gmm-align-compiled[5.5.1139~1-67548]:main():gmm-align-compiled.cc:127) MRA126
LOG (gmm-align-compiled[5.5.1139~1-67548]:main():gmm-align-compiled.cc:127) MRA127
LOG (gmm-align-compiled[5.5.1139~1-67548]:main():gmm-align-compiled.cc:127) MRA128
LOG (gmm-align-compiled[5.5.1139~1-67548]:main():gmm-align-compiled.cc:127) MRA129
LOG (gmm-align-compiled[5.5.1139~1-67548]:main():gmm-align-compiled.cc:127) MRA13
LOG (gmm-align-compiled[5.5.1139~1-67548]:main():gmm-align-compiled.cc:127) MRA130
LOG (gmm-align-compiled[5.5.1139~1-67548]:main():gmm-align-compiled.cc:127) MRA131
LOG (gmm-align-compiled[5.5.1139~1-67548]:main():gmm-align-compiled.cc:127) MRA132
LOG (gmm-align-compiled[5.5.1139~1-67548]:main():gmm-align-compiled.cc:127) MRA133
LOG (gmm-align-compiled[5.5.1139~1-67548]:main():gmm-align-compiled.cc:127) MRA134
LOG (gmm-align-compiled[5.5.1139~1-67548]:main():gmm-align-compiled.cc:127) MRA135
LOG (gmm-align-compiled[5.5.1139~1-67548]:main():gmm-align-compiled.cc:127) MRA136
LOG (gmm-align-compiled[5.5.1139~1-67548]:main():gmm-align-compiled.cc:127) MRA137
LOG (gmm-align-compiled[5.5.1139~1-67548]:main():gmm-align-compiled.cc:127) MRA138
LOG (gmm-align-compiled[5.5.1139~1-67548]:main():gmm-align-compiled.cc:127) MRA139
LOG (gmm-align-compiled[5.5.1139~1-67548]:main():gmm-align-compiled.cc:127) MRA14
LOG (gmm-align-compiled[5.5.1139~1-67548]:main():gmm-align-compiled.cc:127) MRA140
LOG (gmm-align-compiled[5.5.1139~1-67548]:main():gmm-align-compiled.cc:127) MRA141
LOG (gmm-align-compiled[5.5.1139~1-67548]:main():gmm-align-compiled.cc:127) MRA142
LOG (gmm-align-compiled[5.5.1139~1-67548]:main():gmm-align-compiled.cc:127) MRA143
LOG (gmm-align-compiled[5.5.1139~1-67548]:main():gmm-align-compiled.cc:127) MRA144
LOG (gmm-align-compiled[5.5.1139~1-67548]:main():gmm-align-compiled.cc:127) MRA145
LOG (gmm-align-compiled[5.5.1139~1-67548]:main():gmm-align-compiled.cc:127) MRA146
LOG (gmm-align-compiled[5.5.1139~1-67548]:main():gmm-align-compiled.cc:127) MRA147
LOG (gmm-align-compiled[5.5.1139~1-67548]:main():gmm-align-compiled.cc:127) MRA148
LOG (gmm-align-compiled[5.5.1139~1-67548]:main():gmm-align-compiled.cc:127) MRA149
LOG (gmm-align-compiled[5.5.1139~1-67548]:main():gmm-align-compiled.cc:127) MRA15
LOG (gmm-align-compiled[5.5.1139~1-67548]:main():gmm-align-compiled.cc:127) MRA150
LOG (gmm-align-compiled[5.5.1139~1-67548]:main():gmm-align-compiled.cc:127) MRA151
LOG (gmm-align-compiled[5.5.1139~1-67548]:main():gmm-align-compiled.cc:127) MRA152
LOG (gmm-align-compiled[5.5.1139~1-67548]:main():gmm-align-compiled.cc:127) MRA153
LOG (gmm-align-compiled[5.5.1139~1-67548]:main():gmm-align-compiled.cc:127) MRA154
LOG (gmm-align-compiled[5.5.1139~1-67548]:main():gmm-align-compiled.cc:127) MRA155
LOG (gmm-align-compiled[5.5.1139~1-67548]:main():gmm-align-compiled.cc:127) MRA156
LOG (gmm-align-compiled[5.5.1139~1-67548]:main():gmm-align-compiled.cc:127) MRA157
LOG (gmm-align-compiled[5.5.1139~1-67548]:main():gmm-align-compiled.cc:127) MRA158
LOG (gmm-align-compiled[5.5.1139~1-67548]:main():gmm-align-compiled.cc:127) MRA159
LOG (gmm-align-compiled[5.5.1139~1-67548]:main():gmm-align-compiled.cc:127) MRA16
LOG (gmm-align-compiled[5.5.1139~1-67548]:main():gmm-align-compiled.cc:127) MRA160
LOG (gmm-align-compiled[5.5.1139~1-67548]:main():gmm-align-compiled.cc:127) MRA161
LOG (gmm-align-compiled[5.5.1139~1-67548]:main():gmm-align-compiled.cc:127) MRA162
LOG (gmm-align-compiled[5.5.1139~1-67548]:main():gmm-align-compiled.cc:127) MRA163
LOG (gmm-align-compiled[5.5.1139~1-67548]:main():gmm-align-compiled.cc:127) MRA164
LOG (gmm-align-compiled[5.5.1139~1-67548]:main():gmm-align-compiled.cc:127) MRA165
LOG (gmm-align-compiled[5.5.1139~1-67548]:main():gmm-align-compiled.cc:127) MRA166
LOG (gmm-align-compiled[5.5.1139~1-67548]:main():gmm-align-compiled.cc:127) MRA167
LOG (gmm-align-compiled[5.5.1139~1-67548]:main():gmm-align-compiled.cc:127) MRA168
LOG (gmm-align-compiled[5.5.1139~1-67548]:main():gmm-align-compiled.cc:127) MRA169
LOG (gmm-align-compiled[5.5.1139~1-67548]:main():gmm-align-compiled.cc:127) MRA17
LOG (gmm-align-compiled[5.5.1139~1-67548]:main():gmm-align-compiled.cc:127) MRA170
LOG (gmm-align-compiled[5.5.1139~1-67548]:main():gmm-align-compiled.cc:127) MRA171
LOG (gmm-align-compiled[5.5.1139~1-67548]:main():gmm-align-compiled.cc:127) MRA172
LOG (gmm-align-compiled[5.5.1139~1-67548]:main():gmm-align-compiled.cc:127) MRA173
LOG (gmm-align-compiled[5.5.1139~1-67548]:main():gmm-align-compiled.cc:127) MRA174
LOG (gmm-align-compiled[5.5.1139~1-67548]:main():gmm-align-compiled.cc:127) MRA175
LOG (gmm-align-compiled[5.5.1139~1-67548]:main():gmm-align-compiled.cc:127) MRA176
LOG (gmm-align-compiled[5.5.1139~1-67548]:main():gmm-align-compiled.cc:127) MRA177
LOG (gmm-align-compiled[5.5.1139~1-67548]:main():gmm-align-compiled.cc:127) MRA178
LOG (gmm-align-compiled[5.5.1139~1-67548]:main():gmm-align-compiled.cc:127) MRA179
LOG (gmm-align-compiled[5.5.1139~1-67548]:main():gmm-align-compiled.cc:127) MRA18
LOG (gmm-align-compiled[5.5.1139~1-67548]:main():gmm-align-compiled.cc:127) MRA180
LOG (gmm-align-compiled[5.5.1139~1-67548]:main():gmm-align-compiled.cc:127) MRA181
LOG (gmm-align-compiled[5.5.1139~1-67548]:main():gmm-align-compiled.cc:127) MRA182
LOG (gmm-align-compiled[5.5.1139~1-67548]:main():gmm-align-compiled.cc:127) MRA183
LOG (gmm-align-compiled[5.5.1139~1-67548]:main():gmm-align-compiled.cc:127) MRA184
LOG (gmm-align-compiled[5.5.1139~1-67548]:main():gmm-align-compiled.cc:127) MRA185
LOG (gmm-align-compiled[5.5.1139~1-67548]:main():gmm-align-compiled.cc:127) MRA186
LOG (gmm-align-compiled[5.5.1139~1-67548]:main():gmm-align-compiled.cc:127) MRA187
LOG (gmm-align-compiled[5.5.1139~1-67548]:main():gmm-align-compiled.cc:127) MRA188
LOG (gmm-align-compiled[5.5.1139~1-67548]:main():gmm-align-compiled.cc:127) MRA189
LOG (gmm-align-compiled[5.5.1139~1-67548]:main():gmm-align-compiled.cc:127) MRA19
LOG (gmm-align-compiled[5.5.1139~1-67548]:main():gmm-align-compiled.cc:127) MRA190
LOG (gmm-align-compiled[5.5.1139~1-67548]:main():gmm-align-compiled.cc:127) MRA191
LOG (gmm-align-compiled[5.5.1139~1-67548]:main():gmm-align-compiled.cc:127) MRA192
LOG (gmm-align-compiled[5.5.1139~1-67548]:main():gmm-align-compiled.cc:127) MRA193
LOG (gmm-align-compiled[5.5.1139~1-67548]:main():gmm-align-compiled.cc:127) MRA194
LOG (gmm-align-compiled[5.5.1139~1-67548]:main():gmm-align-compiled.cc:127) MRA195
LOG (gmm-align-compiled[5.5.1139~1-67548]:main():gmm-align-compiled.cc:127) MRA196
LOG (gmm-align-compiled[5.5.1139~1-67548]:main():gmm-align-compiled.cc:127) MRA197
LOG (gmm-align-compiled[5.5.1139~1-67548]:main():gmm-align-compiled.cc:127) MRA198
LOG (gmm-align-compiled[5.5.1139~1-67548]:main():gmm-align-compiled.cc:127) MRA199
LOG (gmm-align-compiled[5.5.1139~1-67548]:main():gmm-align-compiled.cc:127) MRA2
LOG (gmm-align-compiled[5.5.1139~1-67548]:main():gmm-align-compiled.cc:127) MRA20
LOG (gmm-align-compiled[5.5.1139~1-67548]:main():gmm-align-compiled.cc:127) MRA200
LOG (gmm-align-compiled[5.5.1139~1-67548]:main():gmm-align-compiled.cc:127) MRA201
LOG (gmm-align-compiled[5.5.1139~1-67548]:main():gmm-align-compiled.cc:127) MRA202
LOG (gmm-align-compiled[5.5.1139~1-67548]:main():gmm-align-compiled.cc:127) MRA203
LOG (gmm-align-compiled[5.5.1139~1-67548]:main():gmm-align-compiled.cc:127) MRA204
LOG (gmm-align-compiled[5.5.1139~1-67548]:main():gmm-align-compiled.cc:127) MRA205
LOG (gmm-align-compiled[5.5.1139~1-67548]:main():gmm-align-compiled.cc:127) MRA206
LOG (gmm-align-compiled[5.5.1139~1-67548]:main():gmm-align-compiled.cc:127) MRA207
LOG (gmm-align-compiled[5.5.1139~1-67548]:main():gmm-align-compiled.cc:127) MRA208
LOG (gmm-align-compiled[5.5.1139~1-67548]:main():gmm-align-compiled.cc:127) MRA209
LOG (gmm-align-compiled[5.5.1139~1-67548]:main():gmm-align-compiled.cc:127) MRA21
LOG (gmm-align-compiled[5.5.1139~1-67548]:main():gmm-align-compiled.cc:127) MRA210
LOG (gmm-align-compiled[5.5.1139~1-67548]:main():gmm-align-compiled.cc:127) MRA211
LOG (gmm-align-compiled[5.5.1139~1-67548]:main():gmm-align-compiled.cc:127) MRA212
LOG (gmm-align-compiled[5.5.1139~1-67548]:main():gmm-align-compiled.cc:127) MRA213
LOG (gmm-align-compiled[5.5.1139~1-67548]:main():gmm-align-compiled.cc:127) MRA214
LOG (gmm-align-compiled[5.5.1139~1-67548]:main():gmm-align-compiled.cc:127) MRA215
LOG (gmm-align-compiled[5.5.1139~1-67548]:main():gmm-align-compiled.cc:127) MRA216
LOG (gmm-align-compiled[5.5.1139~1-67548]:main():gmm-align-compiled.cc:127) MRA217
LOG (gmm-align-compiled[5.5.1139~1-67548]:main():gmm-align-compiled.cc:127) MRA218
LOG (gmm-align-compiled[5.5.1139~1-67548]:main():gmm-align-compiled.cc:127) MRA219
LOG (gmm-align-compiled[5.5.1139~1-67548]:main():gmm-align-compiled.cc:127) MRA22
LOG (gmm-align-compiled[5.5.1139~1-67548]:main():gmm-align-compiled.cc:127) MRA220
LOG (gmm-align-compiled[5.5.1139~1-67548]:main():gmm-align-compiled.cc:127) MRA221
LOG (gmm-align-compiled[5.5.1139~1-67548]:main():gmm-align-compiled.cc:127) MRA222
LOG (gmm-align-compiled[5.5.1139~1-67548]:main():gmm-align-compiled.cc:127) MRA223
LOG (gmm-align-compiled[5.5.1139~1-67548]:main():gmm-align-compiled.cc:127) MRA224
LOG (gmm-align-compiled[5.5.1139~1-67548]:main():gmm-align-compiled.cc:127) MRA225
LOG (gmm-align-compiled[5.5.1139~1-67548]:main():gmm-align-compiled.cc:127) MRA226
LOG (gmm-align-compiled[5.5.1139~1-67548]:main():gmm-align-compiled.cc:127) MRA227
LOG (gmm-align-compiled[5.5.1139~1-67548]:main():gmm-align-compiled.cc:127) MRA228
LOG (gmm-align-compiled[5.5.1139~1-67548]:main():gmm-align-compiled.cc:127) MRA229
LOG (gmm-align-compiled[5.5.1139~1-67548]:main():gmm-align-compiled.cc:127) MRA23
LOG (gmm-align-compiled[5.5.1139~1-67548]:main():gmm-align-compiled.cc:127) MRA230
LOG (gmm-align-compiled[5.5.1139~1-67548]:main():gmm-align-compiled.cc:127) MRA231
LOG (gmm-align-compiled[5.5.1139~1-67548]:main():gmm-align-compiled.cc:127) MRA232
LOG (gmm-align-compiled[5.5.1139~1-67548]:main():gmm-align-compiled.cc:127) MRA233
LOG (gmm-align-compiled[5.5.1139~1-67548]:main():gmm-align-compiled.cc:127) MRA234
LOG (gmm-align-compiled[5.5.1139~1-67548]:main():gmm-align-compiled.cc:127) MRA235
LOG (gmm-align-compiled[5.5.1139~1-67548]:main():gmm-align-compiled.cc:127) MRA236
LOG (gmm-align-compiled[5.5.1139~1-67548]:main():gmm-align-compiled.cc:127) MRA237
LOG (gmm-align-compiled[5.5.1139~1-67548]:main():gmm-align-compiled.cc:127) MRA238
LOG (gmm-align-compiled[5.5.1139~1-67548]:main():gmm-align-compiled.cc:127) MRA239
LOG (gmm-align-compiled[5.5.1139~1-67548]:main():gmm-align-compiled.cc:127) MRA24
LOG (gmm-align-compiled[5.5.1139~1-67548]:main():gmm-align-compiled.cc:127) MRA240
LOG (gmm-align-compiled[5.5.1139~1-67548]:main():gmm-align-compiled.cc:127) MRA241
LOG (gmm-align-compiled[5.5.1139~1-67548]:main():gmm-align-compiled.cc:127) MRA242
LOG (gmm-align-compiled[5.5.1139~1-67548]:main():gmm-align-compiled.cc:127) MRA243
LOG (gmm-align-compiled[5.5.1139~1-67548]:main():gmm-align-compiled.cc:127) MRA244
LOG (gmm-align-compiled[5.5.1139~1-67548]:main():gmm-align-compiled.cc:127) MRA245
LOG (gmm-align-compiled[5.5.1139~1-67548]:main():gmm-align-compiled.cc:127) MRA246
LOG (gmm-align-compiled[5.5.1139~1-67548]:main():gmm-align-compiled.cc:127) MRA247
LOG (gmm-align-compiled[5.5.1139~1-67548]:main():gmm-align-compiled.cc:127) MRA248
LOG (gmm-align-compiled[5.5.1139~1-67548]:main():gmm-align-compiled.cc:127) MRA249
LOG (gmm-align-compiled[5.5.1139~1-67548]:main():gmm-align-compiled.cc:127) MRA25
LOG (gmm-align-compiled[5.5.1139~1-67548]:main():gmm-align-compiled.cc:127) MRA250
LOG (gmm-align-compiled[5.5.1139~1-67548]:main():gmm-align-compiled.cc:127) MRA251
LOG (gmm-align-compiled[5.5.1139~1-67548]:main():gmm-align-compiled.cc:127) MRA252
LOG (gmm-align-compiled[5.5.1139~1-67548]:main():gmm-align-compiled.cc:127) MRA253
LOG (gmm-align-compiled[5.5.1139~1-67548]:main():gmm-align-compiled.cc:127) MRA254
LOG (gmm-align-compiled[5.5.1139~1-67548]:main():gmm-align-compiled.cc:127) MRA255
LOG (gmm-align-compiled[5.5.1139~1-67548]:main():gmm-align-compiled.cc:127) MRA256
LOG (gmm-align-compiled[5.5.1139~1-67548]:main():gmm-align-compiled.cc:127) MRA257
LOG (gmm-align-compiled[5.5.1139~1-67548]:main():gmm-align-compiled.cc:127) MRA258
LOG (gmm-align-compiled[5.5.1139~1-67548]:main():gmm-align-compiled.cc:127) MRA259
LOG (gmm-align-compiled[5.5.1139~1-67548]:main():gmm-align-compiled.cc:127) MRA26
LOG (gmm-align-compiled[5.5.1139~1-67548]:main():gmm-align-compiled.cc:127) MRA260
LOG (gmm-align-compiled[5.5.1139~1-67548]:main():gmm-align-compiled.cc:127) MRA261
LOG (gmm-align-compiled[5.5.1139~1-67548]:main():gmm-align-compiled.cc:127) MRA262
LOG (gmm-align-compiled[5.5.1139~1-67548]:main():gmm-align-compiled.cc:127) MRA263
LOG (gmm-align-compiled[5.5.1139~1-67548]:main():gmm-align-compiled.cc:127) MRA264
LOG (gmm-align-compiled[5.5.1139~1-67548]:main():gmm-align-compiled.cc:127) MRA265
LOG (gmm-align-compiled[5.5.1139~1-67548]:main():gmm-align-compiled.cc:127) MRA266
LOG (gmm-align-compiled[5.5.1139~1-67548]:main():gmm-align-compiled.cc:127) MRA267
LOG (gmm-align-compiled[5.5.1139~1-67548]:main():gmm-align-compiled.cc:127) MRA268
LOG (gmm-align-compiled[5.5.1139~1-67548]:main():gmm-align-compiled.cc:127) MRA269
LOG (gmm-align-compiled[5.5.1139~1-67548]:main():gmm-align-compiled.cc:127) MRA27
LOG (gmm-align-compiled[5.5.1139~1-67548]:main():gmm-align-compiled.cc:127) MRA270
LOG (gmm-align-compiled[5.5.1139~1-67548]:main():gmm-align-compiled.cc:127) MRA271
LOG (gmm-align-compiled[5.5.1139~1-67548]:main():gmm-align-compiled.cc:127) MRA272
LOG (gmm-align-compiled[5.5.1139~1-67548]:main():gmm-align-compiled.cc:127) MRA273
LOG (gmm-align-compiled[5.5.1139~1-67548]:main():gmm-align-compiled.cc:127) MRA274
LOG (gmm-align-compiled[5.5.1139~1-67548]:main():gmm-align-compiled.cc:127) MRA275
LOG (gmm-align-compiled[5.5.1139~1-67548]:main():gmm-align-compiled.cc:127) MRA276
LOG (gmm-align-compiled[5.5.1139~1-67548]:main():gmm-align-compiled.cc:127) MRA277
LOG (gmm-align-compiled[5.5.1139~1-67548]:main():gmm-align-compiled.cc:127) MRA278
LOG (gmm-align-compiled[5.5.1139~1-67548]:main():gmm-align-compiled.cc:127) MRA279
LOG (gmm-align-compiled[5.5.1139~1-67548]:main():gmm-align-compiled.cc:127) MRA28
LOG (gmm-align-compiled[5.5.1139~1-67548]:main():gmm-align-compiled.cc:127) MRA280
LOG (gmm-align-compiled[5.5.1139~1-67548]:main():gmm-align-compiled.cc:127) MRA281
LOG (gmm-align-compiled[5.5.1139~1-67548]:main():gmm-align-compiled.cc:127) MRA282
LOG (gmm-align-compiled[5.5.1139~1-67548]:main():gmm-align-compiled.cc:127) MRA283
LOG (gmm-align-compiled[5.5.1139~1-67548]:main():gmm-align-compiled.cc:127) MRA284
LOG (gmm-align-compiled[5.5.1139~1-67548]:main():gmm-align-compiled.cc:127) MRA285
LOG (gmm-align-compiled[5.5.1139~1-67548]:main():gmm-align-compiled.cc:127) MRA286
LOG (gmm-align-compiled[5.5.1139~1-67548]:main():gmm-align-compiled.cc:127) MRA287
LOG (gmm-align-compiled[5.5.1139~1-67548]:main():gmm-align-compiled.cc:127) MRA288
LOG (gmm-align-compiled[5.5.1139~1-67548]:main():gmm-align-compiled.cc:127) MRA289
LOG (gmm-align-compiled[5.5.1139~1-67548]:main():gmm-align-compiled.cc:127) MRA29
LOG (gmm-align-compiled[5.5.1139~1-67548]:main():gmm-align-compiled.cc:127) MRA290
LOG (gmm-align-compiled[5.5.1139~1-67548]:main():gmm-align-compiled.cc:127) MRA291
LOG (gmm-align-compiled[5.5.1139~1-67548]:main():gmm-align-compiled.cc:127) MRA292
LOG (gmm-align-compiled[5.5.1139~1-67548]:main():gmm-align-compiled.cc:127) MRA3
LOG (gmm-align-compiled[5.5.1139~1-67548]:main():gmm-align-compiled.cc:127) MRA30
LOG (gmm-align-compiled[5.5.1139~1-67548]:main():gmm-align-compiled.cc:127) MRA31
LOG (gmm-align-compiled[5.5.1139~1-67548]:main():gmm-align-compiled.cc:127) MRA32
LOG (gmm-align-compiled[5.5.1139~1-67548]:main():gmm-align-compiled.cc:127) MRA33
LOG (gmm-align-compiled[5.5.1139~1-67548]:main():gmm-align-compiled.cc:127) MRA34
LOG (gmm-align-compiled[5.5.1139~1-67548]:main():gmm-align-compiled.cc:127) MRA35
LOG (gmm-align-compiled[5.5.1139~1-67548]:main():gmm-align-compiled.cc:127) MRA36
LOG (gmm-align-compiled[5.5.1139~1-67548]:main():gmm-align-compiled.cc:127) MRA37
LOG (gmm-align-compiled[5.5.1139~1-67548]:main():gmm-align-compiled.cc:127) MRA38
LOG (gmm-align-compiled[5.5.1139~1-67548]:main():gmm-align-compiled.cc:127) MRA39
LOG (gmm-align-compiled[5.5.1139~1-67548]:main():gmm-align-compiled.cc:127) MRA4
LOG (gmm-align-compiled[5.5.1139~1-67548]:main():gmm-align-compiled.cc:127) MRA40
LOG (gmm-align-compiled[5.5.1139~1-67548]:main():gmm-align-compiled.cc:127) MRA41
LOG (gmm-align-compiled[5.5.1139~1-67548]:main():gmm-align-compiled.cc:127) MRA42
LOG (gmm-align-compiled[5.5.1139~1-67548]:main():gmm-align-compiled.cc:127) MRA43
LOG (gmm-align-compiled[5.5.1139~1-67548]:main():gmm-align-compiled.cc:127) MRA44
LOG (gmm-align-compiled[5.5.1139~1-67548]:main():gmm-align-compiled.cc:127) MRA45
LOG (gmm-align-compiled[5.5.1139~1-67548]:main():gmm-align-compiled.cc:127) MRA46
LOG (gmm-align-compiled[5.5.1139~1-67548]:main():gmm-align-compiled.cc:127) MRA47
LOG (gmm-align-compiled[5.5.1139~1-67548]:main():gmm-align-compiled.cc:127) MRA48
LOG (gmm-align-compiled[5.5.1139~1-67548]:main():gmm-align-compiled.cc:127) MRA49
LOG (gmm-align-compiled[5.5.1139~1-67548]:main():gmm-align-compiled.cc:127) MRA5
LOG (gmm-align-compiled[5.5.1139~1-67548]:main():gmm-align-compiled.cc:127) MRA50
LOG (gmm-align-compiled[5.5.1139~1-67548]:main():gmm-align-compiled.cc:127) MRA51
LOG (gmm-align-compiled[5.5.1139~1-67548]:main():gmm-align-compiled.cc:127) MRA52
LOG (gmm-align-compiled[5.5.1139~1-67548]:main():gmm-align-compiled.cc:127) MRA53
LOG (gmm-align-compiled[5.5.1139~1-67548]:main():gmm-align-compiled.cc:127) MRA54
LOG (gmm-align-compiled[5.5.1139~1-67548]:main():gmm-align-compiled.cc:127) MRA55
LOG (gmm-align-compiled[5.5.1139~1-67548]:main():gmm-align-compiled.cc:127) MRA56
LOG (gmm-align-compiled[5.5.1139~1-67548]:main():gmm-align-compiled.cc:127) MRA57
LOG (gmm-align-compiled[5.5.1139~1-67548]:main():gmm-align-compiled.cc:127) MRA58
LOG (gmm-align-compiled[5.5.1139~1-67548]:main():gmm-align-compiled.cc:127) MRA59
LOG (gmm-align-compiled[5.5.1139~1-67548]:main():gmm-align-compiled.cc:127) MRA6
LOG (gmm-align-compiled[5.5.1139~1-67548]:main():gmm-align-compiled.cc:127) MRA60
LOG (gmm-align-compiled[5.5.1139~1-67548]:main():gmm-align-compiled.cc:127) MRA61
LOG (gmm-align-compiled[5.5.1139~1-67548]:main():gmm-align-compiled.cc:127) MRA62
LOG (gmm-align-compiled[5.5.1139~1-67548]:main():gmm-align-compiled.cc:127) MRA63
LOG (gmm-align-compiled[5.5.1139~1-67548]:main():gmm-align-compiled.cc:127) MRA64
LOG (gmm-align-compiled[5.5.1139~1-67548]:main():gmm-align-compiled.cc:127) MRA65
LOG (gmm-align-compiled[5.5.1139~1-67548]:main():gmm-align-compiled.cc:127) MRA66
LOG (gmm-align-compiled[5.5.1139~1-67548]:main():gmm-align-compiled.cc:127) MRA67
LOG (gmm-align-compiled[5.5.1139~1-67548]:main():gmm-align-compiled.cc:127) MRA68
LOG (gmm-align-compiled[5.5.1139~1-67548]:main():gmm-align-compiled.cc:127) MRA69
LOG (gmm-align-compiled[5.5.1139~1-67548]:main():gmm-align-compiled.cc:127) MRA7
LOG (gmm-align-compiled[5.5.1139~1-67548]:main():gmm-align-compiled.cc:127) MRA70
LOG (gmm-align-compiled[5.5.1139~1-67548]:main():gmm-align-compiled.cc:127) MRA71
LOG (gmm-align-compiled[5.5.1139~1-67548]:main():gmm-align-compiled.cc:127) MRA72
LOG (gmm-align-compiled[5.5.1139~1-67548]:main():gmm-align-compiled.cc:127) MRA73
LOG (gmm-align-compiled[5.5.1139~1-67548]:main():gmm-align-compiled.cc:127) MRA74
LOG (gmm-align-compiled[5.5.1139~1-67548]:main():gmm-align-compiled.cc:127) MRA75
LOG (gmm-align-compiled[5.5.1139~1-67548]:main():gmm-align-compiled.cc:127) MRA76
LOG (gmm-align-compiled[5.5.1139~1-67548]:main():gmm-align-compiled.cc:127) MRA77
LOG (gmm-align-compiled[5.5.1139~1-67548]:main():gmm-align-compiled.cc:127) MRA78
LOG (gmm-align-compiled[5.5.1139~1-67548]:main():gmm-align-compiled.cc:127) MRA79
LOG (gmm-align-compiled[5.5.1139~1-67548]:main():gmm-align-compiled.cc:127) MRA8
LOG (gmm-align-compiled[5.5.1139~1-67548]:main():gmm-align-compiled.cc:127) MRA80
LOG (gmm-align-compiled[5.5.1139~1-67548]:main():gmm-align-compiled.cc:127) MRA81
LOG (gmm-align-compiled[5.5.1139~1-67548]:main():gmm-align-compiled.cc:127) MRA82
LOG (gmm-align-compiled[5.5.1139~1-67548]:main():gmm-align-compiled.cc:127) MRA83
LOG (gmm-align-compiled[5.5.1139~1-67548]:main():gmm-align-compiled.cc:127) MRA84
LOG (gmm-align-compiled[5.5.1139~1-67548]:main():gmm-align-compiled.cc:127) MRA85
LOG (gmm-align-compiled[5.5.1139~1-67548]:main():gmm-align-compiled.cc:127) MRA86
LOG (gmm-align-compiled[5.5.1139~1-67548]:main():gmm-align-compiled.cc:127) MRA87
LOG (gmm-align-compiled[5.5.1139~1-67548]:main():gmm-align-compiled.cc:127) MRA88
LOG (gmm-align-compiled[5.5.1139~1-67548]:main():gmm-align-compiled.cc:127) MRA89
LOG (gmm-align-compiled[5.5.1139~1-67548]:main():gmm-align-compiled.cc:127) MRA9
LOG (gmm-align-compiled[5.5.1139~1-67548]:main():gmm-align-compiled.cc:127) MRA90
LOG (gmm-align-compiled[5.5.1139~1-67548]:main():gmm-align-compiled.cc:127) MRA91
LOG (gmm-align-compiled[5.5.1139~1-67548]:main():gmm-align-compiled.cc:127) MRA92
LOG (apply-cmvn[5.5.1139~1-67548]:main():apply-cmvn.cc:162) Applied cepstral mean normalization to 876 utterances, errors on 0
LOG (gmm-align-compiled[5.5.1139~1-67548]:main():gmm-align-compiled.cc:127) MRA93
LOG (gmm-align-compiled[5.5.1139~1-67548]:main():gmm-align-compiled.cc:127) MRA94
LOG (gmm-align-compiled[5.5.1139~1-67548]:main():gmm-align-compiled.cc:127) MRA95
LOG (gmm-align-compiled[5.5.1139~1-67548]:main():gmm-align-compiled.cc:127) MRA96
LOG (gmm-align-compiled[5.5.1139~1-67548]:main():gmm-align-compiled.cc:127) MRA97
LOG (gmm-align-compiled[5.5.1139~1-67548]:main():gmm-align-compiled.cc:127) MRA98
LOG (gmm-align-compiled[5.5.1139~1-67548]:main():gmm-align-compiled.cc:127) MRA99
LOG (gmm-align-compiled[5.5.1139~1-67548]:main():gmm-align-compiled.cc:135) Overall log-likelihood per frame is -82.8052 over 192148 frames.
LOG (gmm-align-compiled[5.5.1139~1-67548]:main():gmm-align-compiled.cc:137) Retried 1 out of 876 utterances.
LOG (gmm-align-compiled[5.5.1139~1-67548]:main():gmm-align-compiled.cc:139) Done 876, errors on 0
# Accounting: time=5 threads=1
# Ended (code 0) at Mon Jul  8 09:44:51 IST 2024, elapsed time 5 seconds
