# gmm-init-model --write-occs=exp_FG/tri_8_2000/1.occs exp_FG/tri_8_2000/tree exp_FG/tri_8_2000/treeacc data/lang_bigram/topo exp_FG/tri_8_2000/1.mdl 
# Started at Mon Jul  8 09:43:58 IST 2024
#
gmm-init-model --write-occs=exp_FG/tri_8_2000/1.occs exp_FG/tri_8_2000/tree exp_FG/tri_8_2000/treeacc data/lang_bigram/topo exp_FG/tri_8_2000/1.mdl 
LOG (gmm-init-model[5.5.1139~1-67548]:main():gmm-init-model.cc:271) Number of separate statistics is 6840
WARNING (gmm-init-model[5.5.1139~1-67548]:InitAmGmm():gmm-init-model.cc:83) Very small count for state 8: 71; corresponding phone list: 34 35 36 37 
WARNING (gmm-init-model[5.5.1139~1-67548]:InitAmGmm():gmm-init-model.cc:83) Very small count for state 11: 62; corresponding phone list: 46 47 48 49 
WARNING (gmm-init-model[5.5.1139~1-67548]:InitAmGmm():gmm-init-model.cc:83) Very small count for state 14: 42; corresponding phone list: 58 59 60 61 
WARNING (gmm-init-model[5.5.1139~1-67548]:InitAmGmm():gmm-init-model.cc:83) Very small count for state 17: 90; corresponding phone list: 70 71 72 73 
WARNING (gmm-init-model[5.5.1139~1-67548]:InitAmGmm():gmm-init-model.cc:83) Very small count for state 19: 93; corresponding phone list: 78 79 80 81 
WARNING (gmm-init-model[5.5.1139~1-67548]:InitAmGmm():gmm-init-model.cc:83) Very small count for state 31: 61; corresponding phone list: 126 
WARNING (gmm-init-model[5.5.1139~1-67548]:InitAmGmm():gmm-init-model.cc:83) Very small count for state 34: 96; corresponding phone list: 138 139 140 141 
WARNING (gmm-init-model[5.5.1139~1-67548]:InitAmGmm():gmm-init-model.cc:83) Very small count for state 35: 62; corresponding phone list: 142 143 144 145 
WARNING (gmm-init-model[5.5.1139~1-67548]:InitAmGmm():gmm-init-model.cc:83) Very small count for state 38: 48; corresponding phone list: 154 155 156 157 
WARNING (gmm-init-model[5.5.1139~1-67548]:InitAmGmm():gmm-init-model.cc:83) Very small count for state 53: 63; corresponding phone list: 42 43 44 45 
WARNING (gmm-init-model[5.5.1139~1-67548]:InitAmGmm():gmm-init-model.cc:83) Very small count for state 58: 36; corresponding phone list: 110 111 112 113 
WARNING (gmm-init-model[5.5.1139~1-67548]:InitAmGmm():gmm-init-model.cc:83) Very small count for state 81: 55; corresponding phone list: 134 135 136 137 
WARNING (gmm-init-model[5.5.1139~1-67548]:InitAmGmm():gmm-init-model.cc:83) Very small count for state 83: 74; corresponding phone list: 34 35 36 37 
WARNING (gmm-init-model[5.5.1139~1-67548]:InitAmGmm():gmm-init-model.cc:83) Very small count for state 89: 94; corresponding phone list: 46 47 48 49 
WARNING (gmm-init-model[5.5.1139~1-67548]:InitAmGmm():gmm-init-model.cc:83) Very small count for state 91: 51; corresponding phone list: 138 139 140 141 
WARNING (gmm-init-model[5.5.1139~1-67548]:InitAmGmm():gmm-init-model.cc:83) Very small count for state 92: 55; corresponding phone list: 102 103 104 105 
WARNING (gmm-init-model[5.5.1139~1-67548]:InitAmGmm():gmm-init-model.cc:83) Very small count for state 94: 24; corresponding phone list: 114 115 116 117 
WARNING (gmm-init-model[5.5.1139~1-67548]:InitAmGmm():gmm-init-model.cc:83) Very small count for state 102: 74; corresponding phone list: 98 99 100 101 
WARNING (gmm-init-model[5.5.1139~1-67548]:InitAmGmm():gmm-init-model.cc:83) Very small count for state 125: 90; corresponding phone list: 58 59 60 61 
WARNING (gmm-init-model[5.5.1139~1-67548]:InitAmGmm():gmm-init-model.cc:83) Very small count for state 134: 64; corresponding phone list: 78 79 80 81 
WARNING (gmm-init-model[5.5.1139~1-67548]:InitAmGmm():gmm-init-model.cc:83) Very small count for state 135: 85; corresponding phone list: 6 7 8 9 
WARNING (gmm-init-model[5.5.1139~1-67548]:InitAmGmm():gmm-init-model.cc:83) Very small count for state 137: 69; corresponding phone list: 154 155 156 157 
WARNING (gmm-init-model[5.5.1139~1-67548]:InitAmGmm():gmm-init-model.cc:83) Very small count for state 138: 50; corresponding phone list: 54 56 57 
WARNING (gmm-init-model[5.5.1139~1-67548]:InitAmGmm():gmm-init-model.cc:83) Very small count for state 144: 59; corresponding phone list: 6 7 8 9 
WARNING (gmm-init-model[5.5.1139~1-67548]:InitAmGmm():gmm-init-model.cc:83) Very small count for state 152: 44; corresponding phone list: 82 83 84 85 
WARNING (gmm-init-model[5.5.1139~1-67548]:InitAmGmm():gmm-init-model.cc:83) Very small count for state 160: 77; corresponding phone list: 42 43 44 45 
WARNING (gmm-init-model[5.5.1139~1-67548]:InitAmGmm():gmm-init-model.cc:83) Very small count for state 174: 96; corresponding phone list: 142 143 144 145 
WARNING (gmm-init-model[5.5.1139~1-67548]:InitAmGmm():gmm-init-model.cc:83) Very small count for state 182: 91; corresponding phone list: 38 39 40 41 
WARNING (gmm-init-model[5.5.1139~1-67548]:InitAmGmm():gmm-init-model.cc:83) Very small count for state 184: 47; corresponding phone list: 66 67 68 69 
WARNING (gmm-init-model[5.5.1139~1-67548]:InitAmGmm():gmm-init-model.cc:83) Very small count for state 188: 58; corresponding phone list: 54 55 56 57 
WARNING (gmm-init-model[5.5.1139~1-67548]:InitAmGmm():gmm-init-model.cc:83) Very small count for state 200: 52; corresponding phone list: 22 23 24 25 
WARNING (gmm-init-model[5.5.1139~1-67548]:InitAmGmm():gmm-init-model.cc:83) Very small count for state 206: 35; corresponding phone list: 79 
WARNING (gmm-init-model[5.5.1139~1-67548]:InitAmGmm():gmm-init-model.cc:83) Very small count for state 211: 74; corresponding phone list: 150 151 152 153 
WARNING (gmm-init-model[5.5.1139~1-67548]:InitAmGmm():gmm-init-model.cc:83) Very small count for state 221: 74; corresponding phone list: 14 15 16 17 
WARNING (gmm-init-model[5.5.1139~1-67548]:InitAmGmm():gmm-init-model.cc:83) Very small count for state 236: 82; corresponding phone list: 46 47 48 49 
WARNING (gmm-init-model[5.5.1139~1-67548]:InitAmGmm():gmm-init-model.cc:83) Very small count for state 252: 42; corresponding phone list: 82 83 84 85 
WARNING (gmm-init-model[5.5.1139~1-67548]:InitAmGmm():gmm-init-model.cc:83) Very small count for state 254: 95; corresponding phone list: 50 51 52 53 
WARNING (gmm-init-model[5.5.1139~1-67548]:InitAmGmm():gmm-init-model.cc:83) Very small count for state 255: 63; corresponding phone list: 146 147 148 149 
WARNING (gmm-init-model[5.5.1139~1-67548]:InitAmGmm():gmm-init-model.cc:83) Very small count for state 266: 63; corresponding phone list: 6 7 8 9 
WARNING (gmm-init-model[5.5.1139~1-67548]:InitAmGmm():gmm-init-model.cc:83) Very small count for state 270: 54; corresponding phone list: 130 131 132 133 
WARNING (gmm-init-model[5.5.1139~1-67548]:InitAmGmm():gmm-init-model.cc:83) Very small count for state 276: 63; corresponding phone list: 102 103 104 105 
WARNING (gmm-init-model[5.5.1139~1-67548]:InitAmGmm():gmm-init-model.cc:83) Very small count for state 282: 83; corresponding phone list: 34 35 36 37 
WARNING (gmm-init-model[5.5.1139~1-67548]:InitAmGmm():gmm-init-model.cc:83) Very small count for state 287: 34; corresponding phone list: 78 79 80 81 
WARNING (gmm-init-model[5.5.1139~1-67548]:InitAmGmm():gmm-init-model.cc:83) Very small count for state 291: 70; corresponding phone list: 90 91 92 93 
WARNING (gmm-init-model[5.5.1139~1-67548]:InitAmGmm():gmm-init-model.cc:83) Very small count for state 294: 91; corresponding phone list: 146 147 148 149 
WARNING (gmm-init-model[5.5.1139~1-67548]:InitAmGmm():gmm-init-model.cc:83) Very small count for state 307: 49; corresponding phone list: 118 119 120 121 
WARNING (gmm-init-model[5.5.1139~1-67548]:InitAmGmm():gmm-init-model.cc:83) Very small count for state 310: 66; corresponding phone list: 6 7 8 9 
WARNING (gmm-init-model[5.5.1139~1-67548]:InitAmGmm():gmm-init-model.cc:83) Very small count for state 315: 37; corresponding phone list: 102 103 104 105 
WARNING (gmm-init-model[5.5.1139~1-67548]:InitAmGmm():gmm-init-model.cc:83) Very small count for state 316: 47; corresponding phone list: 58 59 60 61 
WARNING (gmm-init-model[5.5.1139~1-67548]:InitAmGmm():gmm-init-model.cc:83) Very small count for state 333: 94; corresponding phone list: 10 11 12 13 
WARNING (gmm-init-model[5.5.1139~1-67548]:InitAmGmm():gmm-init-model.cc:83) Very small count for state 345: 72; corresponding phone list: 50 51 52 53 
WARNING (gmm-init-model[5.5.1139~1-67548]:InitAmGmm():gmm-init-model.cc:83) Very small count for state 348: 92; corresponding phone list: 138 139 140 141 
WARNING (gmm-init-model[5.5.1139~1-67548]:InitAmGmm():gmm-init-model.cc:83) Very small count for state 359: 66; corresponding phone list: 82 83 84 85 
WARNING (gmm-init-model[5.5.1139~1-67548]:InitAmGmm():gmm-init-model.cc:83) Very small count for state 360: 41; corresponding phone list: 14 15 16 17 
WARNING (gmm-init-model[5.5.1139~1-67548]:InitAmGmm():gmm-init-model.cc:83) Very small count for state 363: 84; corresponding phone list: 6 7 8 9 
WARNING (gmm-init-model[5.5.1139~1-67548]:InitAmGmm():gmm-init-model.cc:83) Very small count for state 367: 84; corresponding phone list: 98 99 100 101 
WARNING (gmm-init-model[5.5.1139~1-67548]:InitAmGmm():gmm-init-model.cc:83) Very small count for state 372: 82; corresponding phone list: 94 95 96 97 
WARNING (gmm-init-model[5.5.1139~1-67548]:InitAmGmm():gmm-init-model.cc:83) Very small count for state 379: 72; corresponding phone list: 86 87 88 89 
WARNING (gmm-init-model[5.5.1139~1-67548]:InitAmGmm():gmm-init-model.cc:83) Very small count for state 382: 98; corresponding phone list: 10 11 12 13 
WARNING (gmm-init-model[5.5.1139~1-67548]:InitAmGmm():gmm-init-model.cc:83) Very small count for state 387: 42; corresponding phone list: 94 95 96 97 
WARNING (gmm-init-model[5.5.1139~1-67548]:InitAmGmm():gmm-init-model.cc:83) Very small count for state 405: 98; corresponding phone list: 114 115 116 117 
WARNING (gmm-init-model[5.5.1139~1-67548]:InitAmGmm():gmm-init-model.cc:83) Very small count for state 422: 81; corresponding phone list: 6 7 8 9 
WARNING (gmm-init-model[5.5.1139~1-67548]:InitAmGmm():gmm-init-model.cc:83) Very small count for state 440: 62; corresponding phone list: 110 111 112 113 
WARNING (gmm-init-model[5.5.1139~1-67548]:InitAmGmm():gmm-init-model.cc:83) Very small count for state 467: 95; corresponding phone list: 70 71 72 73 
WARNING (gmm-init-model[5.5.1139~1-67548]:InitAmGmm():gmm-init-model.cc:83) Very small count for state 477: 63; corresponding phone list: 22 23 24 25 
WARNING (gmm-init-model[5.5.1139~1-67548]:InitAmGmm():gmm-init-model.cc:83) Very small count for state 483: 91; corresponding phone list: 6 7 8 9 
WARNING (gmm-init-model[5.5.1139~1-67548]:InitAmGmm():gmm-init-model.cc:83) Very small count for state 491: 92; corresponding phone list: 150 151 152 153 
WARNING (gmm-init-model[5.5.1139~1-67548]:InitAmGmm():gmm-init-model.cc:83) Very small count for state 492: 44; corresponding phone list: 150 151 152 153 
WARNING (gmm-init-model[5.5.1139~1-67548]:InitAmGmm():gmm-init-model.cc:83) Very small count for state 516: 55; corresponding phone list: 58 59 60 61 
WARNING (gmm-init-model[5.5.1139~1-67548]:InitAmGmm():gmm-init-model.cc:83) Very small count for state 527: 86; corresponding phone list: 19 20 21 
WARNING (gmm-init-model[5.5.1139~1-67548]:InitAmGmm():gmm-init-model.cc:83) Very small count for state 541: 86; corresponding phone list: 15 
WARNING (gmm-init-model[5.5.1139~1-67548]:InitAmGmm():gmm-init-model.cc:83) Very small count for state 545: 92; corresponding phone list: 34 35 36 37 
WARNING (gmm-init-model[5.5.1139~1-67548]:InitAmGmm():gmm-init-model.cc:83) Very small count for state 553: 59; corresponding phone list: 142 143 144 145 
WARNING (gmm-init-model[5.5.1139~1-67548]:InitAmGmm():gmm-init-model.cc:83) Very small count for state 599: 90; corresponding phone list: 102 103 104 105 
WARNING (gmm-init-model[5.5.1139~1-67548]:InitAmGmm():gmm-init-model.cc:83) Very small count for state 604: 19; corresponding phone list: 38 39 40 41 
WARNING (gmm-init-model[5.5.1139~1-67548]:InitAmGmm():gmm-init-model.cc:83) Very small count for state 619: 18; corresponding phone list: 78 79 81 
WARNING (gmm-init-model[5.5.1139~1-67548]:InitAmGmm():gmm-init-model.cc:83) Very small count for state 621: 99; corresponding phone list: 150 151 152 153 
WARNING (gmm-init-model[5.5.1139~1-67548]:InitAmGmm():gmm-init-model.cc:83) Very small count for state 629: 39; corresponding phone list: 142 143 144 145 
WARNING (gmm-init-model[5.5.1139~1-67548]:InitAmGmm():gmm-init-model.cc:83) Very small count for state 638: 78; corresponding phone list: 7 
WARNING (gmm-init-model[5.5.1139~1-67548]:InitAmGmm():gmm-init-model.cc:83) Very small count for state 640: 72; corresponding phone list: 10 11 12 13 
WARNING (gmm-init-model[5.5.1139~1-67548]:InitAmGmm():gmm-init-model.cc:83) Very small count for state 651: 47; corresponding phone list: 42 43 44 45 
WARNING (gmm-init-model[5.5.1139~1-67548]:InitAmGmm():gmm-init-model.cc:83) Very small count for state 653: 69; corresponding phone list: 118 119 120 121 
WARNING (gmm-init-model[5.5.1139~1-67548]:InitAmGmm():gmm-init-model.cc:83) Very small count for state 659: 74; corresponding phone list: 42 43 44 45 
WARNING (gmm-init-model[5.5.1139~1-67548]:InitAmGmm():gmm-init-model.cc:83) Very small count for state 661: 94; corresponding phone list: 58 59 60 61 
WARNING (gmm-init-model[5.5.1139~1-67548]:InitAmGmm():gmm-init-model.cc:83) Very small count for state 674: 99; corresponding phone list: 50 51 52 53 
WARNING (gmm-init-model[5.5.1139~1-67548]:InitAmGmm():gmm-init-model.cc:83) Very small count for state 704: 58; corresponding phone list: 6 7 8 9 
WARNING (gmm-init-model[5.5.1139~1-67548]:InitAmGmm():gmm-init-model.cc:83) Very small count for state 712: 79; corresponding phone list: 54 55 56 57 
WARNING (gmm-init-model[5.5.1139~1-67548]:InitAmGmm():gmm-init-model.cc:83) Very small count for state 758: 60; corresponding phone list: 38 39 40 41 
WARNING (gmm-init-model[5.5.1139~1-67548]:InitAmGmm():gmm-init-model.cc:83) Very small count for state 767: 38; corresponding phone list: 138 139 140 141 
WARNING (gmm-init-model[5.5.1139~1-67548]:InitAmGmm():gmm-init-model.cc:83) Very small count for state 789: 90; corresponding phone list: 10 11 12 13 
WARNING (gmm-init-model[5.5.1139~1-67548]:InitAmGmm():gmm-init-model.cc:83) Very small count for state 793: 61; corresponding phone list: 42 43 44 45 
WARNING (gmm-init-model[5.5.1139~1-67548]:InitAmGmm():gmm-init-model.cc:83) Very small count for state 838: 93; corresponding phone list: 82 83 84 85 
LOG (gmm-init-model[5.5.1139~1-67548]:main():gmm-init-model.cc:306) Wrote model.
# Accounting: time=0 threads=1
# Ended (code 0) at Mon Jul  8 09:43:58 IST 2024, elapsed time 0 seconds
