# gmm-est --mix-up=7040 --power=0.25 --write-occs=exp_FG/tri_8_2000/11.occs exp_FG/tri_8_2000/10.mdl "gmm-sum-accs - exp_FG/tri_8_2000/10.*.acc |" exp_FG/tri_8_2000/11.mdl 
# Started at Mon Jul  8 09:44:17 IST 2024
#
gmm-est --mix-up=7040 --power=0.25 --write-occs=exp_FG/tri_8_2000/11.occs exp_FG/tri_8_2000/10.mdl 'gmm-sum-accs - exp_FG/tri_8_2000/10.*.acc |' exp_FG/tri_8_2000/11.mdl 
gmm-sum-accs - exp_FG/tri_8_2000/10.1.acc exp_FG/tri_8_2000/10.2.acc 
LOG (gmm-sum-accs[5.5.1139~1-67548]:main():gmm-sum-accs.cc:63) Summed 2 stats, total count 502721, avg like/frame -86.2868
LOG (gmm-sum-accs[5.5.1139~1-67548]:main():gmm-sum-accs.cc:66) Total count of stats is 502721
LOG (gmm-sum-accs[5.5.1139~1-67548]:main():gmm-sum-accs.cc:67) Written stats to -
LOG (gmm-est[5.5.1139~1-67548]:MleUpdate():transition-model.cc:528) TransitionModel::Update, objf change is 0.00260358 per frame over 502721 frames. 
LOG (gmm-est[5.5.1139~1-67548]:MleUpdate():transition-model.cc:531) 45 probabilities floored, 2253 out of 3577 transition-states skipped due to insuffient data (it is normal to have some skipped.)
LOG (gmm-est[5.5.1139~1-67548]:main():gmm-est.cc:102) Transition model update: Overall 0.00260358 log-like improvement per frame over 502721 frames.
WARNING (gmm-est[5.5.1139~1-67548]:MleDiagGmmUpdate():mle-diag-gmm.cc:359) Too little data - removing Gaussian (weight 0.238090, occupation count 9.999792, vector size 39)
LOG (gmm-est[5.5.1139~1-67548]:MleAmDiagGmmUpdate():mle-am-diag-gmm.cc:225) 0 variance elements floored in 0 Gaussians, out of 6479
LOG (gmm-est[5.5.1139~1-67548]:MleAmDiagGmmUpdate():mle-am-diag-gmm.cc:229) Removed 1 Gaussians due to counts < --min-gaussian-occupancy=10 and --remove-low-count-gaussians=true
LOG (gmm-est[5.5.1139~1-67548]:main():gmm-est.cc:113) GMM update: Overall 0.30504 objective function improvement per frame over 502721 frames
LOG (gmm-est[5.5.1139~1-67548]:main():gmm-est.cc:116) GMM update: Overall avg like per frame = -86.2868 over 502721 frames.
LOG (gmm-est[5.5.1139~1-67548]:SplitByCount():am-diag-gmm.cc:116) Split 896 states with target = 7040, power = 0.25, perturb_factor = 0.01 and min_count = 20, split #Gauss from 6479 to 7046
LOG (gmm-est[5.5.1139~1-67548]:main():gmm-est.cc:146) Written model to exp_FG/tri_8_2000/11.mdl
# Accounting: time=0 threads=1
# Ended (code 0) at Mon Jul  8 09:44:17 IST 2024, elapsed time 0 seconds
