# gmm-est --mix-up=14320 --power=0.25 --write-occs=exp_FG/tri_8_2000/24.occs exp_FG/tri_8_2000/23.mdl "gmm-sum-accs - exp_FG/tri_8_2000/23.*.acc |" exp_FG/tri_8_2000/24.mdl 
# Started at Mon Jul  8 09:44:37 IST 2024
#
gmm-est --mix-up=14320 --power=0.25 --write-occs=exp_FG/tri_8_2000/24.occs exp_FG/tri_8_2000/23.mdl 'gmm-sum-accs - exp_FG/tri_8_2000/23.*.acc |' exp_FG/tri_8_2000/24.mdl 
gmm-sum-accs - exp_FG/tri_8_2000/23.1.acc exp_FG/tri_8_2000/23.2.acc 
LOG (gmm-sum-accs[5.5.1139~1-67548]:main():gmm-sum-accs.cc:63) Summed 2 stats, total count 502721, avg like/frame -82.8803
LOG (gmm-sum-accs[5.5.1139~1-67548]:main():gmm-sum-accs.cc:66) Total count of stats is 502721
LOG (gmm-sum-accs[5.5.1139~1-67548]:main():gmm-sum-accs.cc:67) Written stats to -
LOG (gmm-est[5.5.1139~1-67548]:MleUpdate():transition-model.cc:528) TransitionModel::Update, objf change is 0 per frame over 502721 frames. 
LOG (gmm-est[5.5.1139~1-67548]:MleUpdate():transition-model.cc:531) 44 probabilities floored, 2253 out of 3577 transition-states skipped due to insuffient data (it is normal to have some skipped.)
LOG (gmm-est[5.5.1139~1-67548]:main():gmm-est.cc:102) Transition model update: Overall 0 log-like improvement per frame over 502721 frames.
WARNING (gmm-est[5.5.1139~1-67548]:MleDiagGmmUpdate():mle-diag-gmm.cc:359) Too little data - removing Gaussian (weight 0.028460, occupation count 9.164111, vector size 39)
WARNING (gmm-est[5.5.1139~1-67548]:MleDiagGmmUpdate():mle-diag-gmm.cc:359) Too little data - removing Gaussian (weight 0.028998, occupation count 9.511442, vector size 39)
WARNING (gmm-est[5.5.1139~1-67548]:MleDiagGmmUpdate():mle-diag-gmm.cc:359) Too little data - removing Gaussian (weight 0.027719, occupation count 9.673908, vector size 39)
WARNING (gmm-est[5.5.1139~1-67548]:MleDiagGmmUpdate():mle-diag-gmm.cc:359) Too little data - removing Gaussian (weight 0.090090, occupation count 10.000000, vector size 39)
WARNING (gmm-est[5.5.1139~1-67548]:MleDiagGmmUpdate():mle-diag-gmm.cc:359) Too little data - removing Gaussian (weight 0.031443, occupation count 7.703508, vector size 39)
WARNING (gmm-est[5.5.1139~1-67548]:MleDiagGmmUpdate():mle-diag-gmm.cc:359) Too little data - removing Gaussian (weight 0.029437, occupation count 9.832032, vector size 39)
WARNING (gmm-est[5.5.1139~1-67548]:MleDiagGmmUpdate():mle-diag-gmm.cc:359) Too little data - removing Gaussian (weight 0.037693, occupation count 9.875696, vector size 39)
WARNING (gmm-est[5.5.1139~1-67548]:MleDiagGmmUpdate():mle-diag-gmm.cc:359) Too little data - removing Gaussian (weight 0.037175, occupation count 9.070753, vector size 39)
WARNING (gmm-est[5.5.1139~1-67548]:MleDiagGmmUpdate():mle-diag-gmm.cc:359) Too little data - removing Gaussian (weight 0.121897, occupation count 9.873680, vector size 39)
WARNING (gmm-est[5.5.1139~1-67548]:MleDiagGmmUpdate():mle-diag-gmm.cc:359) Too little data - removing Gaussian (weight 0.020731, occupation count 7.732580, vector size 39)
WARNING (gmm-est[5.5.1139~1-67548]:MleDiagGmmUpdate():mle-diag-gmm.cc:359) Too little data - removing Gaussian (weight 0.037993, occupation count 9.992093, vector size 39)
WARNING (gmm-est[5.5.1139~1-67548]:MleDiagGmmUpdate():mle-diag-gmm.cc:359) Too little data - removing Gaussian (weight 0.027902, occupation count 9.989021, vector size 39)
WARNING (gmm-est[5.5.1139~1-67548]:MleDiagGmmUpdate():mle-diag-gmm.cc:359) Too little data - removing Gaussian (weight 0.027673, occupation count 9.824059, vector size 39)
LOG (gmm-est[5.5.1139~1-67548]:MleAmDiagGmmUpdate():mle-am-diag-gmm.cc:225) 3 variance elements floored in 3 Gaussians, out of 13773
LOG (gmm-est[5.5.1139~1-67548]:MleAmDiagGmmUpdate():mle-am-diag-gmm.cc:229) Removed 13 Gaussians due to counts < --min-gaussian-occupancy=10 and --remove-low-count-gaussians=true
LOG (gmm-est[5.5.1139~1-67548]:main():gmm-est.cc:113) GMM update: Overall 0.112027 objective function improvement per frame over 502721 frames
LOG (gmm-est[5.5.1139~1-67548]:main():gmm-est.cc:116) GMM update: Overall avg like per frame = -82.8803 over 502721 frames.
LOG (gmm-est[5.5.1139~1-67548]:SplitByCount():am-diag-gmm.cc:116) Split 896 states with target = 14320, power = 0.25, perturb_factor = 0.01 and min_count = 20, split #Gauss from 13773 to 14346
LOG (gmm-est[5.5.1139~1-67548]:main():gmm-est.cc:146) Written model to exp_FG/tri_8_2000/24.mdl
# Accounting: time=0 threads=1
# Ended (code 0) at Mon Jul  8 09:44:37 IST 2024, elapsed time 0 seconds
